[00:00:32][BlockBurnEvent]: a block minecraft:oak_fence[east=false,north=false,south=false,waterlogged=false,west=true] burned on [world;553;16;316]
[00:00:32][BlockBurnEvent]: a block minecraft:oak_fence[east=true,north=false,south=false,waterlogged=false,west=false] burned on [world;555;16;316]
[00:00:34][BlockBurnEvent]: a block minecraft:oak_planks burned on [world;555;17;316]
[00:00:43][BlockBurnEvent]: a block minecraft:oak_fence[east=true,north=false,south=false,waterlogged=false,west=false] burned on [world;555;15;316]
[00:00:55][BlockBurnEvent]: a block minecraft:oak_planks burned on [world;553;17;316]
[00:01:57][BlockBurnEvent]: a block minecraft:oak_fence[east=false,north=false,south=false,waterlogged=false,west=true] burned on [world;1122;46;415]
[00:01:59][BlockBurnEvent]: a block minecraft:oak_fence[east=true,north=false,south=false,waterlogged=false,west=false] burned on [world;1148;20;354]
[00:02:02][BlockBurnEvent]: a block minecraft:oak_planks burned on [world;1148;21;354]
[00:02:15][BlockBurnEvent]: a block minecraft:oak_fence[east=false,north=false,south=false,waterlogged=false,west=true] burned on [world;1122;45;415]
[00:02:18][BlockBurnEvent]: a block minecraft:oak_planks burned on [world;1237;26;300]
[00:02:18][BlockBurnEvent]: a block minecraft:oak_planks burned on [world;1123;47;415]
[00:02:19][BlockBurnEvent]: a block minecraft:oak_planks burned on [world;1147;21;354]
[00:02:19][BlockBurnEvent]: a block minecraft:oak_planks burned on [world;1124;47;415]
[00:02:20][BlockBurnEvent]: a block minecraft:oak_planks burned on [world;1057;17;206]
[00:02:20][BlockBurnEvent]: a block minecraft:oak_planks burned on [world;1236;22;383]
[00:02:20][BlockBurnEvent]: a block minecraft:oak_fence[east=true,north=false,south=false,waterlogged=false,west=false] burned on [world;1124;46;415]
[00:02:23][BlockBurnEvent]: a block minecraft:oak_planks burned on [world;1234;22;383]
[00:02:23][BlockBurnEvent]: a block minecraft:oak_planks burned on [world;1236;23;383]
[00:02:23][BlockBurnEvent]: a block minecraft:oak_fence[east=true,north=false,south=false,waterlogged=false,west=false] burned on [world;1148;19;354]
[00:02:24][BlockBurnEvent]: a block minecraft:oak_planks burned on [world;1056;17;208]
[00:02:25][BlockBurnEvent]: a block minecraft:oak_planks burned on [world;1246;17;408]
[00:02:25][BlockBurnEvent]: a block minecraft:oak_planks burned on [world;1122;47;415]
[00:02:25][BlockBurnEvent]: a block minecraft:oak_planks burned on [world;1057;17;208]
[00:02:26][BlockBurnEvent]: a block minecraft:oak_fence[east=true,north=false,south=false,waterlogged=false,west=false] burned on [world;1124;45;415]
[00:02:27][BlockBurnEvent]: a block minecraft:oak_planks burned on [world;1235;19;392]
[00:02:28][BlockBurnEvent]: a block minecraft:oak_planks burned on [world;1234;23;383]
[00:02:28][BlockBurnEvent]: a block minecraft:oak_fence[east=false,north=false,south=false,waterlogged=false,west=true] burned on [world;1234;18;392]
[00:02:29][BlockBurnEvent]: a block minecraft:oak_planks burned on [world;1237;29;300]
[00:02:30][BlockBurnEvent]: a block minecraft:oak_planks burned on [world;1234;19;392]
[00:02:32][BlockBurnEvent]: a block minecraft:oak_planks burned on [world;1236;23;385]
[00:02:33][BlockBurnEvent]: a block minecraft:oak_fence[east=true,north=false,south=false,waterlogged=false,west=false] burned on [world;1236;18;392]
[00:02:35][BlockBurnEvent]: a block minecraft:oak_fence[east=false,north=false,south=false,waterlogged=false,west=true] burned on [world;1234;17;392]
[00:02:36][BlockBurnEvent]: a block minecraft:oak_planks burned on [world;1246;17;412]
[00:02:36][BlockBurnEvent]: a block minecraft:oak_fence[east=false,north=false,south=false,waterlogged=false,west=true] burned on [world;1146;20;354]
[00:02:37][BlockBurnEvent]: a block minecraft:oak_fence[east=true,north=false,south=false,waterlogged=false,west=false] burned on [world;1236;18;387]
[00:02:38][BlockBurnEvent]: a block minecraft:oak_planks burned on [world;1056;17;207]
[00:02:38][BlockBurnEvent]: a block minecraft:oak_planks burned on [world;1236;19;387]
[00:02:38][BlockBurnEvent]: a block minecraft:oak_planks burned on [world;1233;20;383]
[00:02:39][BlockBurnEvent]: a block minecraft:oak_planks burned on [world;1230;26;229]
[00:02:39][BlockBurnEvent]: a block minecraft:oak_planks burned on [world;1146;21;354]
[00:02:39][BlockBurnEvent]: a block minecraft:oak_planks burned on [world;1245;17;412]
[00:02:39][BlockBurnEvent]: a block minecraft:oak_fence[east=false,north=false,south=false,waterlogged=false,west=true] burned on [world;1245;16;412]
[00:02:39][BlockBurnEvent]: a block minecraft:oak_fence[east=false,north=false,south=false,waterlogged=false,west=true] burned on [world;1146;19;354]
[00:02:41][BlockBurnEvent]: a block minecraft:oak_planks burned on [world;1246;18;408]
[00:02:41][BlockBurnEvent]: a block minecraft:oak_planks burned on [world;1234;20;384]
[00:02:41][BlockBurnEvent]: a block minecraft:oak_planks burned on [world;1234;21;383]
[00:02:41][BlockBurnEvent]: a block minecraft:oak_planks burned on [world;1231;26;230]
[00:02:41][BlockBurnEvent]: a block minecraft:oak_planks burned on [world;1247;17;412]
[00:02:43][BlockBurnEvent]: a block minecraft:oak_planks burned on [world;1231;26;229]
[00:02:46][BlockBurnEvent]: a block minecraft:oak_fence[east=true,north=false,south=false,waterlogged=false,west=false] burned on [world;1236;17;387]
[00:02:46][BlockBurnEvent]: a block minecraft:oak_planks burned on [world;1055;17;207]
[00:02:46][BlockBurnEvent]: a block minecraft:oak_planks burned on [world;1236;19;392]
[00:02:47][BlockBurnEvent]: a block minecraft:oak_planks burned on [world;1236;21;383]
[00:02:48][BlockBurnEvent]: a block minecraft:oak_fence[east=false,north=false,south=false,waterlogged=false,west=true] burned on [world;1245;15;412]
[00:02:53][BlockBurnEvent]: a block minecraft:oak_fence[east=false,north=false,south=true,waterlogged=false,west=false] burned on [world;1106;42;406]
[00:02:54][BlockBurnEvent]: a block minecraft:oak_planks burned on [world;1147;21;359]
[00:02:55][BlockBurnEvent]: a block minecraft:oak_fence[east=true,north=false,south=false,waterlogged=false,west=false] burned on [world;1236;17;392]
[00:03:00][BlockBurnEvent]: a block minecraft:oak_planks burned on [world;1171;40;219]
[00:03:02][BlockBurnEvent]: a block minecraft:oak_planks burned on [world;1236;21;385]
[00:03:02][BlockBurnEvent]: a block minecraft:oak_fence[east=false,north=false,south=false,waterlogged=false,west=true] burned on [world;1171;39;219]
[00:03:03][BlockBurnEvent]: a block minecraft:oak_planks burned on [world;1230;26;228]
[00:03:04][BlockBurnEvent]: a block minecraft:oak_fence[east=false,north=false,south=false,waterlogged=false,west=true] burned on [world;1146;20;359]
[00:03:07][BlockBurnEvent]: a block minecraft:oak_planks burned on [world;1235;20;384]
[00:03:08][BlockBurnEvent]: a block minecraft:oak_planks burned on [world;1230;26;227]
[00:03:08][BlockBurnEvent]: a block minecraft:oak_fence[east=true,north=false,south=false,waterlogged=false,west=false] burned on [world;1247;16;412]
[00:03:10][BlockBurnEvent]: a block minecraft:oak_fence[east=true,north=false,south=false,waterlogged=false,west=false] burned on [world;1148;20;359]
[00:03:10][BlockBurnEvent]: a block minecraft:oak_planks burned on [world;1146;21;359]
[00:03:10][BlockBurnEvent]: a block minecraft:oak_planks burned on [world;1231;26;228]
[00:03:12][BlockBurnEvent]: a block minecraft:oak_planks burned on [world;1233;20;384]
[00:03:12][BlockBurnEvent]: a block minecraft:oak_planks burned on [world;1236;22;385]
[00:03:19][BlockBurnEvent]: a block minecraft:oak_planks burned on [world;1234;22;385]
[00:03:19][BlockBurnEvent]: a block minecraft:oak_fence[east=false,north=false,south=false,waterlogged=false,west=true] burned on [world;1171;38;219]
[00:03:19][BlockBurnEvent]: a block minecraft:oak_planks burned on [world;1237;26;298]
[00:03:20][BlockBurnEvent]: a block minecraft:oak_planks burned on [world;1234;23;385]
[00:03:20][BlockBurnEvent]: a block minecraft:oak_planks burned on [world;1148;21;359]
[00:03:25][BlockBurnEvent]: a block minecraft:oak_planks burned on [world;1173;40;219]
[00:03:27][BlockBurnEvent]: a block minecraft:oak_planks burned on [world;1231;26;227]
[00:03:39][BlockBurnEvent]: a block minecraft:oak_planks burned on [world;1230;26;226]
[00:03:43][BlockBurnEvent]: a block minecraft:oak_fence[east=false,north=false,south=false,waterlogged=false,west=true] burned on [world;1171;43;219]
[00:03:43][BlockBurnEvent]: a block minecraft:oak_planks burned on [world;1173;44;219]
[00:03:44][BlockBurnEvent]: a block minecraft:oak_fence[east=true,north=false,south=false,waterlogged=false,west=false] burned on [world;1173;39;219]
[00:03:49][BlockBurnEvent]: a block minecraft:oak_fence[east=false,north=false,south=false,waterlogged=false,west=true] burned on [world;1146;19;359]
[00:04:10][BlockBurnEvent]: a block minecraft:oak_fence[east=false,north=false,south=false,waterlogged=false,west=true] burned on [world;1171;42;219]
[00:04:22][BlockBurnEvent]: a block minecraft:oak_fence[east=true,north=false,south=false,waterlogged=false,west=false] burned on [world;1173;43;219]
[00:05:00][BlockBurnEvent]: a block minecraft:oak_planks burned on [world;754;17;19]
[00:05:09][BlockBurnEvent]: a block minecraft:oak_planks burned on [world;755;13;-53]
[00:05:09][BlockBurnEvent]: a block minecraft:oak_fence[east=false,north=false,south=true,waterlogged=false,west=false] burned on [world;759;17;15]
[00:05:11][BlockBurnEvent]: a block minecraft:oak_fence[east=false,north=false,south=true,waterlogged=false,west=false] burned on [world;759;16;15]
[00:05:11][BlockBurnEvent]: a block minecraft:oak_planks burned on [world;759;18;15]
[00:05:12][BlockBurnEvent]: a block minecraft:oak_fence[east=true,north=false,south=false,waterlogged=false,west=false] burned on [world;723;8;-52]
[00:05:16][BlockBurnEvent]: a block minecraft:oak_planks burned on [world;723;10;-52]
[00:05:27][BlockBurnEvent]: a block minecraft:oak_planks burned on [world;759;18;14]
[00:05:28][BlockBurnEvent]: a block minecraft:oak_fence[east=false,north=true,south=false,waterlogged=false,west=false] burned on [world;783;16;-28]
[00:05:35][BlockBurnEvent]: a block minecraft:oak_planks burned on [world;755;13;-52]
[00:05:37][BlockBurnEvent]: a block minecraft:oak_fence[east=false,north=true,south=false,waterlogged=false,west=false] burned on [world;783;15;-28]
[00:05:39][BlockBurnEvent]: a block minecraft:oak_fence[east=true,north=false,south=false,waterlogged=false,west=false] burned on [world;757;15;-54]
[00:05:43][BlockBurnEvent]: a block minecraft:oak_fence[east=false,north=false,south=false,waterlogged=false,west=true] burned on [world;553;15;316]
[00:05:44][BlockBurnEvent]: a block minecraft:oak_fence[east=true,north=false,south=false,waterlogged=false,west=false] burned on [world;757;14;-54]
[00:14:23][BlockBurnEvent]: a block minecraft:oak_planks burned on [world;746;19;477]
[00:14:36][BlockBurnEvent]: a block minecraft:oak_fence[east=false,north=false,south=true,waterlogged=false,west=false] burned on [world;746;18;477]
[00:14:53][BlockBurnEvent]: a block minecraft:oak_fence[east=false,north=false,south=true,waterlogged=false,west=false] burned on [world;746;17;477]
[00:14:56][BlockBurnEvent]: a block minecraft:oak_planks burned on [world;746;19;476]
[00:15:06][BlockBurnEvent]: a block minecraft:oak_planks burned on [world;783;17;-28]
[08:04:00][BlockBurnEvent]: a block minecraft:large_fern[half=upper] burned on [world;-442;12;-309]
[10:03:02][BlockBurnEvent]: a block minecraft:oak_planks burned on [world;-1317;20;2259]
[10:06:04][BlockBurnEvent]: a block minecraft:oak_planks burned on [world;-917;15;2277]
[10:06:07][BlockBurnEvent]: a block minecraft:oak_planks burned on [world;-916;15;2277]
[10:06:14][BlockBurnEvent]: a block minecraft:oak_fence[east=false,north=false,south=false,waterlogged=false,west=true] burned on [world;-917;13;2277]
[10:06:16][BlockBurnEvent]: a block minecraft:oak_fence[east=false,north=false,south=false,waterlogged=false,west=true] burned on [world;-917;14;2277]
[10:06:21][BlockBurnEvent]: a block minecraft:oak_fence[east=true,north=false,south=false,waterlogged=false,west=false] burned on [world;-915;14;2277]
[10:23:19][BlockBurnEvent]: a block minecraft:oak_planks burned on [world;-835;42;-959]
[10:23:22][BlockBurnEvent]: a block minecraft:oak_fence[east=false,north=false,south=false,waterlogged=false,west=true] burned on [world;-836;41;-959]
[10:23:26][BlockBurnEvent]: a block minecraft:oak_planks burned on [world;-836;42;-959]
[10:23:28][BlockBurnEvent]: a block minecraft:oak_fence[east=true,north=false,south=false,waterlogged=false,west=false] burned on [world;-834;41;-959]
[10:23:29][BlockBurnEvent]: a block minecraft:oak_fence[east=false,north=false,south=false,waterlogged=false,west=true] burned on [world;-836;40;-964]
[10:23:36][BlockBurnEvent]: a block minecraft:oak_planks burned on [world;-835;42;-964]
[10:23:37][BlockBurnEvent]: a block minecraft:oak_fence[east=false,north=false,south=false,waterlogged=false,west=true] burned on [world;-836;41;-964]
[10:23:41][BlockBurnEvent]: a block minecraft:oak_fence[east=true,north=false,south=false,waterlogged=false,west=false] burned on [world;-834;40;-964]
[10:23:43][BlockBurnEvent]: a block minecraft:oak_fence[east=true,north=false,south=false,waterlogged=false,west=false] burned on [world;-834;41;-964]
[10:23:44][BlockBurnEvent]: a block minecraft:oak_planks burned on [world;-834;42;-964]
[10:23:51][BlockBurnEvent]: a block minecraft:oak_planks burned on [world;-836;42;-964]
[10:23:51][BlockBurnEvent]: a block minecraft:oak_fence[east=true,north=false,south=false,waterlogged=false,west=false] burned on [world;-834;40;-959]
[10:23:53][BlockBurnEvent]: a block minecraft:oak_planks burned on [world;-834;42;-959]
[10:24:30][BlockBurnEvent]: a block minecraft:oak_fence[east=false,north=false,south=false,waterlogged=false,west=true] burned on [world;-836;40;-959]
[10:24:44][BlockBurnEvent]: a block minecraft:oak_planks burned on [world;-1040;40;-1276]
[10:24:46][BlockBurnEvent]: a block minecraft:oak_fence[east=false,north=false,south=false,waterlogged=false,west=true] burned on [world;-1049;37;-1215]
[10:24:46][BlockBurnEvent]: a block minecraft:oak_planks burned on [world;-1040;40;-1278]
[10:24:50][BlockBurnEvent]: a block minecraft:oak_planks burned on [world;-1040;41;-1273]
[10:24:50][BlockBurnEvent]: a block minecraft:oak_planks burned on [world;-1042;45;-1276]
[10:24:51][BlockBurnEvent]: a block minecraft:oak_fence[east=false,north=false,south=false,waterlogged=false,west=true] burned on [world;-1049;36;-1215]
[10:24:51][BlockBurnEvent]: a block minecraft:oak_planks burned on [world;-1040;39;-1276]
[10:24:51][BlockBurnEvent]: a block minecraft:oak_fence[east=false,north=true,south=false,waterlogged=false,west=false] burned on [world;-1031;40;-1273]
[10:24:53][BlockBurnEvent]: a block minecraft:oak_planks burned on [world;-1042;39;-1271]
[10:24:54][BlockBurnEvent]: a block minecraft:oak_planks burned on [world;-1040;41;-1276]
[10:24:54][BlockBurnEvent]: a block minecraft:oak_fence[east=false,north=false,south=true,waterlogged=false,west=false] burned on [world;-1031;40;-1271]
[10:24:55][BlockBurnEvent]: a block minecraft:oak_planks burned on [world;-1040;45;-1278]
[10:24:56][BlockBurnEvent]: a block minecraft:oak_planks burned on [world;-1031;41;-1272]
[10:24:56][BlockBurnEvent]: a block minecraft:oak_planks burned on [world;-1040;40;-1273]
[10:24:57][BlockBurnEvent]: a block minecraft:oak_planks burned on [world;-1042;45;-1278]
[10:24:58][BlockBurnEvent]: a block minecraft:oak_planks burned on [world;-1042;39;-1276]
[10:24:58][BlockBurnEvent]: a block minecraft:oak_planks burned on [world;-1042;42;-1276]
[10:24:58][BlockBurnEvent]: a block minecraft:oak_planks burned on [world;-1042;39;-1278]
[10:24:59][BlockBurnEvent]: a block minecraft:oak_planks burned on [world;-1049;38;-1215]
[10:24:59][BlockBurnEvent]: a block minecraft:oak_planks burned on [world;-1040;39;-1278]
[10:24:59][BlockBurnEvent]: a block minecraft:oak_planks burned on [world;-1040;43;-1276]
[10:24:59][BlockBurnEvent]: a block minecraft:oak_planks burned on [world;-1042;41;-1276]
[10:24:59][BlockBurnEvent]: a block minecraft:oak_planks burned on [world;-1031;41;-1271]
[10:25:00][BlockBurnEvent]: a block minecraft:oak_planks burned on [world;-1042;39;-1273]
[10:25:02][BlockBurnEvent]: a block minecraft:oak_planks burned on [world;-1031;41;-1273]
[10:25:02][BlockBurnEvent]: a block minecraft:oak_planks burned on [world;-1042;44;-1276]
[10:25:03][BlockBurnEvent]: a block minecraft:oak_planks burned on [world;-1040;45;-1276]
[10:25:03][BlockBurnEvent]: a block minecraft:oak_planks burned on [world;-1040;41;-1278]
[10:25:04][BlockBurnEvent]: a block minecraft:oak_planks burned on [world;-1040;42;-1276]
[10:25:05][BlockBurnEvent]: a block minecraft:oak_fence[east=true,north=false,south=false,waterlogged=false,west=false] burned on [world;-1047;37;-1215]
[10:25:07][BlockBurnEvent]: a block minecraft:oak_planks burned on [world;-1042;43;-1276]
[10:25:07][BlockBurnEvent]: a block minecraft:oak_planks burned on [world;-1042;42;-1278]
[10:25:08][BlockBurnEvent]: a block minecraft:oak_planks burned on [world;-1048;38;-1215]
[10:25:08][BlockBurnEvent]: a block minecraft:oak_planks burned on [world;-1042;41;-1278]
[10:25:09][BlockBurnEvent]: a block minecraft:oak_planks burned on [world;-1042;40;-1278]
[10:25:09][BlockBurnEvent]: a block minecraft:oak_planks burned on [world;-1042;41;-1273]
[10:25:11][BlockBurnEvent]: a block minecraft:oak_fence[east=false,north=true,south=false,waterlogged=false,west=false] burned on [world;-1031;39;-1273]
[10:25:11][BlockBurnEvent]: a block minecraft:oak_planks burned on [world;-1040;42;-1278]
[10:25:12][BlockBurnEvent]: a block minecraft:oak_planks burned on [world;-1040;44;-1276]
[10:25:13][BlockBurnEvent]: a block minecraft:oak_planks burned on [world;-1042;44;-1278]
[10:25:19][BlockBurnEvent]: a block minecraft:oak_planks burned on [world;-1042;40;-1273]
[10:25:19][BlockBurnEvent]: a block minecraft:oak_fence[east=false,north=false,south=true,waterlogged=false,west=false] burned on [world;-1031;39;-1271]
[10:25:22][BlockBurnEvent]: a block minecraft:oak_planks burned on [world;-1040;44;-1278]
[10:25:23][BlockBurnEvent]: a block minecraft:oak_planks burned on [world;-1040;39;-1271]
[10:25:23][BlockBurnEvent]: a block minecraft:oak_planks burned on [world;-1047;38;-1215]
[10:25:25][BlockBurnEvent]: a block minecraft:oak_planks burned on [world;-1040;39;-1273]
[10:25:25][BlockBurnEvent]: a block minecraft:oak_planks burned on [world;-1042;40;-1271]
[10:25:28][BlockBurnEvent]: a block minecraft:oak_planks burned on [world;-1042;40;-1276]
[10:25:30][BlockBurnEvent]: a block minecraft:oak_fence[east=true,north=false,south=false,waterlogged=false,west=false] burned on [world;-1047;36;-1215]
[10:25:32][BlockBurnEvent]: a block minecraft:oak_planks burned on [world;-1040;43;-1278]
[10:25:33][BlockBurnEvent]: a block minecraft:oak_planks burned on [world;-1042;41;-1271]
[10:25:40][BlockBurnEvent]: a block minecraft:oak_planks burned on [world;-1040;41;-1271]
[10:25:43][BlockBurnEvent]: a block minecraft:oak_planks burned on [world;-1040;40;-1271]
[19:27:52][BlockBurnEvent]: a block minecraft:birch_leaves[distance=2,persistent=false] burned on [world;-382;88;1043]
[19:27:53][BlockBurnEvent]: a block minecraft:birch_leaves[distance=2,persistent=false] burned on [world;-382;88;1045]
[19:27:56][BlockBurnEvent]: a block minecraft:birch_leaves[distance=1,persistent=false] burned on [world;-382;87;1045]
[19:34:08][BlockBurnEvent]: a block minecraft:oak_planks burned on [world;-1;27;1447]
[19:34:10][BlockBurnEvent]: a block minecraft:oak_fence[east=false,north=true,south=false,waterlogged=false,west=false] burned on [world;28;29;1333]
[19:34:10][BlockBurnEvent]: a block minecraft:oak_planks burned on [world;-8;33;1446]
[19:34:10][BlockBurnEvent]: a block minecraft:oak_planks burned on [world;-8;30;1450]
[19:34:11][BlockBurnEvent]: a block minecraft:oak_planks burned on [world;-6;30;1450]
[19:34:11][BlockBurnEvent]: a block minecraft:oak_planks burned on [world;-3;27;1447]
[19:34:12][BlockBurnEvent]: a block minecraft:oak_planks burned on [world;40;40;1330]
[19:34:13][BlockBurnEvent]: a block minecraft:oak_planks burned on [world;-6;33;1449]
[19:35:32][BlockBurnEvent]: a block minecraft:oak_planks burned on [world;439;36;761]
[19:37:49][BlockBurnEvent]: a block minecraft:oak_fence[east=false,north=false,south=false,waterlogged=false,west=true] burned on [world;755;14;-54]
[19:37:56][BlockBurnEvent]: a block minecraft:oak_planks burned on [world;756;16;-54]
[19:38:01][BlockBurnEvent]: a block minecraft:oak_fence[east=false,north=false,south=false,waterlogged=false,west=true] burned on [world;755;15;-54]
[19:38:01][BlockBurnEvent]: a block minecraft:oak_planks burned on [world;757;16;-54]
[19:38:01][BlockBurnEvent]: a block minecraft:oak_planks burned on [world;755;16;-54]
[19:38:06][BlockBurnEvent]: a block minecraft:oak_fence[east=false,north=true,south=false,waterlogged=false,west=false] burned on [world;759;17;13]
[19:38:16][BlockBurnEvent]: a block minecraft:oak_planks burned on [world;759;18;13]
[19:38:17][BlockBurnEvent]: a block minecraft:oak_fence[east=false,north=true,south=false,waterlogged=false,west=false] burned on [world;759;16;13]
[19:39:44][BlockBurnEvent]: a block minecraft:oak_planks burned on [world;746;19;475]
[19:39:48][BlockBurnEvent]: a block minecraft:oak_fence[east=false,north=true,south=false,waterlogged=false,west=false] burned on [world;746;18;475]
[19:48:37][BlockBurnEvent]: a block minecraft:oak_fence[east=true,north=false,south=true,waterlogged=false,west=false] burned on [world;-7;27;-1897]
[19:48:46][BlockBurnEvent]: a block minecraft:oak_planks burned on [world;-97;23;-1939]
[19:48:53][BlockBurnEvent]: a block minecraft:oak_planks burned on [world;-93;22;-1938]
[19:48:58][BlockBurnEvent]: a block minecraft:oak_planks burned on [world;-93;23;-1938]
[19:49:01][BlockBurnEvent]: a block minecraft:oak_planks burned on [world;-175;23;-1907]
[19:49:01][BlockBurnEvent]: a block minecraft:oak_fence[east=false,north=true,south=false,waterlogged=false,west=false] burned on [world;-139;31;-2150]
[19:49:02][BlockBurnEvent]: a block minecraft:oak_planks burned on [world;-93;24;-1938]
[19:49:02][BlockBurnEvent]: a block minecraft:oak_fence[east=false,north=true,south=false,waterlogged=false,west=false] burned on [world;-170;22;-1908]
[19:49:03][BlockBurnEvent]: a block minecraft:oak_fence[east=false,north=true,south=false,waterlogged=false,west=false] burned on [world;-134;31;-2150]
[19:49:08][BlockBurnEvent]: a block minecraft:oak_planks burned on [world;-312;27;-2110]
[19:49:08][BlockBurnEvent]: a block minecraft:oak_fence[east=false,north=false,south=true,waterlogged=false,west=false] burned on [world;-134;31;-2148]
[19:49:09][BlockBurnEvent]: a block minecraft:oak_fence[east=false,north=true,south=false,waterlogged=false,west=false] burned on [world;-134;30;-2150]
[19:49:09][BlockBurnEvent]: a block minecraft:oak_fence[east=false,north=true,south=false,waterlogged=false,west=false] burned on [world;-170;21;-1908]
[19:49:12][BlockBurnEvent]: a block minecraft:oak_planks burned on [world;-169;23;-1906]
[19:49:15][BlockBurnEvent]: a block minecraft:oak_fence[east=false,north=false,south=false,waterlogged=false,west=true] burned on [world;-313;26;-2110]
[19:49:17][BlockBurnEvent]: a block minecraft:oak_planks burned on [world;-170;23;-1906]
[19:49:17][BlockBurnEvent]: a block minecraft:oak_planks burned on [world;-175;23;-1908]
[19:49:18][BlockBurnEvent]: a block minecraft:oak_planks burned on [world;-170;23;-1907]
[19:49:19][BlockBurnEvent]: a block minecraft:oak_fence[east=false,north=false,south=true,waterlogged=false,west=false] burned on [world;-170;22;-1906]
[19:49:20][BlockBurnEvent]: a block minecraft:oak_planks burned on [world;-170;23;-1908]
[19:49:20][BlockBurnEvent]: a block minecraft:oak_fence[east=false,north=false,south=false,waterlogged=false,west=true] burned on [world;-171;24;-1908]
[19:49:20][BlockBurnEvent]: a block minecraft:oak_fence[east=false,north=false,south=true,waterlogged=false,west=false] burned on [world;-170;21;-1906]
[19:49:22][BlockBurnEvent]: a block minecraft:oak_fence[east=true,north=false,south=false,waterlogged=false,west=false] burned on [world;-169;24;-1908]
[19:49:22][BlockBurnEvent]: a block minecraft:oak_fence[east=false,north=false,south=true,waterlogged=false,west=false] burned on [world;-175;21;-1906]
[19:49:23][BlockBurnEvent]: a block minecraft:oak_planks burned on [world;-175;23;-1906]
[19:49:23][BlockBurnEvent]: a block minecraft:oak_fence[east=false,north=true,south=false,waterlogged=false,west=false] burned on [world;-175;22;-1908]
[19:49:25][BlockBurnEvent]: a block minecraft:oak_fence[east=false,north=false,south=false,waterlogged=false,west=true] burned on [world;-171;25;-1908]
[19:49:25][BlockBurnEvent]: a block minecraft:oak_planks burned on [world;-225;44;-1772]
[19:49:25][BlockBurnEvent]: a block minecraft:oak_fence[east=true,north=false,south=false,waterlogged=false,west=false] burned on [world;-169;25;-1908]
[19:49:27][BlockBurnEvent]: a block minecraft:oak_fence[east=false,north=true,south=false,waterlogged=false,west=false] burned on [world;-175;21;-1908]
[19:49:29][BlockBurnEvent]: a block minecraft:oak_planks burned on [world;-169;26;-1908]
[19:49:32][BlockBurnEvent]: a block minecraft:oak_fence[east=false,north=false,south=false,waterlogged=false,west=false] burned on [world;-175;22;-1906]
[19:49:33][BlockBurnEvent]: a block minecraft:oak_planks burned on [world;-435;37;-1920]
[19:49:35][BlockBurnEvent]: a block minecraft:oak_planks burned on [world;-171;23;-1907]
[19:49:35][BlockBurnEvent]: a block minecraft:oak_fence[east=false,north=true,south=false,waterlogged=false,west=false] burned on [world;-225;42;-1772]
[19:49:36][BlockBurnEvent]: a block minecraft:oak_planks burned on [world;-257;29;-1758]
[19:49:36][BlockBurnEvent]: a block minecraft:oak_planks burned on [world;-258;32;-1757]
[19:49:37][BlockBurnEvent]: a block minecraft:oak_planks burned on [world;-434;40;-1920]
[19:49:39][BlockBurnEvent]: a block minecraft:oak_fence[east=true,north=false,south=false,waterlogged=false,west=false] burned on [world;-434;38;-1920]
[19:49:41][BlockBurnEvent]: a block minecraft:oak_planks burned on [world;-434;37;-1921]
[19:49:42][BlockBurnEvent]: a block minecraft:oak_planks burned on [world;-171;23;-1906]
[19:49:43][BlockBurnEvent]: a block minecraft:oak_planks burned on [world;-256;32;-1758]
[19:49:44][BlockBurnEvent]: a block minecraft:oak_planks burned on [world;-434;40;-1915]
[19:49:44][BlockBurnEvent]: a block minecraft:oak_planks burned on [world;-435;37;-1921]
[19:49:45][BlockBurnEvent]: a block minecraft:oak_planks burned on [world;-171;26;-1908]
[19:49:45][BlockBurnEvent]: a block minecraft:oak_fence[east=false,north=false,south=false,waterlogged=false,west=true] burned on [world;-436;39;-1920]
[19:49:45][BlockBurnEvent]: a block minecraft:oak_fence[east=true,north=false,south=false,waterlogged=false,west=false] burned on [world;-434;39;-1920]
[19:49:46][BlockBurnEvent]: a block minecraft:oak_fence[east=false,north=false,south=false,waterlogged=false,west=true] burned on [world;-436;38;-1920]
[19:49:46][BlockBurnEvent]: a block minecraft:oak_fence[east=true,north=false,south=false,waterlogged=false,west=false] burned on [world;-434;39;-1915]
[19:49:47][BlockBurnEvent]: a block minecraft:oak_planks burned on [world;-435;40;-1920]
[19:49:49][BlockBurnEvent]: a block minecraft:oak_planks burned on [world;-170;26;-1908]
[19:49:53][BlockBurnEvent]: a block minecraft:oak_fence[east=false,north=false,south=true,waterlogged=false,west=false] burned on [world;-352;26;-2073]
[19:49:53][BlockBurnEvent]: a block minecraft:oak_planks burned on [world;-257;32;-1757]
[19:49:54][BlockBurnEvent]: a block minecraft:oak_planks burned on [world;-257;32;-1759]
[19:49:55][BlockBurnEvent]: a block minecraft:oak_planks burned on [world;-256;29;-1758]
[19:50:00][BlockBurnEvent]: a block minecraft:oak_planks burned on [world;-436;37;-1920]
[19:50:02][BlockBurnEvent]: a block minecraft:oak_planks burned on [world;-434;37;-1920]
[19:50:04][BlockBurnEvent]: a block minecraft:oak_planks burned on [world;-435;40;-1915]
[19:50:05][BlockBurnEvent]: a block minecraft:oak_planks burned on [world;-256;32;-1759]
[19:50:06][BlockBurnEvent]: a block minecraft:oak_planks burned on [world;-454;41;-1933]
[19:50:07][BlockBurnEvent]: a block minecraft:oak_planks burned on [world;-256;29;-1759]
[19:50:09][BlockBurnEvent]: a block minecraft:oak_planks burned on [world;-450;41;-1932]
[19:50:11][BlockBurnEvent]: a block minecraft:oak_planks burned on [world;-450;41;-1934]
[19:50:13][BlockBurnEvent]: a block minecraft:oak_planks burned on [world;-450;37;-1935]
[19:50:17][BlockBurnEvent]: a block minecraft:oak_planks burned on [world;-449;37;-1935]
[19:50:21][BlockBurnEvent]: a block minecraft:oak_planks burned on [world;-436;37;-1919]
[19:50:23][BlockBurnEvent]: a block minecraft:oak_fence[east=true,north=false,south=false,waterlogged=false,west=false] burned on [world;-434;38;-1915]
[19:50:23][BlockBurnEvent]: a block minecraft:oak_planks burned on [world;-255;29;-1759]
[19:50:24][BlockBurnEvent]: a block minecraft:oak_planks burned on [world;-352;27;-2073]
[19:50:24][BlockBurnEvent]: a block minecraft:oak_planks burned on [world;-436;37;-1921]
[19:50:26][BlockBurnEvent]: a block minecraft:oak_planks burned on [world;-258;32;-1759]
[19:50:26][BlockBurnEvent]: a block minecraft:oak_fence[east=false,north=false,south=false,waterlogged=false,west=true] burned on [world;-436;39;-1915]
[19:50:30][BlockBurnEvent]: a block minecraft:oak_planks burned on [world;-257;29;-1759]
[19:50:30][BlockBurnEvent]: a block minecraft:oak_planks burned on [world;-435;37;-1919]
[19:50:30][BlockBurnEvent]: a block minecraft:oak_planks burned on [world;-253;30;-1760]
[19:50:32][BlockBurnEvent]: a block minecraft:oak_planks burned on [world;-436;40;-1920]
[19:50:34][BlockBurnEvent]: a block minecraft:oak_fence[east=false,north=false,south=false,waterlogged=false,west=false] burned on [world;-435;39;-1912]
[19:50:34][BlockBurnEvent]: a block minecraft:oak_planks burned on [world;-449;37;-1934]
[19:50:37][BlockBurnEvent]: a block minecraft:oak_planks burned on [world;-257;32;-1758]
[19:50:38][BlockBurnEvent]: a block minecraft:oak_planks burned on [world;-255;29;-1758]
[19:50:51][BlockBurnEvent]: a block minecraft:oak_planks burned on [world;-450;37;-1936]
[19:50:56][BlockBurnEvent]: a block minecraft:oak_planks burned on [world;-255;32;-1760]
[19:50:59][BlockBurnEvent]: a block minecraft:oak_planks burned on [world;-453;41;-1932]
[19:51:05][BlockBurnEvent]: a block minecraft:oak_planks burned on [world;-450;37;-1934]
[19:51:05][BlockBurnEvent]: a block minecraft:oak_planks burned on [world;-453;41;-1933]
[19:51:05][BlockBurnEvent]: a block minecraft:oak_planks burned on [world;-256;32;-1760]
[19:51:06][BlockBurnEvent]: a block minecraft:oak_planks burned on [world;-453;41;-1934]
[19:51:10][BlockBurnEvent]: a block minecraft:oak_planks burned on [world;-256;32;-1761]
[19:51:11][BlockBurnEvent]: a block minecraft:oak_planks burned on [world;-450;41;-1933]
[19:51:14][BlockBurnEvent]: a block minecraft:oak_planks burned on [world;-454;41;-1932]
[19:51:15][BlockBurnEvent]: a block minecraft:oak_planks burned on [world;-455;41;-1933]
[19:51:15][BlockBurnEvent]: a block minecraft:oak_planks burned on [world;-352;27;-2074]
[19:51:20][BlockBurnEvent]: a block minecraft:oak_planks burned on [world;-454;41;-1934]
[19:51:27][BlockBurnEvent]: a block minecraft:oak_planks burned on [world;-352;27;-2075]
[19:51:34][BlockBurnEvent]: a block minecraft:oak_planks burned on [world;-455;41;-1934]
[19:51:38][BlockBurnEvent]: a block minecraft:oak_planks burned on [world;-455;41;-1932]
[19:52:05][BlockBurnEvent]: a block minecraft:oak_fence[east=false,north=false,south=true,waterlogged=false,west=false] burned on [world;-352;25;-2073]
[19:52:38][BlockBurnEvent]: a block minecraft:oak_planks burned on [world;-450;40;-1930]
[19:52:46][BlockBurnEvent]: a block minecraft:oak_planks burned on [world;-436;40;-1915]
[19:52:48][BlockBurnEvent]: a block minecraft:oak_planks burned on [world;-313;24;-2111]
[19:52:50][BlockBurnEvent]: a block minecraft:oak_fence[east=false,north=false,south=false,waterlogged=false,west=true] burned on [world;-313;25;-2110]
[19:52:51][BlockBurnEvent]: a block minecraft:oak_planks burned on [world;-313;27;-2110]
[19:52:52][BlockBurnEvent]: a block minecraft:oak_planks burned on [world;-313;24;-2112]
[19:52:57][BlockBurnEvent]: a block minecraft:oak_fence[east=true,north=false,south=false,waterlogged=false,west=false] burned on [world;-311;26;-2110]
[19:52:59][BlockBurnEvent]: a block minecraft:oak_planks burned on [world;-311;27;-2110]
[19:54:44][BlockBurnEvent]: a block minecraft:oak_planks burned on [world;-448;39;-1930]
[19:54:47][BlockBurnEvent]: a block minecraft:oak_planks burned on [world;-450;39;-1930]
[19:54:55][BlockBurnEvent]: a block minecraft:oak_planks burned on [world;-448;38;-1930]
[19:54:59][BlockBurnEvent]: a block minecraft:oak_planks burned on [world;-448;40;-1930]
[19:55:02][BlockBurnEvent]: a block minecraft:oak_planks burned on [world;-448;39;-1928]
[19:55:07][BlockBurnEvent]: a block minecraft:oak_planks burned on [world;-448;38;-1928]
[19:55:13][BlockBurnEvent]: a block minecraft:oak_planks burned on [world;-450;38;-1928]
[19:55:14][BlockBurnEvent]: a block minecraft:oak_planks burned on [world;-448;40;-1928]
[19:55:23][BlockBurnEvent]: a block minecraft:oak_planks burned on [world;-450;38;-1930]
[19:55:23][BlockBurnEvent]: a block minecraft:oak_planks burned on [world;-450;39;-1928]
[20:01:01][BlockBurnEvent]: a block minecraft:oak_planks burned on [world;-311;24;-2112]
[20:01:04][BlockBurnEvent]: a block minecraft:oak_planks burned on [world;-312;24;-2111]
[20:01:06][BlockBurnEvent]: a block minecraft:oak_planks burned on [world;-312;24;-2112]
[20:01:14][BlockBurnEvent]: a block minecraft:oak_fence[east=false,north=false,south=false,waterlogged=false,west=true] burned on [world;-502;18;-2343]
[20:01:16][BlockBurnEvent]: a block minecraft:oak_planks burned on [world;-483;14;-2408]
[20:01:17][BlockBurnEvent]: a block minecraft:oak_fence[east=true,north=false,south=false,waterlogged=false,west=false] burned on [world;-510;12;-2410]
[20:01:20][BlockBurnEvent]: a block minecraft:oak_fence[east=false,north=true,south=false,waterlogged=false,west=false] burned on [world;-483;13;-2410]
[20:01:20][BlockBurnEvent]: a block minecraft:oak_fence[east=false,north=false,south=false,waterlogged=false,west=false] burned on [world;-383;22;-2420]
[20:01:21][BlockBurnEvent]: a block minecraft:oak_planks burned on [world;-397;36;-2442]
[20:01:22][BlockBurnEvent]: a block minecraft:oak_planks burned on [world;-515;13;-2409]
[20:01:22][BlockBurnEvent]: a block minecraft:oak_fence[east=false,north=false,south=false,waterlogged=false,west=true] burned on [world;-502;17;-2343]
[20:01:23][BlockBurnEvent]: a block minecraft:oak_planks burned on [world;-502;19;-2343]
[20:01:23][BlockBurnEvent]: a block minecraft:oak_fence[east=false,north=true,south=false,waterlogged=false,west=false] burned on [world;-346;32;-2438]
[20:01:23][BlockBurnEvent]: a block minecraft:oak_planks burned on [world;-483;14;-2410]
[20:01:24][BlockBurnEvent]: a block minecraft:oak_planks burned on [world;-511;13;-2410]
[20:01:24][BlockBurnEvent]: a block minecraft:oak_planks burned on [world;-515;12;-2411]
[20:01:24][BlockBurnEvent]: a block minecraft:oak_fence[east=false,north=false,south=true,waterlogged=false,west=false] burned on [world;-483;13;-2408]
[20:01:24][BlockBurnEvent]: a block minecraft:oak_fence[east=false,north=false,south=false,waterlogged=false,west=true] burned on [world;-379;23;-2429]
[20:01:25][BlockBurnEvent]: a block minecraft:oak_fence[east=true,north=false,south=false,waterlogged=false,west=false] burned on [world;-500;18;-2338]
[20:01:25][BlockBurnEvent]: a block minecraft:oak_planks burned on [world;-515;13;-2411]
[20:01:27][BlockBurnEvent]: a block minecraft:oak_planks burned on [world;-510;13;-2410]
[20:01:29][BlockBurnEvent]: a block minecraft:oak_planks burned on [world;-397;36;-2447]
[20:01:29][BlockBurnEvent]: a block minecraft:oak_planks burned on [world;-383;24;-2420]
[20:01:29][BlockBurnEvent]: a block minecraft:oak_planks burned on [world;-378;24;-2429]
[20:01:38][BlockBurnEvent]: a block minecraft:oak_fence[east=false,north=true,south=false,waterlogged=false,west=false] burned on [world;-352;33;-2733]
[20:01:42][BlockBurnEvent]: a block minecraft:oak_fence[east=false,north=true,south=false,waterlogged=false,west=false] burned on [world;-352;32;-2733]
[20:01:51][BlockBurnEvent]: a block minecraft:oak_fence[east=true,north=false,south=false,waterlogged=false,west=false] burned on [world;-358;10;-3011]
[20:02:02][BlockBurnEvent]: a block minecraft:oak_planks burned on [world;-410;14;-3002]
[20:02:07][BlockBurnEvent]: a block minecraft:oak_fence[east=true,north=false,south=false,waterlogged=false,west=false] burned on [world;-358;9;-3011]
[20:02:11][BlockBurnEvent]: a block minecraft:oak_planks burned on [world;-388;26;-3068]
[20:02:11][BlockBurnEvent]: a block minecraft:oak_planks burned on [world;-408;26;-3081]
[20:02:14][BlockBurnEvent]: a block minecraft:oak_fence[east=false,north=false,south=false,waterlogged=false,west=false] burned on [world;-393;9;-3007]
[20:02:14][BlockBurnEvent]: a block minecraft:oak_planks burned on [world;-358;11;-3011]
[20:02:14][BlockBurnEvent]: a block minecraft:oak_fence[east=false,north=false,south=true,waterlogged=false,west=false] burned on [world;-408;25;-3080]
[20:02:15][BlockBurnEvent]: a block minecraft:oak_fence[east=false,north=false,south=false,waterlogged=false,west=true] burned on [world;-412;13;-3007]
[20:02:16][BlockBurnEvent]: a block minecraft:oak_fence[east=false,north=false,south=true,waterlogged=false,west=false] burned on [world;-393;9;-3005]
[20:02:18][BlockBurnEvent]: a block minecraft:oak_fence[east=false,north=true,south=false,waterlogged=false,west=false] burned on [world;-408;25;-3082]
[20:02:18][BlockBurnEvent]: a block minecraft:oak_planks burned on [world;-408;26;-3080]
[20:02:18][BlockBurnEvent]: a block minecraft:oak_fence[east=true,north=false,south=false,waterlogged=false,west=false] burned on [world;-410;13;-3007]
[20:02:18][BlockBurnEvent]: a block minecraft:oak_planks burned on [world;-411;14;-3007]
[20:02:20][BlockBurnEvent]: a block minecraft:oak_fence[east=false,north=false,south=true,waterlogged=false,west=false] burned on [world;-393;10;-3005]
[20:02:21][BlockBurnEvent]: a block minecraft:oak_planks burned on [world;-393;11;-3005]
[20:02:23][BlockBurnEvent]: a block minecraft:oak_fence[east=false,north=false,south=true,waterlogged=false,west=false] burned on [world;-388;25;-3067]
[20:02:25][BlockBurnEvent]: a block minecraft:oak_fence[east=false,north=false,south=false,waterlogged=false,west=true] burned on [world;-412;12;-3007]
[20:02:28][BlockBurnEvent]: a block minecraft:oak_fence[east=false,north=false,south=true,waterlogged=false,west=false] burned on [world;-408;24;-3080]
[20:02:34][BlockBurnEvent]: a block minecraft:oak_planks burned on [world;-397;21;-3064]
[20:02:36][BlockBurnEvent]: a block minecraft:oak_fence[east=false,north=true,south=false,waterlogged=false,west=false] burned on [world;-388;25;-3069]
[20:02:38][BlockBurnEvent]: a block minecraft:oak_fence[east=true,north=false,south=false,waterlogged=false,west=false] burned on [world;-397;20;-3064]
[20:02:39][BlockBurnEvent]: a block minecraft:oak_fence[east=false,north=true,south=false,waterlogged=false,west=false] burned on [world;-408;24;-3082]
[20:02:41][BlockBurnEvent]: a block minecraft:oak_planks burned on [world;-398;21;-3064]
[20:02:41][BlockBurnEvent]: a block minecraft:oak_fence[east=true,north=false,south=false,waterlogged=false,west=false] burned on [world;-397;19;-3064]
[20:02:43][BlockBurnEvent]: a block minecraft:oak_fence[east=false,north=false,south=false,waterlogged=false,west=true] burned on [world;-399;20;-3064]
[20:02:45][BlockBurnEvent]: a block minecraft:oak_fence[east=false,north=true,south=false,waterlogged=false,west=false] burned on [world;-388;24;-3069]
[20:02:48][BlockBurnEvent]: a block minecraft:oak_planks burned on [world;-408;26;-3082]
[20:03:04][BlockBurnEvent]: a block minecraft:oak_planks burned on [world;-386;11;-3447]
[20:03:04][BlockBurnEvent]: a block minecraft:oak_planks burned on [world;-431;12;-3443]
[20:03:05][BlockBurnEvent]: a block minecraft:oak_planks burned on [world;-430;12;-3443]
[20:03:05][BlockBurnEvent]: a block minecraft:oak_planks burned on [world;-417;12;-3460]
[20:03:07][BlockBurnEvent]: a block minecraft:oak_planks burned on [world;-384;12;-3446]
[20:03:09][BlockBurnEvent]: a block minecraft:oak_planks burned on [world;-384;11;-3447]
[20:03:10][BlockBurnEvent]: a block minecraft:oak_planks burned on [world;-385;11;-3447]
[20:03:11][BlockBurnEvent]: a block minecraft:oak_planks burned on [world;-432;12;-3443]
[20:03:11][BlockBurnEvent]: a block minecraft:oak_planks burned on [world;-384;13;-3446]
[20:03:13][BlockBurnEvent]: a block minecraft:oak_fence[east=false,north=false,south=true,waterlogged=false,west=false] burned on [world;-375;13;-3444]
[20:03:14][BlockBurnEvent]: a block minecraft:oak_planks burned on [world;-384;11;-3446]
[20:03:16][BlockBurnEvent]: a block minecraft:oak_planks burned on [world;-386;12;-3446]
[20:03:16][BlockBurnEvent]: a block minecraft:oak_planks burned on [world;-417;12;-3461]
[20:03:17][BlockBurnEvent]: a block minecraft:oak_fence[east=true,north=false,south=false,waterlogged=false,west=false] burned on [world;-430;11;-3443]
[20:03:18][BlockBurnEvent]: a block minecraft:oak_planks burned on [world;-387;11;-3442]
[20:03:20][BlockBurnEvent]: a block minecraft:oak_planks burned on [world;-384;14;-3444]
[20:03:21][BlockBurnEvent]: a block minecraft:oak_fence[east=false,north=false,south=false,waterlogged=false,west=true] burned on [world;-432;11;-3443]
[20:03:21][BlockBurnEvent]: a block minecraft:oak_fence[east=false,north=true,south=false,waterlogged=false,west=false] burned on [world;-370;13;-3446]
[20:03:23][BlockBurnEvent]: a block minecraft:oak_planks burned on [world;-384;14;-3446]
[20:03:23][BlockBurnEvent]: a block minecraft:oak_planks burned on [world;-386;13;-3446]
[20:03:25][BlockBurnEvent]: a block minecraft:oak_fence[east=false,north=false,south=true,waterlogged=false,west=false] burned on [world;-370;13;-3444]
[20:03:27][BlockBurnEvent]: a block minecraft:oak_planks burned on [world;-384;12;-3444]
[20:03:27][BlockBurnEvent]: a block minecraft:oak_fence[east=false,north=false,south=true,waterlogged=false,west=false] burned on [world;-375;12;-3444]
[20:03:28][BlockBurnEvent]: a block minecraft:oak_planks burned on [world;-387;11;-3443]
[20:03:31][BlockBurnEvent]: a block minecraft:oak_planks burned on [world;-370;14;-3444]
[20:03:31][BlockBurnEvent]: a block minecraft:oak_planks burned on [world;-386;14;-3446]
[20:03:32][BlockBurnEvent]: a block minecraft:oak_planks burned on [world;-386;14;-3444]
[20:03:32][BlockBurnEvent]: a block minecraft:oak_planks burned on [world;-385;11;-3446]
[20:03:33][BlockBurnEvent]: a block minecraft:oak_planks burned on [world;-386;11;-3446]
[20:03:38][BlockBurnEvent]: a block minecraft:oak_planks burned on [world;-339;11;-3487]
[20:03:40][BlockBurnEvent]: a block minecraft:oak_planks burned on [world;-384;13;-3444]
[20:03:40][BlockBurnEvent]: a block minecraft:oak_fence[east=true,north=false,south=false,waterlogged=false,west=false] burned on [world;-430;10;-3443]
[20:03:44][BlockBurnEvent]: a block minecraft:oak_fence[east=false,north=false,south=false,waterlogged=false,west=true] burned on [world;-432;10;-3443]
[20:03:45][BlockBurnEvent]: a block minecraft:oak_planks burned on [world;-375;14;-3446]
[20:03:46][BlockBurnEvent]: a block minecraft:oak_planks burned on [world;-375;14;-3444]
[20:03:49][BlockBurnEvent]: a block minecraft:oak_planks burned on [world;-370;14;-3446]
[20:03:50][BlockBurnEvent]: a block minecraft:oak_planks burned on [world;-417;12;-3459]
[20:03:52][BlockBurnEvent]: a block minecraft:oak_planks burned on [world;-375;14;-3445]
[20:03:56][BlockBurnEvent]: a block minecraft:oak_planks burned on [world;-386;12;-3444]
[20:03:57][BlockBurnEvent]: a block minecraft:oak_fence[east=false,north=true,south=false,waterlogged=false,west=false] burned on [world;-375;13;-3446]
[20:04:02][BlockBurnEvent]: a block minecraft:oak_planks burned on [world;-386;11;-3445]
[20:04:05][BlockBurnEvent]: a block minecraft:oak_planks burned on [world;-387;11;-3446]
[20:04:10][BlockBurnEvent]: a block minecraft:oak_fence[east=false,north=false,south=true,waterlogged=false,west=false] burned on [world;-370;12;-3444]
[20:04:11][BlockBurnEvent]: a block minecraft:oak_planks burned on [world;-388;11;-3445]
[20:04:13][BlockBurnEvent]: a block minecraft:oak_planks burned on [world;-387;11;-3445]
[20:04:23][BlockBurnEvent]: a block minecraft:oak_planks burned on [world;-386;13;-3444]
[20:04:24][BlockBurnEvent]: a block minecraft:oak_fence[east=false,north=true,south=false,waterlogged=false,west=false] burned on [world;-370;12;-3446]
[20:04:26][BlockBurnEvent]: a block minecraft:oak_planks burned on [world;-386;11;-3444]
[20:04:29][BlockBurnEvent]: a block minecraft:oak_planks burned on [world;-387;11;-3444]
[20:04:29][BlockBurnEvent]: a block minecraft:oak_planks burned on [world;-386;11;-3442]
[20:04:34][BlockBurnEvent]: a block minecraft:oak_planks burned on [world;-386;11;-3443]
[20:05:00][BlockBurnEvent]: a block minecraft:oak_planks burned on [world;-385;11;-3445]
[20:05:01][BlockBurnEvent]: a block minecraft:oak_planks burned on [world;-338;11;-3487]
[20:05:09][BlockBurnEvent]: a block minecraft:oak_planks burned on [world;-388;11;-3444]
[20:05:20][BlockBurnEvent]: a block minecraft:oak_planks burned on [world;-385;11;-3444]
[20:06:10][BlockBurnEvent]: a block minecraft:oak_planks burned on [world;-337;11;-3505]
[20:06:46][BlockBurnEvent]: a block minecraft:oak_planks burned on [world;-337;11;-3504]
[20:06:48][BlockBurnEvent]: a block minecraft:oak_planks burned on [world;-343;11;-3504]
[20:06:48][BlockBurnEvent]: a block minecraft:oak_fence[east=false,north=false,south=false,waterlogged=false,west=false] burned on [world;-337;13;-3504]
[20:06:50][BlockBurnEvent]: a block minecraft:oak_fence[east=false,north=false,south=false,waterlogged=false,west=false] burned on [world;-337;12;-3504]
[20:06:55][BlockBurnEvent]: a block minecraft:oak_planks burned on [world;-338;14;-3504]
[20:06:57][BlockBurnEvent]: a block minecraft:oak_planks burned on [world;-342;11;-3504]
[20:06:59][BlockBurnEvent]: a block minecraft:oak_planks burned on [world;-337;14;-3504]
[20:06:59][BlockBurnEvent]: a block minecraft:oak_planks burned on [world;-337;14;-3508]
[20:07:00][BlockBurnEvent]: a block minecraft:oak_fence[east=false,north=false,south=false,waterlogged=false,west=false] burned on [world;-339;13;-3504]
[20:07:01][BlockBurnEvent]: a block minecraft:oak_planks burned on [world;-339;14;-3489]
[20:07:03][BlockBurnEvent]: a block minecraft:oak_planks burned on [world;-337;11;-3503]
[20:07:03][BlockBurnEvent]: a block minecraft:oak_planks burned on [world;-338;11;-3505]
[20:07:04][BlockBurnEvent]: a block minecraft:oak_planks burned on [world;-337;11;-3502]
[20:07:05][BlockBurnEvent]: a block minecraft:oak_fence[east=false,north=false,south=false,waterlogged=false,west=true] burned on [world;-339;12;-3489]
[20:07:06][BlockBurnEvent]: a block minecraft:oak_planks burned on [world;-337;11;-3506]
[20:07:07][BlockBurnEvent]: a block minecraft:oak_planks burned on [world;-338;11;-3504]
[20:07:19][BlockBurnEvent]: a block minecraft:oak_planks burned on [world;-343;11;-3505]
[20:07:24][BlockBurnEvent]: a block minecraft:oak_planks burned on [world;-338;11;-3503]
[20:07:24][BlockBurnEvent]: a block minecraft:oak_planks burned on [world;-339;14;-3504]
[20:16:37][BlockBurnEvent]: a block minecraft:oak_planks burned on [world;-130;28;-3525]
[20:16:38][BlockBurnEvent]: a block minecraft:oak_planks burned on [world;-130;29;-3525]
[20:16:38][BlockBurnEvent]: a block minecraft:oak_planks burned on [world;-132;29;-3527]
[20:16:43][BlockBurnEvent]: a block minecraft:oak_planks burned on [world;-130;29;-3527]
[20:16:43][BlockBurnEvent]: a block minecraft:oak_planks burned on [world;-132;28;-3525]
[20:16:44][BlockBurnEvent]: a block minecraft:oak_planks burned on [world;-132;27;-3525]
[20:16:44][BlockBurnEvent]: a block minecraft:oak_planks burned on [world;-130;28;-3527]
[20:16:47][BlockBurnEvent]: a block minecraft:oak_planks burned on [world;-130;27;-3527]
[20:16:51][BlockBurnEvent]: a block minecraft:oak_planks burned on [world;-132;29;-3525]
[20:16:52][BlockBurnEvent]: a block minecraft:oak_planks burned on [world;-130;27;-3525]
[20:16:54][BlockBurnEvent]: a block minecraft:oak_planks burned on [world;-132;28;-3527]
[20:17:07][BlockBurnEvent]: a block minecraft:oak_planks burned on [world;-132;27;-3527]
[20:17:27][BlockBurnEvent]: a block minecraft:oak_planks burned on [world;-196;12;-3891]
[20:17:27][BlockBurnEvent]: a block minecraft:oak_planks burned on [world;-197;12;-3891]
[20:17:28][BlockBurnEvent]: a block minecraft:oak_planks burned on [world;-186;12;-3890]
[20:17:28][BlockBurnEvent]: a block minecraft:oak_planks burned on [world;-313;31;-3908]
[20:17:30][BlockBurnEvent]: a block minecraft:oak_planks burned on [world;-185;12;-3888]
[20:17:30][BlockBurnEvent]: a block minecraft:oak_planks burned on [world;-186;12;-3889]
[20:17:31][BlockBurnEvent]: a block minecraft:oak_planks burned on [world;-187;12;-3889]
[20:17:31][BlockBurnEvent]: a block minecraft:oak_planks burned on [world;-197;12;-3890]
[20:17:31][BlockBurnEvent]: a block minecraft:oak_planks burned on [world;-185;12;-3889]
[20:17:32][BlockBurnEvent]: a block minecraft:oak_fence[east=true,north=false,south=false,waterlogged=false,west=false] burned on [world;-329;28;-3892]
[20:17:34][BlockBurnEvent]: a block minecraft:oak_planks burned on [world;-187;12;-3888]
[20:17:35][BlockBurnEvent]: a block minecraft:oak_planks burned on [world;-187;12;-3890]
[20:17:35][BlockBurnEvent]: a block minecraft:oak_fence[east=false,north=false,south=false,waterlogged=false,west=false] burned on [world;-187;13;-3890]
[20:17:35][BlockBurnEvent]: a block minecraft:oak_planks burned on [world;-330;29;-3892]
[20:17:35][BlockBurnEvent]: a block minecraft:oak_planks burned on [world;-186;15;-3890]
[20:17:37][BlockBurnEvent]: a block minecraft:oak_fence[east=false,north=false,south=true,waterlogged=false,west=false] burned on [world;-190;13;-3889]
[20:17:37][BlockBurnEvent]: a block minecraft:oak_planks burned on [world;-189;12;-3889]
[20:17:37][BlockBurnEvent]: a block minecraft:oak_planks burned on [world;-186;12;-3888]
[20:17:37][BlockBurnEvent]: a block minecraft:oak_planks burned on [world;-303;33;-3887]
[20:17:38][BlockBurnEvent]: a block minecraft:oak_fence[east=true,north=false,south=false,waterlogged=false,west=false] burned on [world;-312;30;-3908]
[20:17:38][BlockBurnEvent]: a block minecraft:oak_fence[east=false,north=false,south=false,waterlogged=false,west=true] burned on [world;-314;29;-3908]
[20:17:40][BlockBurnEvent]: a block minecraft:oak_planks burned on [world;-305;36;-3887]
[20:17:40][BlockBurnEvent]: a block minecraft:oak_fence[east=true,north=false,south=false,waterlogged=false,west=false] burned on [world;-312;29;-3908]
[20:17:40][BlockBurnEvent]: a block minecraft:oak_planks burned on [world;-303;37;-3885]
[20:17:40][BlockBurnEvent]: a block minecraft:oak_fence[east=false,north=false,south=false,waterlogged=false,west=false] burned on [world;-187;14;-3890]
[20:17:41][BlockBurnEvent]: a block minecraft:oak_planks burned on [world;-305;34;-3887]
[20:17:41][BlockBurnEvent]: a block minecraft:oak_planks burned on [world;-305;36;-3885]
[20:17:41][BlockBurnEvent]: a block minecraft:oak_planks burned on [world;-188;12;-3889]
[20:17:41][BlockBurnEvent]: a block minecraft:oak_planks burned on [world;-329;29;-3892]
[20:17:41][BlockBurnEvent]: a block minecraft:oak_planks burned on [world;-305;33;-3887]
[20:17:41][BlockBurnEvent]: a block minecraft:oak_fence[east=false,north=false,south=false,waterlogged=false,west=true] burned on [world;-314;30;-3908]
[20:17:43][BlockBurnEvent]: a block minecraft:oak_planks burned on [world;-185;12;-3890]
[20:17:44][BlockBurnEvent]: a block minecraft:oak_planks burned on [world;-187;15;-3890]
[20:17:44][BlockBurnEvent]: a block minecraft:oak_planks burned on [world;-303;38;-3885]
[20:17:44][BlockBurnEvent]: a block minecraft:oak_planks burned on [world;-305;37;-3885]
[20:17:45][BlockBurnEvent]: a block minecraft:oak_planks burned on [world;-329;29;-3897]
[20:17:45][BlockBurnEvent]: a block minecraft:oak_fence[east=true,north=false,south=false,waterlogged=false,west=false] burned on [world;-185;13;-3890]
[20:17:45][BlockBurnEvent]: a block minecraft:oak_fence[east=true,north=false,south=false,waterlogged=false,west=false] burned on [world;-185;14;-3890]
[20:17:46][BlockBurnEvent]: a block minecraft:oak_planks burned on [world;-303;37;-3887]
[20:17:46][BlockBurnEvent]: a block minecraft:oak_fence[east=false,north=false,south=false,waterlogged=false,west=true] burned on [world;-331;28;-3892]
[20:17:46][BlockBurnEvent]: a block minecraft:oak_planks burned on [world;-305;37;-3887]
[20:17:46][BlockBurnEvent]: a block minecraft:oak_planks burned on [world;-305;35;-3887]
[20:17:46][BlockBurnEvent]: a block minecraft:oak_planks burned on [world;-305;33;-3885]
[20:17:48][BlockBurnEvent]: a block minecraft:oak_planks burned on [world;-312;31;-3908]
[20:17:48][BlockBurnEvent]: a block minecraft:oak_planks burned on [world;-303;38;-3887]
[20:17:48][BlockBurnEvent]: a block minecraft:oak_planks burned on [world;-305;34;-3885]
[20:17:49][BlockBurnEvent]: a block minecraft:oak_planks burned on [world;-331;29;-3892]
[20:17:49][BlockBurnEvent]: a block minecraft:oak_planks burned on [world;-303;36;-3887]
[20:17:49][BlockBurnEvent]: a block minecraft:oak_planks burned on [world;-305;32;-3885]
[20:17:50][BlockBurnEvent]: a block minecraft:oak_planks burned on [world;-303;34;-3885]
[20:17:51][BlockBurnEvent]: a block minecraft:oak_planks burned on [world;-305;38;-3887]
[20:17:51][BlockBurnEvent]: a block minecraft:oak_planks burned on [world;-303;34;-3887]
[20:17:51][BlockBurnEvent]: a block minecraft:oak_planks burned on [world;-303;36;-3885]
[20:17:53][BlockBurnEvent]: a block minecraft:oak_fence[east=false,north=false,south=false,waterlogged=false,west=true] burned on [world;-314;29;-3903]
[20:17:53][BlockBurnEvent]: a block minecraft:oak_planks burned on [world;-303;33;-3885]
[20:17:54][BlockBurnEvent]: a block minecraft:oak_fence[east=true,north=false,south=false,waterlogged=false,west=false] burned on [world;-329;27;-3892]
[20:17:55][BlockBurnEvent]: a block minecraft:oak_planks burned on [world;-303;35;-3885]
[20:17:55][BlockBurnEvent]: a block minecraft:oak_fence[east=false,north=false,south=false,waterlogged=false,west=true] burned on [world;-314;30;-3903]
[20:17:56][BlockBurnEvent]: a block minecraft:oak_planks burned on [world;-305;32;-3887]
[20:17:56][BlockBurnEvent]: a block minecraft:oak_fence[east=false,north=false,south=false,waterlogged=false,west=true] burned on [world;-331;27;-3892]
[20:17:59][BlockBurnEvent]: a block minecraft:oak_planks burned on [world;-305;35;-3885]
[20:18:01][BlockBurnEvent]: a block minecraft:oak_planks burned on [world;-303;35;-3887]
[20:18:01][BlockBurnEvent]: a block minecraft:oak_planks burned on [world;-305;38;-3885]
[20:18:03][BlockBurnEvent]: a block minecraft:oak_planks burned on [world;-314;31;-3908]
[20:18:04][BlockBurnEvent]: a block minecraft:oak_planks burned on [world;-190;15;-3889]
[20:18:05][BlockBurnEvent]: a block minecraft:oak_planks burned on [world;-185;15;-3890]
[20:18:07][BlockBurnEvent]: a block minecraft:oak_planks burned on [world;-303;32;-3885]
[20:18:07][BlockBurnEvent]: a block minecraft:oak_planks burned on [world;-308;33;-3885]
[20:18:08][BlockBurnEvent]: a block minecraft:oak_planks burned on [world;-331;29;-3897]
[20:18:10][BlockBurnEvent]: a block minecraft:oak_planks burned on [world;-308;34;-3885]
[20:18:14][BlockBurnEvent]: a block minecraft:oak_fence[east=true,north=false,south=false,waterlogged=false,west=false] burned on [world;-312;30;-3903]
[20:18:16][BlockBurnEvent]: a block minecraft:oak_planks burned on [world;-308;33;-3887]
[20:18:17][BlockBurnEvent]: a block minecraft:oak_planks burned on [world;-310;33;-3885]
[20:18:18][BlockBurnEvent]: a block minecraft:oak_planks burned on [world;-310;32;-3885]
[20:18:19][BlockBurnEvent]: a block minecraft:oak_fence[east=false,north=false,south=false,waterlogged=false,west=true] burned on [world;-331;28;-3897]
[20:18:19][BlockBurnEvent]: a block minecraft:oak_planks burned on [world;-308;32;-3887]
[20:18:20][BlockBurnEvent]: a block minecraft:oak_fence[east=true,north=false,south=false,waterlogged=false,west=false] burned on [world;-312;29;-3903]
[20:18:20][BlockBurnEvent]: a block minecraft:oak_planks burned on [world;-308;34;-3887]
[20:18:24][BlockBurnEvent]: a block minecraft:oak_planks burned on [world;-308;32;-3885]
[20:18:24][BlockBurnEvent]: a block minecraft:oak_planks burned on [world;-314;31;-3903]
[20:18:25][BlockBurnEvent]: a block minecraft:oak_planks burned on [world;-312;31;-3903]
[20:18:26][BlockBurnEvent]: a block minecraft:oak_fence[east=false,north=false,south=false,waterlogged=false,west=true] burned on [world;-331;27;-3897]
[20:18:29][BlockBurnEvent]: a block minecraft:oak_fence[east=true,north=false,south=false,waterlogged=false,west=false] burned on [world;-329;28;-3897]
[20:18:33][BlockBurnEvent]: a block minecraft:oak_planks burned on [world;-310;34;-3885]
[20:18:34][BlockBurnEvent]: a block minecraft:oak_planks burned on [world;-313;31;-3903]
[20:18:35][BlockBurnEvent]: a block minecraft:oak_planks burned on [world;-310;33;-3887]
[20:18:39][BlockBurnEvent]: a block minecraft:oak_planks burned on [world;-310;34;-3890]
[20:18:40][BlockBurnEvent]: a block minecraft:oak_planks burned on [world;-310;32;-3887]
[20:18:40][BlockBurnEvent]: a block minecraft:oak_fence[east=true,north=false,south=false,waterlogged=false,west=false] burned on [world;-329;27;-3897]
[20:18:41][BlockBurnEvent]: a block minecraft:oak_planks burned on [world;-303;32;-3887]
[20:18:42][BlockBurnEvent]: a block minecraft:oak_planks burned on [world;-310;34;-3887]
[20:20:03][BlockBurnEvent]: a block minecraft:oak_planks burned on [world;-185;12;-3891]
[20:20:43][BlockBurnEvent]: a block minecraft:oak_planks burned on [world;-337;11;-3531]
[20:20:48][BlockBurnEvent]: a block minecraft:oak_planks burned on [world;-339;11;-3529]
[20:20:49][BlockBurnEvent]: a block minecraft:oak_planks burned on [world;-337;11;-3528]
[20:20:51][BlockBurnEvent]: a block minecraft:oak_planks burned on [world;-338;11;-3525]
[20:20:52][BlockBurnEvent]: a block minecraft:oak_planks burned on [world;-337;11;-3530]
[20:20:53][BlockBurnEvent]: a block minecraft:oak_fence[east=false,north=false,south=false,waterlogged=false,west=false] burned on [world;-337;13;-3519]
[20:20:53][BlockBurnEvent]: a block minecraft:oak_planks burned on [world;-338;11;-3524]
[20:20:53][BlockBurnEvent]: a block minecraft:oak_fence[east=false,north=false,south=false,waterlogged=false,west=true] burned on [world;-339;12;-3529]
[20:20:54][BlockBurnEvent]: a block minecraft:oak_planks burned on [world;-338;11;-3531]
[20:20:54][BlockBurnEvent]: a block minecraft:oak_planks burned on [world;-380;12;-3522]
[20:20:54][BlockBurnEvent]: a block minecraft:oak_fence[east=false,north=false,south=false,waterlogged=false,west=false] burned on [world;-337;12;-3524]
[20:20:55][BlockBurnEvent]: a block minecraft:oak_fence[east=false,north=false,south=false,waterlogged=false,west=false] burned on [world;-337;12;-3529]
[20:20:56][BlockBurnEvent]: a block minecraft:oak_planks burned on [world;-337;11;-3525]
[20:20:56][BlockBurnEvent]: a block minecraft:oak_planks burned on [world;-337;11;-3518]
[20:20:57][BlockBurnEvent]: a block minecraft:oak_fence[east=false,north=false,south=false,waterlogged=false,west=false] burned on [world;-337;12;-3519]
[20:20:57][BlockBurnEvent]: a block minecraft:oak_planks burned on [world;-338;11;-3530]
[20:20:59][BlockBurnEvent]: a block minecraft:oak_planks burned on [world;-338;11;-3529]
[20:20:59][BlockBurnEvent]: a block minecraft:oak_planks burned on [world;-339;14;-3529]
[20:20:59][BlockBurnEvent]: a block minecraft:oak_planks burned on [world;-337;11;-3526]
[20:21:00][BlockBurnEvent]: a block minecraft:oak_fence[east=false,north=false,south=false,waterlogged=false,west=true] burned on [world;-339;13;-3529]
[20:21:00][BlockBurnEvent]: a block minecraft:oak_planks burned on [world;-339;11;-3530]
[20:21:00][BlockBurnEvent]: a block minecraft:oak_planks burned on [world;-337;11;-3527]
[20:21:01][BlockBurnEvent]: a block minecraft:oak_planks burned on [world;-337;11;-3529]
[20:21:01][BlockBurnEvent]: a block minecraft:oak_fence[east=false,north=false,south=false,waterlogged=false,west=false] burned on [world;-337;13;-3529]
[20:21:01][BlockBurnEvent]: a block minecraft:oak_planks burned on [world;-380;12;-3521]
[20:21:02][BlockBurnEvent]: a block minecraft:oak_planks burned on [world;-337;11;-3522]
[20:21:03][BlockBurnEvent]: a block minecraft:oak_planks burned on [world;-338;14;-3524]
[20:21:03][BlockBurnEvent]: a block minecraft:oak_planks burned on [world;-339;11;-3528]
[20:21:04][BlockBurnEvent]: a block minecraft:oak_planks burned on [world;-337;11;-3517]
[20:21:05][BlockBurnEvent]: a block minecraft:oak_planks burned on [world;-337;14;-3529]
[20:21:05][BlockBurnEvent]: a block minecraft:oak_fence[east=false,north=false,south=false,waterlogged=false,west=false] burned on [world;-339;13;-3519]
[20:21:05][BlockBurnEvent]: a block minecraft:oak_planks burned on [world;-338;11;-3528]
[20:21:06][BlockBurnEvent]: a block minecraft:oak_planks burned on [world;-338;11;-3506]
[20:21:07][BlockBurnEvent]: a block minecraft:oak_planks burned on [world;-337;11;-3519]
[20:21:07][BlockBurnEvent]: a block minecraft:oak_planks burned on [world;-338;11;-3526]
[20:21:08][BlockBurnEvent]: a block minecraft:oak_fence[east=false,north=false,south=false,waterlogged=false,west=false] burned on [world;-337;13;-3524]
[20:21:10][BlockBurnEvent]: a block minecraft:oak_planks burned on [world;-343;11;-3506]
[20:21:10][BlockBurnEvent]: a block minecraft:oak_planks burned on [world;-337;14;-3524]
[20:21:11][BlockBurnEvent]: a block minecraft:oak_planks burned on [world;-339;11;-3531]
[20:21:11][BlockBurnEvent]: a block minecraft:oak_planks burned on [world;-359;15;-3510]
[20:21:14][BlockBurnEvent]: a block minecraft:oak_planks burned on [world;-339;11;-3516]
[20:21:15][BlockBurnEvent]: a block minecraft:oak_planks burned on [world;-339;11;-3517]
[20:21:15][BlockBurnEvent]: a block minecraft:oak_planks burned on [world;-379;12;-3522]
[20:21:17][BlockBurnEvent]: a block minecraft:oak_planks burned on [world;-339;14;-3519]
[20:21:18][BlockBurnEvent]: a block minecraft:oak_planks burned on [world;-339;11;-3527]
[20:21:19][BlockBurnEvent]: a block minecraft:oak_planks burned on [world;-359;15;-3509]
[20:21:20][BlockBurnEvent]: a block minecraft:oak_planks burned on [world;-338;11;-3518]
[20:21:20][BlockBurnEvent]: a block minecraft:oak_fence[east=false,north=false,south=false,waterlogged=false,west=true] burned on [world;-339;12;-3504]
[20:21:22][BlockBurnEvent]: a block minecraft:oak_fence[east=true,north=false,south=false,waterlogged=false,west=false] burned on [world;-337;12;-3489]
[20:21:22][BlockBurnEvent]: a block minecraft:oak_planks burned on [world;-339;11;-3526]
[20:21:23][BlockBurnEvent]: a block minecraft:oak_fence[east=false,north=false,south=false,waterlogged=false,west=true] burned on [world;-339;12;-3524]
[20:21:26][BlockBurnEvent]: a block minecraft:oak_planks burned on [world;-337;11;-3524]
[20:21:31][BlockBurnEvent]: a block minecraft:oak_planks burned on [world;-338;11;-3527]
[20:21:34][BlockBurnEvent]: a block minecraft:oak_planks burned on [world;-338;11;-3516]
[20:21:34][BlockBurnEvent]: a block minecraft:oak_fence[east=true,north=false,south=false,waterlogged=false,west=false] burned on [world;-337;13;-3489]
[20:21:35][BlockBurnEvent]: a block minecraft:oak_planks burned on [world;-358;15;-3510]
[20:21:36][BlockBurnEvent]: a block minecraft:oak_planks burned on [world;-337;14;-3519]
[20:21:38][BlockBurnEvent]: a block minecraft:oak_fence[east=false,north=false,south=false,waterlogged=false,west=true] burned on [world;-339;13;-3524]
[20:21:38][BlockBurnEvent]: a block minecraft:oak_planks burned on [world;-338;11;-3517]
[20:21:40][BlockBurnEvent]: a block minecraft:oak_fence[east=false,north=false,south=false,waterlogged=false,west=false] burned on [world;-339;12;-3519]
[20:21:41][BlockBurnEvent]: a block minecraft:oak_planks burned on [world;-339;14;-3524]
[20:21:42][BlockBurnEvent]: a block minecraft:oak_fence[east=false,north=false,south=false,waterlogged=false,west=true] burned on [world;-339;12;-3514]
[20:21:46][BlockBurnEvent]: a block minecraft:oak_planks burned on [world;-339;14;-3514]
[20:21:53][BlockBurnEvent]: a block minecraft:oak_planks burned on [world;-338;11;-3519]
[20:21:58][BlockBurnEvent]: a block minecraft:oak_planks burned on [world;-339;11;-3518]
[20:22:04][BlockBurnEvent]: a block minecraft:oak_planks burned on [world;-337;11;-3523]
[20:22:04][BlockBurnEvent]: a block minecraft:oak_planks burned on [world;-337;11;-3516]
