[00:41:47][BlockBurnEvent]: a block minecraft:oak_planks burned on [world;-350;19;-72]
[00:42:07][BlockBurnEvent]: a block minecraft:oak_planks burned on [world;-350;19;-71]
[15:39:47][BlockBurnEvent]: a block minecraft:oak_planks burned on [world;251;27;185]
[15:39:49][BlockBurnEvent]: a block minecraft:oak_planks burned on [world;249;27;185]
[15:39:52][BlockBurnEvent]: a block minecraft:oak_planks burned on [world;251;25;187]
[15:39:59][BlockBurnEvent]: a block minecraft:oak_planks burned on [world;251;25;185]
[15:40:05][BlockBurnEvent]: a block minecraft:oak_planks burned on [world;249;27;187]
[15:40:07][BlockBurnEvent]: a block minecraft:oak_planks burned on [world;251;26;185]
[15:40:11][BlockBurnEvent]: a block minecraft:oak_planks burned on [world;249;26;187]
[15:40:20][BlockBurnEvent]: a block minecraft:oak_fence[east=false,north=false,south=false,waterlogged=false,west=false] burned on [world;247;26;186]
[15:40:25][BlockBurnEvent]: a block minecraft:oak_planks burned on [world;249;26;185]
[15:40:29][BlockBurnEvent]: a block minecraft:oak_planks burned on [world;251;27;187]
[15:40:30][BlockBurnEvent]: a block minecraft:oak_planks burned on [world;249;25;187]
[15:40:30][BlockBurnEvent]: a block minecraft:oak_planks burned on [world;251;26;187]
[15:40:31][BlockBurnEvent]: a block minecraft:oak_planks burned on [world;249;25;185]
[15:40:34][BlockBurnEvent]: a block minecraft:oak_fence[east=false,north=false,south=false,waterlogged=false,west=false] burned on [world;247;27;186]
[15:40:42][BlockBurnEvent]: a block minecraft:oak_planks burned on [world;246;28;186]
[15:40:50][BlockBurnEvent]: a block minecraft:oak_planks burned on [world;247;28;186]
[15:40:52][BlockBurnEvent]: a block minecraft:oak_fence[east=false,north=false,south=false,waterlogged=false,west=true] burned on [world;245;27;186]
[15:40:55][BlockBurnEvent]: a block minecraft:oak_fence[east=true,north=false,south=false,waterlogged=false,west=false] burned on [world;251;26;191]
[15:41:07][BlockBurnEvent]: a block minecraft:oak_planks burned on [world;251;27;190]
[15:41:10][BlockBurnEvent]: a block minecraft:oak_planks burned on [world;250;27;190]
[15:41:16][BlockBurnEvent]: a block minecraft:oak_planks burned on [world;250;27;191]
[15:41:23][BlockBurnEvent]: a block minecraft:oak_planks burned on [world;250;30;191]
[15:41:24][BlockBurnEvent]: a block minecraft:oak_fence[east=false,north=false,south=true,waterlogged=false,west=false] burned on [world;249;31;191]
[15:41:27][BlockBurnEvent]: a block minecraft:oak_planks burned on [world;249;27;190]
[15:41:28][BlockBurnEvent]: a block minecraft:oak_planks burned on [world;252;30;191]
[15:41:31][BlockBurnEvent]: a block minecraft:oak_planks burned on [world;252;30;190]
[15:41:33][BlockBurnEvent]: a block minecraft:oak_planks burned on [world;251;30;191]
[15:41:33][BlockBurnEvent]: a block minecraft:oak_planks burned on [world;248;30;191]
[15:41:36][BlockBurnEvent]: a block minecraft:oak_planks burned on [world;253;33;189]
[15:41:37][BlockBurnEvent]: a block minecraft:oak_fence[east=false,north=true,south=false,waterlogged=false,west=false] burned on [world;249;32;189]
[15:41:37][BlockBurnEvent]: a block minecraft:oak_planks burned on [world;249;27;191]
[15:41:39][BlockBurnEvent]: a block minecraft:oak_planks burned on [world;251;27;191]
[15:41:41][BlockBurnEvent]: a block minecraft:oak_planks burned on [world;253;30;192]
[15:41:45][BlockBurnEvent]: a block minecraft:oak_planks burned on [world;251;27;192]
[15:42:01][BlockBurnEvent]: a block minecraft:oak_planks burned on [world;255;31;191]
[15:42:01][BlockBurnEvent]: a block minecraft:oak_planks burned on [world;255;31;193]
[15:42:02][BlockBurnEvent]: a block minecraft:oak_planks burned on [world;255;30;190]
[15:42:15][BlockBurnEvent]: a block minecraft:oak_planks burned on [world;254;30;191]
[15:42:15][BlockBurnEvent]: a block minecraft:oak_planks burned on [world;255;30;192]
[15:42:16][BlockBurnEvent]: a block minecraft:oak_planks burned on [world;255;31;189]
[15:42:17][BlockBurnEvent]: a block minecraft:oak_planks burned on [world;253;36;191]
[15:42:21][BlockBurnEvent]: a block minecraft:oak_planks burned on [world;255;34;191]
[15:42:22][BlockBurnEvent]: a block minecraft:oak_planks burned on [world;253;34;191]
[15:42:23][BlockBurnEvent]: a block minecraft:oak_planks burned on [world;257;30;191]
[15:42:30][BlockBurnEvent]: a block minecraft:oak_planks burned on [world;256;30;192]
[15:42:32][BlockBurnEvent]: a block minecraft:oak_planks burned on [world;253;35;191]
[15:42:38][BlockBurnEvent]: a block minecraft:oak_planks burned on [world;254;30;190]
[15:42:43][BlockBurnEvent]: a block minecraft:oak_planks burned on [world;253;37;189]
[15:42:57][BlockBurnEvent]: a block minecraft:oak_planks burned on [world;253;36;189]
[15:43:46][BlockBurnEvent]: a block minecraft:oak_planks burned on [world;253;35;189]
[15:53:08][BlockBurnEvent]: a block minecraft:oak_fence[east=false,north=false,south=false,waterlogged=false,west=false] burned on [world;177;21;140]
[15:53:18][BlockBurnEvent]: a block minecraft:oak_fence[east=true,north=false,south=false,waterlogged=false,west=false] burned on [world;179;20;140]
[15:53:22][BlockBurnEvent]: a block minecraft:oak_fence[east=false,north=false,south=false,waterlogged=false,west=false] burned on [world;177;20;140]
[15:53:37][BlockBurnEvent]: a block minecraft:oak_fence[east=true,north=false,south=false,waterlogged=false,west=false] burned on [world;179;21;140]
[15:53:57][BlockBurnEvent]: a block minecraft:oak_planks burned on [world;179;22;140]
[16:33:38][BlockBurnEvent]: a block minecraft:birch_leaves[distance=2,persistent=false] burned on [world;-286;74;239]
[16:33:40][BlockBurnEvent]: a block minecraft:birch_leaves[distance=2,persistent=false] burned on [world;-286;75;238]
[16:33:43][BlockBurnEvent]: a block minecraft:birch_leaves[distance=2,persistent=false] burned on [world;-286;73;239]
[16:33:45][BlockBurnEvent]: a block minecraft:birch_leaves[distance=1,persistent=false] burned on [world;-285;74;239]
[16:34:06][BlockBurnEvent]: a block minecraft:oak_leaves[distance=5,persistent=false] burned on [world;-298;74;281]
[19:40:03][BlockBurnEvent]: a block minecraft:oak_planks burned on [world;-644;9;635]
[22:29:13][BlockBurnEvent]: a block minecraft:oak_planks burned on [world;-583;14;208]
[22:29:14][BlockBurnEvent]: a block minecraft:oak_planks burned on [world;-583;15;208]
[22:29:15][BlockBurnEvent]: a block minecraft:oak_planks burned on [world;-585;15;210]
[22:29:23][BlockBurnEvent]: a block minecraft:oak_planks burned on [world;-583;13;210]
[22:29:30][BlockBurnEvent]: a block minecraft:oak_planks burned on [world;-583;14;210]
[22:29:40][BlockBurnEvent]: a block minecraft:oak_planks burned on [world;-583;15;210]
[22:29:45][BlockBurnEvent]: a block minecraft:oak_planks burned on [world;-585;14;210]
[22:29:58][BlockBurnEvent]: a block minecraft:oak_planks burned on [world;-583;13;208]
[22:42:52][BlockBurnEvent]: a block minecraft:oak_planks burned on [world;-708;16;569]
[22:43:08][BlockBurnEvent]: a block minecraft:oak_fence[east=false,north=false,south=true,waterlogged=false,west=false] burned on [world;-708;14;569]
