[00:08:46][EntityPickupItemEvent]: ZOMBIE picked up ROTTEN_FLESH
[00:09:27][EntityPickupItemEvent][Cancelled]: SKELETON picked up ROTTEN_FLESH
[01:06:12][EntityPickupItemEvent]: FOX picked up FEATHER
[01:06:12][EntityPickupItemEvent]: FOX picked up CHICKEN
[01:06:14][EntityPickupItemEvent]: FOX picked up CHICKEN
[01:09:18][EntityPickupItemEvent]: DROWNED picked up SAND
[01:09:48][EntityPickupItemEvent]: DOLPHIN picked up KELP
[01:10:56][EntityPickupItemEvent]: ZOMBIE picked up DEAD_HORN_CORAL_BLOCK
[01:10:56][EntityPickupItemEvent][Cancelled]: ZOMBIE picked up DEAD_TUBE_CORAL_BLOCK
[01:10:56][EntityPickupItemEvent][Cancelled]: ZOMBIE picked up DEAD_BRAIN_CORAL_BLOCK
[01:10:56][EntityPickupItemEvent][Cancelled]: ZOMBIE picked up DEAD_FIRE_CORAL_BLOCK
[01:10:56][EntityPickupItemEvent][Cancelled]: ZOMBIE picked up DEAD_TUBE_CORAL_BLOCK
[01:10:56][EntityPickupItemEvent][Cancelled]: ZOMBIE picked up DEAD_BRAIN_CORAL_BLOCK
[01:10:56][EntityPickupItemEvent][Cancelled]: ZOMBIE picked up DEAD_FIRE_CORAL_BLOCK
[01:10:56][EntityPickupItemEvent][Cancelled]: ZOMBIE picked up DEAD_TUBE_CORAL_BLOCK
[01:10:56][EntityPickupItemEvent][Cancelled]: ZOMBIE picked up DEAD_BRAIN_CORAL_BLOCK
[01:10:56][EntityPickupItemEvent][Cancelled]: ZOMBIE picked up DEAD_FIRE_CORAL_BLOCK
[01:10:56][EntityPickupItemEvent][Cancelled]: ZOMBIE picked up DEAD_TUBE_CORAL_BLOCK
[01:10:56][EntityPickupItemEvent][Cancelled]: ZOMBIE picked up DEAD_BRAIN_CORAL_BLOCK
[01:10:56][EntityPickupItemEvent][Cancelled]: ZOMBIE picked up DEAD_FIRE_CORAL_BLOCK
[01:10:56][EntityPickupItemEvent][Cancelled]: ZOMBIE picked up DEAD_TUBE_CORAL_BLOCK
[01:10:56][EntityPickupItemEvent][Cancelled]: ZOMBIE picked up DEAD_BRAIN_CORAL_BLOCK
[01:10:56][EntityPickupItemEvent][Cancelled]: ZOMBIE picked up DEAD_FIRE_CORAL_BLOCK
[01:10:56][EntityPickupItemEvent][Cancelled]: ZOMBIE picked up DEAD_TUBE_CORAL_BLOCK
[01:10:56][EntityPickupItemEvent][Cancelled]: ZOMBIE picked up DEAD_BRAIN_CORAL_BLOCK
[01:10:56][EntityPickupItemEvent][Cancelled]: ZOMBIE picked up DEAD_FIRE_CORAL_BLOCK
[01:10:56][EntityPickupItemEvent][Cancelled]: ZOMBIE picked up DEAD_TUBE_CORAL_BLOCK
[01:10:56][EntityPickupItemEvent][Cancelled]: ZOMBIE picked up DEAD_BRAIN_CORAL_BLOCK
[01:10:56][EntityPickupItemEvent][Cancelled]: ZOMBIE picked up DEAD_FIRE_CORAL_BLOCK
[01:10:56][EntityPickupItemEvent][Cancelled]: ZOMBIE picked up DEAD_TUBE_CORAL_BLOCK
[01:10:56][EntityPickupItemEvent][Cancelled]: ZOMBIE picked up DEAD_BRAIN_CORAL_BLOCK
[01:10:56][EntityPickupItemEvent][Cancelled]: ZOMBIE picked up DEAD_FIRE_CORAL_BLOCK
[01:10:57][EntityPickupItemEvent][Cancelled]: ZOMBIE picked up DEAD_TUBE_CORAL_BLOCK
[01:10:57][EntityPickupItemEvent][Cancelled]: ZOMBIE picked up DEAD_BRAIN_CORAL_BLOCK
[01:10:57][EntityPickupItemEvent][Cancelled]: ZOMBIE picked up DEAD_FIRE_CORAL_BLOCK
[01:10:57][EntityPickupItemEvent][Cancelled]: ZOMBIE picked up DEAD_TUBE_CORAL_BLOCK
[01:10:57][EntityPickupItemEvent][Cancelled]: ZOMBIE picked up DEAD_BRAIN_CORAL_BLOCK
[01:10:57][EntityPickupItemEvent][Cancelled]: ZOMBIE picked up DEAD_FIRE_CORAL_BLOCK
[01:10:57][EntityPickupItemEvent][Cancelled]: ZOMBIE picked up DEAD_TUBE_CORAL_BLOCK
[01:10:57][EntityPickupItemEvent][Cancelled]: ZOMBIE picked up DEAD_BRAIN_CORAL_BLOCK
[01:10:57][EntityPickupItemEvent][Cancelled]: ZOMBIE picked up DEAD_FIRE_CORAL_BLOCK
[01:10:57][EntityPickupItemEvent][Cancelled]: ZOMBIE picked up DEAD_TUBE_CORAL_BLOCK
[01:10:57][EntityPickupItemEvent][Cancelled]: ZOMBIE picked up DEAD_BRAIN_CORAL_BLOCK
[01:10:57][EntityPickupItemEvent][Cancelled]: ZOMBIE picked up DEAD_FIRE_CORAL_BLOCK
[01:10:57][EntityPickupItemEvent][Cancelled]: ZOMBIE picked up DEAD_TUBE_CORAL_BLOCK
[01:10:57][EntityPickupItemEvent][Cancelled]: ZOMBIE picked up DEAD_BRAIN_CORAL_BLOCK
[01:10:57][EntityPickupItemEvent][Cancelled]: ZOMBIE picked up DEAD_FIRE_CORAL_BLOCK
[01:10:57][EntityPickupItemEvent][Cancelled]: ZOMBIE picked up DEAD_TUBE_CORAL_BLOCK
[01:10:57][EntityPickupItemEvent][Cancelled]: ZOMBIE picked up DEAD_BRAIN_CORAL_BLOCK
[01:10:57][EntityPickupItemEvent][Cancelled]: ZOMBIE picked up DEAD_FIRE_CORAL_BLOCK
[01:10:57][EntityPickupItemEvent][Cancelled]: ZOMBIE picked up DEAD_TUBE_CORAL_BLOCK
[01:10:57][EntityPickupItemEvent][Cancelled]: ZOMBIE picked up DEAD_BRAIN_CORAL_BLOCK
[01:10:57][EntityPickupItemEvent][Cancelled]: ZOMBIE picked up DEAD_FIRE_CORAL_BLOCK
[01:10:57][EntityPickupItemEvent][Cancelled]: ZOMBIE picked up DEAD_TUBE_CORAL_BLOCK
[01:10:57][EntityPickupItemEvent][Cancelled]: ZOMBIE picked up DEAD_BRAIN_CORAL_BLOCK
[01:10:57][EntityPickupItemEvent][Cancelled]: ZOMBIE picked up DEAD_FIRE_CORAL_BLOCK
[01:10:57][EntityPickupItemEvent][Cancelled]: ZOMBIE picked up DEAD_TUBE_CORAL_BLOCK
[01:10:57][EntityPickupItemEvent][Cancelled]: ZOMBIE picked up DEAD_BRAIN_CORAL_BLOCK
[01:10:57][EntityPickupItemEvent][Cancelled]: ZOMBIE picked up DEAD_FIRE_CORAL_BLOCK
[01:10:57][EntityPickupItemEvent][Cancelled]: ZOMBIE picked up DEAD_TUBE_CORAL_BLOCK
[01:10:57][EntityPickupItemEvent][Cancelled]: ZOMBIE picked up DEAD_BRAIN_CORAL_BLOCK
[01:10:57][EntityPickupItemEvent][Cancelled]: ZOMBIE picked up DEAD_FIRE_CORAL_BLOCK
[01:10:57][EntityPickupItemEvent][Cancelled]: ZOMBIE picked up DEAD_TUBE_CORAL_BLOCK
[01:10:57][EntityPickupItemEvent][Cancelled]: ZOMBIE picked up DEAD_BRAIN_CORAL_BLOCK
[01:10:57][EntityPickupItemEvent][Cancelled]: ZOMBIE picked up DEAD_FIRE_CORAL_BLOCK
[01:10:57][EntityPickupItemEvent][Cancelled]: ZOMBIE picked up DEAD_TUBE_CORAL_BLOCK
[01:10:57][EntityPickupItemEvent][Cancelled]: ZOMBIE picked up DEAD_BRAIN_CORAL_BLOCK
[01:10:57][EntityPickupItemEvent][Cancelled]: ZOMBIE picked up DEAD_FIRE_CORAL_BLOCK
[01:10:57][EntityPickupItemEvent][Cancelled]: ZOMBIE picked up DEAD_TUBE_CORAL_BLOCK
[01:10:57][EntityPickupItemEvent][Cancelled]: ZOMBIE picked up DEAD_BRAIN_CORAL_BLOCK
[01:10:57][EntityPickupItemEvent][Cancelled]: ZOMBIE picked up DEAD_FIRE_CORAL_BLOCK
[01:10:57][EntityPickupItemEvent][Cancelled]: ZOMBIE picked up DEAD_TUBE_CORAL_BLOCK
[01:10:57][EntityPickupItemEvent][Cancelled]: ZOMBIE picked up DEAD_BRAIN_CORAL_BLOCK
[01:10:57][EntityPickupItemEvent][Cancelled]: ZOMBIE picked up DEAD_FIRE_CORAL_BLOCK
[01:10:57][EntityPickupItemEvent][Cancelled]: ZOMBIE picked up DEAD_TUBE_CORAL_BLOCK
[01:10:57][EntityPickupItemEvent][Cancelled]: ZOMBIE picked up DEAD_BRAIN_CORAL_BLOCK
[01:10:57][EntityPickupItemEvent][Cancelled]: ZOMBIE picked up DEAD_FIRE_CORAL_BLOCK
[01:10:57][EntityPickupItemEvent][Cancelled]: ZOMBIE picked up DEAD_TUBE_CORAL_BLOCK
[01:10:57][EntityPickupItemEvent][Cancelled]: ZOMBIE picked up DEAD_BRAIN_CORAL_BLOCK
[01:10:57][EntityPickupItemEvent][Cancelled]: ZOMBIE picked up DEAD_FIRE_CORAL_BLOCK
[01:10:57][EntityPickupItemEvent][Cancelled]: ZOMBIE picked up DEAD_TUBE_CORAL_BLOCK
[01:10:57][EntityPickupItemEvent][Cancelled]: ZOMBIE picked up DEAD_BRAIN_CORAL_BLOCK
[01:10:57][EntityPickupItemEvent][Cancelled]: ZOMBIE picked up DEAD_FIRE_CORAL_BLOCK
[01:10:57][EntityPickupItemEvent][Cancelled]: ZOMBIE picked up DEAD_TUBE_CORAL_BLOCK
[01:10:57][EntityPickupItemEvent][Cancelled]: ZOMBIE picked up DEAD_BRAIN_CORAL_BLOCK
[01:10:57][EntityPickupItemEvent][Cancelled]: ZOMBIE picked up DEAD_FIRE_CORAL_BLOCK
[01:10:57][EntityPickupItemEvent][Cancelled]: ZOMBIE picked up DEAD_TUBE_CORAL_BLOCK
[01:10:57][EntityPickupItemEvent][Cancelled]: ZOMBIE picked up DEAD_BRAIN_CORAL_BLOCK
[01:10:57][EntityPickupItemEvent][Cancelled]: ZOMBIE picked up DEAD_FIRE_CORAL_BLOCK
[01:10:57][EntityPickupItemEvent][Cancelled]: ZOMBIE picked up DEAD_TUBE_CORAL_BLOCK
[01:10:57][EntityPickupItemEvent][Cancelled]: ZOMBIE picked up DEAD_BRAIN_CORAL_BLOCK
[01:10:57][EntityPickupItemEvent][Cancelled]: ZOMBIE picked up DEAD_FIRE_CORAL_BLOCK
[01:10:58][EntityPickupItemEvent][Cancelled]: ZOMBIE picked up DEAD_TUBE_CORAL_BLOCK
[01:10:58][EntityPickupItemEvent][Cancelled]: ZOMBIE picked up DEAD_BRAIN_CORAL_BLOCK
[01:10:58][EntityPickupItemEvent][Cancelled]: ZOMBIE picked up DEAD_FIRE_CORAL_BLOCK
[01:10:58][EntityPickupItemEvent][Cancelled]: ZOMBIE picked up DEAD_TUBE_CORAL_BLOCK
[01:10:58][EntityPickupItemEvent][Cancelled]: ZOMBIE picked up DEAD_BRAIN_CORAL_BLOCK
[01:10:58][EntityPickupItemEvent][Cancelled]: ZOMBIE picked up DEAD_FIRE_CORAL_BLOCK
[01:10:58][EntityPickupItemEvent][Cancelled]: ZOMBIE picked up DEAD_TUBE_CORAL_BLOCK
[01:10:58][EntityPickupItemEvent][Cancelled]: ZOMBIE picked up DEAD_BRAIN_CORAL_BLOCK
[01:10:58][EntityPickupItemEvent][Cancelled]: ZOMBIE picked up DEAD_FIRE_CORAL_BLOCK
[01:10:58][EntityPickupItemEvent][Cancelled]: ZOMBIE picked up DEAD_TUBE_CORAL_BLOCK
[01:10:58][EntityPickupItemEvent][Cancelled]: ZOMBIE picked up DEAD_BRAIN_CORAL_BLOCK
[01:10:58][EntityPickupItemEvent][Cancelled]: ZOMBIE picked up DEAD_FIRE_CORAL_BLOCK
[01:10:58][EntityPickupItemEvent][Cancelled]: ZOMBIE picked up DEAD_TUBE_CORAL_BLOCK
[01:10:58][EntityPickupItemEvent][Cancelled]: ZOMBIE picked up DEAD_BRAIN_CORAL_BLOCK
[01:10:58][EntityPickupItemEvent][Cancelled]: ZOMBIE picked up DEAD_FIRE_CORAL_BLOCK
[01:10:58][EntityPickupItemEvent][Cancelled]: ZOMBIE picked up DEAD_TUBE_CORAL_BLOCK
[01:10:58][EntityPickupItemEvent][Cancelled]: ZOMBIE picked up DEAD_BRAIN_CORAL_BLOCK
[01:10:58][EntityPickupItemEvent][Cancelled]: ZOMBIE picked up DEAD_FIRE_CORAL_BLOCK
[01:10:58][EntityPickupItemEvent][Cancelled]: ZOMBIE picked up DEAD_TUBE_CORAL_BLOCK
[01:10:58][EntityPickupItemEvent][Cancelled]: ZOMBIE picked up DEAD_BRAIN_CORAL_BLOCK
[01:10:58][EntityPickupItemEvent][Cancelled]: ZOMBIE picked up DEAD_FIRE_CORAL_BLOCK
[01:10:58][EntityPickupItemEvent][Cancelled]: ZOMBIE picked up DEAD_TUBE_CORAL_BLOCK
[01:10:58][EntityPickupItemEvent][Cancelled]: ZOMBIE picked up DEAD_BRAIN_CORAL_BLOCK
[01:10:58][EntityPickupItemEvent][Cancelled]: ZOMBIE picked up DEAD_FIRE_CORAL_BLOCK
[01:10:58][EntityPickupItemEvent][Cancelled]: ZOMBIE picked up DEAD_TUBE_CORAL_BLOCK
[01:10:58][EntityPickupItemEvent][Cancelled]: ZOMBIE picked up DEAD_BRAIN_CORAL_BLOCK
[01:10:58][EntityPickupItemEvent][Cancelled]: ZOMBIE picked up DEAD_FIRE_CORAL_BLOCK
[01:10:58][EntityPickupItemEvent][Cancelled]: ZOMBIE picked up DEAD_TUBE_CORAL_BLOCK
[01:10:58][EntityPickupItemEvent][Cancelled]: ZOMBIE picked up DEAD_BRAIN_CORAL_BLOCK
[01:10:58][EntityPickupItemEvent][Cancelled]: ZOMBIE picked up DEAD_FIRE_CORAL_BLOCK
[01:10:58][EntityPickupItemEvent][Cancelled]: ZOMBIE picked up DEAD_TUBE_CORAL_BLOCK
[01:10:58][EntityPickupItemEvent][Cancelled]: ZOMBIE picked up DEAD_BRAIN_CORAL_BLOCK
[01:10:58][EntityPickupItemEvent][Cancelled]: ZOMBIE picked up DEAD_FIRE_CORAL_BLOCK
[01:10:58][EntityPickupItemEvent][Cancelled]: ZOMBIE picked up DEAD_TUBE_CORAL_BLOCK
[01:10:58][EntityPickupItemEvent][Cancelled]: ZOMBIE picked up DEAD_BRAIN_CORAL_BLOCK
[01:10:58][EntityPickupItemEvent][Cancelled]: ZOMBIE picked up DEAD_FIRE_CORAL_BLOCK
[01:10:58][EntityPickupItemEvent][Cancelled]: ZOMBIE picked up DEAD_TUBE_CORAL_BLOCK
[01:10:58][EntityPickupItemEvent][Cancelled]: ZOMBIE picked up DEAD_BRAIN_CORAL_BLOCK
[01:10:58][EntityPickupItemEvent][Cancelled]: ZOMBIE picked up DEAD_FIRE_CORAL_BLOCK
[01:10:58][EntityPickupItemEvent][Cancelled]: ZOMBIE picked up DEAD_TUBE_CORAL_BLOCK
[01:10:58][EntityPickupItemEvent][Cancelled]: ZOMBIE picked up DEAD_BRAIN_CORAL_BLOCK
[01:10:58][EntityPickupItemEvent][Cancelled]: ZOMBIE picked up DEAD_FIRE_CORAL_BLOCK
[01:10:58][EntityPickupItemEvent][Cancelled]: ZOMBIE picked up DEAD_TUBE_CORAL_BLOCK
[01:10:58][EntityPickupItemEvent][Cancelled]: ZOMBIE picked up DEAD_BRAIN_CORAL_BLOCK
[01:10:58][EntityPickupItemEvent][Cancelled]: ZOMBIE picked up DEAD_FIRE_CORAL_BLOCK
[01:10:58][EntityPickupItemEvent][Cancelled]: ZOMBIE picked up DEAD_TUBE_CORAL_BLOCK
[01:10:58][EntityPickupItemEvent][Cancelled]: ZOMBIE picked up DEAD_BRAIN_CORAL_BLOCK
[01:10:58][EntityPickupItemEvent][Cancelled]: ZOMBIE picked up DEAD_FIRE_CORAL_BLOCK
[01:10:58][EntityPickupItemEvent][Cancelled]: ZOMBIE picked up DEAD_TUBE_CORAL_BLOCK
[01:10:58][EntityPickupItemEvent][Cancelled]: ZOMBIE picked up DEAD_BRAIN_CORAL_BLOCK
[01:10:58][EntityPickupItemEvent][Cancelled]: ZOMBIE picked up DEAD_FIRE_CORAL_BLOCK
[01:10:58][EntityPickupItemEvent][Cancelled]: ZOMBIE picked up DEAD_TUBE_CORAL_BLOCK
[01:10:58][EntityPickupItemEvent][Cancelled]: ZOMBIE picked up DEAD_BRAIN_CORAL_BLOCK
[01:10:58][EntityPickupItemEvent][Cancelled]: ZOMBIE picked up DEAD_FIRE_CORAL_BLOCK
[01:10:58][EntityPickupItemEvent][Cancelled]: ZOMBIE picked up DEAD_TUBE_CORAL_BLOCK
[01:10:58][EntityPickupItemEvent][Cancelled]: ZOMBIE picked up DEAD_BRAIN_CORAL_BLOCK
[01:10:58][EntityPickupItemEvent][Cancelled]: ZOMBIE picked up DEAD_FIRE_CORAL_BLOCK
[01:10:58][EntityPickupItemEvent][Cancelled]: ZOMBIE picked up DEAD_TUBE_CORAL_BLOCK
[01:10:58][EntityPickupItemEvent][Cancelled]: ZOMBIE picked up DEAD_BRAIN_CORAL_BLOCK
[01:10:58][EntityPickupItemEvent][Cancelled]: ZOMBIE picked up DEAD_FIRE_CORAL_BLOCK
[01:10:59][EntityPickupItemEvent][Cancelled]: ZOMBIE picked up DEAD_TUBE_CORAL_BLOCK
[01:10:59][EntityPickupItemEvent][Cancelled]: ZOMBIE picked up DEAD_BRAIN_CORAL_BLOCK
[01:10:59][EntityPickupItemEvent][Cancelled]: ZOMBIE picked up DEAD_FIRE_CORAL_BLOCK
[01:10:59][EntityPickupItemEvent][Cancelled]: ZOMBIE picked up DEAD_TUBE_CORAL_BLOCK
[01:10:59][EntityPickupItemEvent][Cancelled]: ZOMBIE picked up DEAD_BRAIN_CORAL_BLOCK
[01:10:59][EntityPickupItemEvent][Cancelled]: ZOMBIE picked up DEAD_FIRE_CORAL_BLOCK
[01:10:59][EntityPickupItemEvent][Cancelled]: ZOMBIE picked up DEAD_TUBE_CORAL_BLOCK
[01:10:59][EntityPickupItemEvent][Cancelled]: ZOMBIE picked up DEAD_BRAIN_CORAL_BLOCK
[01:10:59][EntityPickupItemEvent][Cancelled]: ZOMBIE picked up DEAD_FIRE_CORAL_BLOCK
[01:10:59][EntityPickupItemEvent][Cancelled]: ZOMBIE picked up DEAD_TUBE_CORAL_BLOCK
[01:10:59][EntityPickupItemEvent][Cancelled]: ZOMBIE picked up DEAD_BRAIN_CORAL_BLOCK
[01:10:59][EntityPickupItemEvent][Cancelled]: ZOMBIE picked up DEAD_FIRE_CORAL_BLOCK
[01:10:59][EntityPickupItemEvent][Cancelled]: ZOMBIE picked up DEAD_TUBE_CORAL_BLOCK
[01:10:59][EntityPickupItemEvent][Cancelled]: ZOMBIE picked up DEAD_BRAIN_CORAL_BLOCK
[01:10:59][EntityPickupItemEvent][Cancelled]: ZOMBIE picked up DEAD_FIRE_CORAL_BLOCK
[01:10:59][EntityPickupItemEvent][Cancelled]: ZOMBIE picked up DEAD_TUBE_CORAL_BLOCK
[01:10:59][EntityPickupItemEvent][Cancelled]: ZOMBIE picked up DEAD_BRAIN_CORAL_BLOCK
[01:10:59][EntityPickupItemEvent][Cancelled]: ZOMBIE picked up DEAD_FIRE_CORAL_BLOCK
[01:10:59][EntityPickupItemEvent][Cancelled]: ZOMBIE picked up DEAD_TUBE_CORAL_BLOCK
[01:10:59][EntityPickupItemEvent][Cancelled]: ZOMBIE picked up DEAD_BRAIN_CORAL_BLOCK
[01:10:59][EntityPickupItemEvent][Cancelled]: ZOMBIE picked up DEAD_FIRE_CORAL_BLOCK
[01:10:59][EntityPickupItemEvent][Cancelled]: ZOMBIE picked up DEAD_TUBE_CORAL_BLOCK
[01:10:59][EntityPickupItemEvent][Cancelled]: ZOMBIE picked up DEAD_BRAIN_CORAL_BLOCK
[01:10:59][EntityPickupItemEvent][Cancelled]: ZOMBIE picked up DEAD_FIRE_CORAL_BLOCK
[01:10:59][EntityPickupItemEvent][Cancelled]: ZOMBIE picked up DEAD_TUBE_CORAL_BLOCK
[01:10:59][EntityPickupItemEvent][Cancelled]: ZOMBIE picked up DEAD_BRAIN_CORAL_BLOCK
[01:10:59][EntityPickupItemEvent][Cancelled]: ZOMBIE picked up DEAD_FIRE_CORAL_BLOCK
[01:10:59][EntityPickupItemEvent][Cancelled]: ZOMBIE picked up DEAD_TUBE_CORAL_BLOCK
[01:10:59][EntityPickupItemEvent][Cancelled]: ZOMBIE picked up DEAD_BRAIN_CORAL_BLOCK
[01:10:59][EntityPickupItemEvent][Cancelled]: ZOMBIE picked up DEAD_FIRE_CORAL_BLOCK
[01:10:59][EntityPickupItemEvent][Cancelled]: ZOMBIE picked up DEAD_TUBE_CORAL_BLOCK
[01:10:59][EntityPickupItemEvent][Cancelled]: ZOMBIE picked up DEAD_BRAIN_CORAL_BLOCK
[01:10:59][EntityPickupItemEvent][Cancelled]: ZOMBIE picked up DEAD_FIRE_CORAL_BLOCK
[01:10:59][EntityPickupItemEvent][Cancelled]: ZOMBIE picked up DEAD_TUBE_CORAL_BLOCK
[01:10:59][EntityPickupItemEvent][Cancelled]: ZOMBIE picked up DEAD_BRAIN_CORAL_BLOCK
[01:10:59][EntityPickupItemEvent][Cancelled]: ZOMBIE picked up DEAD_FIRE_CORAL_BLOCK
[01:10:59][EntityPickupItemEvent][Cancelled]: ZOMBIE picked up DEAD_TUBE_CORAL_BLOCK
[01:10:59][EntityPickupItemEvent][Cancelled]: ZOMBIE picked up DEAD_BRAIN_CORAL_BLOCK
[01:10:59][EntityPickupItemEvent][Cancelled]: ZOMBIE picked up DEAD_FIRE_CORAL_BLOCK
[01:10:59][EntityPickupItemEvent][Cancelled]: ZOMBIE picked up DEAD_TUBE_CORAL_BLOCK
[01:10:59][EntityPickupItemEvent][Cancelled]: ZOMBIE picked up DEAD_BRAIN_CORAL_BLOCK
[01:10:59][EntityPickupItemEvent][Cancelled]: ZOMBIE picked up DEAD_FIRE_CORAL_BLOCK
[01:10:59][EntityPickupItemEvent][Cancelled]: ZOMBIE picked up DEAD_TUBE_CORAL_BLOCK
[01:10:59][EntityPickupItemEvent][Cancelled]: ZOMBIE picked up DEAD_BRAIN_CORAL_BLOCK
[01:10:59][EntityPickupItemEvent][Cancelled]: ZOMBIE picked up DEAD_FIRE_CORAL_BLOCK
[01:10:59][EntityPickupItemEvent][Cancelled]: ZOMBIE picked up DEAD_TUBE_CORAL_BLOCK
[01:10:59][EntityPickupItemEvent][Cancelled]: ZOMBIE picked up DEAD_BRAIN_CORAL_BLOCK
[01:10:59][EntityPickupItemEvent][Cancelled]: ZOMBIE picked up DEAD_FIRE_CORAL_BLOCK
[01:10:59][EntityPickupItemEvent][Cancelled]: ZOMBIE picked up DEAD_TUBE_CORAL_BLOCK
[01:10:59][EntityPickupItemEvent][Cancelled]: ZOMBIE picked up DEAD_BRAIN_CORAL_BLOCK
[01:10:59][EntityPickupItemEvent][Cancelled]: ZOMBIE picked up DEAD_FIRE_CORAL_BLOCK
[01:10:59][EntityPickupItemEvent][Cancelled]: ZOMBIE picked up DEAD_TUBE_CORAL_BLOCK
[01:10:59][EntityPickupItemEvent][Cancelled]: ZOMBIE picked up DEAD_BRAIN_CORAL_BLOCK
[01:10:59][EntityPickupItemEvent][Cancelled]: ZOMBIE picked up DEAD_FIRE_CORAL_BLOCK
[01:10:59][EntityPickupItemEvent][Cancelled]: ZOMBIE picked up DEAD_TUBE_CORAL_BLOCK
[01:10:59][EntityPickupItemEvent][Cancelled]: ZOMBIE picked up DEAD_BRAIN_CORAL_BLOCK
[01:10:59][EntityPickupItemEvent][Cancelled]: ZOMBIE picked up DEAD_FIRE_CORAL_BLOCK
[01:10:59][EntityPickupItemEvent][Cancelled]: ZOMBIE picked up DEAD_TUBE_CORAL_BLOCK
[01:10:59][EntityPickupItemEvent][Cancelled]: ZOMBIE picked up DEAD_BRAIN_CORAL_BLOCK
[01:10:59][EntityPickupItemEvent][Cancelled]: ZOMBIE picked up DEAD_FIRE_CORAL_BLOCK
[01:11:00][EntityPickupItemEvent][Cancelled]: ZOMBIE picked up DEAD_TUBE_CORAL_BLOCK
[01:11:00][EntityPickupItemEvent][Cancelled]: ZOMBIE picked up DEAD_BRAIN_CORAL_BLOCK
[01:11:00][EntityPickupItemEvent][Cancelled]: ZOMBIE picked up DEAD_FIRE_CORAL_BLOCK
[01:11:00][EntityPickupItemEvent][Cancelled]: ZOMBIE picked up DEAD_TUBE_CORAL_BLOCK
[01:11:00][EntityPickupItemEvent][Cancelled]: ZOMBIE picked up DEAD_BRAIN_CORAL_BLOCK
[01:11:00][EntityPickupItemEvent][Cancelled]: ZOMBIE picked up DEAD_FIRE_CORAL_BLOCK
[01:11:00][EntityPickupItemEvent][Cancelled]: ZOMBIE picked up DEAD_TUBE_CORAL_BLOCK
[01:11:00][EntityPickupItemEvent][Cancelled]: ZOMBIE picked up DEAD_BRAIN_CORAL_BLOCK
[01:11:00][EntityPickupItemEvent][Cancelled]: ZOMBIE picked up DEAD_FIRE_CORAL_BLOCK
[01:11:00][EntityPickupItemEvent][Cancelled]: ZOMBIE picked up DEAD_TUBE_CORAL_BLOCK
[01:11:00][EntityPickupItemEvent][Cancelled]: ZOMBIE picked up DEAD_BRAIN_CORAL_BLOCK
[01:11:00][EntityPickupItemEvent][Cancelled]: ZOMBIE picked up DEAD_FIRE_CORAL_BLOCK
[01:11:00][EntityPickupItemEvent][Cancelled]: ZOMBIE picked up DEAD_TUBE_CORAL_BLOCK
[01:11:00][EntityPickupItemEvent][Cancelled]: ZOMBIE picked up DEAD_BRAIN_CORAL_BLOCK
[01:11:00][EntityPickupItemEvent][Cancelled]: ZOMBIE picked up DEAD_FIRE_CORAL_BLOCK
[01:11:00][EntityPickupItemEvent][Cancelled]: ZOMBIE picked up DEAD_TUBE_CORAL_BLOCK
[01:11:00][EntityPickupItemEvent][Cancelled]: ZOMBIE picked up DEAD_BRAIN_CORAL_BLOCK
[01:11:00][EntityPickupItemEvent][Cancelled]: ZOMBIE picked up DEAD_FIRE_CORAL_BLOCK
[01:11:00][EntityPickupItemEvent][Cancelled]: ZOMBIE picked up DEAD_TUBE_CORAL_BLOCK
[01:11:00][EntityPickupItemEvent][Cancelled]: ZOMBIE picked up DEAD_BRAIN_CORAL_BLOCK
[01:11:00][EntityPickupItemEvent][Cancelled]: ZOMBIE picked up DEAD_FIRE_CORAL_BLOCK
[01:11:00][EntityPickupItemEvent][Cancelled]: ZOMBIE picked up DEAD_TUBE_CORAL_BLOCK
[01:11:00][EntityPickupItemEvent][Cancelled]: ZOMBIE picked up DEAD_BRAIN_CORAL_BLOCK
[01:11:00][EntityPickupItemEvent][Cancelled]: ZOMBIE picked up DEAD_FIRE_CORAL_BLOCK
[01:11:00][EntityPickupItemEvent][Cancelled]: ZOMBIE picked up DEAD_TUBE_CORAL_BLOCK
[01:11:00][EntityPickupItemEvent][Cancelled]: ZOMBIE picked up DEAD_BRAIN_CORAL_BLOCK
[01:11:00][EntityPickupItemEvent][Cancelled]: ZOMBIE picked up DEAD_FIRE_CORAL_BLOCK
[01:11:00][EntityPickupItemEvent][Cancelled]: ZOMBIE picked up DEAD_TUBE_CORAL_BLOCK
[01:11:00][EntityPickupItemEvent][Cancelled]: ZOMBIE picked up DEAD_BRAIN_CORAL_BLOCK
[01:11:00][EntityPickupItemEvent][Cancelled]: ZOMBIE picked up DEAD_FIRE_CORAL_BLOCK
[01:11:00][EntityPickupItemEvent][Cancelled]: ZOMBIE picked up DEAD_TUBE_CORAL_BLOCK
[01:11:00][EntityPickupItemEvent][Cancelled]: ZOMBIE picked up DEAD_BRAIN_CORAL_BLOCK
[01:11:00][EntityPickupItemEvent][Cancelled]: ZOMBIE picked up DEAD_FIRE_CORAL_BLOCK
[01:11:00][EntityPickupItemEvent][Cancelled]: ZOMBIE picked up DEAD_TUBE_CORAL_BLOCK
[01:11:00][EntityPickupItemEvent][Cancelled]: ZOMBIE picked up DEAD_BRAIN_CORAL_BLOCK
[01:11:00][EntityPickupItemEvent][Cancelled]: ZOMBIE picked up DEAD_FIRE_CORAL_BLOCK
[01:11:00][EntityPickupItemEvent][Cancelled]: ZOMBIE picked up DEAD_TUBE_CORAL_BLOCK
[01:11:00][EntityPickupItemEvent][Cancelled]: ZOMBIE picked up DEAD_BRAIN_CORAL_BLOCK
[01:11:00][EntityPickupItemEvent][Cancelled]: ZOMBIE picked up DEAD_FIRE_CORAL_BLOCK
[01:11:00][EntityPickupItemEvent][Cancelled]: ZOMBIE picked up DEAD_TUBE_CORAL_BLOCK
[01:11:00][EntityPickupItemEvent][Cancelled]: ZOMBIE picked up DEAD_BRAIN_CORAL_BLOCK
[01:11:00][EntityPickupItemEvent][Cancelled]: ZOMBIE picked up DEAD_FIRE_CORAL_BLOCK
[01:11:00][EntityPickupItemEvent][Cancelled]: ZOMBIE picked up DEAD_TUBE_CORAL_BLOCK
[01:11:00][EntityPickupItemEvent][Cancelled]: ZOMBIE picked up DEAD_BRAIN_CORAL_BLOCK
[01:11:00][EntityPickupItemEvent][Cancelled]: ZOMBIE picked up DEAD_FIRE_CORAL_BLOCK
[01:11:00][EntityPickupItemEvent][Cancelled]: ZOMBIE picked up DEAD_TUBE_CORAL_BLOCK
[01:11:00][EntityPickupItemEvent][Cancelled]: ZOMBIE picked up DEAD_BRAIN_CORAL_BLOCK
[01:11:00][EntityPickupItemEvent][Cancelled]: ZOMBIE picked up DEAD_FIRE_CORAL_BLOCK
[01:11:00][EntityPickupItemEvent][Cancelled]: ZOMBIE picked up DEAD_TUBE_CORAL_BLOCK
[01:11:00][EntityPickupItemEvent][Cancelled]: ZOMBIE picked up DEAD_BRAIN_CORAL_BLOCK
[01:11:00][EntityPickupItemEvent][Cancelled]: ZOMBIE picked up DEAD_FIRE_CORAL_BLOCK
[01:11:00][EntityPickupItemEvent][Cancelled]: ZOMBIE picked up DEAD_TUBE_CORAL_BLOCK
[01:11:00][EntityPickupItemEvent][Cancelled]: ZOMBIE picked up DEAD_BRAIN_CORAL_BLOCK
[01:11:00][EntityPickupItemEvent][Cancelled]: ZOMBIE picked up DEAD_FIRE_CORAL_BLOCK
[01:11:00][EntityPickupItemEvent][Cancelled]: ZOMBIE picked up DEAD_TUBE_CORAL_BLOCK
[01:11:00][EntityPickupItemEvent][Cancelled]: ZOMBIE picked up DEAD_BRAIN_CORAL_BLOCK
[01:11:00][EntityPickupItemEvent][Cancelled]: ZOMBIE picked up DEAD_FIRE_CORAL_BLOCK
[01:11:00][EntityPickupItemEvent][Cancelled]: ZOMBIE picked up DEAD_TUBE_CORAL_BLOCK
[01:11:00][EntityPickupItemEvent][Cancelled]: ZOMBIE picked up DEAD_BRAIN_CORAL_BLOCK
[01:11:00][EntityPickupItemEvent][Cancelled]: ZOMBIE picked up DEAD_FIRE_CORAL_BLOCK
[01:11:01][EntityPickupItemEvent][Cancelled]: ZOMBIE picked up DEAD_TUBE_CORAL_BLOCK
[01:11:01][EntityPickupItemEvent][Cancelled]: ZOMBIE picked up DEAD_BRAIN_CORAL_BLOCK
[01:11:01][EntityPickupItemEvent][Cancelled]: ZOMBIE picked up DEAD_FIRE_CORAL_BLOCK
[01:11:01][EntityPickupItemEvent][Cancelled]: ZOMBIE picked up DEAD_TUBE_CORAL_BLOCK
[01:11:01][EntityPickupItemEvent][Cancelled]: ZOMBIE picked up DEAD_BRAIN_CORAL_BLOCK
[01:11:01][EntityPickupItemEvent][Cancelled]: ZOMBIE picked up DEAD_FIRE_CORAL_BLOCK
[01:11:01][EntityPickupItemEvent][Cancelled]: ZOMBIE picked up DEAD_TUBE_CORAL_BLOCK
[01:11:01][EntityPickupItemEvent][Cancelled]: ZOMBIE picked up DEAD_BRAIN_CORAL_BLOCK
[01:11:01][EntityPickupItemEvent][Cancelled]: ZOMBIE picked up DEAD_FIRE_CORAL_BLOCK
[01:11:01][EntityPickupItemEvent][Cancelled]: ZOMBIE picked up DEAD_TUBE_CORAL_BLOCK
[01:11:01][EntityPickupItemEvent][Cancelled]: ZOMBIE picked up DEAD_BRAIN_CORAL_BLOCK
[01:11:01][EntityPickupItemEvent][Cancelled]: ZOMBIE picked up DEAD_FIRE_CORAL_BLOCK
[01:11:01][EntityPickupItemEvent][Cancelled]: ZOMBIE picked up DEAD_TUBE_CORAL_BLOCK
[01:11:01][EntityPickupItemEvent][Cancelled]: ZOMBIE picked up DEAD_BRAIN_CORAL_BLOCK
[01:11:01][EntityPickupItemEvent][Cancelled]: ZOMBIE picked up DEAD_FIRE_CORAL_BLOCK
[01:11:01][EntityPickupItemEvent][Cancelled]: ZOMBIE picked up DEAD_TUBE_CORAL_BLOCK
[01:11:01][EntityPickupItemEvent][Cancelled]: ZOMBIE picked up DEAD_BRAIN_CORAL_BLOCK
[01:11:01][EntityPickupItemEvent][Cancelled]: ZOMBIE picked up DEAD_FIRE_CORAL_BLOCK
[01:11:01][EntityPickupItemEvent][Cancelled]: ZOMBIE picked up DEAD_TUBE_CORAL_BLOCK
[01:11:01][EntityPickupItemEvent][Cancelled]: ZOMBIE picked up DEAD_BRAIN_CORAL_BLOCK
[01:11:01][EntityPickupItemEvent][Cancelled]: ZOMBIE picked up DEAD_FIRE_CORAL_BLOCK
[01:11:01][EntityPickupItemEvent][Cancelled]: ZOMBIE picked up DEAD_TUBE_CORAL_BLOCK
[01:11:01][EntityPickupItemEvent][Cancelled]: ZOMBIE picked up DEAD_BRAIN_CORAL_BLOCK
[01:11:01][EntityPickupItemEvent][Cancelled]: ZOMBIE picked up DEAD_FIRE_CORAL_BLOCK
[01:11:01][EntityPickupItemEvent][Cancelled]: ZOMBIE picked up DEAD_TUBE_CORAL_BLOCK
[01:11:01][EntityPickupItemEvent][Cancelled]: ZOMBIE picked up DEAD_BRAIN_CORAL_BLOCK
[01:11:01][EntityPickupItemEvent][Cancelled]: ZOMBIE picked up DEAD_FIRE_CORAL_BLOCK
[01:11:01][EntityPickupItemEvent][Cancelled]: ZOMBIE picked up DEAD_TUBE_CORAL_BLOCK
[01:11:01][EntityPickupItemEvent][Cancelled]: ZOMBIE picked up DEAD_BRAIN_CORAL_BLOCK
[01:11:01][EntityPickupItemEvent][Cancelled]: ZOMBIE picked up DEAD_FIRE_CORAL_BLOCK
[01:11:01][EntityPickupItemEvent][Cancelled]: ZOMBIE picked up DEAD_TUBE_CORAL_BLOCK
[01:11:01][EntityPickupItemEvent][Cancelled]: ZOMBIE picked up DEAD_BRAIN_CORAL_BLOCK
[01:11:01][EntityPickupItemEvent][Cancelled]: ZOMBIE picked up DEAD_FIRE_CORAL_BLOCK
[01:11:01][EntityPickupItemEvent][Cancelled]: ZOMBIE picked up DEAD_TUBE_CORAL_BLOCK
[01:11:01][EntityPickupItemEvent][Cancelled]: ZOMBIE picked up DEAD_BRAIN_CORAL_BLOCK
[01:11:01][EntityPickupItemEvent][Cancelled]: ZOMBIE picked up DEAD_FIRE_CORAL_BLOCK
[01:11:01][EntityPickupItemEvent][Cancelled]: ZOMBIE picked up DEAD_TUBE_CORAL_BLOCK
[01:11:01][EntityPickupItemEvent][Cancelled]: ZOMBIE picked up DEAD_BRAIN_CORAL_BLOCK
[01:11:01][EntityPickupItemEvent][Cancelled]: ZOMBIE picked up DEAD_FIRE_CORAL_BLOCK
[01:11:01][EntityPickupItemEvent][Cancelled]: ZOMBIE picked up DEAD_TUBE_CORAL_BLOCK
[01:11:01][EntityPickupItemEvent][Cancelled]: ZOMBIE picked up DEAD_BRAIN_CORAL_BLOCK
[01:11:01][EntityPickupItemEvent][Cancelled]: ZOMBIE picked up DEAD_FIRE_CORAL_BLOCK
[01:11:01][EntityPickupItemEvent][Cancelled]: ZOMBIE picked up DEAD_TUBE_CORAL_BLOCK
[01:11:01][EntityPickupItemEvent][Cancelled]: ZOMBIE picked up DEAD_BRAIN_CORAL_BLOCK
[01:11:01][EntityPickupItemEvent][Cancelled]: ZOMBIE picked up DEAD_FIRE_CORAL_BLOCK
[01:11:01][EntityPickupItemEvent][Cancelled]: ZOMBIE picked up DEAD_TUBE_CORAL_BLOCK
[01:11:01][EntityPickupItemEvent][Cancelled]: ZOMBIE picked up DEAD_BRAIN_CORAL_BLOCK
[01:11:01][EntityPickupItemEvent][Cancelled]: ZOMBIE picked up DEAD_FIRE_CORAL_BLOCK
[01:11:01][EntityPickupItemEvent][Cancelled]: ZOMBIE picked up DEAD_TUBE_CORAL_BLOCK
[01:11:01][EntityPickupItemEvent][Cancelled]: ZOMBIE picked up DEAD_BRAIN_CORAL_BLOCK
[01:11:01][EntityPickupItemEvent][Cancelled]: ZOMBIE picked up DEAD_FIRE_CORAL_BLOCK
[01:11:01][EntityPickupItemEvent][Cancelled]: ZOMBIE picked up DEAD_TUBE_CORAL_BLOCK
[01:11:01][EntityPickupItemEvent][Cancelled]: ZOMBIE picked up DEAD_BRAIN_CORAL_BLOCK
[01:11:01][EntityPickupItemEvent][Cancelled]: ZOMBIE picked up DEAD_FIRE_CORAL_BLOCK
[01:11:01][EntityPickupItemEvent][Cancelled]: ZOMBIE picked up DEAD_TUBE_CORAL_BLOCK
[01:11:01][EntityPickupItemEvent][Cancelled]: ZOMBIE picked up DEAD_BRAIN_CORAL_BLOCK
[01:11:01][EntityPickupItemEvent][Cancelled]: ZOMBIE picked up DEAD_FIRE_CORAL_BLOCK
[01:11:01][EntityPickupItemEvent][Cancelled]: ZOMBIE picked up DEAD_TUBE_CORAL_BLOCK
[01:11:01][EntityPickupItemEvent][Cancelled]: ZOMBIE picked up DEAD_BRAIN_CORAL_BLOCK
[01:11:01][EntityPickupItemEvent][Cancelled]: ZOMBIE picked up DEAD_FIRE_CORAL_BLOCK
[01:11:02][EntityPickupItemEvent][Cancelled]: ZOMBIE picked up DEAD_TUBE_CORAL_BLOCK
[01:11:02][EntityPickupItemEvent][Cancelled]: ZOMBIE picked up DEAD_BRAIN_CORAL_BLOCK
[01:11:02][EntityPickupItemEvent][Cancelled]: ZOMBIE picked up DEAD_FIRE_CORAL_BLOCK
[01:11:02][EntityPickupItemEvent][Cancelled]: ZOMBIE picked up DEAD_TUBE_CORAL_BLOCK
[01:11:02][EntityPickupItemEvent][Cancelled]: ZOMBIE picked up DEAD_BRAIN_CORAL_BLOCK
[01:11:02][EntityPickupItemEvent][Cancelled]: ZOMBIE picked up DEAD_FIRE_CORAL_BLOCK
[01:11:02][EntityPickupItemEvent][Cancelled]: ZOMBIE picked up DEAD_TUBE_CORAL_BLOCK
[01:11:02][EntityPickupItemEvent][Cancelled]: ZOMBIE picked up DEAD_BRAIN_CORAL_BLOCK
[01:11:02][EntityPickupItemEvent][Cancelled]: ZOMBIE picked up DEAD_FIRE_CORAL_BLOCK
[01:11:02][EntityPickupItemEvent][Cancelled]: ZOMBIE picked up DEAD_TUBE_CORAL_BLOCK
[01:11:02][EntityPickupItemEvent][Cancelled]: ZOMBIE picked up DEAD_BRAIN_CORAL_BLOCK
[01:11:02][EntityPickupItemEvent][Cancelled]: ZOMBIE picked up DEAD_FIRE_CORAL_BLOCK
[01:11:02][EntityPickupItemEvent][Cancelled]: ZOMBIE picked up DEAD_TUBE_CORAL_BLOCK
[01:11:02][EntityPickupItemEvent][Cancelled]: ZOMBIE picked up DEAD_BRAIN_CORAL_BLOCK
[01:11:02][EntityPickupItemEvent][Cancelled]: ZOMBIE picked up DEAD_FIRE_CORAL_BLOCK
[01:11:02][EntityPickupItemEvent][Cancelled]: ZOMBIE picked up DEAD_TUBE_CORAL_BLOCK
[01:11:02][EntityPickupItemEvent][Cancelled]: ZOMBIE picked up DEAD_BRAIN_CORAL_BLOCK
[01:11:02][EntityPickupItemEvent][Cancelled]: ZOMBIE picked up DEAD_FIRE_CORAL_BLOCK
[01:11:02][EntityPickupItemEvent][Cancelled]: ZOMBIE picked up DEAD_TUBE_CORAL_BLOCK
[01:11:02][EntityPickupItemEvent][Cancelled]: ZOMBIE picked up DEAD_BRAIN_CORAL_BLOCK
[01:11:02][EntityPickupItemEvent][Cancelled]: ZOMBIE picked up DEAD_FIRE_CORAL_BLOCK
[01:11:02][EntityPickupItemEvent][Cancelled]: ZOMBIE picked up DEAD_TUBE_CORAL_BLOCK
[01:11:02][EntityPickupItemEvent][Cancelled]: ZOMBIE picked up DEAD_BRAIN_CORAL_BLOCK
[01:11:02][EntityPickupItemEvent][Cancelled]: ZOMBIE picked up DEAD_FIRE_CORAL_BLOCK
[01:11:02][EntityPickupItemEvent][Cancelled]: ZOMBIE picked up DEAD_TUBE_CORAL_BLOCK
[01:11:02][EntityPickupItemEvent][Cancelled]: ZOMBIE picked up DEAD_BRAIN_CORAL_BLOCK
[01:11:02][EntityPickupItemEvent][Cancelled]: ZOMBIE picked up DEAD_FIRE_CORAL_BLOCK
[01:11:02][EntityPickupItemEvent][Cancelled]: ZOMBIE picked up DEAD_TUBE_CORAL_BLOCK
[01:11:02][EntityPickupItemEvent][Cancelled]: ZOMBIE picked up DEAD_BRAIN_CORAL_BLOCK
[01:11:02][EntityPickupItemEvent][Cancelled]: ZOMBIE picked up DEAD_FIRE_CORAL_BLOCK
[01:11:02][EntityPickupItemEvent][Cancelled]: ZOMBIE picked up DEAD_TUBE_CORAL_BLOCK
[01:11:02][EntityPickupItemEvent][Cancelled]: ZOMBIE picked up DEAD_BRAIN_CORAL_BLOCK
[01:11:02][EntityPickupItemEvent][Cancelled]: ZOMBIE picked up DEAD_FIRE_CORAL_BLOCK
[01:11:02][EntityPickupItemEvent][Cancelled]: ZOMBIE picked up DEAD_TUBE_CORAL_BLOCK
[01:11:02][EntityPickupItemEvent][Cancelled]: ZOMBIE picked up DEAD_BRAIN_CORAL_BLOCK
[01:11:02][EntityPickupItemEvent][Cancelled]: ZOMBIE picked up DEAD_FIRE_CORAL_BLOCK
[01:11:02][EntityPickupItemEvent][Cancelled]: ZOMBIE picked up DEAD_TUBE_CORAL_BLOCK
[01:11:02][EntityPickupItemEvent][Cancelled]: ZOMBIE picked up DEAD_BRAIN_CORAL_BLOCK
[01:11:02][EntityPickupItemEvent][Cancelled]: ZOMBIE picked up DEAD_FIRE_CORAL_BLOCK
[01:11:02][EntityPickupItemEvent][Cancelled]: ZOMBIE picked up DEAD_TUBE_CORAL_BLOCK
[01:11:02][EntityPickupItemEvent][Cancelled]: ZOMBIE picked up DEAD_BRAIN_CORAL_BLOCK
[01:11:02][EntityPickupItemEvent][Cancelled]: ZOMBIE picked up DEAD_FIRE_CORAL_BLOCK
[01:11:02][EntityPickupItemEvent][Cancelled]: ZOMBIE picked up DEAD_TUBE_CORAL_BLOCK
[01:11:02][EntityPickupItemEvent][Cancelled]: ZOMBIE picked up DEAD_BRAIN_CORAL_BLOCK
[01:11:02][EntityPickupItemEvent][Cancelled]: ZOMBIE picked up DEAD_FIRE_CORAL_BLOCK
[01:11:02][EntityPickupItemEvent][Cancelled]: ZOMBIE picked up DEAD_TUBE_CORAL_BLOCK
[01:11:02][EntityPickupItemEvent][Cancelled]: ZOMBIE picked up DEAD_BRAIN_CORAL_BLOCK
[01:11:02][EntityPickupItemEvent][Cancelled]: ZOMBIE picked up DEAD_FIRE_CORAL_BLOCK
[01:11:02][EntityPickupItemEvent][Cancelled]: ZOMBIE picked up DEAD_TUBE_CORAL_BLOCK
[01:11:02][EntityPickupItemEvent][Cancelled]: ZOMBIE picked up DEAD_BRAIN_CORAL_BLOCK
[01:11:02][EntityPickupItemEvent][Cancelled]: ZOMBIE picked up DEAD_FIRE_CORAL_BLOCK
[01:11:02][EntityPickupItemEvent][Cancelled]: ZOMBIE picked up DEAD_TUBE_CORAL_BLOCK
[01:11:02][EntityPickupItemEvent][Cancelled]: ZOMBIE picked up DEAD_BRAIN_CORAL_BLOCK
[01:11:02][EntityPickupItemEvent][Cancelled]: ZOMBIE picked up DEAD_FIRE_CORAL_BLOCK
[01:11:02][EntityPickupItemEvent][Cancelled]: ZOMBIE picked up DEAD_TUBE_CORAL_BLOCK
[01:11:02][EntityPickupItemEvent][Cancelled]: ZOMBIE picked up DEAD_BRAIN_CORAL_BLOCK
[01:11:02][EntityPickupItemEvent][Cancelled]: ZOMBIE picked up DEAD_FIRE_CORAL_BLOCK
[01:11:02][EntityPickupItemEvent][Cancelled]: ZOMBIE picked up DEAD_TUBE_CORAL_BLOCK
[01:11:02][EntityPickupItemEvent][Cancelled]: ZOMBIE picked up DEAD_BRAIN_CORAL_BLOCK
[01:11:02][EntityPickupItemEvent][Cancelled]: ZOMBIE picked up DEAD_FIRE_CORAL_BLOCK
[01:11:03][EntityPickupItemEvent][Cancelled]: ZOMBIE picked up DEAD_TUBE_CORAL_BLOCK
[01:11:03][EntityPickupItemEvent][Cancelled]: ZOMBIE picked up DEAD_BRAIN_CORAL_BLOCK
[01:11:03][EntityPickupItemEvent][Cancelled]: ZOMBIE picked up DEAD_FIRE_CORAL_BLOCK
[01:11:03][EntityPickupItemEvent][Cancelled]: ZOMBIE picked up DEAD_TUBE_CORAL_BLOCK
[01:11:03][EntityPickupItemEvent][Cancelled]: ZOMBIE picked up DEAD_BRAIN_CORAL_BLOCK
[01:11:03][EntityPickupItemEvent][Cancelled]: ZOMBIE picked up DEAD_FIRE_CORAL_BLOCK
[01:11:03][EntityPickupItemEvent][Cancelled]: ZOMBIE picked up DEAD_TUBE_CORAL_BLOCK
[01:11:03][EntityPickupItemEvent][Cancelled]: ZOMBIE picked up DEAD_BRAIN_CORAL_BLOCK
[01:11:03][EntityPickupItemEvent][Cancelled]: ZOMBIE picked up DEAD_FIRE_CORAL_BLOCK
[01:11:03][EntityPickupItemEvent][Cancelled]: ZOMBIE picked up DEAD_TUBE_CORAL_BLOCK
[01:11:03][EntityPickupItemEvent][Cancelled]: ZOMBIE picked up DEAD_BRAIN_CORAL_BLOCK
[01:11:03][EntityPickupItemEvent][Cancelled]: ZOMBIE picked up DEAD_FIRE_CORAL_BLOCK
[01:11:03][EntityPickupItemEvent][Cancelled]: ZOMBIE picked up DEAD_TUBE_CORAL_BLOCK
[01:11:03][EntityPickupItemEvent][Cancelled]: ZOMBIE picked up DEAD_BRAIN_CORAL_BLOCK
[01:11:03][EntityPickupItemEvent][Cancelled]: ZOMBIE picked up DEAD_FIRE_CORAL_BLOCK
[01:11:03][EntityPickupItemEvent][Cancelled]: ZOMBIE picked up DEAD_TUBE_CORAL_BLOCK
[01:11:03][EntityPickupItemEvent][Cancelled]: ZOMBIE picked up DEAD_BRAIN_CORAL_BLOCK
[01:11:03][EntityPickupItemEvent][Cancelled]: ZOMBIE picked up DEAD_FIRE_CORAL_BLOCK
[01:11:03][EntityPickupItemEvent][Cancelled]: ZOMBIE picked up DEAD_TUBE_CORAL_BLOCK
[01:11:03][EntityPickupItemEvent][Cancelled]: ZOMBIE picked up DEAD_BRAIN_CORAL_BLOCK
[01:11:03][EntityPickupItemEvent][Cancelled]: ZOMBIE picked up DEAD_FIRE_CORAL_BLOCK
[01:11:03][EntityPickupItemEvent][Cancelled]: ZOMBIE picked up DEAD_TUBE_CORAL_BLOCK
[01:11:03][EntityPickupItemEvent][Cancelled]: ZOMBIE picked up DEAD_BRAIN_CORAL_BLOCK
[01:11:03][EntityPickupItemEvent][Cancelled]: ZOMBIE picked up DEAD_FIRE_CORAL_BLOCK
[01:11:03][EntityPickupItemEvent][Cancelled]: ZOMBIE picked up DEAD_TUBE_CORAL_BLOCK
[01:11:03][EntityPickupItemEvent][Cancelled]: ZOMBIE picked up DEAD_BRAIN_CORAL_BLOCK
[01:11:03][EntityPickupItemEvent][Cancelled]: ZOMBIE picked up DEAD_FIRE_CORAL_BLOCK
[01:11:03][EntityPickupItemEvent][Cancelled]: ZOMBIE picked up DEAD_TUBE_CORAL_BLOCK
[01:11:03][EntityPickupItemEvent][Cancelled]: ZOMBIE picked up DEAD_BRAIN_CORAL_BLOCK
[01:11:03][EntityPickupItemEvent][Cancelled]: ZOMBIE picked up DEAD_FIRE_CORAL_BLOCK
[01:11:03][EntityPickupItemEvent][Cancelled]: ZOMBIE picked up DEAD_TUBE_CORAL_BLOCK
[01:11:03][EntityPickupItemEvent][Cancelled]: ZOMBIE picked up DEAD_BRAIN_CORAL_BLOCK
[01:11:03][EntityPickupItemEvent][Cancelled]: ZOMBIE picked up DEAD_FIRE_CORAL_BLOCK
[01:11:03][EntityPickupItemEvent][Cancelled]: ZOMBIE picked up DEAD_TUBE_CORAL_BLOCK
[01:11:03][EntityPickupItemEvent][Cancelled]: ZOMBIE picked up DEAD_BRAIN_CORAL_BLOCK
[01:11:03][EntityPickupItemEvent][Cancelled]: ZOMBIE picked up DEAD_FIRE_CORAL_BLOCK
[01:11:03][EntityPickupItemEvent][Cancelled]: ZOMBIE picked up DEAD_TUBE_CORAL_BLOCK
[01:11:03][EntityPickupItemEvent][Cancelled]: ZOMBIE picked up DEAD_BRAIN_CORAL_BLOCK
[01:11:03][EntityPickupItemEvent][Cancelled]: ZOMBIE picked up DEAD_FIRE_CORAL_BLOCK
[01:11:03][EntityPickupItemEvent][Cancelled]: ZOMBIE picked up DEAD_TUBE_CORAL_BLOCK
[01:11:03][EntityPickupItemEvent][Cancelled]: ZOMBIE picked up DEAD_BRAIN_CORAL_BLOCK
[01:11:03][EntityPickupItemEvent][Cancelled]: ZOMBIE picked up DEAD_FIRE_CORAL_BLOCK
[01:11:03][EntityPickupItemEvent][Cancelled]: ZOMBIE picked up DEAD_TUBE_CORAL_BLOCK
[01:11:03][EntityPickupItemEvent][Cancelled]: ZOMBIE picked up DEAD_BRAIN_CORAL_BLOCK
[01:11:03][EntityPickupItemEvent][Cancelled]: ZOMBIE picked up DEAD_FIRE_CORAL_BLOCK
[01:11:03][EntityPickupItemEvent][Cancelled]: ZOMBIE picked up DEAD_TUBE_CORAL_BLOCK
[01:11:03][EntityPickupItemEvent][Cancelled]: ZOMBIE picked up DEAD_BRAIN_CORAL_BLOCK
[01:11:03][EntityPickupItemEvent][Cancelled]: ZOMBIE picked up DEAD_FIRE_CORAL_BLOCK
[01:11:03][EntityPickupItemEvent][Cancelled]: ZOMBIE picked up DEAD_TUBE_CORAL_BLOCK
[01:11:03][EntityPickupItemEvent][Cancelled]: ZOMBIE picked up DEAD_BRAIN_CORAL_BLOCK
[01:11:03][EntityPickupItemEvent][Cancelled]: ZOMBIE picked up DEAD_FIRE_CORAL_BLOCK
[01:11:03][EntityPickupItemEvent][Cancelled]: ZOMBIE picked up DEAD_TUBE_CORAL_BLOCK
[01:11:03][EntityPickupItemEvent][Cancelled]: ZOMBIE picked up DEAD_BRAIN_CORAL_BLOCK
[01:11:03][EntityPickupItemEvent][Cancelled]: ZOMBIE picked up DEAD_TUBE_CORAL_BLOCK
[01:11:03][EntityPickupItemEvent][Cancelled]: ZOMBIE picked up DEAD_BRAIN_CORAL_BLOCK
[01:11:03][EntityPickupItemEvent][Cancelled]: ZOMBIE picked up DEAD_TUBE_CORAL_BLOCK
[01:11:03][EntityPickupItemEvent][Cancelled]: ZOMBIE picked up DEAD_BRAIN_CORAL_BLOCK
[01:11:04][EntityPickupItemEvent][Cancelled]: ZOMBIE picked up DEAD_TUBE_CORAL_BLOCK
[01:11:04][EntityPickupItemEvent][Cancelled]: ZOMBIE picked up DEAD_BRAIN_CORAL_BLOCK
[01:11:04][EntityPickupItemEvent][Cancelled]: ZOMBIE picked up DEAD_TUBE_CORAL_BLOCK
[01:11:04][EntityPickupItemEvent][Cancelled]: ZOMBIE picked up DEAD_BRAIN_CORAL_BLOCK
[01:11:04][EntityPickupItemEvent][Cancelled]: ZOMBIE picked up DEAD_TUBE_CORAL_BLOCK
[01:11:04][EntityPickupItemEvent][Cancelled]: ZOMBIE picked up DEAD_BRAIN_CORAL_BLOCK
[01:11:04][EntityPickupItemEvent][Cancelled]: ZOMBIE picked up DEAD_TUBE_CORAL_BLOCK
[01:11:04][EntityPickupItemEvent][Cancelled]: ZOMBIE picked up DEAD_TUBE_CORAL_BLOCK
[01:11:04][EntityPickupItemEvent][Cancelled]: ZOMBIE picked up DEAD_TUBE_CORAL_BLOCK
[01:11:04][EntityPickupItemEvent][Cancelled]: ZOMBIE picked up DEAD_TUBE_CORAL_BLOCK
[01:11:04][EntityPickupItemEvent][Cancelled]: ZOMBIE picked up DEAD_TUBE_CORAL_BLOCK
