[01:06:10][BlockBurnEvent]: a block minecraft:oak_planks burned on [world;-235;26;-1712]
[01:06:16][BlockBurnEvent]: a block minecraft:oak_planks burned on [world;-213;32;-1699]
[01:06:18][BlockBurnEvent]: a block minecraft:oak_fence[east=false,north=true,south=false,waterlogged=false,west=false] burned on [world;-213;30;-1699]
[01:06:26][BlockBurnEvent]: a block minecraft:oak_fence[east=false,north=false,south=true,waterlogged=false,west=false] burned on [world;-148;29;-1927]
[01:06:29][BlockBurnEvent]: a block minecraft:oak_planks burned on [world;175;21;-2219]
[01:06:29][BlockBurnEvent]: a block minecraft:oak_fence[east=false,north=false,south=true,waterlogged=false,west=false] burned on [world;175;20;-2218]
[01:06:31][BlockBurnEvent]: a block minecraft:oak_planks burned on [world;184;11;-2217]
[01:06:32][BlockBurnEvent]: a block minecraft:oak_planks burned on [world;184;11;-2216]
[01:06:32][BlockBurnEvent]: a block minecraft:oak_planks burned on [world;175;21;-2218]
[01:06:33][BlockBurnEvent]: a block minecraft:oak_planks burned on [world;163;12;-2231]
[01:06:34][BlockBurnEvent]: a block minecraft:oak_planks burned on [world;178;12;-2241]
[01:06:34][BlockBurnEvent]: a block minecraft:oak_planks burned on [world;196;11;-2269]
[01:06:34][BlockBurnEvent]: a block minecraft:oak_planks burned on [world;175;12;-2253]
[01:06:35][BlockBurnEvent]: a block minecraft:oak_planks burned on [world;228;13;-2226]
[01:06:35][BlockBurnEvent]: a block minecraft:oak_planks burned on [world;-134;32;-2150]
[01:06:35][BlockBurnEvent]: a block minecraft:oak_planks burned on [world;175;12;-2252]
[01:06:35][BlockBurnEvent]: a block minecraft:oak_planks burned on [world;180;12;-2243]
[01:06:35][BlockBurnEvent]: a block minecraft:oak_fence[east=false,north=false,south=true,waterlogged=false,west=false] burned on [world;193;12;-2241]
[01:06:35][BlockBurnEvent]: a block minecraft:oak_planks burned on [world;175;12;-2255]
[01:06:35][BlockBurnEvent]: a block minecraft:oak_planks burned on [world;176;12;-2255]
[01:06:35][BlockBurnEvent]: a block minecraft:oak_planks burned on [world;179;12;-2241]
[01:06:36][BlockBurnEvent]: a block minecraft:oak_planks burned on [world;194;11;-2241]
[01:06:36][BlockBurnEvent]: a block minecraft:oak_planks burned on [world;163;12;-2232]
[01:06:36][BlockBurnEvent]: a block minecraft:oak_planks burned on [world;228;13;-2227]
[01:06:36][BlockBurnEvent]: a block minecraft:oak_planks burned on [world;193;11;-2241]
[01:06:37][BlockBurnEvent]: a block minecraft:oak_fence[east=true,north=false,south=false,waterlogged=false,west=false] burned on [world;205;36;-2377]
[01:06:37][BlockBurnEvent]: a block minecraft:oak_planks burned on [world;202;11;-2243]
[01:06:37][BlockBurnEvent]: a block minecraft:oak_planks burned on [world;205;11;-2231]
[01:06:37][BlockBurnEvent]: a block minecraft:oak_planks burned on [world;196;11;-2244]
[01:06:38][BlockBurnEvent]: a block minecraft:oak_planks burned on [world;195;11;-2269]
[01:06:38][BlockBurnEvent]: a block minecraft:oak_planks burned on [world;195;11;-2243]
[01:06:38][BlockBurnEvent]: a block minecraft:oak_planks burned on [world;185;11;-2217]
[01:06:38][BlockBurnEvent]: a block minecraft:oak_planks burned on [world;167;17;-2202]
[01:06:38][BlockBurnEvent]: a block minecraft:oak_planks burned on [world;193;11;-2242]
[01:06:38][BlockBurnEvent]: a block minecraft:oak_fence[east=false,north=false,south=true,waterlogged=false,west=false] burned on [world;207;13;-2231]
[01:06:38][BlockBurnEvent]: a block minecraft:oak_fence[east=false,north=false,south=true,waterlogged=false,west=false] burned on [world;175;19;-2218]
[01:06:38][BlockBurnEvent]: a block minecraft:oak_planks burned on [world;206;11;-2231]
[01:06:39][BlockBurnEvent]: a block minecraft:oak_planks burned on [world;226;13;-2225]
[01:06:39][BlockBurnEvent]: a block minecraft:oak_planks burned on [world;207;11;-2231]
[01:06:39][BlockBurnEvent]: a block minecraft:oak_planks burned on [world;176;12;-2254]
[01:06:39][BlockBurnEvent]: a block minecraft:oak_fence[east=false,north=true,south=false,waterlogged=false,west=false] burned on [world;175;20;-2220]
[01:06:40][BlockBurnEvent]: a block minecraft:oak_planks burned on [world;163;12;-2234]
[01:06:40][BlockBurnEvent]: a block minecraft:oak_fence[east=false,north=false,south=false,waterlogged=false,west=false] burned on [world;203;12;-2243]
[01:06:40][BlockBurnEvent]: a block minecraft:oak_planks burned on [world;162;12;-2233]
[01:06:41][BlockBurnEvent]: a block minecraft:oak_planks burned on [world;202;11;-2250]
[01:06:41][BlockBurnEvent]: a block minecraft:oak_planks burned on [world;175;21;-2220]
[01:06:41][BlockBurnEvent]: a block minecraft:oak_planks burned on [world;175;12;-2254]
[01:06:41][BlockBurnEvent]: a block minecraft:oak_planks burned on [world;174;12;-2254]
[01:06:41][BlockBurnEvent]: a block minecraft:oak_planks burned on [world;199;12;-2243]
[01:06:41][BlockBurnEvent]: a block minecraft:oak_planks burned on [world;202;11;-2247]
[01:06:41][BlockBurnEvent]: a block minecraft:oak_planks burned on [world;176;12;-2241]
[01:06:42][BlockBurnEvent]: a block minecraft:oak_planks burned on [world;179;12;-2242]
[01:06:42][BlockBurnEvent]: a block minecraft:oak_planks burned on [world;192;11;-2241]
[01:06:42][BlockBurnEvent]: a block minecraft:oak_planks burned on [world;156;17;-2208]
[01:06:42][BlockBurnEvent]: a block minecraft:oak_planks burned on [world;24;17;-2409]
[01:06:42][BlockBurnEvent]: a block minecraft:oak_planks burned on [world;202;11;-2242]
[01:06:42][BlockBurnEvent]: a block minecraft:oak_planks burned on [world;165;17;-2204]
[01:06:42][BlockBurnEvent]: a block minecraft:oak_planks burned on [world;197;11;-2244]
[01:06:42][BlockBurnEvent]: a block minecraft:oak_planks burned on [world;203;13;-2248]
[01:06:43][BlockBurnEvent]: a block minecraft:oak_planks burned on [world;191;11;-2276]
[01:06:43][BlockBurnEvent]: a block minecraft:oak_planks burned on [world;176;12;-2253]
[01:06:43][BlockBurnEvent]: a block minecraft:oak_planks burned on [world;162;12;-2232]
[01:06:43][BlockBurnEvent]: a block minecraft:oak_planks burned on [world;193;11;-2243]
[01:06:43][BlockBurnEvent]: a block minecraft:oak_planks burned on [world;194;14;-2264]
[01:06:44][BlockBurnEvent]: a block minecraft:oak_planks burned on [world;185;14;-2218]
[01:06:44][BlockBurnEvent]: a block minecraft:oak_planks burned on [world;162;13;-2213]
[01:06:44][BlockBurnEvent]: a block minecraft:oak_planks burned on [world;227;13;-2226]
[01:06:44][BlockBurnEvent]: a block minecraft:oak_fence[east=false,north=false,south=true,waterlogged=false,west=false] burned on [world;-134;36;-2148]
[01:06:44][BlockBurnEvent]: a block minecraft:oak_fence[east=true,north=false,south=false,waterlogged=false,west=false] burned on [world;163;13;-2233]
[01:06:44][BlockBurnEvent]: a block minecraft:oak_planks burned on [world;199;13;-2243]
[01:06:44][BlockBurnEvent]: a block minecraft:oak_fence[east=false,north=true,south=false,waterlogged=false,west=false] burned on [world;183;12;-2243]
[01:06:44][BlockBurnEvent]: a block minecraft:oak_planks burned on [world;182;11;-2243]
[01:06:44][BlockBurnEvent]: a block minecraft:oak_planks burned on [world;179;12;-2243]
[01:06:44][BlockBurnEvent]: a block minecraft:oak_planks burned on [world;161;13;-2218]
[01:06:44][BlockBurnEvent]: a block minecraft:oak_planks burned on [world;184;11;-2219]
[01:06:44][BlockBurnEvent]: a block minecraft:oak_fence[east=false,north=true,south=false,waterlogged=false,west=false] burned on [world;178;14;-2243]
[01:06:44][BlockBurnEvent]: a block minecraft:oak_planks burned on [world;174;12;-2256]
[01:06:44][BlockBurnEvent]: a block minecraft:oak_planks burned on [world;196;11;-2268]
[01:06:44][BlockBurnEvent]: a block minecraft:oak_planks burned on [world;161;13;-2212]
[01:06:44][BlockBurnEvent]: a block minecraft:oak_planks burned on [world;161;12;-2233]
[01:06:44][BlockBurnEvent]: a block minecraft:oak_planks burned on [world;178;11;-2240]
[01:06:45][BlockBurnEvent]: a block minecraft:oak_planks burned on [world;199;11;-2244]
[01:06:45][BlockBurnEvent]: a block minecraft:oak_planks burned on [world;194;14;-2267]
[01:06:45][BlockBurnEvent]: a block minecraft:oak_planks burned on [world;-134;32;-2148]
[01:06:45][BlockBurnEvent]: a block minecraft:oak_planks burned on [world;161;12;-2231]
[01:06:45][BlockBurnEvent]: a block minecraft:oak_planks burned on [world;178;12;-2242]
[01:06:45][BlockBurnEvent]: a block minecraft:oak_fence[east=true,north=false,south=false,waterlogged=false,west=false] burned on [world;228;14;-2228]
[01:06:45][BlockBurnEvent]: a block minecraft:oak_planks burned on [world;177;12;-2241]
[01:06:45][BlockBurnEvent]: a block minecraft:oak_planks burned on [world;174;12;-2252]
[01:06:45][BlockBurnEvent]: a block minecraft:oak_planks burned on [world;193;11;-2246]
[01:06:45][BlockBurnEvent]: a block minecraft:oak_fence[east=true,north=false,south=false,waterlogged=false,west=false] burned on [world;163;14;-2233]
[01:06:45][BlockBurnEvent]: a block minecraft:oak_planks burned on [world;198;11;-2244]
[01:06:46][BlockBurnEvent]: a block minecraft:oak_planks burned on [world;165;16;-2204]
[01:06:46][BlockBurnEvent]: a block minecraft:oak_planks burned on [world;-134;32;-2149]
[01:06:46][BlockBurnEvent]: a block minecraft:oak_planks burned on [world;161;12;-2232]
[01:06:46][BlockBurnEvent]: a block minecraft:oak_fence[east=true,north=false,south=false,waterlogged=false,west=false] burned on [world;205;37;-2377]
[01:06:46][BlockBurnEvent]: a block minecraft:oak_planks burned on [world;161;13;-2211]
[01:06:46][BlockBurnEvent]: a block minecraft:oak_planks burned on [world;176;12;-2252]
[01:06:46][BlockBurnEvent]: a block minecraft:oak_planks burned on [world;203;11;-2243]
[01:06:46][BlockBurnEvent]: a block minecraft:oak_planks burned on [world;197;13;-2243]
[01:06:47][BlockBurnEvent]: a block minecraft:oak_planks burned on [world;174;12;-2257]
[01:06:47][BlockBurnEvent]: a block minecraft:oak_planks burned on [world;177;12;-2242]
[01:06:47][BlockBurnEvent]: a block minecraft:oak_planks burned on [world;186;11;-2216]
[01:06:47][BlockBurnEvent]: a block minecraft:oak_planks burned on [world;-134;37;-2148]
[01:06:47][BlockBurnEvent]: a block minecraft:oak_planks burned on [world;200;11;-2244]
[01:06:47][BlockBurnEvent]: a block minecraft:oak_fence[east=false,north=true,south=false,waterlogged=false,west=false] burned on [world;183;13;-2243]
[01:06:48][BlockBurnEvent]: a block minecraft:oak_planks burned on [world;156;17;-2206]
[01:06:48][BlockBurnEvent]: a block minecraft:oak_planks burned on [world;203;14;-2248]
[01:06:48][BlockBurnEvent]: a block minecraft:oak_fence[east=true,north=false,south=false,waterlogged=false,west=false] burned on [world;167;16;-2198]
[01:06:48][BlockBurnEvent]: a block minecraft:oak_planks burned on [world;184;11;-2218]
[01:06:48][BlockBurnEvent]: a block minecraft:oak_fence[east=false,north=false,south=false,waterlogged=false,west=true] burned on [world;184;13;-2218]
[01:06:49][BlockBurnEvent]: a block minecraft:oak_planks burned on [world;174;12;-2253]
[01:06:49][BlockBurnEvent]: a block minecraft:oak_planks burned on [world;175;12;-2256]
[01:06:49][BlockBurnEvent]: a block minecraft:oak_planks burned on [world;228;13;-2228]
[01:06:49][BlockBurnEvent]: a block minecraft:oak_planks burned on [world;163;15;-2233]
[01:06:49][BlockBurnEvent]: a block minecraft:oak_planks burned on [world;163;13;-2212]
[01:06:49][BlockBurnEvent]: a block minecraft:oak_fence[east=false,north=false,south=false,waterlogged=false,west=true] burned on [world;161;14;-2233]
[01:06:49][BlockBurnEvent]: a block minecraft:oak_planks burned on [world;163;13;-2213]
[01:06:49][BlockBurnEvent]: a block minecraft:oak_planks burned on [world;162;13;-2212]
[01:06:50][BlockBurnEvent]: a block minecraft:oak_planks burned on [world;177;11;-2239]
[01:06:50][BlockBurnEvent]: a block minecraft:oak_fence[east=false,north=false,south=true,waterlogged=false,west=false] burned on [world;178;14;-2241]
[01:06:50][BlockBurnEvent]: a block minecraft:oak_planks burned on [world;192;11;-2242]
[01:06:50][BlockBurnEvent]: a block minecraft:oak_planks burned on [world;180;15;-2242]
[01:06:50][BlockBurnEvent]: a block minecraft:oak_planks burned on [world;29;17;-2409]
[01:06:50][BlockBurnEvent]: a block minecraft:oak_planks burned on [world;165;15;-2202]
[01:06:50][BlockBurnEvent]: a block minecraft:oak_planks burned on [world;163;12;-2233]
[01:06:51][BlockBurnEvent]: a block minecraft:oak_fence[east=false,north=false,south=false,waterlogged=false,west=false] burned on [world;161;15;-2218]
[01:06:51][BlockBurnEvent]: a block minecraft:oak_planks burned on [world;197;11;-2243]
[01:06:51][BlockBurnEvent]: a block minecraft:oak_planks burned on [world;161;13;-2213]
[01:06:51][BlockBurnEvent]: a block minecraft:oak_planks burned on [world;167;16;-2204]
[01:06:51][BlockBurnEvent]: a block minecraft:oak_planks burned on [world;156;16;-2208]
[01:06:51][BlockBurnEvent]: a block minecraft:oak_planks burned on [world;174;12;-2255]
[01:06:51][BlockBurnEvent]: a block minecraft:oak_planks burned on [world;203;14;-2250]
[01:06:51][BlockBurnEvent]: a block minecraft:oak_planks burned on [world;176;11;-2239]
[01:06:52][BlockBurnEvent]: a block minecraft:oak_planks burned on [world;199;11;-2243]
[01:06:52][BlockBurnEvent]: a block minecraft:oak_fence[east=false,north=false,south=false,waterlogged=false,west=false] burned on [world;193;12;-2243]
[01:06:52][BlockBurnEvent]: a block minecraft:oak_planks burned on [world;181;11;-2242]
[01:06:52][BlockBurnEvent]: a block minecraft:oak_fence[east=false,north=false,south=true,waterlogged=false,west=false] burned on [world;178;13;-2241]
[01:06:52][BlockBurnEvent]: a block minecraft:oak_planks burned on [world;162;13;-2214]
[01:06:52][BlockBurnEvent]: a block minecraft:oak_planks burned on [world;161;12;-2234]
[01:06:52][BlockBurnEvent]: a block minecraft:oak_fence[east=false,north=false,south=true,waterlogged=false,west=false] burned on [world;-134;35;-2148]
[01:06:53][BlockBurnEvent]: a block minecraft:oak_planks burned on [world;162;12;-2231]
[01:06:53][BlockBurnEvent]: a block minecraft:oak_planks burned on [world;226;13;-2224]
[01:06:53][BlockBurnEvent]: a block minecraft:oak_planks burned on [world;162;13;-2211]
[01:06:53][BlockBurnEvent]: a block minecraft:oak_planks burned on [world;194;11;-2269]
[01:06:53][BlockBurnEvent]: a block minecraft:oak_planks burned on [world;167;16;-2202]
[01:06:53][BlockBurnEvent]: a block minecraft:oak_fence[east=false,north=false,south=false,waterlogged=false,west=true] burned on [world;161;14;-2218]
[01:06:53][BlockBurnEvent]: a block minecraft:oak_planks burned on [world;180;18;-2243]
[01:06:53][BlockBurnEvent]: a block minecraft:oak_planks burned on [world;161;13;-2219]
[01:06:53][BlockBurnEvent]: a block minecraft:oak_planks burned on [world;162;12;-2234]
[01:06:53][BlockBurnEvent]: a block minecraft:oak_fence[east=false,north=false,south=true,waterlogged=false,west=false] burned on [world;193;13;-2241]
[01:06:54][BlockBurnEvent]: a block minecraft:oak_planks burned on [world;156;16;-2206]
[01:06:54][BlockBurnEvent]: a block minecraft:oak_planks burned on [world;194;11;-2243]
[01:06:54][BlockBurnEvent]: a block minecraft:oak_planks burned on [world;185;11;-2216]
[01:06:54][BlockBurnEvent]: a block minecraft:oak_fence[east=false,north=true,south=false,waterlogged=false,west=false] burned on [world;193;13;-2243]
[01:06:54][BlockBurnEvent]: a block minecraft:oak_fence[east=false,north=true,south=false,waterlogged=false,west=false] burned on [world;178;13;-2243]
[01:06:54][BlockBurnEvent]: a block minecraft:oak_fence[east=false,north=true,south=false,waterlogged=false,west=false] burned on [world;-134;35;-2150]
[01:06:54][BlockBurnEvent]: a block minecraft:oak_planks burned on [world;199;14;-2243]
[01:06:55][BlockBurnEvent]: a block minecraft:oak_planks burned on [world;184;14;-2218]
[01:06:55][BlockBurnEvent]: a block minecraft:oak_planks burned on [world;200;11;-2243]
[01:06:56][BlockBurnEvent]: a block minecraft:oak_planks burned on [world;161;13;-2214]
[01:06:56][BlockBurnEvent]: a block minecraft:oak_planks burned on [world;167;17;-2204]
[01:06:56][BlockBurnEvent]: a block minecraft:oak_planks burned on [world;165;16;-2202]
[01:06:56][BlockBurnEvent]: a block minecraft:oak_planks burned on [world;162;13;-2218]
[01:06:56][BlockBurnEvent]: a block minecraft:oak_planks burned on [world;176;12;-2256]
[01:06:56][BlockBurnEvent]: a block minecraft:oak_planks burned on [world;183;14;-2242]
[01:06:56][BlockBurnEvent]: a block minecraft:oak_planks burned on [world;227;13;-2225]
[01:06:57][BlockBurnEvent]: a block minecraft:oak_planks burned on [world;202;11;-2249]
[01:06:57][BlockBurnEvent]: a block minecraft:oak_fence[east=false,north=false,south=false,waterlogged=false,west=false] burned on [world;186;13;-2218]
[01:06:57][BlockBurnEvent]: a block minecraft:oak_planks burned on [world;195;11;-2268]
[01:06:57][BlockBurnEvent]: a block minecraft:oak_planks burned on [world;186;14;-2218]
[01:06:57][BlockBurnEvent]: a block minecraft:oak_planks burned on [world;177;15;-2242]
[01:06:57][BlockBurnEvent]: a block minecraft:oak_planks burned on [world;202;11;-2248]
[01:06:57][BlockBurnEvent]: a block minecraft:oak_planks burned on [world;165;15;-2204]
[01:06:57][BlockBurnEvent]: a block minecraft:oak_planks burned on [world;227;16;-2228]
[01:06:58][BlockBurnEvent]: a block minecraft:oak_planks burned on [world;181;11;-2243]
[01:06:58][BlockBurnEvent]: a block minecraft:oak_planks burned on [world;205;12;-2250]
[01:06:58][BlockBurnEvent]: a block minecraft:oak_planks burned on [world;195;14;-2267]
[01:06:59][BlockBurnEvent]: a block minecraft:oak_fence[east=false,north=false,south=false,waterlogged=false,west=true] burned on [world;226;14;-2223]
[01:06:59][BlockBurnEvent]: a block minecraft:oak_planks burned on [world;165;17;-2202]
[01:06:59][BlockBurnEvent]: a block minecraft:oak_planks burned on [world;161;13;-2217]
[01:06:59][BlockBurnEvent]: a block minecraft:oak_planks burned on [world;201;11;-2243]
[01:06:59][BlockBurnEvent]: a block minecraft:oak_planks burned on [world;200;11;-2242]
[01:06:59][BlockBurnEvent]: a block minecraft:oak_fence[east=false,north=false,south=true,waterlogged=false,west=false] burned on [world;180;16;-2242]
[01:06:59][BlockBurnEvent]: a block minecraft:oak_planks burned on [world;203;11;-2250]
[01:07:00][BlockBurnEvent]: a block minecraft:oak_planks burned on [world;203;13;-2250]
[01:07:00][BlockBurnEvent]: a block minecraft:oak_fence[east=true,north=true,south=false,waterlogged=false,west=false] burned on [world;163;14;-2218]
[01:07:00][BlockBurnEvent]: a block minecraft:oak_planks burned on [world;226;13;-2226]
[01:07:00][BlockBurnEvent]: a block minecraft:oak_planks burned on [world;154;16;-2206]
[01:07:00][BlockBurnEvent]: a block minecraft:oak_fence[east=false,north=false,south=false,waterlogged=false,west=false] burned on [world;161;13;-2233]
[01:07:01][BlockBurnEvent]: a block minecraft:oak_fence[east=true,north=false,south=false,waterlogged=false,west=false] burned on [world;167;15;-2198]
[01:07:01][BlockBurnEvent]: a block minecraft:oak_fence[east=false,north=false,south=true,waterlogged=false,west=false] burned on [world;-89;30;-2163]
[01:07:01][BlockBurnEvent]: a block minecraft:oak_fence[east=false,north=true,south=false,waterlogged=false,west=false] burned on [world;239;32;-2441]
[01:07:01][BlockBurnEvent]: a block minecraft:oak_planks burned on [world;165;14;-2214]
[01:07:01][BlockBurnEvent]: a block minecraft:oak_fence[east=false,north=false,south=false,waterlogged=false,west=false] burned on [world;184;12;-2218]
[01:07:01][BlockBurnEvent]: a block minecraft:oak_planks burned on [world;163;13;-2214]
[01:07:02][BlockBurnEvent]: a block minecraft:oak_planks burned on [world;226;13;-2227]
[01:07:02][BlockBurnEvent]: a block minecraft:oak_fence[east=true,north=true,south=false,waterlogged=false,west=false] burned on [world;163;15;-2218]
[01:07:02][BlockBurnEvent]: a block minecraft:oak_planks burned on [world;156;15;-2208]
[01:07:02][BlockBurnEvent]: a block minecraft:oak_planks burned on [world;197;12;-2243]
[01:07:02][BlockBurnEvent]: a block minecraft:oak_planks burned on [world;161;15;-2233]
[01:07:02][BlockBurnEvent]: a block minecraft:oak_planks burned on [world;195;14;-2264]
[01:07:03][BlockBurnEvent]: a block minecraft:oak_planks burned on [world;194;14;-2263]
[01:07:03][BlockBurnEvent]: a block minecraft:oak_planks burned on [world;-7;11;-2361]
[01:07:03][BlockBurnEvent]: a block minecraft:oak_planks burned on [world;201;11;-2241]
[01:07:03][BlockBurnEvent]: a block minecraft:oak_planks burned on [world;201;11;-2242]
[01:07:03][BlockBurnEvent]: a block minecraft:oak_planks burned on [world;196;11;-2243]
[01:07:04][BlockBurnEvent]: a block minecraft:oak_planks burned on [world;177;15;-2243]
[01:07:04][BlockBurnEvent]: a block minecraft:oak_planks burned on [world;185;11;-2219]
[01:07:04][BlockBurnEvent]: a block minecraft:oak_fence[east=false,north=false,south=true,waterlogged=false,west=false] burned on [world;180;17;-2242]
[01:07:05][BlockBurnEvent]: a block minecraft:oak_planks burned on [world;194;11;-2242]
[01:07:05][BlockBurnEvent]: a block minecraft:oak_fence[east=false,north=true,south=false,waterlogged=false,west=false] burned on [world;-89;30;-2165]
[01:07:05][BlockBurnEvent]: a block minecraft:oak_planks burned on [world;195;11;-2242]
[01:07:05][BlockBurnEvent]: a block minecraft:oak_planks burned on [world;180;18;-2244]
[01:07:06][BlockBurnEvent]: a block minecraft:oak_planks burned on [world;180;15;-2243]
[01:07:06][BlockBurnEvent]: a block minecraft:oak_planks burned on [world;161;16;-2218]
[01:07:06][BlockBurnEvent]: a block minecraft:oak_planks burned on [world;-89;31;-2165]
[01:07:07][BlockBurnEvent]: a block minecraft:oak_planks burned on [world;203;12;-2250]
[01:07:07][BlockBurnEvent]: a block minecraft:oak_fence[east=false,north=true,south=false,waterlogged=false,west=false] burned on [world;180;17;-2244]
[01:07:07][BlockBurnEvent]: a block minecraft:oak_planks burned on [world;166;17;-2198]
[01:07:07][BlockBurnEvent]: a block minecraft:oak_planks burned on [world;239;34;-2439]
[01:07:07][BlockBurnEvent]: a block minecraft:oak_fence[east=false,north=true,south=false,waterlogged=false,west=false] burned on [world;239;33;-2441]
[01:07:07][BlockBurnEvent]: a block minecraft:oak_planks burned on [world;199;13;-2241]
[01:07:07][BlockBurnEvent]: a block minecraft:oak_planks burned on [world;199;11;-2242]
[01:07:07][BlockBurnEvent]: a block minecraft:oak_planks burned on [world;-8;11;-2361]
[01:07:08][BlockBurnEvent]: a block minecraft:oak_planks burned on [world;203;12;-2248]
[01:07:08][BlockBurnEvent]: a block minecraft:oak_planks burned on [world;162;13;-2219]
[01:07:08][BlockBurnEvent]: a block minecraft:oak_fence[east=false,north=false,south=true,waterlogged=false,west=false] burned on [world;175;16;-2242]
[01:07:08][BlockBurnEvent]: a block minecraft:oak_planks burned on [world;186;11;-2217]
[01:07:08][BlockBurnEvent]: a block minecraft:oak_planks burned on [world;156;15;-2206]
[01:07:08][BlockBurnEvent]: a block minecraft:oak_planks burned on [world;204;11;-2249]
[01:07:08][BlockBurnEvent]: a block minecraft:oak_planks burned on [world;204;11;-2250]
[01:07:08][BlockBurnEvent]: a block minecraft:oak_planks burned on [world;154;16;-2208]
[01:07:08][BlockBurnEvent]: a block minecraft:oak_fence[east=false,north=true,south=false,waterlogged=false,west=false] burned on [world;175;19;-2220]
[01:07:09][BlockBurnEvent]: a block minecraft:oak_fence[east=false,north=false,south=true,waterlogged=false,west=false] burned on [world;183;13;-2241]
[01:07:09][BlockBurnEvent]: a block minecraft:oak_planks burned on [world;175;11;-2239]
[01:07:10][BlockBurnEvent]: a block minecraft:oak_planks burned on [world;181;12;-2239]
[01:07:10][BlockBurnEvent]: a block minecraft:oak_planks burned on [world;203;11;-2249]
[01:07:10][BlockBurnEvent]: a block minecraft:oak_planks burned on [world;180;18;-2242]
[01:07:10][BlockBurnEvent]: a block minecraft:oak_planks burned on [world;-9;13;-2364]
[01:07:10][BlockBurnEvent]: a block minecraft:oak_fence[east=false,north=false,south=false,waterlogged=false,west=true] burned on [world;201;16;-2252]
[01:07:10][BlockBurnEvent]: a block minecraft:oak_fence[east=false,north=false,south=false,waterlogged=false,west=false] burned on [world;194;13;-2267]
[01:07:10][BlockBurnEvent]: a block minecraft:oak_planks burned on [world;196;14;-2267]
[01:07:10][BlockBurnEvent]: a block minecraft:oak_planks burned on [world;-8;13;-2366]
[01:07:10][BlockBurnEvent]: a block minecraft:oak_planks burned on [world;239;34;-2441]
[01:07:10][BlockBurnEvent]: a block minecraft:oak_planks burned on [world;-89;31;-2164]
[01:07:10][BlockBurnEvent]: a block minecraft:oak_planks burned on [world;227;13;-2227]
[01:07:11][BlockBurnEvent]: a block minecraft:oak_planks burned on [world;196;11;-2267]
[01:07:11][BlockBurnEvent]: a block minecraft:oak_planks burned on [world;178;12;-2243]
[01:07:11][BlockBurnEvent]: a block minecraft:oak_planks burned on [world;193;14;-2241]
[01:07:11][BlockBurnEvent]: a block minecraft:oak_planks burned on [world;176;15;-2242]
[01:07:12][BlockBurnEvent]: a block minecraft:oak_planks burned on [world;163;16;-2218]
[01:07:12][BlockBurnEvent]: a block minecraft:oak_planks burned on [world;228;13;-2229]
[01:07:12][BlockBurnEvent]: a block minecraft:oak_planks burned on [world;178;15;-2242]
[01:07:12][BlockBurnEvent]: a block minecraft:oak_fence[east=false,north=false,south=false,waterlogged=false,west=false] burned on [world;175;12;-2239]
[01:07:12][BlockBurnEvent]: a block minecraft:oak_planks burned on [world;226;16;-2228]
[01:07:12][BlockBurnEvent]: a block minecraft:oak_planks burned on [world;14;29;-2549]
[01:07:12][BlockBurnEvent]: a block minecraft:oak_fence[east=false,north=false,south=true,waterlogged=false,west=false] burned on [world;173;13;-2241]
[01:07:12][BlockBurnEvent]: a block minecraft:oak_planks burned on [world;198;11;-2242]
[01:07:12][BlockBurnEvent]: a block minecraft:oak_fence[east=false,north=false,south=false,waterlogged=false,west=false] burned on [world;-9;12;-2361]
[01:07:13][BlockBurnEvent]: a block minecraft:oak_planks burned on [world;239;34;-2440]
[01:07:13][BlockBurnEvent]: a block minecraft:oak_fence[east=false,north=false,south=true,waterlogged=false,west=false] burned on [world;-134;30;-2148]
[01:07:13][BlockBurnEvent]: a block minecraft:oak_fence[east=false,north=false,south=true,waterlogged=false,west=false] burned on [world;175;13;-2237]
[01:07:13][BlockBurnEvent]: a block minecraft:oak_planks burned on [world;163;13;-2218]
[01:07:13][BlockBurnEvent]: a block minecraft:oak_planks burned on [world;184;11;-2220]
[01:07:13][BlockBurnEvent]: a block minecraft:oak_planks burned on [world;197;14;-2243]
[01:07:14][BlockBurnEvent]: a block minecraft:oak_fence[east=false,north=true,south=false,waterlogged=false,west=false] burned on [world;194;15;-2264]
[01:07:14][BlockBurnEvent]: a block minecraft:oak_planks burned on [world;195;14;-2263]
[01:07:14][BlockBurnEvent]: a block minecraft:oak_planks burned on [world;199;14;-2241]
[01:07:14][BlockBurnEvent]: a block minecraft:oak_planks burned on [world;12;30;-2547]
[01:07:14][BlockBurnEvent]: a block minecraft:oak_planks burned on [world;14;30;-2549]
[01:07:14][BlockBurnEvent]: a block minecraft:oak_planks burned on [world;178;15;-2241]
[01:07:15][BlockBurnEvent]: a block minecraft:oak_fence[east=false,north=false,south=true,waterlogged=false,west=false] burned on [world;175;12;-2237]
[01:07:15][BlockBurnEvent]: a block minecraft:oak_planks burned on [world;-9;11;-2403]
[01:07:15][BlockBurnEvent]: a block minecraft:oak_planks burned on [world;162;13;-2220]
[01:07:15][BlockBurnEvent]: a block minecraft:oak_planks burned on [world;154;17;-2208]
[01:07:15][BlockBurnEvent]: a block minecraft:oak_planks burned on [world;167;17;-2198]
[01:07:15][BlockBurnEvent]: a block minecraft:oak_fence[east=false,north=false,south=false,waterlogged=false,west=false] burned on [world;194;12;-2267]
[01:07:16][BlockBurnEvent]: a block minecraft:oak_planks burned on [world;175;15;-2242]
[01:07:16][BlockBurnEvent]: a block minecraft:oak_fence[east=false,north=false,south=false,waterlogged=false,west=true] burned on [world;226;14;-2228]
[01:07:16][BlockBurnEvent]: a block minecraft:oak_fence[east=false,north=true,south=false,waterlogged=false,west=false] burned on [world;194;16;-2264]
[01:07:16][BlockBurnEvent]: a block minecraft:oak_planks burned on [world;181;13;-2239]
[01:07:16][BlockBurnEvent]: a block minecraft:oak_planks burned on [world;163;13;-2219]
[01:07:17][BlockBurnEvent]: a block minecraft:oak_planks burned on [world;203;11;-2247]
[01:07:17][BlockBurnEvent]: a block minecraft:oak_planks burned on [world;175;14;-2239]
[01:07:17][BlockBurnEvent]: a block minecraft:oak_planks burned on [world;156;17;-2204]
[01:07:17][BlockBurnEvent]: a block minecraft:oak_fence[east=false,north=true,south=false,waterlogged=false,west=false] burned on [world;175;16;-2239]
[01:07:17][BlockBurnEvent]: a block minecraft:oak_planks burned on [world;-8;13;-2367]
[01:07:17][BlockBurnEvent]: a block minecraft:oak_fence[east=true,north=false,south=false,waterlogged=false,west=false] burned on [world;18;25;-2548]
[01:07:17][BlockBurnEvent]: a block minecraft:oak_fence[east=false,north=false,south=true,waterlogged=false,west=false] burned on [world;-9;13;-2359]
[01:07:17][BlockBurnEvent]: a block minecraft:oak_planks burned on [world;199;12;-2241]
[01:07:18][BlockBurnEvent]: a block minecraft:oak_planks burned on [world;14;28;-2547]
[01:07:18][BlockBurnEvent]: a block minecraft:oak_fence[east=false,north=true,south=false,waterlogged=false,west=false] burned on [world;175;17;-2244]
[01:07:18][BlockBurnEvent]: a block minecraft:oak_planks burned on [world;184;16;-2242]
[01:07:18][BlockBurnEvent]: a block minecraft:oak_planks burned on [world;-9;11;-2402]
[01:07:18][BlockBurnEvent]: a block minecraft:oak_fence[east=false,north=true,south=false,waterlogged=false,west=false] burned on [world;175;16;-2244]
[01:07:18][BlockBurnEvent]: a block minecraft:oak_planks burned on [world;-10;12;-2404]
[01:07:18][BlockBurnEvent]: a block minecraft:oak_planks burned on [world;-15;13;-2389]
[01:07:19][BlockBurnEvent]: a block minecraft:oak_planks burned on [world;-9;13;-2365]
[01:07:19][BlockBurnEvent]: a block minecraft:oak_planks burned on [world;24;17;-2411]
[01:07:19][BlockBurnEvent]: a block minecraft:oak_fence[east=false,north=true,south=false,waterlogged=false,west=false] burned on [world;18;28;-2549]
[01:07:19][BlockBurnEvent]: a block minecraft:oak_planks burned on [world;194;11;-2267]
[01:07:19][BlockBurnEvent]: a block minecraft:oak_fence[east=true,north=false,south=false,waterlogged=false,west=false] burned on [world;228;15;-2228]
[01:07:19][BlockBurnEvent]: a block minecraft:oak_planks burned on [world;175;18;-2243]
[01:07:20][BlockBurnEvent]: a block minecraft:oak_planks burned on [world;-8;13;-2365]
[01:07:21][BlockBurnEvent]: a block minecraft:oak_planks burned on [world;-8;13;-2364]
[01:07:21][BlockBurnEvent]: a block minecraft:oak_planks burned on [world;-10;11;-2359]
[01:07:21][BlockBurnEvent]: a block minecraft:oak_planks burned on [world;-8;11;-2360]
[01:07:22][BlockBurnEvent]: a block minecraft:oak_fence[east=true,north=false,south=false,waterlogged=false,west=false] burned on [world;18;26;-2548]
[01:07:22][BlockBurnEvent]: a block minecraft:oak_planks burned on [world;-11;11;-2359]
[01:07:22][BlockBurnEvent]: a block minecraft:oak_fence[east=false,north=false,south=true,waterlogged=false,west=false] burned on [world;-9;12;-2359]
[01:07:23][BlockBurnEvent]: a block minecraft:oak_planks burned on [world;-10;13;-2404]
[01:07:23][BlockBurnEvent]: a block minecraft:oak_planks burned on [world;-10;11;-2403]
[01:07:25][BlockBurnEvent]: a block minecraft:oak_planks burned on [world;407;5;-2574]
[01:07:25][BlockBurnEvent]: a block minecraft:oak_planks burned on [world;407;6;-2579]
[01:07:25][BlockBurnEvent]: a block minecraft:oak_planks burned on [world;403;6;-2572]
[01:07:25][BlockBurnEvent]: a block minecraft:oak_planks burned on [world;407;8;-2577]
[01:07:25][BlockBurnEvent]: a block minecraft:oak_fence[east=false,north=false,south=true,waterlogged=false,west=false] burned on [world;239;32;-2439]
[01:07:27][BlockBurnEvent]: a block minecraft:oak_planks burned on [world;407;6;-2577]
[01:07:28][BlockBurnEvent]: a block minecraft:oak_planks burned on [world;407;5;-2577]
[01:07:29][BlockBurnEvent]: a block minecraft:oak_planks burned on [world;409;5;-2579]
[01:07:30][BlockBurnEvent]: a block minecraft:oak_planks burned on [world;409;5;-2574]
[01:07:30][BlockBurnEvent]: a block minecraft:oak_planks burned on [world;409;9;-2579]
[01:07:32][BlockBurnEvent]: a block minecraft:oak_planks burned on [world;364;10;-2661]
[01:07:32][BlockBurnEvent]: a block minecraft:oak_planks burned on [world;409;10;-2577]
[01:07:32][BlockBurnEvent]: a block minecraft:oak_planks burned on [world;407;8;-2579]
[01:07:33][BlockBurnEvent]: a block minecraft:oak_fence[east=false,north=false,south=true,waterlogged=false,west=false] burned on [world;403;4;-2572]
[01:07:34][BlockBurnEvent]: a block minecraft:oak_planks burned on [world;409;5;-2572]
[01:07:34][BlockBurnEvent]: a block minecraft:oak_planks burned on [world;409;8;-2577]
[01:07:34][BlockBurnEvent]: a block minecraft:oak_planks burned on [world;407;10;-2577]
[01:07:35][BlockBurnEvent]: a block minecraft:oak_planks burned on [world;409;6;-2579]
[01:07:36][BlockBurnEvent]: a block minecraft:oak_planks burned on [world;407;4;-2579]
[01:07:37][BlockBurnEvent]: a block minecraft:oak_planks burned on [world;407;9;-2577]
[01:07:38][BlockBurnEvent]: a block minecraft:oak_planks burned on [world;407;9;-2579]
[01:07:39][BlockBurnEvent]: a block minecraft:oak_planks burned on [world;407;5;-2579]
[01:07:39][BlockBurnEvent]: a block minecraft:oak_planks burned on [world;407;4;-2577]
[01:07:40][BlockBurnEvent]: a block minecraft:oak_planks burned on [world;409;6;-2572]
[01:07:40][BlockBurnEvent]: a block minecraft:oak_planks burned on [world;409;7;-2579]
[01:07:40][BlockBurnEvent]: a block minecraft:oak_planks burned on [world;407;7;-2579]
[01:07:42][BlockBurnEvent]: a block minecraft:oak_planks burned on [world;409;10;-2579]
[01:07:42][BlockBurnEvent]: a block minecraft:oak_planks burned on [world;407;10;-2579]
[01:07:43][BlockBurnEvent]: a block minecraft:oak_planks burned on [world;407;7;-2577]
[01:07:44][BlockBurnEvent]: a block minecraft:oak_planks burned on [world;409;9;-2577]
[01:07:44][BlockBurnEvent]: a block minecraft:oak_planks burned on [world;409;4;-2579]
[01:07:45][BlockBurnEvent]: a block minecraft:oak_planks burned on [world;409;7;-2577]
[01:07:46][BlockBurnEvent]: a block minecraft:oak_planks burned on [world;409;8;-2579]
[01:07:55][BlockBurnEvent]: a block minecraft:oak_fence[east=false,north=true,south=false,waterlogged=false,west=false] burned on [world;752;23;-2765]
[01:08:25][BlockBurnEvent]: a block minecraft:oak_fence[east=false,north=false,south=false,waterlogged=false,west=true] burned on [world;757;30;-3209]
[01:09:49][BlockBurnEvent]: a block minecraft:oak_fence[east=false,north=false,south=false,waterlogged=false,west=true] burned on [world;1064;37;-3313]
[01:09:49][BlockBurnEvent]: a block minecraft:oak_planks burned on [world;1065;38;-3313]
[01:10:07][BlockBurnEvent]: a block minecraft:oak_planks burned on [world;821;28;-3430]
[01:10:07][BlockBurnEvent]: a block minecraft:oak_planks burned on [world;822;28;-3420]
[01:10:12][BlockBurnEvent]: a block minecraft:oak_fence[east=true,north=false,south=false,waterlogged=false,west=false] burned on [world;822;27;-3420]
[01:10:12][BlockBurnEvent]: a block minecraft:oak_planks burned on [world;821;28;-3425]
[01:10:14][BlockBurnEvent]: a block minecraft:oak_planks burned on [world;820;28;-3420]
[01:10:17][BlockBurnEvent]: a block minecraft:oak_planks burned on [world;822;28;-3425]
[01:10:18][BlockBurnEvent]: a block minecraft:oak_fence[east=true,north=false,south=false,waterlogged=false,west=false] burned on [world;822;27;-3425]
[01:10:20][BlockBurnEvent]: a block minecraft:oak_planks burned on [world;822;28;-3430]
[01:10:22][BlockBurnEvent]: a block minecraft:dead_bush burned on [world;703;63;-3379]
[01:10:22][BlockBurnEvent]: a block minecraft:oak_planks burned on [world;820;28;-3430]
[01:10:26][BlockBurnEvent]: a block minecraft:oak_planks burned on [world;820;28;-3425]
[01:10:31][BlockBurnEvent]: a block minecraft:oak_fence[east=false,north=false,south=false,waterlogged=false,west=true] burned on [world;820;27;-3430]
[01:10:32][BlockBurnEvent]: a block minecraft:oak_fence[east=false,north=false,south=false,waterlogged=false,west=true] burned on [world;820;27;-3425]
[01:10:41][BlockBurnEvent]: a block minecraft:oak_planks burned on [world;817;28;-3422]
[01:10:47][BlockBurnEvent]: a block minecraft:oak_fence[east=false,north=false,south=true,waterlogged=false,west=false] burned on [world;817;27;-3422]
[01:10:54][BlockBurnEvent]: a block minecraft:oak_fence[east=false,north=true,south=false,waterlogged=false,west=false] burned on [world;817;27;-3424]
[01:10:55][BlockBurnEvent]: a block minecraft:oak_fence[east=false,north=true,south=false,waterlogged=false,west=false] burned on [world;817;26;-3424]
[01:11:03][BlockBurnEvent]: a block minecraft:oak_planks burned on [world;817;28;-3424]
[01:11:05][BlockBurnEvent]: a block minecraft:oak_fence[east=true,north=false,south=false,waterlogged=false,west=false] burned on [world;1066;37;-3313]
[01:11:06][BlockBurnEvent]: a block minecraft:oak_fence[east=true,north=false,south=false,waterlogged=false,west=false] burned on [world;822;27;-3430]
[01:11:09][BlockBurnEvent]: a block minecraft:oak_planks burned on [world;1064;38;-3313]
[01:11:17][BlockBurnEvent]: a block minecraft:oak_planks burned on [world;1066;38;-3313]
[01:11:23][BlockBurnEvent]: a block minecraft:oak_fence[east=false,north=false,south=true,waterlogged=false,west=false] burned on [world;1094;28;-3297]
[01:11:26][BlockBurnEvent]: a block minecraft:oak_planks burned on [world;1084;29;-3299]
[01:11:27][BlockBurnEvent]: a block minecraft:oak_planks burned on [world;1002;24;-3441]
[01:11:28][BlockBurnEvent]: a block minecraft:oak_fence[east=true,north=false,south=false,waterlogged=false,west=false] burned on [world;1066;36;-3313]
[01:11:28][BlockBurnEvent]: a block minecraft:oak_planks burned on [world;1094;29;-3297]
[01:11:29][BlockBurnEvent]: a block minecraft:oak_planks burned on [world;1094;29;-3299]
[01:11:29][BlockBurnEvent]: a block minecraft:oak_fence[east=false,north=false,south=true,waterlogged=false,west=false] burned on [world;1084;28;-3297]
[01:11:31][BlockBurnEvent]: a block minecraft:oak_planks burned on [world;1094;29;-3298]
[01:11:31][BlockBurnEvent]: a block minecraft:oak_fence[east=false,north=false,south=false,waterlogged=false,west=true] burned on [world;820;26;-3425]
[01:11:33][BlockBurnEvent]: a block minecraft:oak_fence[east=true,north=false,south=false,waterlogged=false,west=false] burned on [world;1066;37;-3308]
[01:11:33][BlockBurnEvent]: a block minecraft:oak_fence[east=false,north=true,south=false,waterlogged=false,west=false] burned on [world;1089;28;-3299]
[01:11:34][BlockBurnEvent]: a block minecraft:oak_planks burned on [world;1011;23;-3457]
[01:11:35][BlockBurnEvent]: a block minecraft:oak_planks burned on [world;1084;29;-3297]
[01:11:37][BlockBurnEvent]: a block minecraft:oak_planks burned on [world;1010;23;-3457]
[01:11:37][BlockBurnEvent]: a block minecraft:oak_planks burned on [world;1011;23;-3456]
[01:11:37][BlockBurnEvent]: a block minecraft:oak_fence[east=false,north=false,south=false,waterlogged=false,west=true] burned on [world;1001;18;-3432]
[01:11:38][BlockBurnEvent]: a block minecraft:oak_fence[east=false,north=false,south=false,waterlogged=false,west=false] burned on [world;1010;22;-3457]
[01:11:38][BlockBurnEvent]: a block minecraft:oak_planks burned on [world;1011;23;-3455]
[01:11:38][BlockBurnEvent]: a block minecraft:oak_planks burned on [world;1010;23;-3458]
[01:11:40][BlockBurnEvent]: a block minecraft:oak_fence[east=false,north=false,south=false,waterlogged=false,west=true] burned on [world;1010;24;-3457]
[01:11:40][BlockBurnEvent]: a block minecraft:oak_planks burned on [world;1012;23;-3456]
[01:11:40][BlockBurnEvent]: a block minecraft:oak_fence[east=false,north=true,south=false,waterlogged=false,west=false] burned on [world;1089;27;-3299]
[01:11:40][BlockBurnEvent]: a block minecraft:oak_planks burned on [world;1089;29;-3299]
[01:11:40][BlockBurnEvent]: a block minecraft:oak_planks burned on [world;1003;24;-3441]
[01:11:41][BlockBurnEvent]: a block minecraft:oak_fence[east=false,north=false,south=true,waterlogged=false,west=false] burned on [world;1089;28;-3297]
[01:11:42][BlockBurnEvent]: a block minecraft:oak_planks burned on [world;1002;24;-3443]
[01:11:42][BlockBurnEvent]: a block minecraft:oak_planks burned on [world;1011;23;-3462]
[01:11:44][BlockBurnEvent]: a block minecraft:oak_planks burned on [world;1014;38;-3485]
[01:11:44][BlockBurnEvent]: a block minecraft:oak_fence[east=false,north=false,south=true,waterlogged=false,west=false] burned on [world;1089;27;-3297]
[01:11:44][BlockBurnEvent]: a block minecraft:oak_planks burned on [world;1011;23;-3460]
[01:11:44][BlockBurnEvent]: a block minecraft:oak_planks burned on [world;1001;24;-3442]
[01:11:45][BlockBurnEvent]: a block minecraft:oak_planks burned on [world;1001;24;-3443]
[01:11:45][BlockBurnEvent]: a block minecraft:oak_planks burned on [world;1002;24;-3442]
[01:11:45][BlockBurnEvent]: a block minecraft:oak_planks burned on [world;1002;19;-3432]
[01:11:45][BlockBurnEvent]: a block minecraft:oak_fence[east=true,north=false,south=false,waterlogged=false,west=false] burned on [world;1012;24;-3457]
[01:11:45][BlockBurnEvent]: a block minecraft:oak_planks burned on [world;1016;38;-3485]
[01:11:46][BlockBurnEvent]: a block minecraft:oak_fence[east=false,north=true,south=false,waterlogged=false,west=false] burned on [world;1084;28;-3299]
[01:11:46][BlockBurnEvent]: a block minecraft:oak_planks burned on [world;1010;23;-3459]
[01:11:47][BlockBurnEvent]: a block minecraft:oak_fence[east=true,north=false,south=false,waterlogged=false,west=false] burned on [world;1012;24;-3462]
[01:11:47][BlockBurnEvent]: a block minecraft:oak_planks burned on [world;1015;42;-3486]
[01:11:47][BlockBurnEvent]: a block minecraft:oak_planks burned on [world;1084;29;-3298]
[01:11:48][BlockBurnEvent]: a block minecraft:oak_planks burned on [world;1001;24;-3441]
[01:11:48][BlockBurnEvent]: a block minecraft:oak_fence[east=true,north=false,south=false,waterlogged=false,west=false] burned on [world;1016;36;-3485]
[01:11:48][BlockBurnEvent]: a block minecraft:oak_fence[east=false,north=false,south=false,waterlogged=false,west=true] burned on [world;1010;24;-3462]
[01:11:48][BlockBurnEvent]: a block minecraft:oak_planks burned on [world;1003;24;-3443]
[01:11:48][BlockBurnEvent]: a block minecraft:oak_planks burned on [world;1008;29;-3460]
[01:11:48][BlockBurnEvent]: a block minecraft:oak_planks burned on [world;1012;23;-3455]
[01:11:49][BlockBurnEvent]: a block minecraft:oak_fence[east=false,north=false,south=false,waterlogged=false,west=false] burned on [world;1010;21;-3457]
[01:11:49][BlockBurnEvent]: a block minecraft:oak_planks burned on [world;1003;27;-3441]
[01:11:49][BlockBurnEvent]: a block minecraft:oak_fence[east=false,north=false,south=true,waterlogged=false,west=false] burned on [world;1094;27;-3297]
[01:11:50][BlockBurnEvent]: a block minecraft:oak_fence[east=true,north=false,south=false,waterlogged=false,west=false] burned on [world;1012;21;-3457]
[01:11:50][BlockBurnEvent]: a block minecraft:oak_fence[east=false,north=false,south=false,waterlogged=false,west=false] burned on [world;1010;25;-3462]
[01:11:50][BlockBurnEvent]: a block minecraft:oak_fence[east=false,north=true,south=false,waterlogged=false,west=false] burned on [world;1094;28;-3299]
[01:11:50][BlockBurnEvent]: a block minecraft:oak_fence[east=false,north=false,south=false,waterlogged=false,west=true] burned on [world;1010;22;-3462]
[01:11:51][BlockBurnEvent]: a block minecraft:oak_planks burned on [world;1089;29;-3297]
[01:11:51][BlockBurnEvent]: a block minecraft:oak_fence[east=true,north=false,south=false,waterlogged=false,west=false] burned on [world;1003;26;-3441]
[01:11:51][BlockBurnEvent]: a block minecraft:oak_planks burned on [world;1010;23;-3460]
[01:11:51][BlockBurnEvent]: a block minecraft:oak_planks burned on [world;1008;26;-3457]
[01:11:52][BlockBurnEvent]: a block minecraft:oak_planks burned on [world;1012;23;-3457]
[01:11:52][BlockBurnEvent]: a block minecraft:oak_planks burned on [world;1008;29;-3462]
[01:11:52][BlockBurnEvent]: a block minecraft:oak_planks burned on [world;1011;26;-3462]
[01:11:52][BlockBurnEvent]: a block minecraft:oak_fence[east=false,north=false,south=false,waterlogged=false,west=true] burned on [world;1064;36;-3313]
[01:11:53][BlockBurnEvent]: a block minecraft:oak_planks burned on [world;1012;23;-3460]
[01:11:53][BlockBurnEvent]: a block minecraft:oak_fence[east=false,north=false,south=false,waterlogged=false,west=true] burned on [world;1001;25;-3441]
[01:11:53][BlockBurnEvent]: a block minecraft:oak_planks burned on [world;1011;23;-3458]
[01:11:53][BlockBurnEvent]: a block minecraft:oak_planks burned on [world;1008;27;-3455]
[01:11:54][BlockBurnEvent]: a block minecraft:oak_planks burned on [world;1012;23;-3463]
[01:11:54][BlockBurnEvent]: a block minecraft:oak_fence[east=true,north=false,south=false,waterlogged=false,west=false] burned on [world;1012;22;-3457]
[01:11:54][BlockBurnEvent]: a block minecraft:oak_fence[east=true,north=false,south=false,waterlogged=false,west=false] burned on [world;1016;37;-3485]
[01:11:54][BlockBurnEvent]: a block minecraft:oak_fence[east=false,north=false,south=false,waterlogged=false,west=false] burned on [world;1010;25;-3457]
[01:11:54][BlockBurnEvent]: a block minecraft:oak_planks burned on [world;1003;24;-3442]
[01:11:55][BlockBurnEvent]: a block minecraft:oak_fence[east=false,north=false,south=false,waterlogged=false,west=false] burned on [world;1007;21;-3459]
[01:11:56][BlockBurnEvent]: a block minecraft:oak_planks burned on [world;1066;38;-3308]
[01:11:56][BlockBurnEvent]: a block minecraft:oak_planks burned on [world;1008;24;-3457]
[01:11:56][BlockBurnEvent]: a block minecraft:oak_planks burned on [world;1010;26;-3462]
[01:11:57][BlockBurnEvent]: a block minecraft:oak_planks burned on [world;1010;23;-3462]
[01:11:57][BlockBurnEvent]: a block minecraft:oak_planks burned on [world;1006;30;-3462]
[01:11:58][BlockBurnEvent]: a block minecraft:oak_planks burned on [world;1012;23;-3459]
[01:11:58][BlockBurnEvent]: a block minecraft:oak_fence[east=false,north=false,south=false,waterlogged=false,west=false] burned on [world;1007;22;-3459]
[01:11:59][BlockBurnEvent]: a block minecraft:oak_fence[east=false,north=false,south=false,waterlogged=false,west=true] burned on [world;1064;37;-3308]
[01:11:59][BlockBurnEvent]: a block minecraft:oak_planks burned on [world;1065;38;-3308]
[01:11:59][BlockBurnEvent]: a block minecraft:oak_planks burned on [world;1003;19;-3432]
[01:12:00][BlockBurnEvent]: a block minecraft:oak_fence[east=false,north=false,south=false,waterlogged=false,west=true] burned on [world;1014;37;-3485]
[01:12:00][BlockBurnEvent]: a block minecraft:oak_fence[east=true,north=false,south=false,waterlogged=false,west=false] burned on [world;1012;22;-3462]
[01:12:00][BlockBurnEvent]: a block minecraft:oak_planks burned on [world;1010;23;-3461]
[01:12:00][BlockBurnEvent]: a block minecraft:oak_fence[east=false,north=false,south=false,waterlogged=false,west=true] burned on [world;1013;40;-3486]
[01:12:01][BlockBurnEvent]: a block minecraft:oak_planks burned on [world;1006;27;-3457]
[01:12:01][BlockBurnEvent]: a block minecraft:oak_planks burned on [world;1008;30;-3462]
[01:12:01][BlockBurnEvent]: a block minecraft:oak_fence[east=true,north=false,south=false,waterlogged=false,west=false] burned on [world;1012;25;-3457]
[01:12:02][BlockBurnEvent]: a block minecraft:oak_planks burned on [world;1008;25;-3462]
[01:12:02][BlockBurnEvent]: a block minecraft:oak_planks burned on [world;1002;27;-3441]
[01:12:02][BlockBurnEvent]: a block minecraft:oak_planks burned on [world;1008;25;-3457]
[01:12:03][BlockBurnEvent]: a block minecraft:oak_planks burned on [world;1008;26;-3460]
[01:12:03][BlockBurnEvent]: a block minecraft:oak_planks burned on [world;1006;25;-3455]
[01:12:03][BlockBurnEvent]: a block minecraft:oak_planks burned on [world;1008;28;-3460]
[01:12:04][BlockBurnEvent]: a block minecraft:oak_fence[east=false,north=false,south=false,waterlogged=false,west=true] burned on [world;1001;26;-3441]
[01:12:04][BlockBurnEvent]: a block minecraft:oak_planks burned on [world;1008;25;-3455]
[01:12:04][BlockBurnEvent]: a block minecraft:oak_planks burned on [world;1008;27;-3460]
[01:12:05][BlockBurnEvent]: a block minecraft:oak_fence[east=false,north=false,south=false,waterlogged=false,west=false] burned on [world;1003;35;-3461]
[01:12:05][BlockBurnEvent]: a block minecraft:oak_planks burned on [world;1006;31;-3462]
[01:12:06][BlockBurnEvent]: a block minecraft:oak_fence[east=false,north=false,south=true,waterlogged=false,west=false] burned on [world;1022;14;-3507]
[01:12:06][BlockBurnEvent]: a block minecraft:oak_planks burned on [world;1006;26;-3457]
[01:12:06][BlockBurnEvent]: a block minecraft:oak_planks burned on [world;1010;23;-3463]
[01:12:06][BlockBurnEvent]: a block minecraft:oak_planks burned on [world;1006;30;-3460]
[01:12:07][BlockBurnEvent]: a block minecraft:oak_planks burned on [world;1008;30;-3460]
[01:12:07][BlockBurnEvent]: a block minecraft:oak_planks burned on [world;1008;26;-3455]
[01:12:08][BlockBurnEvent]: a block minecraft:oak_planks burned on [world;1006;24;-3457]
[01:12:08][BlockBurnEvent]: a block minecraft:oak_planks burned on [world;1008;23;-3457]
[01:12:08][BlockBurnEvent]: a block minecraft:oak_planks burned on [world;1008;22;-3457]
[01:12:08][BlockBurnEvent]: a block minecraft:oak_planks burned on [world;1006;28;-3460]
[01:12:08][BlockBurnEvent]: a block minecraft:oak_fence[east=true,north=false,south=false,waterlogged=false,west=false] burned on [world;1003;25;-3441]
[01:12:09][BlockBurnEvent]: a block minecraft:oak_planks burned on [world;1008;27;-3457]
[01:12:09][BlockBurnEvent]: a block minecraft:oak_fence[east=true,north=false,south=false,waterlogged=false,west=false] burned on [world;1015;40;-3486]
[01:12:09][BlockBurnEvent]: a block minecraft:oak_planks burned on [world;1010;23;-3464]
[01:12:10][BlockBurnEvent]: a block minecraft:oak_fence[east=true,north=false,south=false,waterlogged=false,west=false] burned on [world;1012;21;-3462]
[01:12:11][BlockBurnEvent]: a block minecraft:oak_planks burned on [world;1008;26;-3462]
[01:12:13][BlockBurnEvent]: a block minecraft:oak_planks burned on [world;1007;23;-3459]
[01:12:13][BlockBurnEvent]: a block minecraft:oak_planks burned on [world;1008;31;-3462]
[01:12:13][BlockBurnEvent]: a block minecraft:oak_planks burned on [world;1006;29;-3460]
[01:12:14][BlockBurnEvent]: a block minecraft:oak_planks burned on [world;1006;31;-3460]
[01:12:14][BlockBurnEvent]: a block minecraft:oak_planks burned on [world;1006;29;-3462]
[01:12:14][BlockBurnEvent]: a block minecraft:oak_planks burned on [world;1006;24;-3455]
[01:12:15][BlockBurnEvent]: a block minecraft:oak_fence[east=true,north=false,south=false,waterlogged=false,west=false] burned on [world;1012;25;-3462]
[01:12:15][BlockBurnEvent]: a block minecraft:oak_planks burned on [world;1008;31;-3460]
[01:12:16][BlockBurnEvent]: a block minecraft:oak_planks burned on [world;1006;25;-3457]
[01:12:18][BlockBurnEvent]: a block minecraft:oak_planks burned on [world;1008;24;-3455]
[01:12:18][BlockBurnEvent]: a block minecraft:oak_planks burned on [world;1006;26;-3455]
[01:12:19][BlockBurnEvent]: a block minecraft:oak_planks burned on [world;1012;26;-3462]
[01:12:20][BlockBurnEvent]: a block minecraft:oak_planks burned on [world;1008;22;-3455]
[01:12:20][BlockBurnEvent]: a block minecraft:oak_planks burned on [world;1006;23;-3457]
[01:12:20][BlockBurnEvent]: a block minecraft:oak_planks burned on [world;1001;19;-3432]
[01:12:21][BlockBurnEvent]: a block minecraft:oak_planks burned on [world;1064;38;-3308]
[01:12:21][BlockBurnEvent]: a block minecraft:oak_planks burned on [world;1007;23;-3461]
[01:12:21][BlockBurnEvent]: a block minecraft:oak_planks burned on [world;1008;27;-3462]
[01:12:21][BlockBurnEvent]: a block minecraft:oak_fence[east=false,north=false,south=false,waterlogged=false,west=true] burned on [world;1014;36;-3485]
[01:12:21][BlockBurnEvent]: a block minecraft:oak_planks burned on [world;1008;25;-3460]
[01:12:23][BlockBurnEvent]: a block minecraft:oak_planks burned on [world;1012;23;-3462]
[01:12:24][BlockBurnEvent]: a block minecraft:oak_fence[east=false,north=false,south=true,waterlogged=false,west=false] burned on [world;1022;13;-3507]
[01:12:24][BlockBurnEvent]: a block minecraft:oak_planks burned on [world;1022;15;-3507]
[01:12:24][BlockBurnEvent]: a block minecraft:oak_fence[east=false,north=false,south=false,waterlogged=false,west=true] burned on [world;1064;36;-3308]
[01:12:25][BlockBurnEvent]: a block minecraft:oak_planks burned on [world;1006;27;-3460]
[01:12:26][BlockBurnEvent]: a block minecraft:oak_planks burned on [world;1006;21;-3457]
[01:12:26][BlockBurnEvent]: a block minecraft:oak_planks burned on [world;1006;21;-3455]
[01:12:26][BlockBurnEvent]: a block minecraft:oak_fence[east=false,north=false,south=false,waterlogged=false,west=true] burned on [world;820;27;-3420]
[01:12:26][BlockBurnEvent]: a block minecraft:oak_planks burned on [world;1006;22;-3457]
[01:12:26][BlockBurnEvent]: a block minecraft:oak_planks burned on [world;1010;25;-3466]
[01:12:27][BlockBurnEvent]: a block minecraft:oak_planks burned on [world;1012;23;-3461]
[01:12:28][BlockBurnEvent]: a block minecraft:oak_fence[east=false,north=true,south=false,waterlogged=false,west=false] burned on [world;1007;22;-3461]
[01:12:28][BlockBurnEvent]: a block minecraft:oak_planks burned on [world;1008;21;-3457]
[01:12:28][BlockBurnEvent]: a block minecraft:oak_fence[east=true,north=false,south=false,waterlogged=false,west=false] burned on [world;822;26;-3420]
[01:12:28][BlockBurnEvent]: a block minecraft:oak_planks burned on [world;1006;23;-3455]
[01:13:45][BlockBurnEvent]: a block minecraft:oak_fence[east=false,north=false,south=false,waterlogged=false,west=true] burned on [world;820;26;-3420]
