[00:27:29][EntityPickupItemEvent]: PLAYER picked up SHULKER_BOX
[00:28:53][EntityPickupItemEvent]: PLAYER picked up COAL
[00:29:12][EntityPickupItemEvent]: PLAYER picked up CARROT
[00:29:14][EntityPickupItemEvent]: PLAYER picked up CARROT
[00:29:16][EntityPickupItemEvent]: PLAYER picked up CARROT
[00:29:17][EntityPickupItemEvent]: PLAYER picked up CARROT
[00:29:18][EntityPickupItemEvent]: PLAYER picked up CARROT
[00:29:20][EntityPickupItemEvent]: PLAYER picked up CARROT
[00:29:20][EntityPickupItemEvent]: PLAYER picked up CARROT
[00:29:32][EntityPickupItemEvent]: PLAYER picked up CARROT
[00:29:33][EntityPickupItemEvent]: PLAYER picked up CARROT
[00:29:33][EntityPickupItemEvent]: PLAYER picked up CARROT
[00:29:34][EntityPickupItemEvent]: PLAYER picked up CARROT
[00:29:34][EntityPickupItemEvent]: PLAYER picked up CARROT
[00:29:35][EntityPickupItemEvent]: PLAYER picked up CARROT
[00:29:35][EntityPickupItemEvent]: PLAYER picked up CARROT
[00:29:37][EntityPickupItemEvent]: PLAYER picked up CARROT
[00:29:38][EntityPickupItemEvent]: PLAYER picked up CARROT
[00:29:38][EntityPickupItemEvent]: PLAYER picked up CARROT
[00:29:41][EntityPickupItemEvent]: PLAYER picked up CARROT
[00:29:41][EntityPickupItemEvent]: PLAYER picked up CARROT
[00:39:55][EntityPickupItemEvent]: PLAYER picked up REDSTONE
[00:41:01][EntityPickupItemEvent]: PLAYER picked up DIAMOND_BOOTS
[00:41:23][EntityPickupItemEvent]: PLAYER picked up DIAMOND_PICKAXE
[00:41:23][EntityPickupItemEvent]: PLAYER picked up IRON_HELMET
[00:41:24][EntityPickupItemEvent]: PLAYER picked up IRON_CHESTPLATE
[00:41:24][EntityPickupItemEvent]: PLAYER picked up IRON_BOOTS
[00:41:24][EntityPickupItemEvent]: PLAYER picked up IRON_LEGGINGS
[00:43:48][EntityPickupItemEvent]: PLAYER picked up OAK_PLANKS
[00:48:07][EntityPickupItemEvent]: PLAYER picked up BONE
[00:48:14][EntityPickupItemEvent]: PLAYER picked up BONE
[00:49:26][EntityPickupItemEvent]: PLAYER picked up ROTTEN_FLESH
[00:49:31][EntityPickupItemEvent]: PLAYER picked up BONE
[00:52:16][EntityPickupItemEvent]: PLAYER picked up DIRT
[00:52:17][EntityPickupItemEvent]: PLAYER picked up DIRT
[00:52:24][EntityPickupItemEvent]: PLAYER picked up COBBLESTONE
[00:52:24][EntityPickupItemEvent]: PLAYER picked up COBBLESTONE
[00:52:24][EntityPickupItemEvent]: PLAYER picked up COBBLESTONE
[00:52:25][EntityPickupItemEvent]: PLAYER picked up COBBLESTONE
[00:52:25][EntityPickupItemEvent]: PLAYER picked up COBBLESTONE
[00:52:25][EntityPickupItemEvent]: PLAYER picked up COBBLESTONE
[00:52:26][EntityPickupItemEvent]: PLAYER picked up COBBLESTONE
[00:52:27][EntityPickupItemEvent]: PLAYER picked up DIRT
[00:52:30][EntityPickupItemEvent]: PLAYER picked up DIRT
[00:52:30][EntityPickupItemEvent]: PLAYER picked up DIRT
[00:52:35][EntityPickupItemEvent]: PLAYER picked up COAL
[00:52:36][EntityPickupItemEvent]: PLAYER picked up COAL
[00:52:37][EntityPickupItemEvent]: PLAYER picked up COAL
[00:52:38][EntityPickupItemEvent]: PLAYER picked up ANDESITE
[00:52:38][EntityPickupItemEvent]: PLAYER picked up ANDESITE
[00:52:38][EntityPickupItemEvent]: PLAYER picked up COBBLESTONE
[00:52:39][EntityPickupItemEvent]: PLAYER picked up COBBLESTONE
[00:52:41][EntityPickupItemEvent]: PLAYER picked up COBBLESTONE
[00:52:44][EntityPickupItemEvent]: PLAYER picked up IRON_ORE
[00:52:50][EntityPickupItemEvent]: PLAYER picked up GRANITE
[00:52:54][EntityPickupItemEvent]: PLAYER picked up GRANITE
[00:52:56][EntityPickupItemEvent]: PLAYER picked up COBBLESTONE
[00:52:56][EntityPickupItemEvent]: PLAYER picked up COBBLESTONE
[00:52:56][EntityPickupItemEvent]: PLAYER picked up COBBLESTONE
[00:52:56][EntityPickupItemEvent]: PLAYER picked up COBBLESTONE
[00:52:57][EntityPickupItemEvent]: PLAYER picked up COBBLESTONE
[00:52:57][EntityPickupItemEvent]: PLAYER picked up COBBLESTONE
[00:52:58][EntityPickupItemEvent]: PLAYER picked up COBBLESTONE
[00:52:59][EntityPickupItemEvent]: PLAYER picked up COBBLESTONE
[00:53:00][EntityPickupItemEvent]: PLAYER picked up COBBLESTONE
[00:53:00][EntityPickupItemEvent]: PLAYER picked up COBBLESTONE
[00:53:01][EntityPickupItemEvent]: PLAYER picked up COBBLESTONE
[00:53:01][EntityPickupItemEvent]: PLAYER picked up COBBLESTONE
[00:53:24][EntityPickupItemEvent]: PLAYER picked up COBBLESTONE
[00:53:25][EntityPickupItemEvent]: PLAYER picked up COBBLESTONE
[00:53:25][EntityPickupItemEvent]: PLAYER picked up COBBLESTONE
[00:53:26][EntityPickupItemEvent]: PLAYER picked up COBBLESTONE
[00:53:27][EntityPickupItemEvent]: PLAYER picked up COBBLESTONE
[00:53:27][EntityPickupItemEvent]: PLAYER picked up COBBLESTONE
[00:53:28][EntityPickupItemEvent]: PLAYER picked up DIRT
[00:53:29][EntityPickupItemEvent]: PLAYER picked up DIRT
[00:53:33][EntityPickupItemEvent]: PLAYER picked up DIRT
[00:53:33][EntityPickupItemEvent]: PLAYER picked up COBBLESTONE
[00:53:33][EntityPickupItemEvent]: PLAYER picked up COBBLESTONE
[00:53:33][EntityPickupItemEvent]: PLAYER picked up COBBLESTONE
[00:53:34][EntityPickupItemEvent]: PLAYER picked up ANDESITE
[00:53:34][EntityPickupItemEvent]: PLAYER picked up ANDESITE
[00:53:46][EntityPickupItemEvent]: PLAYER picked up ANDESITE
[00:53:50][EntityPickupItemEvent]: PLAYER picked up ANDESITE
[00:53:51][EntityPickupItemEvent]: PLAYER picked up ANDESITE
[00:53:51][EntityPickupItemEvent]: PLAYER picked up ANDESITE
[00:53:52][EntityPickupItemEvent]: PLAYER picked up COBBLESTONE
[00:53:52][EntityPickupItemEvent]: PLAYER picked up COBBLESTONE
[00:53:53][EntityPickupItemEvent]: PLAYER picked up COBBLESTONE
[00:53:54][EntityPickupItemEvent]: PLAYER picked up COBBLESTONE
[00:53:54][EntityPickupItemEvent]: PLAYER picked up COBBLESTONE
[00:53:55][EntityPickupItemEvent]: PLAYER picked up COBBLESTONE
[00:53:58][EntityPickupItemEvent]: PLAYER picked up COBBLESTONE
[00:53:58][EntityPickupItemEvent]: PLAYER picked up COBBLESTONE
[00:53:59][EntityPickupItemEvent]: PLAYER picked up COBBLESTONE
[00:53:59][EntityPickupItemEvent]: PLAYER picked up COBBLESTONE
[00:54:00][EntityPickupItemEvent]: PLAYER picked up COBBLESTONE
[00:54:00][EntityPickupItemEvent]: PLAYER picked up COBBLESTONE
[00:54:01][EntityPickupItemEvent]: PLAYER picked up COBBLESTONE
[00:54:02][EntityPickupItemEvent]: PLAYER picked up COBBLESTONE
[00:54:02][EntityPickupItemEvent]: PLAYER picked up COBBLESTONE
[00:54:03][EntityPickupItemEvent]: PLAYER picked up COBBLESTONE
[00:54:03][EntityPickupItemEvent]: PLAYER picked up COBBLESTONE
[00:54:14][EntityPickupItemEvent]: PLAYER picked up ANDESITE
[00:54:14][EntityPickupItemEvent]: PLAYER picked up ANDESITE
[00:54:15][EntityPickupItemEvent]: PLAYER picked up COBBLESTONE
[00:54:15][EntityPickupItemEvent]: PLAYER picked up COBBLESTONE
[00:54:16][EntityPickupItemEvent]: PLAYER picked up ANDESITE
[00:54:17][EntityPickupItemEvent]: PLAYER picked up ANDESITE
[00:54:17][EntityPickupItemEvent]: PLAYER picked up ANDESITE
[00:54:17][EntityPickupItemEvent]: PLAYER picked up ANDESITE
[00:54:18][EntityPickupItemEvent]: PLAYER picked up ANDESITE
[00:54:18][EntityPickupItemEvent]: PLAYER picked up ANDESITE
[00:54:18][EntityPickupItemEvent]: PLAYER picked up ANDESITE
[00:54:19][EntityPickupItemEvent]: PLAYER picked up ANDESITE
[00:54:19][EntityPickupItemEvent]: PLAYER picked up ANDESITE
[00:54:20][EntityPickupItemEvent]: PLAYER picked up COBBLESTONE
[00:54:20][EntityPickupItemEvent]: PLAYER picked up COBBLESTONE
[00:54:24][EntityPickupItemEvent]: PLAYER picked up ANDESITE
[00:54:24][EntityPickupItemEvent]: PLAYER picked up ANDESITE
[00:54:31][EntityPickupItemEvent]: PLAYER picked up ANDESITE
[00:54:33][EntityPickupItemEvent]: PLAYER picked up ANDESITE
[00:54:33][EntityPickupItemEvent]: PLAYER picked up COBBLESTONE
[00:54:33][EntityPickupItemEvent]: PLAYER picked up COBBLESTONE
[00:54:33][EntityPickupItemEvent]: PLAYER picked up ANDESITE
[00:54:38][EntityPickupItemEvent]: PLAYER picked up ANDESITE
[00:54:42][EntityPickupItemEvent]: PLAYER picked up COBBLESTONE
[00:54:43][EntityPickupItemEvent]: PLAYER picked up COBBLESTONE
[00:54:44][EntityPickupItemEvent]: PLAYER picked up COBBLESTONE
[00:54:45][EntityPickupItemEvent]: PLAYER picked up COBBLESTONE
[00:54:45][EntityPickupItemEvent]: PLAYER picked up COBBLESTONE
[00:54:49][EntityPickupItemEvent]: PLAYER picked up COBBLESTONE
[00:54:49][EntityPickupItemEvent]: PLAYER picked up COBBLESTONE
[00:54:53][EntityPickupItemEvent]: PLAYER picked up COBBLESTONE
[00:54:53][EntityPickupItemEvent]: PLAYER picked up COBBLESTONE
[00:54:56][EntityPickupItemEvent]: PLAYER picked up REDSTONE
[00:54:56][EntityPickupItemEvent]: PLAYER picked up COBBLESTONE
[00:54:57][EntityPickupItemEvent]: PLAYER picked up COBBLESTONE
[00:54:57][EntityPickupItemEvent]: PLAYER picked up COBBLESTONE
[00:54:58][EntityPickupItemEvent]: PLAYER picked up REDSTONE
[00:54:58][EntityPickupItemEvent]: PLAYER picked up REDSTONE
[00:54:59][EntityPickupItemEvent]: PLAYER picked up COBBLESTONE
[00:54:59][EntityPickupItemEvent]: PLAYER picked up COBBLESTONE
[00:55:08][EntityPickupItemEvent]: PLAYER picked up COBBLESTONE
[00:55:12][EntityPickupItemEvent]: PLAYER picked up COBBLESTONE
[00:55:14][EntityPickupItemEvent]: PLAYER picked up COBBLESTONE
[00:55:14][EntityPickupItemEvent]: PLAYER picked up COBBLESTONE
[00:55:14][EntityPickupItemEvent]: PLAYER picked up COBBLESTONE
[00:55:15][EntityPickupItemEvent]: PLAYER picked up COBBLESTONE
[00:55:18][EntityPickupItemEvent]: PLAYER picked up COBBLESTONE
[00:55:22][EntityPickupItemEvent]: PLAYER picked up COBBLESTONE
[00:55:24][EntityPickupItemEvent]: PLAYER picked up COBBLESTONE
[00:55:24][EntityPickupItemEvent]: PLAYER picked up COBBLESTONE
[00:55:25][EntityPickupItemEvent]: PLAYER picked up COBBLESTONE
[00:55:31][EntityPickupItemEvent]: PLAYER picked up COBBLESTONE
[00:55:31][EntityPickupItemEvent]: PLAYER picked up COBBLESTONE
[00:55:32][EntityPickupItemEvent]: PLAYER picked up COBBLESTONE
[00:55:34][EntityPickupItemEvent]: PLAYER picked up COBBLESTONE
[00:55:35][EntityPickupItemEvent]: PLAYER picked up COBBLESTONE
[00:55:40][EntityPickupItemEvent]: PLAYER picked up COBBLESTONE
[00:55:40][EntityPickupItemEvent]: PLAYER picked up COBBLESTONE
[00:55:43][EntityPickupItemEvent]: PLAYER picked up DIORITE
[00:55:43][EntityPickupItemEvent]: PLAYER picked up DIORITE
[00:55:47][EntityPickupItemEvent]: PLAYER picked up COBBLESTONE
[00:55:48][EntityPickupItemEvent]: PLAYER picked up COBBLESTONE
[00:55:49][EntityPickupItemEvent]: PLAYER picked up COBBLESTONE
[00:55:49][EntityPickupItemEvent]: PLAYER picked up COBBLESTONE
[00:55:49][EntityPickupItemEvent]: PLAYER picked up COBBLESTONE
[00:55:50][EntityPickupItemEvent]: PLAYER picked up COBBLESTONE
[00:55:53][EntityPickupItemEvent]: PLAYER picked up COBBLESTONE
[00:55:57][EntityPickupItemEvent]: PLAYER picked up COBBLESTONE
[00:55:57][EntityPickupItemEvent]: PLAYER picked up COBBLESTONE
[00:55:58][EntityPickupItemEvent]: PLAYER picked up COBBLESTONE
[00:55:58][EntityPickupItemEvent]: PLAYER picked up COBBLESTONE
[00:55:59][EntityPickupItemEvent]: PLAYER picked up COBBLESTONE
[00:55:59][EntityPickupItemEvent]: PLAYER picked up COBBLESTONE
[00:56:00][EntityPickupItemEvent]: PLAYER picked up COBBLESTONE
[00:56:02][EntityPickupItemEvent]: PLAYER picked up COBBLESTONE
[00:56:02][EntityPickupItemEvent]: PLAYER picked up COBBLESTONE
[00:56:02][EntityPickupItemEvent]: PLAYER picked up COBBLESTONE
[00:56:06][EntityPickupItemEvent]: PLAYER picked up COBBLESTONE
[00:56:07][EntityPickupItemEvent]: PLAYER picked up COBBLESTONE
[00:56:07][EntityPickupItemEvent]: PLAYER picked up COBBLESTONE
[00:56:08][EntityPickupItemEvent]: PLAYER picked up COBBLESTONE
[00:56:08][EntityPickupItemEvent]: PLAYER picked up COBBLESTONE
[00:56:12][EntityPickupItemEvent]: PLAYER picked up COBBLESTONE
[00:56:12][EntityPickupItemEvent]: PLAYER picked up COBBLESTONE
[00:56:27][EntityPickupItemEvent]: PLAYER picked up COBBLESTONE
[00:56:28][EntityPickupItemEvent]: PLAYER picked up COBBLESTONE
[00:56:28][EntityPickupItemEvent]: PLAYER picked up COBBLESTONE
[00:56:29][EntityPickupItemEvent]: PLAYER picked up ANDESITE
[00:56:29][EntityPickupItemEvent]: PLAYER picked up ANDESITE
[00:56:30][EntityPickupItemEvent]: PLAYER picked up COBBLESTONE
[00:56:31][EntityPickupItemEvent]: PLAYER picked up COBBLESTONE
[00:56:31][EntityPickupItemEvent]: PLAYER picked up ANDESITE
[00:56:32][EntityPickupItemEvent]: PLAYER picked up ANDESITE
[00:56:33][EntityPickupItemEvent]: PLAYER picked up ANDESITE
[00:56:33][EntityPickupItemEvent]: PLAYER picked up ANDESITE
[00:56:33][EntityPickupItemEvent]: PLAYER picked up COBBLESTONE
[00:56:34][EntityPickupItemEvent]: PLAYER picked up ANDESITE
[00:56:34][EntityPickupItemEvent]: PLAYER picked up COBBLESTONE
[00:56:34][EntityPickupItemEvent]: PLAYER picked up COBBLESTONE
[00:56:35][EntityPickupItemEvent]: PLAYER picked up COBBLESTONE
[00:56:36][EntityPickupItemEvent]: PLAYER picked up COBBLESTONE
[00:56:36][EntityPickupItemEvent]: PLAYER picked up ANDESITE
[00:56:37][EntityPickupItemEvent]: PLAYER picked up COBBLESTONE
[00:56:37][EntityPickupItemEvent]: PLAYER picked up COBBLESTONE
[00:56:37][EntityPickupItemEvent]: PLAYER picked up COBBLESTONE
[00:56:38][EntityPickupItemEvent]: PLAYER picked up COBBLESTONE
[00:56:39][EntityPickupItemEvent]: PLAYER picked up COBBLESTONE
[00:56:39][EntityPickupItemEvent]: PLAYER picked up COBBLESTONE
[00:56:40][EntityPickupItemEvent]: PLAYER picked up COBBLESTONE
[00:56:42][EntityPickupItemEvent]: PLAYER picked up COBBLESTONE
[00:56:46][EntityPickupItemEvent]: PLAYER picked up COBBLESTONE
[00:56:46][EntityPickupItemEvent]: PLAYER picked up COBBLESTONE
[00:56:47][EntityPickupItemEvent]: PLAYER picked up COBBLESTONE
[00:56:47][EntityPickupItemEvent]: PLAYER picked up COBBLESTONE
[00:56:48][EntityPickupItemEvent]: PLAYER picked up COBBLESTONE
[00:56:49][EntityPickupItemEvent]: PLAYER picked up COBBLESTONE
[00:56:49][EntityPickupItemEvent]: PLAYER picked up COBBLESTONE
[00:56:50][EntityPickupItemEvent]: PLAYER picked up COBBLESTONE
[00:56:50][EntityPickupItemEvent]: PLAYER picked up COBBLESTONE
[00:56:51][EntityPickupItemEvent]: PLAYER picked up COBBLESTONE
[00:56:51][EntityPickupItemEvent]: PLAYER picked up COBBLESTONE
[00:56:52][EntityPickupItemEvent]: PLAYER picked up COBBLESTONE
[00:56:52][EntityPickupItemEvent]: PLAYER picked up COBBLESTONE
[00:56:53][EntityPickupItemEvent]: PLAYER picked up COBBLESTONE
[00:56:54][EntityPickupItemEvent]: PLAYER picked up COBBLESTONE
[00:56:54][EntityPickupItemEvent]: PLAYER picked up COBBLESTONE
[00:56:55][EntityPickupItemEvent]: PLAYER picked up COBBLESTONE
[00:56:55][EntityPickupItemEvent]: PLAYER picked up COBBLESTONE
[00:56:56][EntityPickupItemEvent]: PLAYER picked up COBBLESTONE
[00:56:56][EntityPickupItemEvent]: PLAYER picked up COBBLESTONE
[00:56:57][EntityPickupItemEvent]: PLAYER picked up COBBLESTONE
[00:56:58][EntityPickupItemEvent]: PLAYER picked up COBBLESTONE
[00:57:23][EntityPickupItemEvent]: PLAYER picked up REDSTONE
[00:57:23][EntityPickupItemEvent]: PLAYER picked up REDSTONE
[00:57:26][EntityPickupItemEvent]: PLAYER picked up COBBLESTONE
[00:57:26][EntityPickupItemEvent]: PLAYER picked up REDSTONE
[00:57:27][EntityPickupItemEvent]: PLAYER picked up REDSTONE
[00:57:27][EntityPickupItemEvent]: PLAYER picked up REDSTONE
[00:57:28][EntityPickupItemEvent]: PLAYER picked up REDSTONE
[00:57:30][EntityPickupItemEvent]: PLAYER picked up REDSTONE
[00:57:30][EntityPickupItemEvent]: PLAYER picked up REDSTONE
[00:57:30][EntityPickupItemEvent]: PLAYER picked up REDSTONE
[00:58:36][EntityPickupItemEvent]: PLAYER picked up IRON_ORE
[00:58:40][EntityPickupItemEvent]: PLAYER picked up DIORITE
[00:58:42][EntityPickupItemEvent]: PLAYER picked up DIORITE
[00:58:45][EntityPickupItemEvent]: PLAYER picked up COBBLESTONE
[00:59:02][EntityPickupItemEvent]: PLAYER picked up COBBLESTONE
[00:59:06][EntityPickupItemEvent]: PLAYER picked up COBBLESTONE
[00:59:07][EntityPickupItemEvent]: PLAYER picked up COBBLESTONE
[00:59:23][EntityPickupItemEvent]: PLAYER picked up COBBLESTONE
[00:59:26][EntityPickupItemEvent]: PLAYER picked up COBBLESTONE
[00:59:27][EntityPickupItemEvent]: PLAYER picked up COBBLESTONE
[00:59:52][EntityPickupItemEvent]: PLAYER picked up DIAMOND
[00:59:56][EntityPickupItemEvent]: PLAYER picked up DIAMOND
[00:59:58][EntityPickupItemEvent]: PLAYER picked up DIAMOND
[01:00:11][EntityPickupItemEvent]: PLAYER picked up COBBLESTONE
[01:00:12][EntityPickupItemEvent]: PLAYER picked up COBBLESTONE
[01:00:13][EntityPickupItemEvent]: PLAYER picked up COBBLESTONE
[01:00:13][EntityPickupItemEvent]: PLAYER picked up COBBLESTONE
[01:00:15][EntityPickupItemEvent]: PLAYER picked up DIAMOND
[01:00:41][EntityPickupItemEvent]: PLAYER picked up COBBLESTONE
[01:00:41][EntityPickupItemEvent]: PLAYER picked up COBBLESTONE
[01:00:42][EntityPickupItemEvent]: PLAYER picked up COBBLESTONE
[01:00:42][EntityPickupItemEvent]: PLAYER picked up COBBLESTONE
[01:00:43][EntityPickupItemEvent]: PLAYER picked up COBBLESTONE
[01:00:43][EntityPickupItemEvent]: PLAYER picked up COBBLESTONE
[01:00:44][EntityPickupItemEvent]: PLAYER picked up COBBLESTONE
[01:00:44][EntityPickupItemEvent]: PLAYER picked up COBBLESTONE
[01:00:45][EntityPickupItemEvent]: PLAYER picked up COBBLESTONE
[01:00:45][EntityPickupItemEvent]: PLAYER picked up COBBLESTONE
[01:00:46][EntityPickupItemEvent]: PLAYER picked up COBBLESTONE
[01:00:46][EntityPickupItemEvent]: PLAYER picked up COBBLESTONE
[01:00:47][EntityPickupItemEvent]: PLAYER picked up COBBLESTONE
[01:00:47][EntityPickupItemEvent]: PLAYER picked up COBBLESTONE
[01:00:48][EntityPickupItemEvent]: PLAYER picked up IRON_ORE
[01:00:50][EntityPickupItemEvent]: PLAYER picked up COBBLESTONE
[01:00:50][EntityPickupItemEvent]: PLAYER picked up COBBLESTONE
[01:00:51][EntityPickupItemEvent]: PLAYER picked up COBBLESTONE
[01:00:51][EntityPickupItemEvent]: PLAYER picked up COBBLESTONE
[01:00:51][EntityPickupItemEvent]: PLAYER picked up COBBLESTONE
[01:01:04][EntityPickupItemEvent]: PLAYER picked up COBBLESTONE
[01:01:10][EntityPickupItemEvent]: PLAYER picked up COBBLESTONE
[01:01:20][EntityPickupItemEvent]: PLAYER picked up TORCH
[01:01:25][EntityPickupItemEvent]: PLAYER picked up COBBLESTONE
[01:01:25][EntityPickupItemEvent]: PLAYER picked up COBBLESTONE
[01:01:34][EntityPickupItemEvent]: PLAYER picked up COBBLESTONE
[01:01:34][EntityPickupItemEvent]: PLAYER picked up COBBLESTONE
[01:01:35][EntityPickupItemEvent]: PLAYER picked up COBBLESTONE
[01:01:35][EntityPickupItemEvent]: PLAYER picked up COBBLESTONE
[01:01:35][EntityPickupItemEvent]: PLAYER picked up COBBLESTONE
[01:01:35][EntityPickupItemEvent]: PLAYER picked up COBBLESTONE
[01:01:36][EntityPickupItemEvent]: PLAYER picked up COBBLESTONE
[01:01:37][EntityPickupItemEvent]: PLAYER picked up COBBLESTONE
[01:01:38][EntityPickupItemEvent]: PLAYER picked up COBBLESTONE
[01:01:38][EntityPickupItemEvent]: PLAYER picked up COBBLESTONE
[01:01:38][EntityPickupItemEvent]: PLAYER picked up COBBLESTONE
[01:01:38][EntityPickupItemEvent]: PLAYER picked up COBBLESTONE
[01:01:38][EntityPickupItemEvent]: PLAYER picked up COBBLESTONE
[01:01:39][EntityPickupItemEvent]: PLAYER picked up COBBLESTONE
[01:01:39][EntityPickupItemEvent]: PLAYER picked up COBBLESTONE
[01:01:40][EntityPickupItemEvent]: PLAYER picked up COBBLESTONE
[01:01:40][EntityPickupItemEvent]: PLAYER picked up COBBLESTONE
[01:01:40][EntityPickupItemEvent]: PLAYER picked up COBBLESTONE
[01:01:41][EntityPickupItemEvent]: PLAYER picked up COBBLESTONE
[01:01:41][EntityPickupItemEvent]: PLAYER picked up COBBLESTONE
[01:01:41][EntityPickupItemEvent]: PLAYER picked up COBBLESTONE
[01:01:42][EntityPickupItemEvent]: PLAYER picked up COBBLESTONE
[01:01:42][EntityPickupItemEvent]: PLAYER picked up COBBLESTONE
[01:01:42][EntityPickupItemEvent]: PLAYER picked up COBBLESTONE
[01:01:46][EntityPickupItemEvent]: PLAYER picked up COBBLESTONE
[01:01:47][EntityPickupItemEvent]: PLAYER picked up COBBLESTONE
[01:01:48][EntityPickupItemEvent]: PLAYER picked up COBBLESTONE
[01:01:48][EntityPickupItemEvent]: PLAYER picked up COBBLESTONE
[01:01:49][EntityPickupItemEvent]: PLAYER picked up COBBLESTONE
[01:01:49][EntityPickupItemEvent]: PLAYER picked up COBBLESTONE
[01:01:51][EntityPickupItemEvent]: PLAYER picked up COBBLESTONE
[01:01:51][EntityPickupItemEvent]: PLAYER picked up COBBLESTONE
[01:01:51][EntityPickupItemEvent]: PLAYER picked up COBBLESTONE
[01:01:52][EntityPickupItemEvent]: PLAYER picked up COBBLESTONE
[01:01:52][EntityPickupItemEvent]: PLAYER picked up COBBLESTONE
[01:01:57][EntityPickupItemEvent]: PLAYER picked up COBBLESTONE
[01:01:59][EntityPickupItemEvent]: PLAYER picked up COBBLESTONE
[01:01:59][EntityPickupItemEvent]: PLAYER picked up COBBLESTONE
[01:01:59][EntityPickupItemEvent]: PLAYER picked up COBBLESTONE
[01:02:01][EntityPickupItemEvent]: PLAYER picked up COBBLESTONE
[01:02:01][EntityPickupItemEvent]: PLAYER picked up COBBLESTONE
[01:02:24][EntityPickupItemEvent]: PLAYER picked up COBBLESTONE
[01:02:24][EntityPickupItemEvent]: PLAYER picked up COBBLESTONE
[01:02:28][EntityPickupItemEvent]: PLAYER picked up TORCH
[01:02:34][EntityPickupItemEvent]: PLAYER picked up COBBLESTONE
[01:02:34][EntityPickupItemEvent]: PLAYER picked up COBBLESTONE
[01:02:34][EntityPickupItemEvent]: PLAYER picked up COBBLESTONE
[01:02:34][EntityPickupItemEvent]: PLAYER picked up COBBLESTONE
[01:02:34][EntityPickupItemEvent]: PLAYER picked up COBBLESTONE
[01:04:53][EntityPickupItemEvent]: PLAYER picked up DIAMOND
[01:04:54][EntityPickupItemEvent]: PLAYER picked up DIAMOND
[01:04:56][EntityPickupItemEvent]: PLAYER picked up DIAMOND
[01:04:57][EntityPickupItemEvent]: PLAYER picked up DIAMOND
[01:04:59][EntityPickupItemEvent]: PLAYER picked up COBBLESTONE
[01:04:59][EntityPickupItemEvent]: PLAYER picked up DIAMOND
[01:05:00][EntityPickupItemEvent]: PLAYER picked up COBBLESTONE
[01:05:00][EntityPickupItemEvent]: PLAYER picked up COBBLESTONE
[01:05:01][EntityPickupItemEvent]: PLAYER picked up DIAMOND
[01:05:21][EntityPickupItemEvent]: PLAYER picked up OBSIDIAN
[01:06:09][EntityPickupItemEvent]: PLAYER picked up COBBLESTONE
[01:06:09][EntityPickupItemEvent]: PLAYER picked up COBBLESTONE
[01:06:11][EntityPickupItemEvent]: PLAYER picked up COBBLESTONE
[01:06:11][EntityPickupItemEvent]: PLAYER picked up COBBLESTONE
[01:06:25][EntityPickupItemEvent]: PLAYER picked up COBBLESTONE
[01:06:25][EntityPickupItemEvent]: PLAYER picked up COBBLESTONE
[01:06:26][EntityPickupItemEvent]: PLAYER picked up COBBLESTONE
[01:06:42][EntityPickupItemEvent]: PLAYER picked up COBBLESTONE
[01:06:43][EntityPickupItemEvent]: PLAYER picked up COBBLESTONE
[01:06:45][EntityPickupItemEvent]: PLAYER picked up COBBLESTONE
[01:06:47][EntityPickupItemEvent]: PLAYER picked up COBBLESTONE
[01:06:48][EntityPickupItemEvent]: PLAYER picked up COBBLESTONE
[01:06:49][EntityPickupItemEvent]: PLAYER picked up COBBLESTONE
[01:06:55][EntityPickupItemEvent]: PLAYER picked up COBBLESTONE
[01:06:55][EntityPickupItemEvent]: PLAYER picked up COBBLESTONE
[01:07:18][EntityPickupItemEvent]: PLAYER picked up COBBLESTONE
[01:07:20][EntityPickupItemEvent]: PLAYER picked up COBBLESTONE
[01:07:21][EntityPickupItemEvent]: PLAYER picked up TORCH
[01:07:23][EntityPickupItemEvent]: PLAYER picked up COBBLESTONE
[01:07:23][EntityPickupItemEvent]: PLAYER picked up COBBLESTONE
[01:07:27][EntityPickupItemEvent]: PLAYER picked up COBBLESTONE
[01:07:28][EntityPickupItemEvent]: PLAYER picked up COBBLESTONE
[01:07:32][EntityPickupItemEvent]: PLAYER picked up COBBLESTONE
[01:07:32][EntityPickupItemEvent]: PLAYER picked up COBBLESTONE
[01:07:33][EntityPickupItemEvent]: PLAYER picked up LAPIS_LAZULI
[01:07:33][EntityPickupItemEvent]: PLAYER picked up LAPIS_LAZULI
[01:07:34][EntityPickupItemEvent]: PLAYER picked up LAPIS_LAZULI
[01:07:36][EntityPickupItemEvent]: PLAYER picked up COBBLESTONE
[01:07:37][EntityPickupItemEvent]: PLAYER picked up COBBLESTONE
[01:07:38][EntityPickupItemEvent]: PLAYER picked up COBBLESTONE
[01:07:49][EntityPickupItemEvent]: PLAYER picked up TORCH
[01:08:01][EntityPickupItemEvent]: PLAYER picked up COBBLESTONE
[01:08:02][EntityPickupItemEvent]: PLAYER picked up COBBLESTONE
[01:08:03][EntityPickupItemEvent]: PLAYER picked up COBBLESTONE
[01:08:05][EntityPickupItemEvent]: PLAYER picked up COBBLESTONE
[01:08:06][EntityPickupItemEvent]: PLAYER picked up COBBLESTONE
[01:08:06][EntityPickupItemEvent]: PLAYER picked up COBBLESTONE
[01:08:06][EntityPickupItemEvent]: PLAYER picked up COBBLESTONE
[01:08:27][EntityPickupItemEvent]: PLAYER picked up COBBLESTONE
[01:08:28][EntityPickupItemEvent]: PLAYER picked up COBBLESTONE
[01:08:29][EntityPickupItemEvent]: PLAYER picked up COBBLESTONE
[01:08:29][EntityPickupItemEvent]: PLAYER picked up ANDESITE
[01:08:30][EntityPickupItemEvent]: PLAYER picked up ANDESITE
[01:08:33][EntityPickupItemEvent]: PLAYER picked up COBBLESTONE
[01:08:38][EntityPickupItemEvent]: PLAYER picked up COBBLESTONE
[01:08:38][EntityPickupItemEvent]: PLAYER picked up COBBLESTONE
[01:08:38][EntityPickupItemEvent]: PLAYER picked up COBBLESTONE
[01:08:39][EntityPickupItemEvent]: PLAYER picked up COBBLESTONE
[01:08:39][EntityPickupItemEvent]: PLAYER picked up COBBLESTONE
[01:08:39][EntityPickupItemEvent]: PLAYER picked up COBBLESTONE
[01:08:39][EntityPickupItemEvent]: PLAYER picked up COBBLESTONE
[01:08:40][EntityPickupItemEvent]: PLAYER picked up GOLD_ORE
[01:08:40][EntityPickupItemEvent]: PLAYER picked up COBBLESTONE
[01:08:41][EntityPickupItemEvent]: PLAYER picked up GOLD_ORE
[01:08:42][EntityPickupItemEvent]: PLAYER picked up GOLD_ORE
[01:08:43][EntityPickupItemEvent]: PLAYER picked up GOLD_ORE
[01:08:44][EntityPickupItemEvent]: PLAYER picked up GOLD_ORE
[01:08:45][EntityPickupItemEvent]: PLAYER picked up GOLD_ORE
[01:08:46][EntityPickupItemEvent]: PLAYER picked up GOLD_ORE
[01:08:46][EntityPickupItemEvent]: PLAYER picked up COBBLESTONE
[01:08:46][EntityPickupItemEvent]: PLAYER picked up COBBLESTONE
[01:08:47][EntityPickupItemEvent]: PLAYER picked up GOLD_ORE
[01:08:48][EntityPickupItemEvent]: PLAYER picked up COBBLESTONE
[01:09:37][EntityPickupItemEvent]: PLAYER picked up OBSIDIAN
[01:09:50][EntityPickupItemEvent]: PLAYER picked up CRAFTING_TABLE
[01:10:03][EntityPickupItemEvent]: PLAYER picked up IRON_ORE
[01:10:22][EntityPickupItemEvent]: PLAYER picked up COBBLESTONE
[01:10:24][EntityPickupItemEvent]: PLAYER picked up IRON_ORE
[01:10:25][EntityPickupItemEvent]: PLAYER picked up IRON_ORE
[01:10:25][EntityPickupItemEvent]: PLAYER picked up IRON_ORE
[01:10:25][EntityPickupItemEvent]: PLAYER picked up COBBLESTONE
[01:10:26][EntityPickupItemEvent]: PLAYER picked up COBBLESTONE
[01:10:27][EntityPickupItemEvent]: PLAYER picked up DIORITE
[01:10:27][EntityPickupItemEvent]: PLAYER picked up COBBLESTONE
[01:10:27][EntityPickupItemEvent]: PLAYER picked up COBBLESTONE
[01:10:28][EntityPickupItemEvent]: PLAYER picked up COBBLESTONE
[01:10:28][EntityPickupItemEvent]: PLAYER picked up COBBLESTONE
[01:10:29][EntityPickupItemEvent]: PLAYER picked up COBBLESTONE
[01:10:29][EntityPickupItemEvent]: PLAYER picked up COBBLESTONE
[01:10:30][EntityPickupItemEvent]: PLAYER picked up COBBLESTONE
[01:10:30][EntityPickupItemEvent]: PLAYER picked up COBBLESTONE
[01:11:19][EntityPickupItemEvent]: PLAYER picked up COBBLESTONE
[01:11:20][EntityPickupItemEvent]: PLAYER picked up COBBLESTONE
[01:12:16][EntityPickupItemEvent]: PLAYER picked up COBBLESTONE
[01:12:17][EntityPickupItemEvent]: PLAYER picked up COBBLESTONE
[01:12:26][EntityPickupItemEvent]: PLAYER picked up TORCH
