[00:24:29][AsyncPlayerChatEvent]: said t
[00:29:31][AsyncPlayerChatEvent]: said hi abodymnms
[00:35:26][AsyncPlayerChatEvent]: said hi 7xgb
[00:35:59][AsyncPlayerChatEvent]: said in abodymnms
[00:36:32][AsyncPlayerChatEvent]: said ok
[00:38:10][AsyncPlayerChatEvent]: said سوي /pw warp
[00:38:53][AsyncPlayerChatEvent]: said tt
[00:40:10][AsyncPlayerChatEvent]: said tt
[00:40:16][AsyncPlayerChatEvent]: said 1 m
[00:41:22][AsyncPlayerChatEvent]: said hhhhh
[00:44:37][AsyncPlayerChatEvent]: said shift and clek يمين
[00:45:34][AsyncPlayerChatEvent]: said ha
[00:45:43][AsyncPlayerChatEvent]: said ?
[00:46:09][AsyncPlayerChatEvent]: said no
[00:46:58][AsyncPlayerChatEvent]: said نروح كهف
[00:47:32][AsyncPlayerChatEvent]: said hi aboddy
[00:48:23][AsyncPlayerChatEvent]: said come
[00:48:51][AsyncPlayerChatEvent]: said in abody home
[00:49:53][AsyncPlayerChatEvent]: said اكتب /pw warp
[00:53:41][AsyncPlayerChatEvent]: said 13
[00:55:30][AsyncPlayerChatEvent]: said w
[00:56:04][AsyncPlayerChatEvent]: said ok
[00:57:14][AsyncPlayerChatEvent]: said try arby
[00:57:51][AsyncPlayerChatEvent]: said w?
[00:58:11][AsyncPlayerChatEvent]: said no
[00:58:17][AsyncPlayerChatEvent]: said no
[00:58:28][AsyncPlayerChatEvent]: said ok
[01:00:03][AsyncPlayerChatEvent]: said no take
[01:00:36][AsyncPlayerChatEvent]: said no problem
[01:02:45][AsyncPlayerChatEvent]: said hhhh
[01:03:02][AsyncPlayerChatEvent]: said 1 m
[01:03:33][AsyncPlayerChatEvent]: said اجيب الفورشن من الالاندر شست
[01:06:05][AsyncPlayerChatEvent]: said yp
[01:07:48][PlayerBucketEmptyEvent]: used WATER_BUCKET on [world;-159;8;317]
[01:07:50][PlayerBucketFillEvent]: used BUCKET on [world;-159;10;317]
[01:09:19][AsyncPlayerChatEvent]: said ok
[01:10:38][AsyncPlayerChatEvent]: said ok
[01:10:47][AsyncPlayerChatEvent]: said ok
[01:11:37][AsyncPlayerChatEvent]: said rstart srevr iiMo
[01:12:25][PlayerBucketEmptyEvent]: used WATER_BUCKET on [world;-226;13;253]
[01:12:26][PlayerBucketFillEvent]: used BUCKET on [world;-226;13;253]
