[21:52:07][BlockBreakEvent]: breaked minecraft:wheat[age=7] on [world;-300;63;512]
[21:52:07][BlockBreakEvent]: breaked minecraft:wheat[age=7] on [world;-300;63;511]
[21:52:07][BlockBreakEvent]: breaked minecraft:wheat[age=7] on [world;-300;63;510]
[21:52:10][BlockBreakEvent]: breaked minecraft:wheat[age=7] on [world;-300;63;509]
[21:52:11][BlockBreakEvent]: breaked minecraft:wheat[age=7] on [world;-300;63;508]
[21:52:11][BlockBreakEvent]: breaked minecraft:wheat[age=7] on [world;-300;63;507]
[21:52:11][BlockBreakEvent]: breaked minecraft:wheat[age=7] on [world;-300;63;506]
[21:52:11][BlockBreakEvent]: breaked minecraft:wheat[age=7] on [world;-300;63;505]
[21:52:11][BlockBreakEvent]: breaked minecraft:wheat[age=7] on [world;-300;63;504]
[21:52:11][BlockBreakEvent]: breaked minecraft:wheat[age=7] on [world;-300;63;503]
[21:52:12][BlockBreakEvent]: breaked minecraft:wheat[age=7] on [world;-300;63;502]
[21:52:12][BlockBreakEvent]: breaked minecraft:wheat[age=7] on [world;-300;63;501]
[21:52:12][BlockBreakEvent]: breaked minecraft:wheat[age=7] on [world;-300;63;500]
[21:52:12][BlockBreakEvent]: breaked minecraft:wheat[age=7] on [world;-300;63;499]
[21:52:12][BlockBreakEvent]: breaked minecraft:wheat[age=7] on [world;-300;63;498]
[21:52:13][BlockBreakEvent]: breaked minecraft:wheat[age=7] on [world;-300;63;497]
[21:52:13][BlockBreakEvent]: breaked minecraft:wheat[age=7] on [world;-300;63;496]
[21:52:13][BlockBreakEvent]: breaked minecraft:wheat[age=7] on [world;-300;63;495]
[21:52:13][BlockBreakEvent]: breaked minecraft:wheat[age=7] on [world;-300;63;494]
[21:52:13][BlockBreakEvent]: breaked minecraft:wheat[age=7] on [world;-300;63;493]
[21:52:14][BlockBreakEvent]: breaked minecraft:wheat[age=7] on [world;-300;63;492]
[21:52:14][BlockBreakEvent]: breaked minecraft:wheat[age=7] on [world;-300;63;491]
[21:52:14][BlockBreakEvent]: breaked minecraft:wheat[age=7] on [world;-300;63;490]
[21:52:14][BlockBreakEvent]: breaked minecraft:wheat[age=7] on [world;-300;63;489]
[21:52:15][BlockBreakEvent]: breaked minecraft:wheat[age=7] on [world;-301;63;489]
[21:52:15][BlockBreakEvent]: breaked minecraft:wheat[age=7] on [world;-302;63;489]
[21:52:16][BlockBreakEvent]: breaked minecraft:wheat[age=7] on [world;-302;63;490]
[21:52:16][BlockBreakEvent]: breaked minecraft:wheat[age=7] on [world;-301;63;490]
[21:52:16][BlockBreakEvent]: breaked minecraft:wheat[age=7] on [world;-301;63;491]
[21:52:16][BlockBreakEvent]: breaked minecraft:wheat[age=7] on [world;-302;63;491]
[21:52:16][BlockBreakEvent]: breaked minecraft:wheat[age=7] on [world;-302;63;492]
[21:52:16][BlockBreakEvent]: breaked minecraft:wheat[age=7] on [world;-301;63;492]
[21:52:17][BlockBreakEvent]: breaked minecraft:wheat[age=7] on [world;-302;63;493]
[21:52:17][BlockBreakEvent]: breaked minecraft:wheat[age=7] on [world;-302;63;494]
[21:52:17][BlockBreakEvent]: breaked minecraft:wheat[age=7] on [world;-302;63;495]
[21:52:17][BlockBreakEvent]: breaked minecraft:wheat[age=7] on [world;-301;63;494]
[21:52:17][BlockBreakEvent]: breaked minecraft:wheat[age=7] on [world;-301;63;493]
[21:52:17][BlockBreakEvent]: breaked minecraft:wheat[age=7] on [world;-301;63;495]
[21:52:17][BlockBreakEvent]: breaked minecraft:wheat[age=7] on [world;-301;63;496]
[21:52:18][BlockBreakEvent]: breaked minecraft:wheat[age=7] on [world;-301;63;497]
[21:52:18][BlockBreakEvent]: breaked minecraft:wheat[age=7] on [world;-301;63;498]
[21:52:18][BlockBreakEvent]: breaked minecraft:wheat[age=7] on [world;-301;63;499]
[21:52:18][BlockBreakEvent]: breaked minecraft:wheat[age=7] on [world;-301;63;500]
[21:52:19][BlockBreakEvent]: breaked minecraft:wheat[age=7] on [world;-301;63;501]
[21:52:19][BlockBreakEvent]: breaked minecraft:wheat[age=7] on [world;-301;63;502]
[21:52:19][BlockBreakEvent]: breaked minecraft:wheat[age=7] on [world;-301;63;503]
[21:52:19][BlockBreakEvent]: breaked minecraft:wheat[age=7] on [world;-301;63;504]
[21:52:19][BlockBreakEvent]: breaked minecraft:wheat[age=7] on [world;-301;63;505]
[21:52:19][BlockBreakEvent]: breaked minecraft:wheat[age=7] on [world;-301;63;506]
[21:52:20][BlockBreakEvent]: breaked minecraft:wheat[age=7] on [world;-301;63;507]
[21:52:20][BlockBreakEvent]: breaked minecraft:wheat[age=7] on [world;-301;63;508]
[21:52:20][BlockBreakEvent]: breaked minecraft:wheat[age=7] on [world;-301;63;509]
[21:52:20][BlockBreakEvent]: breaked minecraft:wheat[age=7] on [world;-301;63;510]
[21:52:20][BlockBreakEvent]: breaked minecraft:wheat[age=7] on [world;-301;63;511]
[21:52:21][BlockBreakEvent]: breaked minecraft:wheat[age=7] on [world;-301;63;512]
[21:52:22][BlockBreakEvent]: breaked minecraft:wheat[age=7] on [world;-302;63;512]
[21:52:22][BlockBreakEvent]: breaked minecraft:wheat[age=7] on [world;-304;63;511]
[21:52:23][BlockBreakEvent]: breaked minecraft:wheat[age=7] on [world;-304;63;510]
[21:52:23][BlockBreakEvent]: breaked minecraft:wheat[age=7] on [world;-302;63;511]
[21:52:23][BlockBreakEvent]: breaked minecraft:wheat[age=7] on [world;-302;63;510]
[21:52:23][BlockBreakEvent]: breaked minecraft:wheat[age=7] on [world;-302;63;509]
[21:52:24][BlockBreakEvent]: breaked minecraft:wheat[age=7] on [world;-302;63;508]
[21:52:24][BlockBreakEvent]: breaked minecraft:wheat[age=7] on [world;-302;63;507]
[21:52:24][BlockBreakEvent]: breaked minecraft:wheat[age=7] on [world;-302;63;506]
[21:52:24][BlockBreakEvent]: breaked minecraft:wheat[age=7] on [world;-302;63;505]
[21:52:24][BlockBreakEvent]: breaked minecraft:wheat[age=7] on [world;-302;63;504]
[21:52:24][BlockBreakEvent]: breaked minecraft:wheat[age=7] on [world;-302;63;503]
[21:52:25][BlockBreakEvent]: breaked minecraft:wheat[age=7] on [world;-302;63;502]
[21:52:25][BlockBreakEvent]: breaked minecraft:wheat[age=7] on [world;-302;63;501]
[21:52:25][BlockBreakEvent]: breaked minecraft:wheat[age=7] on [world;-302;63;500]
[21:52:25][BlockBreakEvent]: breaked minecraft:wheat[age=7] on [world;-302;63;499]
[21:52:25][BlockBreakEvent]: breaked minecraft:wheat[age=7] on [world;-302;63;498]
[21:52:25][BlockBreakEvent]: breaked minecraft:wheat[age=7] on [world;-302;63;497]
[21:52:26][BlockBreakEvent]: breaked minecraft:wheat[age=7] on [world;-302;63;496]
[21:52:55][BlockPlaceEvent]: placed minecraft:farmland[moisture=0] on [world;-302;62;512]
[21:52:58][BlockPlaceEvent]: placed minecraft:wheat[age=0] on [world;-302;63;512]
[21:52:58][BlockPlaceEvent]: placed minecraft:wheat[age=0] on [world;-302;63;511]
[21:52:58][BlockPlaceEvent]: placed minecraft:wheat[age=0] on [world;-302;63;510]
[21:52:58][BlockPlaceEvent]: placed minecraft:wheat[age=0] on [world;-302;63;509]
[21:52:59][BlockPlaceEvent]: placed minecraft:wheat[age=0] on [world;-302;63;508]
[21:52:59][BlockPlaceEvent]: placed minecraft:wheat[age=0] on [world;-302;63;507]
[21:52:59][BlockPlaceEvent]: placed minecraft:wheat[age=0] on [world;-302;63;506]
[21:52:59][BlockPlaceEvent]: placed minecraft:wheat[age=0] on [world;-302;63;505]
[21:53:00][BlockPlaceEvent]: placed minecraft:wheat[age=0] on [world;-302;63;504]
[21:53:00][BlockPlaceEvent]: placed minecraft:wheat[age=0] on [world;-302;63;503]
[21:53:00][BlockPlaceEvent]: placed minecraft:wheat[age=0] on [world;-302;63;501]
[21:53:00][BlockPlaceEvent]: placed minecraft:wheat[age=0] on [world;-302;63;500]
[21:53:00][BlockPlaceEvent]: placed minecraft:wheat[age=0] on [world;-302;63;499]
[21:53:01][BlockPlaceEvent]: placed minecraft:wheat[age=0] on [world;-302;63;498]
[21:53:01][BlockPlaceEvent]: placed minecraft:wheat[age=0] on [world;-302;63;497]
[21:53:01][BlockPlaceEvent]: placed minecraft:wheat[age=0] on [world;-302;63;496]
[21:53:01][BlockPlaceEvent]: placed minecraft:wheat[age=0] on [world;-302;63;495]
[21:53:01][BlockPlaceEvent]: placed minecraft:wheat[age=0] on [world;-302;63;494]
[21:53:02][BlockPlaceEvent]: placed minecraft:wheat[age=0] on [world;-302;63;492]
[21:53:02][BlockPlaceEvent]: placed minecraft:wheat[age=0] on [world;-302;63;491]
[21:53:02][BlockPlaceEvent]: placed minecraft:wheat[age=0] on [world;-302;63;490]
[21:53:02][BlockPlaceEvent]: placed minecraft:wheat[age=0] on [world;-302;63;489]
[21:53:03][BlockPlaceEvent]: placed minecraft:wheat[age=0] on [world;-301;63;489]
[21:53:03][BlockPlaceEvent]: placed minecraft:wheat[age=0] on [world;-300;63;489]
[21:53:04][BlockPlaceEvent]: placed minecraft:wheat[age=0] on [world;-300;63;490]
[21:53:04][BlockPlaceEvent]: placed minecraft:wheat[age=0] on [world;-300;63;491]
[21:53:04][BlockPlaceEvent]: placed minecraft:wheat[age=0] on [world;-300;63;492]
[21:53:05][BlockPlaceEvent]: placed minecraft:wheat[age=0] on [world;-300;63;493]
[21:53:05][BlockPlaceEvent]: placed minecraft:wheat[age=0] on [world;-300;63;494]
[21:53:05][BlockPlaceEvent]: placed minecraft:wheat[age=0] on [world;-300;63;495]
[21:53:05][BlockPlaceEvent]: placed minecraft:wheat[age=0] on [world;-300;63;496]
[21:53:06][BlockPlaceEvent]: placed minecraft:wheat[age=0] on [world;-300;63;497]
[21:53:06][BlockPlaceEvent]: placed minecraft:wheat[age=0] on [world;-300;63;498]
[21:53:06][BlockPlaceEvent]: placed minecraft:wheat[age=0] on [world;-300;63;499]
[21:53:06][BlockPlaceEvent]: placed minecraft:wheat[age=0] on [world;-300;63;500]
[21:53:06][BlockPlaceEvent]: placed minecraft:wheat[age=0] on [world;-300;63;501]
[21:53:07][BlockPlaceEvent]: placed minecraft:wheat[age=0] on [world;-300;63;502]
[21:53:07][BlockPlaceEvent]: placed minecraft:wheat[age=0] on [world;-300;63;503]
[21:53:07][BlockPlaceEvent]: placed minecraft:wheat[age=0] on [world;-300;63;504]
[21:53:08][BlockPlaceEvent]: placed minecraft:wheat[age=0] on [world;-300;63;505]
[21:53:08][BlockPlaceEvent]: placed minecraft:wheat[age=0] on [world;-300;63;506]
[21:53:08][BlockPlaceEvent]: placed minecraft:wheat[age=0] on [world;-300;63;507]
[21:53:08][BlockPlaceEvent]: placed minecraft:wheat[age=0] on [world;-300;63;508]
[21:53:09][BlockPlaceEvent]: placed minecraft:wheat[age=0] on [world;-300;63;510]
[21:53:09][BlockPlaceEvent]: placed minecraft:wheat[age=0] on [world;-300;63;511]
[21:53:09][BlockPlaceEvent]: placed minecraft:wheat[age=0] on [world;-300;63;512]
[21:53:09][BlockPlaceEvent]: placed minecraft:wheat[age=0] on [world;-301;63;512]
[21:53:10][BlockPlaceEvent]: placed minecraft:wheat[age=0] on [world;-301;63;511]
[21:53:11][BlockPlaceEvent]: placed minecraft:wheat[age=0] on [world;-301;63;510]
[21:53:12][BlockPlaceEvent]: placed minecraft:wheat[age=0] on [world;-301;63;509]
[21:53:12][BlockPlaceEvent]: placed minecraft:wheat[age=0] on [world;-300;63;509]
[21:53:12][BlockPlaceEvent]: placed minecraft:wheat[age=0] on [world;-301;63;508]
[21:53:13][BlockPlaceEvent]: placed minecraft:wheat[age=0] on [world;-301;63;507]
[21:53:13][BlockPlaceEvent]: placed minecraft:wheat[age=0] on [world;-301;63;506]
[21:53:13][BlockPlaceEvent]: placed minecraft:wheat[age=0] on [world;-301;63;505]
[21:53:14][BlockPlaceEvent]: placed minecraft:wheat[age=0] on [world;-301;63;504]
[21:53:14][BlockPlaceEvent]: placed minecraft:wheat[age=0] on [world;-301;63;503]
[21:53:14][BlockPlaceEvent]: placed minecraft:wheat[age=0] on [world;-301;63;502]
[21:53:14][BlockPlaceEvent]: placed minecraft:wheat[age=0] on [world;-302;63;502]
[21:53:15][BlockPlaceEvent]: placed minecraft:wheat[age=0] on [world;-301;63;501]
[21:53:15][BlockPlaceEvent]: placed minecraft:wheat[age=0] on [world;-301;63;500]
[21:53:16][BlockPlaceEvent]: placed minecraft:wheat[age=0] on [world;-301;63;499]
[21:53:16][BlockPlaceEvent]: placed minecraft:wheat[age=0] on [world;-301;63;498]
[21:53:16][BlockPlaceEvent]: placed minecraft:wheat[age=0] on [world;-301;63;497]
[21:53:16][BlockPlaceEvent]: placed minecraft:wheat[age=0] on [world;-301;63;496]
[21:53:17][BlockPlaceEvent]: placed minecraft:wheat[age=0] on [world;-301;63;495]
[21:53:17][BlockPlaceEvent]: placed minecraft:wheat[age=0] on [world;-301;63;494]
[21:53:17][BlockPlaceEvent]: placed minecraft:wheat[age=0] on [world;-301;63;493]
[21:53:18][BlockPlaceEvent]: placed minecraft:wheat[age=0] on [world;-302;63;493]
[21:53:18][BlockPlaceEvent]: placed minecraft:wheat[age=0] on [world;-301;63;492]
[21:53:18][BlockPlaceEvent]: placed minecraft:wheat[age=0] on [world;-301;63;491]
[21:53:19][BlockPlaceEvent]: placed minecraft:wheat[age=0] on [world;-301;63;490]
[21:53:42][BlockBreakEvent]: breaked minecraft:wheat[age=7] on [world;-304;63;489]
[21:53:42][BlockBreakEvent]: breaked minecraft:wheat[age=7] on [world;-305;63;489]
[21:53:42][BlockBreakEvent]: breaked minecraft:wheat[age=7] on [world;-306;63;489]
[21:53:42][BlockBreakEvent]: breaked minecraft:wheat[age=7] on [world;-305;63;490]
[21:53:43][BlockBreakEvent]: breaked minecraft:wheat[age=7] on [world;-304;63;490]
[21:53:43][BlockBreakEvent]: breaked minecraft:wheat[age=7] on [world;-304;63;491]
[21:53:43][BlockBreakEvent]: breaked minecraft:wheat[age=7] on [world;-305;63;491]
[21:53:43][BlockBreakEvent]: breaked minecraft:wheat[age=7] on [world;-306;63;490]
[21:53:43][BlockBreakEvent]: breaked minecraft:wheat[age=7] on [world;-306;63;491]
[21:53:43][BlockBreakEvent]: breaked minecraft:wheat[age=7] on [world;-305;63;492]
[21:53:43][BlockBreakEvent]: breaked minecraft:wheat[age=7] on [world;-306;63;492]
[21:53:43][BlockBreakEvent]: breaked minecraft:wheat[age=7] on [world;-304;63;492]
[21:53:43][BlockBreakEvent]: breaked minecraft:wheat[age=7] on [world;-305;63;493]
[21:53:43][BlockBreakEvent]: breaked minecraft:wheat[age=7] on [world;-306;63;493]
[21:53:43][BlockBreakEvent]: breaked minecraft:wheat[age=7] on [world;-304;63;493]
[21:53:44][BlockBreakEvent]: breaked minecraft:wheat[age=7] on [world;-306;63;494]
[21:53:44][BlockBreakEvent]: breaked minecraft:wheat[age=7] on [world;-304;63;494]
[21:53:44][BlockBreakEvent]: breaked minecraft:wheat[age=7] on [world;-306;63;495]
[21:53:44][BlockBreakEvent]: breaked minecraft:wheat[age=7] on [world;-305;63;494]
[21:53:44][BlockBreakEvent]: breaked minecraft:wheat[age=7] on [world;-304;63;495]
[21:53:44][BlockBreakEvent]: breaked minecraft:wheat[age=7] on [world;-305;63;495]
[21:53:44][BlockBreakEvent]: breaked minecraft:wheat[age=7] on [world;-305;63;496]
[21:53:44][BlockBreakEvent]: breaked minecraft:wheat[age=7] on [world;-306;63;496]
[21:53:44][BlockBreakEvent]: breaked minecraft:wheat[age=7] on [world;-305;63;497]
[21:53:44][BlockBreakEvent]: breaked minecraft:wheat[age=7] on [world;-304;63;497]
[21:53:44][BlockBreakEvent]: breaked minecraft:wheat[age=7] on [world;-306;63;497]
[21:53:45][BlockBreakEvent]: breaked minecraft:wheat[age=7] on [world;-304;63;496]
[21:53:45][BlockBreakEvent]: breaked minecraft:wheat[age=7] on [world;-306;63;498]
[21:53:45][BlockBreakEvent]: breaked minecraft:wheat[age=7] on [world;-305;63;498]
[21:53:45][BlockBreakEvent]: breaked minecraft:wheat[age=7] on [world;-304;63;498]
[21:53:45][BlockBreakEvent]: breaked minecraft:wheat[age=7] on [world;-305;63;499]
[21:53:45][BlockBreakEvent]: breaked minecraft:wheat[age=7] on [world;-305;63;500]
[21:53:45][BlockBreakEvent]: breaked minecraft:wheat[age=7] on [world;-304;63;499]
[21:53:45][BlockBreakEvent]: breaked minecraft:wheat[age=7] on [world;-304;63;500]
[21:53:45][BlockBreakEvent]: breaked minecraft:wheat[age=7] on [world;-305;63;501]
[21:53:46][BlockBreakEvent]: breaked minecraft:wheat[age=7] on [world;-304;63;501]
[21:53:46][BlockBreakEvent]: breaked minecraft:wheat[age=7] on [world;-305;63;502]
[21:53:46][BlockBreakEvent]: breaked minecraft:wheat[age=7] on [world;-304;63;502]
[21:53:46][BlockBreakEvent]: breaked minecraft:wheat[age=7] on [world;-306;63;501]
[21:53:46][BlockBreakEvent]: breaked minecraft:wheat[age=7] on [world;-306;63;500]
[21:53:46][BlockBreakEvent]: breaked minecraft:wheat[age=7] on [world;-306;63;502]
[21:53:47][BlockBreakEvent]: breaked minecraft:wheat[age=7] on [world;-306;63;499]
[21:53:51][BlockBreakEvent]: breaked minecraft:wheat[age=7] on [world;-306;63;503]
[21:53:51][BlockBreakEvent]: breaked minecraft:wheat[age=7] on [world;-305;63;503]
[21:53:51][BlockBreakEvent]: breaked minecraft:wheat[age=7] on [world;-305;63;504]
[21:53:51][BlockBreakEvent]: breaked minecraft:wheat[age=7] on [world;-304;63;503]
[21:53:51][BlockBreakEvent]: breaked minecraft:wheat[age=7] on [world;-304;63;504]
[21:53:51][BlockBreakEvent]: breaked minecraft:wheat[age=7] on [world;-305;63;505]
[21:53:51][BlockBreakEvent]: breaked minecraft:wheat[age=7] on [world;-305;63;506]
[21:53:51][BlockBreakEvent]: breaked minecraft:wheat[age=7] on [world;-306;63;506]
[21:53:52][BlockBreakEvent]: breaked minecraft:wheat[age=7] on [world;-306;63;505]
[21:53:52][BlockBreakEvent]: breaked minecraft:wheat[age=7] on [world;-306;63;504]
[21:53:52][BlockBreakEvent]: breaked minecraft:wheat[age=7] on [world;-304;63;505]
[21:53:52][BlockBreakEvent]: breaked minecraft:wheat[age=7] on [world;-304;63;506]
[21:53:52][BlockBreakEvent]: breaked minecraft:wheat[age=7] on [world;-305;63;507]
[21:53:52][BlockBreakEvent]: breaked minecraft:wheat[age=7] on [world;-305;63;508]
[21:53:52][BlockBreakEvent]: breaked minecraft:wheat[age=7] on [world;-304;63;507]
[21:53:53][BlockBreakEvent]: breaked minecraft:wheat[age=7] on [world;-304;63;508]
[21:53:53][BlockBreakEvent]: breaked minecraft:wheat[age=7] on [world;-306;63;507]
[21:53:53][BlockBreakEvent]: breaked minecraft:wheat[age=7] on [world;-306;63;508]
[21:53:53][BlockBreakEvent]: breaked minecraft:wheat[age=7] on [world;-304;63;509]
[21:53:53][BlockBreakEvent]: breaked minecraft:wheat[age=7] on [world;-305;63;509]
[21:53:53][BlockBreakEvent]: breaked minecraft:wheat[age=7] on [world;-306;63;509]
[21:53:53][BlockBreakEvent]: breaked minecraft:wheat[age=7] on [world;-306;63;510]
[21:53:53][BlockBreakEvent]: breaked minecraft:wheat[age=7] on [world;-305;63;510]
[21:53:54][BlockBreakEvent]: breaked minecraft:wheat[age=7] on [world;-306;63;511]
[21:53:54][BlockBreakEvent]: breaked minecraft:wheat[age=7] on [world;-305;63;511]
[21:53:54][BlockBreakEvent]: breaked minecraft:wheat[age=7] on [world;-306;63;512]
[21:53:54][BlockBreakEvent]: breaked minecraft:wheat[age=7] on [world;-305;63;512]
[21:53:54][BlockBreakEvent]: breaked minecraft:wheat[age=7] on [world;-304;63;512]
[21:54:03][BlockPlaceEvent]: placed minecraft:farmland[moisture=0] on [world;-306;62;494]
[21:54:06][BlockPlaceEvent]: placed minecraft:wheat[age=0] on [world;-306;63;489]
[21:54:06][BlockPlaceEvent]: placed minecraft:wheat[age=0] on [world;-306;63;490]
[21:54:06][BlockPlaceEvent]: placed minecraft:wheat[age=0] on [world;-306;63;491]
[21:54:06][BlockPlaceEvent]: placed minecraft:wheat[age=0] on [world;-306;63;492]
[21:54:06][BlockPlaceEvent]: placed minecraft:wheat[age=0] on [world;-306;63;493]
[21:54:07][BlockPlaceEvent]: placed minecraft:wheat[age=0] on [world;-306;63;494]
[21:54:07][BlockPlaceEvent]: placed minecraft:wheat[age=0] on [world;-306;63;495]
[21:54:07][BlockPlaceEvent]: placed minecraft:wheat[age=0] on [world;-306;63;496]
[21:54:07][BlockPlaceEvent]: placed minecraft:wheat[age=0] on [world;-306;63;497]
[21:54:08][BlockPlaceEvent]: placed minecraft:wheat[age=0] on [world;-306;63;498]
[21:54:08][BlockPlaceEvent]: placed minecraft:wheat[age=0] on [world;-306;63;499]
[21:54:08][BlockPlaceEvent]: placed minecraft:wheat[age=0] on [world;-306;63;500]
[21:54:08][BlockPlaceEvent]: placed minecraft:wheat[age=0] on [world;-306;63;501]
[21:54:09][BlockPlaceEvent]: placed minecraft:wheat[age=0] on [world;-306;63;502]
[21:54:09][BlockPlaceEvent]: placed minecraft:wheat[age=0] on [world;-306;63;503]
[21:54:09][BlockPlaceEvent]: placed minecraft:wheat[age=0] on [world;-306;63;504]
[21:54:09][BlockPlaceEvent]: placed minecraft:wheat[age=0] on [world;-306;63;505]
[21:54:09][BlockPlaceEvent]: placed minecraft:wheat[age=0] on [world;-306;63;506]
[21:54:10][BlockPlaceEvent]: placed minecraft:wheat[age=0] on [world;-306;63;507]
[21:54:10][BlockPlaceEvent]: placed minecraft:wheat[age=0] on [world;-306;63;508]
[21:54:10][BlockPlaceEvent]: placed minecraft:wheat[age=0] on [world;-306;63;509]
[21:54:10][BlockPlaceEvent]: placed minecraft:wheat[age=0] on [world;-306;63;510]
[21:54:11][BlockPlaceEvent]: placed minecraft:wheat[age=0] on [world;-306;63;511]
[21:54:11][BlockPlaceEvent]: placed minecraft:wheat[age=0] on [world;-306;63;512]
[21:54:13][BlockPlaceEvent]: placed minecraft:farmland[moisture=0] on [world;-306;62;512]
[21:54:14][BlockPlaceEvent]: placed minecraft:wheat[age=0] on [world;-306;63;512]
[21:54:14][BlockPlaceEvent]: placed minecraft:wheat[age=0] on [world;-305;63;512]
[21:54:15][BlockPlaceEvent]: placed minecraft:wheat[age=0] on [world;-304;63;512]
[21:54:15][BlockPlaceEvent]: placed minecraft:wheat[age=0] on [world;-304;63;511]
[21:54:16][BlockPlaceEvent]: placed minecraft:wheat[age=0] on [world;-305;63;511]
[21:54:16][BlockPlaceEvent]: placed minecraft:wheat[age=0] on [world;-304;63;510]
[21:54:16][BlockPlaceEvent]: placed minecraft:wheat[age=0] on [world;-305;63;510]
[21:54:17][BlockPlaceEvent]: placed minecraft:wheat[age=0] on [world;-305;63;509]
[21:54:17][BlockPlaceEvent]: placed minecraft:wheat[age=0] on [world;-304;63;509]
[21:54:18][BlockPlaceEvent]: placed minecraft:wheat[age=0] on [world;-304;63;508]
[21:54:18][BlockPlaceEvent]: placed minecraft:wheat[age=0] on [world;-304;63;507]
[21:54:18][BlockPlaceEvent]: placed minecraft:wheat[age=0] on [world;-304;63;506]
[21:54:18][BlockPlaceEvent]: placed minecraft:wheat[age=0] on [world;-304;63;505]
[21:54:19][BlockPlaceEvent]: placed minecraft:wheat[age=0] on [world;-304;63;504]
[21:54:19][BlockPlaceEvent]: placed minecraft:wheat[age=0] on [world;-304;63;503]
[21:54:19][BlockPlaceEvent]: placed minecraft:wheat[age=0] on [world;-304;63;502]
[21:54:20][BlockPlaceEvent]: placed minecraft:wheat[age=0] on [world;-304;63;501]
[21:54:20][BlockPlaceEvent]: placed minecraft:wheat[age=0] on [world;-304;63;500]
[21:54:20][BlockPlaceEvent]: placed minecraft:wheat[age=0] on [world;-304;63;499]
[21:54:20][BlockPlaceEvent]: placed minecraft:wheat[age=0] on [world;-304;63;498]
[21:54:20][BlockPlaceEvent]: placed minecraft:wheat[age=0] on [world;-304;63;497]
[21:54:21][BlockPlaceEvent]: placed minecraft:wheat[age=0] on [world;-304;63;496]
[21:54:21][BlockPlaceEvent]: placed minecraft:wheat[age=0] on [world;-304;63;495]
[21:54:21][BlockPlaceEvent]: placed minecraft:wheat[age=0] on [world;-304;63;494]
[21:54:21][BlockPlaceEvent]: placed minecraft:wheat[age=0] on [world;-304;63;493]
[21:54:21][BlockPlaceEvent]: placed minecraft:wheat[age=0] on [world;-304;63;492]
[21:54:22][BlockPlaceEvent]: placed minecraft:wheat[age=0] on [world;-304;63;491]
[21:54:22][BlockPlaceEvent]: placed minecraft:wheat[age=0] on [world;-304;63;490]
[21:54:22][BlockPlaceEvent]: placed minecraft:wheat[age=0] on [world;-304;63;489]
[21:54:23][BlockPlaceEvent]: placed minecraft:wheat[age=0] on [world;-305;63;489]
[21:54:23][BlockPlaceEvent]: placed minecraft:wheat[age=0] on [world;-305;63;490]
[21:54:23][BlockPlaceEvent]: placed minecraft:wheat[age=0] on [world;-305;63;491]
[21:54:24][BlockPlaceEvent]: placed minecraft:wheat[age=0] on [world;-305;63;492]
[21:54:24][BlockPlaceEvent]: placed minecraft:wheat[age=0] on [world;-305;63;493]
[21:54:24][BlockPlaceEvent]: placed minecraft:wheat[age=0] on [world;-305;63;494]
[21:54:24][BlockPlaceEvent]: placed minecraft:wheat[age=0] on [world;-305;63;495]
[21:54:24][BlockPlaceEvent]: placed minecraft:wheat[age=0] on [world;-305;63;496]
[21:54:25][BlockPlaceEvent]: placed minecraft:wheat[age=0] on [world;-305;63;497]
[21:54:46][BlockPlaceEvent]: placed minecraft:wheat[age=0] on [world;-305;63;498]
[21:54:46][BlockPlaceEvent]: placed minecraft:wheat[age=0] on [world;-305;63;499]
[21:54:46][BlockPlaceEvent]: placed minecraft:wheat[age=0] on [world;-305;63;500]
[21:54:46][BlockPlaceEvent]: placed minecraft:wheat[age=0] on [world;-305;63;501]
[21:54:47][BlockPlaceEvent]: placed minecraft:wheat[age=0] on [world;-305;63;502]
[21:54:47][BlockPlaceEvent]: placed minecraft:wheat[age=0] on [world;-305;63;503]
[21:54:47][BlockPlaceEvent]: placed minecraft:wheat[age=0] on [world;-305;63;504]
[21:54:47][BlockPlaceEvent]: placed minecraft:wheat[age=0] on [world;-305;63;505]
[21:54:48][BlockPlaceEvent]: placed minecraft:wheat[age=0] on [world;-305;63;506]
[21:54:48][BlockPlaceEvent]: placed minecraft:wheat[age=0] on [world;-305;63;507]
[21:54:48][BlockPlaceEvent]: placed minecraft:wheat[age=0] on [world;-305;63;508]
[21:54:51][BlockBreakEvent]: breaked minecraft:potatoes[age=7] on [world;-308;63;512]
[21:54:51][BlockBreakEvent]: breaked minecraft:potatoes[age=7] on [world;-308;63;511]
[21:54:52][BlockBreakEvent]: breaked minecraft:potatoes[age=7] on [world;-308;63;510]
[21:54:52][BlockBreakEvent]: breaked minecraft:potatoes[age=7] on [world;-308;63;509]
[21:54:52][BlockBreakEvent]: breaked minecraft:potatoes[age=7] on [world;-308;63;508]
[21:54:52][BlockBreakEvent]: breaked minecraft:potatoes[age=7] on [world;-308;63;507]
[21:54:52][BlockBreakEvent]: breaked minecraft:potatoes[age=7] on [world;-308;63;506]
[21:54:52][BlockBreakEvent]: breaked minecraft:potatoes[age=7] on [world;-308;63;505]
[21:54:53][BlockBreakEvent]: breaked minecraft:potatoes[age=7] on [world;-308;63;504]
[21:54:53][BlockBreakEvent]: breaked minecraft:potatoes[age=7] on [world;-308;63;503]
[21:54:53][BlockBreakEvent]: breaked minecraft:potatoes[age=7] on [world;-308;63;502]
[21:54:53][BlockBreakEvent]: breaked minecraft:potatoes[age=7] on [world;-308;63;501]
[21:54:53][BlockBreakEvent]: breaked minecraft:potatoes[age=7] on [world;-308;63;500]
[21:54:53][BlockBreakEvent]: breaked minecraft:potatoes[age=7] on [world;-308;63;499]
[21:54:53][BlockBreakEvent]: breaked minecraft:potatoes[age=7] on [world;-308;63;498]
[21:54:54][BlockBreakEvent]: breaked minecraft:potatoes[age=7] on [world;-308;63;497]
[21:54:54][BlockBreakEvent]: breaked minecraft:potatoes[age=7] on [world;-308;63;496]
[21:54:54][BlockBreakEvent]: breaked minecraft:potatoes[age=7] on [world;-308;63;495]
[21:54:54][BlockBreakEvent]: breaked minecraft:potatoes[age=7] on [world;-308;63;494]
[21:54:54][BlockBreakEvent]: breaked minecraft:potatoes[age=7] on [world;-308;63;493]
[21:54:55][BlockBreakEvent]: breaked minecraft:potatoes[age=7] on [world;-308;63;492]
[21:54:55][BlockBreakEvent]: breaked minecraft:potatoes[age=7] on [world;-308;63;491]
[21:55:04][BlockPlaceEvent]: placed minecraft:potatoes[age=0] on [world;-308;63;491]
[21:55:04][BlockPlaceEvent]: placed minecraft:potatoes[age=0] on [world;-308;63;492]
[21:55:04][BlockPlaceEvent]: placed minecraft:potatoes[age=0] on [world;-308;63;493]
[21:55:04][BlockPlaceEvent]: placed minecraft:potatoes[age=0] on [world;-308;63;494]
[21:55:04][BlockPlaceEvent]: placed minecraft:potatoes[age=0] on [world;-308;63;495]
[21:55:06][BlockPlaceEvent]: placed minecraft:potatoes[age=0] on [world;-308;63;496]
[21:55:08][BlockPlaceEvent]: placed minecraft:potatoes[age=0] on [world;-308;63;497]
[21:55:09][BlockPlaceEvent]: placed minecraft:potatoes[age=0] on [world;-308;63;499]
[21:55:10][BlockPlaceEvent]: placed minecraft:potatoes[age=0] on [world;-308;63;500]
[21:55:10][BlockPlaceEvent]: placed minecraft:potatoes[age=0] on [world;-308;63;501]
[21:55:10][BlockPlaceEvent]: placed minecraft:potatoes[age=0] on [world;-308;63;502]
[21:55:11][BlockPlaceEvent]: placed minecraft:potatoes[age=0] on [world;-308;63;503]
[21:55:11][BlockPlaceEvent]: placed minecraft:potatoes[age=0] on [world;-308;63;504]
[21:55:11][BlockPlaceEvent]: placed minecraft:potatoes[age=0] on [world;-308;63;505]
[21:55:11][BlockPlaceEvent]: placed minecraft:potatoes[age=0] on [world;-308;63;506]
[21:55:11][BlockPlaceEvent]: placed minecraft:potatoes[age=0] on [world;-308;63;507]
[21:55:12][BlockPlaceEvent]: placed minecraft:potatoes[age=0] on [world;-308;63;508]
[21:55:12][BlockPlaceEvent]: placed minecraft:potatoes[age=0] on [world;-308;63;509]
[21:55:12][BlockPlaceEvent]: placed minecraft:potatoes[age=0] on [world;-308;63;510]
[21:55:12][BlockPlaceEvent]: placed minecraft:potatoes[age=0] on [world;-308;63;511]
[21:55:13][BlockPlaceEvent]: placed minecraft:potatoes[age=0] on [world;-308;63;512]
[21:59:07][BlockBreakEvent]: breaked minecraft:stone on [world;-348;11;532]
[21:59:09][BlockBreakEvent]: breaked minecraft:stone on [world;-347;12;532]
[21:59:10][BlockBreakEvent]: breaked minecraft:stone on [world;-347;11;532]
[21:59:12][BlockBreakEvent]: breaked minecraft:stone on [world;-347;12;533]
[21:59:13][BlockBreakEvent]: breaked minecraft:stone on [world;-348;11;533]
[21:59:15][BlockBreakEvent]: breaked minecraft:stone on [world;-349;12;533]
[21:59:16][BlockBreakEvent]: breaked minecraft:stone on [world;-349;11;533]
[21:59:18][BlockBreakEvent]: breaked minecraft:stone on [world;-349;12;532]
[21:59:19][BlockBreakEvent]: breaked minecraft:stone on [world;-349;11;532]
[21:59:21][BlockBreakEvent]: breaked minecraft:stone on [world;-349;10;532]
[21:59:22][BlockBreakEvent]: breaked minecraft:stone on [world;-349;10;533]
[21:59:24][BlockBreakEvent]: breaked minecraft:stone on [world;-349;10;534]
[21:59:25][BlockBreakEvent]: breaked minecraft:stone on [world;-349;9;534]
[21:59:27][BlockBreakEvent]: breaked minecraft:stone on [world;-349;9;533]
[22:00:41][BlockPlaceEvent]: placed minecraft:chest[facing=south,type=single,waterlogged=false] on [world;-340;23;543]
[22:00:41][BlockPlaceEvent]: placed minecraft:chest[facing=south,type=right,waterlogged=false] on [world;-341;23;543]
[22:00:42][BlockBreakEvent]: breaked minecraft:wall_torch[facing=south] on [world;-342;23;543]
[22:00:42][BlockPlaceEvent]: placed minecraft:chest[facing=south,type=single,waterlogged=false] on [world;-342;23;543]
[22:00:43][BlockPlaceEvent]: placed minecraft:chest[facing=south,type=right,waterlogged=false] on [world;-343;23;543]
[22:00:45][BlockPlaceEvent]: placed minecraft:wall_torch[facing=south] on [world;-342;24;544]
[22:00:47][BlockPlaceEvent]: placed minecraft:wall_torch[facing=south] on [world;-341;24;544]
[22:01:06][BlockBreakEvent]: breaked minecraft:stone on [world;-341;24;543]
[22:01:08][BlockBreakEvent]: breaked minecraft:furnace[facing=south,lit=false] on [world;-340;24;543]
[22:01:09][BlockBreakEvent]: breaked minecraft:wall_torch[facing=south] on [world;-342;24;544]
[22:01:10][BlockBreakEvent]: breaked minecraft:stone on [world;-342;24;543]
[22:01:12][BlockBreakEvent]: breaked minecraft:crafting_table on [world;-343;24;543]
[22:04:56][BlockBreakEvent]: breaked minecraft:sugar_cane[age=0] on [world;-520;78;737]
[22:04:59][BlockPlaceEvent]: placed minecraft:sugar_cane[age=0] on [world;-520;78;737]
[22:05:00][BlockPlaceEvent]: placed minecraft:sugar_cane[age=0] on [world;-520;79;737]
[22:10:07][BlockPlaceEvent]: placed minecraft:torch on [world;-402;22;639]
[22:24:23][BlockBreakEvent]: breaked minecraft:wall_torch[facing=west] on [world;-357;12;548]
[22:24:45][BlockBreakEvent]: breaked minecraft:stone on [world;-362;10;555]
[22:24:46][BlockBreakEvent]: breaked minecraft:stone on [world;-361;10;555]
[22:24:47][BlockBreakEvent]: breaked minecraft:stone on [world;-361;10;556]
[22:24:48][BlockBreakEvent]: breaked minecraft:stone on [world;-360;9;555]
[22:24:49][BlockBreakEvent]: breaked minecraft:stone on [world;-360;11;556]
[22:24:50][BlockBreakEvent]: breaked minecraft:stone on [world;-360;10;556]
[22:24:51][BlockBreakEvent]: breaked minecraft:stone on [world;-360;9;556]
[22:24:52][BlockBreakEvent]: breaked minecraft:stone on [world;-359;10;556]
[22:24:54][BlockBreakEvent]: breaked minecraft:stone on [world;-359;9;556]
[22:24:56][BlockBreakEvent]: breaked minecraft:iron_ore on [world;-360;9;557]
[22:24:59][BlockBreakEvent]: breaked minecraft:iron_ore on [world;-359;9;557]
[22:25:01][BlockBreakEvent]: breaked minecraft:stone on [world;-359;10;557]
[22:25:06][BlockBreakEvent]: breaked minecraft:stone on [world;-360;10;557]
[22:25:09][BlockBreakEvent]: breaked minecraft:iron_ore on [world;-360;9;558]
[22:25:14][BlockBreakEvent]: breaked minecraft:iron_ore on [world;-359;9;558]
[22:25:15][BlockBreakEvent]: breaked minecraft:iron_ore on [world;-359;8;557]
[22:25:15][BlockBreakEvent]: breaked minecraft:stone on [world;-359;8;558]
[22:25:27][BlockPlaceEvent]: placed minecraft:wall_torch[facing=east] on [world;-360;9;558]
[22:25:30][BlockBreakEvent]: breaked minecraft:iron_ore on [world;-360;10;558]
[22:25:31][BlockBreakEvent]: breaked minecraft:stone on [world;-359;10;558]
[22:25:35][BlockBreakEvent]: breaked minecraft:stone on [world;-359;8;559]
[22:25:36][BlockBreakEvent]: breaked minecraft:stone on [world;-359;9;559]
[22:25:37][BlockBreakEvent]: breaked minecraft:stone on [world;-359;7;559]
[22:25:37][BlockBreakEvent]: breaked minecraft:stone on [world;-359;8;560]
[22:25:38][BlockBreakEvent]: breaked minecraft:stone on [world;-359;7;560]
[22:25:38][BlockBreakEvent]: breaked minecraft:stone on [world;-359;7;561]
[22:25:40][BlockBreakEvent]: breaked minecraft:stone on [world;-359;6;561]
[22:25:42][BlockBreakEvent]: breaked minecraft:stone on [world;-359;6;560]
[22:25:44][BlockBreakEvent]: breaked minecraft:stone on [world;-359;7;562]
[22:25:45][BlockBreakEvent]: breaked minecraft:stone on [world;-359;6;562]
[22:25:48][BlockPlaceEvent]: placed minecraft:wall_torch[facing=east] on [world;-359;7;562]
[22:25:58][BlockPlaceEvent]: placed minecraft:furnace[facing=east,lit=false] on [world;-360;9;556]
[22:26:09][BlockPlaceEvent]: placed minecraft:wall_torch[facing=east] on [world;-366;8;563]
[22:26:38][FurnaceExtractEvent]: breaked minecraft:furnace[facing=east,lit=true] on [world;-360;9;556]
[22:26:40][BlockPlaceEvent]: placed minecraft:crafting_table on [world;-360;9;555]
[22:26:54][BlockBreakEvent]: breaked minecraft:redstone_ore[lit=false] on [world;-366;6;565]
[22:26:55][BlockBreakEvent]: breaked minecraft:redstone_ore[lit=true] on [world;-366;5;565]
[22:27:55][BlockPlaceEvent]: placed minecraft:cobblestone on [world;-399;10;534]
[22:27:55][BlockPlaceEvent]: placed minecraft:cobblestone on [world;-400;10;535]
[22:27:55][BlockPlaceEvent]: placed minecraft:cobblestone on [world;-401;10;535]
[22:27:55][BlockPlaceEvent]: placed minecraft:cobblestone on [world;-401;11;535]
[22:27:56][BlockPlaceEvent]: placed minecraft:cobblestone on [world;-400;10;534]
[22:27:56][BlockPlaceEvent]: placed minecraft:cobblestone on [world;-400;11;534]
[22:27:57][BlockPlaceEvent]: placed minecraft:cobblestone on [world;-401;11;534]
