[21:52:07][EntityPickupItemEvent]: PLAYER picked up WHEAT_SEEDS
[21:52:07][EntityPickupItemEvent]: PLAYER picked up WHEAT_SEEDS
[21:52:09][EntityPickupItemEvent]: PLAYER picked up WHEAT
[21:52:10][EntityPickupItemEvent]: PLAYER picked up WHEAT_SEEDS
[21:52:12][EntityPickupItemEvent]: PLAYER picked up WHEAT
[21:52:13][EntityPickupItemEvent]: PLAYER picked up WHEAT_SEEDS
[21:52:13][EntityPickupItemEvent]: PLAYER picked up WHEAT
[21:52:13][EntityPickupItemEvent]: PLAYER picked up WHEAT
[21:52:13][EntityPickupItemEvent]: PLAYER picked up WHEAT_SEEDS
[21:52:14][EntityPickupItemEvent]: PLAYER picked up WHEAT_SEEDS
[21:52:14][EntityPickupItemEvent]: PLAYER picked up WHEAT_SEEDS
[21:52:14][EntityPickupItemEvent]: PLAYER picked up WHEAT
[21:52:14][EntityPickupItemEvent]: PLAYER picked up WHEAT_SEEDS
[21:52:15][EntityPickupItemEvent]: PLAYER picked up WHEAT
[21:52:15][EntityPickupItemEvent]: PLAYER picked up WHEAT_SEEDS
[21:52:15][EntityPickupItemEvent]: PLAYER picked up WHEAT_SEEDS
[21:52:15][EntityPickupItemEvent]: PLAYER picked up WHEAT
[21:52:16][EntityPickupItemEvent]: PLAYER picked up WHEAT_SEEDS
[21:52:18][EntityPickupItemEvent]: PLAYER picked up WHEAT
[21:52:18][EntityPickupItemEvent]: PLAYER picked up WHEAT_SEEDS
[21:52:19][EntityPickupItemEvent]: PLAYER picked up WHEAT
[21:52:19][EntityPickupItemEvent]: PLAYER picked up WHEAT_SEEDS
[21:52:19][EntityPickupItemEvent]: PLAYER picked up WHEAT_SEEDS
[21:52:20][EntityPickupItemEvent]: PLAYER picked up WHEAT
[21:52:20][EntityPickupItemEvent]: PLAYER picked up WHEAT_SEEDS
[21:52:20][EntityPickupItemEvent]: PLAYER picked up WHEAT
[21:52:21][EntityPickupItemEvent]: PLAYER picked up WHEAT
[21:52:21][EntityPickupItemEvent]: PLAYER picked up WHEAT
[21:52:21][EntityPickupItemEvent]: PLAYER picked up WHEAT
[21:52:21][EntityPickupItemEvent]: PLAYER picked up WHEAT_SEEDS
[21:52:22][EntityPickupItemEvent]: PLAYER picked up WHEAT
[21:52:22][EntityPickupItemEvent]: PLAYER picked up WHEAT_SEEDS
[21:52:23][EntityPickupItemEvent]: PLAYER picked up WHEAT_SEEDS
[21:52:23][EntityPickupItemEvent]: PLAYER picked up WHEAT
[21:52:24][EntityPickupItemEvent]: PLAYER picked up WHEAT_SEEDS
[21:52:24][EntityPickupItemEvent]: PLAYER picked up WHEAT_SEEDS
[21:52:26][EntityPickupItemEvent]: PLAYER picked up WHEAT
[21:52:26][EntityPickupItemEvent]: PLAYER picked up WHEAT
[21:52:26][EntityPickupItemEvent]: PLAYER picked up WHEAT_SEEDS
[21:52:33][EntityPickupItemEvent]: PLAYER picked up WHEAT_SEEDS
[21:53:42][EntityPickupItemEvent]: PLAYER picked up WHEAT_SEEDS
[21:53:42][EntityPickupItemEvent]: PLAYER picked up WHEAT_SEEDS
[21:53:43][EntityPickupItemEvent]: PLAYER picked up WHEAT_SEEDS
[21:53:43][EntityPickupItemEvent]: PLAYER picked up WHEAT
[21:53:43][EntityPickupItemEvent]: PLAYER picked up WHEAT
[21:53:43][EntityPickupItemEvent]: PLAYER picked up WHEAT_SEEDS
[21:53:44][EntityPickupItemEvent]: PLAYER picked up WHEAT_SEEDS
[21:53:45][EntityPickupItemEvent]: PLAYER picked up WHEAT
[21:53:45][EntityPickupItemEvent]: PLAYER picked up WHEAT_SEEDS
[21:53:46][EntityPickupItemEvent]: PLAYER picked up WHEAT
[21:53:47][EntityPickupItemEvent]: PLAYER picked up WHEAT
[21:53:49][EntityPickupItemEvent]: PLAYER picked up WHEAT_SEEDS
[21:53:51][EntityPickupItemEvent]: PLAYER picked up WHEAT_SEEDS
[21:53:53][EntityPickupItemEvent]: PLAYER picked up WHEAT
[21:53:53][EntityPickupItemEvent]: PLAYER picked up WHEAT
[21:53:54][EntityPickupItemEvent]: PLAYER picked up WHEAT
[21:53:54][EntityPickupItemEvent]: PLAYER picked up WHEAT_SEEDS
[21:53:55][EntityPickupItemEvent]: PLAYER picked up WHEAT_SEEDS
[21:53:55][EntityPickupItemEvent]: PLAYER picked up WHEAT
[21:54:12][EntityPickupItemEvent]: PLAYER picked up WHEAT_SEEDS
[21:54:52][EntityPickupItemEvent]: PLAYER picked up POTATO
[21:54:52][EntityPickupItemEvent]: PLAYER picked up POTATO
[21:54:52][EntityPickupItemEvent]: PLAYER picked up POTATO
[21:54:53][EntityPickupItemEvent]: PLAYER picked up POTATO
[21:54:53][EntityPickupItemEvent]: PLAYER picked up POTATO
[21:54:53][EntityPickupItemEvent]: PLAYER picked up POTATO
[21:54:54][EntityPickupItemEvent]: PLAYER picked up POTATO
[21:54:57][EntityPickupItemEvent]: PLAYER picked up POTATO
[21:55:11][EntityPickupItemEvent]: PLAYER picked up POTATO
[21:55:12][EntityPickupItemEvent]: PLAYER picked up POTATO
[21:59:08][EntityPickupItemEvent]: PLAYER picked up COBBLESTONE
[21:59:09][EntityPickupItemEvent]: PLAYER picked up COBBLESTONE
[21:59:11][EntityPickupItemEvent]: PLAYER picked up COBBLESTONE
[21:59:12][EntityPickupItemEvent]: PLAYER picked up COBBLESTONE
[21:59:14][EntityPickupItemEvent]: PLAYER picked up COBBLESTONE
[21:59:17][EntityPickupItemEvent]: PLAYER picked up COBBLESTONE
[21:59:17][EntityPickupItemEvent]: PLAYER picked up COBBLESTONE
[21:59:20][EntityPickupItemEvent]: PLAYER picked up COBBLESTONE
[21:59:20][EntityPickupItemEvent]: PLAYER picked up COBBLESTONE
[21:59:21][EntityPickupItemEvent]: PLAYER picked up COBBLESTONE
[21:59:23][EntityPickupItemEvent]: PLAYER picked up COBBLESTONE
[21:59:27][EntityPickupItemEvent]: PLAYER picked up COBBLESTONE
[22:00:44][EntityPickupItemEvent]: PLAYER picked up TORCH
[22:01:06][EntityPickupItemEvent]: PLAYER picked up COBBLESTONE
[22:01:06][EntityPickupItemEvent]: PLAYER picked up TORCH
[22:01:08][EntityPickupItemEvent]: PLAYER picked up REDSTONE
[22:01:08][EntityPickupItemEvent]: PLAYER picked up COAL
[22:01:08][EntityPickupItemEvent]: PLAYER picked up COAL
[22:01:08][EntityPickupItemEvent]: PLAYER picked up COAL
[22:01:08][EntityPickupItemEvent]: PLAYER picked up FURNACE
[22:01:10][EntityPickupItemEvent]: PLAYER picked up TORCH
[22:01:10][EntityPickupItemEvent]: PLAYER picked up COBBLESTONE
[22:01:12][EntityPickupItemEvent]: PLAYER picked up CRAFTING_TABLE
[22:02:40][EntityPickupItemEvent]: PLAYER picked up ROTTEN_FLESH
[22:04:56][EntityPickupItemEvent]: PLAYER picked up SUGAR_CANE
[22:05:51][EntityPickupItemEvent]: PLAYER picked up BAMBOO
[22:18:11][EntityPickupItemEvent]: PLAYER picked up DIRT
[22:24:35][EntityPickupItemEvent]: PLAYER picked up ROTTEN_FLESH
[22:24:46][EntityPickupItemEvent]: PLAYER picked up COBBLESTONE
[22:24:46][EntityPickupItemEvent]: PLAYER picked up COBBLESTONE
[22:24:46][EntityPickupItemEvent]: PLAYER picked up COBBLESTONE
[22:24:47][EntityPickupItemEvent]: PLAYER picked up COBBLESTONE
[22:24:48][EntityPickupItemEvent]: PLAYER picked up COBBLESTONE
[22:24:51][EntityPickupItemEvent]: PLAYER picked up COBBLESTONE
[22:24:51][EntityPickupItemEvent]: PLAYER picked up COBBLESTONE
[22:24:51][EntityPickupItemEvent]: PLAYER picked up COBBLESTONE
[22:24:53][EntityPickupItemEvent]: PLAYER picked up COBBLESTONE
[22:24:54][EntityPickupItemEvent]: PLAYER picked up COBBLESTONE
[22:24:58][EntityPickupItemEvent]: PLAYER picked up IRON_ORE
[22:24:59][EntityPickupItemEvent]: PLAYER picked up IRON_ORE
[22:25:01][EntityPickupItemEvent]: PLAYER picked up COBBLESTONE
[22:25:06][EntityPickupItemEvent]: PLAYER picked up COBBLESTONE
[22:25:15][EntityPickupItemEvent]: PLAYER picked up IRON_ORE
[22:25:16][EntityPickupItemEvent]: PLAYER picked up IRON_ORE
[22:25:25][EntityPickupItemEvent]: PLAYER picked up COBBLESTONE
[22:25:30][EntityPickupItemEvent]: PLAYER picked up IRON_ORE
[22:25:31][EntityPickupItemEvent]: PLAYER picked up GRAVEL
[22:25:31][EntityPickupItemEvent]: PLAYER picked up GRAVEL
[22:25:31][EntityPickupItemEvent]: PLAYER picked up COBBLESTONE
[22:25:35][EntityPickupItemEvent]: PLAYER picked up COBBLESTONE
[22:25:36][EntityPickupItemEvent]: PLAYER picked up COBBLESTONE
[22:25:37][EntityPickupItemEvent]: PLAYER picked up COBBLESTONE
[22:25:37][EntityPickupItemEvent]: PLAYER picked up COBBLESTONE
[22:25:37][EntityPickupItemEvent]: PLAYER picked up COBBLESTONE
[22:25:38][EntityPickupItemEvent]: PLAYER picked up COBBLESTONE
[22:25:39][EntityPickupItemEvent]: PLAYER picked up COBBLESTONE
[22:25:40][EntityPickupItemEvent]: PLAYER picked up COBBLESTONE
[22:25:40][EntityPickupItemEvent]: PLAYER picked up COBBLESTONE
[22:25:43][EntityPickupItemEvent]: PLAYER picked up COBBLESTONE
[22:25:46][EntityPickupItemEvent]: PLAYER picked up COBBLESTONE
[22:26:58][EntityPickupItemEvent]: PLAYER picked up REDSTONE
[22:27:00][EntityPickupItemEvent]: PLAYER picked up IRON_PICKAXE
[22:27:40][EntityPickupItemEvent]: PLAYER picked up ROTTEN_FLESH
