[21:30:16][BlockBreakEvent]: breaked minecraft:sugar_cane[age=0] on [world;-337;65;493]
[21:30:16][BlockBreakEvent]: breaked minecraft:sugar_cane[age=0] on [world;-338;65;493]
[21:30:18][BlockBreakEvent]: breaked minecraft:sugar_cane[age=0] on [world;-336;65;492]
[21:30:18][BlockBreakEvent]: breaked minecraft:sugar_cane[age=0] on [world;-335;65;491]
[21:30:18][BlockBreakEvent]: breaked minecraft:sugar_cane[age=0] on [world;-334;65;490]
[21:30:19][BlockBreakEvent]: breaked minecraft:sugar_cane[age=0] on [world;-333;65;488]
[21:30:19][BlockBreakEvent]: breaked minecraft:sugar_cane[age=0] on [world;-334;65;489]
[21:30:19][BlockBreakEvent]: breaked minecraft:sugar_cane[age=0] on [world;-332;65;487]
[21:30:19][BlockBreakEvent]: breaked minecraft:sugar_cane[age=0] on [world;-332;65;486]
[21:30:19][BlockBreakEvent]: breaked minecraft:sugar_cane[age=0] on [world;-332;65;485]
[21:30:20][BlockBreakEvent]: breaked minecraft:sugar_cane[age=0] on [world;-333;65;484]
[21:30:20][BlockBreakEvent]: breaked minecraft:sugar_cane[age=0] on [world;-334;65;483]
[21:30:20][BlockBreakEvent]: breaked minecraft:sugar_cane[age=0] on [world;-335;65;483]
[21:30:21][BlockBreakEvent]: breaked minecraft:sugar_cane[age=0] on [world;-338;65;483]
[21:30:23][BlockPlaceEvent]: placed minecraft:sugar_cane[age=0] on [world;-336;64;482]
[21:30:24][BlockBreakEvent]: breaked minecraft:torch on [world;-337;64;482]
[21:30:24][BlockPlaceEvent]: placed minecraft:sugar_cane[age=0] on [world;-337;64;482]
[21:30:25][BlockPlaceEvent]: placed minecraft:sugar_cane[age=0] on [world;-336;65;482]
[21:30:26][BlockBreakEvent]: breaked minecraft:sugar_cane[age=0] on [world;-336;65;482]
[21:30:53][BlockPlaceEvent]: placed minecraft:sweet_berry_bush[age=0] on [world;-332;64;499]
[21:30:53][BlockPlaceEvent]: placed minecraft:sweet_berry_bush[age=0] on [world;-330;64;495]
[21:31:12][BlockBreakEvent]: breaked minecraft:sweet_berry_bush[age=0] on [world;-332;64;499]
[21:32:29][BlockPlaceEvent]: placed minecraft:wall_torch[facing=north] on [world;-318;42;550]
[21:32:43][BlockBreakEvent]: breaked minecraft:wheat[age=7] on [world;-300;63;512]
[21:32:46][BlockBreakEvent]: breaked minecraft:wheat[age=7] on [world;-300;63;511]
[21:32:46][BlockBreakEvent]: breaked minecraft:wheat[age=7] on [world;-300;63;510]
[21:32:46][BlockBreakEvent]: breaked minecraft:wheat[age=7] on [world;-300;63;509]
[21:32:46][BlockBreakEvent]: breaked minecraft:wheat[age=7] on [world;-300;63;508]
[21:32:46][BlockBreakEvent]: breaked minecraft:wheat[age=7] on [world;-300;63;507]
[21:32:46][BlockBreakEvent]: breaked minecraft:wheat[age=7] on [world;-300;63;506]
[21:32:47][BlockBreakEvent]: breaked minecraft:wheat[age=7] on [world;-300;63;505]
[21:32:47][BlockBreakEvent]: breaked minecraft:wheat[age=6] on [world;-300;63;504]
[21:32:47][BlockBreakEvent]: breaked minecraft:wheat[age=7] on [world;-300;63;503]
[21:32:47][BlockBreakEvent]: breaked minecraft:wheat[age=6] on [world;-300;63;502]
[21:32:47][BlockBreakEvent]: breaked minecraft:wheat[age=7] on [world;-300;63;501]
[21:32:48][BlockBreakEvent]: breaked minecraft:wheat[age=7] on [world;-300;63;500]
[21:32:48][BlockBreakEvent]: breaked minecraft:wheat[age=5] on [world;-300;63;499]
[21:32:48][BlockBreakEvent]: breaked minecraft:wheat[age=7] on [world;-300;63;498]
[21:32:48][BlockBreakEvent]: breaked minecraft:wheat[age=7] on [world;-300;63;497]
[21:32:48][BlockBreakEvent]: breaked minecraft:wheat[age=7] on [world;-300;63;496]
[21:32:48][BlockBreakEvent]: breaked minecraft:wheat[age=5] on [world;-300;63;495]
[21:32:48][BlockBreakEvent]: breaked minecraft:wheat[age=7] on [world;-301;63;495]
[21:32:49][BlockBreakEvent]: breaked minecraft:wheat[age=7] on [world;-301;63;494]
[21:32:49][BlockBreakEvent]: breaked minecraft:wheat[age=7] on [world;-301;63;493]
[21:32:49][BlockBreakEvent]: breaked minecraft:wheat[age=7] on [world;-300;63;494]
[21:32:49][BlockBreakEvent]: breaked minecraft:wheat[age=7] on [world;-300;63;493]
[21:32:49][BlockBreakEvent]: breaked minecraft:wheat[age=7] on [world;-300;63;492]
[21:32:49][BlockBreakEvent]: breaked minecraft:wheat[age=7] on [world;-300;63;491]
[21:32:49][BlockBreakEvent]: breaked minecraft:wheat[age=7] on [world;-300;63;490]
[21:32:49][BlockBreakEvent]: breaked minecraft:wheat[age=7] on [world;-301;63;490]
[21:32:50][BlockBreakEvent]: breaked minecraft:wheat[age=6] on [world;-301;63;491]
[21:32:50][BlockBreakEvent]: breaked minecraft:wheat[age=7] on [world;-301;63;489]
[21:32:50][BlockBreakEvent]: breaked minecraft:wheat[age=6] on [world;-302;63;489]
[21:32:50][BlockBreakEvent]: breaked minecraft:wheat[age=4] on [world;-300;63;489]
[21:32:51][BlockBreakEvent]: breaked minecraft:wheat[age=7] on [world;-302;63;490]
[21:32:51][BlockBreakEvent]: breaked minecraft:wheat[age=5] on [world;-302;63;491]
[21:32:52][BlockBreakEvent]: breaked minecraft:wheat[age=2] on [world;-301;63;492]
[21:32:52][BlockBreakEvent]: breaked minecraft:wheat[age=7] on [world;-302;63;492]
[21:32:52][BlockBreakEvent]: breaked minecraft:wheat[age=7] on [world;-302;63;493]
[21:32:52][BlockBreakEvent]: breaked minecraft:wheat[age=5] on [world;-302;63;494]
[21:32:52][BlockBreakEvent]: breaked minecraft:wheat[age=7] on [world;-302;63;495]
[21:32:53][BlockBreakEvent]: breaked minecraft:wheat[age=7] on [world;-301;63;496]
[21:32:53][BlockBreakEvent]: breaked minecraft:wheat[age=7] on [world;-302;63;496]
[21:32:53][BlockBreakEvent]: breaked minecraft:wheat[age=6] on [world;-302;63;497]
[21:32:53][BlockBreakEvent]: breaked minecraft:wheat[age=4] on [world;-302;63;498]
[21:32:53][BlockBreakEvent]: breaked minecraft:wheat[age=5] on [world;-301;63;498]
[21:32:53][BlockBreakEvent]: breaked minecraft:wheat[age=7] on [world;-301;63;497]
[21:32:53][BlockBreakEvent]: breaked minecraft:wheat[age=7] on [world;-302;63;499]
[21:32:53][BlockBreakEvent]: breaked minecraft:wheat[age=7] on [world;-301;63;499]
[21:32:54][BlockBreakEvent]: breaked minecraft:wheat[age=7] on [world;-302;63;500]
[21:32:54][BlockBreakEvent]: breaked minecraft:wheat[age=5] on [world;-302;63;501]
[21:32:54][BlockBreakEvent]: breaked minecraft:wheat[age=7] on [world;-301;63;500]
[21:32:54][BlockBreakEvent]: breaked minecraft:wheat[age=7] on [world;-301;63;501]
[21:32:54][BlockBreakEvent]: breaked minecraft:wheat[age=4] on [world;-302;63;502]
[21:32:54][BlockBreakEvent]: breaked minecraft:wheat[age=4] on [world;-301;63;502]
[21:32:54][BlockBreakEvent]: breaked minecraft:wheat[age=7] on [world;-301;63;503]
[21:32:54][BlockBreakEvent]: breaked minecraft:wheat[age=7] on [world;-302;63;503]
[21:32:55][BlockBreakEvent]: breaked minecraft:wheat[age=7] on [world;-301;63;504]
[21:32:55][BlockBreakEvent]: breaked minecraft:wheat[age=4] on [world;-302;63;504]
[21:32:55][BlockBreakEvent]: breaked minecraft:wheat[age=6] on [world;-302;63;505]
[21:32:55][BlockBreakEvent]: breaked minecraft:wheat[age=7] on [world;-301;63;505]
[21:32:55][BlockBreakEvent]: breaked minecraft:wheat[age=7] on [world;-301;63;506]
[21:32:55][BlockBreakEvent]: breaked minecraft:wheat[age=7] on [world;-301;63;507]
[21:32:55][BlockBreakEvent]: breaked minecraft:wheat[age=7] on [world;-301;63;508]
[21:32:56][BlockBreakEvent]: breaked minecraft:wheat[age=7] on [world;-302;63;508]
[21:32:56][BlockBreakEvent]: breaked minecraft:wheat[age=7] on [world;-302;63;507]
[21:32:56][BlockBreakEvent]: breaked minecraft:wheat[age=7] on [world;-302;63;509]
[21:32:56][BlockBreakEvent]: breaked minecraft:wheat[age=5] on [world;-302;63;506]
[21:32:56][BlockBreakEvent]: breaked minecraft:wheat[age=7] on [world;-301;63;509]
[21:32:57][BlockBreakEvent]: breaked minecraft:wheat[age=7] on [world;-301;63;510]
[21:32:57][BlockBreakEvent]: breaked minecraft:wheat[age=7] on [world;-301;63;511]
[21:32:57][BlockBreakEvent]: breaked minecraft:wheat[age=7] on [world;-301;63;512]
[21:32:57][BlockBreakEvent]: breaked minecraft:wheat[age=7] on [world;-302;63;510]
[21:32:57][BlockBreakEvent]: breaked minecraft:wheat[age=7] on [world;-302;63;512]
[21:32:57][BlockBreakEvent]: breaked minecraft:wheat[age=7] on [world;-302;63;511]
[21:33:22][BlockPlaceEvent]: placed minecraft:farmland[moisture=0] on [world;-302;62;512]
[21:33:25][BlockPlaceEvent]: placed minecraft:wheat[age=0] on [world;-302;63;512]
[21:33:25][BlockPlaceEvent]: placed minecraft:wheat[age=0] on [world;-302;63;511]
[21:33:25][BlockPlaceEvent]: placed minecraft:wheat[age=0] on [world;-302;63;510]
[21:33:26][BlockPlaceEvent]: placed minecraft:wheat[age=0] on [world;-302;63;509]
[21:33:26][BlockPlaceEvent]: placed minecraft:wheat[age=0] on [world;-302;63;508]
[21:33:26][BlockPlaceEvent]: placed minecraft:wheat[age=0] on [world;-302;63;507]
[21:33:26][BlockPlaceEvent]: placed minecraft:wheat[age=0] on [world;-302;63;506]
[21:33:27][BlockPlaceEvent]: placed minecraft:wheat[age=0] on [world;-302;63;505]
[21:33:27][BlockPlaceEvent]: placed minecraft:wheat[age=0] on [world;-302;63;504]
[21:33:27][BlockPlaceEvent]: placed minecraft:wheat[age=0] on [world;-302;63;503]
[21:33:27][BlockPlaceEvent]: placed minecraft:wheat[age=0] on [world;-302;63;502]
[21:33:27][BlockPlaceEvent]: placed minecraft:wheat[age=0] on [world;-302;63;501]
[21:33:28][BlockPlaceEvent]: placed minecraft:wheat[age=0] on [world;-302;63;500]
[21:33:28][BlockPlaceEvent]: placed minecraft:wheat[age=0] on [world;-302;63;499]
[21:33:28][BlockPlaceEvent]: placed minecraft:wheat[age=0] on [world;-302;63;498]
[21:33:29][BlockPlaceEvent]: placed minecraft:wheat[age=0] on [world;-302;63;497]
[21:33:29][BlockPlaceEvent]: placed minecraft:wheat[age=0] on [world;-302;63;496]
[21:33:29][BlockPlaceEvent]: placed minecraft:wheat[age=0] on [world;-302;63;495]
[21:33:29][BlockPlaceEvent]: placed minecraft:wheat[age=0] on [world;-302;63;494]
[21:33:29][BlockPlaceEvent]: placed minecraft:wheat[age=0] on [world;-302;63;493]
[21:33:30][BlockPlaceEvent]: placed minecraft:wheat[age=0] on [world;-302;63;492]
[21:33:30][BlockPlaceEvent]: placed minecraft:wheat[age=0] on [world;-302;63;491]
[21:33:30][BlockPlaceEvent]: placed minecraft:wheat[age=0] on [world;-302;63;490]
[21:33:31][BlockPlaceEvent]: placed minecraft:wheat[age=0] on [world;-302;63;489]
[21:33:31][BlockPlaceEvent]: placed minecraft:wheat[age=0] on [world;-301;63;489]
[21:33:31][BlockPlaceEvent]: placed minecraft:wheat[age=0] on [world;-300;63;489]
[21:33:32][BlockPlaceEvent]: placed minecraft:wheat[age=0] on [world;-300;63;490]
[21:33:32][BlockPlaceEvent]: placed minecraft:wheat[age=0] on [world;-300;63;491]
[21:33:33][BlockPlaceEvent]: placed minecraft:wheat[age=0] on [world;-300;63;492]
[21:33:33][BlockPlaceEvent]: placed minecraft:wheat[age=0] on [world;-300;63;493]
[21:33:33][BlockPlaceEvent]: placed minecraft:wheat[age=0] on [world;-300;63;494]
[21:33:33][BlockPlaceEvent]: placed minecraft:wheat[age=0] on [world;-300;63;495]
[21:33:34][BlockPlaceEvent]: placed minecraft:wheat[age=0] on [world;-300;63;496]
[21:33:34][BlockPlaceEvent]: placed minecraft:wheat[age=0] on [world;-300;63;497]
[21:33:34][BlockPlaceEvent]: placed minecraft:wheat[age=0] on [world;-300;63;498]
[21:33:34][BlockPlaceEvent]: placed minecraft:wheat[age=0] on [world;-300;63;499]
[21:33:34][BlockPlaceEvent]: placed minecraft:wheat[age=0] on [world;-300;63;500]
[21:33:35][BlockPlaceEvent]: placed minecraft:wheat[age=0] on [world;-300;63;501]
[21:33:35][BlockPlaceEvent]: placed minecraft:wheat[age=0] on [world;-300;63;502]
[21:33:35][BlockPlaceEvent]: placed minecraft:wheat[age=0] on [world;-300;63;503]
[21:33:35][BlockPlaceEvent]: placed minecraft:wheat[age=0] on [world;-300;63;504]
[21:33:36][BlockPlaceEvent]: placed minecraft:wheat[age=0] on [world;-300;63;505]
[21:33:36][BlockPlaceEvent]: placed minecraft:wheat[age=0] on [world;-300;63;506]
[21:33:36][BlockPlaceEvent]: placed minecraft:wheat[age=0] on [world;-300;63;507]
[21:33:36][BlockPlaceEvent]: placed minecraft:wheat[age=0] on [world;-300;63;508]
[21:33:36][BlockPlaceEvent]: placed minecraft:wheat[age=0] on [world;-300;63;509]
[21:33:37][BlockPlaceEvent]: placed minecraft:wheat[age=0] on [world;-300;63;510]
[21:33:37][BlockPlaceEvent]: placed minecraft:wheat[age=0] on [world;-300;63;511]
[21:33:38][BlockPlaceEvent]: placed minecraft:wheat[age=0] on [world;-300;63;512]
[21:33:38][BlockPlaceEvent]: placed minecraft:wheat[age=0] on [world;-301;63;512]
[21:33:38][BlockPlaceEvent]: placed minecraft:wheat[age=0] on [world;-301;63;511]
[21:33:39][BlockPlaceEvent]: placed minecraft:wheat[age=0] on [world;-301;63;510]
[21:33:39][BlockPlaceEvent]: placed minecraft:wheat[age=0] on [world;-301;63;509]
[21:33:39][BlockPlaceEvent]: placed minecraft:wheat[age=0] on [world;-301;63;508]
[21:33:39][BlockPlaceEvent]: placed minecraft:wheat[age=0] on [world;-301;63;507]
[21:33:40][BlockPlaceEvent]: placed minecraft:wheat[age=0] on [world;-301;63;506]
[21:33:40][BlockPlaceEvent]: placed minecraft:wheat[age=0] on [world;-301;63;505]
[21:33:40][BlockPlaceEvent]: placed minecraft:wheat[age=0] on [world;-301;63;504]
[21:33:40][BlockPlaceEvent]: placed minecraft:wheat[age=0] on [world;-301;63;503]
[21:33:41][BlockPlaceEvent]: placed minecraft:wheat[age=0] on [world;-301;63;502]
[21:33:41][BlockPlaceEvent]: placed minecraft:wheat[age=0] on [world;-301;63;501]
[21:33:41][BlockPlaceEvent]: placed minecraft:wheat[age=0] on [world;-301;63;500]
[21:33:41][BlockPlaceEvent]: placed minecraft:wheat[age=0] on [world;-301;63;499]
[21:33:41][BlockPlaceEvent]: placed minecraft:wheat[age=0] on [world;-301;63;498]
[21:33:42][BlockPlaceEvent]: placed minecraft:wheat[age=0] on [world;-301;63;497]
[21:33:42][BlockPlaceEvent]: placed minecraft:wheat[age=0] on [world;-301;63;496]
[21:33:42][BlockPlaceEvent]: placed minecraft:wheat[age=0] on [world;-301;63;495]
[21:33:42][BlockPlaceEvent]: placed minecraft:wheat[age=0] on [world;-301;63;494]
[21:33:43][BlockPlaceEvent]: placed minecraft:wheat[age=0] on [world;-301;63;493]
[21:33:43][BlockPlaceEvent]: placed minecraft:wheat[age=0] on [world;-301;63;492]
[21:33:43][BlockPlaceEvent]: placed minecraft:wheat[age=0] on [world;-301;63;491]
[21:33:43][BlockPlaceEvent]: placed minecraft:wheat[age=0] on [world;-301;63;490]
[21:33:49][BlockBreakEvent]: breaked minecraft:wheat[age=7] on [world;-305;63;490]
[21:33:50][BlockBreakEvent]: breaked minecraft:wheat[age=7] on [world;-306;63;490]
[21:33:51][BlockPlaceEvent]: placed minecraft:wheat[age=0] on [world;-306;63;490]
[21:33:51][BlockPlaceEvent]: placed minecraft:wheat[age=0] on [world;-305;63;490]
[21:33:52][BlockBreakEvent]: breaked minecraft:wheat[age=7] on [world;-304;63;491]
[21:33:53][BlockBreakEvent]: breaked minecraft:wheat[age=7] on [world;-304;63;492]
[21:33:54][BlockBreakEvent]: breaked minecraft:wheat[age=7] on [world;-305;63;492]
[21:33:55][BlockPlaceEvent]: placed minecraft:wheat[age=0] on [world;-305;63;492]
[21:33:55][BlockPlaceEvent]: placed minecraft:wheat[age=0] on [world;-304;63;492]
[21:33:55][BlockPlaceEvent]: placed minecraft:wheat[age=0] on [world;-304;63;491]
[21:33:56][BlockBreakEvent]: breaked minecraft:wheat[age=7] on [world;-304;63;493]
[21:33:57][BlockBreakEvent]: breaked minecraft:wheat[age=7] on [world;-305;63;493]
[21:33:58][BlockBreakEvent]: breaked minecraft:wheat[age=7] on [world;-306;63;493]
[21:33:58][BlockPlaceEvent]: placed minecraft:wheat[age=0] on [world;-305;63;493]
[21:33:58][BlockPlaceEvent]: placed minecraft:wheat[age=0] on [world;-306;63;493]
[21:33:59][BlockPlaceEvent]: placed minecraft:wheat[age=0] on [world;-304;63;493]
[21:33:59][BlockBreakEvent]: breaked minecraft:wheat[age=7] on [world;-304;63;494]
[21:34:00][BlockBreakEvent]: breaked minecraft:wheat[age=7] on [world;-304;63;495]
[21:34:01][BlockBreakEvent]: breaked minecraft:wheat[age=7] on [world;-305;63;495]
[21:34:01][BlockPlaceEvent]: placed minecraft:wheat[age=0] on [world;-305;63;495]
[21:34:02][BlockPlaceEvent]: placed minecraft:wheat[age=0] on [world;-304;63;495]
[21:34:02][BlockBreakEvent]: breaked minecraft:wheat[age=7] on [world;-304;63;496]
[21:34:03][BlockBreakEvent]: breaked minecraft:wheat[age=7] on [world;-305;63;496]
[21:34:04][BlockPlaceEvent]: placed minecraft:wheat[age=0] on [world;-305;63;496]
[21:34:04][BlockPlaceEvent]: placed minecraft:wheat[age=0] on [world;-304;63;496]
[21:34:05][BlockPlaceEvent]: placed minecraft:wheat[age=0] on [world;-304;63;494]
[21:34:09][BlockBreakEvent]: breaked minecraft:wheat[age=7] on [world;-306;63;496]
[21:34:09][BlockPlaceEvent]: placed minecraft:wheat[age=0] on [world;-306;63;496]
[21:34:10][BlockBreakEvent]: breaked minecraft:wheat[age=7] on [world;-305;63;497]
[21:34:10][BlockPlaceEvent]: placed minecraft:wheat[age=0] on [world;-305;63;497]
[21:34:11][BlockBreakEvent]: breaked minecraft:wheat[age=7] on [world;-304;63;497]
[21:34:11][BlockPlaceEvent]: placed minecraft:wheat[age=0] on [world;-304;63;497]
[21:34:12][BlockBreakEvent]: breaked minecraft:wheat[age=7] on [world;-304;63;498]
[21:34:12][BlockPlaceEvent]: placed minecraft:wheat[age=0] on [world;-304;63;498]
[21:34:13][BlockBreakEvent]: breaked minecraft:wheat[age=7] on [world;-305;63;498]
[21:34:13][BlockPlaceEvent]: placed minecraft:wheat[age=0] on [world;-305;63;498]
[21:34:14][BlockBreakEvent]: breaked minecraft:wheat[age=7] on [world;-306;63;498]
[21:34:15][BlockPlaceEvent]: placed minecraft:wheat[age=0] on [world;-306;63;498]
[21:34:16][BlockBreakEvent]: breaked minecraft:wheat[age=7] on [world;-306;63;499]
[21:34:16][BlockPlaceEvent]: placed minecraft:wheat[age=0] on [world;-306;63;499]
[21:34:17][BlockBreakEvent]: breaked minecraft:wheat[age=7] on [world;-305;63;499]
[21:34:17][BlockPlaceEvent]: placed minecraft:wheat[age=0] on [world;-305;63;499]
[21:34:18][BlockBreakEvent]: breaked minecraft:wheat[age=7] on [world;-304;63;499]
[21:34:18][BlockPlaceEvent]: placed minecraft:wheat[age=0] on [world;-304;63;499]
[21:34:18][BlockBreakEvent]: breaked minecraft:wheat[age=7] on [world;-304;63;500]
[21:34:19][BlockPlaceEvent]: placed minecraft:wheat[age=0] on [world;-304;63;500]
[21:34:19][BlockBreakEvent]: breaked minecraft:wheat[age=7] on [world;-305;63;500]
[21:34:19][BlockBreakEvent]: breaked minecraft:wheat[age=7] on [world;-306;63;500]
[21:34:20][BlockBreakEvent]: breaked minecraft:wheat[age=7] on [world;-306;63;501]
[21:34:20][BlockBreakEvent]: breaked minecraft:wheat[age=7] on [world;-305;63;501]
[21:34:20][BlockBreakEvent]: breaked minecraft:wheat[age=7] on [world;-305;63;502]
[21:34:20][BlockBreakEvent]: breaked minecraft:wheat[age=7] on [world;-304;63;501]
[21:34:20][BlockBreakEvent]: breaked minecraft:wheat[age=7] on [world;-304;63;502]
[21:34:20][BlockBreakEvent]: breaked minecraft:wheat[age=7] on [world;-305;63;503]
[21:34:20][BlockBreakEvent]: breaked minecraft:wheat[age=7] on [world;-306;63;502]
[21:34:20][BlockBreakEvent]: breaked minecraft:wheat[age=7] on [world;-306;63;503]
[21:34:21][BlockBreakEvent]: breaked minecraft:wheat[age=7] on [world;-305;63;504]
[21:34:21][BlockBreakEvent]: breaked minecraft:wheat[age=7] on [world;-304;63;504]
[21:34:21][BlockBreakEvent]: breaked minecraft:wheat[age=7] on [world;-305;63;505]
[21:34:21][BlockBreakEvent]: breaked minecraft:wheat[age=7] on [world;-304;63;505]
[21:34:21][BlockBreakEvent]: breaked minecraft:wheat[age=7] on [world;-304;63;503]
[21:34:21][BlockBreakEvent]: breaked minecraft:wheat[age=7] on [world;-305;63;506]
[21:34:21][BlockBreakEvent]: breaked minecraft:wheat[age=7] on [world;-304;63;506]
[21:34:21][BlockBreakEvent]: breaked minecraft:wheat[age=7] on [world;-304;63;507]
[21:34:21][BlockBreakEvent]: breaked minecraft:wheat[age=6] on [world;-306;63;505]
[21:34:21][BlockBreakEvent]: breaked minecraft:wheat[age=4] on [world;-306;63;506]
[21:34:22][BlockBreakEvent]: breaked minecraft:wheat[age=7] on [world;-306;63;504]
[21:34:22][BlockBreakEvent]: breaked minecraft:wheat[age=7] on [world;-305;63;507]
[21:34:22][BlockBreakEvent]: breaked minecraft:wheat[age=5] on [world;-306;63;507]
[21:34:22][BlockBreakEvent]: breaked minecraft:wheat[age=5] on [world;-306;63;508]
[21:34:22][BlockBreakEvent]: breaked minecraft:wheat[age=7] on [world;-306;63;509]
[21:34:22][BlockBreakEvent]: breaked minecraft:wheat[age=7] on [world;-305;63;508]
[21:34:22][BlockBreakEvent]: breaked minecraft:wheat[age=7] on [world;-305;63;509]
[21:34:22][BlockBreakEvent]: breaked minecraft:wheat[age=7] on [world;-305;63;510]
[21:34:22][BlockBreakEvent]: breaked minecraft:wheat[age=7] on [world;-306;63;510]
[21:34:22][BlockBreakEvent]: breaked minecraft:wheat[age=7] on [world;-304;63;509]
[21:34:22][BlockBreakEvent]: breaked minecraft:wheat[age=4] on [world;-304;63;510]
[21:34:22][BlockBreakEvent]: breaked minecraft:wheat[age=7] on [world;-305;63;511]
[21:34:22][BlockBreakEvent]: breaked minecraft:wheat[age=6] on [world;-305;63;512]
[21:34:22][BlockBreakEvent]: breaked minecraft:wheat[age=4] on [world;-304;63;511]
[21:34:23][BlockBreakEvent]: breaked minecraft:wheat[age=3] on [world;-304;63;512]
[21:34:23][BlockBreakEvent]: breaked minecraft:wheat[age=5] on [world;-306;63;512]
[21:34:23][BlockBreakEvent]: breaked minecraft:wheat[age=7] on [world;-306;63;511]
[21:34:25][BlockBreakEvent]: breaked minecraft:wheat[age=7] on [world;-304;63;508]
[21:34:27][BlockPlaceEvent]: placed minecraft:wheat[age=0] on [world;-305;63;500]
[21:34:28][BlockPlaceEvent]: placed minecraft:wheat[age=0] on [world;-306;63;500]
[21:36:08][BlockPlaceEvent]: placed minecraft:wheat[age=0] on [world;-306;63;501]
[21:36:08][BlockPlaceEvent]: placed minecraft:wheat[age=0] on [world;-305;63;501]
[21:36:09][BlockPlaceEvent]: placed minecraft:wheat[age=0] on [world;-304;63;501]
[21:36:09][BlockPlaceEvent]: placed minecraft:wheat[age=0] on [world;-304;63;502]
[21:36:10][BlockPlaceEvent]: placed minecraft:wheat[age=0] on [world;-305;63;502]
[21:36:10][BlockPlaceEvent]: placed minecraft:wheat[age=0] on [world;-306;63;502]
[21:36:11][BlockPlaceEvent]: placed minecraft:wheat[age=0] on [world;-306;63;503]
[21:36:11][BlockPlaceEvent]: placed minecraft:wheat[age=0] on [world;-305;63;503]
[21:36:11][BlockPlaceEvent]: placed minecraft:wheat[age=0] on [world;-304;63;503]
[21:36:12][BlockPlaceEvent]: placed minecraft:wheat[age=0] on [world;-304;63;504]
[21:36:12][BlockPlaceEvent]: placed minecraft:wheat[age=0] on [world;-305;63;504]
[21:36:12][BlockPlaceEvent]: placed minecraft:wheat[age=0] on [world;-306;63;504]
[21:36:14][BlockPlaceEvent]: placed minecraft:wheat[age=0] on [world;-306;63;505]
[21:36:14][BlockPlaceEvent]: placed minecraft:wheat[age=0] on [world;-305;63;505]
[21:36:14][BlockPlaceEvent]: placed minecraft:wheat[age=0] on [world;-304;63;505]
[21:36:15][BlockPlaceEvent]: placed minecraft:wheat[age=0] on [world;-304;63;506]
[21:36:15][BlockPlaceEvent]: placed minecraft:wheat[age=0] on [world;-305;63;506]
[21:36:15][BlockPlaceEvent]: placed minecraft:wheat[age=0] on [world;-306;63;506]
[21:36:16][BlockPlaceEvent]: placed minecraft:wheat[age=0] on [world;-306;63;507]
[21:36:16][BlockPlaceEvent]: placed minecraft:wheat[age=0] on [world;-305;63;507]
[21:36:17][BlockPlaceEvent]: placed minecraft:wheat[age=0] on [world;-304;63;507]
[21:36:17][BlockPlaceEvent]: placed minecraft:wheat[age=0] on [world;-305;63;508]
[21:36:17][BlockPlaceEvent]: placed minecraft:wheat[age=0] on [world;-305;63;509]
[21:36:18][BlockPlaceEvent]: placed minecraft:wheat[age=0] on [world;-306;63;509]
[21:36:18][BlockPlaceEvent]: placed minecraft:wheat[age=0] on [world;-304;63;509]
[21:36:19][BlockPlaceEvent]: placed minecraft:wheat[age=0] on [world;-306;63;508]
[21:36:20][BlockPlaceEvent]: placed minecraft:wheat[age=0] on [world;-304;63;508]
[21:36:20][BlockPlaceEvent]: placed minecraft:wheat[age=0] on [world;-305;63;510]
[21:36:21][BlockPlaceEvent]: placed minecraft:wheat[age=0] on [world;-306;63;510]
[21:36:21][BlockPlaceEvent]: placed minecraft:wheat[age=0] on [world;-304;63;510]
[21:36:22][BlockPlaceEvent]: placed minecraft:wheat[age=0] on [world;-304;63;511]
[21:36:22][BlockPlaceEvent]: placed minecraft:wheat[age=0] on [world;-304;63;512]
[21:36:22][BlockPlaceEvent]: placed minecraft:wheat[age=0] on [world;-305;63;512]
[21:36:22][BlockPlaceEvent]: placed minecraft:wheat[age=0] on [world;-306;63;512]
[21:36:23][BlockPlaceEvent]: placed minecraft:wheat[age=0] on [world;-306;63;511]
[21:36:23][BlockPlaceEvent]: placed minecraft:wheat[age=0] on [world;-305;63;511]
[21:37:36][BlockPlaceEvent]: placed minecraft:sweet_berry_bush[age=0] on [world;-343;62;499]
[21:37:36][BlockPlaceEvent]: placed minecraft:sweet_berry_bush[age=0] on [world;-343;62;498]
[21:37:38][BlockPlaceEvent]: placed minecraft:sweet_berry_bush[age=0] on [world;-344;61;499]
[21:37:38][BlockPlaceEvent]: placed minecraft:sweet_berry_bush[age=0] on [world;-344;61;498]
[21:37:47][BlockBreakEvent]: breaked minecraft:sweet_berry_bush[age=0] on [world;-343;62;498]
[21:37:50][BlockPlaceEvent]: placed minecraft:sweet_berry_bush[age=0] on [world;-343;62;498]
[21:37:50][BlockPlaceEvent]: placed minecraft:sweet_berry_bush[age=0] on [world;-343;63;497]
[21:37:56][BlockBreakEvent]: breaked minecraft:sweet_berry_bush[age=0] on [world;-343;63;497]
[21:37:57][BlockPlaceEvent]: placed minecraft:sweet_berry_bush[age=0] on [world;-343;63;497]
[21:38:05][BlockBreakEvent]: breaked minecraft:oak_log[axis=y] on [world;-354;67;513]
[21:38:09][BlockBreakEvent]: breaked minecraft:oak_log[axis=y] on [world;-354;68;513]
[21:38:13][BlockBreakEvent]: breaked minecraft:oak_log[axis=y] on [world;-354;69;513]
[21:38:16][BlockBreakEvent]: breaked minecraft:oak_log[axis=y] on [world;-354;70;513]
[21:38:28][BlockPlaceEvent]: placed minecraft:crafting_table on [world;-348;67;533]
[21:38:39][BlockBreakEvent]: breaked minecraft:oak_log[axis=y] on [world;-354;71;513]
[21:38:41][BlockBreakEvent]: breaked minecraft:oak_log[axis=y] on [world;-354;72;513]
[21:38:42][BlockBreakEvent]: breaked minecraft:oak_log[axis=y] on [world;-354;73;513]
[21:38:47][BlockBreakEvent]: breaked minecraft:oak_leaves[distance=2,persistent=false] on [world;-355;72;512]
[21:38:49][BlockBreakEvent]: breaked minecraft:oak_log[axis=x] on [world;-355;71;513]
[21:38:51][BlockBreakEvent]: breaked minecraft:oak_log[axis=x] on [world;-355;71;514]
[21:38:53][BlockBreakEvent]: breaked minecraft:oak_log[axis=z] on [world;-355;71;515]
[21:38:55][BlockBreakEvent]: breaked minecraft:oak_leaves[distance=1,persistent=false] on [world;-356;71;514]
[21:38:57][BlockBreakEvent]: breaked minecraft:oak_log[axis=x] on [world;-356;71;513]
[21:38:58][BlockBreakEvent]: breaked minecraft:oak_leaves[distance=1,persistent=false] on [world;-356;72;513]
[21:39:00][BlockBreakEvent]: breaked minecraft:oak_log[axis=x] on [world;-356;73;513]
[21:39:01][BlockBreakEvent]: breaked minecraft:oak_log[axis=x] on [world;-355;73;513]
[21:39:02][BlockBreakEvent]: breaked minecraft:oak_leaves[distance=4,persistent=false] on [world;-355;72;513]
[21:39:05][BlockBreakEvent]: breaked minecraft:oak_log[axis=y] on [world;-354;74;513]
[21:39:22][BlockBreakEvent]: breaked minecraft:crafting_table on [world;-348;67;533]
[21:39:53][BlockBreakEvent]: breaked minecraft:sweet_berry_bush[age=3] on [world;-343;63;497]
[21:40:02][FurnaceExtractEvent]: breaked minecraft:furnace[facing=west,lit=false] on [world;-341;64;492]
