[21:29:41][EntityPickupItemEvent]: PLAYER picked up BREAD
[21:30:17][EntityPickupItemEvent]: PLAYER picked up SUGAR_CANE
[21:30:17][EntityPickupItemEvent]: PLAYER picked up SUGAR_CANE
[21:30:18][EntityPickupItemEvent]: PLAYER picked up SUGAR_CANE
[21:30:20][EntityPickupItemEvent]: PLAYER picked up SUGAR_CANE
[21:30:22][EntityPickupItemEvent]: PLAYER picked up SUGAR_CANE
[21:30:24][EntityPickupItemEvent]: PLAYER picked up TORCH
[21:30:26][EntityPickupItemEvent]: PLAYER picked up SUGAR_CANE
[21:30:53][EntityPickupItemEvent]: PLAYER picked up SWEET_BERRIES
[21:31:10][EntityPickupItemEvent]: PLAYER picked up SWEET_BERRIES
[21:31:14][EntityPickupItemEvent]: PLAYER picked up SWEET_BERRIES
[21:31:27][EntityPickupItemEvent]: PLAYER picked up SWEET_BERRIES
[21:31:44][EntityPickupItemEvent]: PLAYER picked up SWEET_BERRIES
[21:31:47][EntityPickupItemEvent]: PLAYER picked up SWEET_BERRIES
[21:32:23][EntityPickupItemEvent]: PLAYER picked up BIRCH_LOG
[21:32:43][EntityPickupItemEvent]: PLAYER picked up WHEAT_SEEDS
[21:32:45][EntityPickupItemEvent]: PLAYER picked up WHEAT
[21:32:47][EntityPickupItemEvent]: PLAYER picked up WHEAT
[21:32:47][EntityPickupItemEvent]: PLAYER picked up WHEAT
[21:32:47][EntityPickupItemEvent]: PLAYER picked up WHEAT
[21:32:48][EntityPickupItemEvent]: PLAYER picked up WHEAT
[21:32:48][EntityPickupItemEvent]: PLAYER picked up WHEAT
[21:32:49][EntityPickupItemEvent]: PLAYER picked up WHEAT
[21:32:49][EntityPickupItemEvent]: PLAYER picked up WHEAT_SEEDS
[21:32:50][EntityPickupItemEvent]: PLAYER picked up WHEAT
[21:32:51][EntityPickupItemEvent]: PLAYER picked up WHEAT_SEEDS
[21:32:51][EntityPickupItemEvent]: PLAYER picked up WHEAT_SEEDS
[21:32:52][EntityPickupItemEvent]: PLAYER picked up WHEAT
[21:32:52][EntityPickupItemEvent]: PLAYER picked up WHEAT_SEEDS
[21:32:52][EntityPickupItemEvent]: PLAYER picked up WHEAT_SEEDS
[21:32:52][EntityPickupItemEvent]: PLAYER picked up WHEAT_SEEDS
[21:32:53][EntityPickupItemEvent]: PLAYER picked up WHEAT
[21:32:53][EntityPickupItemEvent]: PLAYER picked up WHEAT
[21:32:53][EntityPickupItemEvent]: PLAYER picked up WHEAT_SEEDS
[21:32:54][EntityPickupItemEvent]: PLAYER picked up WHEAT
[21:32:54][EntityPickupItemEvent]: PLAYER picked up WHEAT_SEEDS
[21:32:55][EntityPickupItemEvent]: PLAYER picked up WHEAT_SEEDS
[21:32:56][EntityPickupItemEvent]: PLAYER picked up WHEAT_SEEDS
[21:32:57][EntityPickupItemEvent]: PLAYER picked up WHEAT_SEEDS
[21:32:57][EntityPickupItemEvent]: PLAYER picked up WHEAT_SEEDS
[21:32:57][EntityPickupItemEvent]: PLAYER picked up WHEAT_SEEDS
[21:32:57][EntityPickupItemEvent]: PLAYER picked up WHEAT_SEEDS
[21:32:57][EntityPickupItemEvent]: PLAYER picked up WHEAT_SEEDS
[21:32:58][EntityPickupItemEvent]: PLAYER picked up WHEAT
[21:32:58][EntityPickupItemEvent]: PLAYER picked up WHEAT_SEEDS
[21:32:59][EntityPickupItemEvent]: PLAYER picked up WHEAT
[21:33:50][EntityPickupItemEvent]: PLAYER picked up WHEAT
[21:33:50][EntityPickupItemEvent]: PLAYER picked up WHEAT_SEEDS
[21:33:51][EntityPickupItemEvent]: PLAYER picked up WHEAT_SEEDS
[21:33:51][EntityPickupItemEvent]: PLAYER picked up WHEAT
[21:33:53][EntityPickupItemEvent]: PLAYER picked up WHEAT
[21:33:53][EntityPickupItemEvent]: PLAYER picked up WHEAT_SEEDS
[21:33:54][EntityPickupItemEvent]: PLAYER picked up WHEAT_SEEDS
[21:33:54][EntityPickupItemEvent]: PLAYER picked up WHEAT
[21:33:54][EntityPickupItemEvent]: PLAYER picked up WHEAT_SEEDS
[21:33:54][EntityPickupItemEvent]: PLAYER picked up WHEAT
[21:33:57][EntityPickupItemEvent]: PLAYER picked up WHEAT_SEEDS
[21:33:57][EntityPickupItemEvent]: PLAYER picked up WHEAT
[21:33:57][EntityPickupItemEvent]: PLAYER picked up WHEAT_SEEDS
[21:33:57][EntityPickupItemEvent]: PLAYER picked up WHEAT
[21:33:58][EntityPickupItemEvent]: PLAYER picked up WHEAT
[21:33:58][EntityPickupItemEvent]: PLAYER picked up WHEAT_SEEDS
[21:34:00][EntityPickupItemEvent]: PLAYER picked up WHEAT_SEEDS
[21:34:00][EntityPickupItemEvent]: PLAYER picked up WHEAT
[21:34:01][EntityPickupItemEvent]: PLAYER picked up WHEAT_SEEDS
[21:34:01][EntityPickupItemEvent]: PLAYER picked up WHEAT
[21:34:01][EntityPickupItemEvent]: PLAYER picked up WHEAT
[21:34:01][EntityPickupItemEvent]: PLAYER picked up WHEAT_SEEDS
[21:34:03][EntityPickupItemEvent]: PLAYER picked up WHEAT
[21:34:05][EntityPickupItemEvent]: PLAYER picked up WHEAT_SEEDS
[21:34:09][EntityPickupItemEvent]: PLAYER picked up WHEAT
[21:34:09][EntityPickupItemEvent]: PLAYER picked up WHEAT_SEEDS
[21:34:10][EntityPickupItemEvent]: PLAYER picked up WHEAT_SEEDS
[21:34:11][EntityPickupItemEvent]: PLAYER picked up WHEAT
[21:34:11][EntityPickupItemEvent]: PLAYER picked up WHEAT
[21:34:11][EntityPickupItemEvent]: PLAYER picked up WHEAT_SEEDS
[21:34:12][EntityPickupItemEvent]: PLAYER picked up WHEAT
[21:34:12][EntityPickupItemEvent]: PLAYER picked up WHEAT_SEEDS
[21:34:13][EntityPickupItemEvent]: PLAYER picked up WHEAT
[21:34:13][EntityPickupItemEvent]: PLAYER picked up WHEAT_SEEDS
[21:34:15][EntityPickupItemEvent]: PLAYER picked up WHEAT_SEEDS
[21:34:15][EntityPickupItemEvent]: PLAYER picked up WHEAT
[21:34:16][EntityPickupItemEvent]: PLAYER picked up WHEAT
[21:34:16][EntityPickupItemEvent]: PLAYER picked up WHEAT_SEEDS
[21:34:17][EntityPickupItemEvent]: PLAYER picked up WHEAT
[21:34:17][EntityPickupItemEvent]: PLAYER picked up WHEAT_SEEDS
[21:34:18][EntityPickupItemEvent]: PLAYER picked up WHEAT
[21:34:18][EntityPickupItemEvent]: PLAYER picked up WHEAT_SEEDS
[21:34:19][EntityPickupItemEvent]: PLAYER picked up WHEAT_SEEDS
[21:34:19][EntityPickupItemEvent]: PLAYER picked up WHEAT
[21:34:20][EntityPickupItemEvent]: PLAYER picked up WHEAT
[21:34:20][EntityPickupItemEvent]: PLAYER picked up WHEAT_SEEDS
[21:34:20][EntityPickupItemEvent]: PLAYER picked up WHEAT
[21:34:22][EntityPickupItemEvent]: PLAYER picked up WHEAT
[21:34:22][EntityPickupItemEvent]: PLAYER picked up WHEAT
[21:34:22][EntityPickupItemEvent]: PLAYER picked up WHEAT_SEEDS
[21:34:22][EntityPickupItemEvent]: PLAYER picked up WHEAT_SEEDS
[21:34:22][EntityPickupItemEvent]: PLAYER picked up WHEAT
[21:34:22][EntityPickupItemEvent]: PLAYER picked up WHEAT_SEEDS
[21:34:23][EntityPickupItemEvent]: PLAYER picked up WHEAT
[21:34:24][EntityPickupItemEvent]: PLAYER picked up WHEAT
[21:34:25][EntityPickupItemEvent]: PLAYER picked up WHEAT
[21:34:25][EntityPickupItemEvent]: PLAYER picked up WHEAT_SEEDS
[21:34:26][EntityPickupItemEvent]: PLAYER picked up WHEAT
[21:36:54][EntityPickupItemEvent]: PLAYER picked up BONE_MEAL
[21:38:06][EntityPickupItemEvent]: PLAYER picked up OAK_LOG
[21:38:10][EntityPickupItemEvent]: PLAYER picked up OAK_LOG
[21:38:13][EntityPickupItemEvent]: PLAYER picked up OAK_LOG
[21:38:17][EntityPickupItemEvent]: PLAYER picked up OAK_LOG
[21:38:39][EntityPickupItemEvent]: PLAYER picked up OAK_LOG
[21:38:42][EntityPickupItemEvent]: PLAYER picked up OAK_LOG
[21:38:43][EntityPickupItemEvent]: PLAYER picked up OAK_LOG
[21:38:49][EntityPickupItemEvent]: PLAYER picked up OAK_LOG
[21:38:51][EntityPickupItemEvent]: PLAYER picked up OAK_LOG
[21:38:53][EntityPickupItemEvent]: PLAYER picked up OAK_LOG
[21:38:55][EntityPickupItemEvent]: PLAYER picked up OAK_SAPLING
[21:38:57][EntityPickupItemEvent]: PLAYER picked up OAK_LOG
[21:39:00][EntityPickupItemEvent]: PLAYER picked up OAK_LOG
[21:39:02][EntityPickupItemEvent]: PLAYER picked up OAK_LOG
[21:39:06][EntityPickupItemEvent]: PLAYER picked up OAK_LOG
[21:39:23][EntityPickupItemEvent]: PLAYER picked up CRAFTING_TABLE
[21:39:53][EntityPickupItemEvent]: PLAYER picked up SWEET_BERRIES
