[01:31:27][AsyncPlayerChatEvent]: said tt
[01:40:17][AsyncPlayerChatEvent]: said t
[02:01:46][AsyncPlayerChatEvent]: said tt
[02:01:53][AsyncPlayerChatEvent]: said t
[02:02:24][AsyncPlayerChatEvent]: said tt
[02:03:55][AsyncPlayerChatEvent]: said tt
[02:35:54][AsyncPlayerChatEvent]: said tt
[02:46:46][AsyncPlayerChatEvent]: said tt
[02:46:48][AsyncPlayerChatEvent]: said tt
[02:46:53][AsyncPlayerChatEvent]: said t
[02:52:23][AsyncPlayerChatEvent]: said t
[03:52:12][AsyncPlayerChatEvent]: said t
[03:53:03][PlayerInteractEvent]: right clicked minecraft:stone_button[face=wall,facing=east,powered=false] at [world;-365;65;486]
[03:53:07][PlayerInteractEvent]: right clicked minecraft:stone_button[face=wall,facing=west,powered=false] at [world;-367;65;489]
[03:53:10][PlayerInteractEvent]: right clicked minecraft:stone_button[face=wall,facing=east,powered=false] at [world;-365;65;489]
[03:53:11][PlayerInteractEvent]: right clicked minecraft:stone_button[face=wall,facing=west,powered=false] at [world;-367;65;489]
[03:53:25][PlayerInteractEvent]: right clicked minecraft:stone_button[face=wall,facing=east,powered=false] at [world;-365;65;486]
[03:53:27][PlayerInteractEvent]: right clicked minecraft:stone_button[face=wall,facing=west,powered=false] at [world;-367;65;486]
[03:53:29][PlayerInteractEvent]: right clicked minecraft:stone_button[face=wall,facing=west,powered=false] at [world;-367;65;486]
[03:53:54][PlayerInteractEvent]: right clicked minecraft:stone_button[face=wall,facing=west,powered=false] at [world;-367;65;489]
[03:54:16][PlayerInteractEvent]: right clicked minecraft:stone_button[face=wall,facing=east,powered=false] at [world;-365;65;486]
[03:54:30][PlayerInteractEvent]: right clicked minecraft:stone_button[face=ceiling,facing=west,powered=false] at [world;-396;70;488]
[03:54:35][PlayerInteractEvent]: right clicked minecraft:stone_button[face=ceiling,facing=west,powered=false] at [world;-396;70;488]
[03:54:39][PlayerInteractEvent]: right clicked minecraft:stone_button[face=wall,facing=east,powered=false] at [world;-396;67;488]
[03:54:44][PlayerInteractEvent]: right clicked minecraft:stone_button[face=floor,facing=west,powered=false] at [world;-398;69;488]
[03:54:47][PlayerInteractEvent]: right clicked minecraft:stone_button[face=wall,facing=east,powered=false] at [world;-396;67;489]
[03:54:49][PlayerInteractEvent]: right clicked minecraft:stone_button[face=floor,facing=west,powered=false] at [world;-398;69;489]
[03:54:52][PlayerInteractEvent]: right clicked minecraft:stone_button[face=floor,facing=west,powered=false] at [world;-398;69;489]
[03:54:54][PlayerInteractEvent]: right clicked minecraft:stone_button[face=wall,facing=east,powered=false] at [world;-396;67;489]
[03:54:55][PlayerInteractEvent]: right clicked minecraft:stone_button[face=floor,facing=west,powered=false] at [world;-398;69;489]
[03:55:09][PlayerInteractEvent]: right clicked minecraft:stone_button[face=floor,facing=west,powered=false] at [world;-398;69;488]
[03:55:30][PlayerInteractEvent]: right clicked minecraft:stone_button[face=wall,facing=east,powered=false] at [world;-396;67;488]
[03:55:33][PlayerInteractEvent]: right clicked minecraft:stone_button[face=floor,facing=west,powered=false] at [world;-398;69;488]
[03:55:38][PlayerInteractEvent]: right clicked minecraft:stone_button[face=wall,facing=east,powered=false] at [world;-396;67;488]
[03:55:39][PlayerInteractEvent]: right clicked minecraft:stone_button[face=wall,facing=east,powered=true] at [world;-396;67;488]
[03:55:52][PlayerInteractEvent]: right clicked minecraft:stone_button[face=ceiling,facing=west,powered=false] at [world;-396;69;488]
[03:55:56][PlayerInteractEvent]: right clicked minecraft:stone_button[face=floor,facing=west,powered=false] at [world;-398;69;488]
[03:56:01][PlayerInteractEvent]: right clicked minecraft:stone_button[face=wall,facing=west,powered=false] at [world;-367;65;489]
[03:57:14][PlayerInteractEvent]: right clicked minecraft:stone_button[face=wall,facing=east,powered=false] at [world;-365;65;489]
[03:57:16][PlayerInteractEvent]: right clicked minecraft:stone_button[face=wall,facing=east,powered=false] at [world;-365;65;489]
[03:57:18][PlayerInteractEvent]: right clicked minecraft:stone_button[face=wall,facing=east,powered=false] at [world;-365;65;489]
[03:57:40][PlayerInteractEvent]: right clicked minecraft:stone_button[face=wall,facing=west,powered=false] at [world;-367;65;489]
[03:57:42][PlayerInteractEvent]: right clicked minecraft:stone_button[face=wall,facing=west,powered=false] at [world;-367;65;489]
[03:57:46][PlayerInteractEvent]: right clicked minecraft:stone_button[face=wall,facing=west,powered=false] at [world;-367;65;489]
[03:58:49][PlayerInteractEvent]: right clicked minecraft:stone_button[face=wall,facing=east,powered=false] at [world;-365;65;489]
[03:58:58][PlayerInteractEvent]: right clicked minecraft:stone_button[face=wall,facing=west,powered=false] at [world;-367;65;489]
[03:59:38][PlayerInteractEvent]: right clicked minecraft:stone_button[face=wall,facing=east,powered=false] at [world;-365;65;486]
[03:59:41][PlayerInteractEvent]: right clicked minecraft:stone_button[face=wall,facing=east,powered=false] at [world;-365;65;486]
[04:01:40][PlayerInteractEvent]: right clicked minecraft:stone_button[face=wall,facing=west,powered=false] at [world;-367;65;489]
[04:02:42][PlayerInteractEvent]: right clicked minecraft:stone_button[face=wall,facing=east,powered=false] at [world;-365;65;486]
[04:02:44][PlayerInteractEvent]: right clicked minecraft:stone_button[face=wall,facing=west,powered=false] at [world;-367;65;489]
[04:02:57][PlayerInteractEvent]: right clicked minecraft:stone_button[face=wall,facing=west,powered=false] at [world;-367;65;489]
[04:07:05][AsyncPlayerChatEvent]: said tt
[04:07:58][AsyncPlayerChatEvent]: said tt
[04:13:58][AsyncPlayerChatEvent]: said t
[04:15:05][AsyncPlayerChatEvent]: said tt
[04:17:25][PlayerInteractEvent]: right clicked minecraft:stone_button[face=wall,facing=east,powered=false] at [world;-365;65;486]
[04:17:32][PlayerInteractEvent]: right clicked minecraft:stone_button[face=wall,facing=west,powered=true] at [world;-367;65;489]
[04:17:39][PlayerInteractEvent]: right clicked minecraft:stone_button[face=wall,facing=west,powered=false] at [world;-367;65;489]
[04:18:50][AsyncPlayerChatEvent]: said tt
[04:20:37][AsyncPlayerChatEvent]: said sleep
[04:23:26][PlayerBucketFillEvent]: used BUCKET on [world;-334;67;546]
[04:26:57][PlayerInteractEvent]: right clicked minecraft:stone_button[face=wall,facing=east,powered=false] at [world;-365;65;486]
[04:27:11][PlayerInteractEvent]: right clicked minecraft:stone_button[face=wall,facing=west,powered=false] at [world;-367;65;486]
[04:27:17][PlayerInteractEvent]: right clicked minecraft:stone_button[face=wall,facing=west,powered=false] at [world;-367;65;486]
[04:33:46][PlayerBucketEmptyEvent]: used WATER_BUCKET on [world;-278;69;790]
[04:33:47][PlayerBucketFillEvent]: used BUCKET on [world;-278;69;790]
[04:35:15][PlayerBucketEmptyEvent]: used WATER_BUCKET on [world;-275;31;812]
[04:35:15][PlayerBucketFillEvent]: used BUCKET on [world;-275;29;812]
[04:35:16][PlayerBucketEmptyEvent]: used WATER_BUCKET on [world;-275;29;812]
[04:35:59][PlayerBucketFillEvent]: used BUCKET on [world;-276;29;810]
[04:37:25][PlayerBucketEmptyEvent]: used WATER_BUCKET on [world;-263;11;891]
[04:37:26][PlayerBucketFillEvent]: used BUCKET on [world;-263;11;891]
[04:37:27][PlayerBucketEmptyEvent]: used WATER_BUCKET on [world;-263;11;891]
[04:37:28][PlayerBucketFillEvent]: used BUCKET on [world;-263;11;891]
[04:37:39][PlayerBucketEmptyEvent]: used WATER_BUCKET on [world;-249;12;891]
[04:37:39][PlayerBucketFillEvent]: used BUCKET on [world;-249;12;891]
[04:37:42][PlayerBucketEmptyEvent]: used WATER_BUCKET on [world;-247;11;891]
[04:37:42][PlayerBucketFillEvent]: used BUCKET on [world;-246;11;891]
[04:37:44][PlayerBucketEmptyEvent]: used WATER_BUCKET on [world;-244;11;890]
[04:37:45][PlayerBucketFillEvent]: used BUCKET on [world;-244;11;890]
[04:37:47][PlayerBucketEmptyEvent]: used WATER_BUCKET on [world;-238;11;889]
[04:37:48][PlayerBucketFillEvent]: used BUCKET on [world;-238;11;889]
[04:37:50][PlayerBucketEmptyEvent]: used WATER_BUCKET on [world;-235;11;888]
[04:37:51][PlayerBucketFillEvent]: used BUCKET on [world;-234;11;888]
[04:37:53][PlayerBucketEmptyEvent]: used WATER_BUCKET on [world;-230;11;888]
[04:37:53][PlayerBucketFillEvent]: used BUCKET on [world;-230;11;888]
[04:37:56][PlayerBucketEmptyEvent]: used WATER_BUCKET on [world;-227;12;890]
[04:38:26][PlayerBucketFillEvent]: used BUCKET on [world;-228;11;890]
[04:38:30][PlayerBucketEmptyEvent]: used WATER_BUCKET on [world;-217;12;890]
[04:38:30][PlayerBucketFillEvent]: used BUCKET on [world;-216;12;889]
[04:38:34][PlayerBucketEmptyEvent]: used WATER_BUCKET on [world;-200;11;895]
[04:44:08][PlayerBucketFillEvent]: used BUCKET on [world;-274;17;881]
[04:44:17][PlayerBucketEmptyEvent]: used WATER_BUCKET on [world;-255;11;883]
[04:44:19][PlayerBucketFillEvent]: used BUCKET on [world;-255;11;883]
[04:44:22][PlayerBucketEmptyEvent]: used WATER_BUCKET on [world;-250;11;885]
[04:44:23][PlayerBucketFillEvent]: used BUCKET on [world;-250;11;884]
[04:44:28][PlayerBucketEmptyEvent]: used WATER_BUCKET on [world;-242;11;885]
[04:44:28][PlayerBucketFillEvent]: used BUCKET on [world;-242;11;885]
[04:44:54][PlayerBucketEmptyEvent]: used WATER_BUCKET on [world;-260;11;878]
[04:44:55][PlayerBucketFillEvent]: used BUCKET on [world;-260;11;878]
[04:45:19][PlayerBucketEmptyEvent]: used WATER_BUCKET on [world;-269;11;881]
[04:45:35][PlayerBucketFillEvent]: used BUCKET on [world;-272;11;879]
[04:46:35][PlayerBucketEmptyEvent]: used WATER_BUCKET on [world;-243;11;919]
[04:46:37][PlayerBucketFillEvent]: used BUCKET on [world;-242;11;919]
[04:46:39][PlayerBucketEmptyEvent]: used WATER_BUCKET on [world;-245;11;922]
[04:46:40][PlayerBucketFillEvent]: used BUCKET on [world;-245;11;922]
[04:46:45][PlayerBucketEmptyEvent]: used WATER_BUCKET on [world;-254;13;917]
[04:46:46][PlayerBucketFillEvent]: used BUCKET on [world;-255;13;918]
[04:47:17][PlayerBucketEmptyEvent]: used WATER_BUCKET on [world;-250;11;924]
[04:47:17][PlayerBucketFillEvent]: used BUCKET on [world;-249;11;924]
[04:47:20][PlayerBucketEmptyEvent]: used WATER_BUCKET on [world;-252;11;927]
[04:47:22][PlayerBucketFillEvent]: used BUCKET on [world;-252;11;927]
[04:47:29][PlayerBucketEmptyEvent]: used WATER_BUCKET on [world;-248;11;900]
[04:47:30][PlayerBucketFillEvent]: used BUCKET on [world;-247;11;899]
[04:47:32][PlayerBucketEmptyEvent]: used WATER_BUCKET on [world;-246;11;898]
[04:47:32][PlayerBucketFillEvent]: used BUCKET on [world;-246;11;898]
[04:47:33][PlayerBucketEmptyEvent]: used WATER_BUCKET on [world;-246;11;898]
[04:47:33][PlayerBucketFillEvent]: used BUCKET on [world;-246;11;898]
[04:47:46][PlayerBucketEmptyEvent]: used WATER_BUCKET on [world;-267;11;901]
[04:47:47][PlayerBucketFillEvent]: used BUCKET on [world;-267;11;901]
[04:47:48][PlayerBucketEmptyEvent]: used WATER_BUCKET on [world;-264;11;902]
[04:47:49][PlayerBucketFillEvent]: used BUCKET on [world;-264;11;902]
[04:47:51][PlayerBucketEmptyEvent]: used WATER_BUCKET on [world;-262;11;902]
[04:47:52][PlayerBucketFillEvent]: used BUCKET on [world;-262;11;902]
[04:51:30][PlayerBucketEmptyEvent]: used WATER_BUCKET on [world;-260;73;607]
[04:51:30][PlayerBucketFillEvent]: used BUCKET on [world;-260;73;607]
[04:58:09][AsyncPlayerChatEvent]: said t
[04:58:14][AsyncPlayerChatEvent]: said t
[04:58:20][AsyncPlayerChatEvent]: said t
[05:03:46][AsyncPlayerChatEvent]: said وسهلا
[05:05:28][AsyncPlayerChatEvent]: said ناموو
[05:06:16][PlayerInteractEvent]: right clicked minecraft:stone_button[face=wall,facing=east,powered=false] at [world;-365;65;486]
[05:06:46][PlayerInteractEvent]: right clicked minecraft:stone_button[face=wall,facing=west,powered=false] at [world;-367;65;489]
[05:08:18][PlayerInteractEvent]: right clicked minecraft:stone_button[face=wall,facing=east,powered=false] at [world;-365;65;486]
[05:08:54][AsyncPlayerChatEvent]: said فف
[05:09:04][PlayerInteractEvent]: right clicked minecraft:stone_button[face=wall,facing=east,powered=false] at [world;-365;65;486]
[05:10:12][PlayerInteractEvent]: right clicked minecraft:stone_button[face=wall,facing=west,powered=false] at [world;-367;65;486]
[05:10:20][PlayerInteractEvent]: right clicked minecraft:stone_button[face=wall,facing=east,powered=false] at [world;-365;65;486]
[05:10:24][PlayerInteractEvent]: right clicked minecraft:stone_button[face=wall,facing=east,powered=false] at [world;-365;65;486]
[05:12:20][PlayerInteractEvent]: right clicked minecraft:stone_button[face=wall,facing=east,powered=false] at [world;-365;65;486]
[05:13:01][PlayerInteractEvent]: right clicked minecraft:stone_button[face=wall,facing=west,powered=false] at [world;-367;65;489]
[05:13:02][PlayerInteractEvent]: right clicked minecraft:stone_button[face=wall,facing=west,powered=true] at [world;-367;65;489]
[05:13:05][PlayerInteractEvent]: right clicked minecraft:stone_button[face=wall,facing=west,powered=false] at [world;-367;65;489]
[05:13:14][PlayerInteractEvent]: right clicked minecraft:stone_button[face=wall,facing=east,powered=false] at [world;-365;65;489]
[05:13:26][PlayerInteractEvent]: right clicked minecraft:stone_button[face=wall,facing=east,powered=false] at [world;-365;65;486]
[05:13:37][PlayerInteractEvent]: right clicked minecraft:stone_button[face=wall,facing=west,powered=false] at [world;-367;65;486]
[05:15:36][PlayerBucketEmptyEvent]: used WATER_BUCKET on [world;-362;116;706]
[05:15:37][PlayerBucketFillEvent]: used BUCKET on [world;-362;116;706]
[05:15:44][PlayerBucketEmptyEvent]: used WATER_BUCKET on [world;-340;116;699]
[05:15:46][PlayerBucketFillEvent]: used BUCKET on [world;-338;115;699]
[05:17:44][PlayerInteractEvent]: right clicked minecraft:stone_button[face=wall,facing=east,powered=false] at [world;-365;65;486]
[05:17:52][PlayerInteractEvent]: right clicked minecraft:stone_button[face=wall,facing=west,powered=false] at [world;-367;65;489]
[05:18:57][PlayerBucketEmptyEvent]: used WATER_BUCKET on [world;-224;65;648]
[05:19:00][PlayerBucketFillEvent]: used BUCKET on [world;-225;70;647]
[05:23:15][PlayerBucketEmptyEvent]: used WATER_BUCKET on [world;-177;31;739]
[05:23:15][PlayerBucketFillEvent]: used BUCKET on [world;-178;31;739]
[05:23:38][PlayerBucketEmptyEvent]: used WATER_BUCKET on [world;-162;30;726]
[05:23:40][PlayerBucketFillEvent]: used BUCKET on [world;-162;30;726]
[05:29:09][PlayerBucketEmptyEvent]: used WATER_BUCKET on [world;-215;15;650]
[05:29:10][PlayerBucketFillEvent]: used BUCKET on [world;-215;15;650]
[05:30:04][AsyncPlayerChatEvent]: said tt
[05:30:09][AsyncPlayerChatEvent]: said tt
[05:31:52][AsyncPlayerChatEvent]: said t
[05:35:10][PlayerBucketEmptyEvent]: used WATER_BUCKET on [world;-345;68;543]
[05:35:10][PlayerBucketFillEvent]: used BUCKET on [world;-345;68;544]
[05:35:16][PlayerBucketEmptyEvent]: used WATER_BUCKET on [world;-337;68;547]
[05:35:20][PlayerBucketFillEvent]: used BUCKET on [world;-345;68;544]
[05:38:16][AsyncPlayerChatEvent]: said t
[05:43:27][PlayerBucketEmptyEvent]: used WATER_BUCKET on [world;-293;63;727]
[05:43:27][PlayerBucketFillEvent]: used BUCKET on [world;-293;63;727]
[05:49:11][PlayerBucketEmptyEvent]: used WATER_BUCKET on [world;-311;11;758]
[05:49:11][PlayerBucketFillEvent]: used BUCKET on [world;-311;11;758]
[05:49:19][PlayerBucketEmptyEvent]: used WATER_BUCKET on [world;-309;11;755]
[05:49:19][PlayerBucketFillEvent]: used BUCKET on [world;-309;11;755]
[05:49:38][PlayerBucketEmptyEvent]: used WATER_BUCKET on [world;-306;11;749]
[05:49:39][PlayerBucketFillEvent]: used BUCKET on [world;-306;11;749]
[05:49:46][PlayerBucketEmptyEvent]: used WATER_BUCKET on [world;-318;11;763]
[05:49:48][PlayerBucketFillEvent]: used BUCKET on [world;-318;11;763]
[05:49:51][PlayerBucketEmptyEvent]: used WATER_BUCKET on [world;-320;11;752]
[05:49:52][PlayerBucketFillEvent]: used BUCKET on [world;-320;11;752]
[05:51:44][PlayerBucketEmptyEvent]: used WATER_BUCKET on [world;-320;10;716]
[05:51:44][PlayerBucketFillEvent]: used BUCKET on [world;-320;10;716]
[06:05:00][PlayerBucketEmptyEvent]: used WATER_BUCKET on [world;-339;68;540]
[06:05:01][PlayerBucketFillEvent]: used BUCKET on [world;-339;68;540]
[06:05:42][PlayerInteractEvent]: right clicked minecraft:stone_button[face=wall,facing=east,powered=false] at [world;-365;65;486]
[06:05:49][PlayerInteractEvent]: right clicked minecraft:stone_button[face=wall,facing=west,powered=false] at [world;-367;65;489]
[06:06:40][PlayerInteractEvent]: right clicked minecraft:stone_button[face=wall,facing=east,powered=false] at [world;-365;65;486]
[06:07:01][PlayerInteractEvent]: right clicked minecraft:stone_button[face=wall,facing=west,powered=false] at [world;-367;65;489]
[06:08:51][PlayerBucketEmptyEvent]: used WATER_BUCKET on [world;-383;10;534]
[06:08:51][PlayerBucketFillEvent]: used BUCKET on [world;-383;10;534]
[06:18:41][AsyncPlayerChatEvent]: said tt
[06:18:50][AsyncPlayerChatEvent]: said t
[07:18:15][AsyncPlayerChatEvent]: said مهند
[07:18:26][AsyncPlayerChatEvent]: said تعال
[07:18:35][AsyncPlayerChatEvent]: said بيتي
[07:18:57][AsyncPlayerChatEvent]: said عند عبودي
[07:19:22][AsyncPlayerChatEvent]: said او انا بجيك
[07:20:10][AsyncPlayerChatEvent]: said يعني اجي ولا لا
[07:20:44][AsyncPlayerChatEvent]: said عايز وحدا
[07:21:09][AsyncPlayerChatEvent]: said زي الزباله
[07:21:18][AsyncPlayerChatEvent]: said ههههه
[07:21:25][AsyncPlayerChatEvent]: said ازاي
[07:23:03][AsyncPlayerChatEvent]: said مهند تعال عايز انزل كييف
[07:23:09][AsyncPlayerChatEvent]: said معاك
[07:23:29][AsyncPlayerChatEvent]: said اوك
[07:25:00][AsyncPlayerChatEvent]: said فف
[07:26:12][AsyncPlayerChatEvent]: said خلاص
[07:29:22][AsyncPlayerChatEvent]: said tt
[07:29:35][AsyncPlayerChatEvent]: said t
[07:29:58][PlayerInteractEvent]: right clicked minecraft:stone_button[face=wall,facing=south,powered=false] at [world;-604;72;690]
[07:30:46][PlayerBucketEmptyEvent]: used WATER_BUCKET on [world;-579;72;702]
[07:30:48][PlayerBucketFillEvent]: used BUCKET on [world;-578;72;703]
[07:32:11][AsyncPlayerChatEvent]: said مهنددد
[07:32:28][AsyncPlayerChatEvent]: said تعال
[07:32:36][AsyncPlayerChatEvent]: said ماشي
[07:38:09][AsyncPlayerChatEvent]: said tt
[07:38:42][AsyncPlayerChatEvent]: said ,hj
[07:38:45][AsyncPlayerChatEvent]: said هلا
[07:38:53][AsyncPlayerChatEvent]: said اوك
[07:39:33][AsyncPlayerChatEvent]: said اعمل pw علا ال اند
[07:39:54][AsyncPlayerChatEvent]: said tt
[07:40:09][AsyncPlayerChatEvent]: said tt
[07:40:19][PlayerBucketEmptyEvent]: used WATER_BUCKET on [world;-1270;11;1186]
[07:40:19][PlayerBucketFillEvent]: used BUCKET on [world;-1270;11;1186]
[07:40:58][AsyncPlayerChatEvent]: said مهند انت فين
[07:41:37][AsyncPlayerChatEvent]: said t
[07:46:04][PlayerBucketEmptyEvent]: used WATER_BUCKET on [world;-1279;80;1249]
[07:46:05][PlayerBucketFillEvent]: used BUCKET on [world;-1279;80;1249]
[07:46:08][PlayerBucketEmptyEvent]: used WATER_BUCKET on [world;-1279;80;1249]
[07:46:11][PlayerBucketFillEvent]: used BUCKET on [world;-1280;78;1247]
[07:47:07][AsyncPlayerChatEvent]: said tt
[07:47:28][PlayerBucketEmptyEvent]: used WATER_BUCKET on [world_the_end;96;52;0]
[07:47:42][PlayerBucketFillEvent]: used BUCKET on [world_the_end;99;49;0]
[07:47:42][PlayerBucketFillEvent]: used BUCKET on [world_the_end;98;50;0]
[07:48:20][AsyncPlayerChatEvent]: said t
[07:51:02][AsyncPlayerChatEvent]: said t
[07:55:26][AsyncPlayerChatEvent]: said t
[07:58:22][AsyncPlayerChatEvent]: said t
[08:16:58][AsyncPlayerChatEvent]: said tt
[08:17:03][AsyncPlayerChatEvent]: said t
[08:21:36][AsyncPlayerChatEvent]: said tt
[08:22:08][AsyncPlayerChatEvent]: said lolololo
[08:27:07][AsyncPlayerChatEvent]: said hkh uhd.
[08:27:12][AsyncPlayerChatEvent]: said انا عايز
[08:27:16][AsyncPlayerChatEvent]: said وحدا
[08:33:06][AsyncPlayerChatEvent]: said فف
[08:35:37][AsyncPlayerChatEvent]: said tt
[08:35:45][AsyncPlayerChatEvent]: said tt
[08:36:13][AsyncPlayerChatEvent]: said t
[08:40:53][AsyncPlayerChatEvent]: said ونبي وحدا
[08:41:02][AsyncPlayerChatEvent]: said انت كريم
[08:53:39][AsyncPlayerChatEvent]: said tt\
[08:55:13][AsyncPlayerChatEvent]: said tt
[08:55:20][AsyncPlayerChatEvent]: said t
[08:55:24][AsyncPlayerChatEvent]: said t
[08:56:27][AsyncPlayerChatEvent]: said tt
[08:56:36][AsyncPlayerChatEvent]: said t
[08:57:35][AsyncPlayerChatEvent]: said tt
[09:00:13][AsyncPlayerChatEvent]: said t
[09:00:31][AsyncPlayerChatEvent]: said tt
[09:02:27][AsyncPlayerChatEvent]: said t
[09:03:24][AsyncPlayerChatEvent]: said t
[09:03:39][AsyncPlayerChatEvent]: said t
[09:03:41][AsyncPlayerChatEvent]: said t
[09:04:22][PlayerInteractEvent]: right clicked minecraft:stone_button[face=wall,facing=east,powered=false] at [world;-365;65;486]
[09:04:56][PlayerInteractEvent]: right clicked minecraft:stone_button[face=wall,facing=east,powered=false] at [world;-365;65;486]
[09:04:58][PlayerInteractEvent]: right clicked minecraft:stone_button[face=wall,facing=east,powered=false] at [world;-365;65;486]
[09:05:01][PlayerInteractEvent]: right clicked minecraft:stone_button[face=wall,facing=east,powered=false] at [world;-365;65;486]
[09:05:03][PlayerInteractEvent]: right clicked minecraft:stone_button[face=wall,facing=east,powered=false] at [world;-365;65;486]
[09:05:04][PlayerInteractEvent]: right clicked minecraft:stone_button[face=wall,facing=east,powered=false] at [world;-365;65;486]
[09:05:05][PlayerInteractEvent]: right clicked minecraft:stone_button[face=wall,facing=east,powered=true] at [world;-365;65;486]
[09:05:05][PlayerInteractEvent]: right clicked minecraft:stone_button[face=wall,facing=east,powered=false] at [world;-365;65;486]
[09:05:05][PlayerInteractEvent]: right clicked minecraft:stone_button[face=wall,facing=east,powered=true] at [world;-365;65;486]
[09:05:06][PlayerInteractEvent]: right clicked minecraft:stone_button[face=wall,facing=east,powered=true] at [world;-365;65;486]
[09:05:06][PlayerInteractEvent]: right clicked minecraft:stone_button[face=wall,facing=east,powered=true] at [world;-365;65;486]
[09:05:06][PlayerInteractEvent]: right clicked minecraft:stone_button[face=wall,facing=east,powered=false] at [world;-365;65;486]
[09:05:06][PlayerInteractEvent]: right clicked minecraft:stone_button[face=wall,facing=east,powered=true] at [world;-365;65;486]
[09:05:06][PlayerInteractEvent]: right clicked minecraft:stone_button[face=wall,facing=east,powered=true] at [world;-365;65;486]
[09:05:07][PlayerInteractEvent]: right clicked minecraft:stone_button[face=wall,facing=east,powered=true] at [world;-365;65;486]
[09:05:07][PlayerInteractEvent]: right clicked minecraft:stone_button[face=wall,facing=east,powered=true] at [world;-365;65;486]
[09:05:07][PlayerInteractEvent]: right clicked minecraft:stone_button[face=wall,facing=east,powered=true] at [world;-365;65;486]
[09:05:07][PlayerInteractEvent]: right clicked minecraft:stone_button[face=wall,facing=east,powered=false] at [world;-365;65;486]
[09:05:07][PlayerInteractEvent]: right clicked minecraft:stone_button[face=wall,facing=east,powered=true] at [world;-365;65;486]
[09:05:08][PlayerInteractEvent]: right clicked minecraft:stone_button[face=wall,facing=east,powered=false] at [world;-365;65;486]
[09:05:08][PlayerInteractEvent]: right clicked minecraft:stone_button[face=wall,facing=east,powered=true] at [world;-365;65;486]
[09:05:08][PlayerInteractEvent]: right clicked minecraft:stone_button[face=wall,facing=east,powered=true] at [world;-365;65;486]
[09:05:09][PlayerInteractEvent]: right clicked minecraft:stone_button[face=wall,facing=east,powered=true] at [world;-365;65;486]
[09:05:09][PlayerInteractEvent]: right clicked minecraft:stone_button[face=wall,facing=east,powered=false] at [world;-365;65;486]
[09:05:09][PlayerInteractEvent]: right clicked minecraft:stone_button[face=wall,facing=east,powered=true] at [world;-365;65;486]
[09:05:09][PlayerInteractEvent]: right clicked minecraft:stone_button[face=wall,facing=east,powered=true] at [world;-365;65;486]
[09:05:10][PlayerInteractEvent]: right clicked minecraft:stone_button[face=wall,facing=east,powered=true] at [world;-365;65;486]
[09:05:10][PlayerInteractEvent]: right clicked minecraft:stone_button[face=wall,facing=east,powered=true] at [world;-365;65;486]
[09:05:10][PlayerInteractEvent]: right clicked minecraft:stone_button[face=wall,facing=east,powered=true] at [world;-365;65;486]
[09:05:10][PlayerInteractEvent]: right clicked minecraft:stone_button[face=wall,facing=east,powered=true] at [world;-365;65;486]
[09:05:10][PlayerInteractEvent]: right clicked minecraft:stone_button[face=wall,facing=east,powered=true] at [world;-365;65;486]
[09:05:10][PlayerInteractEvent]: right clicked minecraft:stone_button[face=wall,facing=east,powered=true] at [world;-365;65;486]
[09:05:10][PlayerInteractEvent]: right clicked minecraft:stone_button[face=wall,facing=east,powered=true] at [world;-365;65;486]
[09:05:11][PlayerInteractEvent]: right clicked minecraft:stone_button[face=wall,facing=east,powered=false] at [world;-365;65;486]
[09:05:11][PlayerInteractEvent]: right clicked minecraft:stone_button[face=wall,facing=east,powered=true] at [world;-365;65;486]
[09:05:11][PlayerInteractEvent]: right clicked minecraft:stone_button[face=wall,facing=east,powered=true] at [world;-365;65;486]
[09:05:11][PlayerInteractEvent]: right clicked minecraft:stone_button[face=wall,facing=east,powered=true] at [world;-365;65;486]
[09:05:11][PlayerInteractEvent]: right clicked minecraft:stone_button[face=wall,facing=east,powered=true] at [world;-365;65;486]
[09:05:11][PlayerInteractEvent]: right clicked minecraft:stone_button[face=wall,facing=east,powered=true] at [world;-365;65;486]
[09:05:12][PlayerInteractEvent]: right clicked minecraft:stone_button[face=wall,facing=east,powered=true] at [world;-365;65;486]
[09:05:12][PlayerInteractEvent]: right clicked minecraft:stone_button[face=wall,facing=east,powered=true] at [world;-365;65;486]
[09:05:12][PlayerInteractEvent]: right clicked minecraft:stone_button[face=wall,facing=east,powered=true] at [world;-365;65;486]
[09:05:12][PlayerInteractEvent]: right clicked minecraft:stone_button[face=wall,facing=east,powered=true] at [world;-365;65;486]
[09:05:12][PlayerInteractEvent]: right clicked minecraft:stone_button[face=wall,facing=east,powered=false] at [world;-365;65;486]
[09:05:13][PlayerInteractEvent]: right clicked minecraft:stone_button[face=wall,facing=east,powered=true] at [world;-365;65;486]
[09:05:15][PlayerInteractEvent]: right clicked minecraft:stone_button[face=wall,facing=east,powered=false] at [world;-365;65;486]
[09:06:46][AsyncPlayerChatEvent]: said tt
[09:07:06][AsyncPlayerChatEvent]: said t
[09:07:32][AsyncPlayerChatEvent]: said عايز صوريك عشان اطير يا مهند
[09:10:07][AsyncPlayerChatEvent]: said WHAT
[09:10:16][AsyncPlayerChatEvent]: said مهند
[09:10:36][AsyncPlayerChatEvent]: said عايز صولريخ
[09:13:58][AsyncPlayerChatEvent]: said tt
[09:16:45][AsyncPlayerChatEvent]: said sleep
[09:17:23][AsyncPlayerChatEvent]: said slepp
[09:17:51][AsyncPlayerChatEvent]: said ايه
[09:18:37][AsyncPlayerChatEvent]: said abodymnms وات
[09:19:41][AsyncPlayerChatEvent]: said نام يا ملجلج
[09:26:08][AsyncPlayerChatEvent]: said مهند
[09:27:00][AsyncPlayerChatEvent]: said t
[09:28:17][AsyncPlayerChatEvent]: said t
[09:28:26][AsyncPlayerChatEvent]: said t
[09:28:31][AsyncPlayerChatEvent]: said t
[09:29:34][AsyncPlayerChatEvent]: said t
[09:30:21][AsyncPlayerChatEvent]: said t
[09:32:58][AsyncPlayerChatEvent]: said مهند
[09:33:18][AsyncPlayerChatEvent]: said ممكن تيجي سنيا الرسبون
[09:34:22][AsyncPlayerChatEvent]: said ماشي ولا لا
[09:35:20][AsyncPlayerChatEvent]: said مهند
[09:35:57][AsyncPlayerChatEvent]: said عايز ابني فوق
[09:36:54][AsyncPlayerChatEvent]: said عيز اخز المكان دا
[09:37:04][AsyncPlayerChatEvent]: said اكسر فيه برحتي
[09:40:09][AsyncPlayerChatEvent]: said تعال مهند
[09:40:49][AsyncPlayerChatEvent]: said شوف
[09:41:07][AsyncPlayerChatEvent]: said للبيع
[09:41:37][AsyncPlayerChatEvent]: said تشتري
[09:42:27][AsyncPlayerChatEvent]: said تشتري ولا لا
[09:45:41][AsyncPlayerChatEvent]: said انا
[09:45:53][AsyncPlayerChatEvent]: said بلعب
[09:46:01][AsyncPlayerChatEvent]: said تعال السبون
[09:46:38][AsyncPlayerChatEvent]: said او انا جاي
[09:48:12][AsyncPlayerChatEvent]: said h,; hkh [hd
[09:48:19][AsyncPlayerChatEvent]: said انا جاي
[09:48:30][AsyncPlayerChatEvent]: said هههههههههههه
[09:48:57][AsyncPlayerChatEvent]: said فين احدثياتك
[09:50:58][AsyncPlayerChatEvent]: said t
[09:51:10][AsyncPlayerChatEvent]: said انت فين
[09:51:17][AsyncPlayerChatEvent]: said ههههههه
[09:51:23][AsyncPlayerChatEvent]: said بنج وهمي
[09:52:19][AsyncPlayerChatEvent]: said تعال الدسكورد
[09:52:31][AsyncPlayerChatEvent]: said تعال الروم الي انا فيه
[10:11:03][AsyncPlayerChatEvent]: said t
[10:14:58][PlayerBucketFillEvent]: used BUCKET on [world;-351;64;495]
[10:17:12][AsyncPlayerChatEvent]: said مش عندك صوت
[10:30:43][AsyncPlayerChatEvent]: said t
[10:31:29][AsyncPlayerChatEvent]: said pwarp set BBBB
[10:37:45][AsyncPlayerChatEvent]: said t
[10:38:17][AsyncPlayerChatEvent]: said t
[10:48:54][PlayerInteractEvent]: right clicked minecraft:stone_button[face=wall,facing=east,powered=false] at [world;-365;65;486]
[10:49:05][PlayerInteractEvent]: right clicked minecraft:stone_button[face=wall,facing=west,powered=false] at [world;-367;65;489]
[10:49:41][PlayerInteractEvent]: right clicked minecraft:stone_button[face=wall,facing=east,powered=false] at [world;-365;65;486]
[10:49:42][PlayerInteractEvent]: right clicked minecraft:stone_button[face=wall,facing=east,powered=false] at [world;-365;65;486]
[10:49:43][PlayerInteractEvent]: right clicked minecraft:stone_button[face=wall,facing=east,powered=true] at [world;-365;65;486]
[10:49:45][PlayerInteractEvent]: right clicked minecraft:stone_button[face=wall,facing=east,powered=false] at [world;-365;65;486]
[10:49:52][PlayerInteractEvent]: right clicked minecraft:stone_button[face=wall,facing=west,powered=false] at [world;-367;65;486]
[10:55:25][AsyncPlayerChatEvent]: said t
[10:55:34][AsyncPlayerChatEvent]: said t
[10:55:40][AsyncPlayerChatEvent]: said t
[11:02:08][AsyncPlayerChatEvent]: said t
[11:02:47][PlayerBucketFillEvent]: used BUCKET on [world;-417;18;743]
[11:05:01][PlayerBucketEmptyEvent]: used WATER_BUCKET on [world;-392;11;680]
[11:05:02][PlayerBucketFillEvent]: used BUCKET on [world;-392;11;680]
[11:05:30][PlayerBucketEmptyEvent]: used WATER_BUCKET on [world;-389;11;682]
[11:05:31][PlayerBucketFillEvent]: used BUCKET on [world;-389;11;682]
[11:08:26][PlayerBucketEmptyEvent]: used WATER_BUCKET on [world;-392;21;744]
[11:08:27][PlayerBucketFillEvent]: used BUCKET on [world;-392;21;744]
[11:09:26][PlayerBucketEmptyEvent]: used WATER_BUCKET on [world;-390;20;740]
[11:09:27][PlayerBucketFillEvent]: used BUCKET on [world;-390;20;740]
[11:09:39][PlayerBucketEmptyEvent]: used WATER_BUCKET on [world;-387;20;739]
[11:09:39][PlayerBucketFillEvent]: used BUCKET on [world;-387;20;739]
[11:16:16][PlayerBucketEmptyEvent]: used WATER_BUCKET on [world;-415;11;894]
[11:16:16][PlayerBucketFillEvent]: used BUCKET on [world;-415;11;894]
[11:16:19][PlayerBucketEmptyEvent]: used WATER_BUCKET on [world;-413;11;895]
[11:16:19][PlayerBucketFillEvent]: used BUCKET on [world;-413;11;895]
[11:16:23][PlayerBucketEmptyEvent]: used WATER_BUCKET on [world;-408;11;896]
[11:16:24][PlayerBucketFillEvent]: used BUCKET on [world;-408;11;897]
[11:16:26][PlayerBucketEmptyEvent]: used WATER_BUCKET on [world;-404;11;899]
[11:16:26][PlayerBucketFillEvent]: used BUCKET on [world;-403;11;899]
[11:16:29][PlayerBucketEmptyEvent]: used WATER_BUCKET on [world;-400;11;901]
[11:16:30][PlayerBucketFillEvent]: used BUCKET on [world;-400;11;901]
[11:16:37][PlayerBucketEmptyEvent]: used WATER_BUCKET on [world;-395;11;903]
[11:16:37][PlayerBucketFillEvent]: used BUCKET on [world;-395;11;903]
[11:16:40][PlayerBucketEmptyEvent]: used WATER_BUCKET on [world;-391;11;904]
[11:16:41][PlayerBucketFillEvent]: used BUCKET on [world;-391;11;904]
[11:16:43][PlayerBucketEmptyEvent]: used WATER_BUCKET on [world;-386;11;906]
[11:16:44][PlayerBucketFillEvent]: used BUCKET on [world;-386;11;906]
[11:16:46][PlayerBucketEmptyEvent]: used WATER_BUCKET on [world;-380;11;906]
[11:16:47][PlayerBucketFillEvent]: used BUCKET on [world;-380;11;906]
[11:18:43][PlayerBucketEmptyEvent]: used WATER_BUCKET on [world;-360;12;912]
[11:18:45][PlayerBucketFillEvent]: used BUCKET on [world;-360;11;912]
[11:18:52][PlayerBucketEmptyEvent]: used WATER_BUCKET on [world;-365;11;910]
[11:18:52][PlayerBucketFillEvent]: used BUCKET on [world;-365;11;910]
[11:31:50][AsyncPlayerChatEvent]: said tt
[11:34:05][AsyncPlayerChatEvent]: said t
[11:34:11][AsyncPlayerChatEvent]: said t
[11:35:29][PlayerBucketEmptyEvent]: used WATER_BUCKET on [world;-413;10;899]
[11:35:30][PlayerBucketFillEvent]: used BUCKET on [world;-413;10;899]
[11:35:31][PlayerBucketEmptyEvent]: used WATER_BUCKET on [world;-413;10;899]
[11:35:32][PlayerBucketFillEvent]: used BUCKET on [world;-413;10;899]
[11:38:30][PlayerBucketEmptyEvent]: used WATER_BUCKET on [world;-414;11;950]
[11:38:30][PlayerBucketFillEvent]: used BUCKET on [world;-414;11;950]
[11:38:34][PlayerBucketEmptyEvent]: used WATER_BUCKET on [world;-413;10;954]
[11:38:34][PlayerBucketFillEvent]: used BUCKET on [world;-413;10;954]
[11:38:36][PlayerBucketEmptyEvent]: used WATER_BUCKET on [world;-414;10;954]
[11:38:37][PlayerBucketFillEvent]: used BUCKET on [world;-414;10;955]
[11:39:41][PlayerBucketEmptyEvent]: used WATER_BUCKET on [world;-420;11;979]
[11:39:42][PlayerBucketFillEvent]: used BUCKET on [world;-420;11;979]
[11:42:26][PlayerBucketEmptyEvent]: used WATER_BUCKET on [world;-305;43;973]
[11:42:27][PlayerBucketFillEvent]: used BUCKET on [world;-305;43;973]
[11:46:28][PlayerBucketEmptyEvent]: used WATER_BUCKET on [world;-264;11;984]
[11:46:29][PlayerBucketFillEvent]: used BUCKET on [world;-262;11;984]
[11:46:31][PlayerBucketEmptyEvent]: used WATER_BUCKET on [world;-258;11;984]
[11:46:32][PlayerBucketFillEvent]: used BUCKET on [world;-257;11;984]
[11:46:34][PlayerBucketEmptyEvent]: used WATER_BUCKET on [world;-254;11;983]
[11:46:35][PlayerBucketFillEvent]: used BUCKET on [world;-254;11;983]
[11:46:37][PlayerBucketEmptyEvent]: used WATER_BUCKET on [world;-255;11;987]
[11:46:38][PlayerBucketFillEvent]: used BUCKET on [world;-255;11;987]
[11:46:40][PlayerBucketEmptyEvent]: used WATER_BUCKET on [world;-257;11;981]
[11:46:40][PlayerBucketFillEvent]: used BUCKET on [world;-257;11;981]
[11:46:46][PlayerBucketEmptyEvent]: used WATER_BUCKET on [world;-261;11;979]
[11:46:47][PlayerBucketFillEvent]: used BUCKET on [world;-261;11;979]
[11:46:49][PlayerBucketEmptyEvent]: used WATER_BUCKET on [world;-264;11;976]
[11:46:50][PlayerBucketFillEvent]: used BUCKET on [world;-264;11;976]
[11:46:52][PlayerBucketEmptyEvent]: used WATER_BUCKET on [world;-267;11;973]
[11:46:53][PlayerBucketFillEvent]: used BUCKET on [world;-267;11;973]
[11:51:53][PlayerBucketEmptyEvent]: used WATER_BUCKET on [world;-292;11;980]
[11:51:54][PlayerBucketFillEvent]: used BUCKET on [world;-292;11;980]
[11:51:56][PlayerBucketEmptyEvent]: used WATER_BUCKET on [world;-295;11;982]
[11:51:57][PlayerBucketFillEvent]: used BUCKET on [world;-295;11;982]
[11:52:00][PlayerBucketEmptyEvent]: used WATER_BUCKET on [world;-297;11;984]
[11:52:00][PlayerBucketFillEvent]: used BUCKET on [world;-297;11;984]
[11:54:27][PlayerBucketEmptyEvent]: used WATER_BUCKET on [world;-259;21;976]
[11:54:28][PlayerBucketFillEvent]: used BUCKET on [world;-259;21;976]
[11:56:21][PlayerBucketEmptyEvent]: used WATER_BUCKET on [world;-278;43;968]
[12:03:34][AsyncPlayerChatEvent]: said tt
[12:04:19][AsyncPlayerChatEvent]: said tt
[12:07:04][PlayerBucketFillEvent]: used BUCKET on [world;-335;67;547]
[12:10:33][PlayerInteractEvent]: right clicked minecraft:stone_button[face=wall,facing=south,powered=false] at [world;-604;72;690]
[12:10:41][AsyncPlayerChatEvent]: said t
[12:11:01][AsyncPlayerChatEvent]: said tt
[12:11:13][AsyncPlayerChatEvent]: said tt
[12:11:42][AsyncPlayerChatEvent]: said t
[12:11:52][AsyncPlayerChatEvent]: said tt
[12:12:50][PlayerInteractEvent]: right clicked minecraft:stone_button[face=wall,facing=south,powered=false] at [world;-604;72;690]
[12:12:54][PlayerInteractEvent]: right clicked minecraft:stone_button[face=wall,facing=south,powered=true] at [world;-604;72;690]
[12:13:02][PlayerInteractEvent]: right clicked minecraft:stone_button[face=wall,facing=south,powered=false] at [world;-604;72;690]
[12:13:07][PlayerInteractEvent]: right clicked minecraft:stone_button[face=wall,facing=south,powered=false] at [world;-604;72;690]
[12:13:11][PlayerInteractEvent]: right clicked minecraft:stone_button[face=wall,facing=south,powered=false] at [world;-604;72;690]
[12:13:22][PlayerInteractEvent]: right clicked minecraft:stone_button[face=wall,facing=south,powered=false] at [world;-604;72;690]
[12:13:29][PlayerInteractEvent]: right clicked minecraft:stone_button[face=wall,facing=south,powered=false] at [world;-604;72;690]
[12:13:36][PlayerInteractEvent]: right clicked minecraft:stone_button[face=wall,facing=south,powered=false] at [world;-604;72;690]
[12:32:06][AsyncPlayerChatEvent]: said t
[12:40:59][AsyncPlayerChatEvent]: said t
[12:43:30][AsyncPlayerChatEvent]: said tt
[12:53:41][AsyncPlayerChatEvent]: said t
[12:53:45][AsyncPlayerChatEvent]: said t
[12:53:55][AsyncPlayerChatEvent]: said t
[12:54:27][AsyncPlayerChatEvent]: said t
[12:54:32][AsyncPlayerChatEvent]: said t
[12:59:10][AsyncPlayerChatEvent]: said tt
[12:59:13][AsyncPlayerChatEvent]: said t
[13:22:10][AsyncPlayerChatEvent]: said tt
[13:22:12][AsyncPlayerChatEvent]: said t
[13:22:27][AsyncPlayerChatEvent]: said t
[13:22:33][AsyncPlayerChatEvent]: said t
[13:23:15][AsyncPlayerChatEvent]: said t
[13:23:53][AsyncPlayerChatEvent]: said tt
[13:25:31][AsyncPlayerChatEvent]: said t
[13:26:38][AsyncPlayerChatEvent]: said t
[19:41:52][AsyncPlayerChatEvent]: said t
[19:55:58][AsyncPlayerChatEvent]: said t
[19:56:01][AsyncPlayerChatEvent]: said t
[20:09:17][AsyncPlayerChatEvent]: said t
[20:16:06][PlayerBucketFillEvent]: used BUCKET on [world;-137;21;189]
[20:16:21][PlayerBucketEmptyEvent]: used WATER_BUCKET on [world;-126;11;186]
[20:16:21][PlayerBucketFillEvent]: used BUCKET on [world;-126;11;186]
[20:16:24][PlayerBucketEmptyEvent]: used WATER_BUCKET on [world;-123;11;186]
[20:16:24][PlayerBucketFillEvent]: used BUCKET on [world;-122;11;185]
[20:16:26][PlayerBucketEmptyEvent]: used WATER_BUCKET on [world;-120;11;185]
[20:16:27][PlayerBucketFillEvent]: used BUCKET on [world;-120;11;184]
[20:16:29][PlayerBucketEmptyEvent]: used WATER_BUCKET on [world;-117;11;183]
[20:16:30][PlayerBucketFillEvent]: used BUCKET on [world;-117;11;183]
[20:16:32][PlayerBucketEmptyEvent]: used WATER_BUCKET on [world;-112;11;180]
[20:16:33][PlayerBucketFillEvent]: used BUCKET on [world;-112;11;179]
[20:16:35][PlayerBucketEmptyEvent]: used WATER_BUCKET on [world;-110;11;180]
[20:16:35][PlayerBucketFillEvent]: used BUCKET on [world;-110;11;180]
[20:16:37][PlayerBucketEmptyEvent]: used WATER_BUCKET on [world;-113;11;183]
[20:16:37][PlayerBucketFillEvent]: used BUCKET on [world;-113;11;183]
[20:16:38][PlayerBucketEmptyEvent]: used WATER_BUCKET on [world;-112;11;183]
[20:16:38][PlayerBucketFillEvent]: used BUCKET on [world;-112;11;184]
[20:16:41][PlayerBucketEmptyEvent]: used WATER_BUCKET on [world;-109;11;178]
[20:16:42][PlayerBucketFillEvent]: used BUCKET on [world;-109;11;178]
[20:16:44][PlayerBucketEmptyEvent]: used WATER_BUCKET on [world;-107;11;173]
[20:16:47][PlayerBucketFillEvent]: used BUCKET on [world;-107;11;173]
[20:16:49][PlayerBucketEmptyEvent]: used WATER_BUCKET on [world;-106;11;169]
[20:16:50][PlayerBucketFillEvent]: used BUCKET on [world;-106;11;169]
[20:17:48][PlayerBucketEmptyEvent]: used WATER_BUCKET on [world;-109;11;163]
[20:17:49][PlayerBucketFillEvent]: used BUCKET on [world;-109;11;163]
[20:18:54][PlayerBucketEmptyEvent]: used WATER_BUCKET on [world;-101;11;178]
[20:18:59][PlayerBucketFillEvent]: used BUCKET on [world;-101;11;178]
[20:19:36][PlayerBucketEmptyEvent]: used WATER_BUCKET on [world;-121;11;230]
[20:19:36][PlayerBucketFillEvent]: used BUCKET on [world;-121;11;230]
[20:19:38][PlayerBucketEmptyEvent]: used WATER_BUCKET on [world;-121;11;230]
[20:19:39][PlayerBucketFillEvent]: used BUCKET on [world;-121;11;230]
[20:20:09][PlayerBucketEmptyEvent]: used WATER_BUCKET on [world;-115;11;246]
[20:20:13][PlayerBucketFillEvent]: used BUCKET on [world;-115;11;246]
[20:20:49][PlayerBucketEmptyEvent]: used WATER_BUCKET on [world;-107;11;251]
[20:20:51][PlayerBucketFillEvent]: used BUCKET on [world;-107;11;251]
[20:20:53][PlayerBucketEmptyEvent]: used WATER_BUCKET on [world;-110;11;253]
[20:20:54][PlayerBucketFillEvent]: used BUCKET on [world;-110;11;253]
[20:23:44][PlayerBucketEmptyEvent]: used WATER_BUCKET on [world;-83;11;182]
[20:23:45][PlayerBucketFillEvent]: used BUCKET on [world;-83;11;182]
[20:25:23][PlayerBucketEmptyEvent]: used WATER_BUCKET on [world;-113;10;246]
[20:25:48][PlayerBucketFillEvent]: used BUCKET on [world;-112;10;246]
[20:26:31][PlayerBucketEmptyEvent]: used WATER_BUCKET on [world;-123;13;239]
[20:26:32][PlayerBucketFillEvent]: used BUCKET on [world;-123;13;239]
[20:32:30][AsyncPlayerChatEvent]: said tt
[20:32:33][AsyncPlayerChatEvent]: said tt
[20:33:17][PlayerBucketEmptyEvent]: used WATER_BUCKET on [world;-245;11;203]
[20:33:17][PlayerBucketFillEvent]: used BUCKET on [world;-245;11;203]
[20:46:53][AsyncPlayerChatEvent]: said t
[20:49:57][AsyncPlayerChatEvent]: said فف
[20:49:57][AsyncPlayerChatEvent]: said t
[20:49:59][AsyncPlayerChatEvent]: said tt
[20:52:47][AsyncPlayerChatEvent]: said tt
[20:52:56][AsyncPlayerChatEvent]: said tt
[20:53:59][AsyncPlayerChatEvent]: said t
[20:54:21][AsyncPlayerChatEvent]: said t
[20:59:03][AsyncPlayerChatEvent]: said t
[21:05:24][AsyncPlayerChatEvent]: said marwan
[21:21:47][AsyncPlayerChatEvent]: said tt
[21:35:21][AsyncPlayerChatEvent]: said ف
[21:35:24][AsyncPlayerChatEvent]: said فف
[21:35:28][AsyncPlayerChatEvent]: said فف
[21:35:40][AsyncPlayerChatEvent]: said tt
[21:35:44][AsyncPlayerChatEvent]: said tt
[21:35:49][AsyncPlayerChatEvent]: said tt
[21:35:50][AsyncPlayerChatEvent]: said tt
[21:35:51][AsyncPlayerChatEvent]: said t
[21:36:53][AsyncPlayerChatEvent]: said t
[21:37:03][AsyncPlayerChatEvent]: said t
[21:37:07][AsyncPlayerChatEvent]: said tt
[21:37:08][AsyncPlayerChatEvent]: said t
[21:37:15][AsyncPlayerChatEvent]: said t
[22:50:34][AsyncPlayerChatEvent]: said tt
[22:50:39][AsyncPlayerChatEvent]: said tt
[22:50:43][AsyncPlayerChatEvent]: said t
[22:53:46][AsyncPlayerChatEvent]: said t
[23:09:24][AsyncPlayerChatEvent]: said يلعن ابو دا نور
[23:09:47][AsyncPlayerChatEvent]: said قطع
[23:10:14][AsyncPlayerChatEvent]: said انا عملت وارب علا بيتي
[23:10:39][AsyncPlayerChatEvent]: said اوف
[23:10:54][AsyncPlayerChatEvent]: said احا
[23:11:15][AsyncPlayerChatEvent]: said ههههه
[23:11:23][AsyncPlayerChatEvent]: said من النزر
[23:11:37][AsyncPlayerChatEvent]: said تعال
[23:12:18][AsyncPlayerChatEvent]: said اوك
[23:12:26][AsyncPlayerChatEvent]: said اصبر
[23:12:31][AsyncPlayerChatEvent]: said انا لا
[23:12:41][AsyncPlayerChatEvent]: said تعال السرفر
[23:13:01][AsyncPlayerChatEvent]: said الي انا فيه
[23:36:06][AsyncPlayerChatEvent]: said tt
[23:36:19][AsyncPlayerChatEvent]: said t
[23:49:14][AsyncPlayerChatEvent]: said t
[23:51:07][AsyncPlayerChatEvent]: said Gh
[23:51:11][AsyncPlayerChatEvent]: said no
[23:51:25][AsyncPlayerChatEvent]: said اخرج وي ادخل
[23:57:01][AsyncPlayerChatEvent]: said t
