[00:30:34][AsyncPlayerChatEvent]: said t
[00:30:55][AsyncPlayerChatEvent]: said t
[01:19:26][AsyncPlayerChatEvent]: said t
[01:19:32][AsyncPlayerChatEvent]: said t
[01:34:50][PlayerInteractEvent]: right clicked minecraft:stone_button[face=wall,facing=south,powered=false] at [world;-347;57;549]
[01:36:04][AsyncPlayerChatEvent]: said نعم
[01:38:09][AsyncPlayerChatEvent]: said t
[01:40:10][AsyncPlayerChatEvent]: said pw set MARWA
[01:48:56][AsyncPlayerChatEvent]: said -162 67 283
[01:57:50][PlayerBucketEmptyEvent]: used WATER_BUCKET on [world;-460;12;-382]
[01:57:50][PlayerBucketFillEvent]: used BUCKET on [world;-460;12;-382]
[01:57:52][PlayerBucketEmptyEvent]: used WATER_BUCKET on [world;-464;11;-384]
[01:57:53][PlayerBucketFillEvent]: used BUCKET on [world;-464;11;-384]
[01:57:54][PlayerBucketEmptyEvent]: used WATER_BUCKET on [world;-466;11;-385]
[01:57:55][PlayerBucketFillEvent]: used BUCKET on [world;-467;11;-385]
[01:57:57][PlayerBucketEmptyEvent]: used WATER_BUCKET on [world;-469;11;-387]
[01:57:58][PlayerBucketFillEvent]: used BUCKET on [world;-469;11;-387]
[01:58:00][PlayerBucketEmptyEvent]: used WATER_BUCKET on [world;-471;11;-387]
[01:58:00][PlayerBucketFillEvent]: used BUCKET on [world;-470;11;-386]
[01:58:51][PlayerBucketEmptyEvent]: used WATER_BUCKET on [world;-463;14;-402]
[01:58:51][PlayerBucketFillEvent]: used BUCKET on [world;-463;14;-402]
[01:58:53][PlayerBucketEmptyEvent]: used WATER_BUCKET on [world;-463;14;-401]
[01:58:54][PlayerBucketFillEvent]: used BUCKET on [world;-463;14;-401]
[01:59:16][PlayerBucketEmptyEvent]: used WATER_BUCKET on [world;-458;11;-416]
[01:59:17][PlayerBucketFillEvent]: used BUCKET on [world;-457;11;-417]
[01:59:19][PlayerBucketEmptyEvent]: used WATER_BUCKET on [world;-459;11;-417]
[01:59:19][PlayerBucketFillEvent]: used BUCKET on [world;-459;11;-417]
[02:00:01][PlayerBucketEmptyEvent]: used WATER_BUCKET on [world;-465;11;-420]
[02:00:02][PlayerBucketFillEvent]: used BUCKET on [world;-465;11;-420]
[02:00:04][PlayerBucketEmptyEvent]: used WATER_BUCKET on [world;-466;11;-423]
[02:00:05][PlayerBucketFillEvent]: used BUCKET on [world;-467;11;-423]
[02:00:08][PlayerBucketEmptyEvent]: used WATER_BUCKET on [world;-468;11;-428]
[02:00:08][PlayerBucketFillEvent]: used BUCKET on [world;-468;11;-428]
[02:00:10][PlayerBucketEmptyEvent]: used WATER_BUCKET on [world;-467;11;-433]
[02:00:11][PlayerBucketFillEvent]: used BUCKET on [world;-467;11;-433]
[02:00:14][PlayerBucketEmptyEvent]: used WATER_BUCKET on [world;-463;11;-435]
[02:00:14][PlayerBucketFillEvent]: used BUCKET on [world;-462;11;-435]
[02:00:17][PlayerBucketEmptyEvent]: used WATER_BUCKET on [world;-458;11;-434]
[02:00:18][PlayerBucketFillEvent]: used BUCKET on [world;-458;11;-434]
[02:01:04][PlayerBucketEmptyEvent]: used WATER_BUCKET on [world;-428;12;-442]
[02:01:04][PlayerBucketFillEvent]: used BUCKET on [world;-428;12;-442]
[02:01:13][PlayerBucketEmptyEvent]: used WATER_BUCKET on [world;-433;11;-413]
[02:01:14][PlayerBucketFillEvent]: used BUCKET on [world;-433;11;-413]
[02:01:16][PlayerBucketEmptyEvent]: used WATER_BUCKET on [world;-431;11;-410]
[02:01:16][PlayerBucketFillEvent]: used BUCKET on [world;-430;11;-409]
[02:01:18][PlayerBucketEmptyEvent]: used WATER_BUCKET on [world;-428;11;-405]
[02:01:19][PlayerBucketFillEvent]: used BUCKET on [world;-428;11;-405]
[02:01:20][PlayerBucketEmptyEvent]: used WATER_BUCKET on [world;-427;11;-402]
[02:01:21][PlayerBucketFillEvent]: used BUCKET on [world;-427;11;-402]
[02:02:00][PlayerBucketEmptyEvent]: used WATER_BUCKET on [world;-406;15;-427]
[02:02:00][PlayerBucketFillEvent]: used BUCKET on [world;-406;15;-428]
[02:02:23][PlayerBucketEmptyEvent]: used WATER_BUCKET on [world;-379;11;-458]
[02:02:23][PlayerBucketFillEvent]: used BUCKET on [world;-379;11;-458]
[02:04:47][PlayerBucketEmptyEvent]: used WATER_BUCKET on [world;-382;11;-511]
[02:04:47][PlayerBucketFillEvent]: used BUCKET on [world;-382;11;-511]
[02:04:49][PlayerBucketEmptyEvent]: used WATER_BUCKET on [world;-378;11;-512]
[02:04:50][PlayerBucketFillEvent]: used BUCKET on [world;-377;11;-512]
[02:05:01][PlayerBucketEmptyEvent]: used WATER_BUCKET on [world;-372;11;-508]
[02:05:02][PlayerBucketFillEvent]: used BUCKET on [world;-372;11;-508]
[02:05:04][PlayerBucketEmptyEvent]: used WATER_BUCKET on [world;-372;11;-506]
[02:05:05][PlayerBucketFillEvent]: used BUCKET on [world;-372;11;-505]
[02:05:57][PlayerBucketEmptyEvent]: used WATER_BUCKET on [world;-420;12;-485]
[02:05:57][PlayerBucketFillEvent]: used BUCKET on [world;-420;12;-485]
[02:06:00][PlayerBucketEmptyEvent]: used WATER_BUCKET on [world;-418;11;-488]
[02:06:00][PlayerBucketFillEvent]: used BUCKET on [world;-418;11;-488]
[02:07:08][PlayerBucketEmptyEvent]: used WATER_BUCKET on [world;-403;19;-503]
[02:07:09][PlayerBucketFillEvent]: used BUCKET on [world;-403;19;-503]
[02:08:15][PlayerBucketEmptyEvent]: used WATER_BUCKET on [world;-391;15;-494]
[02:08:15][PlayerBucketFillEvent]: used BUCKET on [world;-391;15;-494]
[02:09:29][PlayerBucketEmptyEvent]: used WATER_BUCKET on [world;-410;11;-476]
[02:09:29][PlayerBucketFillEvent]: used BUCKET on [world;-410;11;-475]
[03:14:50][AsyncPlayerChatEvent]: said t
[03:20:09][PlayerBucketEmptyEvent]: used WATER_BUCKET on [world;-343;59;550]
[03:20:10][PlayerBucketFillEvent]: used BUCKET on [world;-343;60;550]
[03:20:12][PlayerBucketEmptyEvent]: used WATER_BUCKET on [world;-343;60;550]
[03:29:30][PlayerInteractEvent]: right clicked minecraft:oak_button[face=ceiling,facing=north,powered=false] at [world;-254;65;538]
[03:30:12][PlayerInteractEvent]: right clicked minecraft:oak_button[face=ceiling,facing=north,powered=false] at [world;-254;65;538]
[03:31:45][PlayerInteractEvent]: right clicked minecraft:oak_button[face=ceiling,facing=north,powered=false] at [world;-253;65;538]
