#
# There is insufficient memory for the Java Runtime Environment to continue.
# Native memory allocation (mmap) failed to map 3221225472 bytes for committing reserved memory.
# Possible reasons:
#   The system is out of physical RAM or swap space
#   The process is running with CompressedOops enabled, and the Java Heap may be blocking the growth of the native heap
# Possible solutions:
#   Reduce memory load on the system
#   Increase physical memory or swap space
#   Check if swap backing store is full
#   Decrease Java heap size (-Xmx/-Xms)
#   Decrease number of Java threads
#   Decrease Java thread stack sizes (-Xss)
#   Set larger code cache with -XX:ReservedCodeCacheSize=
#   JVM is running with Zero Based Compressed Oops mode in which the Java heap is
#     placed in the first 32GB address space. The Java Heap base address is the
#     maximum limit for the native heap growth. Please use -XX:HeapBaseMinAddress
#     to set the Java Heap base and to place the Java Heap above 32GB virtual address.
# This output file may be truncated or incomplete.
#
#  Out of Memory Error (os_linux.cpp:2977), pid=28560, tid=28561
#
# JRE version:  (15.0.1+9) (build )
# Java VM: Java HotSpot(TM) 64-Bit Server VM (15.0.1+9-18, mixed mode, sharing, tiered, compressed oops, g1 gc, linux-amd64)
# No core dump will be written. Core dumps have been disabled. To enable core dumping, try "ulimit -c unlimited" before starting Java again
#

---------------  S U M M A R Y ------------

Command Line: -Xms3G -Xmx3G -XX:+UseG1GC -XX:+ParallelRefProcEnabled -XX:MaxGCPauseMillis=200 -XX:+UnlockExperimentalVMOptions -XX:+DisableExplicitGC -XX:+AlwaysPreTouch -XX:G1NewSizePercent=30 -XX:G1MaxNewSizePercent=40 -XX:G1HeapRegionSize=8M -XX:G1ReservePercent=20 -XX:G1HeapWastePercent=5 -XX:G1MixedGCCountTarget=4 -XX:InitiatingHeapOccupancyPercent=15 -XX:G1MixedGCLiveThresholdPercent=90 -XX:G1RSetUpdatingPauseTimePercent=5 -XX:SurvivorRatio=32 -XX:+PerfDisableSharedMem -XX:MaxTenuringThreshold=1 -Dusing.aikars.flags=https://mcflags.emc.gs -Daikars.new.flags=true mconety.jar nogui

Host: Intel(R) Xeon(R) CPU E5-1630 v3 @ 3.70GHz, 2 cores, 7G, Debian GNU/Linux 10 (buster)
Time: Thu Jan  7 06:08:59 2021 EST elapsed time: 0.027513 seconds (0d 0h 0m 0s)

---------------  T H R E A D  ---------------

Current thread (0x00007f78d8028000):  JavaThread "Unknown thread" [_thread_in_vm, id=28561, stack(0x00007f78dc8e2000,0x00007f78dc9e3000)]

Stack: [0x00007f78dc8e2000,0x00007f78dc9e3000],  sp=0x00007f78dc9e1480,  free space=1021k
Native frames: (J=compiled Java code, A=aot compiled Java code, j=interpreted, Vv=VM code, C=native code)
V  [libjvm.so+0xd62a77]  VMError::report_and_die(int, char const*, char const*, __va_list_tag*, Thread*, unsigned char*, void*, void*, char const*, int, unsigned long)+0x387
V  [libjvm.so+0xd6364d]  VMError::report_and_die(Thread*, char const*, int, unsigned long, VMErrorType, char const*, __va_list_tag*)+0x2d
V  [libjvm.so+0x562396]  report_vm_out_of_memory(char const*, int, unsigned long, VMErrorType, char const*, ...)+0xc6
V  [libjvm.so+0xb460a8]  os::pd_commit_memory_or_exit(char*, unsigned long, unsigned long, bool, char const*)+0xd8
V  [libjvm.so+0xb3eebd]  os::commit_memory_or_exit(char*, unsigned long, unsigned long, bool, char const*)+0x1d
V  [libjvm.so+0x686a1e]  G1PageBasedVirtualSpace::commit(unsigned long, unsigned long)+0x16e
V  [libjvm.so+0x6959d8]  G1RegionsLargerThanCommitSizeMapper::commit_regions(unsigned int, unsigned long, WorkGang*)+0x58
V  [libjvm.so+0x725eee]  HeapRegionManager::commit_regions(unsigned int, unsigned long, WorkGang*)+0x4e
V  [libjvm.so+0x7274f1]  HeapRegionManager::make_regions_available(unsigned int, unsigned int, WorkGang*)+0x31
V  [libjvm.so+0x7279e6]  HeapRegionManager::expand_at(unsigned int, unsigned int, WorkGang*)+0xc6
V  [libjvm.so+0x63d160]  G1CollectedHeap::expand(unsigned long, WorkGang*, double*)+0xe0
V  [libjvm.so+0x63d8e5]  G1CollectedHeap::initialize()+0x6f5
V  [libjvm.so+0xd2403d]  universe_init()+0xbd
V  [libjvm.so+0x749613]  init_globals()+0x53
V  [libjvm.so+0xcfad5e]  Threads::create_vm(JavaVMInitArgs*, bool*)+0x3fe
V  [libjvm.so+0x80bf21]  JNI_CreateJavaVM+0x51
C  [libjli.so+0x399e]  JavaMain+0x8e
C  [libjli.so+0x7fc9]  ThreadJavaMain+0x9


---------------  P R O C E S S  ---------------

Threads class SMR info:
_java_thread_list=0x00007f78ddcfa540, length=0, elements={
}

Java Threads: ( => current thread )

Other Threads:
  0x00007f78d8061c80 GCTaskThread "GC Thread#0" [stack: 0x00007f78dc398000,0x00007f78dc498000] [id=28562]
  0x00007f78d80665d0 ConcurrentGCThread "G1 Main Marker" [stack: 0x00007f78dc296000,0x00007f78dc396000] [id=28563]
  0x00007f78d8067860 ConcurrentGCThread "G1 Conc#0" [stack: 0x00007f78dc194000,0x00007f78dc294000] [id=28564]

[error occurred during error reporting (printing all threads), id 0xb, SIGSEGV (0xb) at pc=0x00007f78dd1bbb80]

VM state: not at safepoint (not fully initialized)

VM Mutex/Monitor currently owned by a thread:  ([mutex/lock_event])
[0x00007f78d8025980] Heap_lock - owner thread: 0x00007f78d8028000

Heap address: 0x0000000740000000, size: 3072 MB, Compressed Oops mode: Zero based, Oop shift amount: 3
CDS archive(s) mapped at: [0x0000000000000000-0x0000000000000000-0x0000000000000000), size 0, SharedBaseAddress: 0x0000000800000000, ArchiveRelocationMode: 0.
Narrow klass base: 0x0000000000000000, Narrow klass shift: 0, Narrow klass range: 0x0

Heap:
 garbage-first heap   total 3145728K, used 0K [0x0000000740000000, 0x0000000800000000)
  region size 8192K, 0 young (0K), 0 survivors (0K)
 Metaspace       used 0K, capacity 0K, committed 0K, reserved 0K
  class space    used 0K, capacity 0K, committed 0K, reserved 0K

Heap Regions: E=young(eden), S=young(survivor), O=old, HS=humongous(starts), HC=humongous(continues), CS=collection set, F=free, OA=open archive, CA=closed archive, TAMS=top-at-mark-start (previous, next)

Card table byte_map: [0x00007f78c0112000,0x00007f78c0712000] _byte_map_base: 0x00007f78bc712000

Marking Bits (Prev, Next): (CMBitMap*) 0x00007f78d8062a20, (CMBitMap*) 0x00007f78d8062a60
 Prev Bits: [0x00007f78bcb12000, 0x00007f78bfb12000)
 Next Bits: [0x00007f78b9b12000, 0x00007f78bcb12000)

GC Heap History (0 events):
No events

Deoptimization events (0 events):
No events

Classes unloaded (0 events):
No events

Classes redefined (0 events):
No events

Internal exceptions (0 events):
No events

Events (2 events):
Event: 0.001 Protecting memory [0x00007f78dc8e2000,0x00007f78dc8e6000] with protection modes 0
Event: 0.001 Loaded shared library /usr/lib/jvm/jdk-15.0.1/lib/libjava.so


Dynamic libraries:
562c6fb38000-562c6fb39000 r-xp 00000000 fe:01 265932                     /usr/lib/jvm/jdk-15.0.1/bin/java
562c6fb3a000-562c6fb3b000 r--p 00001000 fe:01 265932                     /usr/lib/jvm/jdk-15.0.1/bin/java
562c6fb3b000-562c6fb3c000 rw-p 00002000 fe:01 265932                     /usr/lib/jvm/jdk-15.0.1/bin/java
562c7063e000-562c7065f000 rw-p 00000000 00:00 0                          [heap]
7f78aa000000-7f78ac000000 rw-p 00000000 00:00 0 
7f78ac000000-7f78ac021000 rw-p 00000000 00:00 0 
7f78ac021000-7f78b0000000 ---p 00000000 00:00 0 
7f78b0000000-7f78b0021000 rw-p 00000000 00:00 0 
7f78b0021000-7f78b4000000 ---p 00000000 00:00 0 
7f78b4000000-7f78b4021000 rw-p 00000000 00:00 0 
7f78b4021000-7f78b8000000 ---p 00000000 00:00 0 
7f78b96aa000-7f78b9b12000 rw-p 00000000 00:00 0 
7f78b9b12000-7f78c0d12000 ---p 00000000 00:00 0 
7f78c0d12000-7f78c0f82000 rwxp 00000000 00:00 0 
7f78c0f82000-7f78c12a1000 ---p 00000000 00:00 0 
7f78c12a1000-7f78c1511000 rwxp 00000000 00:00 0 
7f78c1511000-7f78c87d9000 ---p 00000000 00:00 0 
7f78c87d9000-7f78c8a49000 rwxp 00000000 00:00 0 
7f78c8a49000-7f78cfd12000 ---p 00000000 00:00 0 
7f78cfd12000-7f78d8000000 r--s 00000000 fe:01 395659                     /usr/lib/jvm/jdk-15.0.1/lib/modules
7f78d8000000-7f78d807d000 rw-p 00000000 00:00 0 
7f78d807d000-7f78dc000000 ---p 00000000 00:00 0 
7f78dc091000-7f78dc192000 rw-p 00000000 00:00 0 
7f78dc192000-7f78dc193000 ---p 00000000 00:00 0 
7f78dc193000-7f78dc294000 rw-p 00000000 00:00 0 
7f78dc294000-7f78dc295000 ---p 00000000 00:00 0 
7f78dc295000-7f78dc396000 rw-p 00000000 00:00 0 
7f78dc396000-7f78dc397000 ---p 00000000 00:00 0 
7f78dc397000-7f78dc6ac000 rw-p 00000000 00:00 0 
7f78dc6ac000-7f78dc792000 ---p 00000000 00:00 0 
7f78dc792000-7f78dc797000 rw-p 00000000 00:00 0 
7f78dc797000-7f78dc87d000 ---p 00000000 00:00 0 
7f78dc87d000-7f78dc882000 rw-p 00000000 00:00 0 
7f78dc882000-7f78dc889000 ---p 00000000 00:00 0 
7f78dc889000-7f78dc8ad000 r-xp 00000000 fe:01 395636                     /usr/lib/jvm/jdk-15.0.1/lib/libjava.so
7f78dc8ad000-7f78dc8ae000 ---p 00024000 fe:01 395636                     /usr/lib/jvm/jdk-15.0.1/lib/libjava.so
7f78dc8ae000-7f78dc8af000 r--p 00024000 fe:01 395636                     /usr/lib/jvm/jdk-15.0.1/lib/libjava.so
7f78dc8af000-7f78dc8b0000 rw-p 00025000 fe:01 395636                     /usr/lib/jvm/jdk-15.0.1/lib/libjava.so
7f78dc8b0000-7f78dc8b9000 rw-p 00000000 00:00 0 
7f78dc8b9000-7f78dc8d5000 r-xp 00000000 fe:01 395640                     /usr/lib/jvm/jdk-15.0.1/lib/libjimage.so
7f78dc8d5000-7f78dc8d7000 r--p 0001b000 fe:01 395640                     /usr/lib/jvm/jdk-15.0.1/lib/libjimage.so
7f78dc8d7000-7f78dc8d8000 rw-p 0001d000 fe:01 395640                     /usr/lib/jvm/jdk-15.0.1/lib/libjimage.so
7f78dc8d8000-7f78dc8da000 r--p 00000000 fe:01 952                        /usr/lib/x86_64-linux-gnu/librt-2.28.so
7f78dc8da000-7f78dc8de000 r-xp 00002000 fe:01 952                        /usr/lib/x86_64-linux-gnu/librt-2.28.so
7f78dc8de000-7f78dc8e0000 r--p 00006000 fe:01 952                        /usr/lib/x86_64-linux-gnu/librt-2.28.so
7f78dc8e0000-7f78dc8e1000 r--p 00007000 fe:01 952                        /usr/lib/x86_64-linux-gnu/librt-2.28.so
7f78dc8e1000-7f78dc8e2000 rw-p 00008000 fe:01 952                        /usr/lib/x86_64-linux-gnu/librt-2.28.so
7f78dc8e2000-7f78dc8e6000 ---p 00000000 00:00 0 
7f78dc8e6000-7f78dc9e3000 rw-p 00000000 00:00 0 
7f78dc9e3000-7f78dc9f0000 r--p 00000000 fe:01 937                        /usr/lib/x86_64-linux-gnu/libm-2.28.so
7f78dc9f0000-7f78dca8f000 r-xp 0000d000 fe:01 937                        /usr/lib/x86_64-linux-gnu/libm-2.28.so
7f78dca8f000-7f78dcb64000 r--p 000ac000 fe:01 937                        /usr/lib/x86_64-linux-gnu/libm-2.28.so
7f78dcb64000-7f78dcb65000 r--p 00180000 fe:01 937                        /usr/lib/x86_64-linux-gnu/libm-2.28.so
7f78dcb65000-7f78dcb66000 rw-p 00181000 fe:01 937                        /usr/lib/x86_64-linux-gnu/libm-2.28.so
7f78dcb66000-7f78ddbad000 r-xp 00000000 fe:01 395671                     /usr/lib/jvm/jdk-15.0.1/lib/server/libjvm.so
7f78ddbad000-7f78ddc47000 r--p 01046000 fe:01 395671                     /usr/lib/jvm/jdk-15.0.1/lib/server/libjvm.so
7f78ddc47000-7f78ddc7e000 rw-p 010e0000 fe:01 395671                     /usr/lib/jvm/jdk-15.0.1/lib/server/libjvm.so
7f78ddc7e000-7f78ddd09000 rw-p 00000000 00:00 0 
7f78ddd09000-7f78ddd2b000 r--p 00000000 fe:01 933                        /usr/lib/x86_64-linux-gnu/libc-2.28.so
7f78ddd2b000-7f78dde73000 r-xp 00022000 fe:01 933                        /usr/lib/x86_64-linux-gnu/libc-2.28.so
7f78dde73000-7f78ddebf000 r--p 0016a000 fe:01 933                        /usr/lib/x86_64-linux-gnu/libc-2.28.so
7f78ddebf000-7f78ddec0000 ---p 001b6000 fe:01 933                        /usr/lib/x86_64-linux-gnu/libc-2.28.so
7f78ddec0000-7f78ddec4000 r--p 001b6000 fe:01 933                        /usr/lib/x86_64-linux-gnu/libc-2.28.so
7f78ddec4000-7f78ddec6000 rw-p 001ba000 fe:01 933                        /usr/lib/x86_64-linux-gnu/libc-2.28.so
7f78ddec6000-7f78ddeca000 rw-p 00000000 00:00 0 
7f78ddeca000-7f78ddecb000 r--p 00000000 fe:01 936                        /usr/lib/x86_64-linux-gnu/libdl-2.28.so
7f78ddecb000-7f78ddecc000 r-xp 00001000 fe:01 936                        /usr/lib/x86_64-linux-gnu/libdl-2.28.so
7f78ddecc000-7f78ddecd000 r--p 00002000 fe:01 936                        /usr/lib/x86_64-linux-gnu/libdl-2.28.so
7f78ddecd000-7f78ddece000 r--p 00002000 fe:01 936                        /usr/lib/x86_64-linux-gnu/libdl-2.28.so
7f78ddece000-7f78ddecf000 rw-p 00003000 fe:01 936                        /usr/lib/x86_64-linux-gnu/libdl-2.28.so
7f78ddecf000-7f78dded5000 r--p 00000000 fe:01 950                        /usr/lib/x86_64-linux-gnu/libpthread-2.28.so
7f78dded5000-7f78ddee4000 r-xp 00006000 fe:01 950                        /usr/lib/x86_64-linux-gnu/libpthread-2.28.so
7f78ddee4000-7f78ddeea000 r--p 00015000 fe:01 950                        /usr/lib/x86_64-linux-gnu/libpthread-2.28.so
7f78ddeea000-7f78ddeeb000 r--p 0001a000 fe:01 950                        /usr/lib/x86_64-linux-gnu/libpthread-2.28.so
7f78ddeeb000-7f78ddeec000 rw-p 0001b000 fe:01 950                        /usr/lib/x86_64-linux-gnu/libpthread-2.28.so
7f78ddeec000-7f78ddef0000 rw-p 00000000 00:00 0 
7f78ddef0000-7f78ddeff000 r-xp 00000000 fe:01 395641                     /usr/lib/jvm/jdk-15.0.1/lib/libjli.so
7f78ddeff000-7f78ddf00000 r--p 0000e000 fe:01 395641                     /usr/lib/jvm/jdk-15.0.1/lib/libjli.so
7f78ddf00000-7f78ddf01000 rw-p 0000f000 fe:01 395641                     /usr/lib/jvm/jdk-15.0.1/lib/libjli.so
7f78ddf01000-7f78ddf1d000 r-xp 00000000 fe:01 2750                       /usr/lib/x86_64-linux-gnu/libz.so.1.2.11
7f78ddf1d000-7f78de11d000 ---p 0001c000 fe:01 2750                       /usr/lib/x86_64-linux-gnu/libz.so.1.2.11
7f78de11d000-7f78de11e000 r--p 0001c000 fe:01 2750                       /usr/lib/x86_64-linux-gnu/libz.so.1.2.11
7f78de11e000-7f78de11f000 rw-p 0001d000 fe:01 2750                       /usr/lib/x86_64-linux-gnu/libz.so.1.2.11
7f78de11f000-7f78de121000 rw-p 00000000 00:00 0 
7f78de124000-7f78de125000 ---p 00000000 00:00 0 
7f78de125000-7f78de126000 r--p 00000000 00:00 0 
7f78de126000-7f78de127000 ---p 00000000 00:00 0 
7f78de127000-7f78de128000 r--p 00000000 fe:01 928                        /usr/lib/x86_64-linux-gnu/ld-2.28.so
7f78de128000-7f78de146000 r-xp 00001000 fe:01 928                        /usr/lib/x86_64-linux-gnu/ld-2.28.so
7f78de146000-7f78de14e000 r--p 0001f000 fe:01 928                        /usr/lib/x86_64-linux-gnu/ld-2.28.so
7f78de14e000-7f78de14f000 r--p 00026000 fe:01 928                        /usr/lib/x86_64-linux-gnu/ld-2.28.so
7f78de14f000-7f78de150000 rw-p 00027000 fe:01 928                        /usr/lib/x86_64-linux-gnu/ld-2.28.so
7f78de150000-7f78de151000 rw-p 00000000 00:00 0 
7ffed74c7000-7ffed74e8000 rw-p 00000000 00:00 0                          [stack]
7ffed74f6000-7ffed74f9000 r--p 00000000 00:00 0                          [vvar]
7ffed74f9000-7ffed74fb000 r-xp 00000000 00:00 0                          [vdso]


VM Arguments:
jvm_args: -Xms3G -Xmx3G -XX:+UseG1GC -XX:+ParallelRefProcEnabled -XX:MaxGCPauseMillis=200 -XX:+UnlockExperimentalVMOptions -XX:+DisableExplicitGC -XX:+AlwaysPreTouch -XX:G1NewSizePercent=30 -XX:G1MaxNewSizePercent=40 -XX:G1HeapRegionSize=8M -XX:G1ReservePercent=20 -XX:G1HeapWastePercent=5 -XX:G1MixedGCCountTarget=4 -XX:InitiatingHeapOccupancyPercent=15 -XX:G1MixedGCLiveThresholdPercent=90 -XX:G1RSetUpdatingPauseTimePercent=5 -XX:SurvivorRatio=32 -XX:+PerfDisableSharedMem -XX:MaxTenuringThreshold=1 -Dusing.aikars.flags=https://mcflags.emc.gs -Daikars.new.flags=true 
java_command: mconety.jar nogui
java_class_path (initial): mconety.jar
Launcher Type: SUN_STANDARD

[Global flags]
     bool AlwaysPreTouch                           = true                                      {product} {command line}
     bool AlwaysTenure                             = false                                     {product} {command line}
     intx CICompilerCount                          = 2                                         {product} {ergonomic}
     uint ConcGCThreads                            = 1                                         {product} {ergonomic}
     bool DisableExplicitGC                        = true                                      {product} {command line}
     uint G1ConcRefinementThreads                  = 2                                         {product} {ergonomic}
   size_t G1HeapRegionSize                         = 8388608                                   {product} {command line}
    uintx G1HeapWastePercent                       = 5                                         {product} {command line}
    uintx G1MaxNewSizePercent                      = 40                                   {experimental} {command line}
    uintx G1MixedGCCountTarget                     = 4                                         {product} {command line}
    uintx G1MixedGCLiveThresholdPercent            = 90                                   {experimental} {command line}
    uintx G1NewSizePercent                         = 30                                   {experimental} {command line}
     intx G1RSetUpdatingPauseTimePercent           = 5                                         {product} {command line}
    uintx G1ReservePercent                         = 20                                        {product} {command line}
    uintx GCDrainStackTargetSize                   = 64                                        {product} {ergonomic}
   size_t InitialHeapSize                          = 3221225472                                {product} {command line}
    uintx InitialTenuringThreshold                 = 1                                         {product} {ergonomic}
    uintx InitiatingHeapOccupancyPercent           = 15                                        {product} {command line}
   size_t MarkStackSize                            = 4194304                                   {product} {ergonomic}
    uintx MaxGCPauseMillis                         = 200                                       {product} {command line}
   size_t MaxHeapSize                              = 3221225472                                {product} {command line}
    uintx MaxTenuringThreshold                     = 1                                         {product} {command line}
   size_t MinHeapDeltaBytes                        = 8388608                                   {product} {ergonomic}
   size_t MinHeapSize                              = 3221225472                                {product} {command line}
     bool NeverTenure                              = false                                     {product} {command line}
    uintx NonNMethodCodeHeapSize                   = 5826188                                {pd product} {ergonomic}
    uintx NonProfiledCodeHeapSize                  = 122916026                              {pd product} {ergonomic}
     bool ParallelRefProcEnabled                   = true                                      {product} {command line}
     bool PerfDisableSharedMem                     = true                                      {product} {command line}
    uintx ProfiledCodeHeapSize                     = 122916026                              {pd product} {ergonomic}
    uintx ReservedCodeCacheSize                    = 251658240                              {pd product} {ergonomic}
     bool SegmentedCodeCache                       = true                                      {product} {ergonomic}
   size_t SoftMaxHeapSize                          = 3221225472                             {manageable} {ergonomic}
    uintx SurvivorRatio                            = 32                                        {product} {command line}
     bool UnlockExperimentalVMOptions              = true                                 {experimental} {command line}
     bool UseCompressedClassPointers               = true                                 {lp64_product} {ergonomic}
     bool UseCompressedOops                        = true                                 {lp64_product} {ergonomic}
     bool UseG1GC                                  = true                                      {product} {command line}

Logging:
Log output configuration:
 #0: stdout all=warning uptime,level,tags
 #1: stderr all=off uptime,level,tags

Environment Variables:
JAVA_HOME=/usr/lib/jvm/jdk-15.0.1
PATH=/usr/lib/jvm/jdk-15.0.1/bin:/usr/local/bin:/usr/bin:/bin:/usr/local/games:/usr/games:/snap/bin:/usr/lib/jvm/jdk-14/bin
SHELL=/usr/bin/zsh
LANG=en_US.UTF-8

Signal Handlers:
SIGSEGV: [libjvm.so+0xd63670], sa_mask[0]=11111111011111111101111111111110, sa_flags=SA_RESTART|SA_SIGINFO
SIGBUS: [libjvm.so+0xd63670], sa_mask[0]=11111111011111111101111111111110, sa_flags=SA_RESTART|SA_SIGINFO
SIGFPE: [libjvm.so+0xd63670], sa_mask[0]=11111111011111111101111111111110, sa_flags=SA_RESTART|SA_SIGINFO
SIGPIPE: [libjvm.so+0xb410d0], sa_mask[0]=11111111011111111101111111111110, sa_flags=SA_RESTART|SA_SIGINFO
SIGXFSZ: [libjvm.so+0xb410d0], sa_mask[0]=11111111011111111101111111111110, sa_flags=SA_RESTART|SA_SIGINFO
SIGILL: [libjvm.so+0xd63670], sa_mask[0]=11111111011111111101111111111110, sa_flags=SA_RESTART|SA_SIGINFO
SIGUSR2: [libjvm.so+0xb40f70], sa_mask[0]=00000000000000000000000000000000, sa_flags=SA_RESTART|SA_SIGINFO
SIGHUP: SIG_DFL, sa_mask[0]=00000000000000000000000000000000, sa_flags=none
SIGINT: SIG_DFL, sa_mask[0]=00000000000000000000000000000000, sa_flags=none
SIGTERM: SIG_DFL, sa_mask[0]=00000000000000000000000000000000, sa_flags=none
SIGQUIT: SIG_DFL, sa_mask[0]=00000000000000000000000000000000, sa_flags=none


---------------  S Y S T E M  ---------------

OS:
PRETTY_NAME="Debian GNU/Linux 10 (buster)"
NAME="Debian GNU/Linux"
VERSION_ID="10"
VERSION="10 (buster)"
VERSION_CODENAME=buster
ID=debian
HOME_URL="https://www.debian.org/"
SUPPORT_URL="https://www.debian.org/support"
BUG_REPORT_URL="https://bugs.debian.org/"
uname: Linux 4.19.0-13-amd64 #1 SMP Debian 4.19.160-2 (2020-11-28) x86_64
OS uptime: 0 days 22:23 hours
libc: glibc 2.28 NPTL 2.28 
rlimit (soft/hard): STACK 8192k/infinity , CORE 0k/infinity , NPROC 31798/31798 , NOFILE 1048576/1048576 , AS infinity/infinity , CPU infinity/infinity , DATA infinity/infinity , FSIZE infinity/infinity , MEMLOCK 65536k/65536k
load average: 0.62 0.60 0.62

/proc/meminfo:
MemTotal:        8170232 kB
MemFree:          796716 kB
MemAvailable:    1840012 kB
Buffers:           68372 kB
Cached:          1149384 kB
SwapCached:            0 kB
Active:          6506244 kB
Inactive:         558048 kB
Active(anon):    5847328 kB
Inactive(anon):    16544 kB
Active(file):     658916 kB
Inactive(file):   541504 kB
Unevictable:           0 kB
Mlocked:               0 kB
SwapTotal:             0 kB
SwapFree:              0 kB
Dirty:               620 kB
Writeback:             0 kB
AnonPages:       5846352 kB
Mapped:           143728 kB
Shmem:             17260 kB
Slab:             176492 kB
SReclaimable:     128692 kB
SUnreclaim:        47800 kB
KernelStack:       11304 kB
PageTables:        42588 kB
NFS_Unstable:          0 kB
Bounce:                0 kB
WritebackTmp:          0 kB
CommitLimit:     4085116 kB
Committed_AS:    7158736 kB
VmallocTotal:   34359738367 kB
VmallocUsed:           0 kB
VmallocChunk:          0 kB
Percpu:              744 kB
HardwareCorrupted:     0 kB
AnonHugePages:   3809280 kB
ShmemHugePages:        0 kB
ShmemPmdMapped:        0 kB
HugePages_Total:       0
HugePages_Free:        0
HugePages_Rsvd:        0
HugePages_Surp:        0
Hugepagesize:       2048 kB
Hugetlb:               0 kB
DirectMap4k:      149360 kB
DirectMap2M:     6141952 kB
DirectMap1G:     4194304 kB

/sys/kernel/mm/transparent_hugepage/enabled: [always] madvise never
/sys/kernel/mm/transparent_hugepage/defrag (defrag/compaction efforts parameter): always defer defer+madvise [madvise] never

/proc/sys/kernel/threads-max (system-wide limit on the number of threads): 63597
/proc/sys/vm/max_map_count (maximum number of memory map areas a process may have): 65530
/proc/sys/kernel/pid_max (system-wide limit on number of process identifiers): 32768

container (cgroup) information:
container_type: cgroupv1
cpu_cpuset_cpus: 0-1
cpu_memory_nodes: 0
active_processor_count: 2
cpu_quota: no quota
cpu_period: 100000
cpu_shares: no shares
memory_limit_in_bytes: unlimited
memory_and_swap_limit_in_bytes: not supported
memory_soft_limit_in_bytes: unlimited
memory_usage_in_bytes: 3812962304
memory_max_usage_in_bytes: 3812962304

KVM virtualization detected
Steal ticks since vm start: 0
Steal ticks percentage since vm start:  0.000

CPU: total 2 (initial active 2) (1 cores per cpu, 1 threads per core) family 6 model 63 stepping 2 microcode 0x1, cmov, cx8, fxsr, mmx, sse, sse2, sse3, ssse3, sse4.1, sse4.2, popcnt, vzeroupper, avx, avx2, aes, clmul, erms, lzcnt, tsc, bmi1, bmi2, fma, clflush
CPU Model and flags from /proc/cpuinfo:
model name	: Intel(R) Xeon(R) CPU E5-1630 v3 @ 3.70GHz
flags		: fpu vme de pse tsc msr pae mce cx8 apic sep mtrr pge mca cmov pat pse36 clflush mmx fxsr sse sse2 ss syscall nx pdpe1gb rdtscp lm constant_tsc arch_perfmon rep_good nopl xtopology cpuid tsc_known_freq pni pclmulqdq ssse3 fma cx16 pcid sse4_1 sse4_2 x2apic movbe popcnt tsc_deadline_timer aes xsave avx f16c rdrand hypervisor lahf_lm abm invpcid_single pti ssbd ibrs ibpb stibp fsgsbase tsc_adjust bmi1 avx2 smep bmi2 erms invpcid xsaveopt arat md_clear

Online cpus: 0-1
Offline cpus: 
BIOS frequency limitation: <Not Available>
Frequency switch latency (ns): <Not Available>
Available cpu frequencies: <Not Available>
Current governor: <Not Available>
Core performance/turbo boost: <Not Available>

Memory: 4k page, physical 8170232k(796716k free), swap 0k(0k free)

vm_info: Java HotSpot(TM) 64-Bit Server VM (15.0.1+9-18) for linux-amd64 JRE (15.0.1+9-18), built on Sep 15 2020 13:35:21 by "mach5one" with gcc 9.2.0

END.
