[00:44:56][EntityPickupItemEvent]: PLAYER picked up SAND
[00:47:40][EntityPickupItemEvent]: PLAYER picked up SAND
[00:50:47][EntityPickupItemEvent]: PLAYER picked up CARROT
[00:50:51][EntityPickupItemEvent]: PLAYER picked up IRON_HELMET
[00:50:51][EntityPickupItemEvent]: PLAYER picked up IRON_LEGGINGS
[00:50:52][EntityPickupItemEvent]: PLAYER picked up IRON_BOOTS
[00:50:52][EntityPickupItemEvent]: PLAYER picked up IRON_CHESTPLATE
[00:50:57][EntityPickupItemEvent]: PLAYER picked up DIAMOND_SWORD
[00:50:57][EntityPickupItemEvent]: PLAYER picked up DIAMOND_PICKAXE
[00:50:57][EntityPickupItemEvent]: PLAYER picked up DIAMOND_AXE
[00:51:06][EntityPickupItemEvent]: PLAYER picked up STICK
[00:51:06][EntityPickupItemEvent]: PLAYER picked up OAK_PLANKS
[00:51:09][EntityPickupItemEvent]: PLAYER picked up ARROW
[00:51:15][EntityPickupItemEvent]: PLAYER picked up STRING
[00:54:44][EntityPickupItemEvent]: PLAYER picked up COBBLESTONE
[00:54:44][EntityPickupItemEvent]: PLAYER picked up COBBLESTONE
[00:54:45][EntityPickupItemEvent]: PLAYER picked up COBBLESTONE
[00:54:46][EntityPickupItemEvent]: PLAYER picked up COBBLESTONE
[00:54:46][EntityPickupItemEvent]: PLAYER picked up COBBLESTONE
[00:56:27][EntityPickupItemEvent]: PLAYER picked up COBBLESTONE
[00:56:28][EntityPickupItemEvent]: PLAYER picked up COBBLESTONE
[00:56:29][EntityPickupItemEvent]: PLAYER picked up COBBLESTONE
[00:56:32][EntityPickupItemEvent]: PLAYER picked up COBBLESTONE
[00:56:32][EntityPickupItemEvent]: PLAYER picked up COBBLESTONE
[00:56:32][EntityPickupItemEvent]: PLAYER picked up COBBLESTONE
[00:56:33][EntityPickupItemEvent]: PLAYER picked up COBBLESTONE
[00:56:33][EntityPickupItemEvent]: PLAYER picked up COBBLESTONE
[00:56:34][EntityPickupItemEvent]: PLAYER picked up COBBLESTONE
[00:56:48][EntityPickupItemEvent]: PLAYER picked up COBBLESTONE
[00:56:48][EntityPickupItemEvent]: PLAYER picked up COBBLESTONE
[00:56:48][EntityPickupItemEvent]: PLAYER picked up COBBLESTONE
[00:56:50][EntityPickupItemEvent]: PLAYER picked up COBBLESTONE
[00:56:51][EntityPickupItemEvent]: PLAYER picked up COBBLESTONE
[00:56:51][EntityPickupItemEvent]: PLAYER picked up COBBLESTONE
[00:56:53][EntityPickupItemEvent]: PLAYER picked up COBBLESTONE
[00:56:53][EntityPickupItemEvent]: PLAYER picked up COBBLESTONE
[00:56:54][EntityPickupItemEvent]: PLAYER picked up COBBLESTONE
[00:56:56][EntityPickupItemEvent]: PLAYER picked up COBBLESTONE
[00:57:00][EntityPickupItemEvent]: PLAYER picked up COBBLESTONE
[00:57:01][EntityPickupItemEvent]: PLAYER picked up COBBLESTONE
[00:57:02][EntityPickupItemEvent]: PLAYER picked up COBBLESTONE
[00:57:03][EntityPickupItemEvent]: PLAYER picked up COBBLESTONE
[00:57:04][EntityPickupItemEvent]: PLAYER picked up COBBLESTONE
[00:57:05][EntityPickupItemEvent]: PLAYER picked up COBBLESTONE
[00:57:05][EntityPickupItemEvent]: PLAYER picked up COBBLESTONE
[00:57:06][EntityPickupItemEvent]: PLAYER picked up COBBLESTONE
[00:57:06][EntityPickupItemEvent]: PLAYER picked up COBBLESTONE
[00:57:08][EntityPickupItemEvent]: PLAYER picked up COAL
[00:57:09][EntityPickupItemEvent]: PLAYER picked up COAL
[00:57:12][EntityPickupItemEvent]: PLAYER picked up COAL
[00:57:15][EntityPickupItemEvent]: PLAYER picked up COBBLESTONE
[00:57:15][EntityPickupItemEvent]: PLAYER picked up COAL
[00:57:15][EntityPickupItemEvent]: PLAYER picked up COBBLESTONE
[00:57:19][EntityPickupItemEvent]: PLAYER picked up COAL
[00:57:20][EntityPickupItemEvent]: PLAYER picked up COAL
[00:57:21][EntityPickupItemEvent]: PLAYER picked up COBBLESTONE
[00:57:22][EntityPickupItemEvent]: PLAYER picked up COBBLESTONE
[00:57:22][EntityPickupItemEvent]: PLAYER picked up COBBLESTONE
[00:57:24][EntityPickupItemEvent]: PLAYER picked up COBBLESTONE
[00:57:25][EntityPickupItemEvent]: PLAYER picked up COBBLESTONE
[00:57:25][EntityPickupItemEvent]: PLAYER picked up COBBLESTONE
[00:57:27][EntityPickupItemEvent]: PLAYER picked up COBBLESTONE
[00:57:28][EntityPickupItemEvent]: PLAYER picked up COBBLESTONE
[00:57:28][EntityPickupItemEvent]: PLAYER picked up COBBLESTONE
[00:57:29][EntityPickupItemEvent]: PLAYER picked up COBBLESTONE
[00:57:31][EntityPickupItemEvent]: PLAYER picked up COBBLESTONE
[00:57:32][EntityPickupItemEvent]: PLAYER picked up COBBLESTONE
[00:57:33][EntityPickupItemEvent]: PLAYER picked up COBBLESTONE
[00:57:33][EntityPickupItemEvent]: PLAYER picked up COBBLESTONE
[00:57:34][EntityPickupItemEvent]: PLAYER picked up COBBLESTONE
[00:57:36][EntityPickupItemEvent]: PLAYER picked up COBBLESTONE
[00:57:36][EntityPickupItemEvent]: PLAYER picked up COBBLESTONE
[00:57:38][EntityPickupItemEvent]: PLAYER picked up COBBLESTONE
[00:57:38][EntityPickupItemEvent]: PLAYER picked up COBBLESTONE
[00:57:39][EntityPickupItemEvent]: PLAYER picked up COBBLESTONE
[00:57:40][EntityPickupItemEvent]: PLAYER picked up COBBLESTONE
[00:57:41][EntityPickupItemEvent]: PLAYER picked up COBBLESTONE
[00:57:41][EntityPickupItemEvent]: PLAYER picked up COBBLESTONE
[00:57:43][EntityPickupItemEvent]: PLAYER picked up COBBLESTONE
[00:57:44][EntityPickupItemEvent]: PLAYER picked up COBBLESTONE
[00:57:44][EntityPickupItemEvent]: PLAYER picked up COBBLESTONE
[00:57:45][EntityPickupItemEvent]: PLAYER picked up COBBLESTONE
[00:57:46][EntityPickupItemEvent]: PLAYER picked up COBBLESTONE
[00:57:47][EntityPickupItemEvent]: PLAYER picked up COBBLESTONE
[00:57:48][EntityPickupItemEvent]: PLAYER picked up COBBLESTONE
[00:57:48][EntityPickupItemEvent]: PLAYER picked up COBBLESTONE
[00:57:49][EntityPickupItemEvent]: PLAYER picked up COBBLESTONE
[00:57:59][EntityPickupItemEvent]: PLAYER picked up COBBLESTONE
[00:58:00][EntityPickupItemEvent]: PLAYER picked up COBBLESTONE
[00:58:02][EntityPickupItemEvent]: PLAYER picked up COBBLESTONE
[00:58:03][EntityPickupItemEvent]: PLAYER picked up COBBLESTONE
[00:58:05][EntityPickupItemEvent]: PLAYER picked up COBBLESTONE
[00:58:06][EntityPickupItemEvent]: PLAYER picked up COBBLESTONE
[00:58:06][EntityPickupItemEvent]: PLAYER picked up COBBLESTONE
[00:58:45][EntityPickupItemEvent]: PLAYER picked up COBBLESTONE
[00:58:45][EntityPickupItemEvent]: PLAYER picked up COBBLESTONE
[00:58:46][EntityPickupItemEvent]: PLAYER picked up COBBLESTONE
[00:58:47][EntityPickupItemEvent]: PLAYER picked up COBBLESTONE
[00:58:48][EntityPickupItemEvent]: PLAYER picked up COBBLESTONE
[00:58:48][EntityPickupItemEvent]: PLAYER picked up COBBLESTONE
[00:58:50][EntityPickupItemEvent]: PLAYER picked up COBBLESTONE
[00:58:51][EntityPickupItemEvent]: PLAYER picked up COBBLESTONE
[00:58:52][EntityPickupItemEvent]: PLAYER picked up COBBLESTONE
[00:58:53][EntityPickupItemEvent]: PLAYER picked up COBBLESTONE
[00:58:53][EntityPickupItemEvent]: PLAYER picked up COBBLESTONE
[00:58:54][EntityPickupItemEvent]: PLAYER picked up COBBLESTONE
[00:58:55][EntityPickupItemEvent]: PLAYER picked up COBBLESTONE
[00:58:55][EntityPickupItemEvent]: PLAYER picked up COBBLESTONE
[00:58:57][EntityPickupItemEvent]: PLAYER picked up COBBLESTONE
[00:58:58][EntityPickupItemEvent]: PLAYER picked up COBBLESTONE
[00:58:58][EntityPickupItemEvent]: PLAYER picked up COBBLESTONE
[00:59:00][EntityPickupItemEvent]: PLAYER picked up COBBLESTONE
[00:59:01][EntityPickupItemEvent]: PLAYER picked up COBBLESTONE
[00:59:02][EntityPickupItemEvent]: PLAYER picked up COBBLESTONE
[00:59:05][EntityPickupItemEvent]: PLAYER picked up COBBLESTONE
[00:59:06][EntityPickupItemEvent]: PLAYER picked up COBBLESTONE
[00:59:07][EntityPickupItemEvent]: PLAYER picked up COBBLESTONE
[01:00:03][EntityPickupItemEvent]: PLAYER picked up COBBLESTONE
[01:00:04][EntityPickupItemEvent]: PLAYER picked up COBBLESTONE
[01:00:05][EntityPickupItemEvent]: PLAYER picked up COBBLESTONE
[01:00:05][EntityPickupItemEvent]: PLAYER picked up COBBLESTONE
[01:00:06][EntityPickupItemEvent]: PLAYER picked up COBBLESTONE
[01:00:08][EntityPickupItemEvent]: PLAYER picked up COBBLESTONE
[01:00:08][EntityPickupItemEvent]: PLAYER picked up COBBLESTONE
[01:00:09][EntityPickupItemEvent]: PLAYER picked up ANDESITE
[01:00:10][EntityPickupItemEvent]: PLAYER picked up ANDESITE
[01:00:11][EntityPickupItemEvent]: PLAYER picked up COBBLESTONE
[01:00:11][EntityPickupItemEvent]: PLAYER picked up ANDESITE
[01:00:13][EntityPickupItemEvent]: PLAYER picked up COBBLESTONE
[01:00:14][EntityPickupItemEvent]: PLAYER picked up ANDESITE
[01:00:14][EntityPickupItemEvent]: PLAYER picked up COBBLESTONE
[01:00:15][EntityPickupItemEvent]: PLAYER picked up COBBLESTONE
[01:00:16][EntityPickupItemEvent]: PLAYER picked up COBBLESTONE
[01:00:17][EntityPickupItemEvent]: PLAYER picked up COBBLESTONE
[01:00:18][EntityPickupItemEvent]: PLAYER picked up COBBLESTONE
[01:00:19][EntityPickupItemEvent]: PLAYER picked up COBBLESTONE
[01:00:20][EntityPickupItemEvent]: PLAYER picked up COBBLESTONE
[01:00:21][EntityPickupItemEvent]: PLAYER picked up COBBLESTONE
[01:00:22][EntityPickupItemEvent]: PLAYER picked up COBBLESTONE
[01:00:23][EntityPickupItemEvent]: PLAYER picked up COBBLESTONE
[01:00:26][EntityPickupItemEvent]: PLAYER picked up COBBLESTONE
[01:00:27][EntityPickupItemEvent]: PLAYER picked up COBBLESTONE
[01:00:27][EntityPickupItemEvent]: PLAYER picked up COBBLESTONE
[01:00:28][EntityPickupItemEvent]: PLAYER picked up COBBLESTONE
[01:00:29][EntityPickupItemEvent]: PLAYER picked up COBBLESTONE
[01:00:30][EntityPickupItemEvent]: PLAYER picked up COBBLESTONE
[01:00:31][EntityPickupItemEvent]: PLAYER picked up COBBLESTONE
[01:00:32][EntityPickupItemEvent]: PLAYER picked up COBBLESTONE
[01:00:33][EntityPickupItemEvent]: PLAYER picked up COBBLESTONE
[01:00:35][EntityPickupItemEvent]: PLAYER picked up COBBLESTONE
[01:00:35][EntityPickupItemEvent]: PLAYER picked up COBBLESTONE
[01:00:36][EntityPickupItemEvent]: PLAYER picked up COBBLESTONE
[01:00:37][EntityPickupItemEvent]: PLAYER picked up COBBLESTONE
[01:00:37][EntityPickupItemEvent]: PLAYER picked up COBBLESTONE
[01:00:38][EntityPickupItemEvent]: PLAYER picked up COBBLESTONE
[01:00:39][EntityPickupItemEvent]: PLAYER picked up COBBLESTONE
[01:00:39][EntityPickupItemEvent]: PLAYER picked up COBBLESTONE
[01:00:40][EntityPickupItemEvent]: PLAYER picked up COBBLESTONE
[01:00:41][EntityPickupItemEvent]: PLAYER picked up COBBLESTONE
[01:00:42][EntityPickupItemEvent]: PLAYER picked up COBBLESTONE
[01:00:43][EntityPickupItemEvent]: PLAYER picked up COBBLESTONE
[01:00:44][EntityPickupItemEvent]: PLAYER picked up COBBLESTONE
[01:00:45][EntityPickupItemEvent]: PLAYER picked up COBBLESTONE
[01:00:46][EntityPickupItemEvent]: PLAYER picked up COBBLESTONE
[01:00:46][EntityPickupItemEvent]: PLAYER picked up COBBLESTONE
[01:00:46][EntityPickupItemEvent]: PLAYER picked up COBBLESTONE
[01:00:47][EntityPickupItemEvent]: PLAYER picked up COBBLESTONE
[01:00:49][EntityPickupItemEvent]: PLAYER picked up COBBLESTONE
[01:00:50][EntityPickupItemEvent]: PLAYER picked up COBBLESTONE
[01:00:51][EntityPickupItemEvent]: PLAYER picked up COBBLESTONE
[01:00:52][EntityPickupItemEvent]: PLAYER picked up COBBLESTONE
[01:00:53][EntityPickupItemEvent]: PLAYER picked up COBBLESTONE
[01:00:54][EntityPickupItemEvent]: PLAYER picked up COBBLESTONE
[01:00:54][EntityPickupItemEvent]: PLAYER picked up COBBLESTONE
[01:00:56][EntityPickupItemEvent]: PLAYER picked up COBBLESTONE
[01:00:56][EntityPickupItemEvent]: PLAYER picked up COBBLESTONE
[01:00:57][EntityPickupItemEvent]: PLAYER picked up COBBLESTONE
[01:00:58][EntityPickupItemEvent]: PLAYER picked up COBBLESTONE
[01:05:20][EntityPickupItemEvent]: PLAYER picked up DIRT
[01:05:21][EntityPickupItemEvent]: PLAYER picked up DIRT
[01:05:22][EntityPickupItemEvent]: PLAYER picked up DIORITE
[01:05:24][EntityPickupItemEvent]: PLAYER picked up DIRT
[01:05:24][EntityPickupItemEvent]: PLAYER picked up COBBLESTONE
[01:05:25][EntityPickupItemEvent]: PLAYER picked up COBBLESTONE
[01:05:26][EntityPickupItemEvent]: PLAYER picked up COBBLESTONE
[01:05:26][EntityPickupItemEvent]: PLAYER picked up COBBLESTONE
[01:05:27][EntityPickupItemEvent]: PLAYER picked up COBBLESTONE
[01:05:28][EntityPickupItemEvent]: PLAYER picked up COBBLESTONE
[01:05:28][EntityPickupItemEvent]: PLAYER picked up COBBLESTONE
[01:05:29][EntityPickupItemEvent]: PLAYER picked up COBBLESTONE
[01:05:29][EntityPickupItemEvent]: PLAYER picked up COBBLESTONE
[01:05:30][EntityPickupItemEvent]: PLAYER picked up COBBLESTONE
[01:05:31][EntityPickupItemEvent]: PLAYER picked up COBBLESTONE
[01:05:31][EntityPickupItemEvent]: PLAYER picked up COBBLESTONE
[01:05:32][EntityPickupItemEvent]: PLAYER picked up COBBLESTONE
[01:05:33][EntityPickupItemEvent]: PLAYER picked up COBBLESTONE
[01:05:33][EntityPickupItemEvent]: PLAYER picked up COBBLESTONE
[01:05:34][EntityPickupItemEvent]: PLAYER picked up COBBLESTONE
[01:05:35][EntityPickupItemEvent]: PLAYER picked up COBBLESTONE
[01:05:36][EntityPickupItemEvent]: PLAYER picked up COBBLESTONE
[01:05:37][EntityPickupItemEvent]: PLAYER picked up COBBLESTONE
[01:05:37][EntityPickupItemEvent]: PLAYER picked up COBBLESTONE
[01:05:37][EntityPickupItemEvent]: PLAYER picked up COBBLESTONE
[01:05:38][EntityPickupItemEvent]: PLAYER picked up COBBLESTONE
[01:05:39][EntityPickupItemEvent]: PLAYER picked up COBBLESTONE
[01:05:39][EntityPickupItemEvent]: PLAYER picked up COBBLESTONE
[01:05:40][EntityPickupItemEvent]: PLAYER picked up COBBLESTONE
[01:05:41][EntityPickupItemEvent]: PLAYER picked up COBBLESTONE
[01:05:41][EntityPickupItemEvent]: PLAYER picked up COBBLESTONE
[01:05:42][EntityPickupItemEvent]: PLAYER picked up COBBLESTONE
[01:05:43][EntityPickupItemEvent]: PLAYER picked up COBBLESTONE
[01:05:43][EntityPickupItemEvent]: PLAYER picked up COBBLESTONE
[01:05:44][EntityPickupItemEvent]: PLAYER picked up COBBLESTONE
[01:05:44][EntityPickupItemEvent]: PLAYER picked up COBBLESTONE
[01:05:45][EntityPickupItemEvent]: PLAYER picked up COBBLESTONE
[01:05:46][EntityPickupItemEvent]: PLAYER picked up COBBLESTONE
[01:05:46][EntityPickupItemEvent]: PLAYER picked up COBBLESTONE
[01:05:47][EntityPickupItemEvent]: PLAYER picked up DIORITE
[01:05:47][EntityPickupItemEvent]: PLAYER picked up DIORITE
[01:05:48][EntityPickupItemEvent]: PLAYER picked up COBBLESTONE
[01:05:49][EntityPickupItemEvent]: PLAYER picked up COBBLESTONE
[01:05:49][EntityPickupItemEvent]: PLAYER picked up COBBLESTONE
[01:05:50][EntityPickupItemEvent]: PLAYER picked up COBBLESTONE
[01:05:50][EntityPickupItemEvent]: PLAYER picked up COBBLESTONE
[01:05:51][EntityPickupItemEvent]: PLAYER picked up COBBLESTONE
[01:05:52][EntityPickupItemEvent]: PLAYER picked up COBBLESTONE
[01:05:52][EntityPickupItemEvent]: PLAYER picked up COBBLESTONE
[01:05:53][EntityPickupItemEvent]: PLAYER picked up COBBLESTONE
[01:05:53][EntityPickupItemEvent]: PLAYER picked up COBBLESTONE
[01:05:54][EntityPickupItemEvent]: PLAYER picked up COBBLESTONE
[01:05:55][EntityPickupItemEvent]: PLAYER picked up COBBLESTONE
[01:05:55][EntityPickupItemEvent]: PLAYER picked up COBBLESTONE
[01:05:56][EntityPickupItemEvent]: PLAYER picked up COBBLESTONE
[01:05:56][EntityPickupItemEvent]: PLAYER picked up COBBLESTONE
[01:05:57][EntityPickupItemEvent]: PLAYER picked up COBBLESTONE
[01:05:58][EntityPickupItemEvent]: PLAYER picked up COBBLESTONE
[01:05:58][EntityPickupItemEvent]: PLAYER picked up COBBLESTONE
[01:05:59][EntityPickupItemEvent]: PLAYER picked up COBBLESTONE
[01:05:59][EntityPickupItemEvent]: PLAYER picked up COBBLESTONE
[01:06:00][EntityPickupItemEvent]: PLAYER picked up COBBLESTONE
[01:06:01][EntityPickupItemEvent]: PLAYER picked up COBBLESTONE
[01:06:01][EntityPickupItemEvent]: PLAYER picked up COBBLESTONE
[01:06:02][EntityPickupItemEvent]: PLAYER picked up COBBLESTONE
[01:06:02][EntityPickupItemEvent]: PLAYER picked up COBBLESTONE
[01:06:03][EntityPickupItemEvent]: PLAYER picked up COBBLESTONE
[01:06:04][EntityPickupItemEvent]: PLAYER picked up COBBLESTONE
[01:06:05][EntityPickupItemEvent]: PLAYER picked up COBBLESTONE
[01:06:06][EntityPickupItemEvent]: PLAYER picked up COBBLESTONE
[01:06:07][EntityPickupItemEvent]: PLAYER picked up COBBLESTONE
[01:06:14][EntityPickupItemEvent]: PLAYER picked up COBBLESTONE
[01:06:15][EntityPickupItemEvent]: PLAYER picked up COBBLESTONE
[01:06:16][EntityPickupItemEvent]: PLAYER picked up COBBLESTONE
[01:06:18][EntityPickupItemEvent]: PLAYER picked up COBBLESTONE
[01:06:18][EntityPickupItemEvent]: PLAYER picked up COBBLESTONE
[01:06:19][EntityPickupItemEvent]: PLAYER picked up COBBLESTONE
[01:06:22][EntityPickupItemEvent]: PLAYER picked up COAL
[01:06:23][EntityPickupItemEvent]: PLAYER picked up COAL
[01:06:24][EntityPickupItemEvent]: PLAYER picked up COAL
[01:06:26][EntityPickupItemEvent]: PLAYER picked up COAL
[01:06:29][EntityPickupItemEvent]: PLAYER picked up COBBLESTONE
[01:06:32][EntityPickupItemEvent]: PLAYER picked up COAL
[01:06:33][EntityPickupItemEvent]: PLAYER picked up COAL
[01:06:35][EntityPickupItemEvent]: PLAYER picked up COBBLESTONE
[01:06:54][EntityPickupItemEvent]: PLAYER picked up DIAMOND
[01:07:02][EntityPickupItemEvent]: PLAYER picked up COBBLESTONE
[01:07:32][EntityPickupItemEvent]: PLAYER picked up COBBLESTONE
[01:07:33][EntityPickupItemEvent]: PLAYER picked up COBBLESTONE
[01:07:34][EntityPickupItemEvent]: PLAYER picked up COBBLESTONE
[01:07:34][EntityPickupItemEvent]: PLAYER picked up COBBLESTONE
[01:07:35][EntityPickupItemEvent]: PLAYER picked up COBBLESTONE
[01:07:35][EntityPickupItemEvent]: PLAYER picked up COBBLESTONE
[01:07:36][EntityPickupItemEvent]: PLAYER picked up COBBLESTONE
[01:07:36][EntityPickupItemEvent]: PLAYER picked up COBBLESTONE
[01:07:39][EntityPickupItemEvent]: PLAYER picked up REDSTONE
[01:07:39][EntityPickupItemEvent]: PLAYER picked up REDSTONE
[01:07:40][EntityPickupItemEvent]: PLAYER picked up COBBLESTONE
[01:07:40][EntityPickupItemEvent]: PLAYER picked up REDSTONE
[01:07:41][EntityPickupItemEvent]: PLAYER picked up REDSTONE
[01:07:41][EntityPickupItemEvent]: PLAYER picked up REDSTONE
[01:07:42][EntityPickupItemEvent]: PLAYER picked up REDSTONE
[01:07:44][EntityPickupItemEvent]: PLAYER picked up REDSTONE
[01:07:44][EntityPickupItemEvent]: PLAYER picked up REDSTONE
[01:07:44][EntityPickupItemEvent]: PLAYER picked up REDSTONE
[01:07:46][EntityPickupItemEvent]: PLAYER picked up COBBLESTONE
[01:07:46][EntityPickupItemEvent]: PLAYER picked up COBBLESTONE
[01:07:47][EntityPickupItemEvent]: PLAYER picked up COBBLESTONE
[01:07:47][EntityPickupItemEvent]: PLAYER picked up COBBLESTONE
[01:07:48][EntityPickupItemEvent]: PLAYER picked up COBBLESTONE
[01:07:49][EntityPickupItemEvent]: PLAYER picked up IRON_ORE
[01:07:52][EntityPickupItemEvent]: PLAYER picked up IRON_ORE
[01:07:53][EntityPickupItemEvent]: PLAYER picked up IRON_ORE
[01:07:54][EntityPickupItemEvent]: PLAYER picked up IRON_ORE
[01:07:55][EntityPickupItemEvent]: PLAYER picked up IRON_ORE
[01:07:56][EntityPickupItemEvent]: PLAYER picked up IRON_ORE
[01:07:57][EntityPickupItemEvent]: PLAYER picked up COBBLESTONE
[01:07:58][EntityPickupItemEvent]: PLAYER picked up COBBLESTONE
[01:07:59][EntityPickupItemEvent]: PLAYER picked up IRON_ORE
[01:08:01][EntityPickupItemEvent]: PLAYER picked up COBBLESTONE
[01:08:02][EntityPickupItemEvent]: PLAYER picked up IRON_ORE
[01:08:03][EntityPickupItemEvent]: PLAYER picked up COBBLESTONE
[01:08:04][EntityPickupItemEvent]: PLAYER picked up COBBLESTONE
[01:08:05][EntityPickupItemEvent]: PLAYER picked up COBBLESTONE
[01:08:16][EntityPickupItemEvent]: PLAYER picked up COBBLESTONE
[01:08:17][EntityPickupItemEvent]: PLAYER picked up COBBLESTONE
[01:08:18][EntityPickupItemEvent]: PLAYER picked up COBBLESTONE
[01:08:19][EntityPickupItemEvent]: PLAYER picked up COBBLESTONE
[01:08:19][EntityPickupItemEvent]: PLAYER picked up COAL
[01:08:21][EntityPickupItemEvent]: PLAYER picked up COBBLESTONE
[01:08:23][EntityPickupItemEvent]: PLAYER picked up COAL
[01:08:23][EntityPickupItemEvent]: PLAYER picked up COBBLESTONE
[01:08:23][EntityPickupItemEvent]: PLAYER picked up COAL
[01:08:24][EntityPickupItemEvent]: PLAYER picked up COBBLESTONE
[01:08:25][EntityPickupItemEvent]: PLAYER picked up COBBLESTONE
[01:08:25][EntityPickupItemEvent]: PLAYER picked up COBBLESTONE
[01:08:26][EntityPickupItemEvent]: PLAYER picked up COBBLESTONE
[01:08:27][EntityPickupItemEvent]: PLAYER picked up COBBLESTONE
[01:08:27][EntityPickupItemEvent]: PLAYER picked up COBBLESTONE
[01:08:28][EntityPickupItemEvent]: PLAYER picked up COBBLESTONE
[01:08:28][EntityPickupItemEvent]: PLAYER picked up COBBLESTONE
[01:08:29][EntityPickupItemEvent]: PLAYER picked up COBBLESTONE
[01:08:30][EntityPickupItemEvent]: PLAYER picked up COBBLESTONE
[01:08:30][EntityPickupItemEvent]: PLAYER picked up COBBLESTONE
[01:08:31][EntityPickupItemEvent]: PLAYER picked up COBBLESTONE
[01:08:32][EntityPickupItemEvent]: PLAYER picked up COBBLESTONE
[01:08:35][EntityPickupItemEvent]: PLAYER picked up COBBLESTONE
[01:08:36][EntityPickupItemEvent]: PLAYER picked up COAL
[01:08:37][EntityPickupItemEvent]: PLAYER picked up COAL
[01:08:38][EntityPickupItemEvent]: PLAYER picked up COAL
[01:08:39][EntityPickupItemEvent]: PLAYER picked up COAL
[01:08:40][EntityPickupItemEvent]: PLAYER picked up COAL
[01:08:48][EntityPickupItemEvent]: PLAYER picked up ANDESITE
[01:08:48][EntityPickupItemEvent]: PLAYER picked up COBBLESTONE
[01:08:49][EntityPickupItemEvent]: PLAYER picked up ANDESITE
[01:08:50][EntityPickupItemEvent]: PLAYER picked up COBBLESTONE
[01:08:51][EntityPickupItemEvent]: PLAYER picked up ANDESITE
[01:08:51][EntityPickupItemEvent]: PLAYER picked up COBBLESTONE
[01:08:53][EntityPickupItemEvent]: PLAYER picked up LAPIS_LAZULI
[01:08:56][EntityPickupItemEvent]: PLAYER picked up ANDESITE
[01:08:56][EntityPickupItemEvent]: PLAYER picked up COBBLESTONE
[01:08:56][EntityPickupItemEvent]: PLAYER picked up COBBLESTONE
[01:08:57][EntityPickupItemEvent]: PLAYER picked up COBBLESTONE
[01:08:58][EntityPickupItemEvent]: PLAYER picked up COBBLESTONE
[01:09:33][EntityPickupItemEvent]: PLAYER picked up DIAMOND
[01:10:02][EntityPickupItemEvent]: PLAYER picked up IRON_ORE
[01:10:04][EntityPickupItemEvent]: PLAYER picked up IRON_ORE
[01:10:05][EntityPickupItemEvent]: PLAYER picked up COBBLESTONE
[01:12:15][EntityPickupItemEvent]: PLAYER picked up COBBLESTONE
[01:12:16][EntityPickupItemEvent]: PLAYER picked up COBBLESTONE
