[00:44:56][BlockBreakEvent]: breaked minecraft:sand on [world;-55;81;-74]
[00:47:38][BlockPlaceEvent]: placed minecraft:sand on [world;-130;97;-196]
[00:47:40][BlockBreakEvent]: breaked minecraft:sand on [world;-130;97;-196]
[00:47:46][BlockPlaceEvent]: placed minecraft:sand on [world;-127;96;-197]
[00:54:42][BlockBreakEvent]: breaked minecraft:stone on [world;-470;11;530]
[00:54:43][BlockBreakEvent]: breaked minecraft:stone on [world;-470;10;530]
[00:54:44][BlockBreakEvent]: breaked minecraft:stone on [world;-470;11;529]
[00:54:44][BlockBreakEvent]: breaked minecraft:stone on [world;-470;10;529]
[00:54:45][BlockBreakEvent]: breaked minecraft:stone on [world;-470;11;528]
[00:54:46][BlockBreakEvent]: breaked minecraft:stone on [world;-470;10;528]
[00:56:25][BlockBreakEvent]: breaked minecraft:stone on [world;-390;11;526]
[00:56:26][BlockBreakEvent]: breaked minecraft:stone on [world;-390;12;526]
[00:56:27][BlockBreakEvent]: breaked minecraft:stone on [world;-391;12;526]
[00:56:28][BlockBreakEvent]: breaked minecraft:stone on [world;-392;12;526]
[00:56:30][BlockBreakEvent]: breaked minecraft:stone on [world;-393;12;526]
[00:56:31][BlockBreakEvent]: breaked minecraft:stone on [world;-394;11;526]
[00:56:31][BlockBreakEvent]: breaked minecraft:stone on [world;-394;12;526]
[00:56:32][BlockBreakEvent]: breaked minecraft:stone on [world;-395;12;526]
[00:56:33][BlockBreakEvent]: breaked minecraft:stone on [world;-394;13;526]
[00:56:34][BlockBreakEvent]: breaked minecraft:stone on [world;-395;13;526]
[00:56:47][BlockBreakEvent]: breaked minecraft:stone on [world;-396;13;526]
[00:56:47][BlockBreakEvent]: breaked minecraft:stone on [world;-395;14;526]
[00:56:48][BlockBreakEvent]: breaked minecraft:stone on [world;-396;14;526]
[00:56:49][BlockBreakEvent]: breaked minecraft:stone on [world;-397;14;526]
[00:56:50][BlockBreakEvent]: breaked minecraft:stone on [world;-396;15;526]
[00:56:50][BlockBreakEvent]: breaked minecraft:stone on [world;-397;15;526]
[00:56:52][BlockBreakEvent]: breaked minecraft:stone on [world;-398;15;526]
[00:56:53][BlockBreakEvent]: breaked minecraft:stone on [world;-397;16;526]
[00:56:53][BlockBreakEvent]: breaked minecraft:stone on [world;-398;16;526]
[00:56:55][BlockBreakEvent]: breaked minecraft:stone on [world;-399;16;526]
[00:56:56][BlockBreakEvent]: breaked minecraft:stone on [world;-398;17;526]
[00:57:01][BlockBreakEvent]: breaked minecraft:stone on [world;-399;17;526]
[00:57:02][BlockBreakEvent]: breaked minecraft:stone on [world;-400;17;526]
[00:57:03][BlockBreakEvent]: breaked minecraft:stone on [world;-399;18;526]
[00:57:03][BlockBreakEvent]: breaked minecraft:stone on [world;-400;18;526]
[00:57:04][BlockBreakEvent]: breaked minecraft:stone on [world;-401;18;526]
[00:57:05][BlockBreakEvent]: breaked minecraft:stone on [world;-400;19;526]
[00:57:05][BlockBreakEvent]: breaked minecraft:stone on [world;-401;19;526]
[00:57:06][BlockBreakEvent]: breaked minecraft:stone on [world;-402;19;526]
[00:57:08][BlockBreakEvent]: breaked minecraft:coal_ore on [world;-400;19;525]
[00:57:09][BlockBreakEvent]: breaked minecraft:coal_ore on [world;-401;19;525]
[00:57:12][BlockBreakEvent]: breaked minecraft:coal_ore on [world;-401;19;524]
[00:57:13][BlockBreakEvent]: breaked minecraft:coal_ore on [world;-400;19;524]
[00:57:14][BlockBreakEvent]: breaked minecraft:stone on [world;-400;19;523]
[00:57:15][BlockBreakEvent]: breaked minecraft:stone on [world;-401;18;525]
[00:57:19][BlockBreakEvent]: breaked minecraft:coal_ore on [world;-401;20;526]
[00:57:20][BlockBreakEvent]: breaked minecraft:coal_ore on [world;-402;20;526]
[00:57:21][BlockBreakEvent]: breaked minecraft:stone on [world;-402;21;526]
[00:57:21][BlockBreakEvent]: breaked minecraft:stone on [world;-403;20;526]
[00:57:22][BlockBreakEvent]: breaked minecraft:stone on [world;-403;21;526]
[00:57:23][BlockBreakEvent]: breaked minecraft:stone on [world;-403;22;526]
[00:57:24][BlockBreakEvent]: breaked minecraft:stone on [world;-404;21;526]
[00:57:25][BlockBreakEvent]: breaked minecraft:stone on [world;-404;22;526]
[00:57:26][BlockBreakEvent]: breaked minecraft:stone on [world;-404;23;526]
[00:57:27][BlockBreakEvent]: breaked minecraft:stone on [world;-405;22;526]
[00:57:28][BlockBreakEvent]: breaked minecraft:stone on [world;-405;23;526]
[00:57:29][BlockBreakEvent]: breaked minecraft:stone on [world;-405;24;526]
[00:57:30][BlockBreakEvent]: breaked minecraft:stone on [world;-406;24;526]
[00:57:30][BlockBreakEvent]: breaked minecraft:stone on [world;-406;23;526]
[00:57:32][BlockBreakEvent]: breaked minecraft:stone on [world;-406;25;526]
[00:57:32][BlockBreakEvent]: breaked minecraft:stone on [world;-407;25;526]
[00:57:33][BlockBreakEvent]: breaked minecraft:stone on [world;-407;24;526]
[00:57:34][BlockBreakEvent]: breaked minecraft:stone on [world;-407;26;526]
[00:57:35][BlockBreakEvent]: breaked minecraft:stone on [world;-408;25;526]
[00:57:35][BlockBreakEvent]: breaked minecraft:stone on [world;-408;26;526]
[00:57:37][BlockBreakEvent]: breaked minecraft:stone on [world;-408;27;526]
[00:57:38][BlockBreakEvent]: breaked minecraft:stone on [world;-409;27;526]
[00:57:38][BlockBreakEvent]: breaked minecraft:stone on [world;-409;26;526]
[00:57:40][BlockBreakEvent]: breaked minecraft:stone on [world;-409;28;526]
[00:57:40][BlockBreakEvent]: breaked minecraft:stone on [world;-410;28;526]
[00:57:41][BlockBreakEvent]: breaked minecraft:stone on [world;-410;27;526]
[00:57:43][BlockBreakEvent]: breaked minecraft:stone on [world;-410;29;526]
[00:57:43][BlockBreakEvent]: breaked minecraft:stone on [world;-411;29;526]
[00:57:44][BlockBreakEvent]: breaked minecraft:stone on [world;-411;28;526]
[00:57:45][BlockBreakEvent]: breaked minecraft:stone on [world;-411;30;526]
[00:57:46][BlockBreakEvent]: breaked minecraft:stone on [world;-412;30;526]
[00:57:46][BlockBreakEvent]: breaked minecraft:stone on [world;-412;29;526]
[00:57:47][BlockBreakEvent]: breaked minecraft:stone on [world;-413;30;526]
[00:57:48][BlockBreakEvent]: breaked minecraft:stone on [world;-412;31;526]
[00:57:48][BlockBreakEvent]: breaked minecraft:stone on [world;-413;31;526]
[00:57:58][BlockBreakEvent]: breaked minecraft:stone on [world;-413;32;526]
[00:57:59][BlockBreakEvent]: breaked minecraft:stone on [world;-414;32;526]
[00:58:00][BlockBreakEvent]: breaked minecraft:stone on [world;-414;31;526]
[00:58:01][BlockBreakEvent]: breaked minecraft:stone on [world;-414;33;526]
[00:58:02][BlockBreakEvent]: breaked minecraft:stone on [world;-415;33;526]
[00:58:03][BlockBreakEvent]: breaked minecraft:stone on [world;-415;32;526]
[00:58:04][BlockBreakEvent]: breaked minecraft:stone on [world;-415;34;526]
[00:58:05][BlockBreakEvent]: breaked minecraft:stone on [world;-416;34;526]
[00:58:05][BlockBreakEvent]: breaked minecraft:stone on [world;-416;33;526]
[00:58:44][BlockBreakEvent]: breaked minecraft:stone on [world;-417;34;526]
[00:58:45][BlockBreakEvent]: breaked minecraft:stone on [world;-416;35;526]
[00:58:46][BlockBreakEvent]: breaked minecraft:stone on [world;-417;35;526]
[00:58:46][BlockBreakEvent]: breaked minecraft:stone on [world;-418;35;526]
[00:58:47][BlockBreakEvent]: breaked minecraft:stone on [world;-417;36;526]
[00:58:48][BlockBreakEvent]: breaked minecraft:stone on [world;-418;36;526]
[00:58:49][BlockBreakEvent]: breaked minecraft:stone on [world;-419;36;526]
[00:58:50][BlockBreakEvent]: breaked minecraft:stone on [world;-418;37;526]
[00:58:50][BlockBreakEvent]: breaked minecraft:stone on [world;-419;37;526]
[00:58:51][BlockBreakEvent]: breaked minecraft:stone on [world;-419;38;526]
[00:58:52][BlockBreakEvent]: breaked minecraft:stone on [world;-420;37;526]
[00:58:53][BlockBreakEvent]: breaked minecraft:stone on [world;-420;38;526]
[00:58:54][BlockBreakEvent]: breaked minecraft:stone on [world;-420;39;526]
[00:58:54][BlockBreakEvent]: breaked minecraft:stone on [world;-421;39;526]
[00:58:55][BlockBreakEvent]: breaked minecraft:stone on [world;-421;38;526]
[00:58:57][BlockBreakEvent]: breaked minecraft:stone on [world;-421;40;526]
[00:58:57][BlockBreakEvent]: breaked minecraft:stone on [world;-422;40;526]
[00:58:58][BlockBreakEvent]: breaked minecraft:stone on [world;-422;39;526]
[00:58:59][BlockBreakEvent]: breaked minecraft:stone on [world;-422;41;526]
[00:59:00][BlockBreakEvent]: breaked minecraft:stone on [world;-423;41;526]
[00:59:00][BlockBreakEvent]: breaked minecraft:stone on [world;-423;40;526]
[00:59:01][BlockBreakEvent]: breaked minecraft:stone on [world;-423;42;526]
[00:59:05][BlockBreakEvent]: breaked minecraft:stone on [world;-424;42;526]
[00:59:05][BlockBreakEvent]: breaked minecraft:stone on [world;-424;41;526]
[00:59:06][BlockBreakEvent]: breaked minecraft:stone on [world;-424;43;526]
[01:00:03][BlockBreakEvent]: breaked minecraft:stone on [world;-425;42;526]
[01:00:03][BlockBreakEvent]: breaked minecraft:stone on [world;-425;43;526]
[01:00:04][BlockBreakEvent]: breaked minecraft:stone on [world;-426;43;526]
[01:00:05][BlockBreakEvent]: breaked minecraft:stone on [world;-425;44;526]
[01:00:06][BlockBreakEvent]: breaked minecraft:stone on [world;-426;44;526]
[01:00:07][BlockBreakEvent]: breaked minecraft:stone on [world;-427;44;526]
[01:00:07][BlockBreakEvent]: breaked minecraft:stone on [world;-426;45;526]
[01:00:09][BlockBreakEvent]: breaked minecraft:andesite on [world;-427;45;526]
[01:00:10][BlockBreakEvent]: breaked minecraft:andesite on [world;-428;45;526]
[01:00:10][BlockBreakEvent]: breaked minecraft:stone on [world;-427;46;526]
[01:00:11][BlockBreakEvent]: breaked minecraft:andesite on [world;-428;46;526]
[01:00:12][BlockBreakEvent]: breaked minecraft:andesite on [world;-429;46;526]
[01:00:13][BlockBreakEvent]: breaked minecraft:stone on [world;-428;47;526]
[01:00:13][BlockBreakEvent]: breaked minecraft:stone on [world;-429;47;526]
[01:00:14][BlockBreakEvent]: breaked minecraft:stone on [world;-430;47;526]
[01:00:15][BlockBreakEvent]: breaked minecraft:stone on [world;-429;48;526]
[01:00:16][BlockBreakEvent]: breaked minecraft:stone on [world;-430;48;526]
[01:00:16][BlockBreakEvent]: breaked minecraft:stone on [world;-431;48;526]
[01:00:17][BlockBreakEvent]: breaked minecraft:stone on [world;-430;49;526]
[01:00:18][BlockBreakEvent]: breaked minecraft:stone on [world;-431;49;526]
[01:00:19][BlockBreakEvent]: breaked minecraft:stone on [world;-432;49;526]
[01:00:19][BlockBreakEvent]: breaked minecraft:stone on [world;-432;50;526]
[01:00:20][BlockBreakEvent]: breaked minecraft:stone on [world;-431;50;526]
[01:00:22][BlockBreakEvent]: breaked minecraft:stone on [world;-432;51;526]
[01:00:22][BlockBreakEvent]: breaked minecraft:stone on [world;-433;51;526]
[01:00:25][BlockBreakEvent]: breaked minecraft:stone on [world;-433;50;526]
[01:00:26][BlockBreakEvent]: breaked minecraft:stone on [world;-433;52;526]
[01:00:27][BlockBreakEvent]: breaked minecraft:stone on [world;-434;51;526]
[01:00:28][BlockBreakEvent]: breaked minecraft:stone on [world;-434;52;526]
[01:00:29][BlockBreakEvent]: breaked minecraft:stone on [world;-434;53;526]
[01:00:29][BlockBreakEvent]: breaked minecraft:stone on [world;-435;53;526]
[01:00:30][BlockBreakEvent]: breaked minecraft:stone on [world;-435;52;526]
[01:00:31][BlockBreakEvent]: breaked minecraft:stone on [world;-436;53;526]
[01:00:32][BlockBreakEvent]: breaked minecraft:stone on [world;-436;54;526]
[01:00:33][BlockBreakEvent]: breaked minecraft:stone on [world;-435;54;526]
[01:00:34][BlockBreakEvent]: breaked minecraft:stone on [world;-437;54;526]
[01:00:35][BlockBreakEvent]: breaked minecraft:stone on [world;-437;55;526]
[01:00:36][BlockBreakEvent]: breaked minecraft:stone on [world;-436;55;526]
[01:00:36][BlockBreakEvent]: breaked minecraft:stone on [world;-438;55;526]
[01:00:37][BlockBreakEvent]: breaked minecraft:stone on [world;-437;56;526]
[01:00:38][BlockBreakEvent]: breaked minecraft:stone on [world;-438;56;526]
[01:00:38][BlockBreakEvent]: breaked minecraft:stone on [world;-438;57;526]
[01:00:39][BlockBreakEvent]: breaked minecraft:stone on [world;-439;57;526]
[01:00:39][BlockBreakEvent]: breaked minecraft:stone on [world;-439;56;526]
[01:00:41][BlockBreakEvent]: breaked minecraft:stone on [world;-439;58;526]
[01:00:41][BlockBreakEvent]: breaked minecraft:stone on [world;-440;58;526]
[01:00:42][BlockBreakEvent]: breaked minecraft:stone on [world;-441;58;526]
[01:00:42][BlockBreakEvent]: breaked minecraft:stone on [world;-440;57;526]
[01:00:43][BlockBreakEvent]: breaked minecraft:stone on [world;-442;58;526]
[01:00:44][BlockBreakEvent]: breaked minecraft:stone on [world;-440;59;526]
[01:00:44][BlockBreakEvent]: breaked minecraft:stone on [world;-441;59;526]
[01:00:45][BlockBreakEvent]: breaked minecraft:stone on [world;-442;59;526]
[01:00:46][BlockBreakEvent]: breaked minecraft:stone on [world;-442;60;526]
[01:00:47][BlockBreakEvent]: breaked minecraft:stone on [world;-441;60;526]
[01:00:47][BlockBreakEvent]: breaked minecraft:stone on [world;-443;60;526]
[01:00:49][BlockBreakEvent]: breaked minecraft:stone on [world;-443;59;526]
[01:00:50][BlockBreakEvent]: breaked minecraft:stone on [world;-443;61;526]
[01:00:51][BlockBreakEvent]: breaked minecraft:stone on [world;-444;61;526]
[01:00:51][BlockBreakEvent]: breaked minecraft:stone on [world;-444;60;526]
[01:00:52][BlockBreakEvent]: breaked minecraft:stone on [world;-444;62;526]
[01:00:53][BlockBreakEvent]: breaked minecraft:stone on [world;-445;62;526]
[01:00:54][BlockBreakEvent]: breaked minecraft:stone on [world;-445;61;526]
[01:00:55][BlockBreakEvent]: breaked minecraft:stone on [world;-445;63;526]
[01:00:56][BlockBreakEvent]: breaked minecraft:stone on [world;-446;63;526]
[01:00:57][BlockBreakEvent]: breaked minecraft:stone on [world;-446;62;526]
[01:00:58][BlockBreakEvent]: breaked minecraft:stone on [world;-447;63;526]
[01:03:45][BlockBreakEvent]: breaked minecraft:sweet_berry_bush[age=3] on [world;-297;64;520]
[01:04:33][BlockBreakEvent]: breaked minecraft:oak_leaves[distance=3,persistent=false] on [world;-189;67;444]
[01:05:20][BlockBreakEvent]: breaked minecraft:grass_block[snowy=false] on [world;-191;66;311]
[01:05:21][BlockBreakEvent]: breaked minecraft:dirt on [world;-191;65;311]
[01:05:21][BlockBreakEvent]: breaked minecraft:diorite on [world;-191;64;311]
[01:05:23][BlockBreakEvent]: breaked minecraft:dirt on [world;-190;64;311]
[01:05:24][BlockBreakEvent]: breaked minecraft:stone on [world;-191;63;311]
[01:05:25][BlockBreakEvent]: breaked minecraft:stone on [world;-190;63;311]
[01:05:25][BlockBreakEvent]: breaked minecraft:stone on [world;-190;62;311]
[01:05:26][BlockBreakEvent]: breaked minecraft:stone on [world;-189;63;311]
[01:05:27][BlockBreakEvent]: breaked minecraft:stone on [world;-189;62;311]
[01:05:27][BlockBreakEvent]: breaked minecraft:stone on [world;-189;61;311]
[01:05:28][BlockBreakEvent]: breaked minecraft:stone on [world;-188;62;311]
[01:05:28][BlockBreakEvent]: breaked minecraft:stone on [world;-188;61;311]
[01:05:29][BlockBreakEvent]: breaked minecraft:stone on [world;-188;60;311]
[01:05:30][BlockBreakEvent]: breaked minecraft:stone on [world;-187;61;311]
[01:05:30][BlockBreakEvent]: breaked minecraft:stone on [world;-187;60;311]
[01:05:31][BlockBreakEvent]: breaked minecraft:stone on [world;-187;59;311]
[01:05:32][BlockBreakEvent]: breaked minecraft:stone on [world;-186;60;311]
[01:05:32][BlockBreakEvent]: breaked minecraft:stone on [world;-186;59;311]
[01:05:33][BlockBreakEvent]: breaked minecraft:stone on [world;-186;58;311]
[01:05:34][BlockBreakEvent]: breaked minecraft:stone on [world;-185;59;311]
[01:05:35][BlockBreakEvent]: breaked minecraft:stone on [world;-185;58;311]
[01:05:35][BlockBreakEvent]: breaked minecraft:stone on [world;-185;57;311]
[01:05:36][BlockBreakEvent]: breaked minecraft:stone on [world;-185;56;311]
[01:05:36][BlockBreakEvent]: breaked minecraft:stone on [world;-186;57;311]
[01:05:37][BlockBreakEvent]: breaked minecraft:stone on [world;-186;56;311]
[01:05:38][BlockBreakEvent]: breaked minecraft:stone on [world;-185;55;311]
[01:05:38][BlockBreakEvent]: breaked minecraft:stone on [world;-185;54;311]
[01:05:39][BlockBreakEvent]: breaked minecraft:stone on [world;-185;53;311]
[01:05:40][BlockBreakEvent]: breaked minecraft:stone on [world;-185;52;311]
[01:05:40][BlockBreakEvent]: breaked minecraft:stone on [world;-185;51;311]
[01:05:41][BlockBreakEvent]: breaked minecraft:stone on [world;-185;50;311]
[01:05:41][BlockBreakEvent]: breaked minecraft:stone on [world;-185;49;311]
[01:05:42][BlockBreakEvent]: breaked minecraft:stone on [world;-185;48;311]
[01:05:43][BlockBreakEvent]: breaked minecraft:stone on [world;-185;47;311]
[01:05:43][BlockBreakEvent]: breaked minecraft:stone on [world;-185;46;311]
[01:05:44][BlockBreakEvent]: breaked minecraft:stone on [world;-185;45;311]
[01:05:45][BlockBreakEvent]: breaked minecraft:stone on [world;-185;44;311]
[01:05:45][BlockBreakEvent]: breaked minecraft:stone on [world;-185;43;311]
[01:05:46][BlockBreakEvent]: breaked minecraft:stone on [world;-185;42;311]
[01:05:46][BlockBreakEvent]: breaked minecraft:diorite on [world;-185;41;311]
[01:05:47][BlockBreakEvent]: breaked minecraft:diorite on [world;-185;40;311]
[01:05:48][BlockBreakEvent]: breaked minecraft:stone on [world;-185;39;311]
[01:05:48][BlockBreakEvent]: breaked minecraft:stone on [world;-185;38;311]
[01:05:49][BlockBreakEvent]: breaked minecraft:stone on [world;-185;37;311]
[01:05:49][BlockBreakEvent]: breaked minecraft:stone on [world;-185;36;311]
[01:05:50][BlockBreakEvent]: breaked minecraft:stone on [world;-185;35;311]
[01:05:51][BlockBreakEvent]: breaked minecraft:stone on [world;-185;34;311]
[01:05:51][BlockBreakEvent]: breaked minecraft:stone on [world;-185;33;311]
[01:05:52][BlockBreakEvent]: breaked minecraft:stone on [world;-185;32;311]
[01:05:52][BlockBreakEvent]: breaked minecraft:stone on [world;-185;31;311]
[01:05:53][BlockBreakEvent]: breaked minecraft:stone on [world;-185;30;311]
[01:05:54][BlockBreakEvent]: breaked minecraft:stone on [world;-185;29;311]
[01:05:54][BlockBreakEvent]: breaked minecraft:stone on [world;-185;28;311]
[01:05:55][BlockBreakEvent]: breaked minecraft:stone on [world;-185;27;311]
[01:05:55][BlockBreakEvent]: breaked minecraft:stone on [world;-185;26;311]
[01:05:56][BlockBreakEvent]: breaked minecraft:stone on [world;-185;25;311]
[01:05:57][BlockBreakEvent]: breaked minecraft:stone on [world;-185;24;311]
[01:05:57][BlockBreakEvent]: breaked minecraft:stone on [world;-185;23;311]
[01:05:58][BlockBreakEvent]: breaked minecraft:stone on [world;-185;22;311]
[01:05:58][BlockBreakEvent]: breaked minecraft:stone on [world;-185;21;311]
[01:05:59][BlockBreakEvent]: breaked minecraft:stone on [world;-185;20;311]
[01:06:00][BlockBreakEvent]: breaked minecraft:stone on [world;-185;19;311]
[01:06:00][BlockBreakEvent]: breaked minecraft:stone on [world;-185;18;311]
[01:06:01][BlockBreakEvent]: breaked minecraft:stone on [world;-185;17;311]
[01:06:01][BlockBreakEvent]: breaked minecraft:stone on [world;-185;16;311]
[01:06:02][BlockBreakEvent]: breaked minecraft:stone on [world;-185;15;311]
[01:06:03][BlockBreakEvent]: breaked minecraft:stone on [world;-185;14;311]
[01:06:04][BlockBreakEvent]: breaked minecraft:stone on [world;-185;13;311]
[01:06:05][BlockBreakEvent]: breaked minecraft:stone on [world;-185;12;311]
[01:06:05][BlockBreakEvent]: breaked minecraft:stone on [world;-185;11;311]
[01:06:06][BlockBreakEvent]: breaked minecraft:stone on [world;-185;10;311]
[01:06:14][BlockBreakEvent]: breaked minecraft:stone on [world;-185;11;312]
[01:06:15][BlockBreakEvent]: breaked minecraft:stone on [world;-185;10;312]
[01:06:15][BlockBreakEvent]: breaked minecraft:stone on [world;-186;11;312]
[01:06:16][BlockBreakEvent]: breaked minecraft:stone on [world;-186;10;312]
[01:06:16][BlockBreakEvent]: breaked minecraft:stone on [world;-187;11;312]
[01:06:17][BlockBreakEvent]: breaked minecraft:stone on [world;-187;10;312]
[01:06:18][BlockBreakEvent]: breaked minecraft:stone on [world;-187;11;313]
[01:06:18][BlockBreakEvent]: breaked minecraft:stone on [world;-187;10;313]
[01:06:20][BlockBreakEvent]: breaked minecraft:coal_ore on [world;-186;11;313]
[01:06:21][BlockBreakEvent]: breaked minecraft:coal_ore on [world;-187;11;314]
[01:06:22][BlockBreakEvent]: breaked minecraft:coal_ore on [world;-187;10;314]
[01:06:22][BlockBreakEvent]: breaked minecraft:coal_ore on [world;-186;11;314]
[01:06:24][BlockBreakEvent]: breaked minecraft:coal_ore on [world;-187;11;315]
[01:06:26][BlockBreakEvent]: breaked minecraft:coal_ore on [world;-186;10;314]
[01:06:27][BlockBreakEvent]: breaked minecraft:coal_ore on [world;-187;10;315]
[01:06:28][BlockBreakEvent]: breaked minecraft:coal_ore on [world;-187;11;316]
[01:06:29][BlockBreakEvent]: breaked minecraft:stone on [world;-187;10;316]
[01:06:30][BlockBreakEvent]: breaked minecraft:coal_ore on [world;-188;11;315]
[01:06:31][BlockBreakEvent]: breaked minecraft:coal_ore on [world;-188;10;315]
[01:06:32][BlockBreakEvent]: breaked minecraft:coal_ore on [world;-188;11;316]
[01:06:33][BlockBreakEvent]: breaked minecraft:coal_ore on [world;-188;11;314]
[01:07:01][BlockBreakEvent]: breaked minecraft:stone on [world;-164;11;316]
[01:07:32][BlockBreakEvent]: breaked minecraft:stone on [world;-164;10;316]
[01:07:33][BlockBreakEvent]: breaked minecraft:stone on [world;-164;11;315]
[01:07:34][BlockBreakEvent]: breaked minecraft:stone on [world;-164;10;315]
[01:07:34][BlockBreakEvent]: breaked minecraft:stone on [world;-164;11;314]
[01:07:35][BlockBreakEvent]: breaked minecraft:stone on [world;-164;10;314]
[01:07:35][BlockBreakEvent]: breaked minecraft:stone on [world;-164;11;313]
[01:07:36][BlockBreakEvent]: breaked minecraft:stone on [world;-164;10;313]
[01:07:37][BlockBreakEvent]: breaked minecraft:stone on [world;-164;11;312]
[01:07:37][BlockBreakEvent]: breaked minecraft:stone on [world;-164;10;312]
[01:07:38][BlockBreakEvent]: breaked minecraft:redstone_ore[lit=true] on [world;-165;11;313]
[01:07:39][BlockBreakEvent]: breaked minecraft:redstone_ore[lit=false] on [world;-165;10;313]
[01:07:40][BlockBreakEvent]: breaked minecraft:redstone_ore[lit=true] on [world;-165;11;312]
[01:07:41][BlockBreakEvent]: breaked minecraft:redstone_ore[lit=true] on [world;-165;10;312]
[01:07:42][BlockBreakEvent]: breaked minecraft:redstone_ore[lit=true] on [world;-166;11;312]
[01:07:43][BlockBreakEvent]: breaked minecraft:redstone_ore[lit=true] on [world;-166;10;312]
[01:07:44][BlockBreakEvent]: breaked minecraft:redstone_ore[lit=true] on [world;-166;10;313]
[01:07:45][BlockBreakEvent]: breaked minecraft:stone on [world;-164;11;311]
[01:07:45][BlockBreakEvent]: breaked minecraft:stone on [world;-164;10;311]
[01:07:46][BlockBreakEvent]: breaked minecraft:stone on [world;-164;11;310]
[01:07:47][BlockBreakEvent]: breaked minecraft:stone on [world;-164;10;310]
[01:07:47][BlockBreakEvent]: breaked minecraft:stone on [world;-164;11;309]
[01:07:48][BlockBreakEvent]: breaked minecraft:iron_ore on [world;-164;10;309]
[01:07:49][BlockBreakEvent]: breaked minecraft:iron_ore on [world;-163;11;309]
[01:07:50][BlockBreakEvent]: breaked minecraft:iron_ore on [world;-163;10;309]
[01:07:51][BlockBreakEvent]: breaked minecraft:iron_ore on [world;-163;10;310]
[01:07:52][BlockBreakEvent]: breaked minecraft:iron_ore on [world;-162;10;309]
[01:07:53][BlockBreakEvent]: breaked minecraft:iron_ore on [world;-162;10;310]
[01:07:54][BlockBreakEvent]: breaked minecraft:iron_ore on [world;-163;10;308]
[01:07:55][BlockBreakEvent]: breaked minecraft:iron_ore on [world;-164;10;308]
[01:07:56][BlockBreakEvent]: breaked minecraft:stone on [world;-163;11;310]
[01:07:57][BlockBreakEvent]: breaked minecraft:stone on [world;-163;9;310]
[01:07:58][BlockBreakEvent]: breaked minecraft:iron_ore on [world;-162;9;310]
[01:08:01][BlockBreakEvent]: breaked minecraft:stone on [world;-164;11;308]
[01:08:02][BlockBreakEvent]: breaked minecraft:iron_ore on [world;-164;9;308]
[01:08:03][BlockBreakEvent]: breaked minecraft:stone on [world;-164;9;307]
[01:08:03][BlockBreakEvent]: breaked minecraft:stone on [world;-164;10;307]
[01:08:04][BlockBreakEvent]: breaked minecraft:stone on [world;-164;10;306]
[01:08:05][BlockBreakEvent]: breaked minecraft:stone on [world;-164;11;307]
[01:08:14][BlockPlaceEvent]: placed minecraft:torch on [world;-164;9;308]
[01:08:16][BlockBreakEvent]: breaked minecraft:stone on [world;-164;11;306]
[01:08:17][BlockBreakEvent]: breaked minecraft:stone on [world;-164;11;305]
[01:08:18][BlockBreakEvent]: breaked minecraft:stone on [world;-164;10;305]
[01:08:18][BlockBreakEvent]: breaked minecraft:stone on [world;-164;11;304]
[01:08:19][BlockBreakEvent]: breaked minecraft:coal_ore on [world;-164;10;304]
[01:08:20][BlockBreakEvent]: breaked minecraft:stone on [world;-164;11;303]
[01:08:21][BlockBreakEvent]: breaked minecraft:stone on [world;-164;11;302]
[01:08:22][BlockBreakEvent]: breaked minecraft:coal_ore on [world;-164;10;303]
[01:08:23][BlockBreakEvent]: breaked minecraft:coal_ore on [world;-164;10;302]
[01:08:24][BlockBreakEvent]: breaked minecraft:stone on [world;-164;11;301]
[01:08:24][BlockBreakEvent]: breaked minecraft:stone on [world;-164;10;301]
[01:08:25][BlockBreakEvent]: breaked minecraft:stone on [world;-164;11;300]
[01:08:26][BlockBreakEvent]: breaked minecraft:stone on [world;-164;10;300]
[01:08:26][BlockBreakEvent]: breaked minecraft:stone on [world;-164;11;299]
[01:08:27][BlockBreakEvent]: breaked minecraft:stone on [world;-164;10;299]
[01:08:27][BlockBreakEvent]: breaked minecraft:stone on [world;-164;11;298]
[01:08:28][BlockBreakEvent]: breaked minecraft:stone on [world;-164;10;298]
[01:08:29][BlockBreakEvent]: breaked minecraft:stone on [world;-164;11;297]
[01:08:29][BlockBreakEvent]: breaked minecraft:stone on [world;-164;10;297]
[01:08:30][BlockBreakEvent]: breaked minecraft:stone on [world;-164;11;296]
[01:08:30][BlockBreakEvent]: breaked minecraft:stone on [world;-164;10;296]
[01:08:32][BlockBreakEvent]: breaked minecraft:stone on [world;-164;10;295]
[01:08:34][BlockBreakEvent]: breaked minecraft:stone on [world;-164;9;300]
[01:08:36][BlockBreakEvent]: breaked minecraft:coal_ore on [world;-164;9;301]
[01:08:36][BlockBreakEvent]: breaked minecraft:coal_ore on [world;-164;9;302]
[01:08:37][BlockBreakEvent]: breaked minecraft:coal_ore on [world;-164;9;303]
[01:08:38][BlockBreakEvent]: breaked minecraft:coal_ore on [world;-164;9;304]
[01:08:39][BlockBreakEvent]: breaked minecraft:coal_ore on [world;-164;9;305]
[01:08:47][BlockBreakEvent]: breaked minecraft:andesite on [world;-159;11;324]
[01:08:48][BlockBreakEvent]: breaked minecraft:stone on [world;-159;10;324]
[01:08:49][BlockBreakEvent]: breaked minecraft:andesite on [world;-159;11;325]
[01:08:49][BlockBreakEvent]: breaked minecraft:stone on [world;-159;10;325]
[01:08:50][BlockBreakEvent]: breaked minecraft:andesite on [world;-159;11;326]
[01:08:50][BlockBreakEvent]: breaked minecraft:stone on [world;-159;10;326]
[01:08:51][BlockBreakEvent]: breaked minecraft:lapis_ore on [world;-158;11;326]
[01:08:52][BlockBreakEvent]: breaked minecraft:lapis_ore on [world;-158;10;326]
[01:08:55][BlockBreakEvent]: breaked minecraft:andesite on [world;-159;11;327]
[01:08:55][BlockBreakEvent]: breaked minecraft:stone on [world;-159;10;327]
[01:08:56][BlockBreakEvent]: breaked minecraft:stone on [world;-159;10;328]
[01:08:57][BlockBreakEvent]: breaked minecraft:stone on [world;-159;11;329]
[01:08:57][BlockBreakEvent]: breaked minecraft:stone on [world;-159;10;329]
[01:08:58][BlockBreakEvent]: breaked minecraft:stone on [world;-159;11;330]
[01:10:02][BlockBreakEvent]: breaked minecraft:iron_ore on [world;-194;12;318]
[01:10:03][BlockBreakEvent]: breaked minecraft:iron_ore on [world;-195;11;317]
[01:10:04][BlockBreakEvent]: breaked minecraft:iron_ore on [world;-194;11;318]
[01:10:05][BlockBreakEvent]: breaked minecraft:stone on [world;-195;11;318]
[01:11:25][BlockPlaceEvent]: placed minecraft:cobblestone on [world;-226;13;251]
[01:12:14][BlockBreakEvent]: breaked minecraft:stone on [world;-226;15;252]
[01:12:15][BlockBreakEvent]: breaked minecraft:stone on [world;-226;16;252]
[01:12:16][BlockBreakEvent]: breaked minecraft:stone on [world;-226;17;252]
[01:12:16][BlockBreakEvent]: breaked minecraft:stone on [world;-226;18;252]
[01:12:17][BlockBreakEvent]: breaked minecraft:stone on [world;-226;19;252]
[01:14:57][BlockBreakEvent]: breaked minecraft:stone on [world;-226;14;251]
[01:15:02][BlockBreakEvent]: breaked minecraft:coal_ore on [world;-228;15;240]
[01:15:05][BlockBreakEvent]: breaked minecraft:stone on [world;-227;12;237]
[01:15:16][BlockBreakEvent]: breaked minecraft:stone on [world;-228;14;234]
[01:15:16][BlockBreakEvent]: breaked minecraft:stone on [world;-228;13;234]
[01:15:17][BlockBreakEvent]: breaked minecraft:stone on [world;-229;14;234]
[01:15:18][BlockBreakEvent]: breaked minecraft:stone on [world;-229;13;234]
[01:15:18][BlockBreakEvent]: breaked minecraft:stone on [world;-230;14;234]
[01:15:19][BlockBreakEvent]: breaked minecraft:stone on [world;-230;13;234]
[01:15:19][BlockBreakEvent]: breaked minecraft:stone on [world;-231;14;234]
[01:15:20][BlockBreakEvent]: breaked minecraft:stone on [world;-231;13;234]
[01:15:21][BlockBreakEvent]: breaked minecraft:stone on [world;-232;14;234]
[01:15:21][BlockBreakEvent]: breaked minecraft:stone on [world;-232;13;234]
[01:15:22][BlockBreakEvent]: breaked minecraft:stone on [world;-233;14;234]
[01:15:22][BlockBreakEvent]: breaked minecraft:stone on [world;-233;13;234]
[01:15:23][BlockBreakEvent]: breaked minecraft:stone on [world;-234;14;234]
[01:15:24][BlockBreakEvent]: breaked minecraft:stone on [world;-234;13;234]
[01:15:24][BlockBreakEvent]: breaked minecraft:stone on [world;-235;14;234]
[01:15:25][BlockBreakEvent]: breaked minecraft:stone on [world;-236;14;234]
[01:15:25][BlockBreakEvent]: breaked minecraft:stone on [world;-235;13;234]
[01:15:26][BlockBreakEvent]: breaked minecraft:stone on [world;-236;13;234]
[01:15:36][BlockPlaceEvent]: placed minecraft:cobblestone on [world;-230;13;222]
[01:15:37][BlockPlaceEvent]: placed minecraft:cobblestone on [world;-231;13;223]
[01:15:39][BlockBreakEvent]: breaked minecraft:iron_ore on [world;-229;12;224]
[01:15:40][BlockBreakEvent]: breaked minecraft:iron_ore on [world;-229;12;225]
[01:15:46][BlockBreakEvent]: breaked minecraft:stone on [world;-230;12;225]
[01:15:47][BlockBreakEvent]: breaked minecraft:coal_ore on [world;-231;12;225]
[01:15:48][BlockBreakEvent]: breaked minecraft:coal_ore on [world;-231;11;225]
[01:15:48][BlockBreakEvent]: breaked minecraft:stone on [world;-230;11;225]
[01:15:49][BlockBreakEvent]: breaked minecraft:stone on [world;-230;11;224]
[01:15:51][BlockBreakEvent]: breaked minecraft:cobblestone on [world;-229;13;222]
[01:15:53][BlockBreakEvent]: breaked minecraft:coal_ore on [world;-231;12;221]
[01:15:56][BlockBreakEvent]: breaked minecraft:coal_ore on [world;-232;12;220]
[01:15:57][BlockBreakEvent]: breaked minecraft:coal_ore on [world;-231;11;221]
[01:15:58][BlockBreakEvent]: breaked minecraft:coal_ore on [world;-232;11;221]
[01:16:00][BlockBreakEvent]: breaked minecraft:coal_ore on [world;-232;11;220]
[01:16:00][BlockBreakEvent]: breaked minecraft:stone on [world;-232;12;219]
[01:16:28][BlockBreakEvent]: breaked minecraft:redstone_ore[lit=true] on [world;-247;10;206]
[01:16:29][BlockBreakEvent]: breaked minecraft:stone on [world;-247;11;206]
[01:16:37][BlockPlaceEvent]: placed minecraft:wall_torch[facing=south] on [world;-247;11;199]
[01:16:54][BlockBreakEvent]: breaked minecraft:stone on [world;-259;16;196]
[01:16:54][BlockBreakEvent]: breaked minecraft:stone on [world;-259;17;196]
[01:16:55][BlockBreakEvent]: breaked minecraft:stone on [world;-260;17;195]
[01:16:56][BlockBreakEvent]: breaked minecraft:stone on [world;-260;16;195]
[01:16:57][BlockBreakEvent]: breaked minecraft:stone on [world;-261;17;195]
[01:16:57][BlockBreakEvent]: breaked minecraft:stone on [world;-261;16;195]
[01:16:58][BlockBreakEvent]: breaked minecraft:stone on [world;-261;17;194]
[01:16:59][BlockBreakEvent]: breaked minecraft:stone on [world;-261;16;194]
[01:17:03][BlockPlaceEvent]: placed minecraft:cobblestone on [world;-260;16;194]
[01:17:04][BlockPlaceEvent]: placed minecraft:cobblestone on [world;-260;17;194]
[01:17:04][BlockPlaceEvent]: placed minecraft:cobblestone on [world;-260;18;194]
[01:17:05][BlockPlaceEvent]: placed minecraft:cobblestone on [world;-260;19;194]
[01:17:05][BlockPlaceEvent]: placed minecraft:cobblestone on [world;-260;20;194]
[01:17:09][BlockPlaceEvent]: placed minecraft:cobblestone on [world;-260;21;190]
[01:17:10][BlockPlaceEvent]: placed minecraft:cobblestone on [world;-260;21;191]
[01:17:10][BlockPlaceEvent]: placed minecraft:cobblestone on [world;-260;21;192]
[01:17:10][BlockPlaceEvent]: placed minecraft:cobblestone on [world;-260;21;193]
[01:17:19][BlockBreakEvent]: breaked minecraft:stone on [world;-260;23;194]
[01:18:19][BlockBreakEvent]: breaked minecraft:stone on [world;-223;24;255]
[01:18:20][BlockBreakEvent]: breaked minecraft:stone on [world;-223;25;256]
[01:18:31][BlockPlaceEvent]: placed minecraft:torch on [world;-220;25;265]
[01:18:32][BlockPlaceEvent]: placed minecraft:torch on [world;-218;25;270]
[01:18:32][BlockPlaceEvent]: placed minecraft:torch on [world;-216;25;273]
[01:18:33][BlockPlaceEvent]: placed minecraft:torch on [world;-212;25;277]
[01:18:34][BlockPlaceEvent]: placed minecraft:torch on [world;-208;26;281]
[01:18:38][BlockBreakEvent]: breaked minecraft:iron_ore on [world;-214;24;276]
[01:18:39][BlockBreakEvent]: breaked minecraft:iron_ore on [world;-214;24;275]
[01:18:40][BlockBreakEvent]: breaked minecraft:iron_ore on [world;-214;24;274]
[01:18:41][BlockBreakEvent]: breaked minecraft:iron_ore on [world;-215;24;275]
[01:18:42][BlockBreakEvent]: breaked minecraft:iron_ore on [world;-215;24;274]
[01:18:43][BlockBreakEvent]: breaked minecraft:iron_ore on [world;-214;23;276]
[01:18:48][BlockBreakEvent]: breaked minecraft:iron_ore on [world;-222;26;263]
[01:18:49][BlockBreakEvent]: breaked minecraft:iron_ore on [world;-222;27;263]
[01:19:01][BlockBreakEvent]: breaked minecraft:iron_ore on [world;-233;28;256]
[01:19:02][BlockBreakEvent]: breaked minecraft:iron_ore on [world;-233;27;256]
[01:19:04][BlockBreakEvent]: breaked minecraft:iron_ore on [world;-233;27;255]
[01:19:05][BlockBreakEvent]: breaked minecraft:stone on [world;-233;28;255]
[01:19:08][BlockPlaceEvent]: placed minecraft:cobblestone on [world;-233;27;256]
[01:19:08][BlockPlaceEvent]: placed minecraft:cobblestone on [world;-233;28;256]
[01:19:10][BlockPlaceEvent]: placed minecraft:torch on [world;-233;27;255]
[01:19:59][BlockBreakEvent]: breaked minecraft:stone on [world;-233;28;254]
[01:20:00][BlockBreakEvent]: breaked minecraft:iron_ore on [world;-233;27;254]
[01:20:01][BlockBreakEvent]: breaked minecraft:iron_ore on [world;-234;27;255]
[01:20:02][BlockBreakEvent]: breaked minecraft:iron_ore on [world;-234;27;254]
[01:20:03][BlockBreakEvent]: breaked minecraft:granite on [world;-234;28;254]
[01:20:05][BlockBreakEvent]: breaked minecraft:iron_ore on [world;-234;26;254]
[01:20:10][BlockBreakEvent]: breaked minecraft:stone on [world;-232;28;254]
[01:20:10][BlockBreakEvent]: breaked minecraft:stone on [world;-232;27;254]
[01:20:11][BlockBreakEvent]: breaked minecraft:stone on [world;-231;28;254]
[01:20:12][BlockBreakEvent]: breaked minecraft:stone on [world;-231;27;254]
[01:20:12][BlockBreakEvent]: breaked minecraft:stone on [world;-230;28;254]
[01:20:13][BlockBreakEvent]: breaked minecraft:stone on [world;-230;27;254]
[01:20:14][BlockBreakEvent]: breaked minecraft:stone on [world;-230;28;253]
[01:20:14][BlockBreakEvent]: breaked minecraft:stone on [world;-230;27;253]
[01:20:15][BlockBreakEvent]: breaked minecraft:stone on [world;-231;28;253]
[01:20:15][BlockBreakEvent]: breaked minecraft:stone on [world;-231;27;253]
[01:20:17][BlockBreakEvent]: breaked minecraft:stone on [world;-231;28;252]
[01:20:24][BlockBreakEvent]: breaked minecraft:granite on [world;-235;28;254]
[01:20:25][BlockBreakEvent]: breaked minecraft:granite on [world;-235;27;254]
[01:20:26][BlockBreakEvent]: breaked minecraft:stone on [world;-236;28;254]
[01:20:27][BlockBreakEvent]: breaked minecraft:diorite on [world;-235;29;254]
[01:20:27][BlockBreakEvent]: breaked minecraft:diorite on [world;-236;29;254]
[01:20:28][BlockBreakEvent]: breaked minecraft:stone on [world;-237;29;254]
[01:20:29][BlockBreakEvent]: breaked minecraft:diorite on [world;-237;30;254]
[01:20:30][BlockBreakEvent]: breaked minecraft:diorite on [world;-236;30;254]
[01:20:31][BlockBreakEvent]: breaked minecraft:stone on [world;-238;30;254]
[01:20:32][BlockBreakEvent]: breaked minecraft:stone on [world;-238;31;254]
[01:20:32][BlockBreakEvent]: breaked minecraft:diorite on [world;-237;31;254]
[01:20:33][BlockBreakEvent]: breaked minecraft:stone on [world;-239;31;254]
[01:20:34][BlockBreakEvent]: breaked minecraft:stone on [world;-238;32;254]
[01:20:35][BlockBreakEvent]: breaked minecraft:stone on [world;-239;32;254]
[01:20:36][BlockBreakEvent]: breaked minecraft:stone on [world;-240;32;254]
[01:20:37][BlockBreakEvent]: breaked minecraft:stone on [world;-239;33;254]
[01:20:38][BlockBreakEvent]: breaked minecraft:stone on [world;-240;33;254]
[01:20:39][BlockBreakEvent]: breaked minecraft:stone on [world;-241;33;254]
[01:20:39][BlockBreakEvent]: breaked minecraft:stone on [world;-240;34;254]
[01:20:41][BlockBreakEvent]: breaked minecraft:stone on [world;-241;34;254]
[01:20:42][BlockBreakEvent]: breaked minecraft:stone on [world;-242;34;254]
[01:20:42][BlockBreakEvent]: breaked minecraft:stone on [world;-241;35;254]
[01:20:43][BlockBreakEvent]: breaked minecraft:stone on [world;-242;35;254]
[01:20:43][BlockBreakEvent]: breaked minecraft:stone on [world;-242;36;254]
[01:20:44][BlockBreakEvent]: breaked minecraft:andesite on [world;-243;35;254]
[01:20:45][BlockBreakEvent]: breaked minecraft:stone on [world;-243;36;254]
[01:20:46][BlockBreakEvent]: breaked minecraft:iron_ore on [world;-244;36;254]
[01:20:49][BlockBreakEvent]: breaked minecraft:iron_ore on [world;-244;36;255]
[01:20:50][BlockBreakEvent]: breaked minecraft:iron_ore on [world;-245;36;254]
[01:20:51][BlockBreakEvent]: breaked minecraft:iron_ore on [world;-244;37;254]
[01:20:52][BlockBreakEvent]: breaked minecraft:stone on [world;-243;37;254]
[01:20:53][BlockBreakEvent]: breaked minecraft:iron_ore on [world;-244;37;255]
[01:20:54][BlockBreakEvent]: breaked minecraft:iron_ore on [world;-245;37;255]
[01:20:55][BlockBreakEvent]: breaked minecraft:iron_ore on [world;-245;37;254]
[01:20:56][BlockBreakEvent]: breaked minecraft:stone on [world;-244;38;254]
[01:20:58][BlockPlaceEvent]: placed minecraft:torch on [world;-244;36;254]
[01:21:01][BlockBreakEvent]: breaked minecraft:iron_ore on [world;-246;37;255]
[01:21:01][BlockBreakEvent]: breaked minecraft:stone on [world;-245;36;255]
[01:21:02][BlockBreakEvent]: breaked minecraft:stone on [world;-246;37;254]
[01:21:03][BlockBreakEvent]: breaked minecraft:stone on [world;-245;38;254]
[01:21:04][BlockBreakEvent]: breaked minecraft:stone on [world;-247;37;254]
[01:21:04][BlockBreakEvent]: breaked minecraft:stone on [world;-246;38;254]
[01:21:05][BlockBreakEvent]: breaked minecraft:stone on [world;-247;38;254]
[01:21:06][BlockBreakEvent]: breaked minecraft:stone on [world;-247;39;254]
[01:21:07][BlockBreakEvent]: breaked minecraft:stone on [world;-246;39;254]
[01:21:07][BlockBreakEvent]: breaked minecraft:stone on [world;-248;38;254]
[01:21:08][BlockBreakEvent]: breaked minecraft:stone on [world;-248;39;254]
[01:21:09][BlockBreakEvent]: breaked minecraft:stone on [world;-249;39;254]
[01:21:09][BlockBreakEvent]: breaked minecraft:stone on [world;-249;40;254]
[01:21:10][BlockBreakEvent]: breaked minecraft:stone on [world;-248;40;254]
[01:21:11][BlockBreakEvent]: breaked minecraft:stone on [world;-250;40;254]
[01:21:11][BlockBreakEvent]: breaked minecraft:stone on [world;-249;41;254]
[01:21:13][BlockBreakEvent]: breaked minecraft:stone on [world;-250;41;254]
[01:21:13][BlockBreakEvent]: breaked minecraft:stone on [world;-251;41;254]
[01:21:14][BlockBreakEvent]: breaked minecraft:stone on [world;-250;42;254]
[01:21:15][BlockBreakEvent]: breaked minecraft:stone on [world;-251;42;254]
[01:21:15][BlockBreakEvent]: breaked minecraft:stone on [world;-252;42;254]
[01:21:16][BlockBreakEvent]: breaked minecraft:stone on [world;-251;43;254]
[01:21:17][BlockBreakEvent]: breaked minecraft:stone on [world;-252;43;254]
[01:21:18][BlockBreakEvent]: breaked minecraft:stone on [world;-253;43;254]
[01:21:19][BlockBreakEvent]: breaked minecraft:stone on [world;-252;44;254]
[01:21:33][BlockBreakEvent]: breaked minecraft:stone on [world;-284;52;237]
[01:21:34][BlockBreakEvent]: breaked minecraft:stone on [world;-284;53;236]
[01:25:00][BlockPlaceEvent]: placed minecraft:cobblestone on [world;-294;58;216]
[01:25:00][BlockPlaceEvent]: placed minecraft:cobblestone on [world;-294;59;216]
[01:25:01][BlockPlaceEvent]: placed minecraft:cobblestone on [world;-294;60;216]
[01:25:01][BlockPlaceEvent]: placed minecraft:cobblestone on [world;-294;61;216]
[01:25:02][BlockPlaceEvent]: placed minecraft:cobblestone on [world;-294;62;216]
[01:25:02][BlockPlaceEvent]: placed minecraft:cobblestone on [world;-294;63;216]
[01:25:03][BlockPlaceEvent]: placed minecraft:cobblestone on [world;-294;64;216]
[01:27:59][BlockBreakEvent]: breaked minecraft:grass on [world;-212;63;122]
[01:27:59][BlockBreakEvent]: breaked minecraft:grass on [world;-211;63;122]
[01:28:00][BlockBreakEvent]: breaked minecraft:tall_grass[half=upper] on [world;-208;64;123]
[01:28:09][BlockBreakEvent]: breaked minecraft:grass on [world;-205;64;130]
