[00:03:20][EntityPickupItemEvent]: PLAYER picked up CRYING_OBSIDIAN
[00:03:41][EntityPickupItemEvent]: PLAYER picked up ROTTEN_FLESH
[00:03:45][EntityPickupItemEvent]: PLAYER picked up DIRT
[00:05:03][EntityPickupItemEvent]: PLAYER picked up SPRUCE_SAPLING
[00:06:26][EntityPickupItemEvent]: PLAYER picked up PORKCHOP
[00:06:43][EntityPickupItemEvent]: PLAYER picked up ARROW
[00:07:38][EntityPickupItemEvent]: PLAYER picked up BONE
[00:07:41][EntityPickupItemEvent]: PLAYER picked up ROTTEN_FLESH
[00:07:50][EntityPickupItemEvent]: PLAYER picked up ROTTEN_FLESH
[00:08:08][EntityPickupItemEvent]: PLAYER picked up GUNPOWDER
[00:08:23][EntityPickupItemEvent]: PLAYER picked up ARROW
[00:08:48][EntityPickupItemEvent]: PLAYER picked up ROTTEN_FLESH
[00:08:55][EntityPickupItemEvent]: PLAYER picked up ROTTEN_FLESH
[00:09:28][EntityPickupItemEvent]: PLAYER picked up GUNPOWDER
[00:09:36][EntityPickupItemEvent]: PLAYER picked up ROTTEN_FLESH
[00:09:48][EntityPickupItemEvent]: PLAYER picked up ROTTEN_FLESH
[00:09:54][EntityPickupItemEvent]: PLAYER picked up ROTTEN_FLESH
[00:10:11][EntityPickupItemEvent]: PLAYER picked up ROTTEN_FLESH
[00:10:16][EntityPickupItemEvent]: PLAYER picked up ARROW
[00:10:57][EntityPickupItemEvent]: PLAYER picked up ARROW
[00:11:03][EntityPickupItemEvent]: PLAYER picked up ROTTEN_FLESH
[00:12:12][EntityPickupItemEvent]: PLAYER picked up PORKCHOP
[00:12:49][EntityPickupItemEvent]: PLAYER picked up PORKCHOP
[00:13:53][EntityPickupItemEvent]: PLAYER picked up PORKCHOP
[00:15:57][EntityPickupItemEvent]: PLAYER picked up TORCH
[00:16:06][EntityPickupItemEvent]: PLAYER picked up ROTTEN_FLESH
[00:18:56][EntityPickupItemEvent]: PLAYER picked up GLASS
[00:23:02][EntityPickupItemEvent]: PLAYER picked up BLAST_FURNACE
[00:23:03][EntityPickupItemEvent]: PLAYER picked up SMOKER
[00:23:38][EntityPickupItemEvent]: PLAYER picked up FURNACE
[00:24:19][EntityPickupItemEvent]: PLAYER picked up GUNPOWDER
[00:26:05][EntityPickupItemEvent]: PLAYER picked up SMOKER
[00:26:30][EntityPickupItemEvent]: PLAYER picked up BLAST_FURNACE
[00:26:59][EntityPickupItemEvent]: PLAYER picked up STRING
[00:27:04][EntityPickupItemEvent]: PLAYER picked up BIRCH_PLANKS
[19:09:56][EntityPickupItemEvent]: PLAYER picked up JUKEBOX
[19:17:02][EntityPickupItemEvent]: PLAYER picked up MUSIC_DISC_CAT
[19:19:24][EntityPickupItemEvent]: PLAYER picked up ROTTEN_FLESH
[19:29:07][EntityPickupItemEvent]: PLAYER picked up ROTTEN_FLESH
[19:29:48][EntityPickupItemEvent]: PLAYER picked up ROTTEN_FLESH
[19:30:04][EntityPickupItemEvent]: PLAYER picked up ROTTEN_FLESH
[19:30:11][EntityPickupItemEvent]: PLAYER picked up FEATHER
[19:30:11][EntityPickupItemEvent]: PLAYER picked up CHICKEN
[19:30:18][EntityPickupItemEvent]: PLAYER picked up WHEAT_SEEDS
[19:32:17][EntityPickupItemEvent]: PLAYER picked up ROTTEN_FLESH
[19:32:45][EntityPickupItemEvent]: PLAYER picked up STRING
[19:32:47][EntityPickupItemEvent]: PLAYER picked up ROTTEN_FLESH
[19:33:00][EntityPickupItemEvent]: PLAYER picked up ARROW
[19:39:59][EntityPickupItemEvent]: PLAYER picked up DIRT
[19:39:59][EntityPickupItemEvent]: PLAYER picked up DIRT
[19:40:01][EntityPickupItemEvent]: PLAYER picked up GLOWSTONE_DUST
[19:40:04][EntityPickupItemEvent]: PLAYER picked up DIRT
[19:50:20][EntityPickupItemEvent]: PLAYER picked up FLETCHING_TABLE
[19:50:40][EntityPickupItemEvent]: PLAYER picked up SWEET_BERRIES
[19:50:43][EntityPickupItemEvent]: PLAYER picked up SWEET_BERRIES
[19:50:44][EntityPickupItemEvent]: PLAYER picked up SWEET_BERRIES
[19:50:45][EntityPickupItemEvent]: PLAYER picked up SWEET_BERRIES
[19:50:45][EntityPickupItemEvent]: PLAYER picked up SWEET_BERRIES
[19:50:47][EntityPickupItemEvent]: PLAYER picked up SWEET_BERRIES
[19:50:48][EntityPickupItemEvent]: PLAYER picked up SWEET_BERRIES
[19:51:17][EntityPickupItemEvent]: PLAYER picked up CHICKEN
[19:51:26][EntityPickupItemEvent]: PLAYER picked up BEEF
[19:51:33][EntityPickupItemEvent]: PLAYER picked up PORKCHOP
[19:51:38][EntityPickupItemEvent]: PLAYER picked up PORKCHOP
[19:51:55][EntityPickupItemEvent]: PLAYER picked up PORKCHOP
[19:52:00][EntityPickupItemEvent]: PLAYER picked up PORKCHOP
[19:52:03][EntityPickupItemEvent]: PLAYER picked up PORKCHOP
[19:52:07][EntityPickupItemEvent]: PLAYER picked up PORKCHOP
[19:52:16][EntityPickupItemEvent]: PLAYER picked up ROTTEN_FLESH
[19:52:29][EntityPickupItemEvent]: PLAYER picked up BEEF
[19:52:35][EntityPickupItemEvent]: PLAYER picked up CHICKEN
[19:52:37][EntityPickupItemEvent]: PLAYER picked up FEATHER
[19:52:37][EntityPickupItemEvent]: PLAYER picked up CHICKEN
[19:52:46][EntityPickupItemEvent]: PLAYER picked up PORKCHOP
[19:52:51][EntityPickupItemEvent]: PLAYER picked up BEEF
[19:52:56][EntityPickupItemEvent]: PLAYER picked up FEATHER
[19:52:56][EntityPickupItemEvent]: PLAYER picked up CHICKEN
[19:53:01][EntityPickupItemEvent]: PLAYER picked up BEEF
[19:53:17][EntityPickupItemEvent]: PLAYER picked up PORKCHOP
[19:53:32][EntityPickupItemEvent]: PLAYER picked up CHICKEN
[19:53:33][EntityPickupItemEvent]: PLAYER picked up FEATHER
[19:53:56][EntityPickupItemEvent]: PLAYER picked up COBBLESTONE
[19:53:59][EntityPickupItemEvent]: PLAYER picked up COBBLESTONE
[19:54:00][EntityPickupItemEvent]: PLAYER picked up COBBLESTONE
[19:54:01][EntityPickupItemEvent]: PLAYER picked up COBBLESTONE
[19:54:02][EntityPickupItemEvent]: PLAYER picked up COBBLESTONE
[19:54:18][EntityPickupItemEvent]: PLAYER picked up DIRT
[19:54:37][EntityPickupItemEvent]: PLAYER picked up SPRUCE_LOG
[19:54:41][EntityPickupItemEvent]: PLAYER picked up SPRUCE_LOG
[19:54:46][EntityPickupItemEvent]: PLAYER picked up SPRUCE_LOG
[19:55:35][EntityPickupItemEvent]: PLAYER picked up DIRT
[19:56:17][EntityPickupItemEvent]: PLAYER picked up FEATHER
[19:56:17][EntityPickupItemEvent]: PLAYER picked up CHICKEN
[19:56:22][EntityPickupItemEvent]: PLAYER picked up PORKCHOP
[19:56:41][EntityPickupItemEvent]: PLAYER picked up STRING
[19:56:58][EntityPickupItemEvent]: PLAYER picked up SPRUCE_LOG
[19:56:59][EntityPickupItemEvent]: PLAYER picked up CHICKEN
[19:57:00][EntityPickupItemEvent]: PLAYER picked up FEATHER
[19:57:05][EntityPickupItemEvent]: PLAYER picked up SPRUCE_LOG
[19:57:09][EntityPickupItemEvent]: PLAYER picked up SPRUCE_LOG
[19:57:10][EntityPickupItemEvent]: PLAYER picked up SPRUCE_SAPLING
[19:57:13][EntityPickupItemEvent]: PLAYER picked up SPRUCE_LOG
[20:05:07][EntityPickupItemEvent]: PLAYER picked up ROTTEN_FLESH
[20:05:14][EntityPickupItemEvent]: PLAYER picked up PRISMARINE_SHARD
[20:05:44][EntityPickupItemEvent]: PLAYER picked up PRISMARINE_SHARD
[20:05:45][EntityPickupItemEvent]: PLAYER picked up COD
[20:06:53][EntityPickupItemEvent]: PLAYER picked up PRISMARINE_SHARD
[20:07:19][EntityPickupItemEvent]: PLAYER picked up PRISMARINE_SHARD
[20:07:19][EntityPickupItemEvent]: PLAYER picked up PRISMARINE_CRYSTALS
[20:07:43][EntityPickupItemEvent]: PLAYER picked up PRISMARINE_SHARD
[20:09:19][EntityPickupItemEvent]: PLAYER picked up PRISMARINE_SHARD
[20:09:19][EntityPickupItemEvent]: PLAYER picked up PRISMARINE_CRYSTALS
[20:11:03][EntityPickupItemEvent]: PLAYER picked up COD
[20:11:35][EntityPickupItemEvent]: PLAYER picked up PRISMARINE_SHARD
[20:12:08][EntityPickupItemEvent]: PLAYER picked up PRISMARINE_SHARD
[20:13:46][EntityPickupItemEvent]: PLAYER picked up PRISMARINE_SHARD
[20:13:47][EntityPickupItemEvent]: PLAYER picked up PRISMARINE_CRYSTALS
[20:14:11][EntityPickupItemEvent]: PLAYER picked up PRISMARINE_SHARD
[20:14:11][EntityPickupItemEvent]: PLAYER picked up COD
[20:14:59][EntityPickupItemEvent]: PLAYER picked up PRISMARINE_SHARD
[20:18:40][EntityPickupItemEvent]: PLAYER picked up ARROW
[20:18:40][EntityPickupItemEvent]: PLAYER picked up BOW
[20:18:49][EntityPickupItemEvent]: PLAYER picked up BIRCH_LOG
[20:18:50][EntityPickupItemEvent]: PLAYER picked up BIRCH_SAPLING
[20:19:12][EntityPickupItemEvent]: PLAYER picked up BIRCH_SAPLING
[20:19:28][EntityPickupItemEvent]: PLAYER picked up BOW
[20:19:39][EntityPickupItemEvent]: PLAYER picked up CRAFTING_TABLE
[20:22:53][EntityPickupItemEvent]: PLAYER picked up WET_SPONGE
[20:23:23][EntityPickupItemEvent]: PLAYER picked up COD
[20:23:26][EntityPickupItemEvent]: PLAYER picked up PRISMARINE_SHARD
[20:23:26][EntityPickupItemEvent]: PLAYER picked up PRISMARINE_CRYSTALS
[20:25:25][EntityPickupItemEvent]: PLAYER picked up PRISMARINE_SHARD
[20:25:25][EntityPickupItemEvent]: PLAYER picked up PRISMARINE_CRYSTALS
[20:26:45][EntityPickupItemEvent]: PLAYER picked up PRISMARINE
[20:27:13][EntityPickupItemEvent]: PLAYER picked up PRISMARINE
[20:30:52][EntityPickupItemEvent]: PLAYER picked up PRISMARINE_SHARD
[20:31:25][EntityPickupItemEvent]: PLAYER picked up PRISMARINE
[20:31:52][EntityPickupItemEvent]: PLAYER picked up PRISMARINE_CRYSTALS
[20:55:03][EntityPickupItemEvent]: PLAYER picked up PRISMARINE_CRYSTALS
[21:08:34][EntityPickupItemEvent]: PLAYER picked up YELLOW_SHULKER_BOX
[21:11:10][EntityPickupItemEvent]: PLAYER picked up ROTTEN_FLESH
[21:11:17][EntityPickupItemEvent]: PLAYER picked up STRING
[21:11:17][EntityPickupItemEvent]: PLAYER picked up SPIDER_EYE
[21:11:32][EntityPickupItemEvent]: PLAYER picked up ROTTEN_FLESH
[21:11:51][EntityPickupItemEvent]: PLAYER picked up ROTTEN_FLESH
[21:12:36][EntityPickupItemEvent]: PLAYER picked up ROTTEN_FLESH
[21:13:02][EntityPickupItemEvent]: PLAYER picked up ROTTEN_FLESH
[21:13:06][EntityPickupItemEvent]: PLAYER picked up ROTTEN_FLESH
[21:13:14][EntityPickupItemEvent]: PLAYER picked up STRING
[21:13:19][EntityPickupItemEvent]: PLAYER picked up ROTTEN_FLESH
[21:13:33][EntityPickupItemEvent]: PLAYER picked up BONE
[21:13:33][EntityPickupItemEvent]: PLAYER picked up ARROW
[21:13:34][EntityPickupItemEvent]: PLAYER picked up ROTTEN_FLESH
[21:13:39][EntityPickupItemEvent]: PLAYER picked up GOLDEN_CHESTPLATE
[21:13:45][EntityPickupItemEvent]: PLAYER picked up ROTTEN_FLESH
[21:14:02][EntityPickupItemEvent]: PLAYER picked up ROTTEN_FLESH
[21:14:42][EntityPickupItemEvent]: PLAYER picked up ARROW
[21:15:08][EntityPickupItemEvent]: PLAYER picked up STRING
[21:15:34][EntityPickupItemEvent]: PLAYER picked up ARROW
[21:15:46][EntityPickupItemEvent]: PLAYER picked up ROTTEN_FLESH
[21:15:47][EntityPickupItemEvent]: PLAYER picked up SPIDER_EYE
[21:16:01][EntityPickupItemEvent]: PLAYER picked up ROTTEN_FLESH
[21:16:04][EntityPickupItemEvent]: PLAYER picked up ARROW
[21:16:04][EntityPickupItemEvent]: PLAYER picked up BONE
[21:16:13][EntityPickupItemEvent]: PLAYER picked up ARROW
[21:16:36][EntityPickupItemEvent]: PLAYER picked up STRING
[21:18:14][EntityPickupItemEvent]: PLAYER picked up ROTTEN_FLESH
[21:18:27][EntityPickupItemEvent]: PLAYER picked up ROTTEN_FLESH
[21:25:51][EntityPickupItemEvent]: PLAYER picked up STRING
[21:25:51][EntityPickupItemEvent]: PLAYER picked up CHAINMAIL_CHESTPLATE
[21:27:09][EntityPickupItemEvent]: PLAYER picked up BOW
[21:29:12][EntityPickupItemEvent]: PLAYER picked up GUNPOWDER
[21:29:12][EntityPickupItemEvent]: PLAYER picked up ARROW
[21:29:15][EntityPickupItemEvent]: PLAYER picked up GUNPOWDER
[21:29:38][EntityPickupItemEvent]: PLAYER picked up ARROW
[21:29:38][EntityPickupItemEvent]: PLAYER picked up LEATHER_BOOTS
[21:29:39][EntityPickupItemEvent]: PLAYER picked up BONE
[21:30:58][EntityPickupItemEvent]: PLAYER picked up ARROW
[21:31:02][EntityPickupItemEvent]: PLAYER picked up CARROT
[21:31:04][EntityPickupItemEvent]: PLAYER picked up BONE
[21:31:05][EntityPickupItemEvent]: PLAYER picked up BOW
[21:31:09][EntityPickupItemEvent]: PLAYER picked up GUNPOWDER
[21:34:48][EntityPickupItemEvent]: PLAYER picked up BOW
[21:34:48][EntityPickupItemEvent]: PLAYER picked up ROTTEN_FLESH
[21:40:09][EntityPickupItemEvent]: PLAYER picked up SAND
[21:40:10][EntityPickupItemEvent]: PLAYER picked up DIRT
[21:40:10][EntityPickupItemEvent]: PLAYER picked up DIRT
[21:45:22][EntityPickupItemEvent]: PLAYER picked up ROTTEN_FLESH
[21:50:40][EntityPickupItemEvent]: PLAYER picked up BONE
[21:50:44][EntityPickupItemEvent]: PLAYER picked up ARROW
[21:50:52][EntityPickupItemEvent]: PLAYER picked up STRING
[21:51:52][EntityPickupItemEvent]: PLAYER picked up BOW
[21:51:56][EntityPickupItemEvent]: PLAYER picked up GOLDEN_BOOTS
[21:51:56][EntityPickupItemEvent]: PLAYER picked up BOW
[21:51:56][EntityPickupItemEvent]: PLAYER picked up GOLDEN_HELMET
[21:59:55][EntityPickupItemEvent]: PLAYER picked up GUNPOWDER
[21:59:55][EntityPickupItemEvent]: PLAYER picked up GUNPOWDER
[21:59:59][EntityPickupItemEvent]: PLAYER picked up ROTTEN_FLESH
[22:00:00][EntityPickupItemEvent]: PLAYER picked up BOW
[22:00:00][EntityPickupItemEvent]: PLAYER picked up GUNPOWDER
[22:00:04][EntityPickupItemEvent]: PLAYER picked up BONE
[22:00:16][EntityPickupItemEvent]: PLAYER picked up ROTTEN_FLESH
[22:00:16][EntityPickupItemEvent]: PLAYER picked up LEATHER_CHESTPLATE
[22:00:18][EntityPickupItemEvent]: PLAYER picked up GOLDEN_HELMET
[22:02:22][EntityPickupItemEvent]: PLAYER picked up ARROW
[22:02:26][EntityPickupItemEvent]: PLAYER picked up ARROW
[22:02:26][EntityPickupItemEvent]: PLAYER picked up BONE
[22:02:44][EntityPickupItemEvent]: PLAYER picked up ROTTEN_FLESH
[22:11:40][EntityPickupItemEvent]: PLAYER picked up ARROW
[22:11:48][EntityPickupItemEvent]: PLAYER picked up STRING
[22:11:48][EntityPickupItemEvent]: PLAYER picked up GUNPOWDER
[22:11:52][EntityPickupItemEvent]: PLAYER picked up STRING
[22:11:53][EntityPickupItemEvent]: PLAYER picked up CARROT
[22:12:37][EntityPickupItemEvent]: PLAYER picked up MUSIC_DISC_CAT
[22:16:49][EntityPickupItemEvent]: PLAYER picked up BONE
[22:16:49][EntityPickupItemEvent]: PLAYER picked up MUSIC_DISC_CAT
