[00:03:19][BlockBreakEvent]: breaked minecraft:crying_obsidian on [world;1020;76;211]
[00:03:20][BlockBreakEvent]: breaked minecraft:netherrack on [world;1021;75;211]
[00:03:34][BlockBreakEvent]: breaked minecraft:netherrack on [world;1014;75;212]
[00:03:35][BlockBreakEvent]: breaked minecraft:netherrack on [world;1014;74;212]
[00:03:35][BlockBreakEvent]: breaked minecraft:netherrack on [world;1014;74;213]
[00:03:35][BlockBreakEvent]: breaked minecraft:netherrack on [world;1014;75;213]
[00:03:35][BlockBreakEvent]: breaked minecraft:netherrack on [world;1014;74;214]
[00:03:35][BlockBreakEvent]: breaked minecraft:netherrack on [world;1015;75;212]
[00:03:35][BlockBreakEvent]: breaked minecraft:netherrack on [world;1015;75;213]
[00:03:35][BlockBreakEvent]: breaked minecraft:netherrack on [world;1015;75;214]
[00:03:35][BlockBreakEvent]: breaked minecraft:netherrack on [world;1015;75;211]
[00:03:35][BlockBreakEvent]: breaked minecraft:netherrack on [world;1016;75;212]
[00:03:35][BlockBreakEvent]: breaked minecraft:netherrack on [world;1016;75;213]
[00:03:35][BlockBreakEvent]: breaked minecraft:netherrack on [world;1016;75;211]
[00:03:35][BlockBreakEvent]: breaked minecraft:netherrack on [world;1016;74;212]
[00:03:35][BlockBreakEvent]: breaked minecraft:netherrack on [world;1017;74;212]
[00:03:35][BlockBreakEvent]: breaked minecraft:netherrack on [world;1017;75;212]
[00:03:35][BlockBreakEvent]: breaked minecraft:netherrack on [world;1017;74;213]
[00:03:35][BlockBreakEvent]: breaked minecraft:netherrack on [world;1016;74;213]
[00:03:36][BlockBreakEvent]: breaked minecraft:netherrack on [world;1016;74;211]
[00:03:36][BlockBreakEvent]: breaked minecraft:netherrack on [world;1016;73;212]
[00:03:37][BlockBreakEvent]: breaked minecraft:grass on [world;1016;75;209]
[00:03:37][BlockBreakEvent]: breaked minecraft:netherrack on [world;1017;74;210]
[00:03:37][BlockBreakEvent]: breaked minecraft:netherrack on [world;1017;74;211]
[00:03:37][BlockBreakEvent]: breaked minecraft:netherrack on [world;1017;73;211]
[00:03:37][BlockBreakEvent]: breaked minecraft:netherrack on [world;1018;74;210]
[00:03:38][BlockBreakEvent]: breaked minecraft:netherrack on [world;1016;74;208]
[00:03:38][BlockBreakEvent]: breaked minecraft:netherrack on [world;1016;74;209]
[00:03:38][BlockBreakEvent]: breaked minecraft:netherrack on [world;1016;73;209]
[00:03:38][BlockBreakEvent]: breaked minecraft:netherrack on [world;1016;73;208]
[00:03:52][BlockBreakEvent]: breaked minecraft:grass on [world;994;73;223]
[00:04:47][BlockBreakEvent]: breaked minecraft:spruce_leaves[distance=3,persistent=false] on [world;830;73;-5]
[00:04:48][BlockBreakEvent]: breaked minecraft:spruce_leaves[distance=2,persistent=false] on [world;829;73;-5]
[00:04:49][BlockBreakEvent]: breaked minecraft:spruce_leaves[distance=3,persistent=false] on [world;828;73;-5]
[00:05:01][BlockBreakEvent]: breaked minecraft:spruce_leaves[distance=2,persistent=false] on [world;787;70;-44]
[00:05:02][BlockBreakEvent]: breaked minecraft:spruce_leaves[distance=4,persistent=false] on [world;786;70;-43]
[00:05:03][BlockBreakEvent]: breaked minecraft:spruce_leaves[distance=3,persistent=false] on [world;786;70;-44]
[00:05:03][BlockBreakEvent]: breaked minecraft:spruce_leaves[distance=4,persistent=false] on [world;785;70;-44]
[00:05:04][BlockBreakEvent]: breaked minecraft:spruce_leaves[distance=3,persistent=false] on [world;784;70;-44]
[00:05:05][BlockBreakEvent]: breaked minecraft:spruce_leaves[distance=2,persistent=false] on [world;783;68;-44]
[00:05:06][BlockBreakEvent]: breaked minecraft:spruce_leaves[distance=3,persistent=false] on [world;784;68;-44]
[00:05:07][BlockBreakEvent]: breaked minecraft:spruce_leaves[distance=3,persistent=false] on [world;782;68;-44]
[00:08:34][BlockBreakEvent]: breaked minecraft:tall_grass[half=upper] on [world;725;69;397]
[00:08:35][BlockBreakEvent]: breaked minecraft:tall_grass[half=upper] on [world;724;68;395]
[00:10:21][BlockBreakEvent]: breaked minecraft:tall_grass[half=upper] on [world;811;66;358]
[00:10:44][BlockBreakEvent]: breaked minecraft:grass on [world;792;65;342]
[00:13:30][BlockBreakEvent]: breaked minecraft:grass on [world;772;69;523]
[00:13:31][BlockBreakEvent]: breaked minecraft:grass on [world;771;69;524]
[00:13:31][BlockBreakEvent]: breaked minecraft:grass on [world;770;69;525]
[00:13:32][BlockBreakEvent]: breaked minecraft:grass on [world;769;69;526]
[00:17:19][FurnaceExtractEvent]: breaked minecraft:furnace[facing=west,lit=false] on [world;-341;64;491]
[00:17:50][BlockPlaceEvent]: placed minecraft:glass_pane[east=true,north=false,south=false,waterlogged=false,west=true] on [world;-341;64;482]
[00:17:51][BlockPlaceEvent]: placed minecraft:glass_pane[east=true,north=false,south=false,waterlogged=false,west=true] on [world;-341;65;482]
[00:25:53][BlockPlaceEvent]: placed minecraft:crimson_planks on [world;-341;63;490]
[00:25:53][BlockPlaceEvent]: placed minecraft:crimson_planks on [world;-341;63;489]
[00:25:54][BlockPlaceEvent]: placed minecraft:crimson_planks on [world;-341;63;488]
[00:25:55][BlockPlaceEvent]: placed minecraft:crimson_planks on [world;-341;63;486]
[00:25:56][BlockPlaceEvent]: placed minecraft:crimson_planks on [world;-341;63;485]
[00:26:01][BlockPlaceEvent]: placed minecraft:smoker[facing=north,lit=false] on [world;-341;64;490]
[00:26:05][BlockBreakEvent]: breaked minecraft:smoker[facing=north,lit=false] on [world;-341;64;490]
[00:26:07][BlockPlaceEvent]: placed minecraft:smoker[facing=west,lit=false] on [world;-341;64;490]
[00:26:10][BlockPlaceEvent]: placed minecraft:smoker[facing=west,lit=false] on [world;-341;64;489]
[00:26:21][BlockPlaceEvent]: placed minecraft:furnace[facing=west,lit=false] on [world;-341;64;494]
[00:26:31][BlockPlaceEvent]: placed minecraft:blast_furnace[facing=west,lit=false] on [world;-341;64;486]
[00:26:33][BlockPlaceEvent]: placed minecraft:blast_furnace[facing=west,lit=false] on [world;-341;64;485]
[00:26:36][BlockPlaceEvent]: placed minecraft:smoker[facing=west,lit=false] on [world;-341;64;488]
[19:10:28][BlockPlaceEvent]: placed minecraft:jukebox[has_record=false] on [world;-341;64;484]
[19:30:09][BlockBreakEvent]: breaked minecraft:grass on [world;-518;68;873]
[19:30:12][BlockBreakEvent]: breaked minecraft:grass on [world;-509;69;873]
[19:31:15][BlockBreakEvent]: breaked minecraft:tall_grass[half=upper] on [world;-503;70;830]
[19:31:16][BlockBreakEvent]: breaked minecraft:tall_grass[half=lower] on [world;-504;69;831]
[19:31:17][BlockBreakEvent]: breaked minecraft:tall_grass[half=upper] on [world;-500;71;831]
[19:32:43][BlockBreakEvent]: breaked minecraft:grass on [world;-417;66;919]
[19:32:47][BlockBreakEvent]: breaked minecraft:grass on [world;-422;66;918]
[19:39:08][BlockBreakEvent]: breaked minecraft:oak_leaves[distance=3,persistent=false] on [world;719;72;86]
[19:39:57][BlockBreakEvent]: breaked minecraft:dirt on [world;752;63;239]
[19:39:58][BlockBreakEvent]: breaked minecraft:dirt on [world;752;63;238]
[19:39:58][BlockBreakEvent]: breaked minecraft:grass_block[snowy=false] on [world;752;64;238]
[19:39:58][BlockBreakEvent]: breaked minecraft:grass_block[snowy=false] on [world;752;64;239]
[19:39:58][BlockBreakEvent]: breaked minecraft:dirt on [world;752;64;237]
[19:39:58][BlockBreakEvent]: breaked minecraft:grass_block[snowy=false] on [world;752;64;240]
[19:39:58][BlockBreakEvent]: breaked minecraft:dirt on [world;753;63;239]
[19:39:58][BlockBreakEvent]: breaked minecraft:grass_block[snowy=false] on [world;753;64;239]
[19:39:59][BlockBreakEvent]: breaked minecraft:grass_block[snowy=false] on [world;753;64;238]
[19:40:01][BlockBreakEvent]: breaked minecraft:oak_leaves[distance=2,persistent=false] on [world;753;66;238]
[19:40:02][BlockBreakEvent]: breaked minecraft:oak_leaves[distance=3,persistent=false] on [world;754;66;238]
[19:40:03][BlockBreakEvent]: breaked minecraft:grass_block[snowy=false] on [world;758;67;238]
[19:40:03][BlockBreakEvent]: breaked minecraft:oak_leaves[distance=3,persistent=false] on [world;754;67;238]
[19:50:19][BlockBreakEvent]: breaked minecraft:fletching_table on [world;-442;68;-1826]
[19:52:59][BlockBreakEvent]: breaked minecraft:large_fern[half=upper] on [world;-391;72;-1864]
[19:53:00][BlockBreakEvent]: breaked minecraft:large_fern[half=upper] on [world;-392;72;-1865]
[19:53:53][BlockBreakEvent]: breaked minecraft:cobblestone on [world;-454;65;-1811]
[19:53:53][BlockBreakEvent]: breaked minecraft:cobblestone on [world;-454;64;-1811]
[19:53:54][BlockBreakEvent]: breaked minecraft:cobblestone on [world;-454;65;-1812]
[19:53:54][BlockBreakEvent]: breaked minecraft:cobblestone on [world;-454;64;-1812]
[19:53:59][BlockBreakEvent]: breaked minecraft:cobblestone on [world;-454;66;-1811]
[19:53:59][BlockBreakEvent]: breaked minecraft:cobblestone on [world;-454;66;-1812]
[19:54:00][BlockBreakEvent]: breaked minecraft:cobblestone on [world;-455;65;-1812]
[19:54:01][BlockBreakEvent]: breaked minecraft:cobblestone on [world;-457;65;-1812]
[19:54:01][BlockBreakEvent]: breaked minecraft:cobblestone on [world;-455;66;-1812]
[19:54:37][BlockBreakEvent]: breaked minecraft:spruce_log[axis=z] on [world;-440;70;-1821]
[19:54:41][BlockBreakEvent]: breaked minecraft:spruce_log[axis=z] on [world;-440;70;-1822]
[19:54:44][BlockBreakEvent]: breaked minecraft:spruce_log[axis=z] on [world;-440;70;-1823]
[19:55:00][BlockPlaceEvent]: placed minecraft:crafting_table on [world;-440;67;-1826]
[19:55:14][BlockPlaceEvent]: placed minecraft:furnace[facing=south,lit=false] on [world;-439;67;-1826]
[19:56:20][BlockBreakEvent]: breaked minecraft:spruce_leaves[distance=1,persistent=false] on [world;-431;67;-1828]
[19:56:22][BlockBreakEvent]: breaked minecraft:spruce_leaves[distance=2,persistent=false] on [world;-431;67;-1827]
[19:56:23][BlockBreakEvent]: breaked minecraft:spruce_leaves[distance=1,persistent=false] on [world;-432;67;-1827]
[19:56:28][FurnaceExtractEvent]: breaked minecraft:furnace[facing=south,lit=true] on [world;-439;67;-1826]
[19:56:32][FurnaceExtractEvent]: breaked minecraft:furnace[facing=south,lit=true] on [world;-439;67;-1826]
[19:56:44][FurnaceExtractEvent]: breaked minecraft:furnace[facing=south,lit=true] on [world;-439;67;-1826]
[19:56:53][BlockBreakEvent]: breaked minecraft:spruce_leaves[distance=1,persistent=false] on [world;-435;68;-1825]
[19:56:57][BlockBreakEvent]: breaked minecraft:spruce_log[axis=y] on [world;-435;67;-1826]
[19:57:04][BlockBreakEvent]: breaked minecraft:spruce_log[axis=y] on [world;-435;68;-1826]
[19:57:08][BlockBreakEvent]: breaked minecraft:spruce_log[axis=y] on [world;-435;69;-1826]
[19:57:09][BlockBreakEvent]: breaked minecraft:spruce_leaves[distance=2,persistent=false] on [world;-435;69;-1825]
[19:57:13][BlockBreakEvent]: breaked minecraft:spruce_log[axis=y] on [world;-435;70;-1826]
[19:57:16][BlockBreakEvent]: breaked minecraft:spruce_log[axis=y] on [world;-435;71;-1826]
[19:57:21][FurnaceExtractEvent]: breaked minecraft:furnace[facing=south,lit=false] on [world;-439;67;-1826]
[19:57:38][FurnaceExtractEvent]: breaked minecraft:furnace[facing=south,lit=true] on [world;-439;67;-1826]
[19:58:03][FurnaceExtractEvent]: breaked minecraft:furnace[facing=south,lit=true] on [world;-439;67;-1826]
[19:58:06][FurnaceExtractEvent]: breaked minecraft:furnace[facing=south,lit=true] on [world;-439;67;-1826]
[19:58:17][FurnaceExtractEvent]: breaked minecraft:furnace[facing=south,lit=true] on [world;-439;67;-1826]
[19:58:26][FurnaceExtractEvent]: breaked minecraft:furnace[facing=south,lit=false] on [world;-439;67;-1826]
[19:58:44][FurnaceExtractEvent]: breaked minecraft:furnace[facing=south,lit=true] on [world;-439;67;-1826]
[19:59:31][FurnaceExtractEvent]: breaked minecraft:furnace[facing=south,lit=true] on [world;-439;67;-1826]
[19:59:32][FurnaceExtractEvent]: breaked minecraft:furnace[facing=south,lit=true] on [world;-439;67;-1826]
[19:59:44][FurnaceExtractEvent]: breaked minecraft:furnace[facing=south,lit=true] on [world;-439;67;-1826]
[19:59:51][FurnaceExtractEvent]: breaked minecraft:furnace[facing=south,lit=true] on [world;-439;67;-1826]
[20:15:40][BlockBreakEvent]: breaked minecraft:tall_seagrass[half=upper] on [world;-204;57;-3381]
[20:15:40][BlockBreakEvent]: breaked minecraft:tall_seagrass[half=lower] on [world;-206;55;-3382]
[20:17:33][BlockBreakEvent]: breaked minecraft:birch_log[axis=y] on [world;-308;73;-3842]
[20:17:37][BlockBreakEvent]: breaked minecraft:birch_log[axis=y] on [world;-308;72;-3842]
[20:17:44][BlockBreakEvent]: breaked minecraft:birch_log[axis=y] on [world;-308;74;-3842]
[20:17:47][BlockBreakEvent]: breaked minecraft:birch_log[axis=y] on [world;-308;75;-3842]
[20:17:50][BlockBreakEvent]: breaked minecraft:birch_log[axis=y] on [world;-308;76;-3842]
[20:17:54][BlockBreakEvent]: breaked minecraft:birch_log[axis=y] on [world;-308;77;-3842]
[20:19:01][BlockPlaceEvent]: placed minecraft:crafting_table on [world;-312;72;-3843]
[20:19:38][BlockBreakEvent]: breaked minecraft:crafting_table on [world;-312;72;-3843]
[20:26:45][BlockBreakEvent]: breaked minecraft:prismarine on [world;-225;42;-3392]
[20:27:12][BlockBreakEvent]: breaked minecraft:prismarine on [world;-225;41;-3392]
[20:31:24][BlockBreakEvent]: breaked minecraft:prismarine on [world;-225;42;-3393]
[21:08:21][BlockPlaceEvent]: placed minecraft:yellow_shulker_box[facing=up] on [world;-375;64;484]
[21:08:33][BlockBreakEvent]: breaked minecraft:yellow_shulker_box[facing=up] on [world;-375;64;484]
[21:09:25][FurnaceExtractEvent]: breaked minecraft:smoker[facing=west,lit=false] on [world;-341;64;490]
[21:11:16][BlockBreakEvent]: breaked minecraft:grass on [world;-309;71;587]
[21:12:45][BlockBreakEvent]: breaked minecraft:grass on [world;-289;73;667]
[21:16:06][BlockBreakEvent]: breaked minecraft:tall_grass[half=upper] on [world;-306;72;681]
[21:17:06][BlockBreakEvent]: breaked minecraft:grass on [world;-288;71;597]
[21:40:03][BlockBreakEvent]: breaked minecraft:sand on [world;-353;66;549]
[21:40:03][BlockBreakEvent]: breaked minecraft:sand on [world;-353;66;550]
[21:40:03][BlockBreakEvent]: breaked minecraft:sand on [world;-352;66;550]
[21:40:03][BlockBreakEvent]: breaked minecraft:sand on [world;-351;66;550]
[21:40:04][BlockBreakEvent]: breaked minecraft:sand on [world;-353;66;551]
[21:40:04][BlockBreakEvent]: breaked minecraft:sand on [world;-352;66;551]
[21:40:05][BlockBreakEvent]: breaked minecraft:sand on [world;-355;66;554]
[21:40:06][BlockBreakEvent]: breaked minecraft:sand on [world;-354;66;554]
[21:40:06][BlockBreakEvent]: breaked minecraft:sand on [world;-354;66;555]
[21:40:07][BlockBreakEvent]: breaked minecraft:sand on [world;-353;66;552]
[21:40:07][BlockBreakEvent]: breaked minecraft:sand on [world;-353;66;553]
[21:40:07][BlockBreakEvent]: breaked minecraft:sand on [world;-352;66;553]
[21:40:07][BlockBreakEvent]: breaked minecraft:sand on [world;-352;66;554]
[21:40:07][BlockBreakEvent]: breaked minecraft:sand on [world;-353;66;554]
[21:40:08][BlockBreakEvent]: breaked minecraft:sand on [world;-352;66;552]
[21:40:08][BlockBreakEvent]: breaked minecraft:sand on [world;-352;66;553]
[21:40:08][BlockBreakEvent]: breaked minecraft:sand on [world;-351;66;552]
[21:40:08][BlockBreakEvent]: breaked minecraft:dirt on [world;-351;66;553]
[21:40:08][BlockBreakEvent]: breaked minecraft:sand on [world;-352;66;551]
[21:40:08][BlockBreakEvent]: breaked minecraft:sand on [world;-351;66;551]
[21:40:08][BlockBreakEvent]: breaked minecraft:sand on [world;-352;66;550]
[21:40:08][BlockBreakEvent]: breaked minecraft:sand on [world;-351;66;550]
[21:40:08][BlockBreakEvent]: breaked minecraft:sand on [world;-352;66;549]
[21:40:08][BlockBreakEvent]: breaked minecraft:sand on [world;-351;66;549]
[21:40:08][BlockBreakEvent]: breaked minecraft:grass_block[snowy=false] on [world;-350;67;550]
[21:40:09][BlockBreakEvent]: breaked minecraft:sand on [world;-351;66;551]
[21:40:09][BlockBreakEvent]: breaked minecraft:sand on [world;-352;66;552]
[21:40:09][BlockBreakEvent]: breaked minecraft:sand on [world;-351;66;552]
[21:42:03][FurnaceExtractEvent]: breaked minecraft:smoker[facing=west,lit=false] on [world;-341;64;490]
[21:42:05][FurnaceExtractEvent]: breaked minecraft:smoker[facing=west,lit=false] on [world;-341;64;489]
