[00:16:55][PlayerInteractEvent]: right clicked minecraft:stone_button[face=wall,facing=east,powered=false] at [world;-365;65;486]
[00:17:10][PlayerInteractEvent][Cancelled]: right clicked minecraft:stone_button[face=wall,facing=west,powered=false] at [world;-367;65;486]
[00:18:43][AsyncPlayerChatEvent]: said motnevex get my stofe back
[00:19:13][AsyncPlayerChatEvent]: said yap
[00:19:25][PlayerInteractEvent]: right clicked minecraft:stone_button[face=wall,facing=east,powered=false] at [world;-365;65;486]
[00:20:38][AsyncPlayerChatEvent]: said you are the only one here
[00:21:32][AsyncPlayerChatEvent]: said you stol my forness
[00:21:38][PlayerInteractEvent]: right clicked minecraft:stone_button[face=wall,facing=east,powered=false] at [world;-365;65;486]
[00:23:34][AsyncPlayerChatEvent]: said were is my ichanting taple
[00:24:09][PlayerInteractEvent]: right clicked minecraft:stone_button[face=wall,facing=east,powered=false] at [world;-365;65;486]
[00:24:59][AsyncPlayerChatEvent]: said but it back
[00:25:22][AsyncPlayerChatEvent]: said you ask me if you want somthing
[00:26:43][PlayerInteractEvent]: right clicked minecraft:stone_button[face=wall,facing=east,powered=false] at [world;-365;65;489]
[00:28:39][PlayerInteractEvent]: right clicked minecraft:stone_button[face=wall,facing=east,powered=false] at [world;-365;65;486]
[00:29:39][PlayerInteractEvent]: right clicked minecraft:stone_button[face=wall,facing=east,powered=false] at [world;-365;65;489]
[00:30:39][AsyncPlayerChatEvent]: said you cant but click tow tims it well get all togethar
[00:31:14][PlayerInteractEvent]: right clicked minecraft:stone_button[face=wall,facing=east,powered=false] at [world;-365;65;486]
[19:02:56][PlayerInteractEvent]: right clicked minecraft:stone_button[face=wall,facing=east,powered=false] at [world;-365;65;489]
[19:04:19][PlayerInteractEvent]: right clicked minecraft:stone_button[face=wall,facing=west,powered=false] at [world;-367;65;489]
[19:07:40][PlayerInteractEvent]: right clicked minecraft:stone_button[face=wall,facing=east,powered=false] at [world;-365;65;486]
[19:18:13][PlayerInteractEvent]: right clicked minecraft:stone_button[face=wall,facing=east,powered=false] at [world;-365;65;486]
[19:23:46][PlayerInteractEvent][Cancelled]: right clicked minecraft:stone_button[face=wall,facing=east,powered=false] at [world;-365;65;486]
[19:23:48][PlayerInteractEvent]: right clicked minecraft:stone_button[face=wall,facing=east,powered=false] at [world;-365;65;486]
[20:50:48][PlayerInteractEvent]: right clicked minecraft:stone_button[face=wall,facing=east,powered=false] at [world;-365;65;486]
[20:59:02][PlayerInteractEvent]: right clicked minecraft:stone_button[face=wall,facing=east,powered=false] at [world;-365;65;486]
[21:07:08][PlayerInteractEvent]: right clicked minecraft:stone_button[face=wall,facing=east,powered=false] at [world;-365;65;486]
[21:08:47][PlayerInteractEvent]: right clicked minecraft:stone_button[face=wall,facing=west,powered=false] at [world;-367;65;489]
[21:10:00][PlayerInteractEvent]: right clicked minecraft:stone_button[face=wall,facing=east,powered=false] at [world;-365;65;486]
[21:10:43][PlayerInteractEvent]: right clicked minecraft:stone_button[face=wall,facing=west,powered=false] at [world;-367;65;489]
[21:18:47][PlayerInteractEvent]: right clicked minecraft:stone_button[face=wall,facing=east,powered=false] at [world;-365;65;486]
[21:22:57][PlayerInteractEvent]: right clicked minecraft:stone_button[face=wall,facing=east,powered=false] at [world;-365;65;486]
[21:24:42][PlayerInteractEvent]: right clicked minecraft:stone_button[face=wall,facing=east,powered=false] at [world;-365;65;486]
[21:37:07][PlayerInteractEvent]: right clicked minecraft:stone_button[face=wall,facing=east,powered=false] at [world;-365;65;486]
[21:38:33][PlayerInteractEvent]: right clicked minecraft:stone_button[face=wall,facing=east,powered=false] at [world;-365;65;486]
[21:40:44][PlayerInteractEvent][Cancelled]: right clicked minecraft:stone_button[face=wall,facing=east,powered=false] at [world;-365;65;486]
[21:40:45][PlayerInteractEvent]: right clicked minecraft:stone_button[face=wall,facing=east,powered=false] at [world;-365;65;486]
[21:40:48][PlayerInteractEvent]: right clicked minecraft:stone_button[face=wall,facing=east,powered=false] at [world;-365;65;486]
[22:12:53][PlayerInteractEvent]: right clicked minecraft:stone_button[face=wall,facing=east,powered=false] at [world;-365;65;486]
