[22:06:17][FurnaceExtractEvent]: breaked minecraft:blast_furnace[facing=west,lit=false] on [world;-341;64;486]
[22:07:08][BlockPlaceEvent]: placed minecraft:anvil[facing=east] on [world;-365;65;485]
[22:07:11][BlockBreakEvent]: breaked minecraft:anvil[facing=east] on [world;-365;64;485]
[22:07:55][BlockPlaceEvent]: placed minecraft:crimson_planks on [world;-341;63;487]
[22:07:59][BlockPlaceEvent]: placed minecraft:anvil[facing=south] on [world;-341;64;487]
[22:09:00][FurnaceExtractEvent]: breaked minecraft:blast_furnace[facing=west,lit=false] on [world;-341;64;486]
[22:12:43][BlockBreakEvent]: breaked minecraft:grass on [world;-288;71;595]
[22:14:07][BlockBreakEvent]: breaked minecraft:grass on [world;-285;73;670]
[22:14:08][BlockBreakEvent]: breaked minecraft:grass on [world;-287;73;667]
[22:14:08][BlockBreakEvent]: breaked minecraft:grass on [world;-287;73;666]
[22:14:09][BlockBreakEvent]: breaked minecraft:grass on [world;-288;73;668]
[22:14:09][BlockBreakEvent]: breaked minecraft:grass on [world;-289;73;669]
[22:14:10][BlockBreakEvent]: breaked minecraft:grass on [world;-293;73;669]
[22:14:10][BlockBreakEvent]: breaked minecraft:grass on [world;-293;73;672]
[22:14:10][BlockBreakEvent]: breaked minecraft:grass on [world;-294;73;671]
[22:14:11][BlockBreakEvent]: breaked minecraft:grass on [world;-295;73;670]
[22:14:12][BlockBreakEvent]: breaked minecraft:grass on [world;-297;73;667]
[22:14:12][BlockBreakEvent]: breaked minecraft:grass on [world;-294;73;667]
[22:14:13][BlockBreakEvent]: breaked minecraft:grass on [world;-293;73;667]
[22:14:13][BlockBreakEvent]: breaked minecraft:grass on [world;-291;73;665]
[22:14:14][BlockBreakEvent]: breaked minecraft:grass on [world;-290;73;666]
[22:14:14][BlockBreakEvent]: breaked minecraft:grass on [world;-289;73;665]
[22:19:09][BlockPlaceEvent]: placed minecraft:oak_fence[east=false,north=false,south=false,waterlogged=false,west=false] on [world;-335;66;524]
[22:19:09][BlockPlaceEvent]: placed minecraft:oak_fence[east=false,north=false,south=true,waterlogged=false,west=false] on [world;-335;66;523]
[22:19:11][BlockPlaceEvent]: placed minecraft:oak_fence[east=false,north=false,south=true,waterlogged=false,west=false] on [world;-335;66;522]
[22:19:15][BlockPlaceEvent]: placed minecraft:oak_fence[east=false,north=false,south=true,waterlogged=false,west=false] on [world;-335;66;521]
[22:19:15][BlockPlaceEvent]: placed minecraft:oak_fence[east=true,north=false,south=false,waterlogged=false,west=false] on [world;-336;66;521]
[22:19:16][BlockPlaceEvent]: placed minecraft:oak_fence[east=true,north=false,south=false,waterlogged=false,west=false] on [world;-337;66;521]
[22:19:20][BlockPlaceEvent]: placed minecraft:oak_fence[east=true,north=false,south=false,waterlogged=false,west=false] on [world;-338;66;521]
[22:19:22][BlockPlaceEvent]: placed minecraft:oak_fence[east=false,north=false,south=false,waterlogged=false,west=false] on [world;-339;66;522]
[22:19:26][BlockPlaceEvent]: placed minecraft:oak_fence[east=false,north=true,south=false,waterlogged=false,west=false] on [world;-339;66;523]
[22:19:37][BlockBreakEvent]: breaked minecraft:oak_fence[east=false,north=true,south=false,waterlogged=false,west=false] on [world;-339;66;523]
[22:19:41][BlockBreakEvent]: breaked minecraft:oak_fence[east=false,north=false,south=false,waterlogged=false,west=false] on [world;-339;66;522]
[22:19:46][BlockPlaceEvent]: placed minecraft:oak_fence[east=false,north=true,south=false,waterlogged=false,west=false] on [world;-338;66;522]
[22:19:46][BlockPlaceEvent]: placed minecraft:oak_fence[east=false,north=true,south=false,waterlogged=false,west=false] on [world;-338;66;523]
[22:19:48][BlockPlaceEvent]: placed minecraft:oak_fence[east=false,north=true,south=false,waterlogged=false,west=false] on [world;-338;66;524]
[22:19:54][BlockPlaceEvent]: placed minecraft:birch_fence_gate[facing=north,in_wall=false,open=false,powered=false] on [world;-336;66;524]
[22:19:58][BlockPlaceEvent]: placed minecraft:birch_fence[east=true,north=false,south=false,waterlogged=false,west=true] on [world;-337;66;524]
[22:36:32][BlockBreakEvent]: breaked minecraft:grass_block[snowy=false] on [world;-600;80;419]
[22:36:38][BlockBreakEvent]: breaked minecraft:grass_block[snowy=false] on [world;-601;80;420]
[22:36:52][BlockBreakEvent]: breaked minecraft:dirt on [world;-605;67;421]
[22:36:53][BlockBreakEvent]: breaked minecraft:grass_block[snowy=false] on [world;-605;68;421]
[22:36:55][BlockBreakEvent]: breaked minecraft:dirt on [world;-605;66;421]
[22:37:40][BlockBreakEvent]: breaked minecraft:dirt on [world;-607;66;432]
[22:39:32][BlockBreakEvent]: breaked minecraft:grass_block[snowy=false] on [world;-603;63;433]
[22:39:34][BlockBreakEvent]: breaked minecraft:grass_block[snowy=false] on [world;-604;63;433]
[22:39:37][BlockBreakEvent]: breaked minecraft:grass_block[snowy=false] on [world;-605;63;432]
[22:40:28][BlockBreakEvent]: breaked minecraft:dirt on [world;-608;65;483]
[22:40:28][BlockBreakEvent]: breaked minecraft:dirt on [world;-607;65;483]
[22:40:28][BlockBreakEvent]: breaked minecraft:dirt on [world;-607;65;484]
[22:40:28][BlockBreakEvent]: breaked minecraft:dirt on [world;-607;66;483]
[22:40:28][BlockBreakEvent]: breaked minecraft:grass_block[snowy=false] on [world;-608;66;483]
[22:40:28][BlockBreakEvent]: breaked minecraft:dirt on [world;-607;66;484]
[22:40:28][BlockBreakEvent]: breaked minecraft:grass_block[snowy=false] on [world;-607;65;482]
[22:40:28][BlockBreakEvent]: breaked minecraft:dirt on [world;-606;66;483]
[22:40:28][BlockBreakEvent]: breaked minecraft:dirt on [world;-606;65;482]
[22:40:28][BlockBreakEvent]: breaked minecraft:grass_block[snowy=false] on [world;-606;66;482]
[22:40:28][BlockBreakEvent]: breaked minecraft:dirt on [world;-605;66;483]
[22:40:28][BlockBreakEvent]: breaked minecraft:dirt on [world;-605;66;484]
[22:40:28][BlockBreakEvent]: breaked minecraft:dirt on [world;-606;66;484]
[22:40:28][BlockBreakEvent]: breaked minecraft:dirt on [world;-606;67;483]
[22:40:28][BlockBreakEvent]: breaked minecraft:dirt on [world;-606;67;484]
[22:40:29][BlockBreakEvent]: breaked minecraft:dirt on [world;-605;67;484]
[22:40:29][BlockBreakEvent]: breaked minecraft:dirt on [world;-606;67;485]
[22:40:29][BlockBreakEvent]: breaked minecraft:dirt on [world;-608;66;484]
[22:40:29][BlockBreakEvent]: breaked minecraft:dirt on [world;-608;67;484]
[22:40:29][BlockBreakEvent]: breaked minecraft:dirt on [world;-607;67;484]
[22:40:29][BlockBreakEvent]: breaked minecraft:grass_block[snowy=false] on [world;-607;68;484]
[22:40:29][BlockBreakEvent]: breaked minecraft:grass_block[snowy=false] on [world;-607;67;483]
[22:40:30][BlockBreakEvent]: breaked minecraft:dirt on [world;-607;68;485]
[22:40:30][BlockBreakEvent]: breaked minecraft:grass_block[snowy=false] on [world;-607;69;485]
[22:40:30][BlockBreakEvent]: breaked minecraft:dirt on [world;-606;68;485]
[22:40:30][BlockBreakEvent]: breaked minecraft:dirt on [world;-606;68;484]
[22:40:30][BlockBreakEvent]: breaked minecraft:dirt on [world;-606;69;485]
[22:40:30][BlockBreakEvent]: breaked minecraft:dirt on [world;-605;69;485]
[22:40:30][BlockBreakEvent]: breaked minecraft:dirt on [world;-606;68;486]
[22:40:30][BlockBreakEvent]: breaked minecraft:dirt on [world;-607;67;485]
[22:40:30][BlockBreakEvent]: breaked minecraft:grass_block[snowy=false] on [world;-608;68;484]
[22:40:31][BlockBreakEvent]: breaked minecraft:grass_block[snowy=false] on [world;-608;69;486]
[22:40:31][BlockBreakEvent]: breaked minecraft:dirt on [world;-608;69;487]
[22:40:31][BlockBreakEvent]: breaked minecraft:grass_block[snowy=false] on [world;-608;68;485]
[22:40:31][BlockBreakEvent]: breaked minecraft:dirt on [world;-607;69;487]
[22:40:31][BlockBreakEvent]: breaked minecraft:dirt on [world;-608;69;488]
[22:40:32][BlockBreakEvent]: breaked minecraft:dirt on [world;-607;69;486]
[22:40:32][BlockBreakEvent]: breaked minecraft:dirt on [world;-606;69;487]
[22:40:32][BlockBreakEvent]: breaked minecraft:grass_block[snowy=false] on [world;-607;70;486]
[22:40:32][BlockBreakEvent]: breaked minecraft:grass_block[snowy=false] on [world;-607;70;487]
[22:40:32][BlockBreakEvent]: breaked minecraft:grass_block[snowy=false] on [world;-606;71;487]
[22:40:32][BlockBreakEvent]: breaked minecraft:grass_block[snowy=false] on [world;-606;71;488]
[22:40:32][BlockBreakEvent]: breaked minecraft:dirt on [world;-606;70;487]
[22:40:32][BlockBreakEvent]: breaked minecraft:dirt on [world;-606;70;488]
[22:40:33][BlockBreakEvent]: breaked minecraft:grass_block[snowy=false] on [world;-608;70;487]
[22:40:33][BlockBreakEvent]: breaked minecraft:grass_block[snowy=false] on [world;-607;71;488]
[22:40:34][BlockBreakEvent]: breaked minecraft:grass_block[snowy=false] on [world;-606;70;486]
[22:40:34][BlockBreakEvent]: breaked minecraft:dirt on [world;-605;70;486]
[22:40:34][BlockBreakEvent]: breaked minecraft:dirt on [world;-604;70;486]
[22:40:34][BlockBreakEvent]: breaked minecraft:dirt on [world;-604;70;485]
[22:40:34][BlockBreakEvent]: breaked minecraft:grass_block[snowy=false] on [world;-606;70;485]
[22:40:34][BlockBreakEvent]: breaked minecraft:grass_block[snowy=false] on [world;-605;70;485]
[22:40:34][BlockBreakEvent]: breaked minecraft:grass_block[snowy=false] on [world;-605;70;484]
[22:40:34][BlockBreakEvent]: breaked minecraft:dirt on [world;-603;70;485]
[22:40:34][BlockBreakEvent]: breaked minecraft:grass_block[snowy=false] on [world;-604;71;486]
[22:40:35][BlockBreakEvent]: breaked minecraft:grass_block[snowy=false] on [world;-605;71;487]
[22:40:35][BlockBreakEvent]: breaked minecraft:grass_block[snowy=false] on [world;-605;71;486]
[22:40:35][BlockBreakEvent]: breaked minecraft:dirt on [world;-605;70;487]
[22:40:35][BlockBreakEvent]: breaked minecraft:dirt on [world;-604;71;487]
[22:40:36][BlockBreakEvent]: breaked minecraft:dirt on [world;-605;71;488]
[22:40:36][BlockBreakEvent]: breaked minecraft:grass_block[snowy=false] on [world;-605;72;488]
[22:40:36][BlockBreakEvent]: breaked minecraft:grass_block[snowy=false] on [world;-604;72;488]
[22:40:36][BlockBreakEvent]: breaked minecraft:grass_block[snowy=false] on [world;-604;72;487]
[22:40:36][BlockBreakEvent]: breaked minecraft:dirt on [world;-603;72;488]
[22:40:36][BlockBreakEvent]: breaked minecraft:dirt on [world;-602;72;488]
[22:40:36][BlockBreakEvent]: breaked minecraft:grass_block[snowy=false] on [world;-602;73;488]
[22:40:36][BlockBreakEvent]: breaked minecraft:grass_block[snowy=false] on [world;-602;72;489]
[22:40:37][BlockBreakEvent]: breaked minecraft:dirt on [world;-604;71;488]
[22:40:37][BlockBreakEvent]: breaked minecraft:grass_block[snowy=false] on [world;-604;71;489]
[22:40:37][BlockBreakEvent]: breaked minecraft:grass_block[snowy=false] on [world;-606;71;489]
[22:40:54][BlockBreakEvent]: breaked minecraft:sand on [world;-604;63;478]
[22:40:57][BlockBreakEvent]: breaked minecraft:sand on [world;-603;63;477]
[22:43:53][BlockBreakEvent]: breaked minecraft:dirt on [world;-574;65;562]
[22:43:53][BlockBreakEvent]: breaked minecraft:grass_block[snowy=false] on [world;-574;66;562]
[22:43:53][BlockBreakEvent]: breaked minecraft:dirt on [world;-574;66;561]
[22:43:53][BlockBreakEvent]: breaked minecraft:dirt on [world;-573;66;561]
[22:43:53][BlockBreakEvent]: breaked minecraft:grass_block[snowy=false] on [world;-573;66;562]
[22:43:53][BlockBreakEvent]: breaked minecraft:dirt on [world;-573;67;561]
[22:43:53][BlockBreakEvent]: breaked minecraft:dirt on [world;-572;66;562]
[22:43:53][BlockBreakEvent]: breaked minecraft:dirt on [world;-572;66;561]
[22:43:53][BlockBreakEvent]: breaked minecraft:dirt on [world;-572;67;561]
[22:43:53][BlockBreakEvent]: breaked minecraft:dirt on [world;-571;67;561]
[22:43:54][BlockBreakEvent]: breaked minecraft:dirt on [world;-573;65;562]
[22:43:54][BlockBreakEvent]: breaked minecraft:dirt on [world;-573;68;561]
[22:43:55][BlockBreakEvent]: breaked minecraft:grass_block[snowy=false] on [world;-572;67;562]
[22:43:55][BlockBreakEvent]: breaked minecraft:dirt on [world;-572;68;561]
[22:43:55][BlockBreakEvent]: breaked minecraft:dirt on [world;-571;68;561]
[22:43:55][BlockBreakEvent]: breaked minecraft:grass_block[snowy=false] on [world;-571;68;562]
[22:43:56][BlockBreakEvent]: breaked minecraft:dirt on [world;-571;67;562]
[22:43:57][BlockBreakEvent]: breaked minecraft:grass_block[snowy=false] on [world;-570;69;562]
[22:43:57][BlockBreakEvent]: breaked minecraft:dirt on [world;-570;68;562]
[22:43:59][BlockBreakEvent]: breaked minecraft:stone on [world;-569;69;562]
[22:43:59][BlockBreakEvent]: breaked minecraft:stone on [world;-569;70;562]
[22:44:01][BlockBreakEvent]: breaked minecraft:dirt on [world;-568;70;562]
[22:44:01][BlockBreakEvent]: breaked minecraft:grass_block[snowy=false] on [world;-568;71;562]
[22:44:01][BlockBreakEvent]: breaked minecraft:grass_block[snowy=false] on [world;-567;71;562]
[22:46:21][BlockBreakEvent]: breaked minecraft:sand on [world;-506;62;585]
[22:55:26][BlockBreakEvent]: breaked minecraft:spruce_leaves[distance=5,persistent=false] on [world;-171;68;757]
[22:55:27][BlockBreakEvent]: breaked minecraft:spruce_leaves[distance=4,persistent=false] on [world;-172;68;757]
[22:55:31][BlockBreakEvent]: breaked minecraft:spruce_leaves[distance=1,persistent=false] on [world;-156;68;750]
[22:58:01][BlockBreakEvent]: breaked minecraft:oak_leaves[distance=3,persistent=false] on [world;-102;87;369]
[22:58:02][BlockBreakEvent]: breaked minecraft:oak_leaves[distance=4,persistent=false] on [world;-102;86;369]
[23:01:18][BlockBreakEvent]: breaked minecraft:oak_leaves[distance=6,persistent=false] on [world;-332;71;587]
[23:04:52][BlockBreakEvent]: breaked minecraft:grass_block[snowy=false] on [world;-428;81;599]
[23:04:54][BlockBreakEvent]: breaked minecraft:grass_block[snowy=false] on [world;-428;81;598]
[23:04:55][BlockBreakEvent]: breaked minecraft:dirt on [world;-428;80;599]
[23:11:04][BlockPlaceEvent]: placed minecraft:dirt on [world;-342;63;514]
[23:16:43][FurnaceExtractEvent]: breaked minecraft:smoker[facing=west,lit=false] on [world;-341;64;489]
[23:16:49][FurnaceExtractEvent]: breaked minecraft:smoker[facing=west,lit=false] on [world;-341;64;488]
[23:21:50][BlockBreakEvent]: breaked minecraft:oak_leaves[distance=4,persistent=false] on [world;-347;71;558]
[23:21:50][BlockBreakEvent]: breaked minecraft:oak_leaves[distance=5,persistent=false] on [world;-347;71;559]
[23:21:51][BlockBreakEvent]: breaked minecraft:oak_leaves[distance=4,persistent=false] on [world;-348;71;559]
[23:21:51][BlockBreakEvent]: breaked minecraft:oak_leaves[distance=3,persistent=false] on [world;-349;71;557]
[23:21:52][BlockBreakEvent]: breaked minecraft:oak_leaves[distance=3,persistent=false] on [world;-350;71;558]
[23:21:52][BlockBreakEvent]: breaked minecraft:oak_leaves[distance=2,persistent=false] on [world;-350;72;558]
[23:27:25][BlockBreakEvent]: breaked minecraft:grass on [world;-322;72;675]
[23:27:28][BlockBreakEvent]: breaked minecraft:tall_grass[half=upper] on [world;-324;73;679]
[23:27:29][BlockBreakEvent]: breaked minecraft:grass on [world;-324;72;678]
[23:28:00][BlockBreakEvent]: breaked minecraft:grass on [world;-264;70;743]
[23:28:56][BlockBreakEvent]: breaked minecraft:grass on [world;-306;73;656]
[23:28:56][BlockBreakEvent]: breaked minecraft:grass on [world;-306;73;655]
[23:55:00][BlockBreakEvent]: breaked minecraft:grass_path on [world;-370;67;869]
[23:55:00][BlockBreakEvent]: breaked minecraft:dirt on [world;-370;66;869]
[23:55:00][BlockBreakEvent]: breaked minecraft:dirt on [world;-370;65;869]
[23:55:01][BlockBreakEvent]: breaked minecraft:dirt on [world;-370;64;869]
[23:55:03][BlockBreakEvent]: breaked minecraft:stone on [world;-370;63;869]
[23:55:03][BlockBreakEvent]: breaked minecraft:stone on [world;-370;62;869]
[23:55:04][BlockBreakEvent]: breaked minecraft:stone on [world;-370;61;869]
[23:55:04][BlockBreakEvent]: breaked minecraft:stone on [world;-370;60;869]
[23:55:04][BlockBreakEvent]: breaked minecraft:stone on [world;-370;59;869]
[23:55:05][BlockBreakEvent]: breaked minecraft:stone on [world;-370;58;869]
[23:55:05][BlockBreakEvent]: breaked minecraft:stone on [world;-370;57;869]
[23:55:06][BlockBreakEvent]: breaked minecraft:stone on [world;-370;56;869]
[23:55:06][BlockBreakEvent]: breaked minecraft:stone on [world;-370;55;869]
[23:55:06][BlockBreakEvent]: breaked minecraft:stone on [world;-370;54;869]
[23:55:07][BlockBreakEvent]: breaked minecraft:stone on [world;-370;53;869]
[23:55:07][BlockBreakEvent]: breaked minecraft:stone on [world;-370;52;869]
[23:55:08][BlockBreakEvent]: breaked minecraft:stone on [world;-370;51;869]
[23:55:08][BlockBreakEvent]: breaked minecraft:stone on [world;-370;50;869]
[23:55:08][BlockBreakEvent]: breaked minecraft:stone on [world;-370;49;869]
[23:55:09][BlockBreakEvent]: breaked minecraft:stone on [world;-370;48;869]
[23:55:09][BlockBreakEvent]: breaked minecraft:stone on [world;-370;47;869]
[23:55:10][BlockBreakEvent]: breaked minecraft:stone on [world;-370;46;869]
[23:55:10][BlockBreakEvent]: breaked minecraft:stone on [world;-370;45;869]
[23:55:10][BlockBreakEvent]: breaked minecraft:stone on [world;-370;44;869]
[23:55:11][BlockBreakEvent]: breaked minecraft:stone on [world;-370;43;869]
[23:55:14][BlockBreakEvent]: breaked minecraft:dirt on [world;-370;42;869]
[23:55:14][BlockBreakEvent]: breaked minecraft:dirt on [world;-370;41;869]
[23:55:14][BlockBreakEvent]: breaked minecraft:dirt on [world;-370;40;869]
[23:55:16][BlockBreakEvent]: breaked minecraft:granite on [world;-370;39;869]
[23:55:17][BlockBreakEvent]: breaked minecraft:granite on [world;-370;38;869]
[23:55:17][BlockBreakEvent]: breaked minecraft:stone on [world;-370;37;869]
[23:55:18][BlockBreakEvent]: breaked minecraft:stone on [world;-370;36;869]
[23:55:18][BlockBreakEvent]: breaked minecraft:stone on [world;-370;35;869]
[23:55:18][BlockBreakEvent]: breaked minecraft:stone on [world;-370;34;869]
[23:55:19][BlockBreakEvent]: breaked minecraft:stone on [world;-370;33;869]
[23:55:19][BlockBreakEvent]: breaked minecraft:stone on [world;-370;32;869]
[23:55:22][BlockBreakEvent]: breaked minecraft:gravel on [world;-370;31;869]
[23:55:22][BlockBreakEvent]: breaked minecraft:gravel on [world;-370;30;869]
[23:55:22][BlockBreakEvent]: breaked minecraft:dirt on [world;-370;29;869]
[23:55:26][BlockBreakEvent]: breaked minecraft:iron_ore on [world;-370;28;869]
[23:55:26][BlockBreakEvent]: breaked minecraft:stone on [world;-370;27;869]
[23:55:27][BlockBreakEvent]: breaked minecraft:stone on [world;-370;26;869]
[23:55:27][BlockBreakEvent]: breaked minecraft:stone on [world;-370;25;869]
[23:55:27][BlockBreakEvent]: breaked minecraft:stone on [world;-370;24;869]
[23:55:28][BlockBreakEvent]: breaked minecraft:stone on [world;-370;23;869]
[23:55:28][BlockBreakEvent]: breaked minecraft:stone on [world;-370;22;869]
[23:55:29][BlockBreakEvent]: breaked minecraft:stone on [world;-370;21;869]
[23:55:29][BlockBreakEvent]: breaked minecraft:stone on [world;-370;20;869]
[23:55:29][BlockBreakEvent]: breaked minecraft:stone on [world;-370;19;869]
[23:55:30][BlockBreakEvent]: breaked minecraft:stone on [world;-370;18;869]
[23:55:30][BlockBreakEvent]: breaked minecraft:stone on [world;-370;17;869]
[23:55:31][BlockBreakEvent]: breaked minecraft:stone on [world;-370;16;869]
[23:55:31][BlockBreakEvent]: breaked minecraft:stone on [world;-370;15;869]
[23:55:46][BlockBreakEvent]: breaked minecraft:diamond_ore on [world;-369;12;868]
[23:55:47][BlockBreakEvent]: breaked minecraft:diamond_ore on [world;-368;12;868]
[23:55:48][BlockBreakEvent]: breaked minecraft:diamond_ore on [world;-368;12;869]
[23:55:49][BlockBreakEvent]: breaked minecraft:diamond_ore on [world;-368;11;869]
[23:55:50][BlockBreakEvent]: breaked minecraft:diamond_ore on [world;-369;12;869]
[23:55:52][BlockBreakEvent]: breaked minecraft:diamond_ore on [world;-369;13;868]
[23:56:05][BlockBreakEvent]: breaked minecraft:redstone_ore[lit=true] on [world;-372;11;868]
[23:56:05][BlockBreakEvent]: breaked minecraft:stone on [world;-372;12;868]
[23:56:05][BlockBreakEvent]: breaked minecraft:stone on [world;-372;11;867]
[23:56:06][BlockBreakEvent]: breaked minecraft:stone on [world;-373;11;868]
[23:56:06][BlockBreakEvent]: breaked minecraft:redstone_ore[lit=true] on [world;-373;12;868]
[23:56:07][BlockBreakEvent]: breaked minecraft:stone on [world;-374;12;868]
[23:56:07][BlockBreakEvent]: breaked minecraft:redstone_ore[lit=true] on [world;-373;12;869]
[23:56:08][BlockBreakEvent]: breaked minecraft:stone on [world;-373;11;869]
[23:56:08][BlockBreakEvent]: breaked minecraft:stone on [world;-374;12;869]
[23:56:09][BlockBreakEvent]: breaked minecraft:stone on [world;-374;11;868]
[23:56:09][BlockBreakEvent]: breaked minecraft:stone on [world;-374;11;869]
[23:56:10][BlockBreakEvent]: breaked minecraft:stone on [world;-375;11;868]
[23:56:10][BlockBreakEvent]: breaked minecraft:stone on [world;-375;12;868]
[23:56:21][BlockBreakEvent]: breaked minecraft:stone on [world;-368;12;872]
[23:56:21][BlockBreakEvent]: breaked minecraft:stone on [world;-368;11;872]
[23:56:24][BlockBreakEvent]: breaked minecraft:stone on [world;-368;12;873]
[23:56:27][BlockBreakEvent]: breaked minecraft:stone on [world;-369;12;866]
[23:56:28][BlockBreakEvent]: breaked minecraft:stone on [world;-369;11;866]
[23:56:28][BlockBreakEvent]: breaked minecraft:stone on [world;-368;12;866]
[23:56:28][BlockBreakEvent]: breaked minecraft:stone on [world;-368;11;866]
[23:56:29][BlockBreakEvent]: breaked minecraft:stone on [world;-367;12;866]
[23:56:29][BlockBreakEvent]: breaked minecraft:stone on [world;-367;11;866]
[23:56:30][BlockBreakEvent]: breaked minecraft:stone on [world;-368;11;865]
[23:56:30][BlockBreakEvent]: breaked minecraft:stone on [world;-368;12;865]
[23:56:30][BlockBreakEvent]: breaked minecraft:stone on [world;-369;12;865]
[23:56:31][BlockBreakEvent]: breaked minecraft:stone on [world;-369;11;865]
