[21:02:26][EntityPickupItemEvent]: PLAYER picked up SALMON
[21:02:43][EntityPickupItemEvent]: PLAYER picked up SALMON
[21:02:59][EntityPickupItemEvent]: PLAYER picked up COD
[21:03:16][EntityPickupItemEvent]: PLAYER picked up COD
[21:03:29][EntityPickupItemEvent]: PLAYER picked up COD
[21:03:43][EntityPickupItemEvent]: PLAYER picked up LEATHER_BOOTS
[21:04:09][EntityPickupItemEvent]: PLAYER picked up SALMON
[21:04:27][EntityPickupItemEvent]: PLAYER picked up WOODEN_PICKAXE
[21:04:50][EntityPickupItemEvent]: PLAYER picked up COD
[21:06:28][EntityPickupItemEvent]: PLAYER picked up COD
[21:06:39][EntityPickupItemEvent]: PLAYER picked up LEATHER_CHESTPLATE
[21:06:51][EntityPickupItemEvent]: PLAYER picked up SALMON
[21:06:59][EntityPickupItemEvent]: PLAYER picked up COD
[21:07:08][EntityPickupItemEvent]: PLAYER picked up COD
[21:07:19][EntityPickupItemEvent]: PLAYER picked up COD
[21:07:38][EntityPickupItemEvent]: PLAYER picked up COD
[21:07:43][EntityPickupItemEvent]: PLAYER picked up SALMON
[21:07:49][EntityPickupItemEvent]: PLAYER picked up COD
[21:08:48][EntityPickupItemEvent]: PLAYER picked up SALMON
[21:08:54][EntityPickupItemEvent]: PLAYER picked up SPIDER_EYE
[21:08:54][EntityPickupItemEvent]: PLAYER picked up STRING
[21:09:00][EntityPickupItemEvent]: PLAYER picked up PHANTOM_MEMBRANE
[21:09:19][EntityPickupItemEvent]: PLAYER picked up WOODEN_SHOVEL
[21:09:27][EntityPickupItemEvent]: PLAYER picked up TROPICAL_FISH
[21:09:31][EntityPickupItemEvent]: PLAYER picked up ROTTEN_FLESH
[21:09:48][EntityPickupItemEvent]: PLAYER picked up SALMON
[21:09:52][EntityPickupItemEvent]: PLAYER picked up GOLDEN_HELMET
[21:09:52][EntityPickupItemEvent]: PLAYER picked up ROTTEN_FLESH
[21:11:28][EntityPickupItemEvent]: PLAYER picked up ROTTEN_FLESH
[21:11:50][EntityPickupItemEvent]: PLAYER picked up ROTTEN_FLESH
[21:11:51][EntityPickupItemEvent]: PLAYER picked up PHANTOM_MEMBRANE
[21:11:55][EntityPickupItemEvent]: PLAYER picked up PHANTOM_MEMBRANE
[21:13:25][EntityPickupItemEvent]: PLAYER picked up ARROW
[21:14:08][EntityPickupItemEvent]: PLAYER picked up FISHING_ROD
[21:15:18][EntityPickupItemEvent]: PLAYER picked up PUFFERFISH
[21:15:31][EntityPickupItemEvent]: PLAYER picked up PUFFERFISH
[21:15:52][EntityPickupItemEvent]: PLAYER picked up COD
[21:16:03][EntityPickupItemEvent]: PLAYER picked up COD
[21:16:25][EntityPickupItemEvent]: PLAYER picked up COD
[21:16:39][EntityPickupItemEvent]: PLAYER picked up SALMON
[21:16:49][EntityPickupItemEvent]: PLAYER picked up COD
[21:17:01][EntityPickupItemEvent]: PLAYER picked up COD
[21:17:11][EntityPickupItemEvent]: PLAYER picked up COD
[21:17:52][EntityPickupItemEvent]: PLAYER picked up ROTTEN_FLESH
[21:18:54][EntityPickupItemEvent]: PLAYER picked up COD
[21:19:41][EntityPickupItemEvent]: PLAYER picked up COD
[21:19:59][EntityPickupItemEvent]: PLAYER picked up SALMON
[21:20:08][EntityPickupItemEvent]: PLAYER picked up COD
[21:20:23][EntityPickupItemEvent]: PLAYER picked up COD
[21:20:56][EntityPickupItemEvent]: PLAYER picked up TROPICAL_FISH
[21:21:09][EntityPickupItemEvent]: PLAYER picked up SALMON
[21:21:19][EntityPickupItemEvent]: PLAYER picked up IRON_HOE
[21:21:29][EntityPickupItemEvent]: PLAYER picked up SALMON
[21:21:51][EntityPickupItemEvent]: PLAYER picked up SALMON
[21:22:15][EntityPickupItemEvent]: PLAYER picked up COD
[21:22:24][EntityPickupItemEvent]: PLAYER picked up SALMON
[21:22:40][EntityPickupItemEvent]: PLAYER picked up COD
[21:22:51][EntityPickupItemEvent]: PLAYER picked up SALMON
[21:23:00][EntityPickupItemEvent]: PLAYER picked up COD
[21:23:17][EntityPickupItemEvent]: PLAYER picked up COD
[21:23:31][EntityPickupItemEvent]: PLAYER picked up LEATHER_CHESTPLATE
[21:23:47][EntityPickupItemEvent]: PLAYER picked up COD
[21:24:03][EntityPickupItemEvent]: PLAYER picked up SALMON
[21:24:20][EntityPickupItemEvent]: PLAYER picked up COD
[21:24:30][EntityPickupItemEvent]: PLAYER picked up COD
[21:24:35][EntityPickupItemEvent]: PLAYER picked up COD
[21:24:56][EntityPickupItemEvent]: PLAYER picked up COD
[21:25:14][EntityPickupItemEvent]: PLAYER picked up SALMON
[21:25:21][EntityPickupItemEvent]: PLAYER picked up TROPICAL_FISH
[21:25:32][EntityPickupItemEvent]: PLAYER picked up SALMON
[21:27:20][EntityPickupItemEvent]: PLAYER picked up COD
[21:27:40][EntityPickupItemEvent]: PLAYER picked up COD
[21:27:58][EntityPickupItemEvent]: PLAYER picked up COD
[21:28:22][EntityPickupItemEvent]: PLAYER picked up PUFFERFISH
[21:28:27][EntityPickupItemEvent]: PLAYER picked up ROTTEN_FLESH
[21:28:32][EntityPickupItemEvent]: PLAYER picked up ROTTEN_FLESH
[21:29:21][EntityPickupItemEvent]: PLAYER picked up ROTTEN_FLESH
[21:29:36][EntityPickupItemEvent]: PLAYER picked up PUFFERFISH
[21:29:49][EntityPickupItemEvent]: PLAYER picked up COD
[21:30:02][EntityPickupItemEvent]: PLAYER picked up COD
[21:30:19][EntityPickupItemEvent]: PLAYER picked up SALMON
[21:30:41][EntityPickupItemEvent]: PLAYER picked up COD
[21:30:54][EntityPickupItemEvent]: PLAYER picked up GUNPOWDER
[21:31:11][EntityPickupItemEvent]: PLAYER picked up COD
[21:31:21][EntityPickupItemEvent]: PLAYER picked up SALMON
[21:31:30][EntityPickupItemEvent]: PLAYER picked up LEATHER_CHESTPLATE
[21:31:36][EntityPickupItemEvent]: PLAYER picked up COD
[21:31:57][EntityPickupItemEvent]: PLAYER picked up COD
[21:32:33][EntityPickupItemEvent]: PLAYER picked up PUFFERFISH
[21:32:47][EntityPickupItemEvent]: PLAYER picked up COD
[21:32:59][EntityPickupItemEvent]: PLAYER picked up SALMON
[21:33:41][EntityPickupItemEvent]: PLAYER picked up COD
[21:34:05][EntityPickupItemEvent]: PLAYER picked up COD
[21:34:33][EntityPickupItemEvent]: PLAYER picked up ARROW
[21:35:26][EntityPickupItemEvent]: PLAYER picked up COD
[21:35:40][EntityPickupItemEvent]: PLAYER picked up COD
[21:35:48][EntityPickupItemEvent]: PLAYER picked up WOODEN_HOE
[21:36:04][EntityPickupItemEvent]: PLAYER picked up COD
[21:36:16][EntityPickupItemEvent]: PLAYER picked up SALMON
[21:36:35][EntityPickupItemEvent]: PLAYER picked up COD
[21:36:50][EntityPickupItemEvent]: PLAYER picked up COD
[21:37:09][EntityPickupItemEvent]: PLAYER picked up COD
[21:39:11][EntityPickupItemEvent]: PLAYER picked up LEATHER_BOOTS
[21:39:35][EntityPickupItemEvent]: PLAYER picked up COD
[21:40:02][EntityPickupItemEvent]: PLAYER picked up COD
[21:40:08][EntityPickupItemEvent]: PLAYER picked up COD
[21:40:21][EntityPickupItemEvent]: PLAYER picked up SALMON
[21:40:36][EntityPickupItemEvent]: PLAYER picked up COD
[21:41:20][EntityPickupItemEvent]: PLAYER picked up COD
[21:41:46][EntityPickupItemEvent]: PLAYER picked up WOODEN_SHOVEL
[21:42:06][EntityPickupItemEvent]: PLAYER picked up LEATHER_CHESTPLATE
[21:42:22][EntityPickupItemEvent]: PLAYER picked up LEATHER_LEGGINGS
[21:42:27][EntityPickupItemEvent]: PLAYER picked up LEATHER_CHESTPLATE
[21:42:32][EntityPickupItemEvent]: PLAYER picked up WOODEN_SHOVEL
[21:42:34][EntityPickupItemEvent]: PLAYER picked up PUFFERFISH
[21:42:48][EntityPickupItemEvent]: PLAYER picked up SALMON
[21:43:03][EntityPickupItemEvent]: PLAYER picked up COD
[21:43:12][EntityPickupItemEvent]: PLAYER picked up COD
[21:43:35][EntityPickupItemEvent]: PLAYER picked up PUFFERFISH
[21:43:57][EntityPickupItemEvent]: PLAYER picked up COD
[21:44:15][EntityPickupItemEvent]: PLAYER picked up COD
[21:44:35][EntityPickupItemEvent]: PLAYER picked up SALMON
[21:44:45][EntityPickupItemEvent]: PLAYER picked up WOODEN_SHOVEL
[21:44:57][EntityPickupItemEvent]: PLAYER picked up TROPICAL_FISH
[21:45:03][EntityPickupItemEvent]: PLAYER picked up SALMON
[21:45:22][EntityPickupItemEvent]: PLAYER picked up PUFFERFISH
[21:45:52][EntityPickupItemEvent]: PLAYER picked up COD
[21:46:23][EntityPickupItemEvent]: PLAYER picked up COD
[21:48:56][EntityPickupItemEvent]: PLAYER picked up COD
[21:49:08][EntityPickupItemEvent]: PLAYER picked up SALMON
[21:49:33][EntityPickupItemEvent]: PLAYER picked up COD
[21:49:54][EntityPickupItemEvent]: PLAYER picked up COD
[21:50:10][EntityPickupItemEvent]: PLAYER picked up COD
[21:50:53][EntityPickupItemEvent]: PLAYER picked up FISHING_ROD
[21:51:03][EntityPickupItemEvent]: PLAYER picked up ROTTEN_FLESH
[21:51:04][EntityPickupItemEvent]: PLAYER picked up ROTTEN_FLESH
[21:53:15][EntityPickupItemEvent]: PLAYER picked up SALMON
[21:53:20][EntityPickupItemEvent]: PLAYER picked up COD
[21:53:56][EntityPickupItemEvent]: PLAYER picked up SALMON
[21:54:09][EntityPickupItemEvent]: PLAYER picked up PHANTOM_MEMBRANE
[21:54:36][EntityPickupItemEvent]: PLAYER picked up STRING
[21:54:41][EntityPickupItemEvent]: PLAYER picked up COD
[21:54:57][EntityPickupItemEvent]: PLAYER picked up COD
[21:55:12][EntityPickupItemEvent]: PLAYER picked up COD
[21:55:23][EntityPickupItemEvent]: PLAYER picked up SALMON
[21:55:46][EntityPickupItemEvent]: PLAYER picked up PUFFERFISH
[21:55:56][EntityPickupItemEvent]: PLAYER picked up COD
[21:56:18][EntityPickupItemEvent]: PLAYER picked up TROPICAL_FISH
[21:56:26][EntityPickupItemEvent]: PLAYER picked up WOODEN_AXE
[21:56:42][EntityPickupItemEvent]: PLAYER picked up COD
[21:57:02][EntityPickupItemEvent]: PLAYER picked up COD
[21:57:22][EntityPickupItemEvent]: PLAYER picked up COD
[21:57:40][EntityPickupItemEvent]: PLAYER picked up PUFFERFISH
[21:57:52][EntityPickupItemEvent]: PLAYER picked up COD
[21:58:11][EntityPickupItemEvent]: PLAYER picked up COD
[21:58:47][EntityPickupItemEvent]: PLAYER picked up SALMON
[21:58:53][EntityPickupItemEvent]: PLAYER picked up TROPICAL_FISH
[21:59:10][EntityPickupItemEvent]: PLAYER picked up SALMON
[21:59:22][EntityPickupItemEvent]: PLAYER picked up SALMON
[21:59:31][EntityPickupItemEvent]: PLAYER picked up COD
[21:59:46][EntityPickupItemEvent]: PLAYER picked up SALMON
[21:59:57][EntityPickupItemEvent]: PLAYER picked up SALMON
[22:00:08][EntityPickupItemEvent]: PLAYER picked up SALMON
[22:00:21][EntityPickupItemEvent]: PLAYER picked up SALMON
[22:00:36][EntityPickupItemEvent]: PLAYER picked up COD
[22:00:52][EntityPickupItemEvent]: PLAYER picked up COD
[22:01:02][EntityPickupItemEvent]: PLAYER picked up WOODEN_SWORD
[22:01:14][EntityPickupItemEvent]: PLAYER picked up COD
[22:01:41][EntityPickupItemEvent]: PLAYER picked up PUFFERFISH
[22:01:53][EntityPickupItemEvent]: PLAYER picked up COD
[22:02:08][EntityPickupItemEvent]: PLAYER picked up PUFFERFISH
[22:02:20][EntityPickupItemEvent]: PLAYER picked up COD
[22:02:37][EntityPickupItemEvent]: PLAYER picked up COD
[22:03:00][EntityPickupItemEvent]: PLAYER picked up GOLD_INGOT
[22:03:10][EntityPickupItemEvent]: PLAYER picked up SALMON
[22:03:25][EntityPickupItemEvent]: PLAYER picked up PUFFERFISH
[22:03:40][EntityPickupItemEvent]: PLAYER picked up COD
[22:06:23][EntityPickupItemEvent]: PLAYER picked up IRON_INGOT
[22:07:11][EntityPickupItemEvent]: PLAYER picked up ANVIL
[22:10:00][EntityPickupItemEvent]: PLAYER picked up ROTTEN_FLESH
[22:10:03][EntityPickupItemEvent]: PLAYER picked up ROTTEN_FLESH
[22:10:12][EntityPickupItemEvent]: PLAYER picked up ARROW
[22:10:12][EntityPickupItemEvent]: PLAYER picked up BONE
[22:10:14][EntityPickupItemEvent]: PLAYER picked up ARROW
[22:10:19][EntityPickupItemEvent]: PLAYER picked up ROTTEN_FLESH
[22:10:25][EntityPickupItemEvent]: PLAYER picked up ARROW
[22:10:25][EntityPickupItemEvent]: PLAYER picked up BONE
[22:10:47][EntityPickupItemEvent]: PLAYER picked up ARROW
[22:10:47][EntityPickupItemEvent]: PLAYER picked up BOW
[22:10:48][EntityPickupItemEvent]: PLAYER picked up BONE
[22:10:56][EntityPickupItemEvent]: PLAYER picked up ARROW
[22:10:56][EntityPickupItemEvent]: PLAYER picked up BONE
[22:11:00][EntityPickupItemEvent]: PLAYER picked up ROTTEN_FLESH
[22:11:04][EntityPickupItemEvent]: PLAYER picked up SPIDER_EYE
[22:11:04][EntityPickupItemEvent]: PLAYER picked up SUGAR
[22:11:09][EntityPickupItemEvent]: PLAYER picked up ROTTEN_FLESH
[22:11:11][EntityPickupItemEvent]: PLAYER picked up ROTTEN_FLESH
[22:11:30][EntityPickupItemEvent]: PLAYER picked up ROTTEN_FLESH
[22:11:35][EntityPickupItemEvent]: PLAYER picked up ARROW
[22:11:41][EntityPickupItemEvent]: PLAYER picked up SPIDER_EYE
[22:11:42][EntityPickupItemEvent]: PLAYER picked up GUNPOWDER
[22:11:59][EntityPickupItemEvent]: PLAYER picked up ARROW
[22:11:59][EntityPickupItemEvent]: PLAYER picked up BONE
[22:12:04][EntityPickupItemEvent]: PLAYER picked up ARROW
[22:12:04][EntityPickupItemEvent]: PLAYER picked up BONE
[22:12:18][EntityPickupItemEvent]: PLAYER picked up ROTTEN_FLESH
[22:12:21][EntityPickupItemEvent]: PLAYER picked up BONE
[22:12:51][EntityPickupItemEvent]: PLAYER picked up STRING
[22:12:53][EntityPickupItemEvent]: PLAYER picked up GUNPOWDER
[22:12:59][EntityPickupItemEvent]: PLAYER picked up ARROW
[22:13:09][EntityPickupItemEvent]: PLAYER picked up ROTTEN_FLESH
[22:14:15][EntityPickupItemEvent]: PLAYER picked up WHEAT_SEEDS
[22:19:37][EntityPickupItemEvent]: PLAYER picked up OAK_FENCE
[22:20:23][EntityPickupItemEvent]: PLAYER picked up OAK_FENCE
[22:22:17][EntityPickupItemEvent]: PLAYER picked up INK_SAC
[22:25:29][EntityPickupItemEvent]: PLAYER picked up ARROW
[22:25:29][EntityPickupItemEvent]: PLAYER picked up BONE
[22:26:18][EntityPickupItemEvent]: PLAYER picked up STRING
[22:26:45][EntityPickupItemEvent]: PLAYER picked up STRING
[22:27:53][EntityPickupItemEvent]: PLAYER picked up STRING
[22:28:29][EntityPickupItemEvent]: PLAYER picked up GUNPOWDER
[22:29:04][EntityPickupItemEvent]: PLAYER picked up ARROW
[22:30:06][EntityPickupItemEvent]: PLAYER picked up ARROW
[22:30:36][EntityPickupItemEvent]: PLAYER picked up BONE
[22:30:37][EntityPickupItemEvent]: PLAYER picked up ARROW
[22:31:01][EntityPickupItemEvent]: PLAYER picked up BONE
[22:31:38][EntityPickupItemEvent]: PLAYER picked up ARROW
[22:32:02][EntityPickupItemEvent]: PLAYER picked up ARROW
[22:32:02][EntityPickupItemEvent]: PLAYER picked up BONE
[22:32:15][EntityPickupItemEvent]: PLAYER picked up GUNPOWDER
[22:33:12][EntityPickupItemEvent]: PLAYER picked up ARROW
[22:33:14][EntityPickupItemEvent]: PLAYER picked up STRING
[22:50:39][EntityPickupItemEvent]: PLAYER picked up STRING
[22:50:43][EntityPickupItemEvent]: PLAYER picked up STRING
[22:51:08][EntityPickupItemEvent]: PLAYER picked up BONE
[22:51:19][EntityPickupItemEvent]: PLAYER picked up ARROW
[22:51:40][EntityPickupItemEvent]: PLAYER picked up STRING
[22:52:22][EntityPickupItemEvent]: PLAYER picked up ARROW
[22:52:23][EntityPickupItemEvent]: PLAYER picked up BONE
[22:52:53][EntityPickupItemEvent]: PLAYER picked up BONE
[22:52:59][EntityPickupItemEvent]: PLAYER picked up STRING
[23:00:12][EntityPickupItemEvent]: PLAYER picked up LEAD
[23:01:41][EntityPickupItemEvent]: PLAYER picked up LEAD
[23:01:55][EntityPickupItemEvent]: PLAYER picked up LEAD
[23:04:53][EntityPickupItemEvent]: PLAYER picked up DIRT
[23:04:56][EntityPickupItemEvent]: PLAYER picked up DIRT
[23:04:56][EntityPickupItemEvent]: PLAYER picked up DIRT
[23:05:38][EntityPickupItemEvent]: PLAYER picked up PHANTOM_MEMBRANE
[23:05:46][EntityPickupItemEvent]: PLAYER picked up LEAD
[23:06:48][EntityPickupItemEvent]: PLAYER picked up LEAD
[23:06:50][EntityPickupItemEvent]: PLAYER picked up ENDER_PEARL
[23:07:06][EntityPickupItemEvent]: PLAYER picked up LEAD
[23:08:35][EntityPickupItemEvent]: PLAYER picked up PHANTOM_MEMBRANE
[23:10:21][EntityPickupItemEvent]: PLAYER picked up GUNPOWDER
[23:10:33][EntityPickupItemEvent]: PLAYER picked up GUNPOWDER
[23:15:46][EntityPickupItemEvent]: PLAYER picked up BONE
[23:15:47][EntityPickupItemEvent]: PLAYER picked up ARROW
[23:16:00][EntityPickupItemEvent]: PLAYER picked up ROTTEN_FLESH
[23:17:07][EntityPickupItemEvent]: PLAYER picked up SWEET_BERRIES
[23:17:09][EntityPickupItemEvent]: PLAYER picked up SWEET_BERRIES
[23:17:10][EntityPickupItemEvent]: PLAYER picked up SWEET_BERRIES
[23:17:11][EntityPickupItemEvent]: PLAYER picked up SWEET_BERRIES
[23:17:16][EntityPickupItemEvent]: PLAYER picked up SWEET_BERRIES
[23:17:18][EntityPickupItemEvent]: PLAYER picked up SWEET_BERRIES
[23:17:21][EntityPickupItemEvent]: PLAYER picked up SWEET_BERRIES
[23:17:22][EntityPickupItemEvent]: PLAYER picked up SWEET_BERRIES
[23:17:23][EntityPickupItemEvent]: PLAYER picked up SWEET_BERRIES
[23:17:24][EntityPickupItemEvent]: PLAYER picked up SWEET_BERRIES
[23:17:24][EntityPickupItemEvent]: PLAYER picked up SWEET_BERRIES
[23:17:26][EntityPickupItemEvent]: PLAYER picked up SWEET_BERRIES
[23:17:26][EntityPickupItemEvent]: PLAYER picked up SWEET_BERRIES
[23:17:27][EntityPickupItemEvent]: PLAYER picked up SWEET_BERRIES
[23:17:27][EntityPickupItemEvent]: PLAYER picked up SWEET_BERRIES
[23:17:28][EntityPickupItemEvent]: PLAYER picked up SWEET_BERRIES
[23:17:29][EntityPickupItemEvent]: PLAYER picked up SWEET_BERRIES
[23:17:29][EntityPickupItemEvent]: PLAYER picked up SWEET_BERRIES
[23:17:32][EntityPickupItemEvent]: PLAYER picked up SWEET_BERRIES
[23:20:23][EntityPickupItemEvent]: PLAYER picked up COD
[23:20:30][EntityPickupItemEvent]: PLAYER picked up LEATHER_BOOTS
[23:20:38][EntityPickupItemEvent]: PLAYER picked up COD
[23:20:51][EntityPickupItemEvent]: PLAYER picked up SALMON
[23:21:03][EntityPickupItemEvent]: PLAYER picked up SALMON
[23:21:22][EntityPickupItemEvent]: PLAYER picked up SALMON
[23:21:37][EntityPickupItemEvent]: PLAYER picked up COD
[23:21:45][EntityPickupItemEvent]: PLAYER picked up SALMON
[23:22:14][EntityPickupItemEvent]: PLAYER picked up COD
[23:22:43][EntityPickupItemEvent]: PLAYER picked up WOODEN_SHOVEL
[23:22:50][EntityPickupItemEvent]: PLAYER picked up COD
[23:23:01][EntityPickupItemEvent]: PLAYER picked up COD
[23:23:11][EntityPickupItemEvent]: PLAYER picked up COD
[23:23:26][EntityPickupItemEvent]: PLAYER picked up COD
[23:23:41][EntityPickupItemEvent]: PLAYER picked up TROPICAL_FISH
[23:23:53][EntityPickupItemEvent]: PLAYER picked up PUFFERFISH
[23:24:04][EntityPickupItemEvent]: PLAYER picked up SALMON
[23:24:18][EntityPickupItemEvent]: PLAYER picked up SALMON
[23:26:42][EntityPickupItemEvent]: PLAYER picked up ARROW
[23:27:11][EntityPickupItemEvent]: PLAYER picked up ARROW
[23:27:25][EntityPickupItemEvent]: PLAYER picked up ROTTEN_FLESH
[23:27:44][EntityPickupItemEvent]: PLAYER picked up ARROW
[23:28:03][EntityPickupItemEvent]: PLAYER picked up ROTTEN_FLESH
[23:28:24][EntityPickupItemEvent]: PLAYER picked up ROTTEN_FLESH
[23:28:25][EntityPickupItemEvent]: PLAYER picked up ROTTEN_FLESH
[23:28:36][EntityPickupItemEvent]: PLAYER picked up ROTTEN_FLESH
[23:28:53][EntityPickupItemEvent]: PLAYER picked up ARROW
[23:29:10][EntityPickupItemEvent]: PLAYER picked up ROTTEN_FLESH
[23:29:26][EntityPickupItemEvent]: PLAYER picked up ARROW
[23:29:32][EntityPickupItemEvent]: PLAYER picked up ROTTEN_FLESH
[23:30:06][EntityPickupItemEvent]: PLAYER picked up ARROW
[23:30:37][EntityPickupItemEvent]: PLAYER picked up ARROW
[23:30:39][EntityPickupItemEvent]: PLAYER picked up ROTTEN_FLESH
[23:31:10][EntityPickupItemEvent]: PLAYER picked up ROTTEN_FLESH
[23:34:03][EntityPickupItemEvent]: PLAYER picked up LAPIS_LAZULI
[23:36:47][EntityPickupItemEvent]: PLAYER picked up TROPICAL_FISH
[23:52:48][EntityPickupItemEvent]: PLAYER picked up STRING
[23:53:00][EntityPickupItemEvent]: PLAYER picked up GUNPOWDER
[23:55:00][EntityPickupItemEvent]: PLAYER picked up DIRT
[23:55:00][EntityPickupItemEvent]: PLAYER picked up DIRT
[23:55:01][EntityPickupItemEvent]: PLAYER picked up DIRT
[23:55:01][EntityPickupItemEvent]: PLAYER picked up DIRT
[23:55:03][EntityPickupItemEvent]: PLAYER picked up COBBLESTONE
[23:55:03][EntityPickupItemEvent]: PLAYER picked up COBBLESTONE
[23:55:04][EntityPickupItemEvent]: PLAYER picked up COBBLESTONE
[23:55:04][EntityPickupItemEvent]: PLAYER picked up COBBLESTONE
[23:55:04][EntityPickupItemEvent]: PLAYER picked up COBBLESTONE
[23:55:04][EntityPickupItemEvent]: PLAYER picked up COBBLESTONE
[23:55:05][EntityPickupItemEvent]: PLAYER picked up COBBLESTONE
[23:55:05][EntityPickupItemEvent]: PLAYER picked up COBBLESTONE
[23:55:05][EntityPickupItemEvent]: PLAYER picked up COBBLESTONE
[23:55:06][EntityPickupItemEvent]: PLAYER picked up COBBLESTONE
[23:55:06][EntityPickupItemEvent]: PLAYER picked up COBBLESTONE
[23:55:06][EntityPickupItemEvent]: PLAYER picked up COBBLESTONE
[23:55:06][EntityPickupItemEvent]: PLAYER picked up COBBLESTONE
[23:55:07][EntityPickupItemEvent]: PLAYER picked up COBBLESTONE
[23:55:07][EntityPickupItemEvent]: PLAYER picked up COBBLESTONE
[23:55:07][EntityPickupItemEvent]: PLAYER picked up COBBLESTONE
[23:55:07][EntityPickupItemEvent]: PLAYER picked up COBBLESTONE
[23:55:08][EntityPickupItemEvent]: PLAYER picked up COBBLESTONE
[23:55:08][EntityPickupItemEvent]: PLAYER picked up COBBLESTONE
[23:55:08][EntityPickupItemEvent]: PLAYER picked up COBBLESTONE
[23:55:08][EntityPickupItemEvent]: PLAYER picked up COBBLESTONE
[23:55:09][EntityPickupItemEvent]: PLAYER picked up COBBLESTONE
[23:55:09][EntityPickupItemEvent]: PLAYER picked up COBBLESTONE
[23:55:10][EntityPickupItemEvent]: PLAYER picked up COBBLESTONE
[23:55:10][EntityPickupItemEvent]: PLAYER picked up COBBLESTONE
[23:55:10][EntityPickupItemEvent]: PLAYER picked up COBBLESTONE
[23:55:10][EntityPickupItemEvent]: PLAYER picked up COBBLESTONE
[23:55:10][EntityPickupItemEvent]: PLAYER picked up COBBLESTONE
[23:55:11][EntityPickupItemEvent]: PLAYER picked up COBBLESTONE
[23:55:11][EntityPickupItemEvent]: PLAYER picked up COBBLESTONE
[23:55:11][EntityPickupItemEvent]: PLAYER picked up COBBLESTONE
[23:55:14][EntityPickupItemEvent]: PLAYER picked up DIRT
[23:55:14][EntityPickupItemEvent]: PLAYER picked up DIRT
[23:55:15][EntityPickupItemEvent]: PLAYER picked up DIRT
[23:55:17][EntityPickupItemEvent]: PLAYER picked up GRANITE
[23:55:17][EntityPickupItemEvent]: PLAYER picked up GRANITE
[23:55:17][EntityPickupItemEvent]: PLAYER picked up GRANITE
[23:55:18][EntityPickupItemEvent]: PLAYER picked up COBBLESTONE
[23:55:18][EntityPickupItemEvent]: PLAYER picked up COBBLESTONE
[23:55:18][EntityPickupItemEvent]: PLAYER picked up COBBLESTONE
[23:55:18][EntityPickupItemEvent]: PLAYER picked up COBBLESTONE
[23:55:18][EntityPickupItemEvent]: PLAYER picked up COBBLESTONE
[23:55:19][EntityPickupItemEvent]: PLAYER picked up COBBLESTONE
[23:55:19][EntityPickupItemEvent]: PLAYER picked up COBBLESTONE
[23:55:19][EntityPickupItemEvent]: PLAYER picked up COBBLESTONE
[23:55:19][EntityPickupItemEvent]: PLAYER picked up COBBLESTONE
[23:55:20][EntityPickupItemEvent]: PLAYER picked up COBBLESTONE
[23:55:20][EntityPickupItemEvent]: PLAYER picked up COBBLESTONE
[23:55:22][EntityPickupItemEvent]: PLAYER picked up FLINT
[23:55:23][EntityPickupItemEvent]: PLAYER picked up FLINT
[23:55:23][EntityPickupItemEvent]: PLAYER picked up DIRT
[23:55:26][EntityPickupItemEvent]: PLAYER picked up IRON_ORE
[23:55:26][EntityPickupItemEvent]: PLAYER picked up IRON_ORE
[23:55:27][EntityPickupItemEvent]: PLAYER picked up COBBLESTONE
[23:55:27][EntityPickupItemEvent]: PLAYER picked up COBBLESTONE
[23:55:27][EntityPickupItemEvent]: PLAYER picked up COBBLESTONE
[23:55:27][EntityPickupItemEvent]: PLAYER picked up COBBLESTONE
[23:55:27][EntityPickupItemEvent]: PLAYER picked up COBBLESTONE
[23:55:27][EntityPickupItemEvent]: PLAYER picked up COBBLESTONE
[23:55:28][EntityPickupItemEvent]: PLAYER picked up COBBLESTONE
[23:55:28][EntityPickupItemEvent]: PLAYER picked up COBBLESTONE
[23:55:28][EntityPickupItemEvent]: PLAYER picked up COBBLESTONE
[23:55:28][EntityPickupItemEvent]: PLAYER picked up COBBLESTONE
[23:55:29][EntityPickupItemEvent]: PLAYER picked up COBBLESTONE
[23:55:29][EntityPickupItemEvent]: PLAYER picked up COBBLESTONE
[23:55:29][EntityPickupItemEvent]: PLAYER picked up COBBLESTONE
[23:55:29][EntityPickupItemEvent]: PLAYER picked up COBBLESTONE
[23:55:30][EntityPickupItemEvent]: PLAYER picked up COBBLESTONE
[23:55:30][EntityPickupItemEvent]: PLAYER picked up COBBLESTONE
[23:55:31][EntityPickupItemEvent]: PLAYER picked up COBBLESTONE
[23:55:31][EntityPickupItemEvent]: PLAYER picked up COBBLESTONE
[23:55:32][EntityPickupItemEvent]: PLAYER picked up COBBLESTONE
[23:55:47][EntityPickupItemEvent]: PLAYER picked up DIAMOND
[23:55:48][EntityPickupItemEvent]: PLAYER picked up DIAMOND
[23:55:49][EntityPickupItemEvent]: PLAYER picked up DIAMOND
[23:55:49][EntityPickupItemEvent]: PLAYER picked up DIAMOND
[23:55:50][EntityPickupItemEvent]: PLAYER picked up DIAMOND
[23:55:51][EntityPickupItemEvent]: PLAYER picked up DIAMOND
[23:55:52][EntityPickupItemEvent]: PLAYER picked up DIAMOND
[23:55:52][EntityPickupItemEvent]: PLAYER picked up DIAMOND
[23:55:58][EntityPickupItemEvent]: PLAYER picked up REDSTONE
[23:56:05][EntityPickupItemEvent]: PLAYER picked up COBBLESTONE
[23:56:06][EntityPickupItemEvent]: PLAYER picked up COBBLESTONE
[23:56:07][EntityPickupItemEvent]: PLAYER picked up REDSTONE
[23:56:07][EntityPickupItemEvent]: PLAYER picked up COBBLESTONE
[23:56:07][EntityPickupItemEvent]: PLAYER picked up COBBLESTONE
[23:56:08][EntityPickupItemEvent]: PLAYER picked up COBBLESTONE
[23:56:09][EntityPickupItemEvent]: PLAYER picked up REDSTONE
[23:56:09][EntityPickupItemEvent]: PLAYER picked up COBBLESTONE
[23:56:22][EntityPickupItemEvent]: PLAYER picked up COBBLESTONE
[23:56:25][EntityPickupItemEvent]: PLAYER picked up COBBLESTONE
[23:56:28][EntityPickupItemEvent]: PLAYER picked up COBBLESTONE
[23:56:28][EntityPickupItemEvent]: PLAYER picked up COBBLESTONE
[23:56:28][EntityPickupItemEvent]: PLAYER picked up COBBLESTONE
[23:56:29][EntityPickupItemEvent]: PLAYER picked up COBBLESTONE
[23:56:29][EntityPickupItemEvent]: PLAYER picked up COBBLESTONE
[23:56:30][EntityPickupItemEvent]: PLAYER picked up COBBLESTONE
[23:56:30][EntityPickupItemEvent]: PLAYER picked up COBBLESTONE
[23:56:31][EntityPickupItemEvent]: PLAYER picked up COBBLESTONE
[23:56:31][EntityPickupItemEvent]: PLAYER picked up COBBLESTONE
[23:59:06][EntityPickupItemEvent]: PLAYER picked up COD
[23:59:14][EntityPickupItemEvent]: PLAYER picked up PUFFERFISH
[23:59:20][EntityPickupItemEvent]: PLAYER picked up COD
[23:59:35][EntityPickupItemEvent]: PLAYER picked up COD
[23:59:50][EntityPickupItemEvent]: PLAYER picked up COD
