[00:00:13][EntityPickupItemEvent]: PLAYER picked up DIRT
[00:01:49][EntityPickupItemEvent]: PLAYER picked up SWEET_BERRIES
[00:01:52][EntityPickupItemEvent]: PLAYER picked up SWEET_BERRIES
[00:01:54][EntityPickupItemEvent]: PLAYER picked up SWEET_BERRIES
[00:01:59][EntityPickupItemEvent]: PLAYER picked up SWEET_BERRIES
[00:02:00][EntityPickupItemEvent]: PLAYER picked up SWEET_BERRIES
[00:02:03][EntityPickupItemEvent]: PLAYER picked up SWEET_BERRIES
[00:02:04][EntityPickupItemEvent]: PLAYER picked up SWEET_BERRIES
[00:02:07][EntityPickupItemEvent]: PLAYER picked up SWEET_BERRIES
[00:02:07][EntityPickupItemEvent]: PLAYER picked up SWEET_BERRIES
[00:02:12][EntityPickupItemEvent]: PLAYER picked up SWEET_BERRIES
[00:02:14][EntityPickupItemEvent]: PLAYER picked up SWEET_BERRIES
[00:02:14][EntityPickupItemEvent]: PLAYER picked up SWEET_BERRIES
[00:02:15][EntityPickupItemEvent]: PLAYER picked up SWEET_BERRIES
[00:02:16][EntityPickupItemEvent]: PLAYER picked up SWEET_BERRIES
[00:02:17][EntityPickupItemEvent]: PLAYER picked up SWEET_BERRIES
[00:02:17][EntityPickupItemEvent]: PLAYER picked up SWEET_BERRIES
[00:02:18][EntityPickupItemEvent]: PLAYER picked up SWEET_BERRIES
[00:04:18][EntityPickupItemEvent]: PLAYER picked up WHEAT_SEEDS
[00:05:47][EntityPickupItemEvent]: PLAYER picked up STRING
[00:05:47][EntityPickupItemEvent]: PLAYER picked up SPIDER_EYE
[00:07:18][EntityPickupItemEvent]: PLAYER picked up ARROW
[00:07:18][EntityPickupItemEvent]: PLAYER picked up BONE
[00:07:42][EntityPickupItemEvent]: PLAYER picked up CHICKEN
[00:07:43][EntityPickupItemEvent]: PLAYER picked up FEATHER
[00:07:48][EntityPickupItemEvent]: PLAYER picked up BONE
[00:08:23][EntityPickupItemEvent]: PLAYER picked up SALMON
[00:08:33][EntityPickupItemEvent]: PLAYER picked up SALMON
[00:09:04][EntityPickupItemEvent]: PLAYER picked up SALMON
[00:09:05][EntityPickupItemEvent]: PLAYER picked up SALMON
[00:09:18][EntityPickupItemEvent]: PLAYER picked up SALMON
[00:13:56][EntityPickupItemEvent]: PLAYER picked up BONE
[00:19:31][EntityPickupItemEvent]: PLAYER picked up DIRT
[00:20:06][EntityPickupItemEvent]: PLAYER picked up DIRT
[00:20:06][EntityPickupItemEvent]: PLAYER picked up DIRT
[00:20:07][EntityPickupItemEvent]: PLAYER picked up DIRT
[00:20:07][EntityPickupItemEvent]: PLAYER picked up DIRT
[00:21:49][EntityPickupItemEvent]: PLAYER picked up LEAD
[00:23:18][EntityPickupItemEvent]: PLAYER picked up LEAD
[00:23:29][EntityPickupItemEvent]: PLAYER picked up OAK_SAPLING
[00:24:03][EntityPickupItemEvent]: PLAYER picked up LEAD
[00:24:31][EntityPickupItemEvent]: PLAYER picked up LEAD
[00:25:40][EntityPickupItemEvent]: PLAYER picked up LEAD
[00:26:04][EntityPickupItemEvent]: PLAYER picked up LEAD
[00:33:19][EntityPickupItemEvent]: PLAYER picked up LEAD
[00:33:29][EntityPickupItemEvent]: PLAYER picked up LEAD
[00:36:54][EntityPickupItemEvent]: PLAYER picked up NETHERRACK
[00:36:58][EntityPickupItemEvent]: PLAYER picked up NETHERRACK
[00:36:59][EntityPickupItemEvent]: PLAYER picked up NETHERRACK
[00:37:01][EntityPickupItemEvent]: PLAYER picked up NETHERRACK
[00:37:18][EntityPickupItemEvent]: PLAYER picked up NETHERRACK
[00:47:39][EntityPickupItemEvent]: PLAYER picked up CARROT
[00:52:58][EntityPickupItemEvent]: PLAYER picked up WHEAT_SEEDS
[00:52:59][EntityPickupItemEvent]: PLAYER picked up WHEAT_SEEDS
[00:53:00][EntityPickupItemEvent]: PLAYER picked up WHEAT_SEEDS
[00:53:00][EntityPickupItemEvent]: PLAYER picked up WHEAT_SEEDS
[00:53:00][EntityPickupItemEvent]: PLAYER picked up WHEAT_SEEDS
[00:53:00][EntityPickupItemEvent]: PLAYER picked up WHEAT_SEEDS
[00:53:01][EntityPickupItemEvent]: PLAYER picked up WHEAT_SEEDS
[00:53:01][EntityPickupItemEvent]: PLAYER picked up WHEAT_SEEDS
[00:53:02][EntityPickupItemEvent]: PLAYER picked up WHEAT_SEEDS
[00:53:02][EntityPickupItemEvent]: PLAYER picked up WHEAT_SEEDS
[00:53:02][EntityPickupItemEvent]: PLAYER picked up WHEAT_SEEDS
[00:53:03][EntityPickupItemEvent]: PLAYER picked up WHEAT_SEEDS
[00:53:07][EntityPickupItemEvent]: PLAYER picked up WHEAT
[00:53:10][EntityPickupItemEvent]: PLAYER picked up WHEAT
[00:53:10][EntityPickupItemEvent]: PLAYER picked up WHEAT
[00:53:11][EntityPickupItemEvent]: PLAYER picked up WHEAT
[00:53:11][EntityPickupItemEvent]: PLAYER picked up WHEAT
[00:53:13][EntityPickupItemEvent]: PLAYER picked up WHEAT
[00:53:13][EntityPickupItemEvent]: PLAYER picked up WHEAT
[00:53:15][EntityPickupItemEvent]: PLAYER picked up WHEAT
[00:53:17][EntityPickupItemEvent]: PLAYER picked up WHEAT
[00:53:18][EntityPickupItemEvent]: PLAYER picked up WHEAT
[00:53:19][EntityPickupItemEvent]: PLAYER picked up WHEAT
[00:53:21][EntityPickupItemEvent]: PLAYER picked up WHEAT
[00:53:37][EntityPickupItemEvent]: PLAYER picked up WHEAT_SEEDS
[00:53:37][EntityPickupItemEvent]: PLAYER picked up WHEAT_SEEDS
[00:53:37][EntityPickupItemEvent]: PLAYER picked up WHEAT_SEEDS
[00:53:37][EntityPickupItemEvent]: PLAYER picked up WHEAT_SEEDS
[00:53:38][EntityPickupItemEvent]: PLAYER picked up WHEAT_SEEDS
[00:53:45][EntityPickupItemEvent]: PLAYER picked up WHEAT_SEEDS
[00:53:45][EntityPickupItemEvent]: PLAYER picked up WHEAT_SEEDS
[00:53:46][EntityPickupItemEvent]: PLAYER picked up WHEAT_SEEDS
[00:53:46][EntityPickupItemEvent]: PLAYER picked up WHEAT_SEEDS
[00:53:46][EntityPickupItemEvent]: PLAYER picked up WHEAT_SEEDS
[00:53:46][EntityPickupItemEvent]: PLAYER picked up WHEAT_SEEDS
[00:53:47][EntityPickupItemEvent]: PLAYER picked up WHEAT_SEEDS
[00:53:50][EntityPickupItemEvent]: PLAYER picked up WHEAT_SEEDS
[00:53:51][EntityPickupItemEvent]: PLAYER picked up WHEAT_SEEDS
[00:53:51][EntityPickupItemEvent]: PLAYER picked up WHEAT_SEEDS
[00:53:52][EntityPickupItemEvent]: PLAYER picked up WHEAT_SEEDS
[00:53:52][EntityPickupItemEvent]: PLAYER picked up WHEAT_SEEDS
[00:53:52][EntityPickupItemEvent]: PLAYER picked up WHEAT_SEEDS
[00:54:19][EntityPickupItemEvent]: PLAYER picked up WHEAT
[00:56:45][EntityPickupItemEvent]: PLAYER picked up CHICKEN
[00:56:45][EntityPickupItemEvent]: PLAYER picked up FEATHER
[01:00:18][EntityPickupItemEvent]: PLAYER picked up CORNFLOWER
[01:06:48][EntityPickupItemEvent]: PLAYER picked up SWEET_BERRIES
[01:08:32][EntityPickupItemEvent]: PLAYER picked up DEAD_TUBE_CORAL_BLOCK
[01:08:43][EntityPickupItemEvent]: PLAYER picked up DEAD_BRAIN_CORAL_BLOCK
[01:08:45][EntityPickupItemEvent]: PLAYER picked up DEAD_BRAIN_CORAL_BLOCK
[01:08:47][EntityPickupItemEvent]: PLAYER picked up DEAD_BRAIN_CORAL_BLOCK
[01:09:08][EntityPickupItemEvent]: PLAYER picked up DEAD_HORN_CORAL_BLOCK
[01:09:09][EntityPickupItemEvent]: PLAYER picked up DEAD_HORN_CORAL_BLOCK
[01:09:10][EntityPickupItemEvent]: PLAYER picked up DEAD_HORN_CORAL_BLOCK
[01:09:11][EntityPickupItemEvent]: PLAYER picked up DEAD_HORN_CORAL_BLOCK
[01:09:12][EntityPickupItemEvent]: PLAYER picked up DEAD_HORN_CORAL_BLOCK
[01:09:12][EntityPickupItemEvent]: PLAYER picked up DEAD_HORN_CORAL_BLOCK
[01:09:13][EntityPickupItemEvent]: PLAYER picked up DEAD_TUBE_CORAL_BLOCK
[01:09:14][EntityPickupItemEvent]: PLAYER picked up DEAD_TUBE_CORAL_BLOCK
[01:09:15][EntityPickupItemEvent]: PLAYER picked up DEAD_TUBE_CORAL_BLOCK
[01:09:16][EntityPickupItemEvent]: PLAYER picked up DEAD_TUBE_CORAL_BLOCK
[01:09:31][EntityPickupItemEvent]: PLAYER picked up SEA_PICKLE
[01:09:31][EntityPickupItemEvent]: PLAYER picked up DEAD_FIRE_CORAL_BLOCK
[01:09:32][EntityPickupItemEvent]: PLAYER picked up DEAD_FIRE_CORAL_BLOCK
[01:09:35][EntityPickupItemEvent]: PLAYER picked up DEAD_TUBE_CORAL_BLOCK
[01:09:36][EntityPickupItemEvent]: PLAYER picked up DEAD_TUBE_CORAL_BLOCK
[01:09:37][EntityPickupItemEvent]: PLAYER picked up DEAD_HORN_CORAL_BLOCK
[01:10:08][EntityPickupItemEvent]: PLAYER picked up DEAD_TUBE_CORAL_BLOCK
[01:10:09][EntityPickupItemEvent]: PLAYER picked up DEAD_HORN_CORAL_BLOCK
[01:11:32][EntityPickupItemEvent]: PLAYER picked up SEA_PICKLE
[01:11:34][EntityPickupItemEvent]: PLAYER picked up SEA_PICKLE
[01:11:39][EntityPickupItemEvent]: PLAYER picked up SEA_PICKLE
[01:11:50][EntityPickupItemEvent]: PLAYER picked up SEA_PICKLE
