[00:00:13][BlockBreakEvent]: breaked minecraft:grass_block[snowy=false] on [world;-323;59;559]
[00:04:18][BlockBreakEvent]: breaked minecraft:grass on [world;-420;70;981]
[00:07:00][BlockBreakEvent]: breaked minecraft:oak_leaves[distance=2,persistent=false] on [world;-847;65;1062]
[00:12:57][BlockBreakEvent]: breaked minecraft:grass on [world;-847;75;987]
[00:19:31][BlockBreakEvent]: breaked minecraft:grass_block[snowy=false] on [world;-479;80;427]
[00:20:06][BlockBreakEvent]: breaked minecraft:dirt on [world;-440;71;276]
[00:20:06][BlockBreakEvent]: breaked minecraft:grass_block[snowy=false] on [world;-440;72;276]
[00:20:06][BlockBreakEvent]: breaked minecraft:grass_block[snowy=false] on [world;-441;72;276]
[00:20:06][BlockBreakEvent]: breaked minecraft:grass_block[snowy=false] on [world;-442;72;276]
[00:23:03][BlockBreakEvent]: breaked minecraft:oak_leaves[distance=2,persistent=false] on [world;-300;66;399]
[00:23:04][BlockBreakEvent]: breaked minecraft:oak_leaves[distance=3,persistent=false] on [world;-300;66;398]
[00:23:08][BlockBreakEvent]: breaked minecraft:oak_leaves[distance=1,persistent=false] on [world;-297;68;395]
[00:23:08][BlockBreakEvent]: breaked minecraft:oak_leaves[distance=3,persistent=false] on [world;-296;68;395]
[00:23:29][BlockBreakEvent]: breaked minecraft:oak_leaves[distance=2,persistent=false] on [world;-266;72;395]
[00:23:30][BlockBreakEvent]: breaked minecraft:oak_leaves[distance=3,persistent=false] on [world;-265;72;395]
[00:31:43][BlockPlaceEvent]: placed minecraft:oak_fence[east=false,north=false,south=false,waterlogged=false,west=false] on [world;-333;67;536]
[00:31:43][BlockPlaceEvent]: placed minecraft:oak_fence[east=true,north=false,south=false,waterlogged=false,west=false] on [world;-334;67;536]
[00:31:44][BlockPlaceEvent]: placed minecraft:oak_fence[east=true,north=false,south=false,waterlogged=false,west=false] on [world;-335;67;536]
[00:31:44][BlockPlaceEvent]: placed minecraft:oak_fence[east=true,north=false,south=false,waterlogged=false,west=false] on [world;-336;67;536]
[00:31:45][BlockPlaceEvent]: placed minecraft:oak_fence[east=true,north=false,south=false,waterlogged=false,west=false] on [world;-337;67;536]
[00:31:49][BlockPlaceEvent]: placed minecraft:oak_fence[east=true,north=false,south=false,waterlogged=false,west=false] on [world;-338;67;536]
[00:31:54][BlockPlaceEvent]: placed minecraft:oak_fence[east=false,north=false,south=true,waterlogged=false,west=false] on [world;-338;67;535]
[00:31:55][BlockPlaceEvent]: placed minecraft:oak_fence[east=false,north=false,south=true,waterlogged=false,west=false] on [world;-338;67;534]
[00:31:56][BlockPlaceEvent]: placed minecraft:oak_fence[east=false,north=false,south=true,waterlogged=false,west=false] on [world;-338;67;533]
[00:31:58][BlockPlaceEvent]: placed minecraft:oak_fence[east=false,north=false,south=true,waterlogged=false,west=false] on [world;-338;67;532]
[00:32:00][BlockPlaceEvent]: placed minecraft:oak_fence[east=false,north=false,south=false,waterlogged=false,west=true] on [world;-337;67;532]
[00:32:01][BlockPlaceEvent]: placed minecraft:oak_fence[east=false,north=false,south=false,waterlogged=false,west=true] on [world;-336;67;532]
[00:32:02][BlockPlaceEvent]: placed minecraft:oak_fence[east=false,north=false,south=false,waterlogged=false,west=true] on [world;-335;67;532]
[00:32:03][BlockPlaceEvent]: placed minecraft:oak_fence[east=false,north=false,south=false,waterlogged=false,west=true] on [world;-334;67;532]
[00:32:04][BlockPlaceEvent]: placed minecraft:oak_fence[east=false,north=false,south=false,waterlogged=false,west=true] on [world;-333;67;532]
[00:32:49][BlockPlaceEvent]: placed minecraft:oak_fence[east=false,north=true,south=false,waterlogged=false,west=false] on [world;-333;67;533]
[00:32:50][BlockPlaceEvent]: placed minecraft:oak_fence[east=false,north=false,south=true,waterlogged=false,west=false] on [world;-333;67;535]
[00:32:57][BlockPlaceEvent]: placed minecraft:oak_fence_gate[facing=west,in_wall=false,open=false,powered=false] on [world;-333;67;534]
[00:36:53][BlockBreakEvent]: breaked minecraft:netherrack on [world;-331;68;531]
[00:36:53][BlockBreakEvent]: breaked minecraft:netherrack on [world;-331;67;531]
[00:36:58][BlockBreakEvent]: breaked minecraft:netherrack on [world;-332;68;532]
[00:36:58][BlockBreakEvent]: breaked minecraft:netherrack on [world;-332;69;532]
[00:36:58][BlockBreakEvent]: breaked minecraft:netherrack on [world;-332;69;531]
[00:36:58][BlockBreakEvent]: breaked minecraft:netherrack on [world;-332;69;530]
[00:36:58][BlockBreakEvent]: breaked minecraft:netherrack on [world;-332;67;532]
[00:36:58][BlockBreakEvent]: breaked minecraft:netherrack on [world;-332;67;530]
[00:36:59][BlockBreakEvent]: breaked minecraft:netherrack on [world;-331;69;531]
[00:37:00][BlockBreakEvent]: breaked minecraft:netherrack on [world;-332;68;530]
[00:37:00][BlockBreakEvent]: breaked minecraft:netherrack on [world;-333;69;531]
[00:37:01][BlockBreakEvent]: breaked minecraft:netherrack on [world;-333;68;531]
[00:37:01][BlockBreakEvent]: breaked minecraft:netherrack on [world;-333;67;531]
[00:52:58][BlockBreakEvent]: breaked minecraft:wheat[age=7] on [world;-300;63;512]
[00:52:58][BlockBreakEvent]: breaked minecraft:wheat[age=7] on [world;-300;63;511]
[00:52:59][BlockBreakEvent]: breaked minecraft:wheat[age=7] on [world;-300;63;510]
[00:52:59][BlockBreakEvent]: breaked minecraft:wheat[age=7] on [world;-300;63;508]
[00:52:59][BlockBreakEvent]: breaked minecraft:wheat[age=7] on [world;-300;63;507]
[00:52:59][BlockBreakEvent]: breaked minecraft:wheat[age=7] on [world;-300;63;506]
[00:53:00][BlockBreakEvent]: breaked minecraft:wheat[age=7] on [world;-300;63;505]
[00:53:00][BlockBreakEvent]: breaked minecraft:wheat[age=7] on [world;-300;63;504]
[00:53:00][BlockBreakEvent]: breaked minecraft:wheat[age=7] on [world;-300;63;503]
[00:53:00][BlockBreakEvent]: breaked minecraft:wheat[age=7] on [world;-300;63;502]
[00:53:01][BlockBreakEvent]: breaked minecraft:wheat[age=7] on [world;-300;63;501]
[00:53:01][BlockBreakEvent]: breaked minecraft:wheat[age=7] on [world;-300;63;500]
[00:53:01][BlockBreakEvent]: breaked minecraft:wheat[age=7] on [world;-300;63;499]
[00:53:01][BlockBreakEvent]: breaked minecraft:wheat[age=7] on [world;-300;63;498]
[00:53:02][BlockBreakEvent]: breaked minecraft:wheat[age=7] on [world;-300;63;497]
[00:53:02][BlockBreakEvent]: breaked minecraft:wheat[age=7] on [world;-300;63;496]
[00:53:02][BlockBreakEvent]: breaked minecraft:wheat[age=7] on [world;-300;63;495]
[00:53:02][BlockBreakEvent]: breaked minecraft:wheat[age=7] on [world;-300;63;494]
[00:53:02][BlockBreakEvent]: breaked minecraft:wheat[age=7] on [world;-300;63;493]
[00:53:03][BlockBreakEvent]: breaked minecraft:wheat[age=7] on [world;-300;63;492]
[00:53:03][BlockBreakEvent]: breaked minecraft:wheat[age=7] on [world;-300;63;491]
[00:53:03][BlockBreakEvent]: breaked minecraft:wheat[age=7] on [world;-300;63;490]
[00:53:03][BlockBreakEvent]: breaked minecraft:wheat[age=7] on [world;-300;63;489]
[00:53:10][BlockBreakEvent]: breaked minecraft:wheat[age=7] on [world;-301;63;496]
[00:53:10][BlockBreakEvent]: breaked minecraft:wheat[age=7] on [world;-301;63;497]
[00:53:10][BlockBreakEvent]: breaked minecraft:wheat[age=7] on [world;-301;63;498]
[00:53:10][BlockBreakEvent]: breaked minecraft:wheat[age=7] on [world;-301;63;499]
[00:53:11][BlockBreakEvent]: breaked minecraft:wheat[age=7] on [world;-301;63;500]
[00:53:11][BlockBreakEvent]: breaked minecraft:wheat[age=7] on [world;-301;63;501]
[00:53:11][BlockBreakEvent]: breaked minecraft:wheat[age=7] on [world;-301;63;502]
[00:53:11][BlockBreakEvent]: breaked minecraft:wheat[age=7] on [world;-301;63;503]
[00:53:11][BlockBreakEvent]: breaked minecraft:wheat[age=7] on [world;-301;63;504]
[00:53:11][BlockBreakEvent]: breaked minecraft:wheat[age=7] on [world;-301;63;505]
[00:53:12][BlockBreakEvent]: breaked minecraft:wheat[age=7] on [world;-301;63;506]
[00:53:12][BlockBreakEvent]: breaked minecraft:wheat[age=7] on [world;-301;63;507]
[00:53:12][BlockBreakEvent]: breaked minecraft:wheat[age=7] on [world;-301;63;508]
[00:53:12][BlockBreakEvent]: breaked minecraft:wheat[age=7] on [world;-301;63;509]
[00:53:12][BlockBreakEvent]: breaked minecraft:wheat[age=7] on [world;-301;63;510]
[00:53:13][BlockBreakEvent]: breaked minecraft:wheat[age=7] on [world;-301;63;511]
[00:53:13][BlockBreakEvent]: breaked minecraft:wheat[age=7] on [world;-300;63;509]
[00:53:15][BlockBreakEvent]: breaked minecraft:wheat[age=7] on [world;-302;63;512]
[00:53:15][BlockBreakEvent]: breaked minecraft:wheat[age=7] on [world;-302;63;511]
[00:53:15][BlockBreakEvent]: breaked minecraft:wheat[age=7] on [world;-302;63;510]
[00:53:16][BlockBreakEvent]: breaked minecraft:wheat[age=7] on [world;-302;63;509]
[00:53:16][BlockBreakEvent]: breaked minecraft:wheat[age=7] on [world;-302;63;508]
[00:53:16][BlockBreakEvent]: breaked minecraft:wheat[age=7] on [world;-302;63;507]
[00:53:16][BlockBreakEvent]: breaked minecraft:wheat[age=7] on [world;-302;63;506]
[00:53:16][BlockBreakEvent]: breaked minecraft:wheat[age=7] on [world;-302;63;505]
[00:53:16][BlockBreakEvent]: breaked minecraft:wheat[age=7] on [world;-302;63;504]
[00:53:17][BlockBreakEvent]: breaked minecraft:wheat[age=7] on [world;-302;63;503]
[00:53:17][BlockBreakEvent]: breaked minecraft:wheat[age=7] on [world;-302;63;502]
[00:53:17][BlockBreakEvent]: breaked minecraft:wheat[age=7] on [world;-302;63;501]
[00:53:17][BlockBreakEvent]: breaked minecraft:wheat[age=7] on [world;-302;63;500]
[00:53:18][BlockBreakEvent]: breaked minecraft:wheat[age=7] on [world;-302;63;499]
[00:53:18][BlockBreakEvent]: breaked minecraft:wheat[age=7] on [world;-302;63;498]
[00:53:18][BlockBreakEvent]: breaked minecraft:wheat[age=7] on [world;-302;63;497]
[00:53:18][BlockBreakEvent]: breaked minecraft:wheat[age=7] on [world;-302;63;496]
[00:53:19][BlockBreakEvent]: breaked minecraft:wheat[age=7] on [world;-302;63;495]
[00:53:19][BlockBreakEvent]: breaked minecraft:wheat[age=7] on [world;-302;63;494]
[00:53:19][BlockBreakEvent]: breaked minecraft:wheat[age=7] on [world;-302;63;493]
[00:53:19][BlockBreakEvent]: breaked minecraft:wheat[age=7] on [world;-302;63;492]
[00:53:19][BlockBreakEvent]: breaked minecraft:wheat[age=7] on [world;-302;63;491]
[00:53:20][BlockBreakEvent]: breaked minecraft:wheat[age=7] on [world;-302;63;490]
[00:53:20][BlockBreakEvent]: breaked minecraft:wheat[age=7] on [world;-302;63;489]
[00:53:23][BlockBreakEvent]: breaked minecraft:wheat[age=7] on [world;-301;63;490]
[00:53:24][BlockBreakEvent]: breaked minecraft:wheat[age=7] on [world;-301;63;489]
[00:53:24][BlockBreakEvent]: breaked minecraft:wheat[age=7] on [world;-301;63;491]
[00:53:24][BlockBreakEvent]: breaked minecraft:wheat[age=7] on [world;-301;63;492]
[00:53:25][BlockBreakEvent]: breaked minecraft:wheat[age=7] on [world;-301;63;493]
[00:53:25][BlockBreakEvent]: breaked minecraft:wheat[age=7] on [world;-301;63;494]
[00:53:25][BlockBreakEvent]: breaked minecraft:wheat[age=7] on [world;-301;63;495]
[00:53:32][BlockPlaceEvent]: placed minecraft:wheat[age=0] on [world;-300;63;512]
[00:53:33][BlockPlaceEvent]: placed minecraft:wheat[age=0] on [world;-302;63;512]
[00:53:33][BlockPlaceEvent]: placed minecraft:wheat[age=0] on [world;-302;63;511]
[00:53:33][BlockPlaceEvent]: placed minecraft:wheat[age=0] on [world;-301;63;510]
[00:53:33][BlockPlaceEvent]: placed minecraft:wheat[age=0] on [world;-301;63;511]
[00:53:33][BlockPlaceEvent]: placed minecraft:wheat[age=0] on [world;-300;63;511]
[00:53:34][BlockPlaceEvent]: placed minecraft:wheat[age=0] on [world;-300;63;510]
[00:53:34][BlockPlaceEvent]: placed minecraft:wheat[age=0] on [world;-302;63;510]
[00:53:35][BlockPlaceEvent]: placed minecraft:wheat[age=0] on [world;-302;63;509]
[00:53:35][BlockPlaceEvent]: placed minecraft:wheat[age=0] on [world;-302;63;508]
[00:53:35][BlockPlaceEvent]: placed minecraft:wheat[age=0] on [world;-302;63;507]
[00:53:35][BlockPlaceEvent]: placed minecraft:wheat[age=0] on [world;-302;63;506]
[00:53:36][BlockPlaceEvent]: placed minecraft:wheat[age=0] on [world;-302;63;505]
[00:53:36][BlockPlaceEvent]: placed minecraft:wheat[age=0] on [world;-302;63;504]
[00:53:36][BlockPlaceEvent]: placed minecraft:wheat[age=0] on [world;-302;63;502]
[00:53:37][BlockPlaceEvent]: placed minecraft:wheat[age=0] on [world;-302;63;501]
[00:53:37][BlockPlaceEvent]: placed minecraft:wheat[age=0] on [world;-302;63;500]
[00:53:37][BlockPlaceEvent]: placed minecraft:wheat[age=0] on [world;-302;63;499]
[00:53:37][BlockPlaceEvent]: placed minecraft:wheat[age=0] on [world;-302;63;498]
[00:53:38][BlockPlaceEvent]: placed minecraft:wheat[age=0] on [world;-302;63;497]
[00:53:38][BlockPlaceEvent]: placed minecraft:wheat[age=0] on [world;-302;63;496]
[00:53:38][BlockPlaceEvent]: placed minecraft:wheat[age=0] on [world;-302;63;495]
[00:53:38][BlockPlaceEvent]: placed minecraft:wheat[age=0] on [world;-302;63;494]
[00:53:39][BlockPlaceEvent]: placed minecraft:wheat[age=0] on [world;-302;63;493]
[00:53:39][BlockPlaceEvent]: placed minecraft:wheat[age=0] on [world;-302;63;492]
[00:53:39][BlockPlaceEvent]: placed minecraft:wheat[age=0] on [world;-302;63;490]
[00:53:39][BlockPlaceEvent]: placed minecraft:wheat[age=0] on [world;-302;63;489]
[00:53:40][BlockPlaceEvent]: placed minecraft:wheat[age=0] on [world;-301;63;489]
[00:53:40][BlockPlaceEvent]: placed minecraft:wheat[age=0] on [world;-300;63;489]
[00:53:40][BlockPlaceEvent]: placed minecraft:wheat[age=0] on [world;-301;63;490]
[00:53:41][BlockPlaceEvent]: placed minecraft:wheat[age=0] on [world;-300;63;490]
[00:53:42][BlockPlaceEvent]: placed minecraft:wheat[age=0] on [world;-300;63;491]
[00:53:42][BlockPlaceEvent]: placed minecraft:wheat[age=0] on [world;-301;63;491]
[00:53:43][BlockPlaceEvent]: placed minecraft:wheat[age=0] on [world;-302;63;491]
[00:53:43][BlockPlaceEvent]: placed minecraft:wheat[age=0] on [world;-301;63;492]
[00:53:43][BlockPlaceEvent]: placed minecraft:wheat[age=0] on [world;-300;63;492]
[00:53:44][BlockPlaceEvent]: placed minecraft:wheat[age=0] on [world;-300;63;493]
[00:53:44][BlockPlaceEvent]: placed minecraft:wheat[age=0] on [world;-301;63;493]
[00:53:44][BlockPlaceEvent]: placed minecraft:wheat[age=0] on [world;-301;63;495]
[00:53:44][BlockPlaceEvent]: placed minecraft:wheat[age=0] on [world;-300;63;494]
[00:53:45][BlockPlaceEvent]: placed minecraft:wheat[age=0] on [world;-301;63;494]
[00:53:46][BlockPlaceEvent]: placed minecraft:wheat[age=0] on [world;-300;63;495]
[00:53:46][BlockPlaceEvent]: placed minecraft:wheat[age=0] on [world;-300;63;496]
[00:53:46][BlockPlaceEvent]: placed minecraft:wheat[age=0] on [world;-301;63;496]
[00:53:46][BlockPlaceEvent]: placed minecraft:wheat[age=0] on [world;-301;63;497]
[00:53:47][BlockPlaceEvent]: placed minecraft:wheat[age=0] on [world;-300;63;497]
[00:53:47][BlockPlaceEvent]: placed minecraft:wheat[age=0] on [world;-300;63;498]
[00:53:47][BlockPlaceEvent]: placed minecraft:wheat[age=0] on [world;-301;63;498]
[00:53:47][BlockPlaceEvent]: placed minecraft:wheat[age=0] on [world;-301;63;499]
[00:53:48][BlockPlaceEvent]: placed minecraft:wheat[age=0] on [world;-300;63;500]
[00:53:48][BlockPlaceEvent]: placed minecraft:wheat[age=0] on [world;-300;63;499]
[00:53:49][BlockPlaceEvent]: placed minecraft:wheat[age=0] on [world;-301;63;500]
[00:53:50][BlockPlaceEvent]: placed minecraft:wheat[age=0] on [world;-301;63;501]
[00:53:50][BlockPlaceEvent]: placed minecraft:wheat[age=0] on [world;-300;63;501]
[00:53:50][BlockPlaceEvent]: placed minecraft:wheat[age=0] on [world;-300;63;502]
[00:53:51][BlockPlaceEvent]: placed minecraft:wheat[age=0] on [world;-301;63;502]
[00:53:51][BlockPlaceEvent]: placed minecraft:wheat[age=0] on [world;-302;63;503]
[00:53:52][BlockPlaceEvent]: placed minecraft:wheat[age=0] on [world;-300;63;503]
[00:53:52][BlockPlaceEvent]: placed minecraft:wheat[age=0] on [world;-300;63;504]
[00:53:52][BlockPlaceEvent]: placed minecraft:wheat[age=0] on [world;-301;63;504]
[00:53:53][BlockPlaceEvent]: placed minecraft:wheat[age=0] on [world;-301;63;505]
[00:53:53][BlockPlaceEvent]: placed minecraft:wheat[age=0] on [world;-300;63;505]
[00:53:53][BlockPlaceEvent]: placed minecraft:wheat[age=0] on [world;-300;63;506]
[00:53:54][BlockPlaceEvent]: placed minecraft:wheat[age=0] on [world;-301;63;506]
[00:53:54][BlockPlaceEvent]: placed minecraft:wheat[age=0] on [world;-301;63;507]
[00:53:54][BlockPlaceEvent]: placed minecraft:wheat[age=0] on [world;-300;63;507]
[00:53:55][BlockPlaceEvent]: placed minecraft:wheat[age=0] on [world;-300;63;508]
[00:53:55][BlockPlaceEvent]: placed minecraft:wheat[age=0] on [world;-301;63;508]
[00:53:55][BlockPlaceEvent]: placed minecraft:wheat[age=0] on [world;-301;63;509]
[00:53:55][BlockPlaceEvent]: placed minecraft:wheat[age=0] on [world;-300;63;509]
[01:00:06][BlockBreakEvent]: breaked minecraft:grass on [world;-278;75;710]
[01:00:07][BlockBreakEvent]: breaked minecraft:grass on [world;-276;75;719]
[01:00:08][BlockBreakEvent]: breaked minecraft:grass on [world;-276;76;721]
[01:00:17][BlockBreakEvent]: breaked minecraft:cornflower on [world;-292;74;759]
[01:06:47][BlockBreakEvent]: breaked minecraft:sweet_berry_bush[age=3] on [world;47;68;-2233]
[01:06:48][BlockBreakEvent]: breaked minecraft:sweet_berry_bush[age=3] on [world;43;68;-2230]
[01:08:25][BlockBreakEvent]: breaked minecraft:sea_pickle[pickles=4,waterlogged=true] on [world;899;50;-3275]
[01:08:31][BlockBreakEvent]: breaked minecraft:tube_coral_block on [world;900;50;-3275]
[01:08:32][BlockBreakEvent]: breaked minecraft:bubble_coral_wall_fan[facing=south,waterlogged=true] on [world;901;50;-3275]
[01:08:41][BlockBreakEvent]: breaked minecraft:seagrass on [world;912;51;-3303]
[01:08:41][BlockBreakEvent]: breaked minecraft:seagrass on [world;913;51;-3303]
[01:08:43][BlockBreakEvent]: breaked minecraft:brain_coral_block on [world;913;50;-3304]
[01:08:44][BlockBreakEvent]: breaked minecraft:brain_coral_block on [world;912;50;-3304]
[01:08:44][BlockBreakEvent]: breaked minecraft:brain_coral_block on [world;912;50;-3303]
[01:08:46][BlockBreakEvent]: breaked minecraft:brain_coral_block on [world;913;50;-3302]
[01:08:46][BlockBreakEvent]: breaked minecraft:brain_coral_block on [world;912;50;-3302]
[01:08:47][BlockBreakEvent]: breaked minecraft:brain_coral_block on [world;913;50;-3303]
[01:08:47][BlockBreakEvent]: breaked minecraft:fire_coral_wall_fan[facing=south,waterlogged=true] on [world;913;49;-3304]
[01:08:47][BlockBreakEvent]: breaked minecraft:fire_coral_wall_fan[facing=east,waterlogged=true] on [world;914;48;-3305]
[01:08:47][BlockBreakEvent]: breaked minecraft:seagrass on [world;914;49;-3303]
[01:08:48][BlockBreakEvent]: breaked minecraft:brain_coral_block on [world;915;49;-3302]
[01:08:49][BlockBreakEvent]: breaked minecraft:tall_seagrass[half=upper] on [world;915;50;-3303]
[01:08:49][BlockBreakEvent]: breaked minecraft:brain_coral_block on [world;915;49;-3304]
[01:08:49][BlockBreakEvent]: breaked minecraft:tube_coral_wall_fan[facing=east,waterlogged=true] on [world;914;49;-3305]
[01:08:50][BlockBreakEvent]: breaked minecraft:fire_coral[waterlogged=true] on [world;913;50;-3305]
[01:08:50][BlockBreakEvent]: breaked minecraft:brain_coral_block on [world;913;49;-3305]
[01:08:51][BlockBreakEvent]: breaked minecraft:brain_coral_block on [world;912;49;-3305]
[01:08:51][BlockBreakEvent]: breaked minecraft:bubble_coral_wall_fan[facing=west,waterlogged=true] on [world;910;49;-3304]
[01:09:07][BlockBreakEvent]: breaked minecraft:horn_coral_block on [world;908;51;-3333]
[01:09:08][BlockBreakEvent]: breaked minecraft:horn_coral_block on [world;907;50;-3333]
[01:09:09][BlockBreakEvent]: breaked minecraft:horn_coral_block on [world;907;49;-3333]
[01:09:10][BlockBreakEvent]: breaked minecraft:horn_coral_block on [world;907;48;-3333]
[01:09:11][BlockBreakEvent]: breaked minecraft:horn_coral_block on [world;906;47;-3333]
[01:09:11][BlockBreakEvent]: breaked minecraft:tube_coral_fan[waterlogged=true] on [world;905;48;-3332]
[01:09:11][BlockBreakEvent]: breaked minecraft:bubble_coral[waterlogged=true] on [world;905;49;-3331]
[01:09:12][BlockBreakEvent]: breaked minecraft:horn_coral_block on [world;905;48;-3331]
[01:09:12][BlockBreakEvent]: breaked minecraft:tube_coral_block on [world;904;48;-3329]
[01:09:13][BlockBreakEvent]: breaked minecraft:tube_coral_block on [world;905;48;-3329]
[01:09:14][BlockBreakEvent]: breaked minecraft:tube_coral_block on [world;905;48;-3328]
[01:09:14][BlockBreakEvent]: breaked minecraft:tube_coral_block on [world;904;48;-3327]
[01:09:15][BlockBreakEvent]: breaked minecraft:tube_coral_block on [world;904;48;-3326]
[01:09:16][BlockBreakEvent]: breaked minecraft:tube_coral_block on [world;905;48;-3326]
[01:09:31][BlockBreakEvent]: breaked minecraft:fire_coral_block on [world;942;49;-3275]
[01:09:32][BlockBreakEvent]: breaked minecraft:fire_coral_block on [world;942;49;-3276]
[01:09:33][BlockBreakEvent]: breaked minecraft:brain_coral_fan[waterlogged=true] on [world;945;50;-3277]
[01:09:33][BlockBreakEvent]: breaked minecraft:tube_coral_block on [world;945;49;-3277]
[01:09:34][BlockBreakEvent]: breaked minecraft:tube_coral_block on [world;945;48;-3278]
[01:09:35][BlockBreakEvent]: breaked minecraft:tube_coral_block on [world;945;48;-3279]
[01:09:36][BlockBreakEvent]: breaked minecraft:bubble_coral[waterlogged=true] on [world;944;48;-3280]
[01:09:36][BlockBreakEvent]: breaked minecraft:horn_coral_block on [world;944;48;-3281]
[01:09:36][BlockBreakEvent]: breaked minecraft:horn_coral_wall_fan[facing=south,waterlogged=true] on [world;944;49;-3281]
[01:09:37][BlockBreakEvent]: breaked minecraft:horn_coral_block on [world;944;49;-3282]
[01:09:37][BlockBreakEvent]: breaked minecraft:tube_coral_wall_fan[facing=east,waterlogged=true] on [world;944;49;-3283]
[01:09:38][BlockBreakEvent]: breaked minecraft:tube_coral[waterlogged=true] on [world;943;50;-3282]
[01:09:38][BlockBreakEvent]: breaked minecraft:horn_coral_block on [world;943;49;-3282]
[01:09:38][BlockBreakEvent]: breaked minecraft:horn_coral_block on [world;943;49;-3283]
[01:09:39][BlockBreakEvent]: breaked minecraft:horn_coral_block on [world;943;49;-3284]
[01:09:40][BlockBreakEvent]: breaked minecraft:horn_coral_block on [world;942;49;-3284]
[01:09:41][BlockBreakEvent]: breaked minecraft:fire_coral_block on [world;941;48;-3285]
[01:09:58][BlockPlaceEvent]: placed minecraft:dead_brain_coral_block on [world;796;63;-3315]
[01:11:31][BlockBreakEvent]: breaked minecraft:sea_pickle[pickles=3,waterlogged=true] on [world;1000;52;-3369]
[01:11:33][BlockBreakEvent]: breaked minecraft:sea_pickle[pickles=4,waterlogged=true] on [world;1002;51;-3370]
[01:11:37][BlockBreakEvent]: breaked minecraft:sea_pickle[pickles=3,waterlogged=true] on [world;1009;53;-3377]
[01:11:49][BlockBreakEvent]: breaked minecraft:sea_pickle[pickles=3,waterlogged=true] on [world;1002;54;-3381]
[01:11:53][BlockBreakEvent]: breaked minecraft:sea_pickle[pickles=3,waterlogged=true] on [world;997;56;-3387]
[01:11:53][BlockBreakEvent]: breaked minecraft:tube_coral_wall_fan[facing=south,waterlogged=true] on [world;995;55;-3389]
