[00:31:08][EntityPickupItemEvent]: PLAYER picked up ROTTEN_FLESH
[00:31:27][EntityPickupItemEvent]: PLAYER picked up DIRT
[00:35:46][EntityPickupItemEvent]: PLAYER picked up CRAFTING_TABLE
[00:36:15][EntityPickupItemEvent]: PLAYER picked up DIRT
[00:36:18][EntityPickupItemEvent]: PLAYER picked up DIRT
[00:36:19][EntityPickupItemEvent]: PLAYER picked up DIRT
[00:36:21][EntityPickupItemEvent]: PLAYER picked up DIRT
[00:36:22][EntityPickupItemEvent]: PLAYER picked up DIRT
[00:36:26][EntityPickupItemEvent]: PLAYER picked up DIRT
[00:36:29][EntityPickupItemEvent]: PLAYER picked up DIRT
[00:43:04][EntityPickupItemEvent]: PLAYER picked up STRING
[00:43:04][EntityPickupItemEvent]: PLAYER picked up SPIDER_EYE
[00:43:16][EntityPickupItemEvent]: PLAYER picked up GUNPOWDER
[00:44:34][EntityPickupItemEvent]: PLAYER picked up ROTTEN_FLESH
[00:45:02][EntityPickupItemEvent]: PLAYER picked up ROTTEN_FLESH
[00:45:39][EntityPickupItemEvent]: PLAYER picked up GUNPOWDER
[00:45:42][EntityPickupItemEvent]: PLAYER picked up BONE
[00:45:42][EntityPickupItemEvent]: PLAYER picked up ARROW
[00:46:06][EntityPickupItemEvent]: PLAYER picked up GUNPOWDER
[00:46:08][EntityPickupItemEvent]: PLAYER picked up ROTTEN_FLESH
[01:13:52][EntityPickupItemEvent]: PLAYER picked up ROTTEN_FLESH
[01:28:01][EntityPickupItemEvent]: PLAYER picked up ARROW
[01:28:01][EntityPickupItemEvent]: PLAYER picked up BONE
[01:28:10][EntityPickupItemEvent]: PLAYER picked up IRON_INGOT
[01:28:36][EntityPickupItemEvent]: PLAYER picked up ROTTEN_FLESH
[01:28:46][EntityPickupItemEvent]: PLAYER picked up BONE
[01:28:46][EntityPickupItemEvent]: PLAYER picked up ARROW
[01:28:48][EntityPickupItemEvent]: PLAYER picked up ROTTEN_FLESH
[01:29:09][EntityPickupItemEvent]: PLAYER picked up ROTTEN_FLESH
[01:29:12][EntityPickupItemEvent]: PLAYER picked up ARROW
[01:29:12][EntityPickupItemEvent]: PLAYER picked up BONE
[01:29:12][EntityPickupItemEvent]: PLAYER picked up BOW
[01:29:28][EntityPickupItemEvent]: PLAYER picked up GUNPOWDER
[01:49:13][EntityPickupItemEvent]: PLAYER picked up COBBLESTONE
[01:49:15][EntityPickupItemEvent]: PLAYER picked up COBBLESTONE
[01:49:15][EntityPickupItemEvent]: PLAYER picked up COBBLESTONE
[01:49:16][EntityPickupItemEvent]: PLAYER picked up COBBLESTONE
[01:49:16][EntityPickupItemEvent]: PLAYER picked up COBBLESTONE
[01:49:18][EntityPickupItemEvent]: PLAYER picked up COBBLESTONE
[01:49:18][EntityPickupItemEvent]: PLAYER picked up COBBLESTONE
[01:49:19][EntityPickupItemEvent]: PLAYER picked up COBBLESTONE
[01:49:23][EntityPickupItemEvent]: PLAYER picked up COBBLESTONE
[01:49:44][EntityPickupItemEvent]: PLAYER picked up DIRT
[01:49:45][EntityPickupItemEvent]: PLAYER picked up DIRT
[01:49:46][EntityPickupItemEvent]: PLAYER picked up DIRT
[01:49:47][EntityPickupItemEvent]: PLAYER picked up DIRT
[01:49:48][EntityPickupItemEvent]: PLAYER picked up DIRT
[01:49:58][EntityPickupItemEvent]: PLAYER picked up DIRT
[01:50:00][EntityPickupItemEvent]: PLAYER picked up DIRT
[01:50:01][EntityPickupItemEvent]: PLAYER picked up DIRT
[01:50:04][EntityPickupItemEvent]: PLAYER picked up DIRT
[01:51:00][EntityPickupItemEvent]: PLAYER picked up DIRT
[01:51:01][EntityPickupItemEvent]: PLAYER picked up DIAMOND_SHOVEL
[01:51:27][EntityPickupItemEvent]: PLAYER picked up COBBLESTONE
[01:51:28][EntityPickupItemEvent]: PLAYER picked up GRANITE
[01:51:31][EntityPickupItemEvent]: PLAYER picked up GRANITE
[01:51:37][EntityPickupItemEvent]: PLAYER picked up GRANITE
[01:51:37][EntityPickupItemEvent]: PLAYER picked up GRANITE
[01:51:40][EntityPickupItemEvent]: PLAYER picked up GRANITE
[01:51:41][EntityPickupItemEvent]: PLAYER picked up GRANITE
[01:51:46][EntityPickupItemEvent]: PLAYER picked up GRANITE
[01:51:47][EntityPickupItemEvent]: PLAYER picked up GRANITE
[01:51:48][EntityPickupItemEvent]: PLAYER picked up GRANITE
[01:51:48][EntityPickupItemEvent]: PLAYER picked up GRANITE
[01:51:48][EntityPickupItemEvent]: PLAYER picked up GRANITE
[01:51:49][EntityPickupItemEvent]: PLAYER picked up GRANITE
[01:51:49][EntityPickupItemEvent]: PLAYER picked up GRANITE
[01:51:52][EntityPickupItemEvent]: PLAYER picked up GRANITE
[01:51:53][EntityPickupItemEvent]: PLAYER picked up GRANITE
[01:52:05][EntityPickupItemEvent]: PLAYER picked up COBBLESTONE
[01:52:05][EntityPickupItemEvent]: PLAYER picked up COBBLESTONE
[01:52:06][EntityPickupItemEvent]: PLAYER picked up COBBLESTONE
[01:52:06][EntityPickupItemEvent]: PLAYER picked up COBBLESTONE
[01:52:10][EntityPickupItemEvent]: PLAYER picked up COBBLESTONE
[01:52:12][EntityPickupItemEvent]: PLAYER picked up ANDESITE
[01:52:16][EntityPickupItemEvent]: PLAYER picked up DIRT
[01:52:22][EntityPickupItemEvent]: PLAYER picked up GRANITE
[01:52:24][EntityPickupItemEvent]: PLAYER picked up COBBLESTONE
[01:52:27][EntityPickupItemEvent]: PLAYER picked up COBBLESTONE
[01:53:30][EntityPickupItemEvent]: PLAYER picked up COBBLESTONE
[01:53:32][EntityPickupItemEvent]: PLAYER picked up COBBLESTONE
[01:53:33][EntityPickupItemEvent]: PLAYER picked up COBBLESTONE
[01:53:35][EntityPickupItemEvent]: PLAYER picked up COBBLESTONE
[01:53:36][EntityPickupItemEvent]: PLAYER picked up COBBLESTONE
[01:53:37][EntityPickupItemEvent]: PLAYER picked up COBBLESTONE
[01:53:38][EntityPickupItemEvent]: PLAYER picked up COBBLESTONE
[01:53:38][EntityPickupItemEvent]: PLAYER picked up COBBLESTONE
[01:53:40][EntityPickupItemEvent]: PLAYER picked up BIRCH_PLANKS
[01:53:46][EntityPickupItemEvent]: PLAYER picked up GLOWSTONE
[01:53:47][EntityPickupItemEvent]: PLAYER picked up DIRT
[01:53:49][EntityPickupItemEvent]: PLAYER picked up COBBLESTONE
[01:53:50][EntityPickupItemEvent]: PLAYER picked up COBBLESTONE
[01:53:52][EntityPickupItemEvent]: PLAYER picked up COBBLESTONE
[01:53:54][EntityPickupItemEvent]: PLAYER picked up COBBLESTONE
[01:53:54][EntityPickupItemEvent]: PLAYER picked up ANDESITE
[01:53:56][EntityPickupItemEvent]: PLAYER picked up COBBLESTONE
[01:53:57][EntityPickupItemEvent]: PLAYER picked up COBBLESTONE
[01:53:58][EntityPickupItemEvent]: PLAYER picked up COBBLESTONE
[01:53:58][EntityPickupItemEvent]: PLAYER picked up ANDESITE
[01:53:58][EntityPickupItemEvent]: PLAYER picked up COBBLESTONE
[01:54:00][EntityPickupItemEvent]: PLAYER picked up ANDESITE
[01:54:00][EntityPickupItemEvent]: PLAYER picked up ANDESITE
[01:54:01][EntityPickupItemEvent]: PLAYER picked up ANDESITE
[01:54:01][EntityPickupItemEvent]: PLAYER picked up DIRT
[01:54:01][EntityPickupItemEvent]: PLAYER picked up ANDESITE
[01:54:01][EntityPickupItemEvent]: PLAYER picked up ANDESITE
[01:54:06][EntityPickupItemEvent]: PLAYER picked up COBBLESTONE
[01:54:13][EntityPickupItemEvent]: PLAYER picked up COBBLESTONE
[01:54:17][EntityPickupItemEvent]: PLAYER picked up COBBLESTONE
[01:54:40][EntityPickupItemEvent]: PLAYER picked up ANDESITE
[01:54:40][EntityPickupItemEvent]: PLAYER picked up ANDESITE
[01:54:42][EntityPickupItemEvent]: PLAYER picked up ANDESITE
[01:54:43][EntityPickupItemEvent]: PLAYER picked up ANDESITE
[01:54:43][EntityPickupItemEvent]: PLAYER picked up ANDESITE
[01:56:02][EntityPickupItemEvent]: PLAYER picked up ANDESITE
[01:57:15][EntityPickupItemEvent]: PLAYER picked up TORCH
[02:03:42][EntityPickupItemEvent]: PLAYER picked up COBBLESTONE
[02:03:45][EntityPickupItemEvent]: PLAYER picked up GLOWSTONE_DUST
[02:04:24][EntityPickupItemEvent]: PLAYER picked up DIRT
[02:05:21][EntityPickupItemEvent]: PLAYER picked up TORCH
[02:07:00][EntityPickupItemEvent]: PLAYER picked up COBBLESTONE
[02:07:01][EntityPickupItemEvent]: PLAYER picked up COBBLESTONE
[02:11:14][EntityPickupItemEvent]: PLAYER picked up DIRT
[02:11:21][EntityPickupItemEvent]: PLAYER picked up DIRT
[02:11:29][EntityPickupItemEvent]: PLAYER picked up GRANITE
[02:12:01][EntityPickupItemEvent]: PLAYER picked up ANDESITE
[02:12:03][EntityPickupItemEvent]: PLAYER picked up ANDESITE
[02:12:05][EntityPickupItemEvent]: PLAYER picked up ANDESITE
[02:12:06][EntityPickupItemEvent]: PLAYER picked up ANDESITE
[02:12:06][EntityPickupItemEvent]: PLAYER picked up ANDESITE
[02:12:06][EntityPickupItemEvent]: PLAYER picked up ANDESITE
[02:12:23][EntityPickupItemEvent]: PLAYER picked up ANDESITE
[02:12:24][EntityPickupItemEvent]: PLAYER picked up ANDESITE
[02:13:32][EntityPickupItemEvent]: PLAYER picked up COBBLESTONE
[02:13:35][EntityPickupItemEvent]: PLAYER picked up COBBLESTONE
[02:13:38][EntityPickupItemEvent]: PLAYER picked up TORCH
[02:13:42][EntityPickupItemEvent]: PLAYER picked up TORCH
[02:15:06][EntityPickupItemEvent]: PLAYER picked up COBBLESTONE
[02:15:14][EntityPickupItemEvent]: PLAYER picked up COBBLESTONE
[02:15:15][EntityPickupItemEvent]: PLAYER picked up COBBLESTONE
[02:15:16][EntityPickupItemEvent]: PLAYER picked up COBBLESTONE
[02:15:16][EntityPickupItemEvent]: PLAYER picked up COBBLESTONE
[02:15:16][EntityPickupItemEvent]: PLAYER picked up COBBLESTONE
[02:15:16][EntityPickupItemEvent]: PLAYER picked up COBBLESTONE
[02:15:16][EntityPickupItemEvent]: PLAYER picked up COBBLESTONE
[02:15:16][EntityPickupItemEvent]: PLAYER picked up COBBLESTONE
[02:15:17][EntityPickupItemEvent]: PLAYER picked up COBBLESTONE
[02:15:17][EntityPickupItemEvent]: PLAYER picked up DIRT
[02:15:17][EntityPickupItemEvent]: PLAYER picked up DIRT
[02:15:17][EntityPickupItemEvent]: PLAYER picked up COBBLESTONE
[02:15:17][EntityPickupItemEvent]: PLAYER picked up COBBLESTONE
[02:15:20][EntityPickupItemEvent]: PLAYER picked up COBBLESTONE
[02:15:28][EntityPickupItemEvent]: PLAYER picked up COBBLESTONE
[02:17:12][EntityPickupItemEvent]: PLAYER picked up DIRT
[02:17:15][EntityPickupItemEvent]: PLAYER picked up DIRT
[02:17:15][EntityPickupItemEvent]: PLAYER picked up DIRT
[02:17:19][EntityPickupItemEvent]: PLAYER picked up DIRT
[02:17:19][EntityPickupItemEvent]: PLAYER picked up DIRT
[02:17:19][EntityPickupItemEvent]: PLAYER picked up TORCH
[02:17:34][EntityPickupItemEvent]: PLAYER picked up DIRT
[02:18:22][EntityPickupItemEvent]: PLAYER picked up DIRT
[02:18:28][EntityPickupItemEvent]: PLAYER picked up DIRT
[02:19:53][EntityPickupItemEvent]: PLAYER picked up DIRT
[02:20:25][EntityPickupItemEvent]: PLAYER picked up DIRT
[02:20:35][EntityPickupItemEvent]: PLAYER picked up DIRT
[02:20:52][EntityPickupItemEvent]: PLAYER picked up TORCH
[02:20:58][EntityPickupItemEvent]: PLAYER picked up TORCH
[02:21:15][EntityPickupItemEvent]: PLAYER picked up DIRT
[02:21:37][EntityPickupItemEvent]: PLAYER picked up DIRT
[02:21:38][EntityPickupItemEvent]: PLAYER picked up DIRT
[02:21:55][EntityPickupItemEvent]: PLAYER picked up TORCH
[02:23:18][EntityPickupItemEvent]: PLAYER picked up COBBLESTONE
[02:23:23][EntityPickupItemEvent]: PLAYER picked up COBBLESTONE
[02:23:28][EntityPickupItemEvent]: PLAYER picked up COBBLESTONE
[02:23:29][EntityPickupItemEvent]: PLAYER picked up COBBLESTONE
[02:23:30][EntityPickupItemEvent]: PLAYER picked up COBBLESTONE
[02:23:32][EntityPickupItemEvent]: PLAYER picked up COBBLESTONE
[02:23:39][EntityPickupItemEvent]: PLAYER picked up COBBLESTONE
[02:23:55][EntityPickupItemEvent]: PLAYER picked up TORCH
[02:26:24][EntityPickupItemEvent]: PLAYER picked up DIRT
[02:29:07][EntityPickupItemEvent]: PLAYER picked up DIRT
[02:29:21][EntityPickupItemEvent]: PLAYER picked up DIRT
[02:29:38][EntityPickupItemEvent]: PLAYER picked up DIRT
[02:29:39][EntityPickupItemEvent]: PLAYER picked up STICK
[02:29:44][EntityPickupItemEvent]: PLAYER picked up DIRT
[02:31:54][EntityPickupItemEvent]: PLAYER picked up DIRT
[02:31:54][EntityPickupItemEvent]: PLAYER picked up DIRT
[02:35:49][EntityPickupItemEvent]: PLAYER picked up POLISHED_DIORITE
[02:38:46][EntityPickupItemEvent]: PLAYER picked up BONE
[02:38:55][EntityPickupItemEvent]: PLAYER picked up DIORITE
[02:41:32][EntityPickupItemEvent]: PLAYER picked up POLISHED_DIORITE
[02:45:20][EntityPickupItemEvent]: PLAYER picked up COAL
[02:55:18][EntityPickupItemEvent]: PLAYER picked up POLISHED_DIORITE
[02:57:03][EntityPickupItemEvent]: PLAYER picked up DIRT
[02:58:06][EntityPickupItemEvent]: PLAYER picked up GLOWSTONE_DUST
[03:01:42][EntityPickupItemEvent]: PLAYER picked up COBBLESTONE
[03:01:45][EntityPickupItemEvent]: PLAYER picked up DIORITE
[03:01:46][EntityPickupItemEvent]: PLAYER picked up DIORITE
[03:01:47][EntityPickupItemEvent]: PLAYER picked up COBBLESTONE
[03:01:47][EntityPickupItemEvent]: PLAYER picked up DIORITE
[03:01:48][EntityPickupItemEvent]: PLAYER picked up DIORITE
[03:01:48][EntityPickupItemEvent]: PLAYER picked up DIORITE
[03:01:48][EntityPickupItemEvent]: PLAYER picked up DIORITE
[03:01:50][EntityPickupItemEvent]: PLAYER picked up DIORITE
[03:01:51][EntityPickupItemEvent]: PLAYER picked up DIORITE
[03:01:52][EntityPickupItemEvent]: PLAYER picked up DIORITE
[03:01:57][EntityPickupItemEvent]: PLAYER picked up DIRT
[03:01:58][EntityPickupItemEvent]: PLAYER picked up DIORITE
[03:01:59][EntityPickupItemEvent]: PLAYER picked up DIORITE
[03:02:00][EntityPickupItemEvent]: PLAYER picked up DIORITE
[03:02:05][EntityPickupItemEvent]: PLAYER picked up DIORITE
[03:02:06][EntityPickupItemEvent]: PLAYER picked up DIORITE
[03:02:08][EntityPickupItemEvent]: PLAYER picked up DIORITE
[03:02:09][EntityPickupItemEvent]: PLAYER picked up DIORITE
[03:02:10][EntityPickupItemEvent]: PLAYER picked up DIORITE
[03:02:16][EntityPickupItemEvent]: PLAYER picked up DIORITE
[03:02:16][EntityPickupItemEvent]: PLAYER picked up DIORITE
[03:02:18][EntityPickupItemEvent]: PLAYER picked up DIORITE
[03:02:19][EntityPickupItemEvent]: PLAYER picked up COBBLESTONE
[03:02:19][EntityPickupItemEvent]: PLAYER picked up DIORITE
[03:02:24][EntityPickupItemEvent]: PLAYER picked up COBBLESTONE
[03:02:24][EntityPickupItemEvent]: PLAYER picked up DIORITE
[03:02:28][EntityPickupItemEvent]: PLAYER picked up DIORITE
[03:02:28][EntityPickupItemEvent]: PLAYER picked up DIORITE
[03:02:29][EntityPickupItemEvent]: PLAYER picked up DIORITE
[03:02:29][EntityPickupItemEvent]: PLAYER picked up DIORITE
[03:02:33][EntityPickupItemEvent]: PLAYER picked up DIRT
[03:02:38][EntityPickupItemEvent]: PLAYER picked up COBBLESTONE
[03:02:40][EntityPickupItemEvent]: PLAYER picked up COBBLESTONE
[03:02:42][EntityPickupItemEvent]: PLAYER picked up COBBLESTONE
[03:02:43][EntityPickupItemEvent]: PLAYER picked up ANDESITE
[03:02:44][EntityPickupItemEvent]: PLAYER picked up ANDESITE
[03:02:44][EntityPickupItemEvent]: PLAYER picked up ANDESITE
[03:02:45][EntityPickupItemEvent]: PLAYER picked up ANDESITE
[03:03:02][EntityPickupItemEvent]: PLAYER picked up COBBLESTONE
[03:03:34][EntityPickupItemEvent]: PLAYER picked up DIORITE
[03:03:35][EntityPickupItemEvent]: PLAYER picked up DIORITE
[03:03:37][EntityPickupItemEvent]: PLAYER picked up DIORITE
[03:03:44][EntityPickupItemEvent]: PLAYER picked up DIORITE
[03:03:47][EntityPickupItemEvent]: PLAYER picked up DIORITE
[03:03:59][EntityPickupItemEvent]: PLAYER picked up COBBLESTONE
[03:03:59][EntityPickupItemEvent]: PLAYER picked up COBBLESTONE
[03:04:00][EntityPickupItemEvent]: PLAYER picked up COBBLESTONE
[03:04:01][EntityPickupItemEvent]: PLAYER picked up COBBLESTONE
[03:04:01][EntityPickupItemEvent]: PLAYER picked up COBBLESTONE
[03:04:02][EntityPickupItemEvent]: PLAYER picked up COBBLESTONE
[03:04:02][EntityPickupItemEvent]: PLAYER picked up COBBLESTONE
[03:04:07][EntityPickupItemEvent]: PLAYER picked up TORCH
[03:04:07][EntityPickupItemEvent]: PLAYER picked up COBBLESTONE
[03:04:09][EntityPickupItemEvent]: PLAYER picked up COBBLESTONE
[03:04:09][EntityPickupItemEvent]: PLAYER picked up COBBLESTONE
[03:04:13][EntityPickupItemEvent]: PLAYER picked up COBBLESTONE
[03:04:16][EntityPickupItemEvent]: PLAYER picked up COBBLESTONE
[03:04:16][EntityPickupItemEvent]: PLAYER picked up COBBLESTONE
[03:04:16][EntityPickupItemEvent]: PLAYER picked up COBBLESTONE
[03:04:16][EntityPickupItemEvent]: PLAYER picked up COBBLESTONE
[03:04:19][EntityPickupItemEvent]: PLAYER picked up DIORITE
[03:04:20][EntityPickupItemEvent]: PLAYER picked up COBBLESTONE
[03:04:21][EntityPickupItemEvent]: PLAYER picked up COBBLESTONE
[03:04:21][EntityPickupItemEvent]: PLAYER picked up DIORITE
[03:04:22][EntityPickupItemEvent]: PLAYER picked up COBBLESTONE
[03:04:23][EntityPickupItemEvent]: PLAYER picked up COBBLESTONE
[03:04:28][EntityPickupItemEvent]: PLAYER picked up ANDESITE
[03:04:28][EntityPickupItemEvent]: PLAYER picked up COBBLESTONE
[03:04:29][EntityPickupItemEvent]: PLAYER picked up COBBLESTONE
[03:04:30][EntityPickupItemEvent]: PLAYER picked up COBBLESTONE
[03:05:28][EntityPickupItemEvent]: PLAYER picked up REDSTONE
[03:05:29][EntityPickupItemEvent]: PLAYER picked up REDSTONE
[03:05:30][EntityPickupItemEvent]: PLAYER picked up REDSTONE
[03:05:30][EntityPickupItemEvent]: PLAYER picked up REDSTONE
[03:06:08][EntityPickupItemEvent]: PLAYER picked up COBBLESTONE
[03:06:08][EntityPickupItemEvent]: PLAYER picked up COBBLESTONE
[03:06:10][EntityPickupItemEvent]: PLAYER picked up TORCH
[03:06:10][EntityPickupItemEvent]: PLAYER picked up COBBLESTONE
[03:06:11][EntityPickupItemEvent]: PLAYER picked up COBBLESTONE
[03:06:15][EntityPickupItemEvent]: PLAYER picked up ROTTEN_FLESH
[03:06:58][EntityPickupItemEvent]: PLAYER picked up ROTTEN_FLESH
[03:07:32][EntityPickupItemEvent]: PLAYER picked up POLISHED_DIORITE
[03:08:03][EntityPickupItemEvent]: PLAYER picked up COBBLESTONE
[03:08:04][EntityPickupItemEvent]: PLAYER picked up TORCH
[03:08:16][EntityPickupItemEvent]: PLAYER picked up COBBLESTONE
[03:08:17][EntityPickupItemEvent]: PLAYER picked up COBBLESTONE
[03:08:18][EntityPickupItemEvent]: PLAYER picked up COBBLESTONE
[03:08:19][EntityPickupItemEvent]: PLAYER picked up COBBLESTONE
[03:08:19][EntityPickupItemEvent]: PLAYER picked up COBBLESTONE
[03:08:22][EntityPickupItemEvent]: PLAYER picked up COBBLESTONE
[03:08:23][EntityPickupItemEvent]: PLAYER picked up COBBLESTONE
[03:08:24][EntityPickupItemEvent]: PLAYER picked up COBBLESTONE
[03:08:25][EntityPickupItemEvent]: PLAYER picked up COBBLESTONE
[03:08:25][EntityPickupItemEvent]: PLAYER picked up COBBLESTONE
[03:08:26][EntityPickupItemEvent]: PLAYER picked up COBBLESTONE
[03:08:26][EntityPickupItemEvent]: PLAYER picked up COBBLESTONE
[03:08:27][EntityPickupItemEvent]: PLAYER picked up COBBLESTONE
[03:08:27][EntityPickupItemEvent]: PLAYER picked up COBBLESTONE
[03:08:31][EntityPickupItemEvent]: PLAYER picked up COBBLESTONE
[03:08:35][EntityPickupItemEvent]: PLAYER picked up DIORITE
[03:08:35][EntityPickupItemEvent]: PLAYER picked up DIORITE
[03:08:35][EntityPickupItemEvent]: PLAYER picked up DIORITE
[03:08:36][EntityPickupItemEvent]: PLAYER picked up DIORITE
[03:08:36][EntityPickupItemEvent]: PLAYER picked up DIORITE
[03:08:36][EntityPickupItemEvent]: PLAYER picked up DIORITE
[03:08:38][EntityPickupItemEvent]: PLAYER picked up DIORITE
[03:08:46][EntityPickupItemEvent]: PLAYER picked up DIORITE
[03:08:47][EntityPickupItemEvent]: PLAYER picked up DIORITE
[03:08:47][EntityPickupItemEvent]: PLAYER picked up DIORITE
[03:08:47][EntityPickupItemEvent]: PLAYER picked up DIORITE
[03:08:48][EntityPickupItemEvent]: PLAYER picked up DIORITE
[03:08:48][EntityPickupItemEvent]: PLAYER picked up DIORITE
[03:08:49][EntityPickupItemEvent]: PLAYER picked up DIORITE
[03:08:49][EntityPickupItemEvent]: PLAYER picked up DIORITE
[03:08:50][EntityPickupItemEvent]: PLAYER picked up DIORITE
[03:08:52][EntityPickupItemEvent]: PLAYER picked up DIORITE
[03:08:55][EntityPickupItemEvent]: PLAYER picked up DIORITE
[03:08:55][EntityPickupItemEvent]: PLAYER picked up DIORITE
[03:08:55][EntityPickupItemEvent]: PLAYER picked up DIORITE
[03:08:56][EntityPickupItemEvent]: PLAYER picked up DIORITE
[03:08:56][EntityPickupItemEvent]: PLAYER picked up DIORITE
[03:08:57][EntityPickupItemEvent]: PLAYER picked up DIORITE
[03:08:57][EntityPickupItemEvent]: PLAYER picked up DIORITE
[03:08:58][EntityPickupItemEvent]: PLAYER picked up DIORITE
[03:09:02][EntityPickupItemEvent]: PLAYER picked up DIORITE
[03:09:04][EntityPickupItemEvent]: PLAYER picked up DIORITE
[03:09:06][EntityPickupItemEvent]: PLAYER picked up DIORITE
[03:09:09][EntityPickupItemEvent]: PLAYER picked up DIORITE
[03:09:09][EntityPickupItemEvent]: PLAYER picked up DIORITE
[03:09:10][EntityPickupItemEvent]: PLAYER picked up DIORITE
[03:09:19][EntityPickupItemEvent]: PLAYER picked up DIORITE
[03:09:21][EntityPickupItemEvent]: PLAYER picked up DIORITE
[03:09:28][EntityPickupItemEvent]: PLAYER picked up DIORITE
[03:09:34][EntityPickupItemEvent]: PLAYER picked up DIORITE
[03:09:35][EntityPickupItemEvent]: PLAYER picked up DIORITE
[03:09:36][EntityPickupItemEvent]: PLAYER picked up DIORITE
[03:09:37][EntityPickupItemEvent]: PLAYER picked up DIORITE
[03:09:37][EntityPickupItemEvent]: PLAYER picked up DIORITE
[03:09:37][EntityPickupItemEvent]: PLAYER picked up DIORITE
[03:09:38][EntityPickupItemEvent]: PLAYER picked up DIORITE
[03:09:38][EntityPickupItemEvent]: PLAYER picked up DIORITE
[03:09:41][EntityPickupItemEvent]: PLAYER picked up DIORITE
[03:09:42][EntityPickupItemEvent]: PLAYER picked up COBBLESTONE
[03:09:42][EntityPickupItemEvent]: PLAYER picked up DIORITE
[03:09:43][EntityPickupItemEvent]: PLAYER picked up DIORITE
[03:09:44][EntityPickupItemEvent]: PLAYER picked up DIORITE
[03:09:45][EntityPickupItemEvent]: PLAYER picked up DIORITE
[03:09:45][EntityPickupItemEvent]: PLAYER picked up DIORITE
[03:09:46][EntityPickupItemEvent]: PLAYER picked up DIORITE
[03:09:47][EntityPickupItemEvent]: PLAYER picked up DIORITE
[03:09:47][EntityPickupItemEvent]: PLAYER picked up DIORITE
[03:09:47][EntityPickupItemEvent]: PLAYER picked up DIORITE
[03:09:48][EntityPickupItemEvent]: PLAYER picked up DIORITE
[03:09:48][EntityPickupItemEvent]: PLAYER picked up DIORITE
[03:09:49][EntityPickupItemEvent]: PLAYER picked up DIORITE
[03:09:49][EntityPickupItemEvent]: PLAYER picked up DIORITE
[03:09:49][EntityPickupItemEvent]: PLAYER picked up DIORITE
[03:09:50][EntityPickupItemEvent]: PLAYER picked up DIORITE
[03:09:50][EntityPickupItemEvent]: PLAYER picked up DIORITE
[03:09:50][EntityPickupItemEvent]: PLAYER picked up DIORITE
[03:09:53][EntityPickupItemEvent]: PLAYER picked up DIORITE
[03:10:05][EntityPickupItemEvent]: PLAYER picked up DIORITE
[03:10:05][EntityPickupItemEvent]: PLAYER picked up DIORITE
[03:10:06][EntityPickupItemEvent]: PLAYER picked up DIORITE
[03:10:06][EntityPickupItemEvent]: PLAYER picked up DIORITE
[03:10:06][EntityPickupItemEvent]: PLAYER picked up DIORITE
[03:10:08][EntityPickupItemEvent]: PLAYER picked up DIORITE
[03:10:14][EntityPickupItemEvent]: PLAYER picked up DIORITE
[03:10:17][EntityPickupItemEvent]: PLAYER picked up DIORITE
[03:10:20][EntityPickupItemEvent]: PLAYER picked up COBBLESTONE
[03:10:24][EntityPickupItemEvent]: PLAYER picked up DIORITE
[03:10:25][EntityPickupItemEvent]: PLAYER picked up DIORITE
[03:10:28][EntityPickupItemEvent]: PLAYER picked up DIORITE
[03:10:29][EntityPickupItemEvent]: PLAYER picked up DIORITE
[03:10:30][EntityPickupItemEvent]: PLAYER picked up DIORITE
[03:10:30][EntityPickupItemEvent]: PLAYER picked up DIORITE
[03:10:31][EntityPickupItemEvent]: PLAYER picked up DIORITE
[03:10:31][EntityPickupItemEvent]: PLAYER picked up DIORITE
[03:10:31][EntityPickupItemEvent]: PLAYER picked up DIORITE
[03:10:34][EntityPickupItemEvent]: PLAYER picked up DIORITE
[03:10:35][EntityPickupItemEvent]: PLAYER picked up DIORITE
[03:10:36][EntityPickupItemEvent]: PLAYER picked up COBBLESTONE
[03:10:36][EntityPickupItemEvent]: PLAYER picked up DIORITE
[03:10:39][EntityPickupItemEvent]: PLAYER picked up COBBLESTONE
[03:10:42][EntityPickupItemEvent]: PLAYER picked up DIORITE
[03:10:43][EntityPickupItemEvent]: PLAYER picked up TORCH
[03:10:48][EntityPickupItemEvent]: PLAYER picked up COBBLESTONE
[03:10:48][EntityPickupItemEvent]: PLAYER picked up COBBLESTONE
[03:10:50][EntityPickupItemEvent]: PLAYER picked up COBBLESTONE
[03:10:51][EntityPickupItemEvent]: PLAYER picked up COBBLESTONE
[03:11:21][EntityPickupItemEvent]: PLAYER picked up DIRT
[03:11:34][EntityPickupItemEvent]: PLAYER picked up COBBLESTONE
[03:11:35][EntityPickupItemEvent]: PLAYER picked up COBBLESTONE
[03:11:42][EntityPickupItemEvent]: PLAYER picked up COBBLESTONE
[03:11:42][EntityPickupItemEvent]: PLAYER picked up COBBLESTONE
[03:11:44][EntityPickupItemEvent]: PLAYER picked up REDSTONE
[03:11:44][EntityPickupItemEvent]: PLAYER picked up COBBLESTONE
[03:11:44][EntityPickupItemEvent]: PLAYER picked up COBBLESTONE
[03:12:44][EntityPickupItemEvent]: PLAYER picked up GUNPOWDER
[03:12:51][EntityPickupItemEvent]: PLAYER picked up COAL
[03:12:51][EntityPickupItemEvent]: PLAYER picked up COAL
[03:12:51][EntityPickupItemEvent]: PLAYER picked up COAL
[03:13:39][EntityPickupItemEvent]: PLAYER picked up IRON_ORE
[03:13:47][EntityPickupItemEvent]: PLAYER picked up COAL
[03:13:49][EntityPickupItemEvent]: PLAYER picked up COAL
[03:13:50][EntityPickupItemEvent]: PLAYER picked up IRON_ORE
[03:13:50][EntityPickupItemEvent]: PLAYER picked up IRON_ORE
[03:13:50][EntityPickupItemEvent]: PLAYER picked up COAL
[03:13:52][EntityPickupItemEvent]: PLAYER picked up IRON_ORE
[03:13:54][EntityPickupItemEvent]: PLAYER picked up IRON_ORE
[03:13:57][EntityPickupItemEvent]: PLAYER picked up IRON_ORE
[03:13:59][EntityPickupItemEvent]: PLAYER picked up IRON_ORE
[03:14:02][EntityPickupItemEvent]: PLAYER picked up IRON_ORE
[03:14:04][EntityPickupItemEvent]: PLAYER picked up IRON_ORE
[03:14:19][EntityPickupItemEvent]: PLAYER picked up COAL
[03:14:19][EntityPickupItemEvent]: PLAYER picked up COAL
[03:14:20][EntityPickupItemEvent]: PLAYER picked up COAL
[03:14:20][EntityPickupItemEvent]: PLAYER picked up COAL
[03:14:21][EntityPickupItemEvent]: PLAYER picked up COAL
[03:14:23][EntityPickupItemEvent]: PLAYER picked up COAL
[03:14:25][EntityPickupItemEvent]: PLAYER picked up COAL
[03:14:26][EntityPickupItemEvent]: PLAYER picked up COAL
[03:14:28][EntityPickupItemEvent]: PLAYER picked up COAL
[03:14:28][EntityPickupItemEvent]: PLAYER picked up COAL
[03:14:29][EntityPickupItemEvent]: PLAYER picked up COAL
[03:14:30][EntityPickupItemEvent]: PLAYER picked up COAL
[03:14:31][EntityPickupItemEvent]: PLAYER picked up COAL
[03:14:31][EntityPickupItemEvent]: PLAYER picked up COAL
[03:14:31][EntityPickupItemEvent]: PLAYER picked up COAL
[03:14:32][EntityPickupItemEvent]: PLAYER picked up COAL
[03:14:33][EntityPickupItemEvent]: PLAYER picked up COAL
[03:14:36][EntityPickupItemEvent]: PLAYER picked up COAL
[03:14:36][EntityPickupItemEvent]: PLAYER picked up COAL
[03:14:38][EntityPickupItemEvent]: PLAYER picked up COAL
[03:14:39][EntityPickupItemEvent]: PLAYER picked up COAL
[03:14:41][EntityPickupItemEvent]: PLAYER picked up COAL
[03:14:42][EntityPickupItemEvent]: PLAYER picked up COAL
[03:14:43][EntityPickupItemEvent]: PLAYER picked up COAL
[03:14:45][EntityPickupItemEvent]: PLAYER picked up COAL
[03:14:46][EntityPickupItemEvent]: PLAYER picked up COAL
[03:15:02][EntityPickupItemEvent]: PLAYER picked up COAL
[03:15:04][EntityPickupItemEvent]: PLAYER picked up COAL
[03:15:05][EntityPickupItemEvent]: PLAYER picked up COAL
[03:15:37][EntityPickupItemEvent]: PLAYER picked up COAL
[03:15:37][EntityPickupItemEvent]: PLAYER picked up COAL
[03:15:40][EntityPickupItemEvent]: PLAYER picked up COAL
[03:15:41][EntityPickupItemEvent]: PLAYER picked up COAL
[03:15:41][EntityPickupItemEvent]: PLAYER picked up COAL
[03:15:42][EntityPickupItemEvent]: PLAYER picked up COAL
[03:15:42][EntityPickupItemEvent]: PLAYER picked up COAL
[03:15:43][EntityPickupItemEvent]: PLAYER picked up COAL
[03:15:45][EntityPickupItemEvent]: PLAYER picked up COAL
[03:15:46][EntityPickupItemEvent]: PLAYER picked up COAL
[03:15:47][EntityPickupItemEvent]: PLAYER picked up IRON_ORE
[03:15:49][EntityPickupItemEvent]: PLAYER picked up IRON_ORE
[03:15:57][EntityPickupItemEvent]: PLAYER picked up DIORITE
[03:15:57][EntityPickupItemEvent]: PLAYER picked up DIORITE
[03:15:58][EntityPickupItemEvent]: PLAYER picked up DIORITE
[03:16:00][EntityPickupItemEvent]: PLAYER picked up DIORITE
[03:16:01][EntityPickupItemEvent]: PLAYER picked up DIORITE
[03:16:01][EntityPickupItemEvent]: PLAYER picked up DIORITE
[03:16:01][EntityPickupItemEvent]: PLAYER picked up DIORITE
[03:16:02][EntityPickupItemEvent]: PLAYER picked up DIORITE
[03:16:03][EntityPickupItemEvent]: PLAYER picked up DIORITE
[03:20:24][EntityPickupItemEvent]: PLAYER picked up IRON_ORE
[03:20:25][EntityPickupItemEvent]: PLAYER picked up IRON_ORE
[03:20:28][EntityPickupItemEvent]: PLAYER picked up IRON_ORE
[03:20:29][EntityPickupItemEvent]: PLAYER picked up IRON_ORE
[03:20:32][EntityPickupItemEvent]: PLAYER picked up IRON_ORE
[03:21:23][EntityPickupItemEvent]: PLAYER picked up IRON_ORE
[03:21:23][EntityPickupItemEvent]: PLAYER picked up IRON_ORE
[03:21:23][EntityPickupItemEvent]: PLAYER picked up IRON_ORE
[03:21:23][EntityPickupItemEvent]: PLAYER picked up IRON_ORE
[03:21:25][EntityPickupItemEvent]: PLAYER picked up IRON_ORE
[03:22:32][EntityPickupItemEvent]: PLAYER picked up LAPIS_LAZULI
[03:24:20][EntityPickupItemEvent]: PLAYER picked up GOLD_ORE
[03:27:31][EntityPickupItemEvent]: PLAYER picked up IRON_ORE
[03:27:32][EntityPickupItemEvent]: PLAYER picked up IRON_ORE
[03:27:32][EntityPickupItemEvent]: PLAYER picked up IRON_ORE
[03:27:32][EntityPickupItemEvent]: PLAYER picked up IRON_ORE
[03:27:34][EntityPickupItemEvent]: PLAYER picked up IRON_ORE
[03:27:34][EntityPickupItemEvent]: PLAYER picked up IRON_ORE
[03:27:43][EntityPickupItemEvent]: PLAYER picked up IRON_ORE
[03:28:31][EntityPickupItemEvent]: PLAYER picked up EMERALD
[03:28:46][EntityPickupItemEvent]: PLAYER picked up EMERALD
[03:30:20][EntityPickupItemEvent]: PLAYER picked up EMERALD
[03:30:20][EntityPickupItemEvent]: PLAYER picked up EMERALD
[03:30:54][EntityPickupItemEvent]: PLAYER picked up EMERALD
[03:30:55][EntityPickupItemEvent]: PLAYER picked up EMERALD
[03:31:38][EntityPickupItemEvent]: PLAYER picked up EMERALD
[03:33:34][EntityPickupItemEvent]: PLAYER picked up IRON_ORE
[03:33:37][EntityPickupItemEvent]: PLAYER picked up IRON_ORE
[03:34:15][EntityPickupItemEvent]: PLAYER picked up IRON_ORE
[03:34:15][EntityPickupItemEvent]: PLAYER picked up IRON_ORE
[03:34:20][EntityPickupItemEvent]: PLAYER picked up IRON_ORE
[03:34:57][EntityPickupItemEvent]: PLAYER picked up COBBLESTONE
[03:35:00][EntityPickupItemEvent]: PLAYER picked up COBBLESTONE
[03:35:00][EntityPickupItemEvent]: PLAYER picked up COBBLESTONE
[03:35:02][EntityPickupItemEvent]: PLAYER picked up COBBLESTONE
[03:35:03][EntityPickupItemEvent]: PLAYER picked up COBBLESTONE
[03:35:03][EntityPickupItemEvent]: PLAYER picked up COBBLESTONE
[03:35:04][EntityPickupItemEvent]: PLAYER picked up COBBLESTONE
[03:35:04][EntityPickupItemEvent]: PLAYER picked up COBBLESTONE
[03:35:13][EntityPickupItemEvent]: PLAYER picked up COBBLESTONE
[03:35:13][EntityPickupItemEvent]: PLAYER picked up COBBLESTONE
[03:35:13][EntityPickupItemEvent]: PLAYER picked up COBBLESTONE
[03:35:13][EntityPickupItemEvent]: PLAYER picked up COBBLESTONE
[03:35:14][EntityPickupItemEvent]: PLAYER picked up COBBLESTONE
[03:35:15][EntityPickupItemEvent]: PLAYER picked up COBBLESTONE
[03:35:17][EntityPickupItemEvent]: PLAYER picked up EMERALD
[03:40:21][EntityPickupItemEvent]: PLAYER picked up POLISHED_DIORITE
[03:41:06][EntityPickupItemEvent]: PLAYER picked up POLISHED_DIORITE
[03:41:09][EntityPickupItemEvent]: PLAYER picked up POLISHED_DIORITE
[03:41:16][EntityPickupItemEvent]: PLAYER picked up POLISHED_DIORITE
[03:42:37][EntityPickupItemEvent]: PLAYER picked up POLISHED_DIORITE
[03:42:42][EntityPickupItemEvent]: PLAYER picked up POLISHED_DIORITE
[03:42:51][EntityPickupItemEvent]: PLAYER picked up POLISHED_DIORITE
[03:44:01][EntityPickupItemEvent]: PLAYER picked up POLISHED_DIORITE
[03:44:05][EntityPickupItemEvent]: PLAYER picked up POLISHED_DIORITE
[03:45:12][EntityPickupItemEvent]: PLAYER picked up POLISHED_DIORITE
[03:45:17][EntityPickupItemEvent]: PLAYER picked up COBBLESTONE
[03:45:17][EntityPickupItemEvent]: PLAYER picked up COBBLESTONE
[03:45:18][EntityPickupItemEvent]: PLAYER picked up COBBLESTONE
[03:45:19][EntityPickupItemEvent]: PLAYER picked up COBBLESTONE
[03:45:20][EntityPickupItemEvent]: PLAYER picked up POLISHED_DIORITE
[03:45:34][EntityPickupItemEvent]: PLAYER picked up COBBLESTONE
[03:45:34][EntityPickupItemEvent]: PLAYER picked up COBBLESTONE
[03:45:35][EntityPickupItemEvent]: PLAYER picked up COBBLESTONE
[03:45:36][EntityPickupItemEvent]: PLAYER picked up COBBLESTONE
[03:45:39][EntityPickupItemEvent]: PLAYER picked up POLISHED_DIORITE
[03:46:11][EntityPickupItemEvent]: PLAYER picked up COBBLESTONE
[03:47:43][EntityPickupItemEvent]: PLAYER picked up POLISHED_DIORITE
[03:47:44][EntityPickupItemEvent]: PLAYER picked up POLISHED_DIORITE
[03:47:46][EntityPickupItemEvent]: PLAYER picked up POLISHED_DIORITE
[03:47:50][EntityPickupItemEvent]: PLAYER picked up POLISHED_DIORITE
[03:48:02][EntityPickupItemEvent]: PLAYER picked up POLISHED_DIORITE
[03:48:02][EntityPickupItemEvent]: PLAYER picked up POLISHED_DIORITE
[03:48:02][EntityPickupItemEvent]: PLAYER picked up POLISHED_DIORITE
[03:48:03][EntityPickupItemEvent]: PLAYER picked up POLISHED_DIORITE
[03:48:03][EntityPickupItemEvent]: PLAYER picked up POLISHED_DIORITE
[03:48:04][EntityPickupItemEvent]: PLAYER picked up POLISHED_DIORITE
[03:48:05][EntityPickupItemEvent]: PLAYER picked up POLISHED_DIORITE
[03:48:16][EntityPickupItemEvent]: PLAYER picked up POLISHED_DIORITE
[03:48:17][EntityPickupItemEvent]: PLAYER picked up POLISHED_DIORITE
[03:48:27][EntityPickupItemEvent]: PLAYER picked up POLISHED_DIORITE
[03:48:28][EntityPickupItemEvent]: PLAYER picked up POLISHED_DIORITE
[03:53:46][EntityPickupItemEvent]: PLAYER picked up BOW
[03:55:12][EntityPickupItemEvent]: PLAYER picked up NETHERITE_SWORD
[03:56:51][EntityPickupItemEvent]: PLAYER picked up OAK_LOG
[03:56:52][EntityPickupItemEvent]: PLAYER picked up OAK_LOG
[03:56:52][EntityPickupItemEvent]: PLAYER picked up TORCH
[03:56:52][EntityPickupItemEvent]: PLAYER picked up OAK_LOG
[03:56:53][EntityPickupItemEvent]: PLAYER picked up OAK_LOG
[03:56:59][EntityPickupItemEvent]: PLAYER picked up OAK_LOG
[03:57:01][EntityPickupItemEvent]: PLAYER picked up OAK_LOG
[03:57:01][EntityPickupItemEvent]: PLAYER picked up OAK_LOG
[03:57:04][EntityPickupItemEvent]: PLAYER picked up ROTTEN_FLESH
[03:57:07][EntityPickupItemEvent]: PLAYER picked up OAK_LOG
[03:57:09][EntityPickupItemEvent]: PLAYER picked up OAK_LOG
[03:57:10][EntityPickupItemEvent]: PLAYER picked up OAK_LOG
[03:57:20][EntityPickupItemEvent]: PLAYER picked up BIRCH_LOG
[03:57:21][EntityPickupItemEvent]: PLAYER picked up BIRCH_LOG
[03:57:22][EntityPickupItemEvent]: PLAYER picked up BIRCH_LOG
[03:57:23][EntityPickupItemEvent]: PLAYER picked up BIRCH_LOG
[03:57:24][EntityPickupItemEvent]: PLAYER picked up BIRCH_LOG
[03:57:25][EntityPickupItemEvent]: PLAYER picked up BIRCH_LOG
[03:59:04][EntityPickupItemEvent]: PLAYER picked up QUARTZ_BLOCK
[03:59:12][EntityPickupItemEvent]: PLAYER picked up DIRT
[04:01:11][EntityPickupItemEvent]: PLAYER picked up CRAFTING_TABLE
[04:01:15][EntityPickupItemEvent]: PLAYER picked up SUGAR_CANE
[04:03:16][EntityPickupItemEvent]: PLAYER picked up OAK_PLANKS
[04:03:16][EntityPickupItemEvent]: PLAYER picked up OAK_PLANKS
[04:03:22][EntityPickupItemEvent]: PLAYER picked up DIRT
[04:03:23][EntityPickupItemEvent]: PLAYER picked up DIRT
[04:03:23][EntityPickupItemEvent]: PLAYER picked up DIRT
[04:03:24][EntityPickupItemEvent]: PLAYER picked up GLOWSTONE_DUST
[04:03:24][EntityPickupItemEvent]: PLAYER picked up DIRT
[04:03:24][EntityPickupItemEvent]: PLAYER picked up DIRT
[04:03:33][EntityPickupItemEvent]: PLAYER picked up DIRT
[04:03:47][EntityPickupItemEvent]: PLAYER picked up DIRT
[04:03:59][EntityPickupItemEvent]: PLAYER picked up DIRT
[04:04:00][EntityPickupItemEvent]: PLAYER picked up DIRT
[04:04:02][EntityPickupItemEvent]: PLAYER picked up DIRT
[04:04:02][EntityPickupItemEvent]: PLAYER picked up GLOWSTONE_DUST
[04:04:08][EntityPickupItemEvent]: PLAYER picked up DIRT
[04:04:14][EntityPickupItemEvent]: PLAYER picked up DIRT
[04:04:19][EntityPickupItemEvent]: PLAYER picked up OAK_PLANKS
[04:04:19][EntityPickupItemEvent]: PLAYER picked up SUGAR_CANE
[04:04:20][EntityPickupItemEvent]: PLAYER picked up DIRT
[04:04:20][EntityPickupItemEvent]: PLAYER picked up DIRT
[04:04:24][EntityPickupItemEvent]: PLAYER picked up DIRT
[04:04:24][EntityPickupItemEvent]: PLAYER picked up DIRT
[04:04:26][EntityPickupItemEvent]: PLAYER picked up DIRT
[04:04:26][EntityPickupItemEvent]: PLAYER picked up DIRT
[04:04:28][EntityPickupItemEvent]: PLAYER picked up DIRT
[04:04:41][EntityPickupItemEvent]: PLAYER picked up COBBLESTONE
[04:04:42][EntityPickupItemEvent]: PLAYER picked up COBBLESTONE
[04:04:44][EntityPickupItemEvent]: PLAYER picked up COBBLESTONE
[04:05:45][EntityPickupItemEvent]: PLAYER picked up SUGAR_CANE
[04:05:47][EntityPickupItemEvent]: PLAYER picked up DIRT
[04:05:47][EntityPickupItemEvent]: PLAYER picked up SUGAR_CANE
[04:05:49][EntityPickupItemEvent]: PLAYER picked up DIRT
[04:05:52][EntityPickupItemEvent]: PLAYER picked up SUGAR_CANE
[04:05:53][EntityPickupItemEvent]: PLAYER picked up SUGAR_CANE
[04:05:59][EntityPickupItemEvent]: PLAYER picked up SUGAR_CANE
[04:05:59][EntityPickupItemEvent]: PLAYER picked up DIRT
[04:06:00][EntityPickupItemEvent]: PLAYER picked up SUGAR_CANE
[04:06:00][EntityPickupItemEvent]: PLAYER picked up SUGAR_CANE
[04:07:01][EntityPickupItemEvent]: PLAYER picked up OAK_PLANKS
[04:07:02][EntityPickupItemEvent]: PLAYER picked up OAK_PLANKS
[04:07:04][EntityPickupItemEvent]: PLAYER picked up OAK_PLANKS
[04:07:05][EntityPickupItemEvent]: PLAYER picked up OAK_PLANKS
[04:07:10][EntityPickupItemEvent]: PLAYER picked up OAK_PLANKS
[04:07:13][EntityPickupItemEvent]: PLAYER picked up TORCH
[04:07:15][EntityPickupItemEvent]: PLAYER picked up GLOWSTONE_DUST
[04:07:16][EntityPickupItemEvent]: PLAYER picked up DIRT
[04:07:19][EntityPickupItemEvent]: PLAYER picked up DIRT
[04:07:20][EntityPickupItemEvent]: PLAYER picked up DIRT
[04:07:23][EntityPickupItemEvent]: PLAYER picked up DIRT
[04:07:24][EntityPickupItemEvent]: PLAYER picked up DIRT
[04:07:25][EntityPickupItemEvent]: PLAYER picked up DIRT
[04:10:18][EntityPickupItemEvent]: PLAYER picked up TRIDENT
[04:13:02][EntityPickupItemEvent]: PLAYER picked up OAK_PLANKS
[04:13:09][EntityPickupItemEvent]: PLAYER picked up TRIDENT
[04:13:29][EntityPickupItemEvent]: PLAYER picked up BIRCH_PLANKS
[04:16:42][EntityPickupItemEvent]: PLAYER picked up OAK_FENCE
[04:16:52][EntityPickupItemEvent]: PLAYER picked up OAK_FENCE
[04:17:06][EntityPickupItemEvent]: PLAYER picked up DIRT
[04:18:21][EntityPickupItemEvent]: PLAYER picked up DIRT
[04:19:00][EntityPickupItemEvent]: PLAYER picked up DIRT
[04:19:13][EntityPickupItemEvent]: PLAYER picked up TORCH
[04:19:13][EntityPickupItemEvent]: PLAYER picked up TORCH
[04:19:14][EntityPickupItemEvent]: PLAYER picked up TORCH
[04:19:15][EntityPickupItemEvent]: PLAYER picked up TORCH
[04:19:20][EntityPickupItemEvent]: PLAYER picked up TORCH
[04:19:21][EntityPickupItemEvent]: PLAYER picked up TORCH
[04:19:23][EntityPickupItemEvent]: PLAYER picked up TORCH
[04:19:24][EntityPickupItemEvent]: PLAYER picked up TORCH
[04:19:26][EntityPickupItemEvent]: PLAYER picked up TORCH
[04:19:26][EntityPickupItemEvent]: PLAYER picked up TORCH
[04:19:43][EntityPickupItemEvent]: PLAYER picked up TORCH
[04:19:46][EntityPickupItemEvent]: PLAYER picked up TORCH
[04:20:17][EntityPickupItemEvent]: PLAYER picked up DIRT
[04:21:15][EntityPickupItemEvent]: PLAYER picked up DIRT
[04:21:43][EntityPickupItemEvent]: PLAYER picked up DIRT
[04:21:43][EntityPickupItemEvent]: PLAYER picked up GLOWSTONE_DUST
[04:22:44][EntityPickupItemEvent]: PLAYER picked up GLOWSTONE_DUST
[04:22:46][EntityPickupItemEvent]: PLAYER picked up GLOWSTONE
[04:23:51][EntityPickupItemEvent]: PLAYER picked up BIRCH_LOG
[04:23:53][EntityPickupItemEvent]: PLAYER picked up OAK_LOG
[04:23:58][EntityPickupItemEvent]: PLAYER picked up DIRT
[04:24:02][EntityPickupItemEvent]: PLAYER picked up OAK_LOG
[04:27:54][EntityPickupItemEvent]: PLAYER picked up BOOKSHELF
[04:27:58][EntityPickupItemEvent]: PLAYER picked up BOOKSHELF
[04:28:00][EntityPickupItemEvent]: PLAYER picked up BOOKSHELF
[04:28:04][EntityPickupItemEvent]: PLAYER picked up BOOKSHELF
[04:28:08][EntityPickupItemEvent]: PLAYER picked up BOOKSHELF
[04:28:14][EntityPickupItemEvent]: PLAYER picked up BOOKSHELF
[04:28:14][EntityPickupItemEvent]: PLAYER picked up BOOKSHELF
[04:28:19][EntityPickupItemEvent]: PLAYER picked up BOOKSHELF
[04:28:22][EntityPickupItemEvent]: PLAYER picked up BOOKSHELF
[04:28:24][EntityPickupItemEvent]: PLAYER picked up BOOKSHELF
[04:28:28][EntityPickupItemEvent]: PLAYER picked up BOOKSHELF
[04:28:30][EntityPickupItemEvent]: PLAYER picked up BOOKSHELF
[04:28:33][EntityPickupItemEvent]: PLAYER picked up BOOKSHELF
[04:28:35][EntityPickupItemEvent]: PLAYER picked up BOOKSHELF
[04:28:38][EntityPickupItemEvent]: PLAYER picked up BOOKSHELF
[04:28:40][EntityPickupItemEvent]: PLAYER picked up BOOKSHELF
[04:28:40][EntityPickupItemEvent]: PLAYER picked up TORCH
[04:28:43][EntityPickupItemEvent]: PLAYER picked up BOOKSHELF
[04:28:46][EntityPickupItemEvent]: PLAYER picked up BOOKSHELF
[04:28:49][EntityPickupItemEvent]: PLAYER picked up BOOKSHELF
[04:28:51][EntityPickupItemEvent]: PLAYER picked up BOOKSHELF
[04:28:54][EntityPickupItemEvent]: PLAYER picked up BOOKSHELF
[04:28:57][EntityPickupItemEvent]: PLAYER picked up BOOKSHELF
[04:29:02][EntityPickupItemEvent]: PLAYER picked up BOOKSHELF
[04:29:10][EntityPickupItemEvent]: PLAYER picked up BOOKSHELF
[04:29:12][EntityPickupItemEvent]: PLAYER picked up BOOKSHELF
[04:29:15][EntityPickupItemEvent]: PLAYER picked up ENCHANTING_TABLE
[04:29:31][EntityPickupItemEvent]: PLAYER picked up TORCH
[04:29:31][EntityPickupItemEvent]: PLAYER picked up TORCH
[04:29:32][EntityPickupItemEvent]: PLAYER picked up TORCH
[04:29:33][EntityPickupItemEvent]: PLAYER picked up TORCH
[04:29:33][EntityPickupItemEvent]: PLAYER picked up TORCH
[04:29:34][EntityPickupItemEvent]: PLAYER picked up TORCH
[04:29:34][EntityPickupItemEvent]: PLAYER picked up TORCH
[04:29:36][EntityPickupItemEvent]: PLAYER picked up TORCH
[04:29:37][EntityPickupItemEvent]: PLAYER picked up TORCH
[04:29:38][EntityPickupItemEvent]: PLAYER picked up TORCH
[04:29:39][EntityPickupItemEvent]: PLAYER picked up TORCH
[04:31:07][EntityPickupItemEvent]: PLAYER picked up BOOKSHELF
[04:31:14][EntityPickupItemEvent]: PLAYER picked up BOOKSHELF
[04:31:16][EntityPickupItemEvent]: PLAYER picked up BOOKSHELF
[04:31:23][EntityPickupItemEvent]: PLAYER picked up BOOKSHELF
[04:31:34][EntityPickupItemEvent]: PLAYER picked up BOOKSHELF
[04:31:37][EntityPickupItemEvent]: PLAYER picked up BOOKSHELF
[04:31:40][EntityPickupItemEvent]: PLAYER picked up BOOKSHELF
[04:31:46][EntityPickupItemEvent]: PLAYER picked up BOOKSHELF
[04:32:21][EntityPickupItemEvent]: PLAYER picked up BOOKSHELF
[04:32:21][EntityPickupItemEvent]: PLAYER picked up BOOKSHELF
[04:32:29][EntityPickupItemEvent]: PLAYER picked up BOOKSHELF
[04:32:32][EntityPickupItemEvent]: PLAYER picked up BOOKSHELF
[04:32:53][EntityPickupItemEvent]: PLAYER picked up BOOKSHELF
[04:33:48][EntityPickupItemEvent]: PLAYER picked up BOOKSHELF
[04:33:52][EntityPickupItemEvent]: PLAYER picked up BOOKSHELF
[04:35:24][EntityPickupItemEvent]: PLAYER picked up ENCHANTING_TABLE
[04:35:31][EntityPickupItemEvent]: PLAYER picked up ENCHANTING_TABLE
[04:35:47][EntityPickupItemEvent]: PLAYER picked up BOOKSHELF
[04:35:57][EntityPickupItemEvent]: PLAYER picked up BOOKSHELF
[04:36:04][EntityPickupItemEvent]: PLAYER picked up BOOKSHELF
[04:36:09][EntityPickupItemEvent]: PLAYER picked up BOOKSHELF
[04:36:13][EntityPickupItemEvent]: PLAYER picked up BOOKSHELF
[04:36:50][EntityPickupItemEvent]: PLAYER picked up BOOKSHELF
[04:36:53][EntityPickupItemEvent]: PLAYER picked up BOOKSHELF
[04:36:56][EntityPickupItemEvent]: PLAYER picked up BOOKSHELF
[04:37:01][EntityPickupItemEvent]: PLAYER picked up BOOKSHELF
[04:37:07][EntityPickupItemEvent]: PLAYER picked up BOOKSHELF
[04:37:13][EntityPickupItemEvent]: PLAYER picked up BOOKSHELF
[04:37:13][EntityPickupItemEvent]: PLAYER picked up BOOKSHELF
[04:37:44][EntityPickupItemEvent]: PLAYER picked up BOOKSHELF
[04:38:24][EntityPickupItemEvent]: PLAYER picked up BOOKSHELF
[04:38:29][EntityPickupItemEvent]: PLAYER picked up BOOKSHELF
[04:38:29][EntityPickupItemEvent]: PLAYER picked up BOOKSHELF
[04:39:06][EntityPickupItemEvent]: PLAYER picked up BOOKSHELF
[04:39:06][EntityPickupItemEvent]: PLAYER picked up BOOKSHELF
[04:39:12][EntityPickupItemEvent]: PLAYER picked up BOOKSHELF
[04:39:12][EntityPickupItemEvent]: PLAYER picked up BOOKSHELF
[04:39:17][EntityPickupItemEvent]: PLAYER picked up BOOKSHELF
[04:39:35][EntityPickupItemEvent]: PLAYER picked up BOOKSHELF
[04:39:38][EntityPickupItemEvent]: PLAYER picked up BOOKSHELF
[04:39:40][EntityPickupItemEvent]: PLAYER picked up BOOKSHELF
[04:39:44][EntityPickupItemEvent]: PLAYER picked up BOOKSHELF
[04:39:46][EntityPickupItemEvent]: PLAYER picked up BOOKSHELF
[04:39:52][EntityPickupItemEvent]: PLAYER picked up BOOKSHELF
[04:39:52][EntityPickupItemEvent]: PLAYER picked up BOOKSHELF
[04:39:55][EntityPickupItemEvent]: PLAYER picked up BOOKSHELF
[04:39:57][EntityPickupItemEvent]: PLAYER picked up BOOKSHELF
[04:40:47][EntityPickupItemEvent]: PLAYER picked up BOOKSHELF
[04:41:03][EntityPickupItemEvent]: PLAYER picked up BOOKSHELF
[04:41:06][EntityPickupItemEvent]: PLAYER picked up BOOKSHELF
[04:41:08][EntityPickupItemEvent]: PLAYER picked up BOOKSHELF
[04:41:11][EntityPickupItemEvent]: PLAYER picked up BOOKSHELF
[04:42:09][EntityPickupItemEvent]: PLAYER picked up BOOKSHELF
[04:43:11][EntityPickupItemEvent]: PLAYER picked up BOOK
[04:43:19][EntityPickupItemEvent]: PLAYER picked up DIRT
[04:43:56][EntityPickupItemEvent]: PLAYER picked up BOOKSHELF
[04:44:48][EntityPickupItemEvent]: PLAYER picked up BOOKSHELF
[04:44:52][EntityPickupItemEvent]: PLAYER picked up BOOKSHELF
[04:45:30][EntityPickupItemEvent]: PLAYER picked up BOOKSHELF
[04:45:33][EntityPickupItemEvent]: PLAYER picked up BOOKSHELF
[04:45:41][EntityPickupItemEvent]: PLAYER picked up BOOKSHELF
[04:45:59][EntityPickupItemEvent]: PLAYER picked up BOOKSHELF
[04:46:02][EntityPickupItemEvent]: PLAYER picked up BOOKSHELF
[04:46:09][EntityPickupItemEvent]: PLAYER picked up BOOKSHELF
[04:48:45][EntityPickupItemEvent]: PLAYER picked up SPIDER_EYE
[04:48:47][EntityPickupItemEvent]: PLAYER picked up STRING
[04:48:57][EntityPickupItemEvent]: PLAYER picked up TORCH
[04:51:39][EntityPickupItemEvent]: PLAYER picked up DIRT
[04:51:44][EntityPickupItemEvent]: PLAYER picked up DIRT
[04:54:17][EntityPickupItemEvent]: PLAYER picked up DIRT
[04:59:09][EntityPickupItemEvent]: PLAYER picked up BIRCH_STAIRS
[04:59:09][EntityPickupItemEvent]: PLAYER picked up OAK_DOOR
[04:59:09][EntityPickupItemEvent]: PLAYER picked up OAK_PRESSURE_PLATE
[04:59:09][EntityPickupItemEvent]: PLAYER picked up QUARTZ
[04:59:09][EntityPickupItemEvent]: PLAYER picked up GRANITE
[04:59:10][EntityPickupItemEvent]: PLAYER picked up SOUL_SAND
[04:59:10][EntityPickupItemEvent]: PLAYER picked up COBBLESTONE
[04:59:10][EntityPickupItemEvent]: PLAYER picked up SWEET_BERRIES
[04:59:10][EntityPickupItemEvent]: PLAYER picked up GRANITE
[04:59:10][EntityPickupItemEvent]: PLAYER picked up CHEST
[04:59:10][EntityPickupItemEvent]: PLAYER picked up SWEET_BERRIES
[04:59:10][EntityPickupItemEvent]: PLAYER picked up OAK_STAIRS
[04:59:10][EntityPickupItemEvent]: PLAYER picked up OAK_STAIRS
[04:59:10][EntityPickupItemEvent]: PLAYER picked up DARK_OAK_LOG
[04:59:10][EntityPickupItemEvent]: PLAYER picked up PACKED_ICE
[04:59:11][EntityPickupItemEvent]: PLAYER picked up COBBLESTONE
[04:59:11][EntityPickupItemEvent]: PLAYER picked up COBBLESTONE
[04:59:11][EntityPickupItemEvent]: PLAYER picked up CHEST
[05:01:49][EntityPickupItemEvent]: PLAYER picked up ANDESITE
[05:01:49][EntityPickupItemEvent]: PLAYER picked up ANDESITE
[05:01:49][EntityPickupItemEvent]: PLAYER picked up ANDESITE
[05:01:49][EntityPickupItemEvent]: PLAYER picked up ANDESITE
[05:01:49][EntityPickupItemEvent]: PLAYER picked up POTATO
[05:01:49][EntityPickupItemEvent]: PLAYER picked up SUGAR_CANE
[05:01:49][EntityPickupItemEvent]: PLAYER picked up SUGAR_CANE
[05:01:49][EntityPickupItemEvent]: PLAYER picked up SWEET_BERRIES
[05:01:49][EntityPickupItemEvent]: PLAYER picked up SWEET_BERRIES
[05:01:49][EntityPickupItemEvent]: PLAYER picked up SWEET_BERRIES
[05:01:49][EntityPickupItemEvent]: PLAYER picked up SWEET_BERRIES
[05:01:49][EntityPickupItemEvent]: PLAYER picked up SWEET_BERRIES
[05:01:49][EntityPickupItemEvent]: PLAYER picked up SWEET_BERRIES
[05:01:49][EntityPickupItemEvent]: PLAYER picked up SWEET_BERRIES
[05:01:49][EntityPickupItemEvent]: PLAYER picked up SWEET_BERRIES
[05:01:49][EntityPickupItemEvent]: PLAYER picked up SWEET_BERRIES
[05:01:49][EntityPickupItemEvent]: PLAYER picked up SWEET_BERRIES
[05:01:49][EntityPickupItemEvent]: PLAYER picked up SWEET_BERRIES
[05:01:49][EntityPickupItemEvent]: PLAYER picked up SWEET_BERRIES
[05:01:49][EntityPickupItemEvent]: PLAYER picked up SWEET_BERRIES
[05:01:49][EntityPickupItemEvent]: PLAYER picked up SWEET_BERRIES
[05:01:49][EntityPickupItemEvent]: PLAYER picked up SWEET_BERRIES
[05:01:49][EntityPickupItemEvent]: PLAYER picked up SWEET_BERRIES
[05:01:49][EntityPickupItemEvent]: PLAYER picked up SWEET_BERRIES
[05:01:49][EntityPickupItemEvent]: PLAYER picked up LEATHER
[05:01:49][EntityPickupItemEvent]: PLAYER picked up PUFFERFISH
[05:01:49][EntityPickupItemEvent]: PLAYER picked up QUARTZ
[05:01:49][EntityPickupItemEvent]: PLAYER picked up QUARTZ
[05:01:49][EntityPickupItemEvent]: PLAYER picked up QUARTZ
[05:01:49][EntityPickupItemEvent]: PLAYER picked up CHEST
[05:01:51][EntityPickupItemEvent]: PLAYER picked up CHEST
[05:03:25][EntityPickupItemEvent]: PLAYER picked up QUARTZ
[05:04:14][EntityPickupItemEvent]: PLAYER picked up PHANTOM_MEMBRANE
[05:04:14][EntityPickupItemEvent]: PLAYER picked up PHANTOM_MEMBRANE
[05:04:14][EntityPickupItemEvent]: PLAYER picked up BEEF
[05:04:14][EntityPickupItemEvent]: PLAYER picked up PORKCHOP
[05:04:14][EntityPickupItemEvent]: PLAYER picked up PORKCHOP
[05:04:14][EntityPickupItemEvent]: PLAYER picked up REDSTONE_BLOCK
[05:04:14][EntityPickupItemEvent]: PLAYER picked up REDSTONE_BLOCK
[05:04:14][EntityPickupItemEvent]: PLAYER picked up GOLDEN_SWORD
[05:04:14][EntityPickupItemEvent]: PLAYER picked up CROSSBOW
[05:04:14][EntityPickupItemEvent]: PLAYER picked up ANDESITE
[05:04:14][EntityPickupItemEvent]: PLAYER picked up ANDESITE
[05:04:14][EntityPickupItemEvent]: PLAYER picked up ANDESITE
[05:04:14][EntityPickupItemEvent]: PLAYER picked up ANDESITE
[05:04:14][EntityPickupItemEvent]: PLAYER picked up WHEAT_SEEDS
[05:04:14][EntityPickupItemEvent]: PLAYER picked up WHEAT_SEEDS
[05:04:14][EntityPickupItemEvent]: PLAYER picked up WHEAT_SEEDS
[05:04:14][EntityPickupItemEvent]: PLAYER picked up COD
[05:04:14][EntityPickupItemEvent]: PLAYER picked up OAK_DOOR
[05:04:14][EntityPickupItemEvent]: PLAYER picked up GRANITE
[05:04:14][EntityPickupItemEvent]: PLAYER picked up GOLDEN_CHESTPLATE
[05:04:14][EntityPickupItemEvent]: PLAYER picked up CHEST
[05:07:16][EntityPickupItemEvent]: PLAYER picked up SUGAR_CANE
[05:07:16][EntityPickupItemEvent]: PLAYER picked up FEATHER
[05:07:16][EntityPickupItemEvent]: PLAYER picked up ROTTEN_FLESH
[05:07:16][EntityPickupItemEvent]: PLAYER picked up ROTTEN_FLESH
[05:07:16][EntityPickupItemEvent]: PLAYER picked up ROTTEN_FLESH
[05:07:16][EntityPickupItemEvent]: PLAYER picked up ROTTEN_FLESH
[05:07:16][EntityPickupItemEvent]: PLAYER picked up ROTTEN_FLESH
[05:07:16][EntityPickupItemEvent]: PLAYER picked up ROTTEN_FLESH
[05:07:16][EntityPickupItemEvent]: PLAYER picked up ROTTEN_FLESH
[05:07:16][EntityPickupItemEvent]: PLAYER picked up DIORITE
[05:07:16][EntityPickupItemEvent]: PLAYER picked up DIORITE
[05:07:16][EntityPickupItemEvent]: PLAYER picked up DIRT
[05:07:16][EntityPickupItemEvent]: PLAYER picked up DIRT
[05:07:16][EntityPickupItemEvent]: PLAYER picked up DIRT
[05:07:16][EntityPickupItemEvent]: PLAYER picked up ROTTEN_FLESH
[05:07:16][EntityPickupItemEvent]: PLAYER picked up ROTTEN_FLESH
[05:07:16][EntityPickupItemEvent]: PLAYER picked up ROTTEN_FLESH
[05:07:16][EntityPickupItemEvent]: PLAYER picked up STONE
[05:07:16][EntityPickupItemEvent]: PLAYER picked up DIRT
[05:07:16][EntityPickupItemEvent]: PLAYER picked up DIRT
[05:07:16][EntityPickupItemEvent]: PLAYER picked up DIRT
[05:07:16][EntityPickupItemEvent]: PLAYER picked up DIRT
[05:07:16][EntityPickupItemEvent]: PLAYER picked up DIRT
[05:07:16][EntityPickupItemEvent]: PLAYER picked up DIRT
[05:07:17][EntityPickupItemEvent]: PLAYER picked up FEATHER
[05:07:17][EntityPickupItemEvent]: PLAYER picked up ROTTEN_FLESH
[05:07:17][EntityPickupItemEvent]: PLAYER picked up CHEST
[05:07:17][EntityPickupItemEvent]: PLAYER picked up WHEAT_SEEDS
[05:07:18][EntityPickupItemEvent]: PLAYER picked up CHEST
[05:11:23][EntityPickupItemEvent]: PLAYER picked up MELON_SLICE
[05:15:13][EntityPickupItemEvent]: PLAYER picked up OAK_FENCE
[05:15:39][EntityPickupItemEvent]: PLAYER picked up BEEF
[05:23:51][EntityPickupItemEvent]: PLAYER picked up GRINDSTONE
[05:24:26][EntityPickupItemEvent]: PLAYER picked up ARROW
[05:25:29][EntityPickupItemEvent]: PLAYER picked up DIRT
[05:25:30][EntityPickupItemEvent]: PLAYER picked up DIRT
[05:26:19][EntityPickupItemEvent]: PLAYER picked up POTATO
[05:26:19][EntityPickupItemEvent]: PLAYER picked up POTATO
[05:26:19][EntityPickupItemEvent]: PLAYER picked up POTATO
[05:26:20][EntityPickupItemEvent]: PLAYER picked up POTATO
[05:26:21][EntityPickupItemEvent]: PLAYER picked up POTATO
[05:26:21][EntityPickupItemEvent]: PLAYER picked up POTATO
[05:26:21][EntityPickupItemEvent]: PLAYER picked up POTATO
[05:26:24][EntityPickupItemEvent]: PLAYER picked up POTATO
[05:26:31][EntityPickupItemEvent]: PLAYER picked up POTATO
[05:26:31][EntityPickupItemEvent]: PLAYER picked up POTATO
[05:26:31][EntityPickupItemEvent]: PLAYER picked up POTATO
[05:26:31][EntityPickupItemEvent]: PLAYER picked up POTATO
[05:26:31][EntityPickupItemEvent]: PLAYER picked up POTATO
[05:26:32][EntityPickupItemEvent]: PLAYER picked up POTATO
[05:26:33][EntityPickupItemEvent]: PLAYER picked up POTATO
[05:26:34][EntityPickupItemEvent]: PLAYER picked up POTATO
[05:26:37][EntityPickupItemEvent]: PLAYER picked up POTATO
[05:27:00][EntityPickupItemEvent]: PLAYER picked up MELON_SLICE
[05:27:02][EntityPickupItemEvent]: PLAYER picked up MELON_SLICE
[05:27:04][EntityPickupItemEvent]: PLAYER picked up MELON_SLICE
[05:27:06][EntityPickupItemEvent]: PLAYER picked up MELON_SLICE
[05:27:08][EntityPickupItemEvent]: PLAYER picked up MELON_SLICE
[05:27:10][EntityPickupItemEvent]: PLAYER picked up MELON_SLICE
[05:27:11][EntityPickupItemEvent]: PLAYER picked up MELON_SLICE
[05:27:13][EntityPickupItemEvent]: PLAYER picked up MELON_SLICE
[05:27:15][EntityPickupItemEvent]: PLAYER picked up MELON_SLICE
[05:27:17][EntityPickupItemEvent]: PLAYER picked up MELON_SLICE
[05:27:19][EntityPickupItemEvent]: PLAYER picked up MELON_SLICE
[05:27:20][EntityPickupItemEvent]: PLAYER picked up MELON_SLICE
[05:27:22][EntityPickupItemEvent]: PLAYER picked up MELON_SLICE
[05:27:27][EntityPickupItemEvent]: PLAYER picked up MELON_SLICE
[05:27:29][EntityPickupItemEvent]: PLAYER picked up MELON_SLICE
[05:27:33][EntityPickupItemEvent]: PLAYER picked up MELON_SLICE
[05:29:27][EntityPickupItemEvent]: PLAYER picked up DIAMOND_SWORD
[05:29:35][EntityPickupItemEvent]: PLAYER picked up POTATO
[05:29:35][EntityPickupItemEvent]: PLAYER picked up POTATO
[05:29:36][EntityPickupItemEvent]: PLAYER picked up POTATO
[05:29:36][EntityPickupItemEvent]: PLAYER picked up POTATO
[05:29:37][EntityPickupItemEvent]: PLAYER picked up POTATO
[05:29:38][EntityPickupItemEvent]: PLAYER picked up POTATO
[05:29:39][EntityPickupItemEvent]: PLAYER picked up POTATO
[05:29:41][EntityPickupItemEvent]: PLAYER picked up POTATO
[05:30:10][EntityPickupItemEvent]: PLAYER picked up MELON_SLICE
[05:30:11][EntityPickupItemEvent]: PLAYER picked up MELON_SLICE
[05:30:13][EntityPickupItemEvent]: PLAYER picked up MELON_SLICE
[05:30:13][EntityPickupItemEvent]: PLAYER picked up MELON_SLICE
[05:30:14][EntityPickupItemEvent]: PLAYER picked up MELON_SLICE
[05:30:14][EntityPickupItemEvent]: PLAYER picked up MELON_SLICE
[05:30:15][EntityPickupItemEvent]: PLAYER picked up MELON_SLICE
[05:30:15][EntityPickupItemEvent]: PLAYER picked up MELON_SLICE
[05:30:16][EntityPickupItemEvent]: PLAYER picked up MELON_SLICE
[05:30:16][EntityPickupItemEvent]: PLAYER picked up MELON_SLICE
[05:30:17][EntityPickupItemEvent]: PLAYER picked up MELON_SLICE
[05:30:17][EntityPickupItemEvent]: PLAYER picked up MELON_SLICE
[05:30:21][EntityPickupItemEvent]: PLAYER picked up MELON_SLICE
[05:30:31][EntityPickupItemEvent]: PLAYER picked up MELON_SLICE
[05:30:32][EntityPickupItemEvent]: PLAYER picked up MELON_SLICE
[05:30:33][EntityPickupItemEvent]: PLAYER picked up MELON_SLICE
[05:30:33][EntityPickupItemEvent]: PLAYER picked up MELON_SLICE
[05:30:34][EntityPickupItemEvent]: PLAYER picked up MELON_SLICE
[05:30:34][EntityPickupItemEvent]: PLAYER picked up MELON_SLICE
[05:30:35][EntityPickupItemEvent]: PLAYER picked up MELON_SLICE
[05:30:35][EntityPickupItemEvent]: PLAYER picked up MELON_SLICE
[05:30:36][EntityPickupItemEvent]: PLAYER picked up MELON_SLICE
[05:30:39][EntityPickupItemEvent]: PLAYER picked up MELON_SLICE
[05:30:40][EntityPickupItemEvent]: PLAYER picked up MELON_SLICE
[05:30:40][EntityPickupItemEvent]: PLAYER picked up MELON_SLICE
[05:30:41][EntityPickupItemEvent]: PLAYER picked up MELON_SLICE
[05:30:41][EntityPickupItemEvent]: PLAYER picked up MELON_SLICE
[05:30:56][EntityPickupItemEvent]: PLAYER picked up MELON_SLICE
[05:31:00][EntityPickupItemEvent]: PLAYER picked up MELON_SLICE
[05:31:11][EntityPickupItemEvent]: PLAYER picked up WHEAT_SEEDS
[05:31:11][EntityPickupItemEvent]: PLAYER picked up WHEAT
[05:31:12][EntityPickupItemEvent]: PLAYER picked up WHEAT
[05:31:12][EntityPickupItemEvent]: PLAYER picked up WHEAT_SEEDS
[05:31:12][EntityPickupItemEvent]: PLAYER picked up WHEAT
[05:31:13][EntityPickupItemEvent]: PLAYER picked up WHEAT_SEEDS
[05:31:13][EntityPickupItemEvent]: PLAYER picked up WHEAT_SEEDS
[05:31:13][EntityPickupItemEvent]: PLAYER picked up WHEAT
[05:31:13][EntityPickupItemEvent]: PLAYER picked up WHEAT_SEEDS
[05:31:16][EntityPickupItemEvent]: PLAYER picked up WHEAT_SEEDS
[05:31:17][EntityPickupItemEvent]: PLAYER picked up WHEAT
[05:31:17][EntityPickupItemEvent]: PLAYER picked up WHEAT_SEEDS
[05:31:17][EntityPickupItemEvent]: PLAYER picked up WHEAT
[05:31:17][EntityPickupItemEvent]: PLAYER picked up WHEAT
[05:31:17][EntityPickupItemEvent]: PLAYER picked up WHEAT_SEEDS
[05:31:18][EntityPickupItemEvent]: PLAYER picked up WHEAT_SEEDS
[05:31:18][EntityPickupItemEvent]: PLAYER picked up WHEAT
[05:31:18][EntityPickupItemEvent]: PLAYER picked up WHEAT_SEEDS
[05:31:18][EntityPickupItemEvent]: PLAYER picked up WHEAT
[05:31:19][EntityPickupItemEvent]: PLAYER picked up WHEAT
[05:31:19][EntityPickupItemEvent]: PLAYER picked up WHEAT_SEEDS
[05:31:20][EntityPickupItemEvent]: PLAYER picked up WHEAT
[05:31:20][EntityPickupItemEvent]: PLAYER picked up WHEAT
[05:31:20][EntityPickupItemEvent]: PLAYER picked up WHEAT
[05:31:20][EntityPickupItemEvent]: PLAYER picked up WHEAT_SEEDS
[05:31:21][EntityPickupItemEvent]: PLAYER picked up WHEAT
[05:31:21][EntityPickupItemEvent]: PLAYER picked up WHEAT_SEEDS
[05:31:21][EntityPickupItemEvent]: PLAYER picked up WHEAT
[05:31:22][EntityPickupItemEvent]: PLAYER picked up WHEAT_SEEDS
[05:31:22][EntityPickupItemEvent]: PLAYER picked up WHEAT_SEEDS
[05:31:22][EntityPickupItemEvent]: PLAYER picked up WHEAT
[05:31:23][EntityPickupItemEvent]: PLAYER picked up WHEAT
[05:31:23][EntityPickupItemEvent]: PLAYER picked up WHEAT_SEEDS
[05:31:24][EntityPickupItemEvent]: PLAYER picked up WHEAT
[05:31:24][EntityPickupItemEvent]: PLAYER picked up WHEAT_SEEDS
[05:31:24][EntityPickupItemEvent]: PLAYER picked up WHEAT_SEEDS
[05:31:25][EntityPickupItemEvent]: PLAYER picked up WHEAT
[05:31:25][EntityPickupItemEvent]: PLAYER picked up WHEAT_SEEDS
[05:31:26][EntityPickupItemEvent]: PLAYER picked up WHEAT_SEEDS
[05:31:26][EntityPickupItemEvent]: PLAYER picked up WHEAT
[05:31:26][EntityPickupItemEvent]: PLAYER picked up WHEAT_SEEDS
[05:31:27][EntityPickupItemEvent]: PLAYER picked up WHEAT
[05:31:28][EntityPickupItemEvent]: PLAYER picked up WHEAT
[05:31:29][EntityPickupItemEvent]: PLAYER picked up WHEAT
[05:31:29][EntityPickupItemEvent]: PLAYER picked up WHEAT
[05:31:29][EntityPickupItemEvent]: PLAYER picked up WHEAT_SEEDS
[05:31:30][EntityPickupItemEvent]: PLAYER picked up WHEAT
[05:31:30][EntityPickupItemEvent]: PLAYER picked up WHEAT_SEEDS
[05:31:30][EntityPickupItemEvent]: PLAYER picked up WHEAT
[05:31:31][EntityPickupItemEvent]: PLAYER picked up WHEAT_SEEDS
[05:32:32][EntityPickupItemEvent]: PLAYER picked up POTATO
[05:32:34][EntityPickupItemEvent]: PLAYER picked up POTATO
[05:32:34][EntityPickupItemEvent]: PLAYER picked up POTATO
[05:32:36][EntityPickupItemEvent]: PLAYER picked up POTATO
[05:32:37][EntityPickupItemEvent]: PLAYER picked up POTATO
[05:32:38][EntityPickupItemEvent]: PLAYER picked up POTATO
[05:32:38][EntityPickupItemEvent]: PLAYER picked up POTATO
[05:32:38][EntityPickupItemEvent]: PLAYER picked up POTATO
[05:32:39][EntityPickupItemEvent]: PLAYER picked up POTATO
[05:32:39][EntityPickupItemEvent]: PLAYER picked up POTATO
[05:32:39][EntityPickupItemEvent]: PLAYER picked up POTATO
[05:32:39][EntityPickupItemEvent]: PLAYER picked up POTATO
[05:32:39][EntityPickupItemEvent]: PLAYER picked up POTATO
[05:32:40][EntityPickupItemEvent]: PLAYER picked up POTATO
[05:32:40][EntityPickupItemEvent]: PLAYER picked up POTATO
[05:32:40][EntityPickupItemEvent]: PLAYER picked up POTATO
[05:32:41][EntityPickupItemEvent]: PLAYER picked up POTATO
[05:33:51][EntityPickupItemEvent]: PLAYER picked up MELON_SEEDS
[05:34:24][EntityPickupItemEvent]: PLAYER picked up WHEAT_SEEDS
[05:35:43][EntityPickupItemEvent]: PLAYER picked up DIAMOND_BOOTS
[05:35:44][EntityPickupItemEvent]: PLAYER picked up DIAMOND_LEGGINGS
[05:35:44][EntityPickupItemEvent]: PLAYER picked up DIAMOND_CHESTPLATE
[05:35:44][EntityPickupItemEvent]: PLAYER picked up DIAMOND_HELMET
[06:23:37][EntityPickupItemEvent]: PLAYER picked up ARROW
[06:23:38][EntityPickupItemEvent]: PLAYER picked up BONE
[06:29:30][EntityPickupItemEvent]: PLAYER picked up DIAMOND
[06:33:34][EntityPickupItemEvent]: PLAYER picked up STONE
[06:33:34][EntityPickupItemEvent]: PLAYER picked up STONE
[06:33:35][EntityPickupItemEvent]: PLAYER picked up STONE
[06:33:35][EntityPickupItemEvent]: PLAYER picked up STONE
[06:34:53][EntityPickupItemEvent]: PLAYER picked up SPIDER_EYE
[06:34:53][EntityPickupItemEvent]: PLAYER picked up STRING
[06:35:05][EntityPickupItemEvent]: PLAYER picked up FEATHER
[06:35:05][EntityPickupItemEvent]: PLAYER picked up CHICKEN
[06:35:28][EntityPickupItemEvent]: PLAYER picked up GUNPOWDER
[06:36:01][EntityPickupItemEvent]: PLAYER picked up ROTTEN_FLESH
[06:38:02][EntityPickupItemEvent]: PLAYER picked up ROTTEN_FLESH
[06:39:36][EntityPickupItemEvent]: PLAYER picked up ROTTEN_FLESH
[06:40:05][EntityPickupItemEvent]: PLAYER picked up CARROT
[06:40:06][EntityPickupItemEvent]: PLAYER picked up POTATO
[06:41:28][EntityPickupItemEvent]: PLAYER picked up POTATO
[06:41:36][EntityPickupItemEvent]: PLAYER picked up SPIDER_EYE
[06:41:46][EntityPickupItemEvent]: PLAYER picked up GUNPOWDER
[06:44:17][EntityPickupItemEvent]: PLAYER picked up OAK_FENCE
[06:47:03][EntityPickupItemEvent]: PLAYER picked up SHULKER_BOX
[06:51:38][EntityPickupItemEvent]: PLAYER picked up CRYING_OBSIDIAN
[06:51:50][EntityPickupItemEvent]: PLAYER picked up CRYING_OBSIDIAN
[06:52:35][EntityPickupItemEvent]: PLAYER picked up CRYING_OBSIDIAN
[06:52:39][EntityPickupItemEvent]: PLAYER picked up CRYING_OBSIDIAN
[06:52:44][EntityPickupItemEvent]: PLAYER picked up CRYING_OBSIDIAN
[06:57:28][EntityPickupItemEvent]: PLAYER picked up NETHERITE_SWORD
[06:57:57][EntityPickupItemEvent]: PLAYER picked up COBBLESTONE
[06:58:13][EntityPickupItemEvent]: PLAYER picked up COBBLESTONE
[07:03:09][EntityPickupItemEvent]: PLAYER picked up NETHERITE_SWORD
[07:03:10][EntityPickupItemEvent]: PLAYER picked up NETHERITE_PICKAXE
[07:07:52][EntityPickupItemEvent]: PLAYER picked up BLACKSTONE
[07:07:52][EntityPickupItemEvent]: PLAYER picked up BLACKSTONE
[07:07:53][EntityPickupItemEvent]: PLAYER picked up BLACKSTONE
[07:07:53][EntityPickupItemEvent]: PLAYER picked up BLACKSTONE
[07:07:54][EntityPickupItemEvent]: PLAYER picked up NETHERRACK
[07:07:54][EntityPickupItemEvent]: PLAYER picked up MAGMA_BLOCK
[07:07:54][EntityPickupItemEvent]: PLAYER picked up BLACKSTONE
[07:07:56][EntityPickupItemEvent]: PLAYER picked up MAGMA_BLOCK
[07:07:57][EntityPickupItemEvent]: PLAYER picked up MAGMA_BLOCK
[07:08:29][EntityPickupItemEvent]: PLAYER picked up NETHERRACK
[07:08:36][EntityPickupItemEvent]: PLAYER picked up NETHERRACK
[07:08:36][EntityPickupItemEvent]: PLAYER picked up NETHERRACK
[07:08:36][EntityPickupItemEvent]: PLAYER picked up NETHERRACK
[07:08:37][EntityPickupItemEvent]: PLAYER picked up NETHERRACK
[07:08:40][EntityPickupItemEvent]: PLAYER picked up NETHERRACK
[07:08:45][EntityPickupItemEvent]: PLAYER picked up NETHERRACK
[07:08:45][EntityPickupItemEvent]: PLAYER picked up NETHERRACK
[07:08:48][EntityPickupItemEvent]: PLAYER picked up NETHERRACK
[07:08:49][EntityPickupItemEvent]: PLAYER picked up QUARTZ
[07:08:50][EntityPickupItemEvent]: PLAYER picked up QUARTZ
[07:08:53][EntityPickupItemEvent]: PLAYER picked up QUARTZ
[07:08:54][EntityPickupItemEvent]: PLAYER picked up QUARTZ
[07:08:55][EntityPickupItemEvent]: PLAYER picked up QUARTZ
[07:08:57][EntityPickupItemEvent]: PLAYER picked up QUARTZ
[07:09:04][EntityPickupItemEvent]: PLAYER picked up NETHERRACK
[07:09:05][EntityPickupItemEvent]: PLAYER picked up NETHERRACK
[07:09:13][EntityPickupItemEvent]: PLAYER picked up NETHERRACK
[07:09:25][EntityPickupItemEvent]: PLAYER picked up NETHERRACK
[07:09:27][EntityPickupItemEvent]: PLAYER picked up GOLD_NUGGET
[07:09:30][EntityPickupItemEvent]: PLAYER picked up NETHERRACK
[07:09:32][EntityPickupItemEvent]: PLAYER picked up GOLD_NUGGET
[07:09:32][EntityPickupItemEvent]: PLAYER picked up GOLD_NUGGET
[07:09:35][EntityPickupItemEvent]: PLAYER picked up GOLD_NUGGET
[07:09:36][EntityPickupItemEvent]: PLAYER picked up GOLD_NUGGET
[07:09:40][EntityPickupItemEvent]: PLAYER picked up NETHERRACK
[07:09:41][EntityPickupItemEvent]: PLAYER picked up NETHERRACK
[07:09:41][EntityPickupItemEvent]: PLAYER picked up NETHERRACK
[07:09:46][EntityPickupItemEvent]: PLAYER picked up NETHERRACK
[07:09:53][EntityPickupItemEvent]: PLAYER picked up NETHERRACK
[07:09:53][EntityPickupItemEvent]: PLAYER picked up GOLD_NUGGET
[07:09:53][EntityPickupItemEvent]: PLAYER picked up NETHERRACK
[07:09:56][EntityPickupItemEvent]: PLAYER picked up GOLD_NUGGET
[07:09:57][EntityPickupItemEvent]: PLAYER picked up GOLD_NUGGET
[07:09:57][EntityPickupItemEvent]: PLAYER picked up GOLD_NUGGET
[07:09:57][EntityPickupItemEvent]: PLAYER picked up GOLD_NUGGET
[07:09:58][EntityPickupItemEvent]: PLAYER picked up GOLD_NUGGET
[07:10:00][EntityPickupItemEvent]: PLAYER picked up GOLD_NUGGET
[07:10:01][EntityPickupItemEvent]: PLAYER picked up GOLD_NUGGET
[07:10:01][EntityPickupItemEvent]: PLAYER picked up GOLD_NUGGET
[07:10:02][EntityPickupItemEvent]: PLAYER picked up GOLD_NUGGET
[07:10:06][EntityPickupItemEvent]: PLAYER picked up NETHERRACK
[07:10:07][EntityPickupItemEvent]: PLAYER picked up NETHERRACK
[07:10:10][EntityPickupItemEvent]: PLAYER picked up NETHERRACK
[07:10:13][EntityPickupItemEvent]: PLAYER picked up NETHERRACK
[07:10:25][EntityPickupItemEvent]: PLAYER picked up NETHERRACK
[07:10:25][EntityPickupItemEvent]: PLAYER picked up NETHERRACK
[07:11:58][EntityPickupItemEvent]: PLAYER picked up QUARTZ
[07:11:59][EntityPickupItemEvent]: PLAYER picked up QUARTZ
[07:12:02][EntityPickupItemEvent]: PLAYER picked up QUARTZ
[07:12:40][EntityPickupItemEvent]: PLAYER picked up QUARTZ
[07:12:48][EntityPickupItemEvent]: PLAYER picked up QUARTZ
[07:13:03][EntityPickupItemEvent]: PLAYER picked up QUARTZ
[07:13:04][EntityPickupItemEvent]: PLAYER picked up QUARTZ
[07:13:05][EntityPickupItemEvent]: PLAYER picked up QUARTZ
[07:13:07][EntityPickupItemEvent]: PLAYER picked up QUARTZ
[07:13:08][EntityPickupItemEvent]: PLAYER picked up QUARTZ
[07:13:10][EntityPickupItemEvent]: PLAYER picked up QUARTZ
[07:13:10][EntityPickupItemEvent]: PLAYER picked up QUARTZ
[07:13:10][EntityPickupItemEvent]: PLAYER picked up QUARTZ
[07:13:11][EntityPickupItemEvent]: PLAYER picked up QUARTZ
[07:13:11][EntityPickupItemEvent]: PLAYER picked up QUARTZ
[07:13:30][EntityPickupItemEvent]: PLAYER picked up QUARTZ
[07:13:32][EntityPickupItemEvent]: PLAYER picked up QUARTZ
[07:13:32][EntityPickupItemEvent]: PLAYER picked up QUARTZ
[07:14:00][EntityPickupItemEvent]: PLAYER picked up BLACKSTONE
[07:14:01][EntityPickupItemEvent]: PLAYER picked up BLACKSTONE
[07:14:04][EntityPickupItemEvent]: PLAYER picked up BLACKSTONE
[07:14:04][EntityPickupItemEvent]: PLAYER picked up BLACKSTONE
[07:14:05][EntityPickupItemEvent]: PLAYER picked up BLACKSTONE
[07:14:08][EntityPickupItemEvent]: PLAYER picked up BLACKSTONE
[07:14:13][EntityPickupItemEvent]: PLAYER picked up BLACKSTONE
[07:14:13][EntityPickupItemEvent]: PLAYER picked up BLACKSTONE
[07:14:14][EntityPickupItemEvent]: PLAYER picked up BLACKSTONE
[07:14:14][EntityPickupItemEvent]: PLAYER picked up BLACKSTONE
[07:14:16][EntityPickupItemEvent]: PLAYER picked up BLACKSTONE
[07:14:54][EntityPickupItemEvent]: PLAYER picked up ANCIENT_DEBRIS
[07:15:18][EntityPickupItemEvent]: PLAYER picked up NETHERRACK
[07:15:20][EntityPickupItemEvent]: PLAYER picked up NETHERRACK
[07:15:21][EntityPickupItemEvent]: PLAYER picked up QUARTZ
[07:15:22][EntityPickupItemEvent]: PLAYER picked up NETHERRACK
[07:15:25][EntityPickupItemEvent]: PLAYER picked up NETHERRACK
[07:15:26][EntityPickupItemEvent]: PLAYER picked up QUARTZ
[07:15:26][EntityPickupItemEvent]: PLAYER picked up QUARTZ
[07:16:10][EntityPickupItemEvent]: PLAYER picked up NETHERRACK
[07:16:11][EntityPickupItemEvent]: PLAYER picked up NETHERRACK
[07:16:12][EntityPickupItemEvent]: PLAYER picked up NETHERRACK
[07:16:13][EntityPickupItemEvent]: PLAYER picked up NETHERRACK
[07:16:17][EntityPickupItemEvent]: PLAYER picked up NETHERRACK
[07:16:18][EntityPickupItemEvent]: PLAYER picked up NETHERRACK
[07:16:18][EntityPickupItemEvent]: PLAYER picked up NETHERRACK
[07:16:23][EntityPickupItemEvent]: PLAYER picked up NETHERRACK
[07:16:24][EntityPickupItemEvent]: PLAYER picked up NETHERRACK
[07:16:31][EntityPickupItemEvent]: PLAYER picked up NETHERRACK
[07:16:37][EntityPickupItemEvent]: PLAYER picked up NETHERRACK
[07:16:42][EntityPickupItemEvent]: PLAYER picked up NETHERRACK
[07:16:42][EntityPickupItemEvent]: PLAYER picked up NETHERRACK
[07:16:43][EntityPickupItemEvent]: PLAYER picked up NETHERRACK
[07:16:44][EntityPickupItemEvent]: PLAYER picked up NETHERRACK
[07:16:47][EntityPickupItemEvent]: PLAYER picked up ANCIENT_DEBRIS
[07:16:47][EntityPickupItemEvent]: PLAYER picked up ANCIENT_DEBRIS
[07:16:49][EntityPickupItemEvent]: PLAYER picked up ANCIENT_DEBRIS
[07:16:49][EntityPickupItemEvent]: PLAYER picked up ANCIENT_DEBRIS
[07:16:49][EntityPickupItemEvent]: PLAYER picked up NETHERRACK
[07:16:58][EntityPickupItemEvent]: PLAYER picked up BLACKSTONE
[07:17:00][EntityPickupItemEvent]: PLAYER picked up BLACKSTONE
[07:17:00][EntityPickupItemEvent]: PLAYER picked up BLACKSTONE
[07:17:01][EntityPickupItemEvent]: PLAYER picked up NETHERRACK
[07:17:01][EntityPickupItemEvent]: PLAYER picked up BLACKSTONE
[07:17:01][EntityPickupItemEvent]: PLAYER picked up BLACKSTONE
[07:17:02][EntityPickupItemEvent]: PLAYER picked up BLACKSTONE
[07:17:18][EntityPickupItemEvent]: PLAYER picked up NETHERRACK
[07:17:33][EntityPickupItemEvent]: PLAYER picked up NETHERRACK
[07:17:36][EntityPickupItemEvent]: PLAYER picked up NETHERRACK
[07:17:37][EntityPickupItemEvent]: PLAYER picked up NETHERRACK
[07:17:37][EntityPickupItemEvent]: PLAYER picked up NETHERRACK
[07:17:39][EntityPickupItemEvent]: PLAYER picked up NETHERRACK
[07:17:41][EntityPickupItemEvent]: PLAYER picked up NETHERRACK
[07:17:46][EntityPickupItemEvent]: PLAYER picked up NETHERRACK
[07:17:50][EntityPickupItemEvent]: PLAYER picked up NETHERRACK
[07:17:58][EntityPickupItemEvent]: PLAYER picked up NETHERRACK
[07:18:01][EntityPickupItemEvent]: PLAYER picked up NETHERRACK
[07:18:15][EntityPickupItemEvent]: PLAYER picked up NETHERRACK
[07:18:16][EntityPickupItemEvent]: PLAYER picked up GOLD_NUGGET
[07:18:26][EntityPickupItemEvent]: PLAYER picked up NETHERRACK
[07:18:32][EntityPickupItemEvent]: PLAYER picked up NETHERRACK
[07:18:33][EntityPickupItemEvent]: PLAYER picked up TORCH
[07:19:41][EntityPickupItemEvent]: PLAYER picked up QUARTZ
[07:19:56][EntityPickupItemEvent]: PLAYER picked up ANCIENT_DEBRIS
[07:20:22][EntityPickupItemEvent]: PLAYER picked up TORCH
[07:20:25][EntityPickupItemEvent]: PLAYER picked up QUARTZ
[07:21:21][EntityPickupItemEvent]: PLAYER picked up BLACKSTONE
[07:21:37][EntityPickupItemEvent]: PLAYER picked up TORCH
[07:22:38][EntityPickupItemEvent]: PLAYER picked up QUARTZ
[07:22:39][EntityPickupItemEvent]: PLAYER picked up QUARTZ
[07:22:41][EntityPickupItemEvent]: PLAYER picked up QUARTZ
[07:22:43][EntityPickupItemEvent]: PLAYER picked up QUARTZ
[07:22:43][EntityPickupItemEvent]: PLAYER picked up QUARTZ
[07:22:44][EntityPickupItemEvent]: PLAYER picked up QUARTZ
[07:22:45][EntityPickupItemEvent]: PLAYER picked up QUARTZ
[07:22:45][EntityPickupItemEvent]: PLAYER picked up QUARTZ
[07:23:33][EntityPickupItemEvent]: PLAYER picked up QUARTZ
[07:23:33][EntityPickupItemEvent]: PLAYER picked up QUARTZ
[07:23:35][EntityPickupItemEvent]: PLAYER picked up QUARTZ
[07:23:37][EntityPickupItemEvent]: PLAYER picked up QUARTZ
[07:23:40][EntityPickupItemEvent]: PLAYER picked up QUARTZ
[07:23:42][EntityPickupItemEvent]: PLAYER picked up QUARTZ
[07:23:43][EntityPickupItemEvent]: PLAYER picked up QUARTZ
[07:23:44][EntityPickupItemEvent]: PLAYER picked up QUARTZ
[07:24:59][EntityPickupItemEvent]: PLAYER picked up NETHERRACK
[07:25:12][EntityPickupItemEvent]: PLAYER picked up NETHERRACK
[07:25:13][EntityPickupItemEvent]: PLAYER picked up NETHERRACK
[07:25:17][EntityPickupItemEvent]: PLAYER picked up NETHERRACK
[07:25:21][EntityPickupItemEvent]: PLAYER picked up NETHERRACK
[07:25:32][EntityPickupItemEvent]: PLAYER picked up NETHERRACK
[07:25:34][EntityPickupItemEvent]: PLAYER picked up NETHERRACK
[07:25:50][EntityPickupItemEvent]: PLAYER picked up QUARTZ
[07:25:50][EntityPickupItemEvent]: PLAYER picked up QUARTZ
[07:25:52][EntityPickupItemEvent]: PLAYER picked up QUARTZ
[07:25:52][EntityPickupItemEvent]: PLAYER picked up QUARTZ
[07:25:53][EntityPickupItemEvent]: PLAYER picked up QUARTZ
[07:25:55][EntityPickupItemEvent]: PLAYER picked up QUARTZ
[07:25:55][EntityPickupItemEvent]: PLAYER picked up QUARTZ
[07:25:56][EntityPickupItemEvent]: PLAYER picked up QUARTZ
[07:25:56][EntityPickupItemEvent]: PLAYER picked up QUARTZ
[07:26:10][EntityPickupItemEvent]: PLAYER picked up QUARTZ
[07:26:22][EntityPickupItemEvent]: PLAYER picked up GOLD_NUGGET
[07:26:25][EntityPickupItemEvent]: PLAYER picked up GOLD_NUGGET
[07:26:44][EntityPickupItemEvent]: PLAYER picked up NETHERRACK
[07:26:47][EntityPickupItemEvent]: PLAYER picked up GOLD_NUGGET
[07:26:47][EntityPickupItemEvent]: PLAYER picked up GOLD_NUGGET
[07:27:06][EntityPickupItemEvent]: PLAYER picked up QUARTZ
[07:27:09][EntityPickupItemEvent]: PLAYER picked up QUARTZ
[07:27:10][EntityPickupItemEvent]: PLAYER picked up QUARTZ
[07:27:13][EntityPickupItemEvent]: PLAYER picked up QUARTZ
[07:27:31][EntityPickupItemEvent]: PLAYER picked up NETHERRACK
[07:27:35][EntityPickupItemEvent]: PLAYER picked up NETHERRACK
[07:27:40][EntityPickupItemEvent]: PLAYER picked up NETHERRACK
[07:28:46][EntityPickupItemEvent]: PLAYER picked up QUARTZ
[07:28:51][EntityPickupItemEvent]: PLAYER picked up QUARTZ
[07:28:52][EntityPickupItemEvent]: PLAYER picked up QUARTZ
[07:28:53][EntityPickupItemEvent]: PLAYER picked up QUARTZ
[07:29:01][EntityPickupItemEvent]: PLAYER picked up QUARTZ
[07:29:02][EntityPickupItemEvent]: PLAYER picked up QUARTZ
[07:29:03][EntityPickupItemEvent]: PLAYER picked up QUARTZ
[07:29:05][EntityPickupItemEvent]: PLAYER picked up QUARTZ
[07:29:05][EntityPickupItemEvent]: PLAYER picked up QUARTZ
[07:29:07][EntityPickupItemEvent]: PLAYER picked up QUARTZ
[07:29:10][EntityPickupItemEvent]: PLAYER picked up QUARTZ
[07:29:12][EntityPickupItemEvent]: PLAYER picked up QUARTZ
[07:29:14][EntityPickupItemEvent]: PLAYER picked up QUARTZ
[07:29:39][EntityPickupItemEvent]: PLAYER picked up NETHERRACK
[07:29:39][EntityPickupItemEvent]: PLAYER picked up NETHERRACK
[07:29:43][EntityPickupItemEvent]: PLAYER picked up NETHERRACK
[07:29:45][EntityPickupItemEvent]: PLAYER picked up GOLD_NUGGET
[07:29:48][EntityPickupItemEvent]: PLAYER picked up GOLD_NUGGET
[07:29:48][EntityPickupItemEvent]: PLAYER picked up GOLD_NUGGET
[07:29:49][EntityPickupItemEvent]: PLAYER picked up GOLD_NUGGET
[07:30:37][EntityPickupItemEvent]: PLAYER picked up QUARTZ
[07:30:38][EntityPickupItemEvent]: PLAYER picked up QUARTZ
[07:30:43][EntityPickupItemEvent]: PLAYER picked up QUARTZ
[07:30:45][EntityPickupItemEvent]: PLAYER picked up QUARTZ
[07:30:47][EntityPickupItemEvent]: PLAYER picked up QUARTZ
[07:30:48][EntityPickupItemEvent]: PLAYER picked up QUARTZ
[07:30:48][EntityPickupItemEvent]: PLAYER picked up QUARTZ
[07:30:50][EntityPickupItemEvent]: PLAYER picked up QUARTZ
[07:30:50][EntityPickupItemEvent]: PLAYER picked up QUARTZ
[07:30:50][EntityPickupItemEvent]: PLAYER picked up QUARTZ
[07:30:51][EntityPickupItemEvent]: PLAYER picked up QUARTZ
[07:30:52][EntityPickupItemEvent]: PLAYER picked up QUARTZ
[07:30:52][EntityPickupItemEvent]: PLAYER picked up QUARTZ
[07:30:54][EntityPickupItemEvent]: PLAYER picked up QUARTZ
[07:30:56][EntityPickupItemEvent]: PLAYER picked up QUARTZ
[07:30:57][EntityPickupItemEvent]: PLAYER picked up QUARTZ
[07:31:51][EntityPickupItemEvent]: PLAYER picked up QUARTZ
[07:31:59][EntityPickupItemEvent]: PLAYER picked up QUARTZ
[07:32:01][EntityPickupItemEvent]: PLAYER picked up QUARTZ
[07:32:02][EntityPickupItemEvent]: PLAYER picked up QUARTZ
[07:32:04][EntityPickupItemEvent]: PLAYER picked up QUARTZ
[07:32:06][EntityPickupItemEvent]: PLAYER picked up QUARTZ
[07:39:46][EntityPickupItemEvent]: PLAYER picked up LEATHER
[07:42:14][EntityPickupItemEvent]: PLAYER picked up ARROW
[07:47:45][EntityPickupItemEvent]: PLAYER picked up COBBLESTONE
[07:47:45][EntityPickupItemEvent]: PLAYER picked up COBBLESTONE
[07:55:44][EntityPickupItemEvent]: PLAYER picked up ELYTRA
[07:57:01][EntityPickupItemEvent]: PLAYER picked up ENDER_PEARL
[07:57:19][EntityPickupItemEvent]: PLAYER picked up ENDER_PEARL
[07:57:24][EntityPickupItemEvent]: PLAYER picked up JUNGLE_PLANKS
[07:57:25][EntityPickupItemEvent]: PLAYER picked up JUNGLE_PLANKS
[07:57:55][EntityPickupItemEvent]: PLAYER picked up ENDER_PEARL
[07:58:14][EntityPickupItemEvent]: PLAYER picked up ENDER_PEARL
[07:58:14][EntityPickupItemEvent]: PLAYER picked up ENDER_PEARL
[07:58:24][EntityPickupItemEvent]: PLAYER picked up ENDER_PEARL
[08:04:56][EntityPickupItemEvent]: PLAYER picked up ROTTEN_FLESH
[08:05:16][EntityPickupItemEvent]: PLAYER picked up ROTTEN_FLESH
[08:09:24][EntityPickupItemEvent]: PLAYER picked up SHULKER_BOX
[08:59:55][EntityPickupItemEvent]: PLAYER picked up SHULKER_BOX
[09:01:04][EntityPickupItemEvent]: PLAYER picked up CHEST
[09:01:04][EntityPickupItemEvent]: PLAYER picked up ROTTEN_FLESH
[09:02:04][EntityPickupItemEvent]: PLAYER picked up ROTTEN_FLESH
[09:02:23][EntityPickupItemEvent]: PLAYER picked up NETHERITE_SWORD
[09:03:39][EntityPickupItemEvent]: PLAYER picked up NETHERITE_HELMET
[09:03:39][EntityPickupItemEvent]: PLAYER picked up CYAN_SHULKER_BOX
[09:03:39][EntityPickupItemEvent]: PLAYER picked up NETHERITE_SHOVEL
[09:03:39][EntityPickupItemEvent]: PLAYER picked up NETHERITE_AXE
[09:03:50][EntityPickupItemEvent]: PLAYER picked up NETHERITE_HELMET
[09:04:28][EntityPickupItemEvent]: PLAYER picked up SHULKER_BOX
[09:04:35][EntityPickupItemEvent]: PLAYER picked up IRON_AXE
[09:04:42][EntityPickupItemEvent]: PLAYER picked up IRON_AXE
[09:05:58][EntityPickupItemEvent]: PLAYER picked up OAK_PLANKS
[09:06:54][EntityPickupItemEvent]: PLAYER picked up SHULKER_BOX
[09:08:36][EntityPickupItemEvent]: PLAYER picked up SHULKER_BOX
[09:08:43][EntityPickupItemEvent]: PLAYER picked up POPPY
[09:09:04][EntityPickupItemEvent]: PLAYER picked up DANDELION
[09:11:05][EntityPickupItemEvent]: PLAYER picked up LILY_OF_THE_VALLEY
[09:16:22][EntityPickupItemEvent]: PLAYER picked up RED_SHULKER_BOX
[09:16:23][EntityPickupItemEvent]: PLAYER picked up WHITE_SHULKER_BOX
[09:16:23][EntityPickupItemEvent]: PLAYER picked up YELLOW_SHULKER_BOX
[09:21:04][EntityPickupItemEvent]: PLAYER picked up ROTTEN_FLESH
[09:25:38][EntityPickupItemEvent]: PLAYER picked up LEATHER
[09:32:02][EntityPickupItemEvent]: PLAYER picked up OAK_LOG
