[03:53:23][PlayerInteractEvent]: right clicked minecraft:stone_button[face=wall,facing=east,powered=false] at [world;-365;65;486]
[03:53:25][PlayerInteractEvent]: right clicked minecraft:stone_button[face=wall,facing=west,powered=false] at [world;-367;65;486]
[03:53:27][PlayerInteractEvent]: right clicked minecraft:stone_button[face=wall,facing=west,powered=false] at [world;-367;65;489]
[03:53:28][PlayerInteractEvent]: right clicked minecraft:stone_button[face=wall,facing=west,powered=false] at [world;-367;65;486]
[03:53:31][PlayerInteractEvent]: right clicked minecraft:stone_button[face=wall,facing=west,powered=false] at [world;-367;65;489]
[03:53:31][PlayerInteractEvent]: right clicked minecraft:stone_button[face=wall,facing=west,powered=false] at [world;-367;65;486]
[03:54:43][PlayerInteractEvent]: right clicked minecraft:stone_button[face=wall,facing=east,powered=false] at [world;-396;67;488]
[03:54:45][PlayerInteractEvent]: right clicked minecraft:stone_button[face=wall,facing=east,powered=false] at [world;-396;67;488]
[03:54:45][PlayerInteractEvent]: right clicked minecraft:stone_button[face=wall,facing=east,powered=true] at [world;-396;67;488]
[03:54:46][PlayerInteractEvent]: right clicked minecraft:stone_button[face=wall,facing=east,powered=true] at [world;-396;67;488]
[03:54:46][PlayerInteractEvent]: right clicked minecraft:stone_button[face=wall,facing=east,powered=true] at [world;-396;67;488]
[03:54:46][PlayerInteractEvent]: right clicked minecraft:stone_button[face=wall,facing=east,powered=true] at [world;-396;67;488]
[03:54:46][PlayerInteractEvent]: right clicked minecraft:stone_button[face=wall,facing=east,powered=true] at [world;-396;67;488]
[03:54:48][PlayerInteractEvent]: right clicked minecraft:stone_button[face=wall,facing=east,powered=false] at [world;-396;67;489]
[03:54:49][PlayerInteractEvent]: right clicked minecraft:stone_button[face=wall,facing=east,powered=false] at [world;-396;67;488]
[03:55:01][PlayerInteractEvent]: right clicked minecraft:stone_button[face=wall,facing=east,powered=false] at [world;-396;67;489]
[03:55:06][PlayerInteractEvent]: right clicked minecraft:stone_button[face=floor,facing=west,powered=false] at [world;-398;69;488]
[03:55:39][PlayerInteractEvent]: right clicked minecraft:stone_button[face=wall,facing=west,powered=false] at [world;-367;65;489]
[03:58:11][PlayerInteractEvent]: right clicked minecraft:stone_button[face=wall,facing=east,powered=false] at [world;-365;65;489]
[03:58:30][PlayerInteractEvent]: right clicked minecraft:stone_button[face=wall,facing=west,powered=false] at [world;-367;65;489]
[03:58:32][PlayerInteractEvent]: right clicked minecraft:stone_button[face=wall,facing=west,powered=false] at [world;-367;65;489]
[03:58:35][PlayerInteractEvent]: right clicked minecraft:stone_button[face=wall,facing=east,powered=false] at [world;-365;65;489]
[04:00:03][PlayerInteractEvent]: right clicked minecraft:stone_button[face=wall,facing=west,powered=false] at [world;-367;65;489]
[04:02:38][PlayerInteractEvent]: right clicked minecraft:stone_button[face=wall,facing=east,powered=false] at [world;-365;65;489]
[04:03:01][PlayerInteractEvent]: right clicked minecraft:stone_button[face=wall,facing=west,powered=false] at [world;-367;65;489]
[04:03:03][PlayerInteractEvent]: right clicked minecraft:stone_button[face=wall,facing=west,powered=false] at [world;-367;65;489]
[04:05:16][PlayerBucketFillEvent]: used BUCKET on [world;-359;63;491]
[04:05:20][PlayerBucketFillEvent]: used BUCKET on [world;-359;63;490]
[04:05:22][PlayerBucketEmptyEvent]: used WATER_BUCKET on [world;-362;62;490]
[04:05:24][PlayerBucketFillEvent]: used BUCKET on [world;-359;63;490]
[04:05:25][PlayerBucketEmptyEvent]: used WATER_BUCKET on [world;-362;62;488]
[04:05:27][PlayerBucketFillEvent]: used BUCKET on [world;-359;63;490]
[04:05:29][PlayerBucketEmptyEvent]: used WATER_BUCKET on [world;-363;62;488]
[04:06:35][PlayerBucketFillEvent]: used BUCKET on [world;-358;61;492]
[04:06:36][PlayerBucketEmptyEvent]: used WATER_BUCKET on [world;-357;63;490]
[04:06:37][PlayerBucketFillEvent]: used BUCKET on [world;-356;62;491]
[04:06:38][PlayerBucketEmptyEvent]: used WATER_BUCKET on [world;-357;62;491]
[04:07:37][PlayerBucketFillEvent]: used BUCKET on [world;-362;62;485]
[04:07:39][PlayerBucketEmptyEvent]: used WATER_BUCKET on [world;-360;62;484]
[04:07:41][PlayerBucketFillEvent]: used BUCKET on [world;-362;62;487]
[04:07:42][PlayerBucketEmptyEvent]: used WATER_BUCKET on [world;-363;63;484]
[04:07:43][PlayerBucketFillEvent]: used BUCKET on [world;-363;62;486]
[04:07:45][PlayerBucketEmptyEvent]: used WATER_BUCKET on [world;-364;62;483]
[04:07:46][PlayerBucketFillEvent]: used BUCKET on [world;-364;63;486]
[04:07:47][PlayerBucketEmptyEvent]: used WATER_BUCKET on [world;-365;62;486]
[04:07:48][PlayerBucketFillEvent]: used BUCKET on [world;-364;62;486]
[04:07:50][PlayerBucketEmptyEvent]: used WATER_BUCKET on [world;-361;62;484]
[04:07:53][PlayerBucketFillEvent]: used BUCKET on [world;-364;62;484]
[04:07:55][PlayerBucketEmptyEvent]: used WATER_BUCKET on [world;-364;62;488]
[04:16:18][PlayerInteractEvent]: right clicked minecraft:stone_button[face=wall,facing=east,powered=false] at [world;-365;65;486]
[04:16:20][PlayerInteractEvent]: right clicked minecraft:stone_button[face=wall,facing=west,powered=false] at [world;-367;65;486]
[04:17:29][PlayerInteractEvent]: right clicked minecraft:stone_button[face=wall,facing=east,powered=false] at [world;-365;65;486]
[04:17:31][PlayerInteractEvent]: right clicked minecraft:stone_button[face=wall,facing=west,powered=false] at [world;-367;65;489]
[04:17:56][PlayerInteractEvent]: right clicked minecraft:stone_button[face=wall,facing=east,powered=false] at [world;-365;65;486]
[04:18:05][PlayerInteractEvent]: right clicked minecraft:stone_button[face=wall,facing=west,powered=false] at [world;-367;65;489]
[04:18:08][PlayerInteractEvent][Cancelled]: right clicked minecraft:stone_button[face=wall,facing=west,powered=false] at [world;-367;65;489]
[04:18:10][PlayerInteractEvent]: right clicked minecraft:stone_button[face=wall,facing=west,powered=false] at [world;-367;65;489]
[04:18:12][PlayerInteractEvent]: right clicked minecraft:stone_button[face=wall,facing=west,powered=false] at [world;-367;65;489]
[04:18:48][PlayerInteractEvent]: right clicked minecraft:stone_button[face=wall,facing=east,powered=false] at [world;-365;65;486]
[04:21:57][PlayerInteractEvent]: right clicked minecraft:stone_button[face=wall,facing=west,powered=false] at [world;-367;65;489]
[04:23:18][PlayerInteractEvent]: right clicked minecraft:stone_button[face=wall,facing=east,powered=false] at [world;-365;65;486]
[04:26:02][PlayerInteractEvent]: right clicked minecraft:stone_button[face=wall,facing=west,powered=false] at [world;-367;65;486]
[04:26:05][PlayerInteractEvent]: right clicked minecraft:stone_button[face=wall,facing=west,powered=false] at [world;-367;65;486]
[04:26:07][PlayerInteractEvent]: right clicked minecraft:stone_button[face=wall,facing=west,powered=false] at [world;-367;65;486]
[04:26:55][PlayerInteractEvent]: right clicked minecraft:stone_button[face=wall,facing=east,powered=false] at [world;-365;65;486]
[04:29:27][PlayerInteractEvent]: right clicked minecraft:stone_button[face=wall,facing=east,powered=false] at [world;-365;65;486]
[04:32:56][PlayerInteractEvent]: right clicked minecraft:stone_button[face=wall,facing=west,powered=false] at [world;-367;65;489]
[04:33:38][PlayerInteractEvent]: right clicked minecraft:stone_button[face=wall,facing=east,powered=false] at [world;-365;65;486]
[04:42:30][PlayerInteractEvent]: right clicked minecraft:stone_button[face=wall,facing=west,powered=false] at [world;-367;65;489]
[04:42:33][PlayerInteractEvent]: right clicked minecraft:stone_button[face=wall,facing=west,powered=false] at [world;-367;65;489]
[04:42:53][PlayerInteractEvent]: right clicked minecraft:stone_button[face=wall,facing=east,powered=false] at [world;-365;65;486]
[04:46:36][PlayerInteractEvent]: right clicked minecraft:stone_button[face=wall,facing=west,powered=false] at [world;-367;65;489]
[04:48:37][PlayerInteractEvent]: right clicked minecraft:stone_button[face=wall,facing=east,powered=false] at [world;-365;65;486]
[04:49:09][PlayerInteractEvent]: right clicked minecraft:stone_button[face=wall,facing=west,powered=false] at [world;-367;65;489]
[04:49:26][PlayerInteractEvent]: right clicked minecraft:stone_button[face=wall,facing=east,powered=false] at [world;-365;65;486]
[04:49:45][PlayerInteractEvent]: right clicked minecraft:stone_button[face=wall,facing=west,powered=false] at [world;-367;65;489]
[04:49:47][PlayerInteractEvent]: right clicked minecraft:stone_button[face=wall,facing=west,powered=false] at [world;-367;65;489]
[04:51:07][PlayerInteractEvent]: right clicked minecraft:stone_button[face=wall,facing=east,powered=false] at [world;-365;65;486]
[04:52:08][PlayerInteractEvent]: right clicked minecraft:stone_button[face=wall,facing=west,powered=false] at [world;-367;65;489]
[04:55:14][PlayerInteractEvent]: right clicked minecraft:stone_button[face=wall,facing=east,powered=false] at [world;-365;65;486]
[04:55:34][PlayerInteractEvent]: right clicked minecraft:stone_button[face=wall,facing=west,powered=false] at [world;-367;65;489]
[04:56:09][PlayerInteractEvent]: right clicked minecraft:stone_button[face=wall,facing=east,powered=false] at [world;-365;65;486]
[04:56:22][PlayerInteractEvent]: right clicked minecraft:stone_button[face=wall,facing=west,powered=false] at [world;-367;65;489]
[04:59:18][PlayerInteractEvent]: right clicked minecraft:stone_button[face=wall,facing=east,powered=false] at [world;-365;65;486]
[05:01:24][PlayerInteractEvent]: right clicked minecraft:stone_button[face=wall,facing=west,powered=false] at [world;-367;65;486]
[05:02:00][PlayerInteractEvent]: right clicked minecraft:stone_button[face=wall,facing=east,powered=false] at [world;-365;65;486]
[05:02:48][PlayerInteractEvent]: right clicked minecraft:stone_button[face=wall,facing=west,powered=false] at [world;-367;65;489]
[05:02:59][PlayerInteractEvent]: right clicked minecraft:stone_button[face=wall,facing=east,powered=false] at [world;-365;65;486]
[05:03:36][PlayerInteractEvent]: right clicked minecraft:stone_button[face=wall,facing=west,powered=false] at [world;-367;65;486]
[05:04:04][PlayerInteractEvent]: right clicked minecraft:stone_button[face=wall,facing=west,powered=false] at [world;-367;65;489]
[05:04:34][PlayerInteractEvent]: right clicked minecraft:stone_button[face=wall,facing=east,powered=false] at [world;-365;65;486]
[05:06:48][PlayerInteractEvent]: right clicked minecraft:stone_button[face=wall,facing=west,powered=false] at [world;-367;65;489]
[05:07:22][PlayerInteractEvent]: right clicked minecraft:stone_button[face=wall,facing=east,powered=false] at [world;-365;65;486]
[05:16:01][PlayerInteractEvent]: right clicked minecraft:stone_button[face=wall,facing=west,powered=false] at [world;-367;65;486]
[05:16:03][PlayerInteractEvent]: right clicked minecraft:stone_button[face=wall,facing=west,powered=false] at [world;-367;65;486]
[05:16:55][PlayerInteractEvent]: right clicked minecraft:stone_button[face=wall,facing=east,powered=false] at [world;-365;65;486]
[05:17:19][PlayerInteractEvent]: right clicked minecraft:stone_button[face=wall,facing=west,powered=false] at [world;-367;65;489]
[05:17:25][PlayerInteractEvent]: right clicked minecraft:stone_button[face=wall,facing=west,powered=false] at [world;-367;65;489]
[05:18:10][PlayerInteractEvent]: right clicked minecraft:stone_button[face=wall,facing=east,powered=false] at [world;-365;65;486]
[05:18:50][PlayerInteractEvent]: right clicked minecraft:stone_button[face=wall,facing=west,powered=false] at [world;-367;65;489]
[05:19:15][PlayerInteractEvent]: right clicked minecraft:stone_button[face=wall,facing=east,powered=false] at [world;-365;65;486]
[05:22:29][PlayerInteractEvent]: right clicked minecraft:stone_button[face=wall,facing=west,powered=false] at [world;-367;65;489]
[06:43:47][PlayerInteractEvent]: right clicked minecraft:stone_button[face=wall,facing=east,powered=false] at [world;-365;65;486]
[06:44:17][PlayerInteractEvent]: right clicked minecraft:stone_button[face=wall,facing=west,powered=false] at [world;-367;65;489]
[06:44:24][PlayerInteractEvent]: right clicked minecraft:stone_button[face=wall,facing=east,powered=false] at [world;-365;65;486]
[06:46:25][PlayerInteractEvent]: right clicked minecraft:stone_button[face=wall,facing=west,powered=false] at [world;-367;65;489]
[06:47:09][PlayerInteractEvent]: right clicked minecraft:stone_button[face=wall,facing=east,powered=false] at [world;-365;65;486]
[06:47:36][PlayerInteractEvent]: right clicked minecraft:stone_button[face=wall,facing=west,powered=false] at [world;-367;65;489]
[06:50:38][PlayerInteractEvent]: right clicked minecraft:stone_button[face=wall,facing=east,powered=false] at [world;-365;65;486]
[06:53:17][PlayerInteractEvent]: right clicked minecraft:stone_button[face=wall,facing=west,powered=false] at [world;-367;65;489]
[06:58:50][PlayerInteractEvent]: right clicked minecraft:stone_button[face=wall,facing=east,powered=false] at [world;-365;65;486]
[06:59:17][PlayerInteractEvent]: right clicked minecraft:stone_button[face=wall,facing=west,powered=false] at [world;-367;65;489]
[07:00:40][PlayerInteractEvent]: right clicked minecraft:stone_button[face=wall,facing=east,powered=false] at [world;-365;65;486]
[07:02:17][PlayerInteractEvent]: right clicked minecraft:stone_button[face=wall,facing=east,powered=false] at [world;-365;65;486]
[07:05:30][PlayerInteractEvent]: right clicked minecraft:stone_button[face=wall,facing=east,powered=false] at [world;-365;65;486]
[07:06:16][PlayerInteractEvent]: right clicked minecraft:stone_button[face=wall,facing=east,powered=false] at [world;-365;65;486]
[07:43:55][PlayerInteractEvent]: right clicked minecraft:stone_button[face=wall,facing=east,powered=false] at [world;-365;65;486]
[07:46:11][PlayerInteractEvent]: right clicked minecraft:stone_button[face=wall,facing=east,powered=false] at [world;-365;65;486]
[08:05:44][PlayerInteractEvent]: right clicked minecraft:stone_button[face=wall,facing=east,powered=false] at [world;-365;65;486]
[08:07:17][PlayerInteractEvent]: right clicked minecraft:stone_button[face=wall,facing=east,powered=false] at [world;-365;65;486]
[08:09:39][PlayerInteractEvent]: right clicked minecraft:stone_button[face=wall,facing=east,powered=false] at [world;-365;65;486]
[09:02:50][PlayerInteractEvent]: right clicked minecraft:stone_button[face=wall,facing=east,powered=false] at [world;-365;65;486]
[09:03:15][PlayerInteractEvent]: right clicked minecraft:stone_button[face=ceiling,facing=west,powered=false] at [world;-396;69;488]
[09:06:35][PlayerInteractEvent]: right clicked minecraft:stone_button[face=wall,facing=east,powered=false] at [world;-365;65;486]
[09:15:38][PlayerInteractEvent]: right clicked minecraft:stone_button[face=wall,facing=east,powered=false] at [world;-365;65;486]
[09:18:47][PlayerInteractEvent]: right clicked minecraft:stone_button[face=wall,facing=east,powered=false] at [world;-365;65;486]
[09:22:10][PlayerInteractEvent]: right clicked minecraft:stone_button[face=wall,facing=east,powered=false] at [world;-365;65;486]
[09:23:42][PlayerInteractEvent]: right clicked minecraft:stone_button[face=wall,facing=east,powered=false] at [world;-365;65;486]
[09:24:04][PlayerInteractEvent]: right clicked minecraft:stone_button[face=wall,facing=west,powered=false] at [world;-367;65;489]
[09:25:20][PlayerInteractEvent]: right clicked minecraft:stone_button[face=wall,facing=east,powered=false] at [world;-365;65;486]
