[07:37:30][BlockBreakEvent]: breaked minecraft:spruce_log[axis=y] on [world;8;78;-24]
[07:37:34][BlockBreakEvent]: breaked minecraft:spruce_log[axis=y] on [world;8;79;-24]
[07:37:37][BlockBreakEvent]: breaked minecraft:spruce_log[axis=y] on [world;8;80;-24]
[07:37:41][BlockBreakEvent]: breaked minecraft:spruce_log[axis=y] on [world;8;81;-24]
[07:37:41][BlockBreakEvent]: breaked minecraft:spruce_leaves[distance=7,persistent=false] on [world;8;82;-24]
[07:37:50][BlockPlaceEvent]: placed minecraft:crafting_table on [world;4;77;-22]
[07:38:03][BlockBreakEvent]: breaked minecraft:grass_block[snowy=false] on [world;3;73;-24]
[07:38:04][BlockBreakEvent]: breaked minecraft:dirt on [world;3;72;-24]
[07:38:05][BlockBreakEvent]: breaked minecraft:stone on [world;3;71;-24]
[07:38:06][BlockBreakEvent]: breaked minecraft:stone on [world;3;70;-24]
[07:38:09][BlockBreakEvent]: breaked minecraft:coal_ore on [world;3;71;-23]
[07:38:11][BlockBreakEvent]: breaked minecraft:stone on [world;3;70;-23]
[07:38:12][BlockBreakEvent]: breaked minecraft:stone on [world;2;71;-23]
[07:38:14][BlockBreakEvent]: breaked minecraft:stone on [world;2;70;-23]
[07:38:16][BlockBreakEvent]: breaked minecraft:coal_ore on [world;2;71;-22]
[07:38:19][BlockBreakEvent]: breaked minecraft:coal_ore on [world;3;71;-22]
[07:38:22][BlockBreakEvent]: breaked minecraft:coal_ore on [world;4;71;-22]
[07:38:24][BlockBreakEvent]: breaked minecraft:coal_ore on [world;4;71;-23]
[07:38:26][BlockBreakEvent]: breaked minecraft:stone on [world;4;70;-23]
[07:38:29][BlockBreakEvent]: breaked minecraft:stone on [world;4;70;-22]
[07:38:30][BlockBreakEvent]: breaked minecraft:stone on [world;3;70;-22]
[07:38:32][BlockBreakEvent]: breaked minecraft:stone on [world;2;70;-22]
[07:38:34][BlockBreakEvent]: breaked minecraft:coal_ore on [world;2;71;-21]
[07:38:37][BlockBreakEvent]: breaked minecraft:coal_ore on [world;3;71;-21]
[07:38:41][BlockBreakEvent]: breaked minecraft:stone on [world;3;70;-21]
[07:38:44][BlockPlaceEvent]: placed minecraft:cobblestone on [world;3;70;-24]
[07:38:45][BlockPlaceEvent]: placed minecraft:dirt on [world;3;71;-24]
[07:38:45][BlockPlaceEvent]: placed minecraft:dirt on [world;3;72;-24]
[07:39:04][BlockBreakEvent]: breaked minecraft:crafting_table on [world;4;77;-22]
[07:39:13][BlockBreakEvent]: breaked minecraft:spruce_log[axis=y] on [world;-20;76;-25]
[07:39:15][BlockBreakEvent]: breaked minecraft:spruce_log[axis=y] on [world;-20;75;-25]
[07:39:16][BlockBreakEvent]: breaked minecraft:spruce_log[axis=y] on [world;-20;77;-25]
[07:39:17][BlockBreakEvent]: breaked minecraft:spruce_log[axis=y] on [world;-20;78;-25]
[07:39:18][BlockBreakEvent]: breaked minecraft:spruce_log[axis=y] on [world;-20;79;-25]
[07:39:19][BlockBreakEvent]: breaked minecraft:spruce_log[axis=y] on [world;-20;80;-25]
[07:39:20][BlockBreakEvent]: breaked minecraft:spruce_log[axis=y] on [world;-20;81;-25]
[07:39:23][BlockBreakEvent]: breaked minecraft:spruce_leaves[distance=1,persistent=false] on [world;-24;76;-29]
[07:39:24][BlockBreakEvent]: breaked minecraft:spruce_log[axis=y] on [world;-25;76;-29]
[07:39:25][BlockBreakEvent]: breaked minecraft:spruce_log[axis=y] on [world;-25;75;-29]
[07:39:27][BlockBreakEvent]: breaked minecraft:spruce_log[axis=y] on [world;-25;77;-29]
[07:39:28][BlockBreakEvent]: breaked minecraft:spruce_log[axis=y] on [world;-25;78;-29]
[07:39:29][BlockBreakEvent]: breaked minecraft:spruce_log[axis=y] on [world;-25;79;-29]
[07:39:29][BlockBreakEvent]: breaked minecraft:spruce_leaves[distance=7,persistent=false] on [world;-25;80;-29]
[07:42:22][BlockPlaceEvent]: placed minecraft:spruce_planks on [world;-107;72;-173]
[07:42:23][BlockPlaceEvent]: placed minecraft:spruce_planks on [world;-107;73;-173]
[07:42:24][BlockPlaceEvent]: placed minecraft:spruce_planks on [world;-107;74;-173]
[07:42:25][BlockPlaceEvent]: placed minecraft:spruce_planks on [world;-106;76;-173]
[07:42:27][BlockPlaceEvent]: placed minecraft:spruce_planks on [world;-106;77;-173]
[07:42:38][BlockBreakEvent]: breaked minecraft:grass_block[snowy=false] on [world;-104;82;-174]
[07:42:39][BlockBreakEvent]: breaked minecraft:grass_block[snowy=false] on [world;-104;83;-175]
[07:42:46][BlockBreakEvent]: breaked minecraft:sweet_berry_bush[age=3] on [world;-106;89;-183]
[07:42:56][BlockPlaceEvent]: placed minecraft:sweet_berry_bush[age=0] on [world;-108;86;-181]
[07:43:24][BlockBreakEvent]: breaked minecraft:grass_block[snowy=false] on [world;-120;91;-188]
[07:43:26][BlockPlaceEvent]: placed minecraft:dirt on [world;-120;91;-188]
[07:44:01][BlockBreakEvent]: breaked minecraft:spruce_leaves[distance=4,persistent=false] on [world;-183;91;-211]
[07:44:02][BlockBreakEvent]: breaked minecraft:spruce_leaves[distance=5,persistent=false] on [world;-183;91;-210]
[07:44:03][BlockBreakEvent]: breaked minecraft:spruce_leaves[distance=4,persistent=false] on [world;-184;91;-210]
[07:44:06][BlockBreakEvent]: breaked minecraft:sweet_berry_bush[age=1] on [world;-184;88;-215]
[07:44:07][BlockBreakEvent]: breaked minecraft:spruce_leaves[distance=2,persistent=false] on [world;-184;90;-215]
[07:44:21][BlockPlaceEvent]: placed minecraft:spruce_planks on [world;-190;87;-199]
[07:44:21][BlockPlaceEvent]: placed minecraft:spruce_planks on [world;-190;88;-199]
[07:45:05][BlockBreakEvent]: breaked minecraft:spruce_leaves[distance=3,persistent=false] on [world;-182;66;-141]
[07:45:06][BlockBreakEvent]: breaked minecraft:spruce_leaves[distance=2,persistent=false] on [world;-182;66;-142]
[07:45:06][BlockBreakEvent]: breaked minecraft:spruce_leaves[distance=1,persistent=false] on [world;-182;66;-143]
[07:45:07][BlockBreakEvent]: breaked minecraft:spruce_leaves[distance=1,persistent=false] on [world;-182;67;-143]
[07:45:08][BlockBreakEvent]: breaked minecraft:spruce_leaves[distance=2,persistent=false] on [world;-182;66;-144]
[07:45:09][BlockBreakEvent]: breaked minecraft:spruce_leaves[distance=7,persistent=false] on [world;-182;66;-145]
[07:45:25][BlockBreakEvent]: breaked minecraft:grass_block[snowy=false] on [world;-144;73;-139]
[07:45:27][BlockBreakEvent]: breaked minecraft:grass_block[snowy=false] on [world;-144;74;-140]
[07:45:29][BlockPlaceEvent]: placed minecraft:dirt on [world;-144;74;-140]
[07:46:08][BlockBreakEvent]: breaked minecraft:spruce_leaves[distance=2,persistent=false] on [world;-63;78;-77]
[07:46:09][BlockBreakEvent]: breaked minecraft:spruce_leaves[distance=3,persistent=false] on [world;-64;78;-77]
[07:49:14][BlockBreakEvent]: breaked minecraft:sweet_berry_bush[age=1] on [world;-19;66;-198]
[07:49:16][BlockBreakEvent]: breaked minecraft:sweet_berry_bush[age=1] on [world;-20;67;-199]
[07:49:18][BlockBreakEvent]: breaked minecraft:sweet_berry_bush[age=1] on [world;-18;63;-201]
[07:49:20][BlockBreakEvent]: breaked minecraft:sweet_berry_bush[age=1] on [world;-20;65;-203]
[07:50:33][BlockPlaceEvent]: placed minecraft:sweet_berry_bush[age=0] on [world;-225;68;-351]
[07:50:33][BlockPlaceEvent]: placed minecraft:sweet_berry_bush[age=0] on [world;-224;67;-351]
[07:50:40][BlockBreakEvent]: breaked minecraft:birch_log[axis=y] on [world;-235;64;-367]
[07:50:47][BlockBreakEvent]: breaked minecraft:oak_log[axis=y] on [world;-236;64;-382]
[07:51:04][BlockBreakEvent]: breaked minecraft:oak_leaves[distance=3,persistent=false] on [world;-236;75;-414]
[07:51:05][BlockBreakEvent]: breaked minecraft:oak_leaves[distance=2,persistent=false] on [world;-236;75;-415]
[07:53:25][BlockBreakEvent][Cancelled]: breaked minecraft:white_carpet on [world;12;77;-8]
[07:55:31][BlockBreakEvent]: breaked minecraft:fern on [world;-155;70;-158]
[07:55:39][BlockBreakEvent]: breaked minecraft:grass_block[snowy=false] on [world;-151;73;-193]
[07:55:40][BlockPlaceEvent]: placed minecraft:dirt on [world;-151;73;-193]
[07:57:16][BlockBreakEvent]: breaked minecraft:oak_leaves[distance=5,persistent=false] on [world;-98;71;-425]
[07:57:18][BlockBreakEvent]: breaked minecraft:oak_leaves[distance=4,persistent=false] on [world;-98;70;-425]
[07:58:59][BlockBreakEvent]: breaked minecraft:cobblestone on [world;-167;60;-486]
[07:59:05][BlockBreakEvent]: breaked minecraft:stone on [world;-172;54;-493]
[07:59:06][BlockBreakEvent]: breaked minecraft:iron_ore on [world;-172;55;-493]
[07:59:16][BlockBreakEvent]: breaked minecraft:iron_ore on [world;-172;56;-493]
[07:59:17][BlockBreakEvent]: breaked minecraft:diorite on [world;-172;52;-493]
[07:59:18][BlockBreakEvent]: breaked minecraft:diorite on [world;-172;53;-493]
[07:59:33][BlockBreakEvent]: breaked minecraft:gravel on [world;-210;51;-544]
[07:59:37][BlockPlaceEvent]: placed minecraft:dirt on [world;-214;53;-549]
[07:59:37][BlockPlaceEvent]: placed minecraft:dirt on [world;-214;54;-549]
[07:59:38][BlockPlaceEvent]: placed minecraft:dirt on [world;-214;55;-549]
[07:59:39][BlockPlaceEvent]: placed minecraft:dirt on [world;-214;56;-549]
[07:59:39][BlockPlaceEvent]: placed minecraft:dirt on [world;-214;57;-549]
[07:59:40][BlockPlaceEvent]: placed minecraft:dirt on [world;-214;58;-549]
[07:59:41][BlockPlaceEvent]: placed minecraft:dirt on [world;-214;59;-549]
[07:59:48][BlockPlaceEvent]: placed minecraft:dirt on [world;-212;60;-548]
[07:59:48][BlockPlaceEvent]: placed minecraft:dirt on [world;-212;59;-549]
[07:59:48][BlockPlaceEvent]: placed minecraft:dirt on [world;-212;60;-549]
[07:59:49][BlockPlaceEvent]: placed minecraft:dirt on [world;-213;60;-549]
[07:59:51][BlockPlaceEvent]: placed minecraft:dirt on [world;-211;60;-547]
[07:59:52][BlockPlaceEvent]: placed minecraft:dirt on [world;-211;61;-547]
[07:59:53][BlockPlaceEvent]: placed minecraft:dirt on [world;-212;60;-547]
[07:59:54][BlockBreakEvent]: breaked minecraft:dirt on [world;-211;61;-547]
[07:59:55][BlockBreakEvent]: breaked minecraft:iron_ore on [world;-211;61;-548]
[07:59:59][BlockBreakEvent]: breaked minecraft:grass_block[snowy=false] on [world;-210;63;-548]
[08:01:07][BlockBreakEvent]: breaked minecraft:grass_block[snowy=false] on [world;-299;73;-644]
[08:01:08][BlockBreakEvent]: breaked minecraft:grass_block[snowy=false] on [world;-299;74;-643]
[08:01:30][BlockBreakEvent]: breaked minecraft:oak_leaves[distance=2,persistent=false] on [world;-310;72;-589]
[08:01:30][BlockBreakEvent]: breaked minecraft:oak_leaves[distance=1,persistent=false] on [world;-310;72;-588]
[08:01:57][BlockPlaceEvent]: placed minecraft:spruce_sapling[stage=0] on [world;-299;67;-547]
[08:02:01][BlockPlaceEvent]: placed minecraft:spruce_sapling[stage=0] on [world;-312;64;-540]
[08:02:02][BlockPlaceEvent]: placed minecraft:spruce_sapling[stage=0] on [world;-314;65;-538]
[08:02:03][BlockPlaceEvent]: placed minecraft:spruce_sapling[stage=0] on [world;-315;67;-536]
[08:02:04][BlockPlaceEvent]: placed minecraft:spruce_sapling[stage=0] on [world;-318;70;-531]
[08:02:17][BlockBreakEvent]: breaked minecraft:oak_leaves[distance=2,persistent=false] on [world;-324;79;-506]
[08:02:18][BlockBreakEvent]: breaked minecraft:oak_leaves[distance=1,persistent=false] on [world;-323;78;-506]
[08:02:29][BlockBreakEvent]: breaked minecraft:oak_leaves[distance=6,persistent=false] on [world;-300;72;-491]
[08:02:41][BlockBreakEvent]: breaked minecraft:birch_leaves[distance=3,persistent=false] on [world;-289;74;-469]
[08:04:01][BlockPlaceEvent]: placed minecraft:crafting_table on [world;-386;65;-371]
[08:04:13][BlockBreakEvent]: breaked minecraft:dirt on [world;-383;65;-371]
[08:04:14][BlockBreakEvent]: breaked minecraft:dirt on [world;-383;64;-371]
[08:04:16][BlockBreakEvent]: breaked minecraft:stone on [world;-382;64;-370]
[08:04:17][BlockBreakEvent]: breaked minecraft:stone on [world;-381;65;-370]
[08:04:19][BlockBreakEvent]: breaked minecraft:stone on [world;-383;63;-363]
[08:04:20][BlockBreakEvent]: breaked minecraft:stone on [world;-384;64;-363]
[08:04:21][BlockBreakEvent]: breaked minecraft:stone on [world;-384;63;-363]
[08:04:33][BlockPlaceEvent]: placed minecraft:furnace[facing=north,lit=false] on [world;-387;65;-371]
[08:04:48][BlockBreakEvent]: breaked minecraft:large_fern[half=upper] on [world;-387;66;-373]
[08:05:04][BlockBreakEvent]: breaked minecraft:grass_block[snowy=false] on [world;-390;63;-369]
[08:05:06][BlockBreakEvent]: breaked minecraft:grass_block[snowy=false] on [world;-391;63;-369]
[08:05:07][BlockBreakEvent]: breaked minecraft:dirt on [world;-391;62;-369]
[08:05:08][BlockBreakEvent]: breaked minecraft:dirt on [world;-391;61;-369]
[08:05:10][BlockBreakEvent]: breaked minecraft:iron_ore on [world;-391;60;-369]
[08:05:12][BlockBreakEvent]: breaked minecraft:iron_ore on [world;-391;59;-369]
[08:05:13][BlockBreakEvent]: breaked minecraft:iron_ore on [world;-391;59;-368]
[08:05:17][BlockPlaceEvent]: placed minecraft:dirt on [world;-391;59;-369]
[08:05:17][BlockPlaceEvent]: placed minecraft:dirt on [world;-391;60;-369]
[08:05:18][BlockPlaceEvent]: placed minecraft:dirt on [world;-391;61;-369]
[08:05:18][BlockPlaceEvent]: placed minecraft:dirt on [world;-391;62;-369]
[08:05:19][BlockPlaceEvent]: placed minecraft:dirt on [world;-391;63;-369]
[08:05:21][FurnaceExtractEvent]: breaked minecraft:furnace[facing=north,lit=true] on [world;-387;65;-371]
[08:05:37][FurnaceExtractEvent]: breaked minecraft:furnace[facing=north,lit=true] on [world;-387;65;-371]
[08:05:57][BlockBreakEvent]: breaked minecraft:coal_ore on [world;-400;66;-350]
[08:05:58][BlockBreakEvent]: breaked minecraft:dirt on [world;-400;67;-350]
[08:06:00][BlockBreakEvent]: breaked minecraft:coal_ore on [world;-400;65;-350]
[08:06:02][BlockBreakEvent]: breaked minecraft:coal_ore on [world;-399;66;-350]
[08:06:03][BlockBreakEvent]: breaked minecraft:coal_ore on [world;-400;66;-349]
[08:06:05][BlockBreakEvent]: breaked minecraft:coal_ore on [world;-400;67;-349]
[08:06:07][BlockBreakEvent]: breaked minecraft:dirt on [world;-399;67;-350]
[08:06:07][BlockBreakEvent]: breaked minecraft:stone on [world;-399;67;-349]
[08:06:09][BlockBreakEvent]: breaked minecraft:coal_ore on [world;-399;66;-349]
[08:06:10][BlockBreakEvent]: breaked minecraft:coal_ore on [world;-399;65;-350]
[08:06:12][BlockBreakEvent]: breaked minecraft:coal_ore on [world;-399;65;-349]
[08:06:37][BlockBreakEvent]: breaked minecraft:spruce_log[axis=y] on [world;-392;67;-379]
[08:06:38][BlockBreakEvent]: breaked minecraft:spruce_leaves[distance=1,persistent=false] on [world;-392;68;-378]
[08:06:39][BlockBreakEvent]: breaked minecraft:spruce_log[axis=y] on [world;-392;68;-379]
[08:06:40][BlockBreakEvent]: breaked minecraft:spruce_log[axis=y] on [world;-392;69;-379]
[08:06:41][BlockBreakEvent]: breaked minecraft:spruce_log[axis=y] on [world;-392;70;-379]
[08:06:42][BlockBreakEvent]: breaked minecraft:spruce_log[axis=y] on [world;-392;71;-379]
[08:06:43][BlockBreakEvent]: breaked minecraft:spruce_leaves[distance=4,persistent=false] on [world;-392;72;-379]
[08:06:46][BlockBreakEvent]: breaked minecraft:spruce_log[axis=y] on [world;-393;66;-372]
[08:06:47][BlockBreakEvent]: breaked minecraft:spruce_log[axis=y] on [world;-393;65;-372]
[08:06:49][BlockBreakEvent]: breaked minecraft:spruce_log[axis=y] on [world;-393;67;-372]
[08:06:50][BlockBreakEvent]: breaked minecraft:spruce_log[axis=y] on [world;-393;68;-372]
[08:06:51][BlockBreakEvent]: breaked minecraft:spruce_log[axis=y] on [world;-393;69;-372]
[08:06:52][BlockBreakEvent]: breaked minecraft:spruce_log[axis=y] on [world;-393;70;-372]
[08:06:53][BlockBreakEvent]: breaked minecraft:spruce_leaves[distance=7,persistent=false] on [world;-393;71;-372]
[08:06:56][BlockBreakEvent]: breaked minecraft:spruce_log[axis=y] on [world;-400;67;-376]
[08:06:57][BlockBreakEvent]: breaked minecraft:spruce_log[axis=y] on [world;-400;66;-376]
[08:06:58][BlockBreakEvent]: breaked minecraft:spruce_log[axis=y] on [world;-400;68;-376]
[08:07:00][BlockBreakEvent]: breaked minecraft:spruce_log[axis=y] on [world;-400;69;-376]
[08:07:01][BlockBreakEvent]: breaked minecraft:spruce_log[axis=y] on [world;-400;70;-376]
[08:07:02][BlockBreakEvent]: breaked minecraft:spruce_log[axis=y] on [world;-400;71;-376]
[08:07:02][BlockBreakEvent]: breaked minecraft:spruce_leaves[distance=7,persistent=false] on [world;-400;72;-376]
[08:07:19][FurnaceExtractEvent]: breaked minecraft:furnace[facing=north,lit=false] on [world;-387;65;-371]
[08:07:30][BlockBreakEvent]: breaked minecraft:spruce_log[axis=y] on [world;-405;69;-378]
[08:07:31][BlockBreakEvent]: breaked minecraft:spruce_log[axis=y] on [world;-405;68;-378]
[08:07:31][BlockBreakEvent]: breaked minecraft:large_fern[half=lower] on [world;-406;68;-378]
[08:07:33][BlockBreakEvent]: breaked minecraft:spruce_log[axis=y] on [world;-405;70;-378]
[08:07:34][BlockBreakEvent]: breaked minecraft:spruce_log[axis=y] on [world;-405;71;-378]
[08:07:36][BlockBreakEvent]: breaked minecraft:spruce_log[axis=y] on [world;-405;72;-378]
[08:07:37][BlockBreakEvent]: breaked minecraft:spruce_log[axis=y] on [world;-405;73;-378]
[08:07:38][BlockBreakEvent]: breaked minecraft:spruce_log[axis=y] on [world;-405;74;-378]
[08:07:45][FurnaceExtractEvent]: breaked minecraft:furnace[facing=north,lit=true] on [world;-387;65;-371]
[08:07:57][BlockBreakEvent]: breaked minecraft:spruce_leaves[distance=1,persistent=false] on [world;-395;68;-378]
[08:07:59][BlockBreakEvent]: breaked minecraft:spruce_log[axis=y] on [world;-395;68;-379]
[08:08:01][BlockBreakEvent]: breaked minecraft:spruce_log[axis=y] on [world;-395;67;-379]
[08:08:03][BlockBreakEvent]: breaked minecraft:spruce_log[axis=y] on [world;-395;69;-379]
[08:08:04][BlockBreakEvent]: breaked minecraft:spruce_log[axis=y] on [world;-395;70;-379]
[08:08:05][BlockBreakEvent]: breaked minecraft:spruce_log[axis=y] on [world;-395;71;-379]
[08:08:10][BlockBreakEvent]: breaked minecraft:spruce_log[axis=y] on [world;-406;65;-366]
[08:08:11][BlockBreakEvent]: breaked minecraft:spruce_log[axis=y] on [world;-406;64;-366]
[08:08:14][BlockBreakEvent]: breaked minecraft:spruce_log[axis=y] on [world;-406;67;-366]
[08:08:15][BlockBreakEvent]: breaked minecraft:spruce_log[axis=y] on [world;-406;66;-366]
[08:08:16][BlockBreakEvent]: breaked minecraft:spruce_log[axis=y] on [world;-406;68;-366]
[08:08:17][BlockBreakEvent]: breaked minecraft:spruce_log[axis=y] on [world;-406;69;-366]
[08:08:18][BlockBreakEvent]: breaked minecraft:spruce_log[axis=y] on [world;-406;70;-366]
[08:08:24][FurnaceExtractEvent]: breaked minecraft:furnace[facing=north,lit=true] on [world;-387;65;-371]
[08:08:42][BlockBreakEvent]: breaked minecraft:spruce_leaves[distance=3,persistent=false] on [world;-387;71;-386]
[08:08:43][BlockBreakEvent]: breaked minecraft:spruce_leaves[distance=2,persistent=false] on [world;-387;71;-387]
[08:08:44][BlockBreakEvent]: breaked minecraft:spruce_leaves[distance=1,persistent=false] on [world;-388;71;-387]
[08:08:45][BlockBreakEvent]: breaked minecraft:spruce_log[axis=y] on [world;-388;71;-388]
[08:08:46][BlockBreakEvent]: breaked minecraft:spruce_leaves[distance=1,persistent=false] on [world;-388;70;-387]
[08:08:49][BlockBreakEvent]: breaked minecraft:spruce_log[axis=y] on [world;-388;70;-388]
[08:08:50][BlockBreakEvent]: breaked minecraft:spruce_log[axis=y] on [world;-388;69;-388]
[08:08:51][BlockBreakEvent]: breaked minecraft:spruce_log[axis=y] on [world;-388;68;-388]
[08:08:53][BlockBreakEvent]: breaked minecraft:spruce_log[axis=y] on [world;-388;72;-388]
[08:08:54][BlockBreakEvent]: breaked minecraft:spruce_log[axis=y] on [world;-388;73;-388]
[08:08:55][BlockBreakEvent]: breaked minecraft:spruce_log[axis=y] on [world;-388;74;-388]
[08:09:04][FurnaceExtractEvent]: breaked minecraft:furnace[facing=north,lit=true] on [world;-387;65;-371]
[08:09:08][FurnaceExtractEvent]: breaked minecraft:furnace[facing=north,lit=true] on [world;-387;65;-371]
[08:09:26][FurnaceExtractEvent]: breaked minecraft:furnace[facing=north,lit=true] on [world;-387;65;-371]
[08:09:28][FurnaceExtractEvent]: breaked minecraft:furnace[facing=north,lit=true] on [world;-387;65;-371]
[08:09:33][BlockBreakEvent]: breaked minecraft:grass_block[snowy=false] on [world;-391;63;-369]
[08:09:34][BlockBreakEvent]: breaked minecraft:dirt on [world;-391;62;-369]
[08:09:35][BlockBreakEvent]: breaked minecraft:dirt on [world;-391;61;-369]
[08:09:36][BlockBreakEvent]: breaked minecraft:dirt on [world;-391;60;-369]
[08:09:37][BlockBreakEvent]: breaked minecraft:dirt on [world;-391;59;-369]
[08:09:39][BlockBreakEvent]: breaked minecraft:stone on [world;-391;58;-369]
[08:09:40][BlockBreakEvent]: breaked minecraft:stone on [world;-391;57;-369]
[08:09:40][BlockBreakEvent]: breaked minecraft:stone on [world;-391;56;-369]
[08:09:49][BlockBreakEvent]: breaked minecraft:stone on [world;-393;39;-353]
[08:09:49][BlockBreakEvent]: breaked minecraft:stone on [world;-393;39;-352]
[08:09:51][BlockBreakEvent]: breaked minecraft:stone on [world;-392;41;-351]
[08:09:52][BlockBreakEvent]: breaked minecraft:stone on [world;-392;40;-351]
[08:09:54][BlockBreakEvent]: breaked minecraft:stone on [world;-392;42;-351]
[08:09:59][BlockBreakEvent]: breaked minecraft:stone on [world;-393;38;-352]
[08:10:01][BlockBreakEvent]: breaked minecraft:stone on [world;-393;39;-351]
[08:10:01][BlockBreakEvent]: breaked minecraft:stone on [world;-393;38;-351]
[08:10:02][BlockBreakEvent]: breaked minecraft:stone on [world;-393;37;-351]
[08:10:03][BlockBreakEvent]: breaked minecraft:stone on [world;-393;36;-351]
[08:10:04][BlockBreakEvent]: breaked minecraft:stone on [world;-392;38;-351]
[08:10:06][BlockBreakEvent]: breaked minecraft:stone on [world;-392;37;-351]
[08:10:07][BlockBreakEvent]: breaked minecraft:stone on [world;-392;36;-351]
[08:10:08][BlockBreakEvent]: breaked minecraft:stone on [world;-392;35;-351]
[08:10:09][BlockBreakEvent]: breaked minecraft:stone on [world;-392;34;-351]
[08:10:10][BlockBreakEvent]: breaked minecraft:stone on [world;-392;33;-351]
[08:10:11][BlockBreakEvent]: breaked minecraft:stone on [world;-391;35;-351]
[08:10:12][BlockBreakEvent]: breaked minecraft:stone on [world;-391;34;-351]
[08:10:13][BlockBreakEvent]: breaked minecraft:stone on [world;-391;33;-351]
[08:10:14][BlockBreakEvent]: breaked minecraft:stone on [world;-391;32;-351]
[08:10:15][BlockBreakEvent]: breaked minecraft:stone on [world;-391;31;-351]
[08:10:16][BlockBreakEvent]: breaked minecraft:stone on [world;-392;32;-351]
[08:10:17][BlockBreakEvent]: breaked minecraft:stone on [world;-392;31;-351]
[08:10:18][BlockBreakEvent]: breaked minecraft:stone on [world;-392;30;-351]
[08:10:19][BlockBreakEvent]: breaked minecraft:stone on [world;-392;29;-351]
[08:10:20][BlockBreakEvent]: breaked minecraft:stone on [world;-392;28;-351]
[08:10:21][BlockBreakEvent]: breaked minecraft:stone on [world;-392;27;-351]
[08:10:22][BlockBreakEvent]: breaked minecraft:stone on [world;-391;30;-351]
[08:10:23][BlockBreakEvent]: breaked minecraft:stone on [world;-391;29;-351]
[08:10:24][BlockBreakEvent]: breaked minecraft:stone on [world;-391;28;-351]
[08:10:24][BlockBreakEvent]: breaked minecraft:stone on [world;-391;27;-351]
[08:10:25][BlockBreakEvent]: breaked minecraft:stone on [world;-391;26;-351]
[08:10:26][BlockBreakEvent]: breaked minecraft:stone on [world;-391;25;-351]
[08:10:27][BlockBreakEvent]: breaked minecraft:stone on [world;-391;24;-351]
[08:10:28][BlockBreakEvent]: breaked minecraft:stone on [world;-391;23;-351]
[08:10:29][BlockBreakEvent]: breaked minecraft:stone on [world;-392;26;-351]
[08:10:30][BlockBreakEvent]: breaked minecraft:stone on [world;-392;25;-351]
[08:10:31][BlockBreakEvent]: breaked minecraft:stone on [world;-392;24;-351]
[08:10:32][BlockBreakEvent]: breaked minecraft:stone on [world;-392;23;-351]
[08:10:33][BlockBreakEvent]: breaked minecraft:stone on [world;-392;22;-351]
[08:10:34][BlockBreakEvent]: breaked minecraft:stone on [world;-392;21;-351]
[08:10:35][BlockBreakEvent]: breaked minecraft:stone on [world;-392;20;-351]
[08:10:36][BlockBreakEvent]: breaked minecraft:stone on [world;-392;19;-351]
[08:10:38][BlockBreakEvent]: breaked minecraft:stone on [world;-391;22;-351]
[08:10:38][BlockBreakEvent]: breaked minecraft:stone on [world;-391;21;-351]
[08:10:39][BlockBreakEvent]: breaked minecraft:stone on [world;-391;20;-351]
[08:10:40][BlockBreakEvent]: breaked minecraft:stone on [world;-391;19;-351]
[08:10:41][BlockBreakEvent]: breaked minecraft:stone on [world;-391;18;-351]
[08:10:42][BlockBreakEvent]: breaked minecraft:stone on [world;-391;17;-351]
[08:10:43][BlockBreakEvent]: breaked minecraft:stone on [world;-391;16;-351]
[08:10:44][BlockBreakEvent]: breaked minecraft:stone on [world;-391;15;-351]
[08:10:45][BlockBreakEvent]: breaked minecraft:stone on [world;-392;18;-351]
[08:10:46][BlockBreakEvent]: breaked minecraft:stone on [world;-392;17;-351]
[08:10:47][BlockBreakEvent]: breaked minecraft:stone on [world;-392;16;-351]
[08:10:48][BlockBreakEvent]: breaked minecraft:stone on [world;-392;15;-351]
[08:10:49][BlockBreakEvent]: breaked minecraft:stone on [world;-392;14;-351]
[08:10:54][BlockBreakEvent]: breaked minecraft:stone on [world;-393;13;-351]
[08:10:55][BlockBreakEvent]: breaked minecraft:stone on [world;-393;14;-351]
[08:10:56][BlockBreakEvent]: breaked minecraft:stone on [world;-393;15;-351]
[08:10:57][BlockBreakEvent]: breaked minecraft:stone on [world;-391;15;-350]
[08:10:59][BlockBreakEvent]: breaked minecraft:stone on [world;-391;16;-350]
[08:11:00][BlockBreakEvent]: breaked minecraft:stone on [world;-391;15;-349]
[08:11:01][BlockBreakEvent]: breaked minecraft:stone on [world;-391;14;-349]
[08:11:03][BlockBreakEvent]: breaked minecraft:stone on [world;-391;16;-349]
[08:11:04][BlockBreakEvent]: breaked minecraft:andesite on [world;-391;14;-348]
[08:11:13][BlockPlaceEvent]: placed minecraft:dirt on [world;-392;10;-354]
[08:11:14][BlockPlaceEvent]: placed minecraft:dirt on [world;-392;10;-353]
[08:11:14][BlockPlaceEvent]: placed minecraft:dirt on [world;-391;10;-353]
[08:11:18][BlockBreakEvent]: breaked minecraft:iron_ore on [world;-391;10;-358]
[08:11:22][BlockPlaceEvent]: placed minecraft:dirt on [world;-391;10;-358]
[08:11:24][BlockBreakEvent]: breaked minecraft:stone on [world;-390;11;-358]
[08:11:26][BlockPlaceEvent]: placed minecraft:dirt on [world;-390;10;-358]
[08:11:28][BlockBreakEvent]: breaked minecraft:stone on [world;-390;11;-359]
[08:11:30][BlockBreakEvent]: breaked minecraft:iron_ore on [world;-391;10;-359]
[08:11:31][BlockBreakEvent]: breaked minecraft:iron_ore on [world;-392;10;-359]
[08:11:50][BlockPlaceEvent]: placed minecraft:crafting_table on [world;-389;12;-349]
[08:12:00][BlockPlaceEvent]: placed minecraft:dirt on [world;-392;9;-350]
[08:12:00][BlockPlaceEvent]: placed minecraft:dirt on [world;-392;10;-350]
[08:12:02][BlockPlaceEvent]: placed minecraft:dirt on [world;-393;10;-350]
[08:12:03][BlockPlaceEvent]: placed minecraft:dirt on [world;-397;10;-351]
[08:12:04][BlockPlaceEvent]: placed minecraft:dirt on [world;-396;10;-351]
[08:12:04][BlockPlaceEvent]: placed minecraft:dirt on [world;-395;10;-351]
[08:12:05][BlockPlaceEvent]: placed minecraft:dirt on [world;-394;10;-351]
[08:12:05][BlockPlaceEvent]: placed minecraft:dirt on [world;-393;10;-351]
[08:12:06][BlockPlaceEvent]: placed minecraft:dirt on [world;-391;10;-351]
[08:12:06][BlockPlaceEvent]: placed minecraft:dirt on [world;-392;9;-352]
[08:12:07][BlockPlaceEvent]: placed minecraft:dirt on [world;-392;10;-352]
[08:12:08][BlockPlaceEvent]: placed minecraft:dirt on [world;-392;10;-351]
[08:12:10][BlockPlaceEvent]: placed minecraft:dirt on [world;-398;10;-350]
[08:12:10][BlockPlaceEvent]: placed minecraft:dirt on [world;-397;10;-350]
[08:12:11][BlockPlaceEvent]: placed minecraft:dirt on [world;-396;10;-350]
[08:12:12][BlockPlaceEvent]: placed minecraft:dirt on [world;-395;10;-350]
[08:12:17][BlockBreakEvent]: breaked minecraft:diamond_ore on [world;-401;13;-351]
[08:12:19][BlockBreakEvent]: breaked minecraft:diamond_ore on [world;-402;13;-351]
[08:12:20][BlockBreakEvent]: breaked minecraft:diamond_ore on [world;-402;13;-352]
[08:12:21][BlockBreakEvent]: breaked minecraft:diamond_ore on [world;-401;13;-352]
[08:12:26][BlockBreakEvent]: breaked minecraft:redstone_ore[lit=true] on [world;-402;11;-344]
[08:12:31][BlockBreakEvent]: breaked minecraft:diamond_ore on [world;-404;13;-337]
[08:12:33][BlockBreakEvent]: breaked minecraft:stone on [world;-403;13;-337]
[08:12:34][BlockBreakEvent]: breaked minecraft:diamond_ore on [world;-403;13;-336]
[08:12:35][BlockBreakEvent]: breaked minecraft:diamond_ore on [world;-403;12;-336]
[08:12:38][BlockBreakEvent]: breaked minecraft:diamond_ore on [world;-404;12;-337]
[08:12:44][BlockBreakEvent]: breaked minecraft:iron_ore on [world;-404;17;-333]
[08:12:44][BlockBreakEvent]: breaked minecraft:stone on [world;-404;17;-332]
[08:12:47][BlockBreakEvent]: breaked minecraft:iron_ore on [world;-405;17;-334]
[08:12:48][BlockBreakEvent]: breaked minecraft:iron_ore on [world;-405;17;-333]
[08:13:00][BlockPlaceEvent]: placed minecraft:cobblestone on [world;-397;15;-332]
[08:13:01][BlockPlaceEvent]: placed minecraft:cobblestone on [world;-398;15;-331]
[08:13:01][BlockPlaceEvent]: placed minecraft:cobblestone on [world;-399;15;-330]
[08:13:03][BlockBreakEvent]: breaked minecraft:iron_ore on [world;-399;17;-332]
[08:13:04][BlockBreakEvent]: breaked minecraft:iron_ore on [world;-398;17;-332]
[08:13:05][BlockBreakEvent]: breaked minecraft:iron_ore on [world;-399;18;-332]
[08:13:06][BlockBreakEvent]: breaked minecraft:iron_ore on [world;-399;17;-331]
[08:13:07][BlockBreakEvent]: breaked minecraft:iron_ore on [world;-399;18;-331]
[08:13:09][BlockBreakEvent]: breaked minecraft:iron_ore on [world;-398;17;-331]
[08:13:10][BlockBreakEvent]: breaked minecraft:iron_ore on [world;-398;18;-331]
[08:13:11][BlockBreakEvent]: breaked minecraft:iron_ore on [world;-398;18;-332]
[08:13:15][BlockBreakEvent]: breaked minecraft:iron_ore on [world;-397;18;-331]
[08:13:17][BlockBreakEvent]: breaked minecraft:iron_ore on [world;-397;19;-331]
[08:13:29][BlockPlaceEvent]: placed minecraft:cobblestone on [world;-396;15;-331]
[08:13:30][BlockPlaceEvent]: placed minecraft:cobblestone on [world;-397;15;-330]
[08:13:30][BlockPlaceEvent]: placed minecraft:cobblestone on [world;-397;15;-331]
[08:13:32][BlockPlaceEvent]: placed minecraft:cobblestone on [world;-395;15;-332]
[08:13:32][BlockPlaceEvent]: placed minecraft:cobblestone on [world;-396;15;-332]
[08:13:34][BlockBreakEvent]: breaked minecraft:stone on [world;-398;17;-330]
[08:13:36][BlockBreakEvent]: breaked minecraft:iron_ore on [world;-398;16;-329]
[08:13:37][BlockBreakEvent]: breaked minecraft:iron_ore on [world;-398;15;-329]
[08:13:38][BlockBreakEvent]: breaked minecraft:iron_ore on [world;-399;16;-329]
[08:13:40][BlockBreakEvent]: breaked minecraft:iron_ore on [world;-399;15;-329]
[08:13:42][BlockBreakEvent]: breaked minecraft:cobblestone on [world;-399;15;-330]
[08:13:48][BlockBreakEvent]: breaked minecraft:lapis_ore on [world;-401;14;-346]
[08:14:01][BlockPlaceEvent]: placed minecraft:cobblestone on [world;-387;10;-343]
[08:14:02][BlockPlaceEvent]: placed minecraft:cobblestone on [world;-387;10;-344]
[08:14:02][BlockPlaceEvent]: placed minecraft:cobblestone on [world;-388;10;-344]
[08:14:03][BlockPlaceEvent]: placed minecraft:cobblestone on [world;-389;10;-344]
[08:14:03][BlockPlaceEvent]: placed minecraft:cobblestone on [world;-389;10;-345]
[08:14:04][BlockPlaceEvent]: placed minecraft:cobblestone on [world;-390;10;-345]
[08:14:05][BlockPlaceEvent]: placed minecraft:cobblestone on [world;-390;10;-344]
[08:14:06][BlockPlaceEvent]: placed minecraft:cobblestone on [world;-388;10;-343]
[08:14:06][BlockPlaceEvent]: placed minecraft:cobblestone on [world;-389;10;-343]
[08:14:07][BlockPlaceEvent]: placed minecraft:cobblestone on [world;-387;10;-341]
[08:14:07][BlockPlaceEvent]: placed minecraft:cobblestone on [world;-387;10;-342]
[08:14:09][BlockBreakEvent]: breaked minecraft:stone on [world;-386;10;-342]
[08:14:10][BlockBreakEvent]: breaked minecraft:stone on [world;-386;9;-342]
[08:14:12][BlockBreakEvent]: breaked minecraft:diamond_ore on [world;-386;10;-341]
[08:14:15][BlockBreakEvent]: breaked minecraft:stone on [world;-387;9;-342]
[08:14:18][BlockPlaceEvent]: placed minecraft:cobblestone on [world;-387;9;-343]
[08:14:27][BlockPlaceEvent]: placed minecraft:cobblestone on [world;-388;9;-342]
[08:14:28][BlockPlaceEvent]: placed minecraft:cobblestone on [world;-388;10;-342]
[08:14:28][BlockPlaceEvent]: placed minecraft:cobblestone on [world;-388;10;-341]
[08:14:32][BlockPlaceEvent]: placed minecraft:cobblestone on [world;-389;10;-341]
[08:14:33][BlockBreakEvent]: breaked minecraft:cobblestone on [world;-388;10;-341]
[08:14:34][BlockBreakEvent]: breaked minecraft:andesite on [world;-388;9;-341]
[08:14:36][BlockBreakEvent]: breaked minecraft:cobblestone on [world;-387;10;-341]
[08:14:38][BlockBreakEvent]: breaked minecraft:diamond_ore on [world;-387;9;-341]
[08:14:40][BlockBreakEvent]: breaked minecraft:diamond_ore on [world;-386;9;-341]
[08:14:41][BlockBreakEvent]: breaked minecraft:diamond_ore on [world;-386;10;-340]
[08:14:42][BlockBreakEvent]: breaked minecraft:diamond_ore on [world;-386;9;-340]
[08:14:48][BlockPlaceEvent]: placed minecraft:cobblestone on [world;-386;9;-342]
[08:14:52][BlockBreakEvent]: breaked minecraft:diorite on [world;-382;15;-341]
[08:15:06][BlockBreakEvent]: breaked minecraft:iron_ore on [world;-382;18;-317]
[08:15:07][BlockBreakEvent]: breaked minecraft:iron_ore on [world;-382;17;-317]
[08:15:08][BlockBreakEvent]: breaked minecraft:iron_ore on [world;-383;18;-317]
[08:15:15][BlockBreakEvent]: breaked minecraft:iron_ore on [world;-383;17;-317]
[08:15:17][BlockBreakEvent]: breaked minecraft:stone on [world;-384;18;-317]
[08:15:18][BlockBreakEvent]: breaked minecraft:stone on [world;-385;18;-317]
[08:15:19][BlockBreakEvent]: breaked minecraft:iron_ore on [world;-383;17;-316]
[08:15:21][BlockBreakEvent]: breaked minecraft:iron_ore on [world;-382;18;-316]
[08:15:22][BlockBreakEvent]: breaked minecraft:iron_ore on [world;-382;17;-316]
[08:15:23][BlockBreakEvent]: breaked minecraft:iron_ore on [world;-383;18;-316]
[08:15:30][BlockBreakEvent]: breaked minecraft:iron_ore on [world;-386;19;-324]
[08:15:31][BlockBreakEvent]: breaked minecraft:iron_ore on [world;-386;18;-324]
[08:15:32][BlockBreakEvent]: breaked minecraft:stone on [world;-387;18;-324]
[08:15:34][BlockBreakEvent]: breaked minecraft:iron_ore on [world;-387;19;-324]
[08:15:35][BlockBreakEvent]: breaked minecraft:stone on [world;-385;18;-324]
[08:15:36][BlockBreakEvent]: breaked minecraft:iron_ore on [world;-387;19;-325]
[08:15:37][BlockBreakEvent]: breaked minecraft:iron_ore on [world;-386;19;-325]
[08:15:38][BlockBreakEvent]: breaked minecraft:iron_ore on [world;-387;20;-325]
[08:15:43][BlockBreakEvent]: breaked minecraft:stone on [world;-385;21;-324]
[08:15:59][BlockBreakEvent]: breaked minecraft:redstone_ore[lit=false] on [world;-402;11;-343]
[08:16:01][BlockBreakEvent]: breaked minecraft:redstone_ore[lit=true] on [world;-401;11;-344]
[08:16:03][BlockBreakEvent]: breaked minecraft:redstone_ore[lit=true] on [world;-401;11;-343]
[08:16:04][BlockBreakEvent]: breaked minecraft:gravel on [world;-401;10;-343]
[08:16:05][BlockBreakEvent]: breaked minecraft:gravel on [world;-401;9;-343]
[08:16:22][BlockBreakEvent]: breaked minecraft:grass_block[snowy=false] on [world;-392;63;-369]
[08:16:23][BlockBreakEvent]: breaked minecraft:dirt on [world;-392;62;-369]
[08:16:24][BlockBreakEvent]: breaked minecraft:dirt on [world;-392;61;-369]
[08:19:52][BlockPlaceEvent]: placed minecraft:dirt on [world;-392;33;-351]
[08:19:57][BlockPlaceEvent]: placed minecraft:dirt on [world;-391;31;-351]
[08:19:59][BlockBreakEvent]: breaked minecraft:dirt on [world;-392;33;-351]
[08:20:02][BlockPlaceEvent]: placed minecraft:dirt on [world;-392;29;-351]
[08:20:03][BlockBreakEvent]: breaked minecraft:dirt on [world;-391;31;-351]
[08:20:07][BlockPlaceEvent]: placed minecraft:dirt on [world;-391;27;-351]
[08:20:09][BlockBreakEvent]: breaked minecraft:dirt on [world;-392;29;-351]
[08:20:11][BlockPlaceEvent]: placed minecraft:dirt on [world;-392;26;-351]
[08:20:12][BlockBreakEvent]: breaked minecraft:dirt on [world;-391;27;-351]
[08:20:14][BlockPlaceEvent]: placed minecraft:dirt on [world;-391;24;-351]
[08:20:16][BlockBreakEvent]: breaked minecraft:dirt on [world;-392;26;-351]
[08:20:17][BlockPlaceEvent]: placed minecraft:dirt on [world;-392;22;-351]
[08:20:19][BlockBreakEvent]: breaked minecraft:dirt on [world;-391;24;-351]
[08:20:20][BlockPlaceEvent]: placed minecraft:dirt on [world;-391;21;-351]
[08:20:22][BlockBreakEvent]: breaked minecraft:dirt on [world;-392;22;-351]
[08:20:24][BlockPlaceEvent]: placed minecraft:dirt on [world;-392;19;-351]
[08:20:26][BlockBreakEvent]: breaked minecraft:dirt on [world;-391;21;-351]
[08:20:27][BlockPlaceEvent]: placed minecraft:dirt on [world;-391;17;-351]
[08:20:29][BlockBreakEvent]: breaked minecraft:dirt on [world;-392;19;-351]
[08:20:31][BlockBreakEvent]: breaked minecraft:dirt on [world;-391;17;-351]
[08:20:31][BlockPlaceEvent]: placed minecraft:dirt on [world;-391;15;-351]
[08:20:32][BlockBreakEvent]: breaked minecraft:dirt on [world;-391;15;-351]
[08:21:00][BlockBreakEvent]: breaked minecraft:large_fern[half=upper] on [world;-393;65;-366]
[08:21:00][BlockBreakEvent]: breaked minecraft:large_fern[half=lower] on [world;-394;64;-366]
[08:21:00][BlockBreakEvent]: breaked minecraft:large_fern[half=lower] on [world;-394;64;-364]
[08:21:12][BlockBreakEvent]: breaked minecraft:white_bed[facing=east,occupied=false,part=head] on [world;-385;64;-372]
[08:21:15][BlockBreakEvent]: breaked minecraft:grass_block[snowy=false] on [world;-385;63;-372]
[08:21:25][BlockBreakEvent]: breaked minecraft:grass_block[snowy=false] on [world;-381;63;-369]
[08:23:00][BlockBreakEvent]: breaked minecraft:spruce_log[axis=y] on [world;-395;65;-364]
[08:23:07][BlockBreakEvent]: breaked minecraft:spruce_log[axis=y] on [world;-395;66;-364]
[08:23:11][BlockBreakEvent]: breaked minecraft:spruce_log[axis=y] on [world;-395;67;-364]
[08:23:14][BlockBreakEvent]: breaked minecraft:spruce_log[axis=y] on [world;-395;68;-364]
[08:23:17][BlockBreakEvent]: breaked minecraft:spruce_log[axis=y] on [world;-395;69;-364]
[08:23:21][BlockBreakEvent]: breaked minecraft:spruce_log[axis=y] on [world;-395;70;-364]
[08:23:21][BlockBreakEvent]: breaked minecraft:spruce_leaves[distance=7,persistent=false] on [world;-395;71;-364]
[08:24:06][BlockBreakEvent]: breaked minecraft:stone on [world;-377;61;-358]
[08:24:08][BlockBreakEvent]: breaked minecraft:stone on [world;-377;62;-357]
[08:24:09][BlockBreakEvent]: breaked minecraft:stone on [world;-377;61;-357]
[08:24:11][BlockBreakEvent]: breaked minecraft:stone on [world;-376;61;-357]
[08:24:12][BlockBreakEvent]: breaked minecraft:stone on [world;-376;61;-356]
[08:24:15][BlockBreakEvent]: breaked minecraft:stone on [world;-377;62;-356]
[08:24:17][BlockBreakEvent]: breaked minecraft:stone on [world;-377;61;-356]
[08:24:18][BlockBreakEvent]: breaked minecraft:stone on [world;-377;60;-357]
[08:24:20][BlockBreakEvent]: breaked minecraft:stone on [world;-377;60;-358]
[08:24:21][BlockBreakEvent]: breaked minecraft:stone on [world;-377;60;-359]
[08:24:23][BlockBreakEvent]: breaked minecraft:stone on [world;-377;60;-360]
[08:24:24][BlockBreakEvent]: breaked minecraft:stone on [world;-377;60;-361]
[08:24:26][BlockBreakEvent]: breaked minecraft:stone on [world;-377;60;-362]
[08:24:27][BlockBreakEvent]: breaked minecraft:stone on [world;-377;61;-363]
[08:24:29][BlockBreakEvent]: breaked minecraft:stone on [world;-375;62;-366]
[08:24:31][BlockBreakEvent]: breaked minecraft:stone on [world;-374;63;-366]
[08:24:32][BlockBreakEvent]: breaked minecraft:stone on [world;-374;62;-366]
[08:24:46][BlockBreakEvent]: breaked minecraft:stone on [world;-384;58;-368]
[08:24:47][BlockBreakEvent]: breaked minecraft:stone on [world;-384;57;-368]
[08:24:49][BlockBreakEvent]: breaked minecraft:stone on [world;-383;58;-368]
[08:24:51][BlockBreakEvent]: breaked minecraft:stone on [world;-384;58;-367]
[08:24:52][BlockBreakEvent]: breaked minecraft:stone on [world;-384;57;-367]
[08:24:53][BlockBreakEvent]: breaked minecraft:stone on [world;-383;58;-367]
[08:24:56][BlockBreakEvent]: breaked minecraft:stone on [world;-384;56;-367]
[08:24:58][BlockBreakEvent]: breaked minecraft:stone on [world;-385;56;-366]
[08:25:00][BlockBreakEvent]: breaked minecraft:stone on [world;-385;54;-367]
[08:25:04][BlockBreakEvent]: breaked minecraft:stone on [world;-384;55;-367]
[08:25:05][BlockBreakEvent]: breaked minecraft:stone on [world;-383;56;-367]
[08:25:06][BlockBreakEvent]: breaked minecraft:stone on [world;-383;57;-367]
[08:25:08][BlockBreakEvent]: breaked minecraft:iron_ore on [world;-383;57;-366]
[08:25:10][BlockBreakEvent]: breaked minecraft:iron_ore on [world;-383;58;-366]
[08:25:13][BlockBreakEvent]: breaked minecraft:iron_ore on [world;-384;58;-366]
[08:25:15][BlockBreakEvent]: breaked minecraft:iron_ore on [world;-383;58;-365]
[08:25:17][BlockBreakEvent]: breaked minecraft:iron_ore on [world;-382;58;-366]
[08:25:20][BlockBreakEvent]: breaked minecraft:stone on [world;-385;53;-367]
[08:25:21][BlockBreakEvent]: breaked minecraft:stone on [world;-385;52;-367]
[08:25:22][BlockBreakEvent]: breaked minecraft:stone on [world;-385;51;-367]
[08:25:23][BlockBreakEvent]: breaked minecraft:stone on [world;-386;50;-367]
[08:25:35][BlockPlaceEvent]: placed minecraft:dirt on [world;-392;16;-351]
[08:25:38][BlockBreakEvent]: breaked minecraft:dirt on [world;-392;16;-351]
[08:25:43][BlockBreakEvent]: breaked minecraft:coal_ore on [world;-391;10;-348]
[08:25:47][BlockBreakEvent]: breaked minecraft:stone on [world;-390;12;-360]
[08:25:48][BlockBreakEvent]: breaked minecraft:stone on [world;-390;11;-360]
[08:25:50][BlockBreakEvent]: breaked minecraft:stone on [world;-389;12;-360]
[08:25:50][BlockBreakEvent]: breaked minecraft:stone on [world;-389;11;-360]
[08:25:51][BlockBreakEvent]: breaked minecraft:diorite on [world;-389;11;-361]
[08:25:52][BlockBreakEvent]: breaked minecraft:stone on [world;-389;12;-361]
[08:25:53][BlockBreakEvent]: breaked minecraft:stone on [world;-389;12;-362]
[08:25:54][BlockBreakEvent]: breaked minecraft:diorite on [world;-389;11;-362]
[08:25:55][BlockBreakEvent]: breaked minecraft:diorite on [world;-388;11;-362]
[08:25:57][BlockBreakEvent]: breaked minecraft:diorite on [world;-387;11;-362]
[08:25:58][BlockBreakEvent]: breaked minecraft:diorite on [world;-388;12;-362]
[08:25:59][BlockBreakEvent]: breaked minecraft:diorite on [world;-388;11;-361]
[08:26:00][BlockBreakEvent]: breaked minecraft:diorite on [world;-388;12;-361]
[08:26:01][BlockBreakEvent]: breaked minecraft:diorite on [world;-387;12;-361]
[08:26:02][BlockBreakEvent]: breaked minecraft:diorite on [world;-387;11;-361]
[08:26:03][BlockBreakEvent]: breaked minecraft:diorite on [world;-388;11;-360]
[08:26:04][BlockBreakEvent]: breaked minecraft:diorite on [world;-387;11;-360]
[08:26:05][BlockBreakEvent]: breaked minecraft:diorite on [world;-387;11;-359]
[08:26:06][BlockBreakEvent]: breaked minecraft:stone on [world;-388;11;-359]
[08:26:07][BlockBreakEvent]: breaked minecraft:stone on [world;-389;11;-359]
[08:26:08][BlockBreakEvent]: breaked minecraft:stone on [world;-389;12;-359]
[08:26:09][BlockBreakEvent]: breaked minecraft:stone on [world;-390;12;-359]
[08:26:10][BlockBreakEvent]: breaked minecraft:stone on [world;-390;12;-358]
[08:26:11][BlockBreakEvent]: breaked minecraft:stone on [world;-390;12;-357]
[08:26:14][BlockBreakEvent]: breaked minecraft:stone on [world;-389;11;-353]
[08:26:19][BlockPlaceEvent]: placed minecraft:cobblestone on [world;-391;10;-344]
[08:26:21][BlockPlaceEvent]: placed minecraft:cobblestone on [world;-391;10;-343]
[08:26:21][BlockPlaceEvent]: placed minecraft:cobblestone on [world;-392;10;-343]
[08:26:22][BlockPlaceEvent]: placed minecraft:cobblestone on [world;-392;10;-342]
[08:26:23][BlockPlaceEvent]: placed minecraft:cobblestone on [world;-393;10;-342]
[08:26:23][BlockPlaceEvent]: placed minecraft:cobblestone on [world;-393;10;-341]
[08:26:24][BlockPlaceEvent]: placed minecraft:cobblestone on [world;-394;10;-341]
[08:26:24][BlockPlaceEvent]: placed minecraft:cobblestone on [world;-394;10;-340]
[08:26:25][BlockPlaceEvent]: placed minecraft:cobblestone on [world;-395;10;-340]
[08:26:25][BlockPlaceEvent]: placed minecraft:cobblestone on [world;-395;10;-339]
[08:26:26][BlockPlaceEvent]: placed minecraft:cobblestone on [world;-396;10;-339]
[08:26:26][BlockPlaceEvent]: placed minecraft:cobblestone on [world;-396;10;-338]
[08:26:29][BlockPlaceEvent]: placed minecraft:cobblestone on [world;-397;10;-335]
[08:26:29][BlockPlaceEvent]: placed minecraft:cobblestone on [world;-397;10;-336]
[08:26:30][BlockPlaceEvent]: placed minecraft:cobblestone on [world;-397;10;-337]
[08:26:32][BlockPlaceEvent]: placed minecraft:cobblestone on [world;-398;10;-333]
[08:26:32][BlockPlaceEvent]: placed minecraft:cobblestone on [world;-398;10;-334]
[08:26:32][BlockPlaceEvent]: placed minecraft:cobblestone on [world;-398;10;-335]
[08:26:33][BlockPlaceEvent]: placed minecraft:cobblestone on [world;-398;9;-335]
[08:26:33][BlockPlaceEvent]: placed minecraft:cobblestone on [world;-398;10;-336]
[08:26:36][BlockPlaceEvent]: placed minecraft:cobblestone on [world;-399;10;-333]
[08:26:36][BlockPlaceEvent]: placed minecraft:cobblestone on [world;-399;10;-334]
[08:26:36][BlockPlaceEvent]: placed minecraft:cobblestone on [world;-399;10;-335]
[08:26:37][BlockPlaceEvent]: placed minecraft:cobblestone on [world;-399;10;-336]
[08:26:39][BlockPlaceEvent]: placed minecraft:cobblestone on [world;-400;10;-333]
[08:26:39][BlockPlaceEvent]: placed minecraft:cobblestone on [world;-400;10;-334]
[08:26:40][BlockPlaceEvent]: placed minecraft:cobblestone on [world;-400;10;-335]
[08:26:41][BlockPlaceEvent]: placed minecraft:cobblestone on [world;-400;10;-336]
[08:26:42][BlockPlaceEvent]: placed minecraft:cobblestone on [world;-399;10;-332]
[08:26:43][BlockPlaceEvent]: placed minecraft:cobblestone on [world;-400;10;-332]
[08:26:44][BlockPlaceEvent]: placed minecraft:cobblestone on [world;-401;10;-332]
[08:26:45][BlockPlaceEvent]: placed minecraft:cobblestone on [world;-401;10;-333]
[08:26:46][BlockPlaceEvent]: placed minecraft:cobblestone on [world;-401;10;-334]
[08:26:48][BlockPlaceEvent]: placed minecraft:cobblestone on [world;-401;10;-335]
[08:26:58][BlockBreakEvent]: breaked minecraft:stone on [world;-393;12;-346]
[08:26:59][BlockBreakEvent]: breaked minecraft:stone on [world;-393;11;-346]
[08:27:07][BlockPlaceEvent]: placed minecraft:furnace[facing=south,lit=false] on [world;-390;11;-349]
[08:27:29][FurnaceExtractEvent]: breaked minecraft:furnace[facing=south,lit=true] on [world;-390;11;-349]
[08:27:39][FurnaceExtractEvent]: breaked minecraft:furnace[facing=south,lit=true] on [world;-390;11;-349]
[08:28:02][BlockBreakEvent]: breaked minecraft:diamond_ore on [world;-398;13;-335]
[08:28:04][BlockBreakEvent]: breaked minecraft:diamond_ore on [world;-398;13;-334]
[08:28:06][BlockBreakEvent]: breaked minecraft:diamond_ore on [world;-399;13;-334]
[08:28:09][BlockBreakEvent]: breaked minecraft:stone on [world;-398;12;-333]
[08:28:10][BlockBreakEvent]: breaked minecraft:stone on [world;-398;12;-332]
[08:28:11][BlockBreakEvent]: breaked minecraft:stone on [world;-398;12;-331]
[08:28:12][BlockBreakEvent]: breaked minecraft:stone on [world;-398;11;-331]
[08:28:12][BlockBreakEvent]: breaked minecraft:stone on [world;-398;11;-330]
[08:28:13][BlockBreakEvent]: breaked minecraft:stone on [world;-398;12;-330]
[08:28:14][BlockBreakEvent]: breaked minecraft:stone on [world;-398;12;-329]
[08:28:15][BlockBreakEvent]: breaked minecraft:stone on [world;-398;11;-329]
[08:28:15][BlockBreakEvent]: breaked minecraft:stone on [world;-399;12;-329]
[08:28:16][BlockBreakEvent]: breaked minecraft:stone on [world;-399;11;-329]
[08:28:17][BlockBreakEvent]: breaked minecraft:stone on [world;-399;12;-328]
[08:28:17][BlockBreakEvent]: breaked minecraft:stone on [world;-399;11;-328]
[08:28:18][BlockBreakEvent]: breaked minecraft:stone on [world;-400;12;-327]
[08:28:19][BlockBreakEvent]: breaked minecraft:stone on [world;-400;11;-327]
[08:28:20][BlockBreakEvent]: breaked minecraft:stone on [world;-400;12;-326]
[08:28:21][BlockBreakEvent]: breaked minecraft:stone on [world;-400;11;-326]
[08:28:22][BlockBreakEvent]: breaked minecraft:stone on [world;-400;12;-325]
[08:28:23][BlockBreakEvent]: breaked minecraft:stone on [world;-400;11;-325]
[08:28:23][BlockBreakEvent]: breaked minecraft:stone on [world;-401;11;-325]
[08:28:24][BlockBreakEvent]: breaked minecraft:stone on [world;-401;12;-325]
[08:28:25][BlockBreakEvent]: breaked minecraft:stone on [world;-401;12;-324]
[08:28:26][BlockBreakEvent]: breaked minecraft:stone on [world;-401;11;-324]
[08:28:26][BlockBreakEvent]: breaked minecraft:stone on [world;-401;12;-323]
[08:28:27][BlockBreakEvent]: breaked minecraft:stone on [world;-401;11;-323]
[08:28:38][BlockBreakEvent]: breaked minecraft:gold_ore on [world;-401;12;-321]
[08:28:42][BlockBreakEvent]: breaked minecraft:gold_ore on [world;-402;13;-321]
[08:28:43][BlockBreakEvent]: breaked minecraft:gold_ore on [world;-402;13;-320]
[08:28:46][BlockBreakEvent]: breaked minecraft:gold_ore on [world;-401;13;-321]
[08:28:47][BlockBreakEvent]: breaked minecraft:stone on [world;-401;12;-320]
[08:28:48][BlockBreakEvent]: breaked minecraft:gold_ore on [world;-401;13;-320]
[08:28:50][BlockBreakEvent]: breaked minecraft:gold_ore on [world;-402;14;-320]
[08:28:59][BlockBreakEvent]: breaked minecraft:redstone_ore[lit=false] on [world;-399;12;-339]
[08:29:00][BlockBreakEvent]: breaked minecraft:stone on [world;-399;12;-340]
[08:29:18][BlockBreakEvent]: breaked minecraft:stone on [world;-384;18;-316]
[08:29:19][BlockBreakEvent]: breaked minecraft:stone on [world;-384;17;-316]
[08:29:20][BlockBreakEvent]: breaked minecraft:stone on [world;-384;16;-316]
[08:29:21][BlockBreakEvent]: breaked minecraft:stone on [world;-385;17;-316]
[08:29:22][BlockBreakEvent]: breaked minecraft:stone on [world;-385;16;-316]
[08:29:22][BlockBreakEvent]: breaked minecraft:stone on [world;-385;17;-315]
[08:29:23][BlockBreakEvent]: breaked minecraft:stone on [world;-385;16;-315]
[08:29:24][BlockBreakEvent]: breaked minecraft:stone on [world;-385;15;-315]
[08:29:25][BlockBreakEvent]: breaked minecraft:stone on [world;-385;16;-314]
[08:29:26][BlockBreakEvent]: breaked minecraft:stone on [world;-385;15;-314]
[08:29:26][BlockBreakEvent]: breaked minecraft:stone on [world;-385;14;-314]
[08:29:27][BlockBreakEvent]: breaked minecraft:stone on [world;-385;15;-313]
[08:29:28][BlockBreakEvent]: breaked minecraft:stone on [world;-385;14;-313]
[08:29:29][BlockBreakEvent]: breaked minecraft:stone on [world;-385;13;-313]
[08:29:29][BlockBreakEvent]: breaked minecraft:stone on [world;-385;14;-312]
[08:29:30][BlockBreakEvent]: breaked minecraft:stone on [world;-385;13;-312]
[08:29:31][BlockBreakEvent]: breaked minecraft:stone on [world;-385;12;-312]
[08:29:32][BlockBreakEvent]: breaked minecraft:stone on [world;-385;13;-311]
[08:29:33][BlockBreakEvent]: breaked minecraft:stone on [world;-385;12;-311]
[08:29:34][BlockBreakEvent]: breaked minecraft:stone on [world;-385;11;-311]
[08:29:34][BlockBreakEvent]: breaked minecraft:stone on [world;-385;12;-310]
[08:29:35][BlockBreakEvent]: breaked minecraft:stone on [world;-385;11;-310]
[08:29:36][BlockBreakEvent]: breaked minecraft:stone on [world;-385;10;-310]
[08:29:37][BlockBreakEvent]: breaked minecraft:stone on [world;-385;11;-309]
[08:29:37][BlockBreakEvent]: breaked minecraft:stone on [world;-385;10;-309]
[08:29:38][BlockBreakEvent]: breaked minecraft:diorite on [world;-385;9;-309]
[08:29:39][BlockBreakEvent]: breaked minecraft:stone on [world;-385;10;-308]
[08:29:40][BlockBreakEvent]: breaked minecraft:redstone_ore[lit=false] on [world;-385;9;-308]
[08:29:42][BlockBreakEvent]: breaked minecraft:redstone_ore[lit=true] on [world;-385;9;-307]
[08:29:43][BlockBreakEvent]: breaked minecraft:granite on [world;-385;9;-306]
[08:29:44][BlockBreakEvent]: breaked minecraft:stone on [world;-385;10;-307]
[08:29:44][BlockBreakEvent]: breaked minecraft:stone on [world;-385;10;-306]
[08:29:45][BlockBreakEvent]: breaked minecraft:stone on [world;-385;10;-305]
[08:29:46][BlockBreakEvent]: breaked minecraft:granite on [world;-385;9;-305]
[08:29:47][BlockBreakEvent]: breaked minecraft:stone on [world;-385;9;-304]
[08:29:47][BlockBreakEvent]: breaked minecraft:stone on [world;-385;8;-304]
[08:29:48][BlockBreakEvent]: breaked minecraft:granite on [world;-385;7;-304]
[08:29:49][BlockBreakEvent]: breaked minecraft:stone on [world;-385;7;-303]
[08:29:50][BlockBreakEvent]: breaked minecraft:stone on [world;-385;8;-303]
[08:29:51][BlockBreakEvent]: breaked minecraft:stone on [world;-385;10;-304]
[08:29:51][BlockBreakEvent]: breaked minecraft:stone on [world;-385;9;-303]
[08:29:52][BlockBreakEvent]: breaked minecraft:stone on [world;-385;7;-302]
[08:29:54][BlockPlaceEvent]: placed minecraft:dirt on [world;-385;7;-304]
[08:29:56][BlockBreakEvent]: breaked minecraft:stone on [world;-384;8;-303]
[08:29:57][BlockBreakEvent]: breaked minecraft:stone on [world;-384;7;-303]
[08:29:59][BlockBreakEvent]: breaked minecraft:stone on [world;-386;8;-303]
[08:30:00][BlockBreakEvent]: breaked minecraft:stone on [world;-386;7;-303]
[08:30:01][BlockBreakEvent]: breaked minecraft:stone on [world;-387;7;-303]
[08:30:03][BlockBreakEvent]: breaked minecraft:stone on [world;-387;8;-303]
[08:30:04][BlockBreakEvent]: breaked minecraft:stone on [world;-388;8;-303]
[08:30:05][BlockBreakEvent]: breaked minecraft:stone on [world;-388;7;-303]
[08:30:05][BlockBreakEvent]: breaked minecraft:stone on [world;-389;7;-303]
[08:30:06][BlockBreakEvent]: breaked minecraft:stone on [world;-390;7;-303]
[08:30:09][BlockBreakEvent]: breaked minecraft:stone on [world;-389;8;-303]
[08:30:10][BlockBreakEvent]: breaked minecraft:stone on [world;-390;8;-303]
[08:30:11][BlockBreakEvent]: breaked minecraft:stone on [world;-391;8;-303]
[08:30:12][BlockBreakEvent]: breaked minecraft:stone on [world;-391;7;-303]
[08:30:13][BlockBreakEvent]: breaked minecraft:stone on [world;-392;7;-303]
[08:30:14][BlockBreakEvent]: breaked minecraft:stone on [world;-392;8;-303]
[08:30:15][BlockBreakEvent]: breaked minecraft:stone on [world;-392;8;-304]
[08:30:16][BlockBreakEvent]: breaked minecraft:stone on [world;-392;7;-304]
[08:30:17][BlockBreakEvent]: breaked minecraft:stone on [world;-392;8;-305]
[08:30:18][BlockBreakEvent]: breaked minecraft:stone on [world;-392;7;-305]
[08:30:20][BlockBreakEvent]: breaked minecraft:stone on [world;-393;8;-304]
[08:30:21][BlockBreakEvent]: breaked minecraft:stone on [world;-393;7;-304]
[08:30:22][BlockBreakEvent]: breaked minecraft:stone on [world;-394;8;-304]
[08:30:23][BlockBreakEvent]: breaked minecraft:stone on [world;-394;7;-304]
[08:30:31][BlockBreakEvent]: breaked minecraft:redstone_ore[lit=true] on [world;-385;8;-307]
[08:30:32][BlockBreakEvent]: breaked minecraft:redstone_ore[lit=true] on [world;-385;8;-308]
[08:30:38][BlockBreakEvent]: breaked minecraft:stone on [world;-384;13;-312]
[08:30:39][BlockBreakEvent]: breaked minecraft:stone on [world;-384;12;-312]
[08:30:39][BlockBreakEvent]: breaked minecraft:stone on [world;-383;13;-312]
[08:30:40][BlockBreakEvent]: breaked minecraft:stone on [world;-383;12;-312]
[08:30:41][BlockBreakEvent]: breaked minecraft:stone on [world;-382;13;-312]
[08:30:42][BlockBreakEvent]: breaked minecraft:diorite on [world;-381;13;-312]
[08:30:43][BlockBreakEvent]: breaked minecraft:diorite on [world;-382;12;-312]
[08:30:43][BlockBreakEvent]: breaked minecraft:diorite on [world;-381;12;-312]
[08:30:44][BlockBreakEvent]: breaked minecraft:diorite on [world;-380;13;-312]
[08:30:45][BlockBreakEvent]: breaked minecraft:diorite on [world;-380;12;-312]
[08:30:46][BlockBreakEvent]: breaked minecraft:diorite on [world;-379;12;-312]
[08:30:47][BlockBreakEvent]: breaked minecraft:diorite on [world;-379;13;-312]
[08:30:48][BlockBreakEvent]: breaked minecraft:diorite on [world;-378;12;-312]
[08:30:48][BlockBreakEvent]: breaked minecraft:diorite on [world;-378;13;-312]
[08:30:49][BlockBreakEvent]: breaked minecraft:diorite on [world;-377;13;-312]
[08:30:50][BlockBreakEvent]: breaked minecraft:diorite on [world;-377;12;-312]
[08:30:51][BlockBreakEvent]: breaked minecraft:stone on [world;-376;13;-312]
[08:30:51][BlockBreakEvent]: breaked minecraft:stone on [world;-376;12;-312]
[08:30:52][BlockBreakEvent]: breaked minecraft:stone on [world;-375;13;-312]
[08:30:53][BlockBreakEvent]: breaked minecraft:stone on [world;-375;12;-312]
[08:30:54][BlockBreakEvent]: breaked minecraft:stone on [world;-374;12;-312]
[08:30:54][BlockBreakEvent]: breaked minecraft:andesite on [world;-374;13;-312]
[08:30:55][BlockBreakEvent]: breaked minecraft:andesite on [world;-373;12;-312]
[08:30:56][BlockBreakEvent]: breaked minecraft:andesite on [world;-373;13;-312]
[08:30:57][BlockBreakEvent]: breaked minecraft:andesite on [world;-372;12;-312]
[08:30:58][BlockBreakEvent]: breaked minecraft:andesite on [world;-372;13;-312]
[08:30:58][BlockBreakEvent]: breaked minecraft:andesite on [world;-371;12;-312]
[08:30:59][BlockBreakEvent]: breaked minecraft:andesite on [world;-371;13;-312]
[08:31:00][BlockBreakEvent]: breaked minecraft:andesite on [world;-370;13;-312]
[08:31:01][BlockBreakEvent]: breaked minecraft:stone on [world;-370;12;-312]
[08:31:04][BlockBreakEvent]: breaked minecraft:iron_ore on [world;-370;11;-312]
[08:31:06][BlockBreakEvent]: breaked minecraft:stone on [world;-369;13;-312]
[08:31:08][BlockBreakEvent]: breaked minecraft:stone on [world;-369;12;-312]
[08:31:09][BlockBreakEvent]: breaked minecraft:stone on [world;-368;13;-312]
[08:31:10][BlockBreakEvent]: breaked minecraft:stone on [world;-368;12;-312]
[08:31:11][BlockBreakEvent]: breaked minecraft:stone on [world;-367;13;-312]
[08:31:11][BlockBreakEvent]: breaked minecraft:stone on [world;-367;12;-312]
[08:31:12][BlockBreakEvent]: breaked minecraft:stone on [world;-366;12;-312]
[08:31:13][BlockBreakEvent]: breaked minecraft:stone on [world;-366;13;-312]
[08:31:14][BlockBreakEvent]: breaked minecraft:stone on [world;-365;13;-312]
[08:31:15][BlockBreakEvent]: breaked minecraft:stone on [world;-364;13;-312]
[08:31:16][BlockBreakEvent]: breaked minecraft:stone on [world;-365;12;-312]
[08:31:17][BlockBreakEvent]: breaked minecraft:stone on [world;-364;12;-312]
[08:31:18][BlockBreakEvent]: breaked minecraft:stone on [world;-364;13;-311]
[08:31:19][BlockBreakEvent]: breaked minecraft:stone on [world;-364;12;-311]
[08:31:20][BlockBreakEvent]: breaked minecraft:stone on [world;-364;13;-310]
[08:31:21][BlockBreakEvent]: breaked minecraft:stone on [world;-364;12;-310]
[08:31:22][BlockBreakEvent]: breaked minecraft:stone on [world;-364;12;-309]
[08:31:23][BlockBreakEvent]: breaked minecraft:stone on [world;-364;13;-309]
[08:31:24][BlockBreakEvent]: breaked minecraft:stone on [world;-364;13;-308]
[08:31:25][BlockBreakEvent]: breaked minecraft:stone on [world;-364;13;-307]
[08:31:26][BlockBreakEvent]: breaked minecraft:stone on [world;-364;12;-308]
[08:31:27][BlockBreakEvent]: breaked minecraft:stone on [world;-364;12;-307]
[08:31:28][BlockBreakEvent]: breaked minecraft:granite on [world;-364;11;-307]
[08:31:29][BlockBreakEvent]: breaked minecraft:stone on [world;-364;13;-306]
[08:31:30][BlockBreakEvent]: breaked minecraft:granite on [world;-364;12;-306]
[08:31:31][BlockBreakEvent]: breaked minecraft:stone on [world;-363;13;-306]
[08:31:32][BlockBreakEvent]: breaked minecraft:stone on [world;-363;12;-306]
[08:31:33][BlockBreakEvent]: breaked minecraft:stone on [world;-362;12;-306]
[08:31:34][BlockBreakEvent]: breaked minecraft:stone on [world;-362;13;-306]
[08:31:36][BlockBreakEvent]: breaked minecraft:stone on [world;-362;11;-306]
[08:31:37][BlockBreakEvent]: breaked minecraft:stone on [world;-361;12;-306]
[08:31:38][BlockBreakEvent]: breaked minecraft:stone on [world;-361;11;-306]
[08:31:39][BlockBreakEvent]: breaked minecraft:stone on [world;-361;10;-306]
[08:31:44][BlockBreakEvent]: breaked minecraft:granite on [world;-363;11;-306]
[08:31:45][BlockBreakEvent]: breaked minecraft:granite on [world;-363;10;-306]
[08:31:47][BlockBreakEvent]: breaked minecraft:stone on [world;-363;9;-306]
[08:31:49][BlockBreakEvent]: breaked minecraft:stone on [world;-362;9;-306]
[08:31:50][BlockBreakEvent]: breaked minecraft:stone on [world;-362;10;-306]
[08:31:53][BlockBreakEvent]: breaked minecraft:granite on [world;-362;9;-305]
[08:31:56][BlockBreakEvent]: breaked minecraft:stone on [world;-360;9;-301]
[08:31:57][BlockBreakEvent]: breaked minecraft:stone on [world;-359;9;-301]
[08:32:02][BlockPlaceEvent]: placed minecraft:diorite on [world;-358;6;-301]
[08:32:03][BlockPlaceEvent]: placed minecraft:diorite on [world;-358;7;-301]
[08:32:03][BlockPlaceEvent]: placed minecraft:diorite on [world;-359;7;-301]
[08:32:05][BlockPlaceEvent]: placed minecraft:diorite on [world;-356;6;-301]
[08:32:06][BlockPlaceEvent]: placed minecraft:diorite on [world;-357;6;-301]
[08:32:08][BlockPlaceEvent]: placed minecraft:diorite on [world;-356;7;-301]
[08:32:09][BlockPlaceEvent]: placed minecraft:diorite on [world;-357;7;-301]
[08:32:11][BlockPlaceEvent]: placed minecraft:diorite on [world;-355;7;-301]
[08:32:12][BlockPlaceEvent]: placed minecraft:diorite on [world;-354;7;-301]
[08:32:14][BlockPlaceEvent]: placed minecraft:diorite on [world;-352;7;-301]
[08:32:14][BlockPlaceEvent]: placed minecraft:diorite on [world;-353;7;-301]
[08:32:16][BlockPlaceEvent]: placed minecraft:diorite on [world;-352;7;-302]
[08:32:17][BlockPlaceEvent]: placed minecraft:diorite on [world;-353;7;-302]
[08:32:18][BlockPlaceEvent]: placed minecraft:diorite on [world;-354;7;-302]
[08:32:19][BlockPlaceEvent]: placed minecraft:diorite on [world;-355;7;-302]
[08:32:21][BlockBreakEvent]: breaked minecraft:iron_ore on [world;-354;11;-301]
[08:32:25][BlockBreakEvent]: breaked minecraft:iron_ore on [world;-354;11;-302]
[08:32:26][BlockBreakEvent]: breaked minecraft:iron_ore on [world;-355;11;-302]
[08:32:36][BlockBreakEvent]: breaked minecraft:stone on [world;-363;10;-301]
[08:32:37][BlockBreakEvent]: breaked minecraft:stone on [world;-364;10;-301]
[08:32:38][BlockBreakEvent]: breaked minecraft:stone on [world;-364;9;-301]
[08:32:40][BlockBreakEvent]: breaked minecraft:stone on [world;-364;11;-301]
[08:32:41][BlockBreakEvent]: breaked minecraft:stone on [world;-365;10;-301]
[08:32:42][BlockBreakEvent]: breaked minecraft:stone on [world;-365;11;-301]
[08:32:44][BlockBreakEvent]: breaked minecraft:stone on [world;-365;12;-301]
[08:32:44][BlockBreakEvent]: breaked minecraft:stone on [world;-366;12;-301]
[08:32:46][BlockBreakEvent]: breaked minecraft:stone on [world;-366;11;-301]
[08:32:48][BlockBreakEvent]: breaked minecraft:stone on [world;-366;13;-301]
[08:32:49][BlockBreakEvent]: breaked minecraft:stone on [world;-366;13;-302]
[08:32:52][BlockBreakEvent]: breaked minecraft:stone on [world;-366;12;-302]
[08:32:54][BlockBreakEvent]: breaked minecraft:stone on [world;-366;14;-302]
[08:32:55][BlockBreakEvent]: breaked minecraft:stone on [world;-366;14;-303]
[08:32:56][BlockBreakEvent]: breaked minecraft:stone on [world;-366;13;-303]
[08:32:58][BlockBreakEvent]: breaked minecraft:stone on [world;-366;14;-304]
[08:32:59][BlockBreakEvent]: breaked minecraft:stone on [world;-366;14;-305]
[08:33:00][BlockBreakEvent]: breaked minecraft:stone on [world;-366;13;-304]
[08:33:00][BlockBreakEvent]: breaked minecraft:stone on [world;-366;13;-305]
[08:33:01][BlockBreakEvent]: breaked minecraft:stone on [world;-366;14;-306]
[08:33:02][BlockBreakEvent]: breaked minecraft:stone on [world;-366;13;-306]
[08:33:03][BlockBreakEvent]: breaked minecraft:stone on [world;-366;13;-307]
[08:33:04][BlockBreakEvent]: breaked minecraft:stone on [world;-366;14;-307]
[08:33:05][BlockBreakEvent]: breaked minecraft:stone on [world;-366;14;-308]
[08:33:06][BlockBreakEvent]: breaked minecraft:stone on [world;-366;13;-308]
[08:33:07][BlockBreakEvent]: breaked minecraft:stone on [world;-366;14;-309]
[08:33:08][BlockBreakEvent]: breaked minecraft:stone on [world;-366;13;-309]
[08:33:10][BlockBreakEvent]: breaked minecraft:stone on [world;-366;13;-310]
[08:33:11][BlockBreakEvent]: breaked minecraft:stone on [world;-366;14;-310]
[08:33:12][BlockBreakEvent]: breaked minecraft:stone on [world;-366;14;-311]
[08:33:12][BlockBreakEvent]: breaked minecraft:stone on [world;-366;13;-311]
[08:33:13][BlockBreakEvent]: breaked minecraft:stone on [world;-366;13;-313]
[08:33:13][BlockBreakEvent]: breaked minecraft:stone on [world;-366;13;-314]
[08:33:14][BlockBreakEvent]: breaked minecraft:stone on [world;-366;14;-312]
[08:33:14][BlockBreakEvent]: breaked minecraft:stone on [world;-366;13;-315]
[08:33:14][BlockBreakEvent]: breaked minecraft:stone on [world;-366;14;-313]
[08:33:15][BlockBreakEvent]: breaked minecraft:stone on [world;-366;13;-316]
[08:33:18][BlockBreakEvent]: breaked minecraft:stone on [world;-366;14;-314]
[08:38:07][BlockBreakEvent]: breaked minecraft:grass_block[snowy=false] on [world;-387;64;-372]
[08:38:15][BlockBreakEvent]: breaked minecraft:dirt on [world;-387;63;-372]
[08:38:34][BlockPlaceEvent]: placed minecraft:dirt on [world;-389;59;-371]
[08:38:37][BlockPlaceEvent]: placed minecraft:dirt on [world;-386;58;-371]
[08:38:41][BlockBreakEvent]: breaked minecraft:dirt on [world;-386;58;-371]
[08:39:01][BlockPlaceEvent]: placed minecraft:dirt on [world;-385;51;-367]
[08:39:13][BlockBreakEvent]: breaked minecraft:dirt on [world;-385;51;-367]
[08:39:44][BlockBreakEvent]: breaked minecraft:stone on [world;-385;52;-369]
[08:39:55][BlockPlaceEvent]: placed minecraft:dirt on [world;-385;53;-369]
[08:40:10][BlockBreakEvent]: breaked minecraft:stone on [world;-384;58;-369]
[08:40:21][BlockBreakEvent]: breaked minecraft:stone on [world;-384;60;-370]
[08:40:29][BlockBreakEvent]: breaked minecraft:stone on [world;-384;59;-370]
[08:40:32][BlockBreakEvent]: breaked minecraft:dirt on [world;-385;60;-372]
[08:40:34][BlockBreakEvent]: breaked minecraft:dirt on [world;-385;61;-372]
[08:40:34][BlockBreakEvent]: breaked minecraft:dirt on [world;-385;61;-373]
[08:40:37][BlockBreakEvent]: breaked minecraft:dirt on [world;-385;61;-374]
[08:40:38][BlockBreakEvent]: breaked minecraft:dirt on [world;-385;61;-375]
[08:40:41][BlockBreakEvent]: breaked minecraft:dirt on [world;-385;60;-373]
[08:40:42][BlockBreakEvent]: breaked minecraft:dirt on [world;-385;60;-374]
[08:40:43][BlockBreakEvent]: breaked minecraft:dirt on [world;-385;60;-375]
[08:40:58][BlockPlaceEvent]: placed minecraft:dirt on [world;-392;33;-351]
[08:41:00][BlockPlaceEvent]: placed minecraft:dirt on [world;-391;31;-351]
[08:41:02][BlockBreakEvent]: breaked minecraft:dirt on [world;-392;33;-351]
[08:41:04][BlockPlaceEvent]: placed minecraft:dirt on [world;-392;29;-351]
[08:41:05][BlockBreakEvent]: breaked minecraft:dirt on [world;-391;31;-351]
[08:41:07][BlockPlaceEvent]: placed minecraft:dirt on [world;-391;27;-351]
[08:41:08][BlockBreakEvent]: breaked minecraft:dirt on [world;-392;29;-351]
[08:41:09][BlockPlaceEvent]: placed minecraft:dirt on [world;-392;26;-351]
[08:41:11][BlockBreakEvent]: breaked minecraft:dirt on [world;-391;27;-351]
[08:41:12][BlockPlaceEvent]: placed minecraft:dirt on [world;-391;24;-351]
[08:41:14][BlockBreakEvent]: breaked minecraft:dirt on [world;-392;26;-351]
[08:41:15][BlockPlaceEvent]: placed minecraft:dirt on [world;-392;22;-351]
[08:41:16][BlockBreakEvent]: breaked minecraft:dirt on [world;-391;24;-351]
[08:41:17][BlockPlaceEvent]: placed minecraft:dirt on [world;-391;21;-351]
[08:41:19][BlockBreakEvent]: breaked minecraft:dirt on [world;-392;22;-351]
[08:41:20][BlockPlaceEvent]: placed minecraft:dirt on [world;-392;20;-351]
[08:41:22][BlockBreakEvent]: breaked minecraft:dirt on [world;-391;21;-351]
[08:41:23][BlockPlaceEvent]: placed minecraft:dirt on [world;-391;19;-351]
[08:41:24][BlockBreakEvent]: breaked minecraft:dirt on [world;-392;20;-351]
[08:41:25][BlockPlaceEvent]: placed minecraft:dirt on [world;-392;17;-351]
[08:41:27][BlockBreakEvent]: breaked minecraft:dirt on [world;-391;19;-351]
[08:41:28][BlockBreakEvent]: breaked minecraft:dirt on [world;-392;17;-351]
[08:41:32][BlockPlaceEvent]: placed minecraft:dirt on [world;-391;11;-349]
[08:41:34][FurnaceExtractEvent]: breaked minecraft:furnace[facing=south,lit=false] on [world;-390;11;-349]
[08:44:00][BlockPlaceEvent]: placed minecraft:dirt on [world;-402;10;-319]
[08:44:01][BlockPlaceEvent]: placed minecraft:dirt on [world;-403;10;-319]
[08:44:03][BlockPlaceEvent]: placed minecraft:dirt on [world;-403;10;-315]
[08:44:04][BlockPlaceEvent]: placed minecraft:dirt on [world;-403;10;-316]
[08:44:07][BlockPlaceEvent]: placed minecraft:dirt on [world;-404;10;-316]
[08:44:08][BlockPlaceEvent]: placed minecraft:dirt on [world;-404;10;-317]
[08:44:08][BlockPlaceEvent]: placed minecraft:dirt on [world;-404;10;-318]
