[07:37:31][EntityPickupItemEvent]: PLAYER picked up SPRUCE_LOG
[07:37:34][EntityPickupItemEvent]: PLAYER picked up SPRUCE_LOG
[07:37:38][EntityPickupItemEvent]: PLAYER picked up SPRUCE_LOG
[07:37:50][EntityPickupItemEvent]: PLAYER picked up SPRUCE_SAPLING
[07:38:03][EntityPickupItemEvent]: PLAYER picked up DIRT
[07:38:04][EntityPickupItemEvent]: PLAYER picked up DIRT
[07:38:05][EntityPickupItemEvent]: PLAYER picked up COBBLESTONE
[07:38:07][EntityPickupItemEvent]: PLAYER picked up COBBLESTONE
[07:38:10][EntityPickupItemEvent]: PLAYER picked up COAL
[07:38:11][EntityPickupItemEvent]: PLAYER picked up COBBLESTONE
[07:38:13][EntityPickupItemEvent]: PLAYER picked up COBBLESTONE
[07:38:14][EntityPickupItemEvent]: PLAYER picked up COBBLESTONE
[07:38:17][EntityPickupItemEvent]: PLAYER picked up COAL
[07:38:19][EntityPickupItemEvent]: PLAYER picked up COAL
[07:38:25][EntityPickupItemEvent]: PLAYER picked up COAL
[07:38:26][EntityPickupItemEvent]: PLAYER picked up COBBLESTONE
[07:38:29][EntityPickupItemEvent]: PLAYER picked up COBBLESTONE
[07:38:31][EntityPickupItemEvent]: PLAYER picked up COBBLESTONE
[07:38:32][EntityPickupItemEvent]: PLAYER picked up COBBLESTONE
[07:38:35][EntityPickupItemEvent]: PLAYER picked up COAL
[07:38:37][EntityPickupItemEvent]: PLAYER picked up COAL
[07:38:41][EntityPickupItemEvent]: PLAYER picked up COBBLESTONE
[07:39:05][EntityPickupItemEvent]: PLAYER picked up CRAFTING_TABLE
[07:39:06][EntityPickupItemEvent]: PLAYER picked up SPRUCE_LOG
[07:39:14][EntityPickupItemEvent]: PLAYER picked up SPRUCE_LOG
[07:39:15][EntityPickupItemEvent]: PLAYER picked up SPRUCE_LOG
[07:39:16][EntityPickupItemEvent]: PLAYER picked up SPRUCE_LOG
[07:39:18][EntityPickupItemEvent]: PLAYER picked up SPRUCE_LOG
[07:39:19][EntityPickupItemEvent]: PLAYER picked up SPRUCE_LOG
[07:39:20][EntityPickupItemEvent]: PLAYER picked up SPRUCE_LOG
[07:39:25][EntityPickupItemEvent]: PLAYER picked up SPRUCE_LOG
[07:39:26][EntityPickupItemEvent]: PLAYER picked up SPRUCE_LOG
[07:39:27][EntityPickupItemEvent]: PLAYER picked up SPRUCE_LOG
[07:39:28][EntityPickupItemEvent]: PLAYER picked up SPRUCE_LOG
[07:40:27][EntityPickupItemEvent]: PLAYER picked up SPRUCE_LOG
[07:40:27][EntityPickupItemEvent]: PLAYER picked up STICK
[07:40:27][EntityPickupItemEvent]: PLAYER picked up SPRUCE_SAPLING
[07:40:58][EntityPickupItemEvent]: PLAYER picked up ROTTEN_FLESH
[07:40:58][EntityPickupItemEvent]: PLAYER picked up GOLDEN_LEGGINGS
[07:42:38][EntityPickupItemEvent]: PLAYER picked up DIRT
[07:42:40][EntityPickupItemEvent]: PLAYER picked up DIRT
[07:42:47][EntityPickupItemEvent]: PLAYER picked up SWEET_BERRIES
[07:42:54][EntityPickupItemEvent]: PLAYER picked up SWEET_BERRIES
[07:43:05][EntityPickupItemEvent]: PLAYER picked up SWEET_BERRIES
[07:43:25][EntityPickupItemEvent]: PLAYER picked up DIRT
[07:43:32][EntityPickupItemEvent]: PLAYER picked up PORKCHOP
[07:44:02][EntityPickupItemEvent]: PLAYER picked up SPRUCE_SAPLING
[07:44:03][EntityPickupItemEvent]: PLAYER picked up SWEET_BERRIES
[07:44:06][EntityPickupItemEvent]: PLAYER picked up SWEET_BERRIES
[07:44:16][EntityPickupItemEvent]: PLAYER picked up PORKCHOP
[07:44:32][EntityPickupItemEvent]: PLAYER picked up PORKCHOP
[07:45:25][EntityPickupItemEvent]: PLAYER picked up DIRT
[07:45:27][EntityPickupItemEvent]: PLAYER picked up DIRT
[07:45:48][EntityPickupItemEvent]: PLAYER picked up PORKCHOP
[07:46:11][EntityPickupItemEvent]: PLAYER picked up SPRUCE_SAPLING
[07:49:15][EntityPickupItemEvent]: PLAYER picked up SWEET_BERRIES
[07:49:16][EntityPickupItemEvent]: PLAYER picked up SWEET_BERRIES
[07:49:18][EntityPickupItemEvent]: PLAYER picked up SWEET_BERRIES
[07:49:21][EntityPickupItemEvent]: PLAYER picked up SWEET_BERRIES
[07:50:43][EntityPickupItemEvent]: PLAYER picked up BIRCH_LOG
[07:50:48][EntityPickupItemEvent]: PLAYER picked up OAK_LOG
[07:51:03][EntityPickupItemEvent]: PLAYER picked up LEATHER
[07:51:03][EntityPickupItemEvent]: PLAYER picked up BEEF
[07:51:08][EntityPickupItemEvent]: PLAYER picked up MUTTON
[07:51:09][EntityPickupItemEvent]: PLAYER picked up WHITE_WOOL
[07:51:18][EntityPickupItemEvent]: PLAYER picked up WHITE_WOOL
[07:51:18][EntityPickupItemEvent]: PLAYER picked up MUTTON
[07:51:27][EntityPickupItemEvent]: PLAYER picked up LEATHER
[07:51:27][EntityPickupItemEvent]: PLAYER picked up BEEF
[07:51:36][EntityPickupItemEvent]: PLAYER picked up GUNPOWDER
[07:51:38][EntityPickupItemEvent]: PLAYER picked up MUTTON
[07:51:38][EntityPickupItemEvent]: PLAYER picked up GRAY_WOOL
[07:55:40][EntityPickupItemEvent]: PLAYER picked up DIRT
[07:57:23][EntityPickupItemEvent]: PLAYER picked up PORKCHOP
[07:58:05][EntityPickupItemEvent]: PLAYER picked up DIRT
[07:58:20][EntityPickupItemEvent]: PLAYER picked up MUTTON
[07:58:20][EntityPickupItemEvent]: PLAYER picked up WHITE_WOOL
[07:58:45][EntityPickupItemEvent]: PLAYER picked up PORKCHOP
[07:59:00][EntityPickupItemEvent]: PLAYER picked up COBBLESTONE
[07:59:07][EntityPickupItemEvent]: PLAYER picked up IRON_ORE
[07:59:19][EntityPickupItemEvent]: PLAYER picked up COBBLESTONE
[07:59:19][EntityPickupItemEvent]: PLAYER picked up DIORITE
[07:59:19][EntityPickupItemEvent]: PLAYER picked up IRON_ORE
[07:59:33][EntityPickupItemEvent]: PLAYER picked up GRAVEL
[07:59:54][EntityPickupItemEvent]: PLAYER picked up DIRT
[07:59:56][EntityPickupItemEvent]: PLAYER picked up IRON_ORE
[08:00:00][EntityPickupItemEvent]: PLAYER picked up DIRT
[08:01:07][EntityPickupItemEvent]: PLAYER picked up DIRT
[08:01:09][EntityPickupItemEvent]: PLAYER picked up DIRT
[08:01:30][EntityPickupItemEvent]: PLAYER picked up OAK_SAPLING
[08:01:34][EntityPickupItemEvent]: PLAYER picked up WHITE_WOOL
[08:01:34][EntityPickupItemEvent]: PLAYER picked up MUTTON
[08:02:12][EntityPickupItemEvent]: PLAYER picked up MUTTON
[08:02:12][EntityPickupItemEvent]: PLAYER picked up BROWN_WOOL
[08:03:29][EntityPickupItemEvent]: PLAYER picked up WHITE_WOOL
[08:03:29][EntityPickupItemEvent]: PLAYER picked up MUTTON
[08:04:13][EntityPickupItemEvent]: PLAYER picked up DIRT
[08:04:15][EntityPickupItemEvent]: PLAYER picked up DIRT
[08:04:16][EntityPickupItemEvent]: PLAYER picked up COBBLESTONE
[08:04:17][EntityPickupItemEvent]: PLAYER picked up COBBLESTONE
[08:04:20][EntityPickupItemEvent]: PLAYER picked up COBBLESTONE
[08:04:22][EntityPickupItemEvent]: PLAYER picked up COBBLESTONE
[08:04:22][EntityPickupItemEvent]: PLAYER picked up COBBLESTONE
[08:05:04][EntityPickupItemEvent]: PLAYER picked up DIRT
[08:05:06][EntityPickupItemEvent]: PLAYER picked up DIRT
[08:05:07][EntityPickupItemEvent]: PLAYER picked up DIRT
[08:05:09][EntityPickupItemEvent]: PLAYER picked up DIRT
[08:05:11][EntityPickupItemEvent]: PLAYER picked up IRON_ORE
[08:05:12][EntityPickupItemEvent]: PLAYER picked up IRON_ORE
[08:05:14][EntityPickupItemEvent]: PLAYER picked up IRON_ORE
[08:05:58][EntityPickupItemEvent]: PLAYER picked up COAL
[08:05:59][EntityPickupItemEvent]: PLAYER picked up DIRT
[08:06:00][EntityPickupItemEvent]: PLAYER picked up COAL
[08:06:02][EntityPickupItemEvent]: PLAYER picked up COAL
[08:06:05][EntityPickupItemEvent]: PLAYER picked up COAL
[08:06:07][EntityPickupItemEvent]: PLAYER picked up DIRT
[08:06:09][EntityPickupItemEvent]: PLAYER picked up COAL
[08:06:11][EntityPickupItemEvent]: PLAYER picked up COAL
[08:06:12][EntityPickupItemEvent]: PLAYER picked up COAL
[08:06:12][EntityPickupItemEvent]: PLAYER picked up COBBLESTONE
[08:06:41][EntityPickupItemEvent]: PLAYER picked up SPRUCE_LOG
[08:06:42][EntityPickupItemEvent]: PLAYER picked up SPRUCE_LOG
[08:06:43][EntityPickupItemEvent]: PLAYER picked up SPRUCE_LOG
[08:06:46][EntityPickupItemEvent]: PLAYER picked up SPRUCE_LOG
[08:06:47][EntityPickupItemEvent]: PLAYER picked up SPRUCE_LOG
[08:06:49][EntityPickupItemEvent]: PLAYER picked up SPRUCE_LOG
[08:06:51][EntityPickupItemEvent]: PLAYER picked up SPRUCE_LOG
[08:06:52][EntityPickupItemEvent]: PLAYER picked up SPRUCE_LOG
[08:06:53][EntityPickupItemEvent]: PLAYER picked up SPRUCE_LOG
[08:06:54][EntityPickupItemEvent]: PLAYER picked up SPRUCE_SAPLING
[08:06:57][EntityPickupItemEvent]: PLAYER picked up SPRUCE_LOG
[08:06:59][EntityPickupItemEvent]: PLAYER picked up SPRUCE_LOG
[08:07:00][EntityPickupItemEvent]: PLAYER picked up SPRUCE_LOG
[08:07:01][EntityPickupItemEvent]: PLAYER picked up SPRUCE_LOG
[08:07:02][EntityPickupItemEvent]: PLAYER picked up SPRUCE_LOG
[08:07:29][EntityPickupItemEvent]: PLAYER picked up SPRUCE_SAPLING
[08:07:31][EntityPickupItemEvent]: PLAYER picked up SPRUCE_LOG
[08:07:31][EntityPickupItemEvent]: PLAYER picked up SPRUCE_LOG
[08:07:33][EntityPickupItemEvent]: PLAYER picked up SPRUCE_LOG
[08:07:34][EntityPickupItemEvent]: PLAYER picked up SPRUCE_LOG
[08:07:37][EntityPickupItemEvent]: PLAYER picked up SPRUCE_LOG
[08:07:39][EntityPickupItemEvent]: PLAYER picked up SPRUCE_LOG
[08:07:42][EntityPickupItemEvent]: PLAYER picked up STICK
[08:07:59][EntityPickupItemEvent]: PLAYER picked up SPRUCE_LOG
[08:08:02][EntityPickupItemEvent]: PLAYER picked up SPRUCE_LOG
[08:08:03][EntityPickupItemEvent]: PLAYER picked up SPRUCE_LOG
[08:08:04][EntityPickupItemEvent]: PLAYER picked up SPRUCE_LOG
[08:08:05][EntityPickupItemEvent]: PLAYER picked up SPRUCE_LOG
[08:08:14][EntityPickupItemEvent]: PLAYER picked up SPRUCE_LOG
[08:08:15][EntityPickupItemEvent]: PLAYER picked up SPRUCE_LOG
[08:08:16][EntityPickupItemEvent]: PLAYER picked up SPRUCE_LOG
[08:08:18][EntityPickupItemEvent]: PLAYER picked up SPRUCE_LOG
[08:08:19][EntityPickupItemEvent]: PLAYER picked up SPRUCE_LOG
[08:08:52][EntityPickupItemEvent]: PLAYER picked up SPRUCE_LOG
[08:08:54][EntityPickupItemEvent]: PLAYER picked up SPRUCE_LOG
[08:08:55][EntityPickupItemEvent]: PLAYER picked up SPRUCE_LOG
[08:08:56][EntityPickupItemEvent]: PLAYER picked up SPRUCE_LOG
[08:09:34][EntityPickupItemEvent]: PLAYER picked up DIRT
[08:09:35][EntityPickupItemEvent]: PLAYER picked up DIRT
[08:09:36][EntityPickupItemEvent]: PLAYER picked up DIRT
[08:09:37][EntityPickupItemEvent]: PLAYER picked up DIRT
[08:09:38][EntityPickupItemEvent]: PLAYER picked up DIRT
[08:09:39][EntityPickupItemEvent]: PLAYER picked up COBBLESTONE
[08:09:40][EntityPickupItemEvent]: PLAYER picked up COBBLESTONE
[08:09:49][EntityPickupItemEvent]: PLAYER picked up COBBLESTONE
[08:09:50][EntityPickupItemEvent]: PLAYER picked up COBBLESTONE
[08:09:52][EntityPickupItemEvent]: PLAYER picked up COBBLESTONE
[08:09:53][EntityPickupItemEvent]: PLAYER picked up COBBLESTONE
[08:09:54][EntityPickupItemEvent]: PLAYER picked up COBBLESTONE
[08:10:00][EntityPickupItemEvent]: PLAYER picked up COBBLESTONE
[08:10:01][EntityPickupItemEvent]: PLAYER picked up COBBLESTONE
[08:10:02][EntityPickupItemEvent]: PLAYER picked up COBBLESTONE
[08:10:03][EntityPickupItemEvent]: PLAYER picked up COBBLESTONE
[08:10:05][EntityPickupItemEvent]: PLAYER picked up COBBLESTONE
[08:10:05][EntityPickupItemEvent]: PLAYER picked up COBBLESTONE
[08:10:06][EntityPickupItemEvent]: PLAYER picked up COBBLESTONE
[08:10:07][EntityPickupItemEvent]: PLAYER picked up COBBLESTONE
[08:10:08][EntityPickupItemEvent]: PLAYER picked up COBBLESTONE
[08:10:13][EntityPickupItemEvent]: PLAYER picked up COBBLESTONE
[08:10:15][EntityPickupItemEvent]: PLAYER picked up COBBLESTONE
[08:10:16][EntityPickupItemEvent]: PLAYER picked up COBBLESTONE
[08:10:17][EntityPickupItemEvent]: PLAYER picked up COBBLESTONE
[08:10:18][EntityPickupItemEvent]: PLAYER picked up COBBLESTONE
[08:10:19][EntityPickupItemEvent]: PLAYER picked up COBBLESTONE
[08:10:22][EntityPickupItemEvent]: PLAYER picked up COBBLESTONE
[08:10:24][EntityPickupItemEvent]: PLAYER picked up COBBLESTONE
[08:10:25][EntityPickupItemEvent]: PLAYER picked up COBBLESTONE
[08:10:26][EntityPickupItemEvent]: PLAYER picked up COBBLESTONE
[08:10:30][EntityPickupItemEvent]: PLAYER picked up COBBLESTONE
[08:10:31][EntityPickupItemEvent]: PLAYER picked up COBBLESTONE
[08:10:31][EntityPickupItemEvent]: PLAYER picked up COBBLESTONE
[08:10:32][EntityPickupItemEvent]: PLAYER picked up COBBLESTONE
[08:10:33][EntityPickupItemEvent]: PLAYER picked up COBBLESTONE
[08:10:39][EntityPickupItemEvent]: PLAYER picked up COBBLESTONE
[08:10:40][EntityPickupItemEvent]: PLAYER picked up COBBLESTONE
[08:10:41][EntityPickupItemEvent]: PLAYER picked up COBBLESTONE
[08:10:42][EntityPickupItemEvent]: PLAYER picked up COBBLESTONE
[08:10:45][EntityPickupItemEvent]: PLAYER picked up COBBLESTONE
[08:10:47][EntityPickupItemEvent]: PLAYER picked up COBBLESTONE
[08:10:48][EntityPickupItemEvent]: PLAYER picked up COBBLESTONE
[08:10:48][EntityPickupItemEvent]: PLAYER picked up COBBLESTONE
[08:10:49][EntityPickupItemEvent]: PLAYER picked up COBBLESTONE
[08:10:58][EntityPickupItemEvent]: PLAYER picked up COBBLESTONE
[08:11:00][EntityPickupItemEvent]: PLAYER picked up COBBLESTONE
[08:11:01][EntityPickupItemEvent]: PLAYER picked up COBBLESTONE
[08:11:01][EntityPickupItemEvent]: PLAYER picked up COBBLESTONE
[08:11:03][EntityPickupItemEvent]: PLAYER picked up COBBLESTONE
[08:11:05][EntityPickupItemEvent]: PLAYER picked up ANDESITE
[08:11:18][EntityPickupItemEvent]: PLAYER picked up IRON_ORE
[08:11:25][EntityPickupItemEvent]: PLAYER picked up COBBLESTONE
[08:11:30][EntityPickupItemEvent]: PLAYER picked up COBBLESTONE
[08:11:30][EntityPickupItemEvent]: PLAYER picked up IRON_ORE
[08:11:32][EntityPickupItemEvent]: PLAYER picked up IRON_ORE
[08:12:18][EntityPickupItemEvent]: PLAYER picked up DIAMOND
[08:12:19][EntityPickupItemEvent]: PLAYER picked up DIAMOND
[08:12:22][EntityPickupItemEvent]: PLAYER picked up DIAMOND
[08:12:22][EntityPickupItemEvent]: PLAYER picked up DIAMOND
[08:12:27][EntityPickupItemEvent]: PLAYER picked up REDSTONE
[08:12:31][EntityPickupItemEvent]: PLAYER picked up DIAMOND
[08:12:33][EntityPickupItemEvent]: PLAYER picked up COBBLESTONE
[08:12:34][EntityPickupItemEvent]: PLAYER picked up DIAMOND
[08:12:35][EntityPickupItemEvent]: PLAYER picked up DIAMOND
[08:12:41][EntityPickupItemEvent]: PLAYER picked up DIAMOND
[08:12:44][EntityPickupItemEvent]: PLAYER picked up IRON_ORE
[08:12:47][EntityPickupItemEvent]: PLAYER picked up IRON_ORE
[08:12:49][EntityPickupItemEvent]: PLAYER picked up IRON_ORE
[08:12:50][EntityPickupItemEvent]: PLAYER picked up COBBLESTONE
[08:13:03][EntityPickupItemEvent]: PLAYER picked up IRON_ORE
[08:13:05][EntityPickupItemEvent]: PLAYER picked up IRON_ORE
[08:13:06][EntityPickupItemEvent]: PLAYER picked up IRON_ORE
[08:13:08][EntityPickupItemEvent]: PLAYER picked up IRON_ORE
[08:13:08][EntityPickupItemEvent]: PLAYER picked up IRON_ORE
[08:13:10][EntityPickupItemEvent]: PLAYER picked up IRON_ORE
[08:13:11][EntityPickupItemEvent]: PLAYER picked up IRON_ORE
[08:13:15][EntityPickupItemEvent]: PLAYER picked up IRON_ORE
[08:13:17][EntityPickupItemEvent]: PLAYER picked up IRON_ORE
[08:13:34][EntityPickupItemEvent]: PLAYER picked up COBBLESTONE
[08:13:36][EntityPickupItemEvent]: PLAYER picked up IRON_ORE
[08:13:38][EntityPickupItemEvent]: PLAYER picked up IRON_ORE
[08:13:39][EntityPickupItemEvent]: PLAYER picked up IRON_ORE
[08:13:40][EntityPickupItemEvent]: PLAYER picked up IRON_ORE
[08:13:42][EntityPickupItemEvent]: PLAYER picked up COBBLESTONE
[08:13:49][EntityPickupItemEvent]: PLAYER picked up LAPIS_LAZULI
[08:14:12][EntityPickupItemEvent]: PLAYER picked up DIAMOND
[08:14:33][EntityPickupItemEvent]: PLAYER picked up COBBLESTONE
[08:14:36][EntityPickupItemEvent]: PLAYER picked up COBBLESTONE
[08:14:40][EntityPickupItemEvent]: PLAYER picked up ANDESITE
[08:14:40][EntityPickupItemEvent]: PLAYER picked up DIAMOND
[08:14:40][EntityPickupItemEvent]: PLAYER picked up DIAMOND
[08:14:41][EntityPickupItemEvent]: PLAYER picked up DIAMOND
[08:14:43][EntityPickupItemEvent]: PLAYER picked up DIAMOND
[08:14:53][EntityPickupItemEvent]: PLAYER picked up DIORITE
[08:15:06][EntityPickupItemEvent]: PLAYER picked up IRON_ORE
[08:15:07][EntityPickupItemEvent]: PLAYER picked up IRON_ORE
[08:15:09][EntityPickupItemEvent]: PLAYER picked up IRON_ORE
[08:15:16][EntityPickupItemEvent]: PLAYER picked up IRON_ORE
[08:15:22][EntityPickupItemEvent]: PLAYER picked up IRON_ORE
[08:15:24][EntityPickupItemEvent]: PLAYER picked up IRON_ORE
[08:15:31][EntityPickupItemEvent]: PLAYER picked up IRON_ORE
[08:15:35][EntityPickupItemEvent]: PLAYER picked up COBBLESTONE
[08:15:35][EntityPickupItemEvent]: PLAYER picked up IRON_ORE
[08:15:35][EntityPickupItemEvent]: PLAYER picked up COBBLESTONE
[08:15:35][EntityPickupItemEvent]: PLAYER picked up IRON_ORE
[08:15:37][EntityPickupItemEvent]: PLAYER picked up IRON_ORE
[08:15:38][EntityPickupItemEvent]: PLAYER picked up IRON_ORE
[08:15:39][EntityPickupItemEvent]: PLAYER picked up IRON_ORE
[08:15:43][EntityPickupItemEvent]: PLAYER picked up COBBLESTONE
[08:16:01][EntityPickupItemEvent]: PLAYER picked up REDSTONE
[08:16:01][EntityPickupItemEvent]: PLAYER picked up REDSTONE
[08:16:01][EntityPickupItemEvent]: PLAYER picked up REDSTONE
[08:16:03][EntityPickupItemEvent]: PLAYER picked up REDSTONE
[08:16:04][EntityPickupItemEvent]: PLAYER picked up GRAVEL
[08:16:22][EntityPickupItemEvent]: PLAYER picked up DIRT
[08:16:23][EntityPickupItemEvent]: PLAYER picked up DIRT
[08:16:25][EntityPickupItemEvent]: PLAYER picked up DIRT
[08:20:00][EntityPickupItemEvent]: PLAYER picked up DIRT
[08:20:04][EntityPickupItemEvent]: PLAYER picked up DIRT
[08:20:10][EntityPickupItemEvent]: PLAYER picked up DIRT
[08:20:13][EntityPickupItemEvent]: PLAYER picked up DIRT
[08:20:16][EntityPickupItemEvent]: PLAYER picked up DIRT
[08:20:19][EntityPickupItemEvent]: PLAYER picked up DIRT
[08:20:22][EntityPickupItemEvent]: PLAYER picked up DIRT
[08:20:26][EntityPickupItemEvent]: PLAYER picked up DIRT
[08:20:29][EntityPickupItemEvent]: PLAYER picked up DIRT
[08:20:31][EntityPickupItemEvent]: PLAYER picked up DIRT
[08:20:33][EntityPickupItemEvent]: PLAYER picked up DIRT
[08:21:05][EntityPickupItemEvent]: PLAYER picked up COAL
[08:21:12][EntityPickupItemEvent]: PLAYER picked up WHITE_BED
[08:21:16][EntityPickupItemEvent]: PLAYER picked up DIRT
[08:22:51][EntityPickupItemEvent]: PLAYER picked up DIRT
[08:22:52][EntityPickupItemEvent]: PLAYER picked up DIRT
[08:22:57][EntityPickupItemEvent]: PLAYER picked up WHEAT_SEEDS
[08:23:01][EntityPickupItemEvent]: PLAYER picked up SPRUCE_LOG
[08:23:08][EntityPickupItemEvent]: PLAYER picked up SPRUCE_LOG
[08:23:11][EntityPickupItemEvent]: PLAYER picked up SPRUCE_LOG
[08:23:14][EntityPickupItemEvent]: PLAYER picked up SPRUCE_LOG
[08:23:18][EntityPickupItemEvent]: PLAYER picked up SPRUCE_LOG
[08:23:21][EntityPickupItemEvent]: PLAYER picked up SPRUCE_LOG
[08:24:03][EntityPickupItemEvent]: PLAYER picked up DIRT
[08:24:07][EntityPickupItemEvent]: PLAYER picked up COBBLESTONE
[08:24:08][EntityPickupItemEvent]: PLAYER picked up COBBLESTONE
[08:24:10][EntityPickupItemEvent]: PLAYER picked up COBBLESTONE
[08:24:11][EntityPickupItemEvent]: PLAYER picked up COBBLESTONE
[08:24:13][EntityPickupItemEvent]: PLAYER picked up COBBLESTONE
[08:24:16][EntityPickupItemEvent]: PLAYER picked up COBBLESTONE
[08:24:17][EntityPickupItemEvent]: PLAYER picked up COBBLESTONE
[08:24:19][EntityPickupItemEvent]: PLAYER picked up COBBLESTONE
[08:24:20][EntityPickupItemEvent]: PLAYER picked up COBBLESTONE
[08:24:22][EntityPickupItemEvent]: PLAYER picked up COBBLESTONE
[08:24:23][EntityPickupItemEvent]: PLAYER picked up COBBLESTONE
[08:24:25][EntityPickupItemEvent]: PLAYER picked up COBBLESTONE
[08:24:26][EntityPickupItemEvent]: PLAYER picked up COBBLESTONE
[08:24:28][EntityPickupItemEvent]: PLAYER picked up COBBLESTONE
[08:24:30][EntityPickupItemEvent]: PLAYER picked up COBBLESTONE
[08:24:31][EntityPickupItemEvent]: PLAYER picked up COBBLESTONE
[08:24:33][EntityPickupItemEvent]: PLAYER picked up COBBLESTONE
[08:24:46][EntityPickupItemEvent]: PLAYER picked up COBBLESTONE
[08:24:47][EntityPickupItemEvent]: PLAYER picked up COBBLESTONE
[08:24:49][EntityPickupItemEvent]: PLAYER picked up COBBLESTONE
[08:24:51][EntityPickupItemEvent]: PLAYER picked up COBBLESTONE
[08:24:52][EntityPickupItemEvent]: PLAYER picked up COBBLESTONE
[08:24:53][EntityPickupItemEvent]: PLAYER picked up COBBLESTONE
[08:24:56][EntityPickupItemEvent]: PLAYER picked up COBBLESTONE
[08:25:04][EntityPickupItemEvent]: PLAYER picked up COBBLESTONE
[08:25:06][EntityPickupItemEvent]: PLAYER picked up COBBLESTONE
[08:25:07][EntityPickupItemEvent]: PLAYER picked up COBBLESTONE
[08:25:09][EntityPickupItemEvent]: PLAYER picked up IRON_ORE
[08:25:11][EntityPickupItemEvent]: PLAYER picked up IRON_ORE
[08:25:13][EntityPickupItemEvent]: PLAYER picked up IRON_ORE
[08:25:15][EntityPickupItemEvent]: PLAYER picked up IRON_ORE
[08:25:17][EntityPickupItemEvent]: PLAYER picked up IRON_ORE
[08:25:21][EntityPickupItemEvent]: PLAYER picked up COBBLESTONE
[08:25:22][EntityPickupItemEvent]: PLAYER picked up COBBLESTONE
[08:25:23][EntityPickupItemEvent]: PLAYER picked up COBBLESTONE
[08:25:24][EntityPickupItemEvent]: PLAYER picked up COBBLESTONE
[08:25:39][EntityPickupItemEvent]: PLAYER picked up DIRT
[08:25:43][EntityPickupItemEvent]: PLAYER picked up COAL
[08:25:49][EntityPickupItemEvent]: PLAYER picked up COBBLESTONE
[08:25:50][EntityPickupItemEvent]: PLAYER picked up COBBLESTONE
[08:25:51][EntityPickupItemEvent]: PLAYER picked up COBBLESTONE
[08:25:52][EntityPickupItemEvent]: PLAYER picked up DIORITE
[08:25:53][EntityPickupItemEvent]: PLAYER picked up COBBLESTONE
[08:25:54][EntityPickupItemEvent]: PLAYER picked up COBBLESTONE
[08:25:55][EntityPickupItemEvent]: PLAYER picked up DIORITE
[08:25:55][EntityPickupItemEvent]: PLAYER picked up DIORITE
[08:25:58][EntityPickupItemEvent]: PLAYER picked up DIORITE
[08:25:59][EntityPickupItemEvent]: PLAYER picked up DIORITE
[08:26:00][EntityPickupItemEvent]: PLAYER picked up DIORITE
[08:26:08][EntityPickupItemEvent]: PLAYER picked up COBBLESTONE
[08:26:09][EntityPickupItemEvent]: PLAYER picked up COBBLESTONE
[08:26:10][EntityPickupItemEvent]: PLAYER picked up COBBLESTONE
[08:26:14][EntityPickupItemEvent]: PLAYER picked up COBBLESTONE
[08:26:59][EntityPickupItemEvent]: PLAYER picked up COBBLESTONE
[08:27:00][EntityPickupItemEvent]: PLAYER picked up COBBLESTONE
[08:28:03][EntityPickupItemEvent]: PLAYER picked up DIAMOND
[08:28:04][EntityPickupItemEvent]: PLAYER picked up DIAMOND
[08:28:06][EntityPickupItemEvent]: PLAYER picked up DIAMOND
[08:28:10][EntityPickupItemEvent]: PLAYER picked up COBBLESTONE
[08:28:11][EntityPickupItemEvent]: PLAYER picked up COBBLESTONE
[08:28:12][EntityPickupItemEvent]: PLAYER picked up COBBLESTONE
[08:28:13][EntityPickupItemEvent]: PLAYER picked up COBBLESTONE
[08:28:14][EntityPickupItemEvent]: PLAYER picked up COBBLESTONE
[08:28:14][EntityPickupItemEvent]: PLAYER picked up COBBLESTONE
[08:28:15][EntityPickupItemEvent]: PLAYER picked up COBBLESTONE
[08:28:16][EntityPickupItemEvent]: PLAYER picked up COBBLESTONE
[08:28:17][EntityPickupItemEvent]: PLAYER picked up COBBLESTONE
[08:28:18][EntityPickupItemEvent]: PLAYER picked up COBBLESTONE
[08:28:18][EntityPickupItemEvent]: PLAYER picked up COBBLESTONE
[08:28:19][EntityPickupItemEvent]: PLAYER picked up COBBLESTONE
[08:28:19][EntityPickupItemEvent]: PLAYER picked up COBBLESTONE
[08:28:21][EntityPickupItemEvent]: PLAYER picked up COBBLESTONE
[08:28:22][EntityPickupItemEvent]: PLAYER picked up COBBLESTONE
[08:28:23][EntityPickupItemEvent]: PLAYER picked up COBBLESTONE
[08:28:24][EntityPickupItemEvent]: PLAYER picked up COBBLESTONE
[08:28:25][EntityPickupItemEvent]: PLAYER picked up COBBLESTONE
[08:28:25][EntityPickupItemEvent]: PLAYER picked up COBBLESTONE
[08:28:26][EntityPickupItemEvent]: PLAYER picked up COBBLESTONE
[08:28:27][EntityPickupItemEvent]: PLAYER picked up COBBLESTONE
[08:28:28][EntityPickupItemEvent]: PLAYER picked up COBBLESTONE
[08:28:39][EntityPickupItemEvent]: PLAYER picked up GOLD_ORE
[08:28:39][EntityPickupItemEvent]: PLAYER picked up GOLD_ORE
[08:28:42][EntityPickupItemEvent]: PLAYER picked up GOLD_ORE
[08:28:43][EntityPickupItemEvent]: PLAYER picked up GOLD_ORE
[08:28:46][EntityPickupItemEvent]: PLAYER picked up GOLD_ORE
[08:28:47][EntityPickupItemEvent]: PLAYER picked up COBBLESTONE
[08:28:49][EntityPickupItemEvent]: PLAYER picked up GOLD_ORE
[08:28:50][EntityPickupItemEvent]: PLAYER picked up GOLD_ORE
[08:29:19][EntityPickupItemEvent]: PLAYER picked up COBBLESTONE
[08:29:20][EntityPickupItemEvent]: PLAYER picked up COBBLESTONE
[08:29:20][EntityPickupItemEvent]: PLAYER picked up COBBLESTONE
[08:29:21][EntityPickupItemEvent]: PLAYER picked up COBBLESTONE
[08:29:22][EntityPickupItemEvent]: PLAYER picked up COBBLESTONE
[08:29:23][EntityPickupItemEvent]: PLAYER picked up COBBLESTONE
[08:29:24][EntityPickupItemEvent]: PLAYER picked up COBBLESTONE
[08:29:24][EntityPickupItemEvent]: PLAYER picked up COBBLESTONE
[08:29:25][EntityPickupItemEvent]: PLAYER picked up COBBLESTONE
[08:29:26][EntityPickupItemEvent]: PLAYER picked up COBBLESTONE
[08:29:27][EntityPickupItemEvent]: PLAYER picked up COBBLESTONE
[08:29:27][EntityPickupItemEvent]: PLAYER picked up COBBLESTONE
[08:29:27][EntityPickupItemEvent]: PLAYER picked up COBBLESTONE
[08:29:28][EntityPickupItemEvent]: PLAYER picked up COBBLESTONE
[08:29:29][EntityPickupItemEvent]: PLAYER picked up COBBLESTONE
[08:29:30][EntityPickupItemEvent]: PLAYER picked up COBBLESTONE
[08:29:31][EntityPickupItemEvent]: PLAYER picked up COBBLESTONE
[08:29:31][EntityPickupItemEvent]: PLAYER picked up COBBLESTONE
[08:29:32][EntityPickupItemEvent]: PLAYER picked up COBBLESTONE
[08:29:33][EntityPickupItemEvent]: PLAYER picked up COBBLESTONE
[08:29:34][EntityPickupItemEvent]: PLAYER picked up COBBLESTONE
[08:29:36][EntityPickupItemEvent]: PLAYER picked up COBBLESTONE
[08:29:36][EntityPickupItemEvent]: PLAYER picked up COBBLESTONE
[08:29:36][EntityPickupItemEvent]: PLAYER picked up COBBLESTONE
[08:29:37][EntityPickupItemEvent]: PLAYER picked up COBBLESTONE
[08:29:38][EntityPickupItemEvent]: PLAYER picked up COBBLESTONE
[08:29:39][EntityPickupItemEvent]: PLAYER picked up DIORITE
[08:29:39][EntityPickupItemEvent]: PLAYER picked up COBBLESTONE
[08:29:41][EntityPickupItemEvent]: PLAYER picked up REDSTONE
[08:29:43][EntityPickupItemEvent]: PLAYER picked up REDSTONE
[08:29:43][EntityPickupItemEvent]: PLAYER picked up GRANITE
[08:29:44][EntityPickupItemEvent]: PLAYER picked up COBBLESTONE
[08:29:45][EntityPickupItemEvent]: PLAYER picked up COBBLESTONE
[08:29:45][EntityPickupItemEvent]: PLAYER picked up COBBLESTONE
[08:29:46][EntityPickupItemEvent]: PLAYER picked up GRANITE
[08:29:47][EntityPickupItemEvent]: PLAYER picked up COBBLESTONE
[08:29:48][EntityPickupItemEvent]: PLAYER picked up COBBLESTONE
[08:29:55][EntityPickupItemEvent]: PLAYER picked up COBBLESTONE
[08:29:56][EntityPickupItemEvent]: PLAYER picked up COBBLESTONE
[08:29:57][EntityPickupItemEvent]: PLAYER picked up COBBLESTONE
[08:29:59][EntityPickupItemEvent]: PLAYER picked up COBBLESTONE
[08:30:00][EntityPickupItemEvent]: PLAYER picked up COBBLESTONE
[08:30:03][EntityPickupItemEvent]: PLAYER picked up COBBLESTONE
[08:30:03][EntityPickupItemEvent]: PLAYER picked up COBBLESTONE
[08:30:04][EntityPickupItemEvent]: PLAYER picked up COBBLESTONE
[08:30:05][EntityPickupItemEvent]: PLAYER picked up COBBLESTONE
[08:30:06][EntityPickupItemEvent]: PLAYER picked up COBBLESTONE
[08:30:10][EntityPickupItemEvent]: PLAYER picked up COBBLESTONE
[08:30:10][EntityPickupItemEvent]: PLAYER picked up COBBLESTONE
[08:30:11][EntityPickupItemEvent]: PLAYER picked up COBBLESTONE
[08:30:13][EntityPickupItemEvent]: PLAYER picked up COBBLESTONE
[08:30:13][EntityPickupItemEvent]: PLAYER picked up COBBLESTONE
[08:30:14][EntityPickupItemEvent]: PLAYER picked up COBBLESTONE
[08:30:15][EntityPickupItemEvent]: PLAYER picked up COBBLESTONE
[08:30:16][EntityPickupItemEvent]: PLAYER picked up COBBLESTONE
[08:30:18][EntityPickupItemEvent]: PLAYER picked up COBBLESTONE
[08:30:18][EntityPickupItemEvent]: PLAYER picked up COBBLESTONE
[08:30:19][EntityPickupItemEvent]: PLAYER picked up COBBLESTONE
[08:30:21][EntityPickupItemEvent]: PLAYER picked up COBBLESTONE
[08:30:22][EntityPickupItemEvent]: PLAYER picked up COBBLESTONE
[08:30:23][EntityPickupItemEvent]: PLAYER picked up COBBLESTONE
[08:30:24][EntityPickupItemEvent]: PLAYER picked up COBBLESTONE
[08:30:31][EntityPickupItemEvent]: PLAYER picked up REDSTONE
[08:30:33][EntityPickupItemEvent]: PLAYER picked up REDSTONE
[08:30:38][EntityPickupItemEvent]: PLAYER picked up COBBLESTONE
[08:30:40][EntityPickupItemEvent]: PLAYER picked up COBBLESTONE
[08:30:41][EntityPickupItemEvent]: PLAYER picked up COBBLESTONE
[08:30:41][EntityPickupItemEvent]: PLAYER picked up COBBLESTONE
[08:30:43][EntityPickupItemEvent]: PLAYER picked up DIORITE
[08:30:43][EntityPickupItemEvent]: PLAYER picked up DIORITE
[08:30:44][EntityPickupItemEvent]: PLAYER picked up DIORITE
[08:30:44][EntityPickupItemEvent]: PLAYER picked up DIORITE
[08:30:45][EntityPickupItemEvent]: PLAYER picked up DIORITE
[08:30:46][EntityPickupItemEvent]: PLAYER picked up DIORITE
[08:30:47][EntityPickupItemEvent]: PLAYER picked up DIORITE
[08:30:48][EntityPickupItemEvent]: PLAYER picked up DIORITE
[08:30:49][EntityPickupItemEvent]: PLAYER picked up DIORITE
[08:30:50][EntityPickupItemEvent]: PLAYER picked up DIORITE
[08:30:50][EntityPickupItemEvent]: PLAYER picked up DIORITE
[08:30:52][EntityPickupItemEvent]: PLAYER picked up COBBLESTONE
[08:30:53][EntityPickupItemEvent]: PLAYER picked up COBBLESTONE
[08:30:53][EntityPickupItemEvent]: PLAYER picked up COBBLESTONE
[08:30:54][EntityPickupItemEvent]: PLAYER picked up COBBLESTONE
[08:30:55][EntityPickupItemEvent]: PLAYER picked up ANDESITE
[08:30:56][EntityPickupItemEvent]: PLAYER picked up ANDESITE
[08:30:57][EntityPickupItemEvent]: PLAYER picked up ANDESITE
[08:30:58][EntityPickupItemEvent]: PLAYER picked up ANDESITE
[08:30:59][EntityPickupItemEvent]: PLAYER picked up ANDESITE
[08:30:59][EntityPickupItemEvent]: PLAYER picked up ANDESITE
[08:30:59][EntityPickupItemEvent]: PLAYER picked up ANDESITE
[08:31:02][EntityPickupItemEvent]: PLAYER picked up ANDESITE
[08:31:02][EntityPickupItemEvent]: PLAYER picked up COBBLESTONE
[08:31:04][EntityPickupItemEvent]: PLAYER picked up IRON_ORE
[08:31:07][EntityPickupItemEvent]: PLAYER picked up COBBLESTONE
[08:31:08][EntityPickupItemEvent]: PLAYER picked up COBBLESTONE
[08:31:09][EntityPickupItemEvent]: PLAYER picked up COBBLESTONE
[08:31:10][EntityPickupItemEvent]: PLAYER picked up COBBLESTONE
[08:31:11][EntityPickupItemEvent]: PLAYER picked up COBBLESTONE
[08:31:12][EntityPickupItemEvent]: PLAYER picked up COBBLESTONE
[08:31:13][EntityPickupItemEvent]: PLAYER picked up COBBLESTONE
[08:31:14][EntityPickupItemEvent]: PLAYER picked up COBBLESTONE
[08:31:15][EntityPickupItemEvent]: PLAYER picked up COBBLESTONE
[08:31:16][EntityPickupItemEvent]: PLAYER picked up COBBLESTONE
[08:31:17][EntityPickupItemEvent]: PLAYER picked up COBBLESTONE
[08:31:17][EntityPickupItemEvent]: PLAYER picked up COBBLESTONE
[08:31:18][EntityPickupItemEvent]: PLAYER picked up COBBLESTONE
[08:31:19][EntityPickupItemEvent]: PLAYER picked up COBBLESTONE
[08:31:20][EntityPickupItemEvent]: PLAYER picked up COBBLESTONE
[08:31:22][EntityPickupItemEvent]: PLAYER picked up COBBLESTONE
[08:31:22][EntityPickupItemEvent]: PLAYER picked up COBBLESTONE
[08:31:23][EntityPickupItemEvent]: PLAYER picked up COBBLESTONE
[08:31:24][EntityPickupItemEvent]: PLAYER picked up COBBLESTONE
[08:31:25][EntityPickupItemEvent]: PLAYER picked up COBBLESTONE
[08:31:26][EntityPickupItemEvent]: PLAYER picked up COBBLESTONE
[08:31:27][EntityPickupItemEvent]: PLAYER picked up COBBLESTONE
[08:31:28][EntityPickupItemEvent]: PLAYER picked up GRANITE
[08:31:30][EntityPickupItemEvent]: PLAYER picked up COBBLESTONE
[08:31:31][EntityPickupItemEvent]: PLAYER picked up GRANITE
[08:31:32][EntityPickupItemEvent]: PLAYER picked up COBBLESTONE
[08:31:33][EntityPickupItemEvent]: PLAYER picked up COBBLESTONE
[08:31:34][EntityPickupItemEvent]: PLAYER picked up COBBLESTONE
[08:31:35][EntityPickupItemEvent]: PLAYER picked up COBBLESTONE
[08:31:36][EntityPickupItemEvent]: PLAYER picked up COBBLESTONE
[08:31:37][EntityPickupItemEvent]: PLAYER picked up COBBLESTONE
[08:31:38][EntityPickupItemEvent]: PLAYER picked up COBBLESTONE
[08:31:40][EntityPickupItemEvent]: PLAYER picked up COBBLESTONE
[08:31:45][EntityPickupItemEvent]: PLAYER picked up GRANITE
[08:31:46][EntityPickupItemEvent]: PLAYER picked up GRANITE
[08:31:47][EntityPickupItemEvent]: PLAYER picked up COBBLESTONE
[08:31:49][EntityPickupItemEvent]: PLAYER picked up COBBLESTONE
[08:31:50][EntityPickupItemEvent]: PLAYER picked up COBBLESTONE
[08:31:54][EntityPickupItemEvent]: PLAYER picked up GRANITE
[08:31:56][EntityPickupItemEvent]: PLAYER picked up COBBLESTONE
[08:32:22][EntityPickupItemEvent]: PLAYER picked up IRON_ORE
[08:32:30][EntityPickupItemEvent]: PLAYER picked up IRON_ORE
[08:32:37][EntityPickupItemEvent]: PLAYER picked up COBBLESTONE
[08:32:38][EntityPickupItemEvent]: PLAYER picked up COBBLESTONE
[08:32:39][EntityPickupItemEvent]: PLAYER picked up COBBLESTONE
[08:32:40][EntityPickupItemEvent]: PLAYER picked up COBBLESTONE
[08:32:41][EntityPickupItemEvent]: PLAYER picked up COBBLESTONE
[08:32:43][EntityPickupItemEvent]: PLAYER picked up COBBLESTONE
[08:32:44][EntityPickupItemEvent]: PLAYER picked up COBBLESTONE
[08:32:45][EntityPickupItemEvent]: PLAYER picked up COBBLESTONE
[08:32:47][EntityPickupItemEvent]: PLAYER picked up COBBLESTONE
[08:32:49][EntityPickupItemEvent]: PLAYER picked up COBBLESTONE
[08:32:50][EntityPickupItemEvent]: PLAYER picked up COBBLESTONE
[08:32:53][EntityPickupItemEvent]: PLAYER picked up COBBLESTONE
[08:32:54][EntityPickupItemEvent]: PLAYER picked up COBBLESTONE
[08:32:55][EntityPickupItemEvent]: PLAYER picked up COBBLESTONE
[08:32:57][EntityPickupItemEvent]: PLAYER picked up COBBLESTONE
[08:32:59][EntityPickupItemEvent]: PLAYER picked up COBBLESTONE
[08:33:00][EntityPickupItemEvent]: PLAYER picked up COBBLESTONE
[08:33:01][EntityPickupItemEvent]: PLAYER picked up COBBLESTONE
[08:33:01][EntityPickupItemEvent]: PLAYER picked up COBBLESTONE
[08:33:02][EntityPickupItemEvent]: PLAYER picked up COBBLESTONE
[08:33:02][EntityPickupItemEvent]: PLAYER picked up COBBLESTONE
[08:33:04][EntityPickupItemEvent]: PLAYER picked up COBBLESTONE
[08:33:05][EntityPickupItemEvent]: PLAYER picked up COBBLESTONE
[08:33:07][EntityPickupItemEvent]: PLAYER picked up COBBLESTONE
[08:33:09][EntityPickupItemEvent]: PLAYER picked up COBBLESTONE
[08:33:11][EntityPickupItemEvent]: PLAYER picked up COBBLESTONE
[08:33:12][EntityPickupItemEvent]: PLAYER picked up COBBLESTONE
[08:33:13][EntityPickupItemEvent]: PLAYER picked up COBBLESTONE
[08:33:14][EntityPickupItemEvent]: PLAYER picked up COBBLESTONE
[08:33:14][EntityPickupItemEvent]: PLAYER picked up COBBLESTONE
[08:33:17][EntityPickupItemEvent]: PLAYER picked up COBBLESTONE
[08:33:19][EntityPickupItemEvent]: PLAYER picked up COBBLESTONE
[08:38:08][EntityPickupItemEvent]: PLAYER picked up DIRT
[08:38:15][EntityPickupItemEvent]: PLAYER picked up DIRT
[08:38:41][EntityPickupItemEvent]: PLAYER picked up DIRT
[08:39:15][EntityPickupItemEvent]: PLAYER picked up DIRT
[08:40:32][EntityPickupItemEvent]: PLAYER picked up DIRT
[08:40:34][EntityPickupItemEvent]: PLAYER picked up DIRT
[08:40:35][EntityPickupItemEvent]: PLAYER picked up DIRT
[08:40:41][EntityPickupItemEvent]: PLAYER picked up DIRT
[08:40:41][EntityPickupItemEvent]: PLAYER picked up DIRT
[08:40:42][EntityPickupItemEvent]: PLAYER picked up DIRT
[08:40:43][EntityPickupItemEvent]: PLAYER picked up DIRT
[08:41:03][EntityPickupItemEvent]: PLAYER picked up DIRT
[08:41:06][EntityPickupItemEvent]: PLAYER picked up DIRT
[08:41:09][EntityPickupItemEvent]: PLAYER picked up DIRT
[08:41:11][EntityPickupItemEvent]: PLAYER picked up DIRT
[08:41:14][EntityPickupItemEvent]: PLAYER picked up DIRT
[08:41:17][EntityPickupItemEvent]: PLAYER picked up DIRT
[08:41:20][EntityPickupItemEvent]: PLAYER picked up DIRT
[08:41:22][EntityPickupItemEvent]: PLAYER picked up DIRT
[08:41:25][EntityPickupItemEvent]: PLAYER picked up DIRT
[08:41:27][EntityPickupItemEvent]: PLAYER picked up DIRT
[08:41:29][EntityPickupItemEvent]: PLAYER picked up DIRT
