[07:49:57][EntityPickupItemEvent]: PLAYER picked up SPRUCE_LOG
[07:50:01][EntityPickupItemEvent]: PLAYER picked up SPRUCE_LOG
[07:50:05][EntityPickupItemEvent]: PLAYER picked up SPRUCE_LOG
[07:50:08][EntityPickupItemEvent]: PLAYER picked up SPRUCE_LOG
[07:50:12][EntityPickupItemEvent]: PLAYER picked up SPRUCE_LOG
[07:50:15][EntityPickupItemEvent]: PLAYER picked up SPRUCE_LOG
[07:50:18][EntityPickupItemEvent]: PLAYER picked up STICK
[07:50:25][EntityPickupItemEvent]: PLAYER picked up SPRUCE_SAPLING
[07:50:33][EntityPickupItemEvent]: PLAYER picked up SPRUCE_LOG
[07:50:53][EntityPickupItemEvent]: PLAYER picked up COBBLESTONE
[07:50:55][EntityPickupItemEvent]: PLAYER picked up COBBLESTONE
[07:50:56][EntityPickupItemEvent]: PLAYER picked up COBBLESTONE
[07:50:57][EntityPickupItemEvent]: PLAYER picked up COBBLESTONE
[07:50:59][EntityPickupItemEvent]: PLAYER picked up COBBLESTONE
[07:51:01][EntityPickupItemEvent]: PLAYER picked up COBBLESTONE
[07:51:02][EntityPickupItemEvent]: PLAYER picked up COBBLESTONE
[07:51:18][EntityPickupItemEvent]: PLAYER picked up DIRT
[07:51:19][EntityPickupItemEvent]: PLAYER picked up DIRT
[07:51:20][EntityPickupItemEvent]: PLAYER picked up DIRT
[07:51:22][EntityPickupItemEvent]: PLAYER picked up DIRT
[07:51:23][EntityPickupItemEvent]: PLAYER picked up DIRT
[07:51:25][EntityPickupItemEvent]: PLAYER picked up DIRT
[07:51:47][EntityPickupItemEvent]: PLAYER picked up COBBLESTONE
[07:51:49][EntityPickupItemEvent]: PLAYER picked up DIRT
[07:51:50][EntityPickupItemEvent]: PLAYER picked up COBBLESTONE
[07:51:50][EntityPickupItemEvent]: PLAYER picked up COBBLESTONE
[07:51:51][EntityPickupItemEvent]: PLAYER picked up COBBLESTONE
[07:51:53][EntityPickupItemEvent]: PLAYER picked up DIORITE
[07:52:22][EntityPickupItemEvent]: PLAYER picked up DIRT
[07:52:24][EntityPickupItemEvent]: PLAYER picked up DIRT
[07:52:28][EntityPickupItemEvent]: PLAYER picked up DIRT
[07:52:34][EntityPickupItemEvent]: PLAYER picked up DIRT
[07:52:36][EntityPickupItemEvent]: PLAYER picked up DIRT
[07:52:39][EntityPickupItemEvent]: PLAYER picked up DIRT
[07:52:43][EntityPickupItemEvent]: PLAYER picked up DIRT
[07:53:08][EntityPickupItemEvent]: PLAYER picked up COBBLESTONE
[07:53:09][EntityPickupItemEvent]: PLAYER picked up COBBLESTONE
[07:53:41][EntityPickupItemEvent]: PLAYER picked up COBBLESTONE
[07:54:00][EntityPickupItemEvent]: PLAYER picked up COBBLESTONE
[07:54:36][EntityPickupItemEvent]: PLAYER picked up COBBLESTONE
[07:54:40][EntityPickupItemEvent]: PLAYER picked up GRAVEL
[07:54:48][EntityPickupItemEvent]: PLAYER picked up GRANITE
[07:54:49][EntityPickupItemEvent]: PLAYER picked up GRANITE
[07:55:37][EntityPickupItemEvent]: PLAYER picked up SPRUCE_LOG
[07:55:40][EntityPickupItemEvent]: PLAYER picked up SPRUCE_LOG
[07:55:43][EntityPickupItemEvent]: PLAYER picked up DIRT
[07:55:50][EntityPickupItemEvent]: PLAYER picked up SPRUCE_LOG
[07:55:53][EntityPickupItemEvent]: PLAYER picked up SPRUCE_LOG
[07:55:57][EntityPickupItemEvent]: PLAYER picked up SPRUCE_LOG
[07:56:00][EntityPickupItemEvent]: PLAYER picked up SPRUCE_LOG
[07:56:08][EntityPickupItemEvent]: PLAYER picked up SPRUCE_LOG
[07:56:11][EntityPickupItemEvent]: PLAYER picked up SPRUCE_SAPLING
[07:56:26][EntityPickupItemEvent]: PLAYER picked up COBBLESTONE
[07:56:28][EntityPickupItemEvent]: PLAYER picked up COBBLESTONE
[07:56:29][EntityPickupItemEvent]: PLAYER picked up COBBLESTONE
[07:56:31][EntityPickupItemEvent]: PLAYER picked up COBBLESTONE
[07:56:32][EntityPickupItemEvent]: PLAYER picked up COBBLESTONE
[07:56:37][EntityPickupItemEvent]: PLAYER picked up COBBLESTONE
[07:56:57][EntityPickupItemEvent]: PLAYER picked up IRON_ORE
[07:57:01][EntityPickupItemEvent]: PLAYER picked up IRON_ORE
[07:57:01][EntityPickupItemEvent]: PLAYER picked up IRON_ORE
[07:57:04][EntityPickupItemEvent]: PLAYER picked up IRON_ORE
[07:57:05][EntityPickupItemEvent]: PLAYER picked up IRON_ORE
[07:57:07][EntityPickupItemEvent]: PLAYER picked up IRON_ORE
[07:57:08][EntityPickupItemEvent]: PLAYER picked up IRON_ORE
[07:57:10][EntityPickupItemEvent]: PLAYER picked up COBBLESTONE
[07:57:16][EntityPickupItemEvent]: PLAYER picked up IRON_ORE
[07:57:17][EntityPickupItemEvent]: PLAYER picked up COBBLESTONE
[07:57:19][EntityPickupItemEvent]: PLAYER picked up IRON_ORE
[07:57:22][EntityPickupItemEvent]: PLAYER picked up IRON_ORE
[07:57:22][EntityPickupItemEvent]: PLAYER picked up GRAVEL
[07:57:26][EntityPickupItemEvent]: PLAYER picked up GRAVEL
[07:57:26][EntityPickupItemEvent]: PLAYER picked up GRAVEL
[07:57:30][EntityPickupItemEvent]: PLAYER picked up IRON_ORE
[07:57:31][EntityPickupItemEvent]: PLAYER picked up GRAVEL
[07:57:33][EntityPickupItemEvent]: PLAYER picked up GRAVEL
[07:57:34][EntityPickupItemEvent]: PLAYER picked up FLINT
[07:57:35][EntityPickupItemEvent]: PLAYER picked up IRON_ORE
[07:57:35][EntityPickupItemEvent]: PLAYER picked up IRON_ORE
[07:57:37][EntityPickupItemEvent]: PLAYER picked up COBBLESTONE
[07:57:38][EntityPickupItemEvent]: PLAYER picked up IRON_ORE
[07:57:39][EntityPickupItemEvent]: PLAYER picked up COBBLESTONE
[07:57:43][EntityPickupItemEvent]: PLAYER picked up GRAVEL
[07:57:44][EntityPickupItemEvent]: PLAYER picked up GRAVEL
[07:57:46][EntityPickupItemEvent]: PLAYER picked up IRON_ORE
[07:58:02][EntityPickupItemEvent]: PLAYER picked up COAL
[07:58:06][EntityPickupItemEvent]: PLAYER picked up COAL
[07:58:07][EntityPickupItemEvent]: PLAYER picked up COAL
[07:58:07][EntityPickupItemEvent]: PLAYER picked up COAL
[07:58:09][EntityPickupItemEvent]: PLAYER picked up COAL
[07:58:10][EntityPickupItemEvent]: PLAYER picked up COBBLESTONE
[07:58:11][EntityPickupItemEvent]: PLAYER picked up COBBLESTONE
[07:58:12][EntityPickupItemEvent]: PLAYER picked up COBBLESTONE
[07:58:13][EntityPickupItemEvent]: PLAYER picked up COBBLESTONE
[07:58:14][EntityPickupItemEvent]: PLAYER picked up COBBLESTONE
[07:58:15][EntityPickupItemEvent]: PLAYER picked up COBBLESTONE
[07:58:16][EntityPickupItemEvent]: PLAYER picked up COBBLESTONE
[07:58:17][EntityPickupItemEvent]: PLAYER picked up COBBLESTONE
[07:58:18][EntityPickupItemEvent]: PLAYER picked up COBBLESTONE
[07:58:19][EntityPickupItemEvent]: PLAYER picked up COBBLESTONE
[07:58:20][EntityPickupItemEvent]: PLAYER picked up COBBLESTONE
[07:58:21][EntityPickupItemEvent]: PLAYER picked up COBBLESTONE
[07:58:21][EntityPickupItemEvent]: PLAYER picked up COBBLESTONE
[07:58:22][EntityPickupItemEvent]: PLAYER picked up COBBLESTONE
[07:58:47][EntityPickupItemEvent]: PLAYER picked up DIRT
[07:59:00][EntityPickupItemEvent]: PLAYER picked up DIRT
[07:59:07][EntityPickupItemEvent]: PLAYER picked up DIRT
[07:59:56][EntityPickupItemEvent]: PLAYER picked up DIRT
[07:59:57][EntityPickupItemEvent]: PLAYER picked up DIRT
[08:00:00][EntityPickupItemEvent]: PLAYER picked up DIRT
[08:00:04][EntityPickupItemEvent]: PLAYER picked up DIRT
[08:00:05][EntityPickupItemEvent]: PLAYER picked up WHITE_BED
[08:00:08][EntityPickupItemEvent]: PLAYER picked up DIRT
[08:00:10][EntityPickupItemEvent]: PLAYER picked up DIRT
[08:00:12][EntityPickupItemEvent]: PLAYER picked up DIRT
[08:00:31][EntityPickupItemEvent]: PLAYER picked up GRAVEL
[08:00:32][EntityPickupItemEvent]: PLAYER picked up GRAVEL
[08:00:34][EntityPickupItemEvent]: PLAYER picked up GRAVEL
[08:00:35][EntityPickupItemEvent]: PLAYER picked up GRAVEL
[08:01:06][EntityPickupItemEvent]: PLAYER picked up SPRUCE_PLANKS
[08:01:10][EntityPickupItemEvent]: PLAYER picked up SPRUCE_PLANKS
[08:01:19][EntityPickupItemEvent]: PLAYER picked up SPRUCE_LOG
[08:01:22][EntityPickupItemEvent]: PLAYER picked up SPRUCE_LOG
[08:02:00][EntityPickupItemEvent]: PLAYER picked up SPRUCE_DOOR
[08:24:37][EntityPickupItemEvent]: PLAYER picked up SPRUCE_LOG
[08:24:44][EntityPickupItemEvent]: PLAYER picked up SPRUCE_LOG
[08:24:51][EntityPickupItemEvent]: PLAYER picked up SPRUCE_LOG
[08:24:55][EntityPickupItemEvent]: PLAYER picked up SPRUCE_LOG
[08:25:03][EntityPickupItemEvent]: PLAYER picked up SWEET_BERRIES
[08:25:13][EntityPickupItemEvent]: PLAYER picked up SPRUCE_LOG
[08:25:16][EntityPickupItemEvent]: PLAYER picked up SPRUCE_LOG
[08:25:20][EntityPickupItemEvent]: PLAYER picked up SPRUCE_LOG
[08:25:55][EntityPickupItemEvent]: PLAYER picked up SPRUCE_SAPLING
[08:26:17][EntityPickupItemEvent]: PLAYER picked up LEATHER
[08:26:17][EntityPickupItemEvent]: PLAYER picked up BEEF
[08:26:21][EntityPickupItemEvent]: PLAYER picked up LEATHER
[08:26:21][EntityPickupItemEvent]: PLAYER picked up BEEF
[08:26:40][EntityPickupItemEvent]: PLAYER picked up SWEET_BERRIES
[08:26:46][EntityPickupItemEvent]: PLAYER picked up LEATHER
[08:26:46][EntityPickupItemEvent]: PLAYER picked up BEEF
[08:27:05][EntityPickupItemEvent]: PLAYER picked up SPRUCE_LOG
[08:27:07][EntityPickupItemEvent]: PLAYER picked up SPRUCE_LOG
[08:27:11][EntityPickupItemEvent]: PLAYER picked up SPRUCE_LOG
[08:27:13][EntityPickupItemEvent]: PLAYER picked up SPRUCE_LOG
[08:27:15][EntityPickupItemEvent]: PLAYER picked up SPRUCE_LOG
[08:27:16][EntityPickupItemEvent]: PLAYER picked up SPRUCE_LOG
[08:27:19][EntityPickupItemEvent]: PLAYER picked up SPRUCE_LOG
[08:27:39][EntityPickupItemEvent]: PLAYER picked up FEATHER
[08:27:39][EntityPickupItemEvent]: PLAYER picked up CHICKEN
[08:29:21][EntityPickupItemEvent]: PLAYER picked up DIRT
[08:29:38][EntityPickupItemEvent]: PLAYER picked up DIRT
[08:29:44][EntityPickupItemEvent]: PLAYER picked up DIRT
[08:29:49][EntityPickupItemEvent]: PLAYER picked up DIRT
[08:29:50][EntityPickupItemEvent]: PLAYER picked up DIRT
[08:29:55][EntityPickupItemEvent]: PLAYER picked up DIRT
[08:29:58][EntityPickupItemEvent]: PLAYER picked up DIRT
[08:30:01][EntityPickupItemEvent]: PLAYER picked up DIRT
[08:30:04][EntityPickupItemEvent]: PLAYER picked up DIRT
[08:30:05][EntityPickupItemEvent]: PLAYER picked up DIRT
[08:30:26][EntityPickupItemEvent]: PLAYER picked up COBBLESTONE
[08:30:27][EntityPickupItemEvent]: PLAYER picked up COBBLESTONE
[08:30:27][EntityPickupItemEvent]: PLAYER picked up COBBLESTONE
[08:30:27][EntityPickupItemEvent]: PLAYER picked up COBBLESTONE
[08:30:29][EntityPickupItemEvent]: PLAYER picked up COBBLESTONE
[08:30:29][EntityPickupItemEvent]: PLAYER picked up COBBLESTONE
[08:30:29][EntityPickupItemEvent]: PLAYER picked up COBBLESTONE
[08:30:30][EntityPickupItemEvent]: PLAYER picked up COBBLESTONE
[08:30:31][EntityPickupItemEvent]: PLAYER picked up COBBLESTONE
[08:30:31][EntityPickupItemEvent]: PLAYER picked up COBBLESTONE
[08:30:36][EntityPickupItemEvent]: PLAYER picked up COBBLESTONE
[08:30:37][EntityPickupItemEvent]: PLAYER picked up COBBLESTONE
[08:30:39][EntityPickupItemEvent]: PLAYER picked up COBBLESTONE
[08:30:39][EntityPickupItemEvent]: PLAYER picked up COBBLESTONE
[08:30:39][EntityPickupItemEvent]: PLAYER picked up COBBLESTONE
[08:30:40][EntityPickupItemEvent]: PLAYER picked up COBBLESTONE
[08:30:40][EntityPickupItemEvent]: PLAYER picked up COBBLESTONE
[08:30:41][EntityPickupItemEvent]: PLAYER picked up COBBLESTONE
[08:30:42][EntityPickupItemEvent]: PLAYER picked up COBBLESTONE
[08:30:42][EntityPickupItemEvent]: PLAYER picked up COBBLESTONE
[08:30:44][EntityPickupItemEvent]: PLAYER picked up COBBLESTONE
[08:30:44][EntityPickupItemEvent]: PLAYER picked up COBBLESTONE
[08:30:45][EntityPickupItemEvent]: PLAYER picked up GRANITE
[08:30:47][EntityPickupItemEvent]: PLAYER picked up COBBLESTONE
[08:30:47][EntityPickupItemEvent]: PLAYER picked up GRANITE
[08:30:49][EntityPickupItemEvent]: PLAYER picked up COBBLESTONE
[08:30:49][EntityPickupItemEvent]: PLAYER picked up GRANITE
[08:30:50][EntityPickupItemEvent]: PLAYER picked up COBBLESTONE
[08:30:51][EntityPickupItemEvent]: PLAYER picked up COBBLESTONE
[08:30:52][EntityPickupItemEvent]: PLAYER picked up GRANITE
[08:30:54][EntityPickupItemEvent]: PLAYER picked up GRANITE
[08:30:54][EntityPickupItemEvent]: PLAYER picked up GRANITE
[08:30:55][EntityPickupItemEvent]: PLAYER picked up GRANITE
[08:30:56][EntityPickupItemEvent]: PLAYER picked up GRANITE
[08:30:56][EntityPickupItemEvent]: PLAYER picked up GRANITE
[08:30:57][EntityPickupItemEvent]: PLAYER picked up COBBLESTONE
[08:30:58][EntityPickupItemEvent]: PLAYER picked up COBBLESTONE
[08:30:58][EntityPickupItemEvent]: PLAYER picked up GRANITE
[08:30:59][EntityPickupItemEvent]: PLAYER picked up COBBLESTONE
[08:30:59][EntityPickupItemEvent]: PLAYER picked up COBBLESTONE
[08:31:00][EntityPickupItemEvent]: PLAYER picked up COBBLESTONE
[08:31:01][EntityPickupItemEvent]: PLAYER picked up COBBLESTONE
[08:31:02][EntityPickupItemEvent]: PLAYER picked up COBBLESTONE
[08:31:02][EntityPickupItemEvent]: PLAYER picked up COBBLESTONE
[08:31:03][EntityPickupItemEvent]: PLAYER picked up COBBLESTONE
[08:31:29][EntityPickupItemEvent]: PLAYER picked up COBBLESTONE
[08:31:30][EntityPickupItemEvent]: PLAYER picked up COBBLESTONE
[08:31:31][EntityPickupItemEvent]: PLAYER picked up COBBLESTONE
[08:31:32][EntityPickupItemEvent]: PLAYER picked up COBBLESTONE
[08:31:38][EntityPickupItemEvent]: PLAYER picked up COBBLESTONE
[08:31:38][EntityPickupItemEvent]: PLAYER picked up COBBLESTONE
[08:31:40][EntityPickupItemEvent]: PLAYER picked up COBBLESTONE
[08:31:40][EntityPickupItemEvent]: PLAYER picked up COBBLESTONE
[08:31:41][EntityPickupItemEvent]: PLAYER picked up COBBLESTONE
[08:31:42][EntityPickupItemEvent]: PLAYER picked up COBBLESTONE
[08:31:57][EntityPickupItemEvent]: PLAYER picked up ARROW
[08:33:09][EntityPickupItemEvent]: PLAYER picked up DIRT
[08:33:11][EntityPickupItemEvent]: PLAYER picked up COBBLESTONE
[08:33:12][EntityPickupItemEvent]: PLAYER picked up COBBLESTONE
[08:33:13][EntityPickupItemEvent]: PLAYER picked up COBBLESTONE
[08:33:14][EntityPickupItemEvent]: PLAYER picked up COBBLESTONE
[08:33:15][EntityPickupItemEvent]: PLAYER picked up COBBLESTONE
[08:33:16][EntityPickupItemEvent]: PLAYER picked up COBBLESTONE
[08:33:17][EntityPickupItemEvent]: PLAYER picked up COBBLESTONE
[08:33:18][EntityPickupItemEvent]: PLAYER picked up GRANITE
[08:33:18][EntityPickupItemEvent]: PLAYER picked up GRANITE
[08:33:19][EntityPickupItemEvent]: PLAYER picked up GRANITE
[08:33:20][EntityPickupItemEvent]: PLAYER picked up GRANITE
[08:33:39][EntityPickupItemEvent]: PLAYER picked up GRANITE
[08:33:41][EntityPickupItemEvent]: PLAYER picked up GRANITE
[08:33:47][EntityPickupItemEvent]: PLAYER picked up COBBLESTONE
[08:33:48][EntityPickupItemEvent]: PLAYER picked up GRANITE
[08:34:00][EntityPickupItemEvent]: PLAYER picked up COBBLESTONE
[08:34:04][EntityPickupItemEvent]: PLAYER picked up COBBLESTONE
[08:34:08][EntityPickupItemEvent]: PLAYER picked up COBBLESTONE
[08:34:09][EntityPickupItemEvent]: PLAYER picked up ANDESITE
[08:34:10][EntityPickupItemEvent]: PLAYER picked up COBBLESTONE
[08:34:11][EntityPickupItemEvent]: PLAYER picked up ANDESITE
[08:34:12][EntityPickupItemEvent]: PLAYER picked up COBBLESTONE
[08:34:13][EntityPickupItemEvent]: PLAYER picked up COBBLESTONE
[08:34:14][EntityPickupItemEvent]: PLAYER picked up COBBLESTONE
[08:34:16][EntityPickupItemEvent]: PLAYER picked up COBBLESTONE
[08:34:17][EntityPickupItemEvent]: PLAYER picked up COBBLESTONE
[08:34:18][EntityPickupItemEvent]: PLAYER picked up COBBLESTONE
[08:34:19][EntityPickupItemEvent]: PLAYER picked up COBBLESTONE
[08:34:20][EntityPickupItemEvent]: PLAYER picked up COBBLESTONE
[08:35:09][EntityPickupItemEvent]: PLAYER picked up BONE
[08:35:09][EntityPickupItemEvent]: PLAYER picked up BOW
[08:35:10][EntityPickupItemEvent]: PLAYER picked up IRON_PICKAXE
[08:35:11][EntityPickupItemEvent]: PLAYER picked up ARROW
[08:35:11][EntityPickupItemEvent]: PLAYER picked up WOODEN_AXE
[08:35:11][EntityPickupItemEvent]: PLAYER picked up IRON_INGOT
[08:35:11][EntityPickupItemEvent]: PLAYER picked up GRANITE
[08:35:11][EntityPickupItemEvent]: PLAYER picked up COOKED_BEEF
[08:35:11][EntityPickupItemEvent]: PLAYER picked up STICK
[08:35:11][EntityPickupItemEvent]: PLAYER picked up IRON_AXE
[08:35:11][EntityPickupItemEvent]: PLAYER picked up DIRT
[08:35:11][EntityPickupItemEvent]: PLAYER picked up SPRUCE_PLANKS
[08:35:11][EntityPickupItemEvent]: PLAYER picked up IRON_CHESTPLATE
[08:35:21][EntityPickupItemEvent]: PLAYER picked up COBBLESTONE
[08:36:12][EntityPickupItemEvent]: PLAYER picked up DIRT
[08:36:22][EntityPickupItemEvent]: PLAYER picked up IRON_ORE
[08:36:23][EntityPickupItemEvent]: PLAYER picked up IRON_ORE
[08:36:24][EntityPickupItemEvent]: PLAYER picked up IRON_ORE
[08:36:26][EntityPickupItemEvent]: PLAYER picked up IRON_ORE
[08:36:27][EntityPickupItemEvent]: PLAYER picked up IRON_ORE
[08:36:29][EntityPickupItemEvent]: PLAYER picked up IRON_ORE
[08:36:30][EntityPickupItemEvent]: PLAYER picked up IRON_ORE
[08:36:34][EntityPickupItemEvent]: PLAYER picked up IRON_ORE
[08:36:35][EntityPickupItemEvent]: PLAYER picked up COBBLESTONE
[08:36:36][EntityPickupItemEvent]: PLAYER picked up COBBLESTONE
[08:36:42][EntityPickupItemEvent]: PLAYER picked up COBBLESTONE
[08:36:42][EntityPickupItemEvent]: PLAYER picked up COBBLESTONE
[08:36:43][EntityPickupItemEvent]: PLAYER picked up COBBLESTONE
[08:36:44][EntityPickupItemEvent]: PLAYER picked up COBBLESTONE
[08:36:45][EntityPickupItemEvent]: PLAYER picked up COBBLESTONE
[08:36:45][EntityPickupItemEvent]: PLAYER picked up COBBLESTONE
[08:36:47][EntityPickupItemEvent]: PLAYER picked up COBBLESTONE
[08:36:48][EntityPickupItemEvent]: PLAYER picked up COBBLESTONE
[08:36:48][EntityPickupItemEvent]: PLAYER picked up COBBLESTONE
[08:36:55][EntityPickupItemEvent]: PLAYER picked up BONE
[08:36:59][EntityPickupItemEvent]: PLAYER picked up COBBLESTONE
[08:37:00][EntityPickupItemEvent]: PLAYER picked up COBBLESTONE
[08:37:02][EntityPickupItemEvent]: PLAYER picked up DIAMOND
[08:37:04][EntityPickupItemEvent]: PLAYER picked up DIAMOND
[08:37:09][EntityPickupItemEvent]: PLAYER picked up COBBLESTONE
[08:37:10][EntityPickupItemEvent]: PLAYER picked up COBBLESTONE
[08:37:11][EntityPickupItemEvent]: PLAYER picked up COBBLESTONE
[08:37:17][EntityPickupItemEvent]: PLAYER picked up IRON_ORE
[08:37:18][EntityPickupItemEvent]: PLAYER picked up IRON_ORE
[08:37:19][EntityPickupItemEvent]: PLAYER picked up IRON_ORE
[08:37:21][EntityPickupItemEvent]: PLAYER picked up IRON_ORE
[08:37:22][EntityPickupItemEvent]: PLAYER picked up IRON_ORE
[08:37:24][EntityPickupItemEvent]: PLAYER picked up IRON_ORE
[08:37:26][EntityPickupItemEvent]: PLAYER picked up IRON_ORE
[08:37:27][EntityPickupItemEvent]: PLAYER picked up IRON_ORE
[08:37:28][EntityPickupItemEvent]: PLAYER picked up IRON_ORE
[08:37:29][EntityPickupItemEvent]: PLAYER picked up IRON_ORE
[08:37:35][EntityPickupItemEvent]: PLAYER picked up COAL
[08:37:36][EntityPickupItemEvent]: PLAYER picked up COAL
[08:37:37][EntityPickupItemEvent]: PLAYER picked up COAL
[08:37:38][EntityPickupItemEvent]: PLAYER picked up GRANITE
[08:37:42][EntityPickupItemEvent]: PLAYER picked up COAL
[08:37:43][EntityPickupItemEvent]: PLAYER picked up COAL
[08:37:45][EntityPickupItemEvent]: PLAYER picked up GRANITE
[08:37:46][EntityPickupItemEvent]: PLAYER picked up GRANITE
[08:37:46][EntityPickupItemEvent]: PLAYER picked up COBBLESTONE
[08:37:48][EntityPickupItemEvent]: PLAYER picked up COBBLESTONE
[08:37:48][EntityPickupItemEvent]: PLAYER picked up COBBLESTONE
[08:37:49][EntityPickupItemEvent]: PLAYER picked up COBBLESTONE
[08:37:50][EntityPickupItemEvent]: PLAYER picked up COBBLESTONE
[08:37:50][EntityPickupItemEvent]: PLAYER picked up COBBLESTONE
[08:37:56][EntityPickupItemEvent]: PLAYER picked up COBBLESTONE
[08:38:09][EntityPickupItemEvent]: PLAYER picked up COBBLESTONE
[08:38:11][EntityPickupItemEvent]: PLAYER picked up REDSTONE
[08:38:21][EntityPickupItemEvent]: PLAYER picked up IRON_ORE
[08:38:23][EntityPickupItemEvent]: PLAYER picked up DIORITE
[08:38:24][EntityPickupItemEvent]: PLAYER picked up IRON_ORE
[08:38:33][EntityPickupItemEvent]: PLAYER picked up COBBLESTONE
[08:38:34][EntityPickupItemEvent]: PLAYER picked up COBBLESTONE
[08:38:35][EntityPickupItemEvent]: PLAYER picked up COBBLESTONE
[08:38:36][EntityPickupItemEvent]: PLAYER picked up COBBLESTONE
[08:38:37][EntityPickupItemEvent]: PLAYER picked up COBBLESTONE
[08:38:37][EntityPickupItemEvent]: PLAYER picked up COBBLESTONE
[08:38:38][EntityPickupItemEvent]: PLAYER picked up COBBLESTONE
[08:38:39][EntityPickupItemEvent]: PLAYER picked up COBBLESTONE
[08:38:40][EntityPickupItemEvent]: PLAYER picked up COBBLESTONE
[08:38:40][EntityPickupItemEvent]: PLAYER picked up COBBLESTONE
[08:38:43][EntityPickupItemEvent]: PLAYER picked up COBBLESTONE
[08:38:43][EntityPickupItemEvent]: PLAYER picked up COBBLESTONE
[08:38:44][EntityPickupItemEvent]: PLAYER picked up COBBLESTONE
[08:38:44][EntityPickupItemEvent]: PLAYER picked up COBBLESTONE
[08:38:45][EntityPickupItemEvent]: PLAYER picked up COBBLESTONE
[08:38:49][EntityPickupItemEvent]: PLAYER picked up COBBLESTONE
[08:38:52][EntityPickupItemEvent]: PLAYER picked up REDSTONE
[08:38:52][EntityPickupItemEvent]: PLAYER picked up COBBLESTONE
[08:38:52][EntityPickupItemEvent]: PLAYER picked up REDSTONE
[08:38:57][EntityPickupItemEvent]: PLAYER picked up COBBLESTONE
[08:38:58][EntityPickupItemEvent]: PLAYER picked up COBBLESTONE
[08:39:00][EntityPickupItemEvent]: PLAYER picked up COBBLESTONE
[08:39:01][EntityPickupItemEvent]: PLAYER picked up COBBLESTONE
[08:39:01][EntityPickupItemEvent]: PLAYER picked up COBBLESTONE
[08:39:02][EntityPickupItemEvent]: PLAYER picked up COBBLESTONE
[08:39:03][EntityPickupItemEvent]: PLAYER picked up COBBLESTONE
[08:39:04][EntityPickupItemEvent]: PLAYER picked up COBBLESTONE
[08:39:04][EntityPickupItemEvent]: PLAYER picked up COBBLESTONE
[08:39:06][EntityPickupItemEvent]: PLAYER picked up COBBLESTONE
[08:39:09][EntityPickupItemEvent]: PLAYER picked up COBBLESTONE
[08:39:09][EntityPickupItemEvent]: PLAYER picked up COBBLESTONE
[08:39:10][EntityPickupItemEvent]: PLAYER picked up COBBLESTONE
[08:39:11][EntityPickupItemEvent]: PLAYER picked up COBBLESTONE
[08:39:12][EntityPickupItemEvent]: PLAYER picked up COBBLESTONE
[08:39:17][EntityPickupItemEvent]: PLAYER picked up COBBLESTONE
[08:39:18][EntityPickupItemEvent]: PLAYER picked up COBBLESTONE
[08:39:18][EntityPickupItemEvent]: PLAYER picked up COBBLESTONE
[08:39:19][EntityPickupItemEvent]: PLAYER picked up COBBLESTONE
[08:39:21][EntityPickupItemEvent]: PLAYER picked up REDSTONE
[08:39:22][EntityPickupItemEvent]: PLAYER picked up COBBLESTONE
[08:39:23][EntityPickupItemEvent]: PLAYER picked up COBBLESTONE
[08:39:25][EntityPickupItemEvent]: PLAYER picked up COBBLESTONE
[08:39:25][EntityPickupItemEvent]: PLAYER picked up COBBLESTONE
[08:39:26][EntityPickupItemEvent]: PLAYER picked up COBBLESTONE
[08:39:38][EntityPickupItemEvent]: PLAYER picked up COBBLESTONE
[08:39:38][EntityPickupItemEvent]: PLAYER picked up COBBLESTONE
[08:39:40][EntityPickupItemEvent]: PLAYER picked up COBBLESTONE
[08:39:41][EntityPickupItemEvent]: PLAYER picked up COBBLESTONE
[08:39:42][EntityPickupItemEvent]: PLAYER picked up COBBLESTONE
[08:39:42][EntityPickupItemEvent]: PLAYER picked up COBBLESTONE
[08:39:45][EntityPickupItemEvent]: PLAYER picked up COBBLESTONE
[08:39:46][EntityPickupItemEvent]: PLAYER picked up COBBLESTONE
[08:39:49][EntityPickupItemEvent]: PLAYER picked up REDSTONE
[08:39:50][EntityPickupItemEvent]: PLAYER picked up REDSTONE
[08:39:52][EntityPickupItemEvent]: PLAYER picked up COBBLESTONE
[08:39:52][EntityPickupItemEvent]: PLAYER picked up COBBLESTONE
[08:39:53][EntityPickupItemEvent]: PLAYER picked up COBBLESTONE
[08:39:54][EntityPickupItemEvent]: PLAYER picked up COBBLESTONE
[08:39:55][EntityPickupItemEvent]: PLAYER picked up COBBLESTONE
[08:39:56][EntityPickupItemEvent]: PLAYER picked up COBBLESTONE
[08:40:03][EntityPickupItemEvent]: PLAYER picked up COBBLESTONE
[08:40:03][EntityPickupItemEvent]: PLAYER picked up COBBLESTONE
[08:40:04][EntityPickupItemEvent]: PLAYER picked up COBBLESTONE
[08:40:19][EntityPickupItemEvent]: PLAYER picked up REDSTONE
[08:40:19][EntityPickupItemEvent]: PLAYER picked up REDSTONE
[08:40:20][EntityPickupItemEvent]: PLAYER picked up REDSTONE
[08:40:21][EntityPickupItemEvent]: PLAYER picked up ANDESITE
[08:40:22][EntityPickupItemEvent]: PLAYER picked up COBBLESTONE
[08:40:22][EntityPickupItemEvent]: PLAYER picked up COBBLESTONE
[08:40:23][EntityPickupItemEvent]: PLAYER picked up COBBLESTONE
[08:40:35][EntityPickupItemEvent]: PLAYER picked up DIORITE
[08:40:35][EntityPickupItemEvent]: PLAYER picked up COBBLESTONE
[08:40:43][EntityPickupItemEvent]: PLAYER picked up COBBLESTONE
[08:40:43][EntityPickupItemEvent]: PLAYER picked up COBBLESTONE
[08:40:43][EntityPickupItemEvent]: PLAYER picked up COBBLESTONE
[08:40:44][EntityPickupItemEvent]: PLAYER picked up COBBLESTONE
[08:40:44][EntityPickupItemEvent]: PLAYER picked up COBBLESTONE
[08:40:45][EntityPickupItemEvent]: PLAYER picked up COBBLESTONE
[08:40:45][EntityPickupItemEvent]: PLAYER picked up COBBLESTONE
[08:40:47][EntityPickupItemEvent]: PLAYER picked up COBBLESTONE
[08:40:47][EntityPickupItemEvent]: PLAYER picked up COBBLESTONE
[08:40:48][EntityPickupItemEvent]: PLAYER picked up COBBLESTONE
[08:40:49][EntityPickupItemEvent]: PLAYER picked up COBBLESTONE
[08:40:50][EntityPickupItemEvent]: PLAYER picked up COBBLESTONE
[08:40:55][EntityPickupItemEvent]: PLAYER picked up COBBLESTONE
[08:40:55][EntityPickupItemEvent]: PLAYER picked up COBBLESTONE
[08:40:58][EntityPickupItemEvent]: PLAYER picked up GRAVEL
[08:40:59][EntityPickupItemEvent]: PLAYER picked up GRAVEL
[08:41:03][EntityPickupItemEvent]: PLAYER picked up COBBLESTONE
[08:41:03][EntityPickupItemEvent]: PLAYER picked up COBBLESTONE
[08:41:04][EntityPickupItemEvent]: PLAYER picked up COBBLESTONE
[08:41:08][EntityPickupItemEvent]: PLAYER picked up DIRT
[08:41:09][EntityPickupItemEvent]: PLAYER picked up DIRT
[08:41:09][EntityPickupItemEvent]: PLAYER picked up DIRT
[08:41:10][EntityPickupItemEvent]: PLAYER picked up DIRT
[08:41:12][EntityPickupItemEvent]: PLAYER picked up DIRT
[08:41:13][EntityPickupItemEvent]: PLAYER picked up ANDESITE
[08:41:13][EntityPickupItemEvent]: PLAYER picked up ANDESITE
[08:41:14][EntityPickupItemEvent]: PLAYER picked up ANDESITE
[08:41:15][EntityPickupItemEvent]: PLAYER picked up ANDESITE
[08:41:17][EntityPickupItemEvent]: PLAYER picked up REDSTONE
[08:41:18][EntityPickupItemEvent]: PLAYER picked up COBBLESTONE
[08:41:20][EntityPickupItemEvent]: PLAYER picked up COBBLESTONE
[08:41:20][EntityPickupItemEvent]: PLAYER picked up REDSTONE
[08:41:23][EntityPickupItemEvent]: PLAYER picked up COBBLESTONE
[08:41:23][EntityPickupItemEvent]: PLAYER picked up COBBLESTONE
[08:41:25][EntityPickupItemEvent]: PLAYER picked up COBBLESTONE
[08:41:50][EntityPickupItemEvent]: PLAYER picked up CRAFTING_TABLE
[08:41:51][EntityPickupItemEvent]: PLAYER picked up COBBLESTONE
[08:41:52][EntityPickupItemEvent]: PLAYER picked up STONE_PICKAXE
[08:41:58][EntityPickupItemEvent]: PLAYER picked up COBBLESTONE
[08:42:04][EntityPickupItemEvent]: PLAYER picked up COBBLESTONE
[08:42:05][EntityPickupItemEvent]: PLAYER picked up COBBLESTONE
[08:42:05][EntityPickupItemEvent]: PLAYER picked up COBBLESTONE
[08:42:06][EntityPickupItemEvent]: PLAYER picked up COBBLESTONE
[08:42:09][EntityPickupItemEvent]: PLAYER picked up COBBLESTONE
[08:42:10][EntityPickupItemEvent]: PLAYER picked up COBBLESTONE
[08:42:11][EntityPickupItemEvent]: PLAYER picked up COBBLESTONE
[08:42:12][EntityPickupItemEvent]: PLAYER picked up COBBLESTONE
[08:42:16][EntityPickupItemEvent]: PLAYER picked up COBBLESTONE
[08:42:16][EntityPickupItemEvent]: PLAYER picked up COBBLESTONE
[08:42:17][EntityPickupItemEvent]: PLAYER picked up COBBLESTONE
[08:42:18][EntityPickupItemEvent]: PLAYER picked up COBBLESTONE
[08:42:18][EntityPickupItemEvent]: PLAYER picked up COBBLESTONE
[08:42:20][EntityPickupItemEvent]: PLAYER picked up COBBLESTONE
[08:42:21][EntityPickupItemEvent]: PLAYER picked up COBBLESTONE
[08:42:23][EntityPickupItemEvent]: PLAYER picked up COBBLESTONE
[08:42:25][EntityPickupItemEvent]: PLAYER picked up COBBLESTONE
[08:42:25][EntityPickupItemEvent]: PLAYER picked up COBBLESTONE
[08:42:26][EntityPickupItemEvent]: PLAYER picked up COBBLESTONE
[08:42:28][EntityPickupItemEvent]: PLAYER picked up COBBLESTONE
[08:42:29][EntityPickupItemEvent]: PLAYER picked up COBBLESTONE
[08:42:31][EntityPickupItemEvent]: PLAYER picked up COBBLESTONE
[08:42:32][EntityPickupItemEvent]: PLAYER picked up COBBLESTONE
[08:42:33][EntityPickupItemEvent]: PLAYER picked up COBBLESTONE
[08:42:34][EntityPickupItemEvent]: PLAYER picked up COBBLESTONE
[08:42:35][EntityPickupItemEvent]: PLAYER picked up COBBLESTONE
[08:42:36][EntityPickupItemEvent]: PLAYER picked up COBBLESTONE
[08:42:37][EntityPickupItemEvent]: PLAYER picked up COBBLESTONE
[08:42:41][EntityPickupItemEvent]: PLAYER picked up REDSTONE
[08:42:44][EntityPickupItemEvent]: PLAYER picked up REDSTONE
[08:42:45][EntityPickupItemEvent]: PLAYER picked up REDSTONE
[08:42:46][EntityPickupItemEvent]: PLAYER picked up COBBLESTONE
[08:42:47][EntityPickupItemEvent]: PLAYER picked up REDSTONE
[08:42:48][EntityPickupItemEvent]: PLAYER picked up REDSTONE
[08:42:50][EntityPickupItemEvent]: PLAYER picked up REDSTONE
[08:42:52][EntityPickupItemEvent]: PLAYER picked up COBBLESTONE
[08:42:54][EntityPickupItemEvent]: PLAYER picked up COBBLESTONE
[08:42:55][EntityPickupItemEvent]: PLAYER picked up COBBLESTONE
[08:42:56][EntityPickupItemEvent]: PLAYER picked up COBBLESTONE
[08:42:57][EntityPickupItemEvent]: PLAYER picked up COBBLESTONE
[08:42:58][EntityPickupItemEvent]: PLAYER picked up COBBLESTONE
[08:43:00][EntityPickupItemEvent]: PLAYER picked up LAPIS_LAZULI
[08:43:03][EntityPickupItemEvent]: PLAYER picked up LAPIS_LAZULI
[08:43:04][EntityPickupItemEvent]: PLAYER picked up LAPIS_LAZULI
[08:43:07][EntityPickupItemEvent]: PLAYER picked up LAPIS_LAZULI
[08:43:09][EntityPickupItemEvent]: PLAYER picked up LAPIS_LAZULI
[08:43:10][EntityPickupItemEvent]: PLAYER picked up COBBLESTONE
[08:43:11][EntityPickupItemEvent]: PLAYER picked up COBBLESTONE
[08:43:13][EntityPickupItemEvent]: PLAYER picked up COBBLESTONE
[08:43:14][EntityPickupItemEvent]: PLAYER picked up COBBLESTONE
[08:43:15][EntityPickupItemEvent]: PLAYER picked up COBBLESTONE
[08:43:16][EntityPickupItemEvent]: PLAYER picked up COBBLESTONE
[08:43:18][EntityPickupItemEvent]: PLAYER picked up COBBLESTONE
[08:43:19][EntityPickupItemEvent]: PLAYER picked up COBBLESTONE
[08:43:21][EntityPickupItemEvent]: PLAYER picked up DIAMOND
[08:43:22][EntityPickupItemEvent]: PLAYER picked up COBBLESTONE
[08:43:23][EntityPickupItemEvent]: PLAYER picked up DIAMOND
[08:43:24][EntityPickupItemEvent]: PLAYER picked up DIAMOND
[08:43:26][EntityPickupItemEvent]: PLAYER picked up DIAMOND
[08:43:27][EntityPickupItemEvent]: PLAYER picked up DIAMOND
[08:43:27][EntityPickupItemEvent]: PLAYER picked up DIAMOND
[08:43:30][EntityPickupItemEvent]: PLAYER picked up DIAMOND
[08:43:34][EntityPickupItemEvent]: PLAYER picked up COBBLESTONE
[08:43:36][EntityPickupItemEvent]: PLAYER picked up COBBLESTONE
[08:43:37][EntityPickupItemEvent]: PLAYER picked up COBBLESTONE
[08:43:38][EntityPickupItemEvent]: PLAYER picked up COBBLESTONE
[08:43:41][EntityPickupItemEvent]: PLAYER picked up COBBLESTONE
[08:43:42][EntityPickupItemEvent]: PLAYER picked up COBBLESTONE
[08:43:43][EntityPickupItemEvent]: PLAYER picked up COBBLESTONE
[08:43:48][EntityPickupItemEvent]: PLAYER picked up COBBLESTONE
[08:43:48][EntityPickupItemEvent]: PLAYER picked up COBBLESTONE
[08:43:56][EntityPickupItemEvent]: PLAYER picked up COBBLESTONE
[08:44:08][EntityPickupItemEvent]: PLAYER picked up GRANITE
[08:44:09][EntityPickupItemEvent]: PLAYER picked up COBBLESTONE
[08:44:10][EntityPickupItemEvent]: PLAYER picked up COBBLESTONE
[08:44:11][EntityPickupItemEvent]: PLAYER picked up COBBLESTONE
[08:44:12][EntityPickupItemEvent]: PLAYER picked up COBBLESTONE
[08:44:13][EntityPickupItemEvent]: PLAYER picked up COBBLESTONE
[08:44:18][EntityPickupItemEvent]: PLAYER picked up COBBLESTONE
[08:44:36][EntityPickupItemEvent]: PLAYER picked up IRON_ORE
[08:44:37][EntityPickupItemEvent]: PLAYER picked up IRON_ORE
[08:44:40][EntityPickupItemEvent]: PLAYER picked up IRON_ORE
[08:44:41][EntityPickupItemEvent]: PLAYER picked up IRON_ORE
[08:44:49][EntityPickupItemEvent]: PLAYER picked up IRON_ORE
[08:44:51][EntityPickupItemEvent]: PLAYER picked up IRON_ORE
[08:45:00][EntityPickupItemEvent]: PLAYER picked up COBBLESTONE
[08:45:01][EntityPickupItemEvent]: PLAYER picked up COBBLESTONE
[08:45:02][EntityPickupItemEvent]: PLAYER picked up COBBLESTONE
[08:45:03][EntityPickupItemEvent]: PLAYER picked up COBBLESTONE
[08:45:03][EntityPickupItemEvent]: PLAYER picked up COBBLESTONE
[08:45:04][EntityPickupItemEvent]: PLAYER picked up COBBLESTONE
[08:45:11][EntityPickupItemEvent]: PLAYER picked up GRANITE
[08:45:12][EntityPickupItemEvent]: PLAYER picked up COBBLESTONE
[08:45:12][EntityPickupItemEvent]: PLAYER picked up COBBLESTONE
[08:45:13][EntityPickupItemEvent]: PLAYER picked up COBBLESTONE
[08:45:14][EntityPickupItemEvent]: PLAYER picked up COBBLESTONE
[08:45:15][EntityPickupItemEvent]: PLAYER picked up COBBLESTONE
[08:45:16][EntityPickupItemEvent]: PLAYER picked up COBBLESTONE
[08:45:17][EntityPickupItemEvent]: PLAYER picked up COBBLESTONE
[08:45:19][EntityPickupItemEvent]: PLAYER picked up COBBLESTONE
[08:45:19][EntityPickupItemEvent]: PLAYER picked up COBBLESTONE
[08:45:20][EntityPickupItemEvent]: PLAYER picked up COBBLESTONE
[08:45:20][EntityPickupItemEvent]: PLAYER picked up COBBLESTONE
[08:45:21][EntityPickupItemEvent]: PLAYER picked up COBBLESTONE
[08:45:22][EntityPickupItemEvent]: PLAYER picked up COBBLESTONE
[08:45:23][EntityPickupItemEvent]: PLAYER picked up COBBLESTONE
[08:45:24][EntityPickupItemEvent]: PLAYER picked up COBBLESTONE
[08:45:25][EntityPickupItemEvent]: PLAYER picked up COBBLESTONE
[08:45:26][EntityPickupItemEvent]: PLAYER picked up COBBLESTONE
[08:45:26][EntityPickupItemEvent]: PLAYER picked up COBBLESTONE
[08:45:28][EntityPickupItemEvent]: PLAYER picked up COBBLESTONE
[08:45:29][EntityPickupItemEvent]: PLAYER picked up COBBLESTONE
[08:45:30][EntityPickupItemEvent]: PLAYER picked up COBBLESTONE
[08:45:32][EntityPickupItemEvent]: PLAYER picked up COBBLESTONE
[08:45:34][EntityPickupItemEvent]: PLAYER picked up COBBLESTONE
[08:45:34][EntityPickupItemEvent]: PLAYER picked up COBBLESTONE
[08:45:36][EntityPickupItemEvent]: PLAYER picked up COBBLESTONE
[08:45:37][EntityPickupItemEvent]: PLAYER picked up COBBLESTONE
[08:45:39][EntityPickupItemEvent]: PLAYER picked up COBBLESTONE
[08:45:40][EntityPickupItemEvent]: PLAYER picked up GRANITE
[08:46:19][EntityPickupItemEvent]: PLAYER picked up COBBLESTONE
[08:46:20][EntityPickupItemEvent]: PLAYER picked up GRANITE
[08:46:21][EntityPickupItemEvent]: PLAYER picked up COBBLESTONE
[08:46:21][EntityPickupItemEvent]: PLAYER picked up GRANITE
[08:46:22][EntityPickupItemEvent]: PLAYER picked up GRANITE
[08:46:22][EntityPickupItemEvent]: PLAYER picked up COBBLESTONE
[08:46:23][EntityPickupItemEvent]: PLAYER picked up GRANITE
[08:46:24][EntityPickupItemEvent]: PLAYER picked up COBBLESTONE
[08:46:25][EntityPickupItemEvent]: PLAYER picked up COBBLESTONE
[08:46:25][EntityPickupItemEvent]: PLAYER picked up COBBLESTONE
[08:46:26][EntityPickupItemEvent]: PLAYER picked up COBBLESTONE
[08:46:27][EntityPickupItemEvent]: PLAYER picked up COBBLESTONE
[08:46:27][EntityPickupItemEvent]: PLAYER picked up COBBLESTONE
[08:46:28][EntityPickupItemEvent]: PLAYER picked up COBBLESTONE
[08:46:30][EntityPickupItemEvent]: PLAYER picked up COBBLESTONE
[08:46:30][EntityPickupItemEvent]: PLAYER picked up COBBLESTONE
[08:46:31][EntityPickupItemEvent]: PLAYER picked up COBBLESTONE
[08:46:32][EntityPickupItemEvent]: PLAYER picked up COBBLESTONE
[08:46:32][EntityPickupItemEvent]: PLAYER picked up COBBLESTONE
[08:46:33][EntityPickupItemEvent]: PLAYER picked up COBBLESTONE
[08:46:34][EntityPickupItemEvent]: PLAYER picked up COBBLESTONE
[08:46:41][EntityPickupItemEvent]: PLAYER picked up COBBLESTONE
[08:46:42][EntityPickupItemEvent]: PLAYER picked up COBBLESTONE
[08:46:42][EntityPickupItemEvent]: PLAYER picked up COBBLESTONE
[08:46:43][EntityPickupItemEvent]: PLAYER picked up COBBLESTONE
[08:46:44][EntityPickupItemEvent]: PLAYER picked up COBBLESTONE
[08:46:45][EntityPickupItemEvent]: PLAYER picked up COBBLESTONE
[08:46:46][EntityPickupItemEvent]: PLAYER picked up COBBLESTONE
[08:46:47][EntityPickupItemEvent]: PLAYER picked up COBBLESTONE
[08:46:48][EntityPickupItemEvent]: PLAYER picked up COBBLESTONE
[08:46:48][EntityPickupItemEvent]: PLAYER picked up COBBLESTONE
[08:46:50][EntityPickupItemEvent]: PLAYER picked up COBBLESTONE
[08:46:52][EntityPickupItemEvent]: PLAYER picked up COBBLESTONE
[08:46:52][EntityPickupItemEvent]: PLAYER picked up COBBLESTONE
[08:47:07][EntityPickupItemEvent]: PLAYER picked up IRON_ORE
[08:47:09][EntityPickupItemEvent]: PLAYER picked up IRON_ORE
[08:47:10][EntityPickupItemEvent]: PLAYER picked up IRON_ORE
[08:47:27][EntityPickupItemEvent]: PLAYER picked up GRAVEL
[08:47:29][EntityPickupItemEvent]: PLAYER picked up FLINT
[08:47:29][EntityPickupItemEvent]: PLAYER picked up COBBLESTONE
[08:47:47][EntityPickupItemEvent]: PLAYER picked up DIAMOND
[08:47:48][EntityPickupItemEvent]: PLAYER picked up COBBLESTONE
[08:47:50][EntityPickupItemEvent]: PLAYER picked up DIAMOND
[08:47:51][EntityPickupItemEvent]: PLAYER picked up DIAMOND
[08:47:52][EntityPickupItemEvent]: PLAYER picked up DIAMOND
[08:47:54][EntityPickupItemEvent]: PLAYER picked up COBBLESTONE
[08:48:06][EntityPickupItemEvent]: PLAYER picked up COBBLESTONE
[08:48:07][EntityPickupItemEvent]: PLAYER picked up DIRT
[08:48:08][EntityPickupItemEvent]: PLAYER picked up COBBLESTONE
[08:48:10][EntityPickupItemEvent]: PLAYER picked up DIAMOND
[08:48:11][EntityPickupItemEvent]: PLAYER picked up DIAMOND
[08:48:13][EntityPickupItemEvent]: PLAYER picked up DIAMOND
[08:48:14][EntityPickupItemEvent]: PLAYER picked up DIAMOND
[08:48:18][EntityPickupItemEvent]: PLAYER picked up DIAMOND
[08:48:24][EntityPickupItemEvent]: PLAYER picked up COBBLESTONE
[08:48:25][EntityPickupItemEvent]: PLAYER picked up COBBLESTONE
[08:48:25][EntityPickupItemEvent]: PLAYER picked up COBBLESTONE
[08:48:26][EntityPickupItemEvent]: PLAYER picked up COBBLESTONE
[08:48:27][EntityPickupItemEvent]: PLAYER picked up COBBLESTONE
[08:48:28][EntityPickupItemEvent]: PLAYER picked up COBBLESTONE
[08:48:28][EntityPickupItemEvent]: PLAYER picked up COBBLESTONE
[08:48:29][EntityPickupItemEvent]: PLAYER picked up COBBLESTONE
[08:48:30][EntityPickupItemEvent]: PLAYER picked up COBBLESTONE
[08:48:31][EntityPickupItemEvent]: PLAYER picked up DIRT
[08:48:32][EntityPickupItemEvent]: PLAYER picked up COBBLESTONE
[08:48:32][EntityPickupItemEvent]: PLAYER picked up COBBLESTONE
[08:48:33][EntityPickupItemEvent]: PLAYER picked up COBBLESTONE
[08:48:34][EntityPickupItemEvent]: PLAYER picked up COBBLESTONE
[08:48:35][EntityPickupItemEvent]: PLAYER picked up COBBLESTONE
[08:48:35][EntityPickupItemEvent]: PLAYER picked up COBBLESTONE
[08:48:36][EntityPickupItemEvent]: PLAYER picked up ANDESITE
[08:48:36][EntityPickupItemEvent]: PLAYER picked up ANDESITE
[08:48:37][EntityPickupItemEvent]: PLAYER picked up ANDESITE
[08:48:40][EntityPickupItemEvent]: PLAYER picked up IRON_ORE
[08:48:42][EntityPickupItemEvent]: PLAYER picked up IRON_ORE
[08:48:43][EntityPickupItemEvent]: PLAYER picked up IRON_ORE
[08:48:43][EntityPickupItemEvent]: PLAYER picked up IRON_ORE
[08:48:44][EntityPickupItemEvent]: PLAYER picked up IRON_ORE
[08:48:44][EntityPickupItemEvent]: PLAYER picked up IRON_ORE
[08:48:45][EntityPickupItemEvent]: PLAYER picked up IRON_ORE
[08:48:46][EntityPickupItemEvent]: PLAYER picked up ANDESITE
[08:48:47][EntityPickupItemEvent]: PLAYER picked up ANDESITE
[08:48:48][EntityPickupItemEvent]: PLAYER picked up ANDESITE
[08:48:53][EntityPickupItemEvent]: PLAYER picked up ANDESITE
[08:48:53][EntityPickupItemEvent]: PLAYER picked up COBBLESTONE
[08:48:54][EntityPickupItemEvent]: PLAYER picked up ANDESITE
[08:48:54][EntityPickupItemEvent]: PLAYER picked up ANDESITE
[08:49:00][EntityPickupItemEvent]: PLAYER picked up DIRT
[08:49:03][EntityPickupItemEvent]: PLAYER picked up REDSTONE
[08:49:08][EntityPickupItemEvent]: PLAYER picked up COBBLESTONE
[08:49:09][EntityPickupItemEvent]: PLAYER picked up COBBLESTONE
[08:49:26][EntityPickupItemEvent]: PLAYER picked up LAPIS_LAZULI
[08:49:28][EntityPickupItemEvent]: PLAYER picked up COBBLESTONE
[08:49:28][EntityPickupItemEvent]: PLAYER picked up COBBLESTONE
[08:49:33][EntityPickupItemEvent]: PLAYER picked up COBBLESTONE
[08:49:34][EntityPickupItemEvent]: PLAYER picked up COBBLESTONE
[08:49:34][EntityPickupItemEvent]: PLAYER picked up COBBLESTONE
[08:49:43][EntityPickupItemEvent]: PLAYER picked up GOLD_ORE
[08:49:44][EntityPickupItemEvent]: PLAYER picked up GOLD_ORE
[08:49:45][EntityPickupItemEvent]: PLAYER picked up GOLD_ORE
[08:49:46][EntityPickupItemEvent]: PLAYER picked up GOLD_ORE
[08:49:47][EntityPickupItemEvent]: PLAYER picked up GOLD_ORE
[08:49:48][EntityPickupItemEvent]: PLAYER picked up GOLD_ORE
[08:49:50][EntityPickupItemEvent]: PLAYER picked up GOLD_ORE
[08:49:54][EntityPickupItemEvent]: PLAYER picked up GOLD_ORE
[08:50:21][EntityPickupItemEvent]: PLAYER picked up BONE
[08:50:21][EntityPickupItemEvent]: PLAYER picked up ARROW
[08:50:51][EntityPickupItemEvent]: PLAYER picked up COBBLESTONE
[08:50:53][EntityPickupItemEvent]: PLAYER picked up COBBLESTONE
[08:50:53][EntityPickupItemEvent]: PLAYER picked up COBBLESTONE
[08:50:53][EntityPickupItemEvent]: PLAYER picked up COBBLESTONE
[08:50:54][EntityPickupItemEvent]: PLAYER picked up COBBLESTONE
[08:50:55][EntityPickupItemEvent]: PLAYER picked up COBBLESTONE
[08:50:56][EntityPickupItemEvent]: PLAYER picked up COBBLESTONE
[08:50:56][EntityPickupItemEvent]: PLAYER picked up COBBLESTONE
[08:50:57][EntityPickupItemEvent]: PLAYER picked up COBBLESTONE
[08:50:58][EntityPickupItemEvent]: PLAYER picked up COBBLESTONE
[08:50:58][EntityPickupItemEvent]: PLAYER picked up COBBLESTONE
[08:50:59][EntityPickupItemEvent]: PLAYER picked up COBBLESTONE
[08:51:00][EntityPickupItemEvent]: PLAYER picked up COBBLESTONE
[08:51:03][EntityPickupItemEvent]: PLAYER picked up COBBLESTONE
[08:51:04][EntityPickupItemEvent]: PLAYER picked up COBBLESTONE
[08:51:08][EntityPickupItemEvent]: PLAYER picked up COBBLESTONE
[08:51:13][EntityPickupItemEvent]: PLAYER picked up COBBLESTONE
[08:51:19][EntityPickupItemEvent]: PLAYER picked up COBBLESTONE
[08:51:20][EntityPickupItemEvent]: PLAYER picked up COBBLESTONE
[08:51:21][EntityPickupItemEvent]: PLAYER picked up COBBLESTONE
[08:51:22][EntityPickupItemEvent]: PLAYER picked up COBBLESTONE
[08:51:38][EntityPickupItemEvent]: PLAYER picked up COBBLESTONE
[08:51:39][EntityPickupItemEvent]: PLAYER picked up COBBLESTONE
[08:51:39][EntityPickupItemEvent]: PLAYER picked up COBBLESTONE
[08:51:55][EntityPickupItemEvent]: PLAYER picked up COBBLESTONE
[08:51:56][EntityPickupItemEvent]: PLAYER picked up COBBLESTONE
[08:51:59][EntityPickupItemEvent]: PLAYER picked up COBBLESTONE
[08:52:00][EntityPickupItemEvent]: PLAYER picked up COBBLESTONE
[08:52:01][EntityPickupItemEvent]: PLAYER picked up COBBLESTONE
[08:52:01][EntityPickupItemEvent]: PLAYER picked up COBBLESTONE
[08:52:03][EntityPickupItemEvent]: PLAYER picked up COBBLESTONE
[08:52:06][EntityPickupItemEvent]: PLAYER picked up COBBLESTONE
[08:52:07][EntityPickupItemEvent]: PLAYER picked up COBBLESTONE
[08:52:07][EntityPickupItemEvent]: PLAYER picked up COBBLESTONE
[08:52:08][EntityPickupItemEvent]: PLAYER picked up COBBLESTONE
[08:52:08][EntityPickupItemEvent]: PLAYER picked up COBBLESTONE
[08:52:09][EntityPickupItemEvent]: PLAYER picked up COBBLESTONE
[08:52:10][EntityPickupItemEvent]: PLAYER picked up DIORITE
[08:52:10][EntityPickupItemEvent]: PLAYER picked up COBBLESTONE
[08:52:11][EntityPickupItemEvent]: PLAYER picked up DIORITE
[08:52:12][EntityPickupItemEvent]: PLAYER picked up COBBLESTONE
[08:52:12][EntityPickupItemEvent]: PLAYER picked up COBBLESTONE
[08:52:13][EntityPickupItemEvent]: PLAYER picked up DIORITE
[08:52:13][EntityPickupItemEvent]: PLAYER picked up DIORITE
[08:52:14][EntityPickupItemEvent]: PLAYER picked up COBBLESTONE
[08:52:15][EntityPickupItemEvent]: PLAYER picked up DIORITE
[08:52:15][EntityPickupItemEvent]: PLAYER picked up COBBLESTONE
[08:52:16][EntityPickupItemEvent]: PLAYER picked up DIORITE
[08:52:17][EntityPickupItemEvent]: PLAYER picked up COBBLESTONE
[08:52:17][EntityPickupItemEvent]: PLAYER picked up COBBLESTONE
[08:52:17][EntityPickupItemEvent]: PLAYER picked up COBBLESTONE
[08:52:18][EntityPickupItemEvent]: PLAYER picked up COBBLESTONE
[08:52:18][EntityPickupItemEvent]: PLAYER picked up COBBLESTONE
[08:52:21][EntityPickupItemEvent]: PLAYER picked up COBBLESTONE
[08:52:21][EntityPickupItemEvent]: PLAYER picked up COBBLESTONE
[08:52:29][EntityPickupItemEvent]: PLAYER picked up ROTTEN_FLESH
[08:52:32][EntityPickupItemEvent]: PLAYER picked up IRON_ORE
[08:52:32][EntityPickupItemEvent]: PLAYER picked up IRON_ORE
[08:52:33][EntityPickupItemEvent]: PLAYER picked up IRON_ORE
[08:52:34][EntityPickupItemEvent]: PLAYER picked up IRON_ORE
[08:52:53][EntityPickupItemEvent]: PLAYER picked up DIRT
[08:53:08][EntityPickupItemEvent]: PLAYER picked up DIRT
[08:53:14][EntityPickupItemEvent]: PLAYER picked up DIRT
[08:53:16][EntityPickupItemEvent]: PLAYER picked up COBBLESTONE
[08:53:17][EntityPickupItemEvent]: PLAYER picked up COBBLESTONE
[08:53:19][EntityPickupItemEvent]: PLAYER picked up COBBLESTONE
[08:54:13][EntityPickupItemEvent]: PLAYER picked up DIRT
[08:54:14][EntityPickupItemEvent]: PLAYER picked up DIRT
[08:54:15][EntityPickupItemEvent]: PLAYER picked up DIRT
[08:54:17][EntityPickupItemEvent]: PLAYER picked up COBBLESTONE
[08:54:18][EntityPickupItemEvent]: PLAYER picked up COBBLESTONE
[08:54:20][EntityPickupItemEvent]: PLAYER picked up COBBLESTONE
[08:54:21][EntityPickupItemEvent]: PLAYER picked up COBBLESTONE
[08:54:23][EntityPickupItemEvent]: PLAYER picked up ANDESITE
[08:54:24][EntityPickupItemEvent]: PLAYER picked up ANDESITE
[08:54:25][EntityPickupItemEvent]: PLAYER picked up ANDESITE
[08:54:27][EntityPickupItemEvent]: PLAYER picked up ANDESITE
[08:54:28][EntityPickupItemEvent]: PLAYER picked up ANDESITE
[08:54:30][EntityPickupItemEvent]: PLAYER picked up ANDESITE
[08:54:31][EntityPickupItemEvent]: PLAYER picked up COBBLESTONE
[08:54:31][EntityPickupItemEvent]: PLAYER picked up COBBLESTONE
[08:54:33][EntityPickupItemEvent]: PLAYER picked up COBBLESTONE
[08:54:36][EntityPickupItemEvent]: PLAYER picked up COBBLESTONE
[08:54:37][EntityPickupItemEvent]: PLAYER picked up COBBLESTONE
[08:54:38][EntityPickupItemEvent]: PLAYER picked up COBBLESTONE
[08:54:40][EntityPickupItemEvent]: PLAYER picked up ANDESITE
[08:54:41][EntityPickupItemEvent]: PLAYER picked up ANDESITE
[08:54:43][EntityPickupItemEvent]: PLAYER picked up ANDESITE
[08:54:44][EntityPickupItemEvent]: PLAYER picked up ANDESITE
[08:54:46][EntityPickupItemEvent]: PLAYER picked up COBBLESTONE
[08:54:47][EntityPickupItemEvent]: PLAYER picked up COBBLESTONE
[08:54:49][EntityPickupItemEvent]: PLAYER picked up COBBLESTONE
[08:54:49][EntityPickupItemEvent]: PLAYER picked up COBBLESTONE
[08:54:50][EntityPickupItemEvent]: PLAYER picked up COBBLESTONE
[08:54:51][EntityPickupItemEvent]: PLAYER picked up COBBLESTONE
[08:54:52][EntityPickupItemEvent]: PLAYER picked up COBBLESTONE
[08:54:52][EntityPickupItemEvent]: PLAYER picked up COBBLESTONE
[08:54:53][EntityPickupItemEvent]: PLAYER picked up COBBLESTONE
[08:54:53][EntityPickupItemEvent]: PLAYER picked up COBBLESTONE
[08:54:53][EntityPickupItemEvent]: PLAYER picked up COBBLESTONE
[08:54:54][EntityPickupItemEvent]: PLAYER picked up COBBLESTONE
[08:54:54][EntityPickupItemEvent]: PLAYER picked up COBBLESTONE
[08:54:55][EntityPickupItemEvent]: PLAYER picked up COBBLESTONE
[08:54:55][EntityPickupItemEvent]: PLAYER picked up COBBLESTONE
[08:54:56][EntityPickupItemEvent]: PLAYER picked up COBBLESTONE
[08:54:59][EntityPickupItemEvent]: PLAYER picked up COBBLESTONE
[08:55:00][EntityPickupItemEvent]: PLAYER picked up COBBLESTONE
[08:55:02][EntityPickupItemEvent]: PLAYER picked up COBBLESTONE
[08:55:03][EntityPickupItemEvent]: PLAYER picked up COBBLESTONE
[08:55:05][EntityPickupItemEvent]: PLAYER picked up COBBLESTONE
