[07:49:32][BlockBreakEvent]: breaked minecraft:large_fern[half=upper] on [world;-396;65;-360]
[07:49:50][BlockBreakEvent]: breaked minecraft:spruce_leaves[distance=5,persistent=false] on [world;-396;65;-369]
[07:49:50][BlockBreakEvent]: breaked minecraft:spruce_leaves[distance=4,persistent=false] on [world;-397;65;-369]
[07:49:51][BlockBreakEvent]: breaked minecraft:spruce_leaves[distance=4,persistent=false] on [world;-396;65;-368]
[07:49:52][BlockBreakEvent]: breaked minecraft:spruce_leaves[distance=3,persistent=false] on [world;-397;65;-368]
[07:49:52][BlockBreakEvent]: breaked minecraft:spruce_leaves[distance=2,persistent=false] on [world;-397;65;-367]
[07:49:53][BlockBreakEvent]: breaked minecraft:spruce_leaves[distance=2,persistent=false] on [world;-398;65;-368]
[07:49:54][BlockBreakEvent]: breaked minecraft:spruce_leaves[distance=1,persistent=false] on [world;-399;65;-368]
[07:49:57][BlockBreakEvent]: breaked minecraft:spruce_log[axis=y] on [world;-399;65;-367]
[07:50:00][BlockBreakEvent]: breaked minecraft:spruce_log[axis=y] on [world;-399;64;-367]
[07:50:04][BlockBreakEvent]: breaked minecraft:spruce_log[axis=y] on [world;-399;66;-367]
[07:50:08][BlockBreakEvent]: breaked minecraft:spruce_log[axis=y] on [world;-399;67;-367]
[07:50:11][BlockBreakEvent]: breaked minecraft:spruce_log[axis=y] on [world;-399;68;-367]
[07:50:14][BlockBreakEvent]: breaked minecraft:spruce_log[axis=y] on [world;-399;69;-367]
[07:50:18][BlockBreakEvent]: breaked minecraft:spruce_log[axis=y] on [world;-399;70;-367]
[07:50:28][BlockPlaceEvent]: placed minecraft:spruce_sapling[stage=0] on [world;-382;64;-376]
[07:50:28][BlockPlaceEvent]: placed minecraft:spruce_sapling[stage=0] on [world;-382;64;-375]
[07:50:32][BlockBreakEvent]: breaked minecraft:spruce_log[axis=y] on [world;-379;66;-374]
[07:50:53][BlockBreakEvent]: breaked minecraft:stone on [world;-382;62;-369]
[07:50:54][BlockBreakEvent]: breaked minecraft:stone on [world;-382;62;-368]
[07:50:55][BlockBreakEvent]: breaked minecraft:stone on [world;-382;62;-367]
[07:50:57][BlockBreakEvent]: breaked minecraft:stone on [world;-382;62;-366]
[07:50:58][BlockBreakEvent]: breaked minecraft:stone on [world;-382;62;-365]
[07:51:00][BlockBreakEvent]: breaked minecraft:stone on [world;-382;62;-364]
[07:51:02][BlockBreakEvent]: breaked minecraft:stone on [world;-383;62;-364]
[07:51:05][BlockBreakEvent]: breaked minecraft:stone on [world;-382;63;-370]
[07:51:14][BlockPlaceEvent]: placed minecraft:spruce_planks on [world;-385;55;-370]
[07:51:15][BlockPlaceEvent]: placed minecraft:spruce_planks on [world;-385;56;-370]
[07:51:15][BlockPlaceEvent]: placed minecraft:spruce_planks on [world;-385;57;-370]
[07:51:18][BlockBreakEvent]: breaked minecraft:dirt on [world;-385;62;-375]
[07:51:19][BlockBreakEvent]: breaked minecraft:dirt on [world;-385;62;-376]
[07:51:20][BlockBreakEvent]: breaked minecraft:dirt on [world;-385;61;-376]
[07:51:21][BlockBreakEvent]: breaked minecraft:dirt on [world;-385;62;-377]
[07:51:23][BlockBreakEvent]: breaked minecraft:grass_block[snowy=false] on [world;-385;63;-376]
[07:51:24][BlockBreakEvent]: breaked minecraft:grass_block[snowy=false] on [world;-385;63;-377]
[07:51:26][BlockPlaceEvent]: placed minecraft:spruce_planks on [world;-385;62;-377]
[07:51:45][BlockBreakEvent]: breaked minecraft:stone on [world;-390;60;-371]
[07:51:48][BlockBreakEvent]: breaked minecraft:grass_block[snowy=false] on [world;-390;61;-371]
[07:51:49][BlockBreakEvent]: breaked minecraft:stone on [world;-390;59;-371]
[07:51:50][BlockBreakEvent]: breaked minecraft:stone on [world;-390;58;-371]
[07:51:51][BlockBreakEvent]: breaked minecraft:stone on [world;-390;57;-371]
[07:51:52][BlockBreakEvent]: breaked minecraft:diorite on [world;-390;56;-371]
[07:52:06][BlockPlaceEvent]: placed minecraft:dirt on [world;-392;33;-351]
[07:52:09][BlockPlaceEvent]: placed minecraft:dirt on [world;-391;30;-351]
[07:52:17][BlockPlaceEvent]: placed minecraft:dirt on [world;-392;28;-351]
[07:52:19][BlockPlaceEvent]: placed minecraft:dirt on [world;-391;26;-351]
[07:52:22][BlockBreakEvent]: breaked minecraft:dirt on [world;-391;30;-351]
[07:52:24][BlockBreakEvent]: breaked minecraft:dirt on [world;-392;28;-351]
[07:52:25][BlockPlaceEvent]: placed minecraft:dirt on [world;-392;25;-351]
[07:52:28][BlockBreakEvent]: breaked minecraft:dirt on [world;-391;26;-351]
[07:52:29][BlockPlaceEvent]: placed minecraft:dirt on [world;-391;18;-351]
[07:52:31][BlockPlaceEvent]: placed minecraft:dirt on [world;-392;17;-351]
[07:52:33][BlockBreakEvent]: breaked minecraft:dirt on [world;-391;18;-351]
[07:52:34][BlockPlaceEvent]: placed minecraft:dirt on [world;-391;15;-351]
[07:52:36][BlockBreakEvent]: breaked minecraft:dirt on [world;-392;17;-351]
[07:52:39][BlockBreakEvent]: breaked minecraft:dirt on [world;-391;15;-351]
[07:52:41][BlockPlaceEvent]: placed minecraft:dirt on [world;-391;12;-349]
[07:52:42][BlockBreakEvent]: breaked minecraft:dirt on [world;-391;12;-349]
[07:53:07][BlockBreakEvent]: breaked minecraft:stone on [world;-397;17;-332]
[07:53:09][BlockBreakEvent]: breaked minecraft:stone on [world;-394;17;-332]
[07:53:41][BlockBreakEvent]: breaked minecraft:stone on [world;-387;20;-324]
[07:53:57][BlockBreakEvent]: breaked minecraft:stone on [world;-395;8;-304]
[07:53:59][BlockBreakEvent]: breaked minecraft:stone on [world;-392;7;-306]
[07:54:36][BlockBreakEvent]: breaked minecraft:stone on [world;-360;9;-302]
[07:54:39][BlockBreakEvent]: breaked minecraft:gravel on [world;-353;9;-302]
[07:54:40][BlockBreakEvent]: breaked minecraft:stone on [world;-351;9;-302]
[07:54:48][BlockBreakEvent]: breaked minecraft:granite on [world;-364;10;-306]
[07:54:48][BlockBreakEvent]: breaked minecraft:granite on [world;-364;11;-306]
[07:55:30][BlockBreakEvent]: breaked minecraft:spruce_leaves[distance=3,persistent=false] on [world;-385;65;-375]
[07:55:31][BlockBreakEvent]: breaked minecraft:spruce_leaves[distance=2,persistent=false] on [world;-384;65;-375]
[07:55:32][BlockBreakEvent]: breaked minecraft:spruce_leaves[distance=1,persistent=false] on [world;-383;65;-375]
[07:55:36][BlockBreakEvent]: breaked minecraft:spruce_log[axis=y] on [world;-382;64;-375]
[07:55:40][BlockBreakEvent]: breaked minecraft:spruce_log[axis=y] on [world;-382;65;-375]
[07:55:43][BlockBreakEvent]: breaked minecraft:dirt on [world;-382;63;-375]
[07:55:49][BlockBreakEvent]: breaked minecraft:spruce_log[axis=y] on [world;-382;66;-375]
[07:55:53][BlockBreakEvent]: breaked minecraft:spruce_log[axis=y] on [world;-382;67;-375]
[07:55:56][BlockBreakEvent]: breaked minecraft:spruce_log[axis=y] on [world;-382;68;-375]
[07:55:59][BlockBreakEvent]: breaked minecraft:spruce_log[axis=y] on [world;-382;69;-375]
[07:56:03][BlockPlaceEvent]: placed minecraft:dirt on [world;-382;63;-375]
[07:56:07][BlockBreakEvent]: breaked minecraft:spruce_log[axis=y] on [world;-382;70;-375]
[07:56:26][BlockBreakEvent]: breaked minecraft:stone on [world;-381;62;-367]
[07:56:27][BlockBreakEvent]: breaked minecraft:stone on [world;-381;62;-366]
[07:56:29][BlockBreakEvent]: breaked minecraft:stone on [world;-381;62;-365]
[07:56:30][BlockBreakEvent]: breaked minecraft:stone on [world;-380;62;-365]
[07:56:32][BlockBreakEvent]: breaked minecraft:stone on [world;-380;62;-364]
[07:56:36][BlockBreakEvent]: breaked minecraft:stone on [world;-374;61;-353]
[07:56:57][BlockBreakEvent]: breaked minecraft:iron_ore on [world;-373;60;-352]
[07:56:58][BlockBreakEvent]: breaked minecraft:iron_ore on [world;-373;60;-351]
[07:57:00][BlockBreakEvent]: breaked minecraft:iron_ore on [world;-373;59;-351]
[07:57:01][BlockBreakEvent]: breaked minecraft:iron_ore on [world;-373;59;-352]
[07:57:03][BlockBreakEvent]: breaked minecraft:iron_ore on [world;-374;60;-351]
[07:57:05][BlockBreakEvent]: breaked minecraft:iron_ore on [world;-374;59;-351]
[07:57:06][BlockBreakEvent]: breaked minecraft:iron_ore on [world;-374;60;-352]
[07:57:08][BlockBreakEvent]: breaked minecraft:iron_ore on [world;-374;59;-352]
[07:57:09][BlockBreakEvent]: breaked minecraft:stone on [world;-372;60;-352]
[07:57:13][BlockBreakEvent]: breaked minecraft:stone on [world;-369;62;-358]
[07:57:15][BlockBreakEvent]: breaked minecraft:iron_ore on [world;-368;63;-358]
[07:57:17][BlockBreakEvent]: breaked minecraft:gravel on [world;-369;62;-358]
[07:57:19][BlockBreakEvent]: breaked minecraft:iron_ore on [world;-369;62;-359]
[07:57:20][BlockBreakEvent]: breaked minecraft:iron_ore on [world;-368;62;-358]
[07:57:23][BlockBreakEvent]: breaked minecraft:gravel on [world;-368;64;-358]
[07:57:24][BlockBreakEvent]: breaked minecraft:gravel on [world;-368;63;-358]
[07:57:26][BlockBreakEvent]: breaked minecraft:gravel on [world;-368;62;-358]
[07:57:27][BlockBreakEvent]: breaked minecraft:iron_ore on [world;-368;62;-359]
[07:57:29][BlockBreakEvent]: breaked minecraft:iron_ore on [world;-368;63;-359]
[07:57:31][BlockBreakEvent]: breaked minecraft:gravel on [world;-368;63;-359]
[07:57:32][BlockBreakEvent]: breaked minecraft:gravel on [world;-368;63;-359]
[07:57:33][BlockBreakEvent]: breaked minecraft:gravel on [world;-368;62;-359]
[07:57:35][BlockBreakEvent]: breaked minecraft:iron_ore on [world;-368;62;-360]
[07:57:36][BlockBreakEvent]: breaked minecraft:stone on [world;-368;61;-360]
[07:57:38][BlockBreakEvent]: breaked minecraft:iron_ore on [world;-369;62;-360]
[07:57:39][BlockBreakEvent]: breaked minecraft:stone on [world;-368;63;-360]
[07:57:43][BlockBreakEvent]: breaked minecraft:gravel on [world;-368;63;-360]
[07:57:44][BlockBreakEvent]: breaked minecraft:gravel on [world;-368;62;-360]
[07:57:46][BlockBreakEvent]: breaked minecraft:iron_ore on [world;-369;61;-360]
[07:57:51][BlockBreakEvent]: breaked minecraft:gravel on [world;-370;62;-359]
[07:58:02][BlockBreakEvent]: breaked minecraft:coal_ore on [world;-373;63;-347]
[07:58:05][BlockBreakEvent]: breaked minecraft:coal_ore on [world;-373;62;-347]
[07:58:07][BlockBreakEvent]: breaked minecraft:coal_ore on [world;-373;63;-348]
[07:58:08][BlockBreakEvent]: breaked minecraft:coal_ore on [world;-373;62;-348]
[07:58:09][BlockBreakEvent]: breaked minecraft:stone on [world;-373;63;-349]
[07:58:10][BlockBreakEvent]: breaked minecraft:stone on [world;-373;62;-349]
[07:58:11][BlockBreakEvent]: breaked minecraft:stone on [world;-373;61;-349]
[07:58:12][BlockBreakEvent]: breaked minecraft:stone on [world;-373;61;-350]
[07:58:14][BlockBreakEvent]: breaked minecraft:stone on [world;-372;60;-351]
[07:58:15][BlockBreakEvent]: breaked minecraft:stone on [world;-372;60;-353]
[07:58:16][BlockBreakEvent]: breaked minecraft:stone on [world;-371;60;-353]
[07:58:17][BlockBreakEvent]: breaked minecraft:stone on [world;-371;60;-354]
[07:58:17][BlockBreakEvent]: breaked minecraft:stone on [world;-371;60;-355]
[07:58:18][BlockBreakEvent]: breaked minecraft:stone on [world;-371;60;-356]
[07:58:19][BlockBreakEvent]: breaked minecraft:stone on [world;-370;60;-356]
[07:58:20][BlockBreakEvent]: breaked minecraft:stone on [world;-370;60;-355]
[07:58:21][BlockBreakEvent]: breaked minecraft:stone on [world;-370;60;-354]
[07:58:22][BlockBreakEvent]: breaked minecraft:stone on [world;-370;60;-353]
[07:58:46][BlockBreakEvent]: breaked minecraft:grass_block[snowy=false] on [world;-385;65;-371]
[07:58:47][BlockPlaceEvent]: placed minecraft:furnace[facing=north,lit=false] on [world;-385;65;-371]
[07:58:51][BlockPlaceEvent]: placed minecraft:spruce_sapling[stage=0] on [world;-389;63;-374]
[07:58:59][BlockBreakEvent]: breaked minecraft:grass_block[snowy=false] on [world;-398;66;-351]
[07:59:07][BlockBreakEvent]: breaked minecraft:grass_block[snowy=false] on [world;-413;65;-353]
[07:59:26][BlockPlaceEvent]: placed minecraft:cobblestone on [world;-384;64;-372]
[07:59:27][BlockPlaceEvent]: placed minecraft:cobblestone on [world;-384;65;-372]
[07:59:27][BlockPlaceEvent]: placed minecraft:cobblestone on [world;-384;64;-373]
[07:59:28][BlockPlaceEvent]: placed minecraft:cobblestone on [world;-384;65;-373]
[07:59:29][BlockBreakEvent]: breaked minecraft:spruce_leaves[distance=6,persistent=false] on [world;-384;66;-374]
[07:59:30][BlockBreakEvent]: breaked minecraft:spruce_leaves[distance=5,persistent=false] on [world;-384;68;-374]
[07:59:31][BlockPlaceEvent]: placed minecraft:cobblestone on [world;-384;64;-374]
[07:59:31][BlockPlaceEvent]: placed minecraft:cobblestone on [world;-384;65;-374]
[07:59:32][BlockPlaceEvent]: placed minecraft:cobblestone on [world;-384;64;-375]
[07:59:32][BlockPlaceEvent]: placed minecraft:cobblestone on [world;-384;65;-375]
[07:59:33][BlockPlaceEvent]: placed minecraft:cobblestone on [world;-385;64;-375]
[07:59:33][BlockPlaceEvent]: placed minecraft:cobblestone on [world;-385;65;-375]
[07:59:34][BlockPlaceEvent]: placed minecraft:cobblestone on [world;-386;64;-375]
[07:59:34][BlockPlaceEvent]: placed minecraft:cobblestone on [world;-386;65;-375]
[07:59:35][BlockPlaceEvent]: placed minecraft:cobblestone on [world;-387;63;-375]
[07:59:39][BlockPlaceEvent]: placed minecraft:spruce_planks on [world;-387;64;-375]
[07:59:39][BlockPlaceEvent]: placed minecraft:spruce_planks on [world;-387;65;-375]
[07:59:40][BlockPlaceEvent]: placed minecraft:spruce_planks on [world;-387;63;-374]
[07:59:40][BlockPlaceEvent]: placed minecraft:spruce_planks on [world;-387;64;-374]
[07:59:41][BlockPlaceEvent]: placed minecraft:spruce_planks on [world;-387;65;-374]
[07:59:41][BlockPlaceEvent]: placed minecraft:spruce_planks on [world;-387;64;-373]
[07:59:41][BlockPlaceEvent]: placed minecraft:spruce_planks on [world;-387;65;-373]
[07:59:42][BlockPlaceEvent]: placed minecraft:spruce_planks on [world;-387;63;-372]
[07:59:42][BlockPlaceEvent]: placed minecraft:spruce_planks on [world;-387;64;-372]
[07:59:42][BlockPlaceEvent]: placed minecraft:spruce_planks on [world;-387;65;-372]
[07:59:45][BlockPlaceEvent]: placed minecraft:spruce_planks on [world;-384;66;-374]
[07:59:45][BlockPlaceEvent]: placed minecraft:spruce_planks on [world;-385;66;-374]
[07:59:46][BlockPlaceEvent]: placed minecraft:spruce_planks on [world;-385;66;-373]
[07:59:46][BlockPlaceEvent]: placed minecraft:spruce_planks on [world;-386;66;-374]
[07:59:47][BlockPlaceEvent]: placed minecraft:spruce_planks on [world;-386;66;-373]
[07:59:49][BlockPlaceEvent]: placed minecraft:spruce_planks on [world;-384;66;-372]
[07:59:49][BlockPlaceEvent]: placed minecraft:spruce_planks on [world;-385;66;-372]
[07:59:50][BlockPlaceEvent]: placed minecraft:spruce_planks on [world;-386;66;-372]
[07:59:51][BlockPlaceEvent]: placed minecraft:spruce_planks on [world;-384;66;-373]
[07:59:55][BlockBreakEvent]: breaked minecraft:dirt on [world;-385;62;-373]
[07:59:57][BlockBreakEvent]: breaked minecraft:grass_block[snowy=false] on [world;-385;63;-373]
[07:59:57][BlockBreakEvent]: breaked minecraft:white_bed[facing=south,occupied=false,part=foot] on [world;-385;64;-373]
[08:00:00][BlockBreakEvent]: breaked minecraft:grass_block[snowy=false] on [world;-385;62;-372]
[08:00:04][BlockBreakEvent]: breaked minecraft:dirt on [world;-386;62;-372]
[08:00:05][BlockBreakEvent]: breaked minecraft:grass_block[snowy=false] on [world;-386;63;-372]
[08:00:07][BlockBreakEvent]: breaked minecraft:dirt on [world;-386;61;-372]
[08:00:09][BlockBreakEvent]: breaked minecraft:dirt on [world;-386;62;-373]
[08:00:10][BlockBreakEvent]: breaked minecraft:grass_block[snowy=false] on [world;-386;63;-373]
[08:00:21][BlockPlaceEvent]: placed minecraft:gravel on [world;-385;63;-373]
[08:00:22][BlockPlaceEvent]: placed minecraft:gravel on [world;-385;63;-373]
[08:00:23][BlockPlaceEvent]: placed minecraft:gravel on [world;-385;63;-373]
[08:00:24][BlockPlaceEvent]: placed minecraft:gravel on [world;-385;63;-373]
[08:00:30][BlockBreakEvent]: breaked minecraft:gravel on [world;-385;62;-373]
[08:00:32][BlockBreakEvent]: breaked minecraft:gravel on [world;-385;62;-373]
[08:00:33][BlockBreakEvent]: breaked minecraft:gravel on [world;-385;61;-373]
[08:00:34][BlockBreakEvent]: breaked minecraft:gravel on [world;-385;60;-373]
[08:00:41][BlockPlaceEvent]: placed minecraft:dirt on [world;-385;61;-371]
[08:00:41][BlockPlaceEvent]: placed minecraft:dirt on [world;-386;61;-371]
[08:00:42][BlockPlaceEvent]: placed minecraft:dirt on [world;-385;62;-371]
[08:00:42][BlockPlaceEvent]: placed minecraft:dirt on [world;-386;62;-371]
[08:00:43][BlockPlaceEvent]: placed minecraft:dirt on [world;-386;63;-371]
[08:00:55][BlockPlaceEvent]: placed minecraft:dirt on [world;-386;63;-374]
[08:00:58][FurnaceExtractEvent]: breaked minecraft:furnace[facing=north,lit=true] on [world;-385;65;-371]
[08:01:06][BlockBreakEvent]: breaked minecraft:spruce_planks on [world;-387;65;-374]
[08:01:09][BlockBreakEvent]: breaked minecraft:spruce_planks on [world;-387;64;-374]
[08:01:18][BlockBreakEvent]: breaked minecraft:spruce_log[axis=y] on [world;-403;65;-360]
[08:01:22][BlockBreakEvent]: breaked minecraft:spruce_log[axis=y] on [world;-403;64;-360]
[08:02:00][BlockBreakEvent]: breaked minecraft:spruce_door[facing=west,half=lower,hinge=left,open=true,powered=false] on [world;-387;64;-374]
[08:02:06][BlockPlaceEvent]: placed minecraft:dirt on [world;-386;63;-372]
[08:02:06][BlockPlaceEvent]: placed minecraft:dirt on [world;-386;63;-373]
[08:02:08][BlockPlaceEvent]: placed minecraft:dirt on [world;-385;63;-372]
[08:02:10][BlockPlaceEvent]: placed minecraft:chest[facing=north,type=single,waterlogged=false] on [world;-385;64;-372]
[08:02:18][FurnaceExtractEvent]: breaked minecraft:furnace[facing=north,lit=true] on [world;-385;65;-371]
[08:24:36][BlockBreakEvent]: breaked minecraft:spruce_log[axis=y] on [world;-403;66;-360]
[08:24:43][BlockBreakEvent]: breaked minecraft:spruce_log[axis=y] on [world;-397;65;-360]
[08:24:50][BlockBreakEvent]: breaked minecraft:spruce_log[axis=y] on [world;-397;64;-360]
[08:24:52][BlockBreakEvent]: breaked minecraft:spruce_leaves[distance=1,persistent=false] on [world;-396;68;-360]
[08:24:55][BlockBreakEvent]: breaked minecraft:spruce_log[axis=y] on [world;-397;66;-360]
[08:25:12][BlockBreakEvent]: breaked minecraft:spruce_log[axis=y] on [world;-397;67;-360]
[08:25:15][BlockBreakEvent]: breaked minecraft:spruce_log[axis=y] on [world;-397;68;-360]
[08:25:19][BlockBreakEvent]: breaked minecraft:spruce_log[axis=y] on [world;-397;69;-360]
[08:25:19][BlockBreakEvent]: breaked minecraft:spruce_leaves[distance=7,persistent=false] on [world;-397;70;-360]
[08:25:27][BlockBreakEvent]: breaked minecraft:spruce_sapling[stage=1] on [world;-389;63;-374]
[08:26:40][BlockBreakEvent]: breaked minecraft:sweet_berry_bush[age=1] on [world;-453;75;-394]
[08:27:05][BlockBreakEvent]: breaked minecraft:spruce_log[axis=y] on [world;-497;70;-394]
[08:27:07][BlockBreakEvent]: breaked minecraft:spruce_log[axis=y] on [world;-497;69;-394]
[08:27:08][BlockBreakEvent]: breaked minecraft:spruce_leaves[distance=4,persistent=false] on [world;-496;70;-394]
[08:27:08][BlockBreakEvent]: breaked minecraft:spruce_leaves[distance=3,persistent=false] on [world;-495;71;-394]
[08:27:10][BlockBreakEvent]: breaked minecraft:spruce_log[axis=y] on [world;-497;71;-394]
[08:27:12][BlockBreakEvent]: breaked minecraft:spruce_log[axis=y] on [world;-497;72;-394]
[08:27:14][BlockBreakEvent]: breaked minecraft:spruce_log[axis=y] on [world;-497;73;-394]
[08:27:16][BlockBreakEvent]: breaked minecraft:spruce_log[axis=y] on [world;-497;74;-394]
[08:27:18][BlockBreakEvent]: breaked minecraft:spruce_log[axis=y] on [world;-497;75;-394]
[08:29:00][FurnaceExtractEvent]: breaked minecraft:furnace[facing=north,lit=true] on [world;-385;65;-371]
[08:29:11][FurnaceExtractEvent]: breaked minecraft:furnace[facing=north,lit=true] on [world;-385;65;-371]
[08:29:19][BlockBreakEvent]: breaked minecraft:grass_block[snowy=false] on [world;-389;59;-371]
[08:29:36][BlockPlaceEvent]: placed minecraft:dirt on [world;-391;31;-351]
[08:29:38][BlockBreakEvent]: breaked minecraft:dirt on [world;-392;33;-351]
[08:29:42][BlockPlaceEvent]: placed minecraft:dirt on [world;-392;29;-351]
[08:29:44][BlockBreakEvent]: breaked minecraft:dirt on [world;-391;31;-351]
[08:29:45][BlockPlaceEvent]: placed minecraft:dirt on [world;-391;26;-351]
[08:29:48][BlockBreakEvent]: breaked minecraft:dirt on [world;-392;29;-351]
[08:29:50][BlockBreakEvent]: breaked minecraft:dirt on [world;-391;26;-351]
[08:29:53][BlockPlaceEvent]: placed minecraft:dirt on [world;-391;23;-351]
[08:29:55][BlockBreakEvent]: breaked minecraft:dirt on [world;-392;25;-351]
[08:29:56][BlockPlaceEvent]: placed minecraft:dirt on [world;-392;21;-351]
[08:29:58][BlockBreakEvent]: breaked minecraft:dirt on [world;-391;23;-351]
[08:29:59][BlockPlaceEvent]: placed minecraft:dirt on [world;-391;19;-351]
[08:30:00][BlockBreakEvent]: breaked minecraft:dirt on [world;-392;21;-351]
[08:30:02][BlockPlaceEvent]: placed minecraft:dirt on [world;-392;17;-351]
[08:30:03][BlockBreakEvent]: breaked minecraft:dirt on [world;-391;19;-351]
[08:30:05][BlockBreakEvent]: breaked minecraft:dirt on [world;-392;17;-351]
[08:30:25][BlockBreakEvent]: breaked minecraft:stone on [world;-389;12;-363]
[08:30:26][BlockBreakEvent]: breaked minecraft:stone on [world;-389;11;-363]
[08:30:27][BlockBreakEvent]: breaked minecraft:stone on [world;-389;12;-364]
[08:30:28][BlockBreakEvent]: breaked minecraft:stone on [world;-389;12;-365]
[08:30:28][BlockBreakEvent]: breaked minecraft:stone on [world;-389;11;-364]
[08:30:29][BlockBreakEvent]: breaked minecraft:stone on [world;-389;11;-365]
[08:30:30][BlockBreakEvent]: breaked minecraft:stone on [world;-389;11;-366]
[08:30:30][BlockBreakEvent]: breaked minecraft:stone on [world;-389;12;-366]
[08:30:31][BlockBreakEvent]: breaked minecraft:stone on [world;-389;12;-367]
[08:30:32][BlockBreakEvent]: breaked minecraft:stone on [world;-389;12;-368]
[08:30:32][BlockBreakEvent]: breaked minecraft:stone on [world;-389;12;-369]
[08:30:33][BlockBreakEvent]: breaked minecraft:stone on [world;-389;12;-370]
[08:30:34][BlockBreakEvent]: breaked minecraft:stone on [world;-389;11;-368]
[08:30:35][BlockBreakEvent]: breaked minecraft:stone on [world;-389;11;-369]
[08:30:36][BlockBreakEvent]: breaked minecraft:stone on [world;-389;11;-367]
[08:30:36][BlockBreakEvent]: breaked minecraft:stone on [world;-389;11;-370]
[08:30:37][BlockBreakEvent]: breaked minecraft:stone on [world;-389;11;-371]
[08:30:38][BlockBreakEvent]: breaked minecraft:stone on [world;-389;12;-371]
[08:30:39][BlockBreakEvent]: breaked minecraft:stone on [world;-389;12;-372]
[08:30:40][BlockBreakEvent]: breaked minecraft:stone on [world;-389;11;-372]
[08:30:40][BlockBreakEvent]: breaked minecraft:stone on [world;-389;11;-373]
[08:30:41][BlockBreakEvent]: breaked minecraft:stone on [world;-389;12;-373]
[08:30:42][BlockBreakEvent]: breaked minecraft:stone on [world;-389;12;-374]
[08:30:43][BlockBreakEvent]: breaked minecraft:stone on [world;-389;12;-375]
[08:30:44][BlockBreakEvent]: breaked minecraft:stone on [world;-389;11;-374]
[08:30:45][BlockBreakEvent]: breaked minecraft:granite on [world;-389;11;-375]
[08:30:46][BlockBreakEvent]: breaked minecraft:stone on [world;-389;12;-376]
[08:30:47][BlockBreakEvent]: breaked minecraft:granite on [world;-389;11;-376]
[08:30:48][BlockBreakEvent]: breaked minecraft:stone on [world;-389;12;-377]
[08:30:49][BlockBreakEvent]: breaked minecraft:granite on [world;-389;11;-377]
[08:30:50][BlockBreakEvent]: breaked minecraft:stone on [world;-389;12;-378]
[08:30:51][BlockBreakEvent]: breaked minecraft:stone on [world;-389;11;-378]
[08:30:52][BlockBreakEvent]: breaked minecraft:granite on [world;-390;12;-378]
[08:30:52][BlockBreakEvent]: breaked minecraft:granite on [world;-390;11;-378]
[08:30:54][BlockBreakEvent]: breaked minecraft:granite on [world;-391;11;-378]
[08:30:55][BlockBreakEvent]: breaked minecraft:granite on [world;-391;12;-378]
[08:30:55][BlockBreakEvent]: breaked minecraft:granite on [world;-391;12;-379]
[08:30:56][BlockBreakEvent]: breaked minecraft:granite on [world;-391;11;-379]
[08:30:57][BlockBreakEvent]: breaked minecraft:stone on [world;-391;12;-380]
[08:30:57][BlockBreakEvent]: breaked minecraft:granite on [world;-391;11;-380]
[08:30:58][BlockBreakEvent]: breaked minecraft:stone on [world;-391;12;-381]
[08:30:59][BlockBreakEvent]: breaked minecraft:stone on [world;-391;11;-381]
[08:31:00][BlockBreakEvent]: breaked minecraft:stone on [world;-392;12;-381]
[08:31:00][BlockBreakEvent]: breaked minecraft:stone on [world;-392;11;-381]
[08:31:01][BlockBreakEvent]: breaked minecraft:stone on [world;-392;12;-382]
[08:31:02][BlockBreakEvent]: breaked minecraft:stone on [world;-392;11;-382]
[08:31:03][BlockBreakEvent]: breaked minecraft:stone on [world;-392;13;-382]
[08:31:09][BlockPlaceEvent]: placed minecraft:cobblestone on [world;-397;12;-392]
[08:31:12][BlockPlaceEvent]: placed minecraft:cobblestone on [world;-397;11;-391]
[08:31:12][BlockPlaceEvent]: placed minecraft:cobblestone on [world;-397;12;-391]
[08:31:21][BlockBreakEvent]: breaked minecraft:stone on [world;-396;13;-393]
[08:31:23][BlockPlaceEvent]: placed minecraft:cobblestone on [world;-396;11;-393]
[08:31:23][BlockPlaceEvent]: placed minecraft:cobblestone on [world;-396;12;-393]
[08:31:25][BlockPlaceEvent]: placed minecraft:cobblestone on [world;-397;13;-392]
[08:31:29][BlockBreakEvent]: breaked minecraft:cobblestone on [world;-397;13;-392]
[08:31:29][BlockBreakEvent]: breaked minecraft:stone on [world;-396;14;-393]
[08:31:30][BlockBreakEvent]: breaked minecraft:stone on [world;-396;14;-392]
[08:31:31][BlockBreakEvent]: breaked minecraft:stone on [world;-397;14;-393]
[08:31:35][BlockPlaceEvent]: placed minecraft:cobblestone on [world;-398;12;-393]
[08:31:37][BlockBreakEvent]: breaked minecraft:stone on [world;-396;13;-394]
[08:31:38][BlockBreakEvent]: breaked minecraft:stone on [world;-397;13;-394]
[08:31:39][BlockBreakEvent]: breaked minecraft:stone on [world;-398;13;-394]
[08:31:40][BlockBreakEvent]: breaked minecraft:stone on [world;-397;14;-394]
[08:31:41][BlockBreakEvent]: breaked minecraft:stone on [world;-399;13;-394]
[08:31:42][BlockBreakEvent]: breaked minecraft:stone on [world;-399;13;-395]
[08:33:08][BlockBreakEvent]: breaked minecraft:grass_block[snowy=false] on [world;-389;61;-372]
[08:33:11][BlockBreakEvent]: breaked minecraft:stone on [world;-389;60;-372]
[08:33:12][BlockBreakEvent]: breaked minecraft:stone on [world;-389;59;-372]
[08:33:13][BlockBreakEvent]: breaked minecraft:stone on [world;-389;58;-372]
[08:33:14][BlockBreakEvent]: breaked minecraft:stone on [world;-389;57;-372]
[08:33:14][BlockBreakEvent]: breaked minecraft:stone on [world;-389;56;-372]
[08:33:15][BlockBreakEvent]: breaked minecraft:stone on [world;-389;55;-372]
[08:33:16][BlockBreakEvent]: breaked minecraft:stone on [world;-389;54;-372]
[08:33:17][BlockBreakEvent]: breaked minecraft:granite on [world;-389;53;-372]
[08:33:18][BlockBreakEvent]: breaked minecraft:granite on [world;-389;52;-372]
[08:33:19][BlockBreakEvent]: breaked minecraft:granite on [world;-389;51;-372]
[08:33:20][BlockBreakEvent]: breaked minecraft:granite on [world;-389;50;-372]
[08:33:31][BlockPlaceEvent]: placed minecraft:granite on [world;-392;33;-351]
[08:33:33][BlockPlaceEvent]: placed minecraft:granite on [world;-391;31;-351]
[08:33:36][BlockPlaceEvent]: placed minecraft:granite on [world;-392;29;-351]
[08:33:39][BlockBreakEvent]: breaked minecraft:granite on [world;-392;33;-351]
[08:33:41][BlockBreakEvent]: breaked minecraft:granite on [world;-391;31;-351]
[08:33:43][BlockPlaceEvent]: placed minecraft:cobblestone on [world;-391;27;-351]
[08:33:43][BlockPlaceEvent]: placed minecraft:cobblestone on [world;-391;28;-351]
[08:33:46][BlockBreakEvent]: breaked minecraft:cobblestone on [world;-391;28;-351]
[08:33:47][BlockBreakEvent]: breaked minecraft:granite on [world;-392;29;-351]
[08:33:53][BlockPlaceEvent]: placed minecraft:cobblestone on [world;-392;25;-351]
[08:33:59][BlockBreakEvent]: breaked minecraft:cobblestone on [world;-391;27;-351]
[08:34:01][BlockPlaceEvent]: placed minecraft:cobblestone on [world;-391;23;-351]
[08:34:04][BlockBreakEvent]: breaked minecraft:cobblestone on [world;-392;25;-351]
[08:34:05][BlockPlaceEvent]: placed minecraft:cobblestone on [world;-392;22;-351]
[08:34:07][BlockBreakEvent]: breaked minecraft:cobblestone on [world;-391;23;-351]
[08:34:09][BlockBreakEvent]: breaked minecraft:andesite on [world;-392;23;-352]
[08:34:10][BlockBreakEvent]: breaked minecraft:stone on [world;-392;24;-352]
[08:34:11][BlockBreakEvent]: breaked minecraft:andesite on [world;-392;22;-352]
[08:34:12][BlockBreakEvent]: breaked minecraft:cobblestone on [world;-392;22;-351]
[08:34:13][BlockBreakEvent]: breaked minecraft:stone on [world;-392;21;-352]
[08:34:14][BlockBreakEvent]: breaked minecraft:stone on [world;-392;20;-352]
[08:34:16][BlockBreakEvent]: breaked minecraft:stone on [world;-392;19;-352]
[08:34:17][BlockBreakEvent]: breaked minecraft:stone on [world;-392;18;-352]
[08:34:17][BlockBreakEvent]: breaked minecraft:stone on [world;-392;17;-352]
[08:34:18][BlockBreakEvent]: breaked minecraft:stone on [world;-392;16;-352]
[08:34:19][BlockBreakEvent]: breaked minecraft:stone on [world;-392;15;-352]
[08:35:16][BlockPlaceEvent]: placed minecraft:cobblestone on [world;-397;11;-397]
[08:35:21][BlockBreakEvent]: breaked minecraft:cobblestone on [world;-397;11;-397]
[08:36:02][BlockPlaceEvent]: placed minecraft:gravel on [world;-399;10;-400]
[08:36:06][BlockPlaceEvent]: placed minecraft:dirt on [world;-399;10;-401]
[08:36:07][BlockBreakEvent]: breaked minecraft:gravel on [world;-399;10;-400]
[08:36:08][BlockPlaceEvent]: placed minecraft:dirt on [world;-399;10;-402]
[08:36:09][BlockPlaceEvent]: placed minecraft:dirt on [world;-399;10;-403]
[08:36:11][BlockBreakEvent]: breaked minecraft:dirt on [world;-399;10;-402]
[08:36:12][BlockBreakEvent]: breaked minecraft:dirt on [world;-399;10;-401]
[08:36:14][BlockPlaceEvent]: placed minecraft:dirt on [world;-399;10;-404]
[08:36:15][BlockPlaceEvent]: placed minecraft:dirt on [world;-399;10;-407]
[08:36:15][BlockPlaceEvent]: placed minecraft:dirt on [world;-399;10;-406]
[08:36:15][BlockPlaceEvent]: placed minecraft:dirt on [world;-399;10;-405]
[08:36:21][BlockBreakEvent]: breaked minecraft:iron_ore on [world;-399;13;-412]
[08:36:23][BlockBreakEvent]: breaked minecraft:iron_ore on [world;-399;11;-412]
[08:36:24][BlockBreakEvent]: breaked minecraft:iron_ore on [world;-399;10;-412]
[08:36:25][BlockBreakEvent]: breaked minecraft:iron_ore on [world;-398;11;-412]
[08:36:27][BlockBreakEvent]: breaked minecraft:iron_ore on [world;-398;10;-412]
[08:36:29][BlockBreakEvent]: breaked minecraft:iron_ore on [world;-398;11;-411]
[08:36:30][BlockBreakEvent]: breaked minecraft:iron_ore on [world;-398;10;-411]
[08:36:34][BlockBreakEvent]: breaked minecraft:iron_ore on [world;-400;14;-412]
[08:36:34][BlockBreakEvent]: breaked minecraft:stone on [world;-400;15;-412]
[08:36:35][BlockBreakEvent]: breaked minecraft:stone on [world;-400;11;-412]
[08:36:40][BlockPlaceEvent]: placed minecraft:andesite on [world;-397;10;-408]
[08:36:40][BlockPlaceEvent]: placed minecraft:andesite on [world;-398;10;-408]
[08:36:41][BlockBreakEvent]: breaked minecraft:stone on [world;-394;12;-408]
[08:36:42][BlockBreakEvent]: breaked minecraft:stone on [world;-394;11;-408]
[08:36:43][BlockBreakEvent]: breaked minecraft:stone on [world;-394;12;-409]
[08:36:43][BlockBreakEvent]: breaked minecraft:stone on [world;-394;11;-409]
[08:36:44][BlockBreakEvent]: breaked minecraft:stone on [world;-394;12;-410]
[08:36:45][BlockBreakEvent]: breaked minecraft:stone on [world;-394;11;-410]
[08:36:46][BlockBreakEvent]: breaked minecraft:stone on [world;-394;12;-411]
[08:36:46][BlockBreakEvent]: breaked minecraft:stone on [world;-394;11;-411]
[08:36:47][BlockBreakEvent]: breaked minecraft:stone on [world;-394;12;-412]
[08:36:48][BlockBreakEvent]: breaked minecraft:stone on [world;-394;13;-411]
[08:36:58][BlockBreakEvent]: breaked minecraft:stone on [world;-394;13;-412]
[08:36:59][BlockBreakEvent]: breaked minecraft:stone on [world;-394;13;-413]
[08:37:02][BlockBreakEvent]: breaked minecraft:diamond_ore on [world;-395;13;-416]
[08:37:03][BlockBreakEvent]: breaked minecraft:diamond_ore on [world;-396;14;-416]
[08:37:09][BlockBreakEvent]: breaked minecraft:stone on [world;-396;15;-421]
[08:37:10][BlockBreakEvent]: breaked minecraft:stone on [world;-396;16;-421]
[08:37:11][BlockBreakEvent]: breaked minecraft:stone on [world;-396;16;-420]
[08:37:16][BlockBreakEvent]: breaked minecraft:iron_ore on [world;-389;18;-435]
[08:37:18][BlockBreakEvent]: breaked minecraft:iron_ore on [world;-388;19;-435]
[08:37:19][BlockBreakEvent]: breaked minecraft:iron_ore on [world;-388;18;-435]
[08:37:21][BlockBreakEvent]: breaked minecraft:iron_ore on [world;-388;19;-434]
[08:37:22][BlockBreakEvent]: breaked minecraft:iron_ore on [world;-388;18;-434]
[08:37:24][BlockBreakEvent]: breaked minecraft:iron_ore on [world;-388;20;-435]
[08:37:25][BlockBreakEvent]: breaked minecraft:iron_ore on [world;-388;21;-435]
[08:37:26][BlockBreakEvent]: breaked minecraft:iron_ore on [world;-388;21;-436]
[08:37:28][BlockBreakEvent]: breaked minecraft:iron_ore on [world;-387;21;-436]
[08:37:29][BlockBreakEvent]: breaked minecraft:iron_ore on [world;-387;20;-436]
[08:37:34][BlockBreakEvent]: breaked minecraft:coal_ore on [world;-399;19;-432]
[08:37:35][BlockBreakEvent]: breaked minecraft:coal_ore on [world;-399;20;-432]
[08:37:37][BlockBreakEvent]: breaked minecraft:coal_ore on [world;-399;18;-432]
[08:37:38][BlockBreakEvent]: breaked minecraft:granite on [world;-399;17;-432]
[08:37:38][BlockBreakEvent]: breaked minecraft:granite on [world;-399;16;-432]
[08:37:39][BlockBreakEvent]: breaked minecraft:granite on [world;-399;15;-432]
[08:37:40][BlockBreakEvent]: breaked minecraft:stone on [world;-399;14;-432]
[08:37:42][BlockBreakEvent]: breaked minecraft:coal_ore on [world;-400;19;-432]
[08:37:43][BlockBreakEvent]: breaked minecraft:coal_ore on [world;-400;18;-432]
[08:37:44][BlockBreakEvent]: breaked minecraft:granite on [world;-400;17;-432]
[08:37:45][BlockBreakEvent]: breaked minecraft:granite on [world;-400;16;-432]
[08:37:46][BlockBreakEvent]: breaked minecraft:stone on [world;-400;15;-432]
[08:37:47][BlockBreakEvent]: breaked minecraft:stone on [world;-401;15;-432]
[08:37:47][BlockBreakEvent]: breaked minecraft:stone on [world;-400;14;-432]
[08:37:48][BlockBreakEvent]: breaked minecraft:stone on [world;-400;13;-432]
[08:37:49][BlockBreakEvent]: breaked minecraft:stone on [world;-401;13;-432]
[08:37:50][BlockBreakEvent]: breaked minecraft:stone on [world;-401;12;-432]
[08:37:51][BlockBreakEvent]: breaked minecraft:stone on [world;-401;11;-432]
[08:37:51][BlockBreakEvent]: breaked minecraft:stone on [world;-401;10;-432]
[08:37:52][BlockBreakEvent]: breaked minecraft:stone on [world;-402;10;-432]
[08:37:53][BlockBreakEvent]: breaked minecraft:stone on [world;-402;9;-432]
[08:37:55][BlockBreakEvent]: breaked minecraft:stone on [world;-400;12;-432]
[08:37:55][BlockBreakEvent]: breaked minecraft:stone on [world;-400;11;-432]
[08:37:56][BlockBreakEvent]: breaked minecraft:stone on [world;-402;11;-432]
[08:37:57][BlockBreakEvent]: breaked minecraft:stone on [world;-402;12;-432]
[08:38:00][BlockPlaceEvent]: placed minecraft:gravel on [world;-402;10;-432]
[08:38:01][BlockPlaceEvent]: placed minecraft:gravel on [world;-402;10;-432]
[08:38:02][BlockPlaceEvent]: placed minecraft:gravel on [world;-402;10;-432]
[08:38:02][BlockPlaceEvent]: placed minecraft:gravel on [world;-402;10;-432]
[08:38:03][BlockPlaceEvent]: placed minecraft:gravel on [world;-402;10;-432]
[08:38:04][BlockPlaceEvent]: placed minecraft:gravel on [world;-402;10;-432]
[08:38:05][BlockPlaceEvent]: placed minecraft:gravel on [world;-402;10;-432]
[08:38:08][BlockBreakEvent]: breaked minecraft:stone on [world;-403;12;-432]
[08:38:10][BlockBreakEvent]: breaked minecraft:redstone_ore[lit=true] on [world;-404;11;-429]
[08:38:21][BlockBreakEvent]: breaked minecraft:iron_ore on [world;-412;16;-427]
[08:38:22][BlockBreakEvent]: breaked minecraft:iron_ore on [world;-412;15;-427]
[08:38:23][BlockBreakEvent]: breaked minecraft:diorite on [world;-411;16;-427]
[08:38:32][BlockBreakEvent]: breaked minecraft:stone on [world;-387;18;-437]
[08:38:34][BlockBreakEvent]: breaked minecraft:stone on [world;-387;17;-437]
[08:38:35][BlockBreakEvent]: breaked minecraft:stone on [world;-387;18;-436]
[08:38:36][BlockBreakEvent]: breaked minecraft:stone on [world;-387;17;-436]
[08:38:36][BlockBreakEvent]: breaked minecraft:stone on [world;-387;16;-436]
[08:38:37][BlockBreakEvent]: breaked minecraft:stone on [world;-387;16;-437]
[08:38:38][BlockBreakEvent]: breaked minecraft:stone on [world;-387;15;-437]
[08:38:39][BlockBreakEvent]: breaked minecraft:stone on [world;-387;15;-436]
[08:38:39][BlockBreakEvent]: breaked minecraft:stone on [world;-387;14;-437]
[08:38:40][BlockBreakEvent]: breaked minecraft:stone on [world;-387;14;-436]
[08:38:41][BlockBreakEvent]: breaked minecraft:stone on [world;-387;13;-436]
[08:38:42][BlockBreakEvent]: breaked minecraft:stone on [world;-387;12;-436]
[08:38:42][BlockBreakEvent]: breaked minecraft:stone on [world;-387;13;-437]
[08:38:43][BlockBreakEvent]: breaked minecraft:stone on [world;-387;12;-437]
[08:38:44][BlockBreakEvent]: breaked minecraft:stone on [world;-387;11;-437]
[08:38:45][BlockBreakEvent]: breaked minecraft:stone on [world;-387;11;-436]
[08:38:48][BlockBreakEvent]: breaked minecraft:stone on [world;-388;12;-436]
[08:38:49][BlockBreakEvent]: breaked minecraft:stone on [world;-389;12;-436]
[08:38:50][BlockBreakEvent]: breaked minecraft:stone on [world;-390;12;-436]
[08:38:51][BlockBreakEvent]: breaked minecraft:redstone_ore[lit=true] on [world;-388;11;-436]
[08:38:52][BlockBreakEvent]: breaked minecraft:redstone_ore[lit=true] on [world;-389;11;-436]
[08:38:53][BlockBreakEvent]: breaked minecraft:stone on [world;-390;11;-436]
[08:38:53][BlockBreakEvent]: breaked minecraft:stone on [world;-390;10;-436]
[08:38:54][BlockBreakEvent]: breaked minecraft:stone on [world;-390;9;-436]
[08:38:55][BlockBreakEvent]: breaked minecraft:stone on [world;-390;8;-436]
[08:38:56][BlockBreakEvent]: breaked minecraft:stone on [world;-390;7;-436]
[08:38:57][BlockBreakEvent]: breaked minecraft:stone on [world;-389;12;-435]
[08:38:58][BlockBreakEvent]: breaked minecraft:stone on [world;-388;12;-435]
[08:38:59][BlockBreakEvent]: breaked minecraft:stone on [world;-388;12;-434]
[08:38:59][BlockBreakEvent]: breaked minecraft:stone on [world;-387;12;-435]
[08:39:00][BlockBreakEvent]: breaked minecraft:stone on [world;-387;11;-435]
[08:39:01][BlockBreakEvent]: breaked minecraft:stone on [world;-387;13;-435]
[08:39:02][BlockBreakEvent]: breaked minecraft:stone on [world;-387;11;-434]
[08:39:03][BlockBreakEvent]: breaked minecraft:stone on [world;-387;10;-435]
[08:39:04][BlockBreakEvent]: breaked minecraft:stone on [world;-387;10;-434]
[08:39:05][BlockBreakEvent]: breaked minecraft:stone on [world;-387;9;-434]
[08:39:06][BlockBreakEvent]: breaked minecraft:stone on [world;-387;8;-434]
[08:39:06][BlockBreakEvent]: breaked minecraft:stone on [world;-387;7;-434]
[08:39:08][BlockBreakEvent]: breaked minecraft:stone on [world;-386;10;-435]
[08:39:09][BlockBreakEvent]: breaked minecraft:stone on [world;-386;11;-435]
[08:39:09][BlockBreakEvent]: breaked minecraft:stone on [world;-385;11;-435]
[08:39:10][BlockBreakEvent]: breaked minecraft:stone on [world;-385;10;-435]
[08:39:12][BlockBreakEvent]: breaked minecraft:stone on [world;-384;10;-435]
[08:39:12][BlockBreakEvent]: breaked minecraft:stone on [world;-384;11;-435]
[08:39:15][BlockPlaceEvent]: placed minecraft:granite on [world;-384;10;-435]
[08:39:15][BlockPlaceEvent]: placed minecraft:granite on [world;-385;10;-435]
[08:39:16][BlockBreakEvent]: breaked minecraft:stone on [world;-386;12;-435]
[08:39:17][BlockBreakEvent]: breaked minecraft:stone on [world;-385;12;-435]
[08:39:18][BlockBreakEvent]: breaked minecraft:stone on [world;-384;12;-435]
[08:39:19][BlockBreakEvent]: breaked minecraft:stone on [world;-383;12;-435]
[08:39:20][BlockBreakEvent]: breaked minecraft:redstone_ore[lit=true] on [world;-383;13;-435]
[08:39:21][BlockBreakEvent]: breaked minecraft:stone on [world;-383;11;-435]
[08:39:23][BlockBreakEvent]: breaked minecraft:stone on [world;-383;12;-434]
[08:39:24][BlockBreakEvent]: breaked minecraft:stone on [world;-382;12;-434]
[08:39:25][BlockBreakEvent]: breaked minecraft:stone on [world;-382;12;-433]
[08:39:26][BlockBreakEvent]: breaked minecraft:stone on [world;-383;12;-433]
[08:39:32][BlockPlaceEvent]: placed minecraft:granite on [world;-383;10;-431]
[08:39:33][BlockPlaceEvent]: placed minecraft:granite on [world;-383;9;-432]
[08:39:33][BlockPlaceEvent]: placed minecraft:granite on [world;-383;10;-432]
[08:39:33][BlockPlaceEvent]: placed minecraft:granite on [world;-383;10;-433]
[08:39:34][BlockPlaceEvent]: placed minecraft:granite on [world;-383;10;-434]
[08:39:35][BlockPlaceEvent]: placed minecraft:granite on [world;-381;10;-433]
[08:39:35][BlockPlaceEvent]: placed minecraft:granite on [world;-381;9;-432]
[08:39:36][BlockPlaceEvent]: placed minecraft:granite on [world;-381;9;-433]
[08:39:36][BlockPlaceEvent]: placed minecraft:granite on [world;-382;10;-433]
[08:39:37][BlockBreakEvent]: breaked minecraft:stone on [world;-381;12;-433]
[08:39:38][BlockBreakEvent]: breaked minecraft:stone on [world;-381;12;-432]
[08:39:40][BlockBreakEvent]: breaked minecraft:stone on [world;-380;12;-433]
[08:39:40][BlockBreakEvent]: breaked minecraft:stone on [world;-380;11;-433]
[08:39:41][BlockBreakEvent]: breaked minecraft:stone on [world;-379;12;-433]
[08:39:42][BlockBreakEvent]: breaked minecraft:stone on [world;-379;11;-433]
[08:39:45][BlockBreakEvent]: breaked minecraft:stone on [world;-378;12;-433]
[08:39:45][BlockBreakEvent]: breaked minecraft:stone on [world;-378;11;-433]
[08:39:47][BlockBreakEvent]: breaked minecraft:stone on [world;-378;13;-430]
[08:39:48][BlockBreakEvent]: breaked minecraft:redstone_ore[lit=true] on [world;-378;13;-432]
[08:39:49][BlockBreakEvent]: breaked minecraft:redstone_ore[lit=true] on [world;-378;13;-433]
[08:39:52][BlockBreakEvent]: breaked minecraft:stone on [world;-375;12;-430]
[08:39:53][BlockBreakEvent]: breaked minecraft:stone on [world;-375;11;-430]
[08:39:53][BlockBreakEvent]: breaked minecraft:stone on [world;-374;12;-431]
[08:39:54][BlockBreakEvent]: breaked minecraft:stone on [world;-374;12;-430]
[08:39:55][BlockBreakEvent]: breaked minecraft:stone on [world;-373;12;-430]
[08:39:56][BlockBreakEvent]: breaked minecraft:stone on [world;-373;12;-429]
[08:39:56][BlockBreakEvent]: breaked minecraft:stone on [world;-372;12;-429]
[08:39:58][BlockPlaceEvent]: placed minecraft:granite on [world;-374;10;-430]
[08:39:59][BlockPlaceEvent]: placed minecraft:granite on [world;-372;9;-430]
[08:40:00][BlockPlaceEvent]: placed minecraft:granite on [world;-372;10;-430]
[08:40:00][BlockPlaceEvent]: placed minecraft:granite on [world;-373;10;-430]
[08:40:02][BlockBreakEvent]: breaked minecraft:stone on [world;-372;12;-430]
[08:40:03][BlockBreakEvent]: breaked minecraft:stone on [world;-371;12;-429]
[08:40:04][BlockBreakEvent]: breaked minecraft:stone on [world;-371;12;-428]
[08:40:04][BlockBreakEvent]: breaked minecraft:stone on [world;-370;12;-428]
[08:40:05][BlockBreakEvent]: breaked minecraft:stone on [world;-370;12;-427]
[08:40:06][BlockBreakEvent]: breaked minecraft:stone on [world;-369;12;-428]
[08:40:08][BlockPlaceEvent]: placed minecraft:granite on [world;-369;10;-427]
[08:40:09][BlockPlaceEvent]: placed minecraft:granite on [world;-370;10;-427]
[08:40:09][BlockPlaceEvent]: placed minecraft:granite on [world;-369;10;-428]
[08:40:10][BlockPlaceEvent]: placed minecraft:granite on [world;-370;10;-428]
[08:40:14][BlockPlaceEvent]: placed minecraft:cobblestone on [world;-371;10;-428]
[08:40:14][BlockPlaceEvent]: placed minecraft:cobblestone on [world;-371;10;-429]
[08:40:15][BlockPlaceEvent]: placed minecraft:cobblestone on [world;-372;10;-429]
[08:40:16][BlockPlaceEvent]: placed minecraft:cobblestone on [world;-368;10;-426]
[08:40:18][BlockBreakEvent]: breaked minecraft:redstone_ore[lit=true] on [world;-365;12;-426]
[08:40:19][BlockBreakEvent]: breaked minecraft:redstone_ore[lit=true] on [world;-365;11;-426]
[08:40:20][BlockBreakEvent]: breaked minecraft:andesite on [world;-364;11;-426]
[08:40:21][BlockBreakEvent]: breaked minecraft:stone on [world;-364;12;-426]
[08:40:22][BlockBreakEvent]: breaked minecraft:stone on [world;-363;12;-426]
[08:40:22][BlockBreakEvent]: breaked minecraft:stone on [world;-363;11;-426]
[08:40:23][BlockBreakEvent]: breaked minecraft:stone on [world;-362;12;-426]
[08:40:25][BlockBreakEvent]: breaked minecraft:stone on [world;-362;11;-426]
[08:40:26][BlockBreakEvent]: breaked minecraft:stone on [world;-361;12;-426]
[08:40:27][BlockBreakEvent]: breaked minecraft:diorite on [world;-360;12;-426]
[08:40:28][BlockBreakEvent]: breaked minecraft:stone on [world;-360;11;-426]
[08:40:29][BlockBreakEvent]: breaked minecraft:stone on [world;-361;11;-426]
[08:40:30][BlockBreakEvent]: breaked minecraft:stone on [world;-359;11;-426]
[08:40:31][BlockBreakEvent]: breaked minecraft:diorite on [world;-359;12;-426]
[08:40:36][BlockBreakEvent]: breaked minecraft:stone on [world;-358;12;-426]
[08:40:37][BlockBreakEvent]: breaked minecraft:stone on [world;-358;11;-426]
[08:40:38][BlockBreakEvent]: breaked minecraft:stone on [world;-357;12;-426]
[08:40:39][BlockBreakEvent]: breaked minecraft:stone on [world;-357;11;-426]
[08:40:40][BlockBreakEvent]: breaked minecraft:stone on [world;-356;11;-426]
[08:40:41][BlockBreakEvent]: breaked minecraft:stone on [world;-356;12;-426]
[08:40:41][BlockBreakEvent]: breaked minecraft:stone on [world;-355;11;-426]
[08:40:43][BlockBreakEvent]: breaked minecraft:stone on [world;-355;12;-426]
[08:40:43][BlockBreakEvent]: breaked minecraft:stone on [world;-354;12;-426]
[08:40:43][BlockBreakEvent]: breaked minecraft:stone on [world;-354;11;-426]
[08:40:44][BlockBreakEvent]: breaked minecraft:stone on [world;-353;11;-426]
[08:40:45][BlockBreakEvent]: breaked minecraft:stone on [world;-353;12;-426]
[08:40:45][BlockBreakEvent]: breaked minecraft:stone on [world;-352;12;-426]
[08:40:47][BlockBreakEvent]: breaked minecraft:stone on [world;-351;12;-426]
[08:40:47][BlockBreakEvent]: breaked minecraft:stone on [world;-352;11;-426]
[08:40:49][BlockBreakEvent]: breaked minecraft:stone on [world;-351;11;-426]
[08:40:50][BlockBreakEvent]: breaked minecraft:stone on [world;-350;12;-426]
[08:40:51][BlockBreakEvent]: breaked minecraft:stone on [world;-349;12;-426]
[08:40:52][BlockBreakEvent]: breaked minecraft:stone on [world;-348;12;-426]
[08:40:53][BlockBreakEvent]: breaked minecraft:stone on [world;-350;11;-426]
[08:40:54][BlockBreakEvent]: breaked minecraft:stone on [world;-349;11;-426]
[08:40:55][BlockBreakEvent]: breaked minecraft:stone on [world;-348;11;-426]
[08:40:56][BlockBreakEvent]: breaked minecraft:stone on [world;-347;12;-426]
[08:40:57][BlockBreakEvent]: breaked minecraft:gravel on [world;-347;12;-426]
[08:40:59][BlockBreakEvent]: breaked minecraft:gravel on [world;-347;12;-426]
[08:41:01][BlockBreakEvent]: breaked minecraft:stone on [world;-347;11;-426]
[08:41:02][BlockBreakEvent]: breaked minecraft:stone on [world;-346;12;-426]
[08:41:03][BlockBreakEvent]: breaked minecraft:stone on [world;-346;11;-426]
[08:41:05][BlockBreakEvent]: breaked minecraft:dirt on [world;-345;12;-426]
[08:41:06][BlockBreakEvent]: breaked minecraft:dirt on [world;-344;12;-426]
[08:41:07][BlockBreakEvent]: breaked minecraft:dirt on [world;-345;11;-426]
[08:41:08][BlockBreakEvent]: breaked minecraft:dirt on [world;-344;11;-426]
[08:41:09][BlockBreakEvent]: breaked minecraft:dirt on [world;-343;11;-426]
[08:41:10][BlockBreakEvent]: breaked minecraft:dirt on [world;-343;12;-426]
[08:41:11][BlockBreakEvent]: breaked minecraft:dirt on [world;-342;12;-426]
[08:41:12][BlockBreakEvent]: breaked minecraft:andesite on [world;-342;11;-426]
[08:41:13][BlockBreakEvent]: breaked minecraft:andesite on [world;-341;12;-426]
[08:41:14][BlockBreakEvent]: breaked minecraft:andesite on [world;-341;11;-426]
[08:41:17][BlockBreakEvent]: breaked minecraft:redstone_ore[lit=true] on [world;-340;11;-426]
[08:41:18][BlockBreakEvent]: breaked minecraft:stone on [world;-340;12;-426]
[08:41:19][BlockBreakEvent]: breaked minecraft:stone on [world;-339;12;-426]
[08:41:20][BlockBreakEvent]: breaked minecraft:redstone_ore[lit=true] on [world;-339;11;-426]
[08:41:22][BlockBreakEvent]: breaked minecraft:stone on [world;-338;12;-426]
[08:41:23][BlockBreakEvent]: breaked minecraft:stone on [world;-338;11;-426]
[08:41:24][BlockBreakEvent]: breaked minecraft:stone on [world;-337;12;-426]
[08:41:34][BlockPlaceEvent]: placed minecraft:crafting_table on [world;-343;11;-426]
[08:41:47][BlockBreakEvent]: breaked minecraft:crafting_table on [world;-343;11;-426]
[08:41:48][BlockBreakEvent]: breaked minecraft:stone on [world;-344;10;-426]
[08:41:57][BlockBreakEvent]: breaked minecraft:stone on [world;-337;11;-426]
[08:41:58][BlockBreakEvent]: breaked minecraft:stone on [world;-336;11;-426]
[08:41:59][BlockBreakEvent]: breaked minecraft:stone on [world;-336;12;-426]
[08:42:00][BlockBreakEvent]: breaked minecraft:stone on [world;-335;12;-426]
[08:42:01][BlockBreakEvent]: breaked minecraft:stone on [world;-335;11;-426]
[08:42:02][BlockBreakEvent]: breaked minecraft:stone on [world;-334;11;-426]
[08:42:04][BlockBreakEvent]: breaked minecraft:stone on [world;-334;12;-426]
[08:42:05][BlockBreakEvent]: breaked minecraft:stone on [world;-333;12;-426]
[08:42:06][BlockBreakEvent]: breaked minecraft:stone on [world;-332;12;-426]
[08:42:07][BlockBreakEvent]: breaked minecraft:stone on [world;-332;11;-426]
[08:42:08][BlockBreakEvent]: breaked minecraft:stone on [world;-331;11;-426]
[08:42:09][BlockBreakEvent]: breaked minecraft:stone on [world;-330;11;-426]
[08:42:10][BlockBreakEvent]: breaked minecraft:stone on [world;-333;11;-426]
[08:42:11][BlockBreakEvent]: breaked minecraft:stone on [world;-331;12;-426]
[08:42:12][BlockBreakEvent]: breaked minecraft:stone on [world;-330;12;-426]
[08:42:13][BlockBreakEvent]: breaked minecraft:stone on [world;-329;12;-426]
[08:42:14][BlockBreakEvent]: breaked minecraft:stone on [world;-328;12;-426]
[08:42:15][BlockBreakEvent]: breaked minecraft:stone on [world;-327;12;-426]
[08:42:16][BlockBreakEvent]: breaked minecraft:stone on [world;-329;11;-426]
[08:42:17][BlockBreakEvent]: breaked minecraft:stone on [world;-328;11;-426]
[08:42:18][BlockBreakEvent]: breaked minecraft:stone on [world;-327;11;-426]
[08:42:19][BlockBreakEvent]: breaked minecraft:stone on [world;-327;13;-426]
[08:42:20][BlockBreakEvent]: breaked minecraft:stone on [world;-327;14;-426]
[08:42:22][BlockBreakEvent]: breaked minecraft:stone on [world;-326;11;-426]
[08:42:23][BlockBreakEvent]: breaked minecraft:stone on [world;-326;12;-426]
[08:42:24][BlockBreakEvent]: breaked minecraft:stone on [world;-325;12;-426]
[08:42:25][BlockBreakEvent]: breaked minecraft:stone on [world;-325;11;-426]
[08:42:26][BlockBreakEvent]: breaked minecraft:stone on [world;-325;12;-427]
[08:42:28][BlockBreakEvent]: breaked minecraft:stone on [world;-325;11;-427]
[08:42:29][BlockBreakEvent]: breaked minecraft:stone on [world;-325;12;-428]
[08:42:30][BlockBreakEvent]: breaked minecraft:stone on [world;-325;11;-428]
[08:42:31][BlockBreakEvent]: breaked minecraft:stone on [world;-325;12;-429]
[08:42:32][BlockBreakEvent]: breaked minecraft:stone on [world;-325;11;-429]
[08:42:33][BlockBreakEvent]: breaked minecraft:stone on [world;-325;12;-430]
[08:42:34][BlockBreakEvent]: breaked minecraft:stone on [world;-325;11;-430]
[08:42:36][BlockBreakEvent]: breaked minecraft:stone on [world;-325;12;-431]
[08:42:37][BlockBreakEvent]: breaked minecraft:stone on [world;-325;11;-431]
[08:42:40][BlockBreakEvent]: breaked minecraft:redstone_ore[lit=false] on [world;-324;12;-427]
[08:42:42][BlockBreakEvent]: breaked minecraft:redstone_ore[lit=true] on [world;-326;12;-427]
[08:42:43][BlockBreakEvent]: breaked minecraft:redstone_ore[lit=true] on [world;-326;12;-428]
[08:42:44][BlockBreakEvent]: breaked minecraft:redstone_ore[lit=true] on [world;-326;11;-428]
[08:42:45][BlockBreakEvent]: breaked minecraft:stone on [world;-327;11;-428]
[08:42:47][BlockBreakEvent]: breaked minecraft:redstone_ore[lit=true] on [world;-327;12;-428]
[08:42:48][BlockBreakEvent]: breaked minecraft:redstone_ore[lit=true] on [world;-327;12;-427]
[08:42:49][BlockBreakEvent]: breaked minecraft:redstone_ore[lit=false] on [world;-326;13;-428]
[08:42:51][BlockBreakEvent]: breaked minecraft:stone on [world;-325;12;-432]
[08:42:51][BlockBreakEvent]: breaked minecraft:stone on [world;-325;11;-432]
[08:42:53][BlockBreakEvent]: breaked minecraft:stone on [world;-325;12;-433]
[08:42:54][BlockBreakEvent]: breaked minecraft:stone on [world;-325;11;-433]
[08:42:55][BlockBreakEvent]: breaked minecraft:stone on [world;-325;12;-434]
[08:42:56][BlockBreakEvent]: breaked minecraft:stone on [world;-325;11;-434]
[08:42:57][BlockBreakEvent]: breaked minecraft:stone on [world;-325;12;-435]
[08:42:57][BlockBreakEvent]: breaked minecraft:stone on [world;-325;11;-435]
[08:43:00][BlockBreakEvent]: breaked minecraft:lapis_ore on [world;-325;10;-435]
[08:43:02][BlockBreakEvent]: breaked minecraft:lapis_ore on [world;-325;10;-436]
[08:43:04][BlockBreakEvent]: breaked minecraft:lapis_ore on [world;-326;10;-435]
[08:43:06][BlockBreakEvent]: breaked minecraft:lapis_ore on [world;-326;9;-435]
[08:43:08][BlockBreakEvent]: breaked minecraft:lapis_ore on [world;-326;10;-436]
[08:43:09][BlockBreakEvent]: breaked minecraft:stone on [world;-325;11;-436]
[08:43:10][BlockBreakEvent]: breaked minecraft:stone on [world;-325;12;-436]
[08:43:11][BlockBreakEvent]: breaked minecraft:stone on [world;-325;12;-437]
[08:43:12][BlockBreakEvent]: breaked minecraft:stone on [world;-325;11;-437]
[08:43:14][BlockBreakEvent]: breaked minecraft:stone on [world;-325;12;-438]
[08:43:14][BlockBreakEvent]: breaked minecraft:stone on [world;-325;13;-438]
[08:43:16][BlockBreakEvent]: breaked minecraft:stone on [world;-325;13;-437]
[08:43:17][BlockBreakEvent]: breaked minecraft:stone on [world;-325;13;-439]
[08:43:18][BlockBreakEvent]: breaked minecraft:stone on [world;-325;12;-439]
[08:43:20][BlockBreakEvent]: breaked minecraft:diamond_ore on [world;-325;13;-440]
[08:43:22][BlockBreakEvent]: breaked minecraft:stone on [world;-325;12;-440]
[08:43:23][BlockBreakEvent]: breaked minecraft:diamond_ore on [world;-325;13;-441]
[08:43:24][BlockBreakEvent]: breaked minecraft:diamond_ore on [world;-325;14;-440]
[08:43:25][BlockBreakEvent]: breaked minecraft:diamond_ore on [world;-325;14;-441]
[08:43:26][BlockBreakEvent]: breaked minecraft:diamond_ore on [world;-326;13;-440]
[08:43:27][BlockBreakEvent]: breaked minecraft:diamond_ore on [world;-326;14;-440]
[08:43:28][BlockBreakEvent]: breaked minecraft:diamond_ore on [world;-326;13;-441]
[08:43:29][BlockBreakEvent]: breaked minecraft:diamond_ore on [world;-326;14;-441]
[08:43:34][BlockBreakEvent]: breaked minecraft:stone on [world;-325;12;-441]
[08:43:35][BlockBreakEvent]: breaked minecraft:stone on [world;-324;13;-441]
[08:43:36][BlockBreakEvent]: breaked minecraft:stone on [world;-324;12;-441]
[08:43:37][BlockBreakEvent]: breaked minecraft:stone on [world;-324;11;-441]
[08:43:38][BlockBreakEvent]: breaked minecraft:stone on [world;-324;10;-441]
[08:43:40][BlockBreakEvent]: breaked minecraft:stone on [world;-324;14;-441]
[08:43:41][BlockBreakEvent]: breaked minecraft:stone on [world;-324;15;-441]
[08:43:42][BlockBreakEvent]: breaked minecraft:stone on [world;-324;16;-441]
[08:43:43][BlockBreakEvent]: breaked minecraft:stone on [world;-323;14;-441]
[08:43:44][BlockBreakEvent]: breaked minecraft:stone on [world;-323;13;-441]
[08:43:46][BlockPlaceEvent]: placed minecraft:cobblestone on [world;-324;12;-441]
[08:43:48][BlockBreakEvent]: breaked minecraft:stone on [world;-322;14;-441]
[08:43:55][BlockBreakEvent]: breaked minecraft:stone on [world;-308;14;-446]
[08:43:59][BlockPlaceEvent]: placed minecraft:cobblestone on [world;-306;10;-442]
[08:44:00][BlockPlaceEvent]: placed minecraft:cobblestone on [world;-306;10;-443]
[08:44:02][BlockPlaceEvent]: placed minecraft:cobblestone on [world;-303;10;-442]
[08:44:02][BlockPlaceEvent]: placed minecraft:cobblestone on [world;-304;10;-442]
[08:44:03][BlockPlaceEvent]: placed minecraft:cobblestone on [world;-305;10;-442]
[08:44:04][BlockPlaceEvent]: placed minecraft:cobblestone on [world;-303;10;-439]
[08:44:04][BlockPlaceEvent]: placed minecraft:cobblestone on [world;-304;10;-439]
[08:44:04][BlockPlaceEvent]: placed minecraft:cobblestone on [world;-303;9;-440]
[08:44:05][BlockPlaceEvent]: placed minecraft:cobblestone on [world;-304;9;-440]
[08:44:05][BlockPlaceEvent]: placed minecraft:cobblestone on [world;-304;10;-440]
[08:44:05][BlockPlaceEvent]: placed minecraft:cobblestone on [world;-304;10;-441]
[08:44:06][BlockPlaceEvent]: placed minecraft:cobblestone on [world;-305;9;-440]
[08:44:06][BlockPlaceEvent]: placed minecraft:cobblestone on [world;-305;10;-440]
[08:44:06][BlockPlaceEvent]: placed minecraft:cobblestone on [world;-305;10;-441]
[08:44:08][BlockBreakEvent]: breaked minecraft:granite on [world;-304;12;-440]
[08:44:08][BlockBreakEvent]: breaked minecraft:stone on [world;-304;12;-439]
[08:44:09][BlockBreakEvent]: breaked minecraft:stone on [world;-304;11;-438]
[08:44:10][BlockBreakEvent]: breaked minecraft:stone on [world;-304;12;-438]
[08:44:11][BlockBreakEvent]: breaked minecraft:stone on [world;-303;12;-438]
[08:44:12][BlockBreakEvent]: breaked minecraft:stone on [world;-303;11;-438]
[08:44:13][BlockBreakEvent]: breaked minecraft:stone on [world;-303;11;-437]
[08:44:14][BlockBreakEvent]: breaked minecraft:stone on [world;-303;12;-437]
[08:44:15][BlockBreakEvent]: breaked minecraft:stone on [world;-302;12;-437]
[08:44:16][BlockBreakEvent]: breaked minecraft:stone on [world;-302;11;-437]
[08:44:17][BlockBreakEvent]: breaked minecraft:stone on [world;-302;11;-438]
[08:44:18][BlockBreakEvent]: breaked minecraft:stone on [world;-302;12;-438]
[08:44:18][BlockBreakEvent]: breaked minecraft:stone on [world;-302;11;-436]
[08:44:19][BlockBreakEvent]: breaked minecraft:stone on [world;-301;11;-437]
[08:44:20][BlockBreakEvent]: breaked minecraft:stone on [world;-303;11;-436]
[08:44:21][BlockBreakEvent]: breaked minecraft:stone on [world;-302;11;-435]
[08:44:35][BlockBreakEvent]: breaked minecraft:iron_ore on [world;-327;18;-436]
[08:44:37][BlockBreakEvent]: breaked minecraft:iron_ore on [world;-328;18;-437]
[08:44:39][BlockBreakEvent]: breaked minecraft:iron_ore on [world;-328;18;-436]
[08:44:41][BlockBreakEvent]: breaked minecraft:iron_ore on [world;-327;17;-436]
[08:44:45][BlockBreakEvent]: breaked minecraft:iron_ore on [world;-329;18;-437]
[08:44:51][BlockBreakEvent]: breaked minecraft:iron_ore on [world;-329;18;-436]
[08:45:00][BlockBreakEvent]: breaked minecraft:stone on [world;-319;17;-450]
[08:45:01][BlockBreakEvent]: breaked minecraft:stone on [world;-319;16;-450]
[08:45:02][BlockBreakEvent]: breaked minecraft:stone on [world;-319;17;-451]
[08:45:03][BlockBreakEvent]: breaked minecraft:stone on [world;-319;16;-451]
[08:45:04][BlockBreakEvent]: breaked minecraft:stone on [world;-318;17;-451]
[08:45:10][BlockBreakEvent]: breaked minecraft:granite on [world;-303;12;-442]
[08:45:11][BlockBreakEvent]: breaked minecraft:stone on [world;-303;11;-442]
[08:45:12][BlockBreakEvent]: breaked minecraft:stone on [world;-302;11;-442]
[08:45:13][BlockBreakEvent]: breaked minecraft:stone on [world;-302;12;-442]
[08:45:14][BlockBreakEvent]: breaked minecraft:stone on [world;-301;12;-442]
[08:45:15][BlockBreakEvent]: breaked minecraft:stone on [world;-301;11;-442]
[08:45:16][BlockBreakEvent]: breaked minecraft:stone on [world;-300;12;-442]
[08:45:16][BlockBreakEvent]: breaked minecraft:stone on [world;-300;11;-442]
[08:45:18][BlockBreakEvent]: breaked minecraft:stone on [world;-299;12;-442]
[08:45:19][BlockBreakEvent]: breaked minecraft:stone on [world;-300;13;-442]
[08:45:19][BlockBreakEvent]: breaked minecraft:stone on [world;-299;13;-442]
[08:45:21][BlockBreakEvent]: breaked minecraft:stone on [world;-298;13;-442]
[08:45:22][BlockBreakEvent]: breaked minecraft:stone on [world;-298;12;-442]
[08:45:22][BlockBreakEvent]: breaked minecraft:stone on [world;-297;13;-442]
[08:45:23][BlockBreakEvent]: breaked minecraft:stone on [world;-297;12;-442]
[08:45:24][BlockBreakEvent]: breaked minecraft:stone on [world;-296;12;-442]
[08:45:25][BlockBreakEvent]: breaked minecraft:stone on [world;-296;13;-442]
[08:45:26][BlockBreakEvent]: breaked minecraft:stone on [world;-296;14;-442]
[08:45:27][BlockBreakEvent]: breaked minecraft:stone on [world;-295;13;-442]
[08:45:28][BlockBreakEvent]: breaked minecraft:stone on [world;-295;14;-442]
[08:45:30][BlockBreakEvent]: breaked minecraft:stone on [world;-294;14;-442]
[08:45:31][BlockBreakEvent]: breaked minecraft:stone on [world;-293;14;-442]
[08:45:32][BlockBreakEvent]: breaked minecraft:stone on [world;-295;15;-442]
[08:45:33][BlockBreakEvent]: breaked minecraft:stone on [world;-294;15;-442]
[08:45:34][BlockBreakEvent]: breaked minecraft:stone on [world;-293;15;-442]
[08:45:35][BlockBreakEvent]: breaked minecraft:stone on [world;-293;16;-442]
[08:45:37][BlockBreakEvent]: breaked minecraft:stone on [world;-292;16;-442]
[08:45:38][BlockBreakEvent]: breaked minecraft:stone on [world;-292;15;-442]
[08:45:40][BlockBreakEvent]: breaked minecraft:granite on [world;-291;16;-442]
[08:45:41][BlockBreakEvent]: breaked minecraft:granite on [world;-290;16;-442]
[08:45:42][BlockBreakEvent]: breaked minecraft:stone on [world;-290;15;-442]
[08:45:48][BlockPlaceEvent]: placed minecraft:crafting_table on [world;-293;14;-442]
[08:46:19][BlockBreakEvent]: breaked minecraft:stone on [world;-291;15;-442]
[08:46:20][BlockBreakEvent]: breaked minecraft:stone on [world;-289;15;-442]
[08:46:21][BlockBreakEvent]: breaked minecraft:granite on [world;-289;16;-442]
[08:46:21][BlockBreakEvent]: breaked minecraft:granite on [world;-288;16;-442]
[08:46:22][BlockBreakEvent]: breaked minecraft:stone on [world;-288;15;-442]
[08:46:23][BlockBreakEvent]: breaked minecraft:granite on [world;-288;16;-443]
[08:46:23][BlockBreakEvent]: breaked minecraft:stone on [world;-288;15;-443]
[08:46:24][BlockBreakEvent]: breaked minecraft:stone on [world;-288;16;-444]
[08:46:25][BlockBreakEvent]: breaked minecraft:stone on [world;-288;15;-444]
[08:46:26][BlockBreakEvent]: breaked minecraft:stone on [world;-288;16;-445]
[08:46:26][BlockBreakEvent]: breaked minecraft:stone on [world;-288;15;-445]
[08:46:27][BlockBreakEvent]: breaked minecraft:stone on [world;-288;16;-446]
[08:46:28][BlockBreakEvent]: breaked minecraft:stone on [world;-288;15;-446]
[08:46:28][BlockBreakEvent]: breaked minecraft:stone on [world;-288;16;-447]
[08:46:29][BlockBreakEvent]: breaked minecraft:stone on [world;-288;15;-447]
[08:46:30][BlockBreakEvent]: breaked minecraft:stone on [world;-288;16;-448]
[08:46:30][BlockBreakEvent]: breaked minecraft:stone on [world;-288;15;-448]
[08:46:31][BlockBreakEvent]: breaked minecraft:stone on [world;-288;16;-449]
[08:46:32][BlockBreakEvent]: breaked minecraft:stone on [world;-288;15;-449]
[08:46:33][BlockBreakEvent]: breaked minecraft:stone on [world;-288;16;-450]
[08:46:33][BlockBreakEvent]: breaked minecraft:stone on [world;-288;15;-450]
[08:46:34][BlockBreakEvent]: breaked minecraft:stone on [world;-288;15;-451]
[08:46:35][BlockBreakEvent]: breaked minecraft:stone on [world;-288;14;-451]
[08:46:40][BlockBreakEvent]: breaked minecraft:stone on [world;-287;16;-450]
[08:46:41][BlockBreakEvent]: breaked minecraft:stone on [world;-287;15;-450]
[08:46:42][BlockBreakEvent]: breaked minecraft:stone on [world;-287;16;-451]
[08:46:43][BlockBreakEvent]: breaked minecraft:stone on [world;-287;15;-451]
[08:46:44][BlockBreakEvent]: breaked minecraft:stone on [world;-287;16;-452]
[08:46:45][BlockBreakEvent]: breaked minecraft:stone on [world;-287;15;-452]
[08:46:46][BlockBreakEvent]: breaked minecraft:stone on [world;-286;16;-452]
[08:46:47][BlockBreakEvent]: breaked minecraft:stone on [world;-286;15;-452]
[08:46:47][BlockBreakEvent]: breaked minecraft:stone on [world;-285;16;-452]
[08:46:49][BlockBreakEvent]: breaked minecraft:stone on [world;-285;15;-452]
[08:46:50][BlockBreakEvent]: breaked minecraft:stone on [world;-285;16;-453]
[08:46:51][BlockBreakEvent]: breaked minecraft:stone on [world;-285;15;-453]
[08:47:07][BlockBreakEvent]: breaked minecraft:iron_ore on [world;-279;22;-481]
[08:47:08][BlockBreakEvent]: breaked minecraft:iron_ore on [world;-279;21;-481]
[08:47:10][BlockBreakEvent]: breaked minecraft:iron_ore on [world;-279;21;-482]
[08:47:46][BlockBreakEvent]: breaked minecraft:diamond_ore on [world;-251;12;-500]
[08:47:48][BlockBreakEvent]: breaked minecraft:stone on [world;-251;12;-499]
[08:47:49][BlockBreakEvent]: breaked minecraft:diamond_ore on [world;-250;12;-499]
[08:47:51][BlockBreakEvent]: breaked minecraft:diamond_ore on [world;-250;11;-499]
[08:47:52][BlockBreakEvent]: breaked minecraft:diamond_ore on [world;-251;11;-500]
[08:47:53][BlockBreakEvent]: breaked minecraft:stone on [world;-251;11;-499]
[08:47:59][BlockPlaceEvent]: placed minecraft:cobblestone on [world;-242;10;-506]
[08:48:00][BlockPlaceEvent]: placed minecraft:cobblestone on [world;-243;10;-506]
[08:48:00][BlockPlaceEvent]: placed minecraft:cobblestone on [world;-244;10;-506]
[08:48:01][BlockPlaceEvent]: placed minecraft:cobblestone on [world;-245;10;-506]
[08:48:01][BlockPlaceEvent]: placed minecraft:cobblestone on [world;-242;10;-507]
[08:48:02][BlockPlaceEvent]: placed minecraft:cobblestone on [world;-243;10;-507]
[08:48:02][BlockPlaceEvent]: placed minecraft:cobblestone on [world;-244;10;-507]
[08:48:03][BlockPlaceEvent]: placed minecraft:cobblestone on [world;-245;10;-507]
[08:48:04][BlockPlaceEvent]: placed minecraft:cobblestone on [world;-242;10;-508]
[08:48:04][BlockPlaceEvent]: placed minecraft:cobblestone on [world;-243;10;-508]
[08:48:04][BlockPlaceEvent]: placed minecraft:cobblestone on [world;-243;11;-508]
[08:48:04][BlockPlaceEvent]: placed minecraft:cobblestone on [world;-244;10;-508]
[08:48:05][BlockBreakEvent]: breaked minecraft:cobblestone on [world;-243;11;-508]
[08:48:07][BlockBreakEvent]: breaked minecraft:dirt on [world;-242;12;-507]
[08:48:08][BlockBreakEvent]: breaked minecraft:stone on [world;-241;11;-506]
[08:48:08][BlockBreakEvent]: breaked minecraft:granite on [world;-241;10;-506]
[08:48:09][BlockBreakEvent]: breaked minecraft:diamond_ore on [world;-241;11;-507]
[08:48:11][BlockBreakEvent]: breaked minecraft:diamond_ore on [world;-241;12;-507]
[08:48:12][BlockBreakEvent]: breaked minecraft:diamond_ore on [world;-241;11;-508]
[08:48:13][BlockBreakEvent]: breaked minecraft:diamond_ore on [world;-241;12;-508]
[08:48:14][BlockBreakEvent]: breaked minecraft:diamond_ore on [world;-240;12;-507]
[08:48:15][BlockBreakEvent]: breaked minecraft:diamond_ore on [world;-240;11;-507]
[08:48:16][BlockBreakEvent]: breaked minecraft:diamond_ore on [world;-240;11;-508]
[08:48:17][BlockBreakEvent]: breaked minecraft:diamond_ore on [world;-240;12;-508]
[08:48:23][BlockBreakEvent]: breaked minecraft:stone on [world;-247;13;-503]
[08:48:24][BlockBreakEvent]: breaked minecraft:stone on [world;-247;12;-503]
[08:48:25][BlockBreakEvent]: breaked minecraft:stone on [world;-247;13;-502]
[08:48:26][BlockBreakEvent]: breaked minecraft:stone on [world;-247;12;-502]
[08:48:26][BlockBreakEvent]: breaked minecraft:stone on [world;-247;13;-501]
[08:48:27][BlockBreakEvent]: breaked minecraft:stone on [world;-247;12;-501]
[08:48:28][BlockBreakEvent]: breaked minecraft:stone on [world;-246;13;-501]
[08:48:29][BlockBreakEvent]: breaked minecraft:stone on [world;-246;12;-501]
[08:48:29][BlockBreakEvent]: breaked minecraft:stone on [world;-245;13;-501]
[08:48:30][BlockBreakEvent]: breaked minecraft:dirt on [world;-245;12;-501]
[08:48:31][BlockBreakEvent]: breaked minecraft:stone on [world;-245;13;-500]
[08:48:32][BlockBreakEvent]: breaked minecraft:stone on [world;-245;12;-500]
[08:48:33][BlockBreakEvent]: breaked minecraft:stone on [world;-244;13;-500]
[08:48:34][BlockBreakEvent]: breaked minecraft:stone on [world;-245;12;-499]
[08:48:34][BlockBreakEvent]: breaked minecraft:stone on [world;-245;13;-499]
[08:48:35][BlockBreakEvent]: breaked minecraft:stone on [world;-244;13;-499]
[08:48:36][BlockBreakEvent]: breaked minecraft:andesite on [world;-244;12;-499]
[08:48:36][BlockBreakEvent]: breaked minecraft:andesite on [world;-244;12;-498]
[08:48:40][BlockBreakEvent]: breaked minecraft:iron_ore on [world;-244;12;-497]
[08:48:41][BlockBreakEvent]: breaked minecraft:iron_ore on [world;-245;12;-497]
[08:48:42][BlockBreakEvent]: breaked minecraft:iron_ore on [world;-245;11;-497]
[08:48:43][BlockBreakEvent]: breaked minecraft:iron_ore on [world;-245;12;-496]
[08:48:44][BlockBreakEvent]: breaked minecraft:iron_ore on [world;-245;11;-496]
[08:48:46][BlockBreakEvent]: breaked minecraft:andesite on [world;-244;12;-496]
[08:48:47][BlockBreakEvent]: breaked minecraft:andesite on [world;-244;11;-496]
[08:48:47][BlockBreakEvent]: breaked minecraft:andesite on [world;-243;12;-496]
[08:48:48][BlockBreakEvent]: breaked minecraft:andesite on [world;-243;12;-495]
[08:48:50][BlockBreakEvent]: breaked minecraft:andesite on [world;-244;12;-494]
[08:48:50][BlockBreakEvent]: breaked minecraft:andesite on [world;-244;12;-493]
[08:48:52][BlockBreakEvent]: breaked minecraft:andesite on [world;-244;11;-494]
[08:48:52][BlockBreakEvent]: breaked minecraft:stone on [world;-244;11;-493]
[08:48:53][BlockBreakEvent]: breaked minecraft:andesite on [world;-244;12;-495]
[08:48:54][BlockBreakEvent]: breaked minecraft:andesite on [world;-244;11;-495]
[08:48:59][BlockBreakEvent]: breaked minecraft:dirt on [world;-244;12;-500]
[08:49:02][BlockBreakEvent]: breaked minecraft:stone on [world;-248;13;-502]
[08:49:03][BlockBreakEvent]: breaked minecraft:redstone_ore[lit=true] on [world;-248;12;-501]
[08:49:04][BlockBreakEvent]: breaked minecraft:stone on [world;-248;13;-501]
[08:49:07][BlockBreakEvent]: breaked minecraft:stone on [world;-245;11;-508]
[08:49:08][BlockBreakEvent]: breaked minecraft:stone on [world;-246;11;-509]
[08:49:26][BlockBreakEvent]: breaked minecraft:lapis_ore on [world;-225;22;-484]
[08:49:27][BlockBreakEvent]: breaked minecraft:lapis_ore on [world;-226;22;-484]
[08:49:27][BlockBreakEvent]: breaked minecraft:stone on [world;-226;23;-483]
[08:49:28][BlockBreakEvent]: breaked minecraft:lapis_ore on [world;-225;23;-483]
[08:49:32][BlockBreakEvent]: breaked minecraft:stone on [world;-220;20;-481]
[08:49:33][BlockBreakEvent]: breaked minecraft:stone on [world;-220;19;-481]
[08:49:42][BlockBreakEvent]: breaked minecraft:gold_ore on [world;-225;20;-464]
[08:49:43][BlockBreakEvent]: breaked minecraft:gold_ore on [world;-226;20;-464]
[08:49:44][BlockBreakEvent]: breaked minecraft:gold_ore on [world;-225;21;-464]
[08:49:45][BlockBreakEvent]: breaked minecraft:gold_ore on [world;-226;21;-464]
[08:49:47][BlockBreakEvent]: breaked minecraft:gold_ore on [world;-225;21;-463]
[08:49:48][BlockBreakEvent]: breaked minecraft:gold_ore on [world;-226;21;-463]
[08:49:49][BlockBreakEvent]: breaked minecraft:gold_ore on [world;-225;22;-463]
[08:49:50][BlockBreakEvent]: breaked minecraft:gold_ore on [world;-225;22;-462]
[08:50:51][BlockBreakEvent]: breaked minecraft:stone on [world;-208;16;-489]
[08:50:51][BlockBreakEvent]: breaked minecraft:stone on [world;-207;16;-489]
[08:50:52][BlockBreakEvent]: breaked minecraft:stone on [world;-207;17;-488]
[08:50:53][BlockBreakEvent]: breaked minecraft:stone on [world;-207;16;-488]
[08:50:54][BlockBreakEvent]: breaked minecraft:stone on [world;-207;17;-487]
[08:50:55][BlockBreakEvent]: breaked minecraft:stone on [world;-207;16;-487]
[08:50:55][BlockBreakEvent]: breaked minecraft:stone on [world;-207;16;-486]
[08:50:56][BlockBreakEvent]: breaked minecraft:stone on [world;-207;17;-486]
[08:50:57][BlockBreakEvent]: breaked minecraft:stone on [world;-207;15;-486]
[08:50:58][BlockBreakEvent]: breaked minecraft:stone on [world;-207;16;-485]
[08:50:58][BlockBreakEvent]: breaked minecraft:stone on [world;-207;15;-485]
[08:50:59][BlockBreakEvent]: breaked minecraft:stone on [world;-207;14;-485]
[08:51:00][BlockBreakEvent]: breaked minecraft:stone on [world;-207;13;-485]
[08:51:00][BlockBreakEvent]: breaked minecraft:stone on [world;-207;12;-485]
[08:51:03][BlockBreakEvent]: breaked minecraft:stone on [world;-207;14;-486]
[08:51:04][BlockBreakEvent]: breaked minecraft:stone on [world;-207;13;-486]
[08:51:08][BlockBreakEvent]: breaked minecraft:stone on [world;-207;12;-486]
[08:51:11][BlockPlaceEvent]: placed minecraft:cobblestone on [world;-206;9;-485]
[08:51:11][BlockPlaceEvent]: placed minecraft:cobblestone on [world;-207;11;-485]
[08:51:13][BlockBreakEvent]: breaked minecraft:cobblestone on [world;-207;11;-485]
[08:51:15][BlockPlaceEvent]: placed minecraft:cobblestone on [world;-206;10;-485]
[08:51:16][BlockPlaceEvent]: placed minecraft:cobblestone on [world;-207;10;-485]
[08:51:18][BlockBreakEvent]: breaked minecraft:stone on [world;-207;12;-484]
[08:51:20][BlockBreakEvent]: breaked minecraft:stone on [world;-208;12;-485]
[08:51:21][BlockBreakEvent]: breaked minecraft:stone on [world;-208;12;-486]
[08:51:21][BlockBreakEvent]: breaked minecraft:stone on [world;-207;11;-486]
[08:51:23][BlockPlaceEvent]: placed minecraft:cobblestone on [world;-210;10;-485]
[08:51:24][BlockPlaceEvent]: placed minecraft:cobblestone on [world;-209;10;-485]
[08:51:25][BlockPlaceEvent]: placed minecraft:cobblestone on [world;-208;10;-485]
[08:51:27][BlockPlaceEvent]: placed minecraft:cobblestone on [world;-210;10;-486]
[08:51:28][BlockPlaceEvent]: placed minecraft:cobblestone on [world;-209;10;-486]
[08:51:30][BlockPlaceEvent]: placed minecraft:cobblestone on [world;-208;10;-486]
[08:51:32][BlockPlaceEvent]: placed minecraft:cobblestone on [world;-210;11;-490]
[08:51:32][BlockPlaceEvent]: placed minecraft:cobblestone on [world;-210;10;-489]
[08:51:33][BlockPlaceEvent]: placed minecraft:cobblestone on [world;-210;10;-488]
[08:51:35][BlockPlaceEvent]: placed minecraft:cobblestone on [world;-209;10;-489]
[08:51:36][BlockPlaceEvent]: placed minecraft:cobblestone on [world;-209;10;-488]
[08:51:36][BlockPlaceEvent]: placed minecraft:cobblestone on [world;-209;11;-488]
[08:51:36][BlockPlaceEvent]: placed minecraft:cobblestone on [world;-209;10;-487]
[08:51:36][BlockPlaceEvent]: placed minecraft:cobblestone on [world;-209;11;-487]
[08:51:37][BlockBreakEvent]: breaked minecraft:cobblestone on [world;-209;11;-487]
[08:51:38][BlockBreakEvent]: breaked minecraft:cobblestone on [world;-209;11;-488]
[08:51:39][BlockBreakEvent]: breaked minecraft:cobblestone on [world;-210;11;-490]
[08:51:40][BlockBreakEvent]: breaked minecraft:redstone_ore[lit=true] on [world;-208;11;-489]
[08:51:43][BlockBreakEvent]: breaked minecraft:stone on [world;-210;12;-494]
[08:51:44][BlockBreakEvent]: breaked minecraft:stone on [world;-212;12;-495]
[08:51:47][BlockPlaceEvent]: placed minecraft:cobblestone on [world;-212;10;-492]
[08:51:47][BlockPlaceEvent]: placed minecraft:cobblestone on [world;-211;10;-492]
[08:51:48][BlockPlaceEvent]: placed minecraft:cobblestone on [world;-213;10;-493]
[08:51:48][BlockPlaceEvent]: placed minecraft:cobblestone on [world;-212;10;-493]
[08:51:48][BlockPlaceEvent]: placed minecraft:cobblestone on [world;-211;10;-493]
[08:51:50][BlockPlaceEvent]: placed minecraft:cobblestone on [world;-212;9;-494]
[08:51:51][BlockPlaceEvent]: placed minecraft:cobblestone on [world;-211;10;-494]
[08:51:52][BlockPlaceEvent]: placed minecraft:cobblestone on [world;-212;10;-494]
[08:51:52][BlockPlaceEvent]: placed minecraft:cobblestone on [world;-212;9;-495]
[08:51:53][BlockPlaceEvent]: placed minecraft:cobblestone on [world;-212;10;-495]
[08:51:54][BlockBreakEvent]: breaked minecraft:stone on [world;-213;12;-495]
[08:51:55][BlockBreakEvent]: breaked minecraft:stone on [world;-214;12;-495]
[08:51:56][BlockBreakEvent]: breaked minecraft:stone on [world;-215;12;-495]
[08:51:56][BlockBreakEvent]: breaked minecraft:stone on [world;-215;11;-495]
[08:51:57][BlockBreakEvent]: breaked minecraft:stone on [world;-214;11;-496]
[08:51:58][BlockBreakEvent]: breaked minecraft:stone on [world;-215;11;-496]
[08:51:59][BlockBreakEvent]: breaked minecraft:stone on [world;-213;12;-496]
[08:51:59][BlockBreakEvent]: breaked minecraft:stone on [world;-213;11;-496]
[08:52:00][BlockBreakEvent]: breaked minecraft:stone on [world;-212;12;-496]
[08:52:01][BlockBreakEvent]: breaked minecraft:stone on [world;-212;11;-496]
[08:52:02][BlockBreakEvent]: breaked minecraft:stone on [world;-212;11;-497]
[08:52:02][BlockBreakEvent]: breaked minecraft:stone on [world;-212;12;-497]
[08:52:04][BlockPlaceEvent]: placed minecraft:cobblestone on [world;-212;10;-496]
[08:52:05][BlockBreakEvent]: breaked minecraft:stone on [world;-212;12;-498]
[08:52:06][BlockBreakEvent]: breaked minecraft:stone on [world;-212;11;-498]
[08:52:07][BlockBreakEvent]: breaked minecraft:stone on [world;-212;12;-499]
[08:52:08][BlockBreakEvent]: breaked minecraft:stone on [world;-212;11;-499]
[08:52:08][BlockBreakEvent]: breaked minecraft:stone on [world;-212;12;-500]
[08:52:09][BlockBreakEvent]: breaked minecraft:diorite on [world;-212;11;-500]
[08:52:10][BlockBreakEvent]: breaked minecraft:stone on [world;-212;12;-501]
[08:52:10][BlockBreakEvent]: breaked minecraft:diorite on [world;-212;11;-501]
[08:52:12][BlockBreakEvent]: breaked minecraft:stone on [world;-212;12;-502]
[08:52:13][BlockBreakEvent]: breaked minecraft:diorite on [world;-212;11;-502]
[08:52:13][BlockBreakEvent]: breaked minecraft:stone on [world;-212;12;-503]
[08:52:14][BlockBreakEvent]: breaked minecraft:diorite on [world;-212;11;-503]
[08:52:15][BlockBreakEvent]: breaked minecraft:stone on [world;-212;12;-504]
[08:52:16][BlockBreakEvent]: breaked minecraft:diorite on [world;-212;11;-504]
[08:52:16][BlockBreakEvent]: breaked minecraft:stone on [world;-212;12;-505]
[08:52:17][BlockBreakEvent]: breaked minecraft:stone on [world;-212;11;-505]
[08:52:18][BlockBreakEvent]: breaked minecraft:stone on [world;-212;12;-506]
[08:52:19][BlockBreakEvent]: breaked minecraft:stone on [world;-212;15;-509]
[08:52:20][BlockBreakEvent]: breaked minecraft:stone on [world;-212;13;-505]
[08:52:31][BlockBreakEvent]: breaked minecraft:iron_ore on [world;-217;13;-499]
[08:52:33][BlockBreakEvent]: breaked minecraft:iron_ore on [world;-218;13;-500]
[08:52:34][BlockBreakEvent]: breaked minecraft:iron_ore on [world;-218;13;-499]
[08:52:36][BlockBreakEvent]: breaked minecraft:iron_ore on [world;-219;13;-500]
[08:52:52][BlockBreakEvent]: breaked minecraft:grass_block[snowy=false] on [world;-390;62;-372]
[08:53:02][BlockPlaceEvent]: placed minecraft:dirt on [world;-386;64;-374]
[08:53:07][BlockBreakEvent]: breaked minecraft:dirt on [world;-386;64;-374]
[08:53:14][BlockBreakEvent]: breaked minecraft:dirt on [world;-390;61;-372]
[08:53:15][BlockBreakEvent]: breaked minecraft:stone on [world;-390;60;-372]
[08:53:17][BlockBreakEvent]: breaked minecraft:stone on [world;-390;59;-372]
[08:53:18][BlockBreakEvent]: breaked minecraft:stone on [world;-390;58;-372]
[08:53:21][BlockPlaceEvent]: placed minecraft:cobblestone on [world;-390;58;-372]
[08:53:21][BlockPlaceEvent]: placed minecraft:cobblestone on [world;-390;59;-372]
[08:53:22][BlockPlaceEvent]: placed minecraft:cobblestone on [world;-390;60;-372]
[08:53:23][BlockPlaceEvent]: placed minecraft:dirt on [world;-390;61;-372]
[08:53:28][BlockBreakEvent]: breaked minecraft:spruce_leaves[distance=6,persistent=false] on [world;-382;68;-377]
[08:53:57][BlockPlaceEvent]: placed minecraft:dirt on [world;-305;72;-432]
[08:54:12][BlockBreakEvent]: breaked minecraft:grass_block[snowy=false] on [world;-254;69;-463]
[08:54:14][BlockBreakEvent]: breaked minecraft:dirt on [world;-254;68;-463]
[08:54:15][BlockBreakEvent]: breaked minecraft:dirt on [world;-254;67;-463]
[08:54:16][BlockBreakEvent]: breaked minecraft:stone on [world;-254;66;-463]
[08:54:18][BlockBreakEvent]: breaked minecraft:stone on [world;-254;65;-463]
[08:54:19][BlockBreakEvent]: breaked minecraft:stone on [world;-254;64;-463]
[08:54:21][BlockBreakEvent]: breaked minecraft:stone on [world;-254;63;-463]
[08:54:22][BlockBreakEvent]: breaked minecraft:andesite on [world;-254;62;-463]
[08:54:24][BlockBreakEvent]: breaked minecraft:andesite on [world;-254;61;-463]
[08:54:25][BlockBreakEvent]: breaked minecraft:andesite on [world;-254;60;-463]
[08:54:26][BlockBreakEvent]: breaked minecraft:andesite on [world;-254;59;-463]
[08:54:28][BlockBreakEvent]: breaked minecraft:andesite on [world;-254;58;-463]
[08:54:29][BlockBreakEvent]: breaked minecraft:andesite on [world;-254;57;-463]
[08:54:31][BlockBreakEvent]: breaked minecraft:stone on [world;-254;56;-463]
[08:54:32][BlockBreakEvent]: breaked minecraft:stone on [world;-254;55;-463]
[08:54:35][BlockBreakEvent]: breaked minecraft:stone on [world;-254;54;-463]
[08:54:37][BlockBreakEvent]: breaked minecraft:stone on [world;-254;53;-463]
[08:54:38][BlockBreakEvent]: breaked minecraft:stone on [world;-254;52;-463]
[08:54:39][BlockBreakEvent]: breaked minecraft:andesite on [world;-254;51;-463]
[08:54:41][BlockBreakEvent]: breaked minecraft:andesite on [world;-254;50;-463]
[08:54:42][BlockBreakEvent]: breaked minecraft:andesite on [world;-254;49;-463]
[08:54:44][BlockBreakEvent]: breaked minecraft:andesite on [world;-254;48;-463]
[08:54:45][BlockBreakEvent]: breaked minecraft:stone on [world;-254;47;-463]
[08:54:47][BlockBreakEvent]: breaked minecraft:stone on [world;-254;46;-463]
[08:54:48][BlockBreakEvent]: breaked minecraft:stone on [world;-254;45;-463]
[08:54:50][BlockBreakEvent]: breaked minecraft:stone on [world;-254;44;-463]
[08:54:51][BlockBreakEvent]: breaked minecraft:stone on [world;-254;43;-463]
[08:54:51][BlockBreakEvent]: breaked minecraft:stone on [world;-254;42;-463]
[08:54:52][BlockBreakEvent]: breaked minecraft:stone on [world;-254;41;-463]
[08:54:52][BlockBreakEvent]: breaked minecraft:stone on [world;-254;40;-463]
[08:54:53][BlockBreakEvent]: breaked minecraft:stone on [world;-254;39;-463]
[08:54:53][BlockBreakEvent]: breaked minecraft:stone on [world;-254;38;-463]
[08:54:53][BlockBreakEvent]: breaked minecraft:stone on [world;-254;37;-463]
[08:54:54][BlockBreakEvent]: breaked minecraft:stone on [world;-254;36;-463]
[08:54:54][BlockBreakEvent]: breaked minecraft:stone on [world;-254;35;-463]
[08:54:55][BlockBreakEvent]: breaked minecraft:stone on [world;-254;34;-463]
[08:54:56][BlockBreakEvent]: breaked minecraft:stone on [world;-254;33;-463]
[08:54:58][BlockBreakEvent]: breaked minecraft:stone on [world;-254;32;-463]
[08:55:00][BlockBreakEvent]: breaked minecraft:stone on [world;-254;31;-463]
[08:55:01][BlockBreakEvent]: breaked minecraft:stone on [world;-254;30;-463]
[08:55:03][BlockBreakEvent]: breaked minecraft:stone on [world;-254;29;-463]
[08:55:04][BlockBreakEvent]: breaked minecraft:stone on [world;-254;28;-463]
[08:55:10][BlockPlaceEvent]: placed minecraft:cobblestone on [world;-254;28;-463]
[08:55:11][BlockPlaceEvent]: placed minecraft:cobblestone on [world;-254;29;-463]
[08:55:11][BlockPlaceEvent]: placed minecraft:cobblestone on [world;-254;30;-463]
[08:55:12][BlockPlaceEvent]: placed minecraft:cobblestone on [world;-254;31;-463]
[08:55:13][BlockPlaceEvent]: placed minecraft:andesite on [world;-254;32;-463]
[08:55:13][BlockPlaceEvent]: placed minecraft:andesite on [world;-254;33;-463]
[08:55:14][BlockPlaceEvent]: placed minecraft:andesite on [world;-254;34;-463]
[08:55:14][BlockPlaceEvent]: placed minecraft:cobblestone on [world;-254;35;-463]
[08:55:15][BlockPlaceEvent]: placed minecraft:cobblestone on [world;-254;36;-463]
[08:55:15][BlockPlaceEvent]: placed minecraft:cobblestone on [world;-254;37;-463]
[08:55:16][BlockPlaceEvent]: placed minecraft:cobblestone on [world;-254;38;-463]
[08:55:16][BlockPlaceEvent]: placed minecraft:cobblestone on [world;-254;39;-463]
[08:55:17][BlockPlaceEvent]: placed minecraft:andesite on [world;-254;40;-463]
[08:55:18][BlockPlaceEvent]: placed minecraft:andesite on [world;-254;41;-463]
[08:55:18][BlockPlaceEvent]: placed minecraft:andesite on [world;-254;42;-463]
