[21:51:05][EntityPickupItemEvent]: PLAYER picked up ROTTEN_FLESH
[21:53:19][EntityPickupItemEvent]: PLAYER picked up WHEAT
[21:53:19][EntityPickupItemEvent]: PLAYER picked up WHEAT_SEEDS
[21:54:34][EntityPickupItemEvent]: PLAYER picked up ROSE_BUSH
[21:54:36][EntityPickupItemEvent]: PLAYER picked up ROSE_BUSH
[21:56:39][EntityPickupItemEvent]: PLAYER picked up DIRT
[21:56:53][EntityPickupItemEvent]: PLAYER picked up WHEAT_SEEDS
[21:57:08][EntityPickupItemEvent]: PLAYER picked up DIRT
[21:58:19][EntityPickupItemEvent]: PLAYER picked up WHITE_WOOL
[21:58:19][EntityPickupItemEvent]: PLAYER picked up MUTTON
[21:59:16][EntityPickupItemEvent]: PLAYER picked up BEEF
[21:59:16][EntityPickupItemEvent]: PLAYER picked up LEATHER
[22:02:51][EntityPickupItemEvent]: PLAYER picked up ROSE_BUSH
[22:02:53][EntityPickupItemEvent]: PLAYER picked up ROSE_BUSH
[22:02:53][EntityPickupItemEvent]: PLAYER picked up ROSE_BUSH
[22:02:54][EntityPickupItemEvent]: PLAYER picked up DANDELION
[22:02:57][EntityPickupItemEvent]: PLAYER picked up ROSE_BUSH
[22:02:59][EntityPickupItemEvent]: PLAYER picked up ROSE_BUSH
[22:04:10][EntityPickupItemEvent]: PLAYER picked up EGG
[22:04:33][EntityPickupItemEvent]: PLAYER picked up EGG
[22:04:38][EntityPickupItemEvent]: PLAYER picked up CHICKEN
[22:04:42][EntityPickupItemEvent]: PLAYER picked up EGG
[22:04:47][EntityPickupItemEvent]: PLAYER picked up PEONY
[22:05:56][EntityPickupItemEvent]: PLAYER picked up DIRT
[22:07:41][EntityPickupItemEvent]: PLAYER picked up PORKCHOP
[22:07:58][EntityPickupItemEvent]: PLAYER picked up WHEAT_SEEDS
[22:11:20][EntityPickupItemEvent]: PLAYER picked up WHITE_WOOL
[22:11:20][EntityPickupItemEvent]: PLAYER picked up MUTTON
[22:12:00][EntityPickupItemEvent]: PLAYER picked up DIRT
[22:12:02][EntityPickupItemEvent]: PLAYER picked up DIRT
[22:12:03][EntityPickupItemEvent]: PLAYER picked up DIRT
[22:12:04][EntityPickupItemEvent]: PLAYER picked up DIRT
[22:12:07][EntityPickupItemEvent]: PLAYER picked up DIRT
[22:12:08][EntityPickupItemEvent]: PLAYER picked up DIRT
[22:12:09][EntityPickupItemEvent]: PLAYER picked up DIRT
[22:12:45][EntityPickupItemEvent]: PLAYER picked up WHITE_WOOL
[22:12:46][EntityPickupItemEvent]: PLAYER picked up DIRT
[22:12:47][EntityPickupItemEvent]: PLAYER picked up DIRT
[22:12:48][EntityPickupItemEvent]: PLAYER picked up DIRT
[22:12:49][EntityPickupItemEvent]: PLAYER picked up DIRT
[22:14:09][EntityPickupItemEvent]: PLAYER picked up POPPY
[22:14:09][EntityPickupItemEvent]: PLAYER picked up POPPY
[22:14:10][EntityPickupItemEvent]: PLAYER picked up POPPY
[22:14:12][EntityPickupItemEvent]: PLAYER picked up POPPY
[22:14:13][EntityPickupItemEvent]: PLAYER picked up POPPY
[22:14:14][EntityPickupItemEvent]: PLAYER picked up POPPY
[22:14:16][EntityPickupItemEvent]: PLAYER picked up POPPY
[22:14:17][EntityPickupItemEvent]: PLAYER picked up POPPY
[22:14:18][EntityPickupItemEvent]: PLAYER picked up POPPY
[22:14:19][EntityPickupItemEvent]: PLAYER picked up POPPY
[22:14:37][EntityPickupItemEvent]: PLAYER picked up DANDELION
[22:14:38][EntityPickupItemEvent]: PLAYER picked up DANDELION
[22:14:40][EntityPickupItemEvent]: PLAYER picked up DANDELION
[22:14:42][EntityPickupItemEvent]: PLAYER picked up DANDELION
[22:14:44][EntityPickupItemEvent]: PLAYER picked up DANDELION
[22:14:46][EntityPickupItemEvent]: PLAYER picked up DANDELION
[22:14:47][EntityPickupItemEvent]: PLAYER picked up DANDELION
[22:14:48][EntityPickupItemEvent]: PLAYER picked up DANDELION
[22:14:49][EntityPickupItemEvent]: PLAYER picked up DANDELION
[22:14:51][EntityPickupItemEvent]: PLAYER picked up DANDELION
[22:14:54][EntityPickupItemEvent]: PLAYER picked up DANDELION
[22:14:54][EntityPickupItemEvent]: PLAYER picked up DANDELION
[22:14:54][EntityPickupItemEvent]: PLAYER picked up DANDELION
[22:14:55][EntityPickupItemEvent]: PLAYER picked up DANDELION
[22:14:56][EntityPickupItemEvent]: PLAYER picked up DANDELION
[22:15:24][EntityPickupItemEvent]: PLAYER picked up POPPY
[22:15:25][EntityPickupItemEvent]: PLAYER picked up POPPY
[22:15:26][EntityPickupItemEvent]: PLAYER picked up POPPY
[22:15:27][EntityPickupItemEvent]: PLAYER picked up POPPY
[22:15:28][EntityPickupItemEvent]: PLAYER picked up POPPY
[22:15:29][EntityPickupItemEvent]: PLAYER picked up POPPY
[22:15:30][EntityPickupItemEvent]: PLAYER picked up POPPY
[22:15:31][EntityPickupItemEvent]: PLAYER picked up POPPY
[22:15:32][EntityPickupItemEvent]: PLAYER picked up POPPY
[22:15:32][EntityPickupItemEvent]: PLAYER picked up POPPY
[22:15:34][EntityPickupItemEvent]: PLAYER picked up POPPY
[22:15:34][EntityPickupItemEvent]: PLAYER picked up POPPY
[22:15:46][EntityPickupItemEvent]: PLAYER picked up WHEAT_SEEDS
[22:16:27][EntityPickupItemEvent]: PLAYER picked up DANDELION
[22:16:27][EntityPickupItemEvent]: PLAYER picked up DANDELION
[22:16:29][EntityPickupItemEvent]: PLAYER picked up DANDELION
[22:16:32][EntityPickupItemEvent]: PLAYER picked up DANDELION
[22:16:33][EntityPickupItemEvent]: PLAYER picked up DANDELION
[22:16:33][EntityPickupItemEvent]: PLAYER picked up DANDELION
[22:16:34][EntityPickupItemEvent]: PLAYER picked up DANDELION
[22:16:34][EntityPickupItemEvent]: PLAYER picked up DANDELION
[22:16:35][EntityPickupItemEvent]: PLAYER picked up DANDELION
[22:16:40][EntityPickupItemEvent]: PLAYER picked up POPPY
[22:16:41][EntityPickupItemEvent]: PLAYER picked up POPPY
[22:16:42][EntityPickupItemEvent]: PLAYER picked up POPPY
[22:16:42][EntityPickupItemEvent]: PLAYER picked up POPPY
[22:16:44][EntityPickupItemEvent]: PLAYER picked up POPPY
[22:16:45][EntityPickupItemEvent]: PLAYER picked up POPPY
[22:16:46][EntityPickupItemEvent]: PLAYER picked up POPPY
[22:16:47][EntityPickupItemEvent]: PLAYER picked up POPPY
[22:16:47][EntityPickupItemEvent]: PLAYER picked up POPPY
[22:16:49][EntityPickupItemEvent]: PLAYER picked up POPPY
[22:16:50][EntityPickupItemEvent]: PLAYER picked up DANDELION
[22:16:51][EntityPickupItemEvent]: PLAYER picked up DANDELION
[22:16:52][EntityPickupItemEvent]: PLAYER picked up DANDELION
[22:16:53][EntityPickupItemEvent]: PLAYER picked up DANDELION
[22:16:53][EntityPickupItemEvent]: PLAYER picked up DANDELION
[22:16:54][EntityPickupItemEvent]: PLAYER picked up DANDELION
[22:16:55][EntityPickupItemEvent]: PLAYER picked up DANDELION
[22:16:56][EntityPickupItemEvent]: PLAYER picked up DANDELION
[22:16:57][EntityPickupItemEvent]: PLAYER picked up DANDELION
[22:16:59][EntityPickupItemEvent]: PLAYER picked up ROSE_BUSH
[22:16:59][EntityPickupItemEvent]: PLAYER picked up ROSE_BUSH
[22:17:00][EntityPickupItemEvent]: PLAYER picked up ROSE_BUSH
[22:17:00][EntityPickupItemEvent]: PLAYER picked up ROSE_BUSH
[22:17:01][EntityPickupItemEvent]: PLAYER picked up ROSE_BUSH
[22:17:03][EntityPickupItemEvent]: PLAYER picked up ROSE_BUSH
[22:17:04][EntityPickupItemEvent]: PLAYER picked up ROSE_BUSH
[22:17:05][EntityPickupItemEvent]: PLAYER picked up ROSE_BUSH
[22:17:06][EntityPickupItemEvent]: PLAYER picked up ROSE_BUSH
[22:17:08][EntityPickupItemEvent]: PLAYER picked up ROSE_BUSH
[22:17:09][EntityPickupItemEvent]: PLAYER picked up ROSE_BUSH
[22:17:10][EntityPickupItemEvent]: PLAYER picked up ROSE_BUSH
[22:17:11][EntityPickupItemEvent]: PLAYER picked up ROSE_BUSH
[22:17:49][EntityPickupItemEvent]: PLAYER picked up BREAD
[22:17:49][EntityPickupItemEvent]: PLAYER picked up STONE_AXE
[22:17:50][EntityPickupItemEvent]: PLAYER picked up STONE_PICKAXE
[22:17:50][EntityPickupItemEvent]: PLAYER picked up STONE_SWORD
[22:20:22][EntityPickupItemEvent]: PLAYER picked up WHITE_BANNER
[22:24:29][EntityPickupItemEvent]: PLAYER picked up BONE
[22:24:32][EntityPickupItemEvent]: PLAYER picked up TORCH
[22:24:58][EntityPickupItemEvent]: PLAYER picked up COBBLESTONE
[22:24:59][EntityPickupItemEvent]: PLAYER picked up COBBLESTONE
[22:25:00][EntityPickupItemEvent]: PLAYER picked up COBBLESTONE
[22:25:01][EntityPickupItemEvent]: PLAYER picked up COBBLESTONE
[22:25:02][EntityPickupItemEvent]: PLAYER picked up COBBLESTONE
[22:25:04][EntityPickupItemEvent]: PLAYER picked up COBBLESTONE
[22:25:05][EntityPickupItemEvent]: PLAYER picked up COBBLESTONE
[22:25:06][EntityPickupItemEvent]: PLAYER picked up COBBLESTONE
[22:25:07][EntityPickupItemEvent]: PLAYER picked up COBBLESTONE
[22:25:08][EntityPickupItemEvent]: PLAYER picked up COBBLESTONE
[22:25:09][EntityPickupItemEvent]: PLAYER picked up COBBLESTONE
[22:25:09][EntityPickupItemEvent]: PLAYER picked up COBBLESTONE
[22:25:10][EntityPickupItemEvent]: PLAYER picked up COBBLESTONE
[22:25:10][EntityPickupItemEvent]: PLAYER picked up COBBLESTONE
[22:25:11][EntityPickupItemEvent]: PLAYER picked up COBBLESTONE
[22:25:12][EntityPickupItemEvent]: PLAYER picked up COBBLESTONE
[22:25:13][EntityPickupItemEvent]: PLAYER picked up COBBLESTONE
[22:25:14][EntityPickupItemEvent]: PLAYER picked up COBBLESTONE
[22:25:17][EntityPickupItemEvent]: PLAYER picked up GRAVEL
[22:25:18][EntityPickupItemEvent]: PLAYER picked up FLINT
[22:25:21][EntityPickupItemEvent]: PLAYER picked up GRAVEL
[22:25:27][EntityPickupItemEvent]: PLAYER picked up GRAVEL
[22:25:28][EntityPickupItemEvent]: PLAYER picked up GRAVEL
[22:25:46][EntityPickupItemEvent]: PLAYER picked up COBBLESTONE
[22:25:47][EntityPickupItemEvent]: PLAYER picked up TORCH
[22:25:49][EntityPickupItemEvent]: PLAYER picked up ANDESITE
[22:25:50][EntityPickupItemEvent]: PLAYER picked up ANDESITE
[22:25:51][EntityPickupItemEvent]: PLAYER picked up ANDESITE
[22:25:52][EntityPickupItemEvent]: PLAYER picked up ANDESITE
[22:25:54][EntityPickupItemEvent]: PLAYER picked up IRON_ORE
[22:25:55][EntityPickupItemEvent]: PLAYER picked up IRON_ORE
[22:25:57][EntityPickupItemEvent]: PLAYER picked up IRON_ORE
[22:25:58][EntityPickupItemEvent]: PLAYER picked up IRON_ORE
[22:26:00][EntityPickupItemEvent]: PLAYER picked up IRON_ORE
[22:26:02][EntityPickupItemEvent]: PLAYER picked up IRON_ORE
[22:26:05][EntityPickupItemEvent]: PLAYER picked up ANDESITE
[22:26:07][EntityPickupItemEvent]: PLAYER picked up ANDESITE
[22:26:08][EntityPickupItemEvent]: PLAYER picked up ANDESITE
[22:26:09][EntityPickupItemEvent]: PLAYER picked up COBBLESTONE
[22:26:10][EntityPickupItemEvent]: PLAYER picked up COBBLESTONE
[22:26:11][EntityPickupItemEvent]: PLAYER picked up COBBLESTONE
[22:26:14][EntityPickupItemEvent]: PLAYER picked up COBBLESTONE
[22:26:14][EntityPickupItemEvent]: PLAYER picked up COBBLESTONE
[22:26:15][EntityPickupItemEvent]: PLAYER picked up COBBLESTONE
[22:26:16][EntityPickupItemEvent]: PLAYER picked up COBBLESTONE
[22:26:17][EntityPickupItemEvent]: PLAYER picked up COBBLESTONE
[22:26:18][EntityPickupItemEvent]: PLAYER picked up COBBLESTONE
[22:26:22][EntityPickupItemEvent]: PLAYER picked up COBBLESTONE
[22:26:24][EntityPickupItemEvent]: PLAYER picked up COBBLESTONE
[22:26:24][EntityPickupItemEvent]: PLAYER picked up COBBLESTONE
[22:26:28][EntityPickupItemEvent]: PLAYER picked up COBBLESTONE
[22:26:28][EntityPickupItemEvent]: PLAYER picked up COBBLESTONE
[22:26:30][EntityPickupItemEvent]: PLAYER picked up IRON_ORE
[22:26:32][EntityPickupItemEvent]: PLAYER picked up IRON_ORE
[22:26:34][EntityPickupItemEvent]: PLAYER picked up IRON_ORE
[22:26:36][EntityPickupItemEvent]: PLAYER picked up COBBLESTONE
[22:26:37][EntityPickupItemEvent]: PLAYER picked up IRON_ORE
[22:26:39][EntityPickupItemEvent]: PLAYER picked up IRON_ORE
[22:26:39][EntityPickupItemEvent]: PLAYER picked up IRON_ORE
[22:26:41][EntityPickupItemEvent]: PLAYER picked up COBBLESTONE
[22:26:42][EntityPickupItemEvent]: PLAYER picked up IRON_ORE
[22:26:46][EntityPickupItemEvent]: PLAYER picked up COBBLESTONE
[22:26:46][EntityPickupItemEvent]: PLAYER picked up IRON_ORE
[22:26:51][EntityPickupItemEvent]: PLAYER picked up COBBLESTONE
[22:26:52][EntityPickupItemEvent]: PLAYER picked up COBBLESTONE
[22:26:53][EntityPickupItemEvent]: PLAYER picked up COBBLESTONE
[22:26:53][EntityPickupItemEvent]: PLAYER picked up COBBLESTONE
[22:26:54][EntityPickupItemEvent]: PLAYER picked up COBBLESTONE
[22:26:55][EntityPickupItemEvent]: PLAYER picked up COBBLESTONE
[22:27:18][EntityPickupItemEvent]: PLAYER picked up GRANITE
[22:27:19][EntityPickupItemEvent]: PLAYER picked up GRANITE
[22:27:20][EntityPickupItemEvent]: PLAYER picked up COBBLESTONE
[22:27:21][EntityPickupItemEvent]: PLAYER picked up COBBLESTONE
[22:27:24][EntityPickupItemEvent]: PLAYER picked up GRANITE
[22:27:24][EntityPickupItemEvent]: PLAYER picked up COBBLESTONE
[22:27:24][EntityPickupItemEvent]: PLAYER picked up GRANITE
[22:27:24][EntityPickupItemEvent]: PLAYER picked up GRANITE
[22:27:27][EntityPickupItemEvent]: PLAYER picked up COBBLESTONE
[22:27:28][EntityPickupItemEvent]: PLAYER picked up COBBLESTONE
[22:27:32][EntityPickupItemEvent]: PLAYER picked up COBBLESTONE
[22:27:33][EntityPickupItemEvent]: PLAYER picked up COBBLESTONE
[22:27:34][EntityPickupItemEvent]: PLAYER picked up COBBLESTONE
[22:27:35][EntityPickupItemEvent]: PLAYER picked up COBBLESTONE
[22:27:35][EntityPickupItemEvent]: PLAYER picked up COBBLESTONE
[22:27:37][EntityPickupItemEvent]: PLAYER picked up COBBLESTONE
[22:27:38][EntityPickupItemEvent]: PLAYER picked up COBBLESTONE
[22:27:39][EntityPickupItemEvent]: PLAYER picked up COBBLESTONE
[22:27:43][EntityPickupItemEvent]: PLAYER picked up COBBLESTONE
[22:27:44][EntityPickupItemEvent]: PLAYER picked up COBBLESTONE
[22:27:45][EntityPickupItemEvent]: PLAYER picked up COBBLESTONE
[22:27:47][EntityPickupItemEvent]: PLAYER picked up COBBLESTONE
[22:27:48][EntityPickupItemEvent]: PLAYER picked up COBBLESTONE
[22:27:49][EntityPickupItemEvent]: PLAYER picked up COBBLESTONE
[22:28:33][EntityPickupItemEvent]: PLAYER picked up COBBLESTONE
