[21:52:17][BlockBreakEvent]: breaked minecraft:large_fern[half=lower] on [world;-10;64;60]
[21:52:29][BlockBreakEvent]: breaked minecraft:large_fern[half=lower] on [world;-47;63;76]
[21:52:30][BlockBreakEvent]: breaked minecraft:fern on [world;-50;63;72]
[21:52:51][BlockBreakEvent]: breaked minecraft:tall_seagrass[half=lower] on [world;-112;61;108]
[21:53:19][BlockBreakEvent]: breaked minecraft:wheat[age=7] on [world;-218;63;153]
[21:53:57][BlockBreakEvent]: breaked minecraft:grass on [world;-277;68;258]
[21:54:34][BlockBreakEvent]: breaked minecraft:rose_bush[half=upper] on [world;-297;66;300]
[21:54:34][BlockBreakEvent]: breaked minecraft:grass on [world;-297;65;301]
[21:54:34][BlockBreakEvent]: breaked minecraft:grass on [world;-297;65;302]
[21:54:36][BlockBreakEvent]: breaked minecraft:rose_bush[half=upper] on [world;-296;65;298]
[21:55:08][BlockBreakEvent]: breaked minecraft:oak_leaves[distance=2,persistent=false] on [world;-303;69;399]
[21:56:09][BlockBreakEvent]: breaked minecraft:oak_leaves[distance=3,persistent=false] on [world;-282;68;367]
[21:56:31][BlockBreakEvent]: breaked minecraft:birch_leaves[distance=3,persistent=false] on [world;-252;70;323]
[21:56:39][BlockBreakEvent]: breaked minecraft:grass_block[snowy=false] on [world;-229;70;326]
[21:56:41][BlockPlaceEvent]: placed minecraft:dirt on [world;-229;69;326]
[21:56:53][BlockBreakEvent]: breaked minecraft:grass on [world;-172;69;326]
[21:56:53][BlockBreakEvent]: breaked minecraft:grass on [world;-168;69;326]
[21:56:54][BlockBreakEvent]: breaked minecraft:grass on [world;-164;70;325]
[21:56:55][BlockBreakEvent]: breaked minecraft:grass on [world;-160;70;323]
[21:57:07][BlockBreakEvent]: breaked minecraft:grass_block[snowy=false] on [world;-89;70;319]
[21:57:09][BlockPlaceEvent]: placed minecraft:dirt on [world;-89;69;319]
[21:57:37][BlockBreakEvent]: breaked minecraft:oak_leaves[distance=3,persistent=false] on [world;-1;77;340]
[21:57:37][BlockBreakEvent]: breaked minecraft:oak_leaves[distance=4,persistent=false] on [world;0;77;340]
[22:02:51][BlockBreakEvent]: breaked minecraft:rose_bush[half=upper] on [world;314;65;519]
[22:02:51][BlockBreakEvent]: breaked minecraft:rose_bush[half=upper] on [world;315;64;520]
[22:02:51][BlockBreakEvent]: breaked minecraft:rose_bush[half=upper] on [world;316;64;520]
[22:02:51][BlockBreakEvent]: breaked minecraft:rose_bush[half=lower] on [world;318;63;520]
[22:02:51][BlockBreakEvent]: breaked minecraft:rose_bush[half=lower] on [world;317;63;521]
[22:02:51][BlockBreakEvent]: breaked minecraft:rose_bush[half=lower] on [world;319;63;520]
[22:02:52][BlockBreakEvent]: breaked minecraft:rose_bush[half=lower] on [world;318;63;518]
[22:02:52][BlockBreakEvent]: breaked minecraft:rose_bush[half=upper] on [world;317;64;518]
[22:02:52][BlockBreakEvent]: breaked minecraft:rose_bush[half=lower] on [world;317;63;515]
[22:02:52][BlockBreakEvent]: breaked minecraft:rose_bush[half=lower] on [world;316;63;516]
[22:02:52][BlockBreakEvent]: breaked minecraft:rose_bush[half=upper] on [world;316;64;518]
[22:02:53][BlockBreakEvent]: breaked minecraft:rose_bush[half=lower] on [world;319;63;517]
[22:02:53][BlockBreakEvent]: breaked minecraft:dandelion on [world;320;63;515]
[22:02:55][BlockBreakEvent]: breaked minecraft:rose_bush[half=lower] on [world;317;64;512]
[22:02:55][BlockBreakEvent]: breaked minecraft:rose_bush[half=lower] on [world;316;64;513]
[22:02:58][BlockBreakEvent]: breaked minecraft:rose_bush[half=upper] on [world;314;65;516]
[22:04:27][BlockBreakEvent]: breaked minecraft:grass on [world;424;74;523]
[22:04:46][BlockBreakEvent]: breaked minecraft:peony[half=upper] on [world;422;76;538]
[22:04:47][BlockBreakEvent]: breaked minecraft:peony[half=upper] on [world;424;76;539]
[22:04:50][BlockBreakEvent]: breaked minecraft:peony[half=upper] on [world;424;76;540]
[22:05:56][BlockBreakEvent]: breaked minecraft:grass_block[snowy=false] on [world;203;68;11]
[22:06:52][BlockBreakEvent]: breaked minecraft:oak_leaves[distance=3,persistent=false] on [world;300;70;139]
[22:06:53][BlockBreakEvent]: breaked minecraft:oak_leaves[distance=2,persistent=false] on [world;300;70;140]
[22:06:53][BlockBreakEvent]: breaked minecraft:oak_leaves[distance=3,persistent=false] on [world;300;70;141]
[22:06:56][BlockBreakEvent]: breaked minecraft:oak_leaves[distance=2,persistent=false] on [world;299;67;148]
[22:07:11][BlockBreakEvent]: breaked minecraft:grass on [world;305;64;198]
[22:07:42][BlockPlaceEvent]: placed minecraft:dirt on [world;317;75;295]
[22:07:57][BlockBreakEvent]: breaked minecraft:grass on [world;321;78;361]
[22:12:00][BlockBreakEvent]: breaked minecraft:grass_block[snowy=false] on [world;301;77;491]
[22:12:01][BlockBreakEvent]: breaked minecraft:dirt on [world;301;76;491]
[22:12:03][BlockBreakEvent]: breaked minecraft:dirt on [world;301;75;491]
[22:12:04][BlockBreakEvent]: breaked minecraft:dirt on [world;301;74;491]
[22:12:06][BlockBreakEvent]: breaked minecraft:dirt on [world;301;75;490]
[22:12:07][BlockBreakEvent]: breaked minecraft:dirt on [world;301;74;490]
[22:12:08][BlockBreakEvent]: breaked minecraft:dirt on [world;301;73;490]
[22:12:11][BlockPlaceEvent]: placed minecraft:dirt on [world;301;74;491]
[22:12:12][BlockPlaceEvent]: placed minecraft:dirt on [world;301;75;491]
[22:12:12][BlockPlaceEvent]: placed minecraft:dirt on [world;301;76;491]
[22:12:13][BlockPlaceEvent]: placed minecraft:dirt on [world;301;77;491]
[22:12:13][BlockPlaceEvent]: placed minecraft:dirt on [world;301;78;491]
[22:12:15][BlockPlaceEvent]: placed minecraft:dirt on [world;301;79;491]
[22:12:16][BlockPlaceEvent]: placed minecraft:dirt on [world;301;80;491]
[22:12:18][BlockPlaceEvent]: placed minecraft:white_wool on [world;301;81;491]
[22:12:44][BlockBreakEvent]: breaked minecraft:white_wool on [world;301;81;491]
[22:12:46][BlockBreakEvent]: breaked minecraft:dirt on [world;301;80;491]
[22:12:47][BlockBreakEvent]: breaked minecraft:dirt on [world;301;79;491]
[22:12:48][BlockBreakEvent]: breaked minecraft:dirt on [world;301;78;491]
[22:12:49][BlockBreakEvent]: breaked minecraft:dirt on [world;301;77;491]
[22:13:13][BlockPlaceEvent]: placed minecraft:white_wool on [world;335;87;451]
[22:14:08][BlockBreakEvent]: breaked minecraft:poppy on [world;325;70;564]
[22:14:09][BlockBreakEvent]: breaked minecraft:poppy on [world;327;69;564]
[22:14:10][BlockBreakEvent]: breaked minecraft:poppy on [world;326;68;562]
[22:14:11][BlockBreakEvent]: breaked minecraft:poppy on [world;325;68;561]
[22:14:12][BlockBreakEvent]: breaked minecraft:poppy on [world;324;68;560]
[22:14:14][BlockBreakEvent]: breaked minecraft:poppy on [world;325;67;559]
[22:14:16][BlockBreakEvent]: breaked minecraft:poppy on [world;324;69;561]
[22:14:16][BlockBreakEvent]: breaked minecraft:poppy on [world;323;69;561]
[22:14:17][BlockBreakEvent]: breaked minecraft:poppy on [world;324;70;563]
[22:14:19][BlockBreakEvent]: breaked minecraft:poppy on [world;321;69;558]
[22:14:22][BlockBreakEvent]: breaked minecraft:oak_leaves[distance=3,persistent=false] on [world;321;68;551]
[22:14:23][BlockBreakEvent]: breaked minecraft:oak_leaves[distance=3,persistent=false] on [world;321;68;550]
[22:14:23][BlockBreakEvent]: breaked minecraft:oak_leaves[distance=2,persistent=false] on [world;321;68;549]
[22:14:37][BlockBreakEvent]: breaked minecraft:dandelion on [world;329;63;516]
[22:14:37][BlockBreakEvent]: breaked minecraft:dandelion on [world;329;63;515]
[22:14:38][BlockBreakEvent]: breaked minecraft:dandelion on [world;331;63;517]
[22:14:40][BlockBreakEvent]: breaked minecraft:oak_leaves[distance=4,persistent=false] on [world;331;64;515]
[22:14:40][BlockBreakEvent]: breaked minecraft:oak_leaves[distance=3,persistent=false] on [world;331;64;516]
[22:14:42][BlockBreakEvent]: breaked minecraft:dandelion on [world;333;63;512]
[22:14:42][BlockBreakEvent]: breaked minecraft:oak_leaves[distance=3,persistent=false] on [world;332;64;512]
[22:14:43][BlockBreakEvent]: breaked minecraft:oak_leaves[distance=2,persistent=false] on [world;332;64;511]
[22:14:43][BlockBreakEvent]: breaked minecraft:dandelion on [world;333;63;511]
[22:14:45][BlockBreakEvent]: breaked minecraft:dandelion on [world;337;63;514]
[22:14:46][BlockBreakEvent]: breaked minecraft:dandelion on [world;338;63;513]
[22:14:46][BlockBreakEvent]: breaked minecraft:dandelion on [world;339;63;514]
[22:14:46][BlockBreakEvent]: breaked minecraft:dandelion on [world;340;63;513]
[22:14:47][BlockBreakEvent]: breaked minecraft:dandelion on [world;339;63;515]
[22:14:48][BlockBreakEvent]: breaked minecraft:dandelion on [world;343;63;514]
[22:14:50][BlockBreakEvent]: breaked minecraft:oak_leaves[distance=3,persistent=false] on [world;344;64;511]
[22:14:51][BlockBreakEvent]: breaked minecraft:oak_leaves[distance=3,persistent=false] on [world;344;64;509]
[22:14:51][BlockBreakEvent]: breaked minecraft:dandelion on [world;344;63;510]
[22:14:51][BlockBreakEvent]: breaked minecraft:oak_leaves[distance=2,persistent=false] on [world;344;64;510]
[22:14:53][BlockBreakEvent]: breaked minecraft:dandelion on [world;339;63;510]
[22:14:53][BlockBreakEvent]: breaked minecraft:dandelion on [world;338;63;510]
[22:14:54][BlockBreakEvent]: breaked minecraft:dandelion on [world;336;63;510]
[22:14:55][BlockBreakEvent]: breaked minecraft:dandelion on [world;338;63;508]
[22:14:55][BlockBreakEvent]: breaked minecraft:dandelion on [world;338;63;506]
[22:15:18][BlockPlaceEvent]: placed minecraft:dirt on [world;344;64;478]
[22:15:18][BlockPlaceEvent]: placed minecraft:dirt on [world;345;65;478]
[22:15:19][BlockPlaceEvent]: placed minecraft:dirt on [world;346;66;478]
[22:15:24][BlockBreakEvent]: breaked minecraft:poppy on [world;360;70;467]
[22:15:25][BlockBreakEvent]: breaked minecraft:poppy on [world;362;69;464]
[22:15:25][BlockBreakEvent]: breaked minecraft:poppy on [world;363;69;464]
[22:15:26][BlockBreakEvent]: breaked minecraft:poppy on [world;364;68;465]
[22:15:27][BlockBreakEvent]: breaked minecraft:poppy on [world;364;68;466]
[22:15:28][BlockBreakEvent]: breaked minecraft:poppy on [world;365;67;465]
[22:15:29][BlockBreakEvent]: breaked minecraft:poppy on [world;363;68;467]
[22:15:31][BlockBreakEvent]: breaked minecraft:poppy on [world;366;67;464]
[22:15:31][BlockBreakEvent]: breaked minecraft:poppy on [world;367;67;463]
[22:15:32][BlockBreakEvent]: breaked minecraft:poppy on [world;366;67;463]
[22:15:33][BlockBreakEvent]: breaked minecraft:poppy on [world;365;67;462]
[22:15:34][BlockBreakEvent]: breaked minecraft:poppy on [world;364;68;461]
[22:15:39][BlockBreakEvent]: breaked minecraft:grass on [world;377;64;454]
[22:15:45][BlockBreakEvent]: breaked minecraft:grass on [world;377;66;438]
[22:16:16][BlockBreakEvent]: breaked minecraft:grass on [world;400;69;443]
[22:16:26][BlockBreakEvent]: breaked minecraft:dandelion on [world;398;68;470]
[22:16:27][BlockBreakEvent]: breaked minecraft:dandelion on [world;396;68;471]
[22:16:27][BlockBreakEvent]: breaked minecraft:dandelion on [world;396;68;472]
[22:16:27][BlockBreakEvent]: breaked minecraft:dandelion on [world;395;68;473]
[22:16:29][BlockBreakEvent]: breaked minecraft:dandelion on [world;398;69;473]
[22:16:31][BlockBreakEvent]: breaked minecraft:dandelion on [world;401;69;473]
[22:16:32][BlockBreakEvent]: breaked minecraft:dandelion on [world;400;69;475]
[22:16:33][BlockBreakEvent]: breaked minecraft:dandelion on [world;399;69;476]
[22:16:33][BlockBreakEvent]: breaked minecraft:dandelion on [world;399;69;477]
[22:16:34][BlockBreakEvent]: breaked minecraft:dandelion on [world;398;69;476]
[22:16:35][BlockBreakEvent]: breaked minecraft:dandelion on [world;401;69;480]
[22:16:37][BlockBreakEvent]: breaked minecraft:grass on [world;398;69;487]
[22:16:37][BlockBreakEvent]: breaked minecraft:oak_leaves[distance=3,persistent=false] on [world;399;70;487]
[22:16:38][BlockBreakEvent]: breaked minecraft:oak_leaves[distance=2,persistent=false] on [world;399;70;488]
[22:16:38][BlockBreakEvent]: breaked minecraft:oak_leaves[distance=1,persistent=false] on [world;398;70;488]
[22:16:39][BlockBreakEvent]: breaked minecraft:oak_leaves[distance=2,persistent=false] on [world;398;70;489]
[22:16:40][BlockBreakEvent]: breaked minecraft:poppy on [world;398;69;489]
[22:16:40][BlockBreakEvent]: breaked minecraft:oak_leaves[distance=3,persistent=false] on [world;398;70;490]
[22:16:41][BlockBreakEvent]: breaked minecraft:poppy on [world;399;69;494]
[22:16:41][BlockBreakEvent]: breaked minecraft:poppy on [world;398;69;494]
[22:16:42][BlockBreakEvent]: breaked minecraft:poppy on [world;399;69;492]
[22:16:43][BlockBreakEvent]: breaked minecraft:poppy on [world;404;68;493]
[22:16:44][BlockBreakEvent]: breaked minecraft:poppy on [world;403;68;495]
[22:16:46][BlockBreakEvent]: breaked minecraft:poppy on [world;400;69;496]
[22:16:46][BlockBreakEvent]: breaked minecraft:poppy on [world;399;69;497]
[22:16:47][BlockBreakEvent]: breaked minecraft:poppy on [world;400;69;499]
[22:16:49][BlockBreakEvent]: breaked minecraft:poppy on [world;395;69;498]
[22:16:50][BlockBreakEvent]: breaked minecraft:dandelion on [world;390;69;503]
[22:16:51][BlockBreakEvent]: breaked minecraft:dandelion on [world;390;68;505]
[22:16:52][BlockBreakEvent]: breaked minecraft:dandelion on [world;386;68;505]
[22:16:52][BlockBreakEvent]: breaked minecraft:dandelion on [world;386;68;504]
[22:16:53][BlockBreakEvent]: breaked minecraft:dandelion on [world;384;68;504]
[22:16:53][BlockBreakEvent]: breaked minecraft:dandelion on [world;385;68;505]
[22:16:54][BlockBreakEvent]: breaked minecraft:dandelion on [world;385;68;504]
[22:16:54][BlockBreakEvent]: breaked minecraft:dandelion on [world;386;68;503]
[22:16:56][BlockBreakEvent]: breaked minecraft:grass on [world;385;67;506]
[22:16:56][BlockBreakEvent]: breaked minecraft:dandelion on [world;385;67;507]
[22:16:57][BlockBreakEvent]: breaked minecraft:dandelion on [world;387;67;507]
[22:16:58][BlockBreakEvent]: breaked minecraft:rose_bush[half=lower] on [world;388;67;512]
[22:16:59][BlockBreakEvent]: breaked minecraft:rose_bush[half=lower] on [world;389;67;515]
[22:16:59][BlockBreakEvent]: breaked minecraft:rose_bush[half=upper] on [world;390;68;514]
[22:17:00][BlockBreakEvent]: breaked minecraft:rose_bush[half=upper] on [world;391;69;517]
[22:17:01][BlockBreakEvent]: breaked minecraft:rose_bush[half=lower] on [world;394;69;517]
[22:17:03][BlockBreakEvent]: breaked minecraft:rose_bush[half=upper] on [world;387;66;522]
[22:17:04][BlockBreakEvent]: breaked minecraft:rose_bush[half=upper] on [world;384;65;522]
[22:17:04][BlockBreakEvent]: breaked minecraft:rose_bush[half=upper] on [world;384;65;520]
[22:17:05][BlockBreakEvent]: breaked minecraft:rose_bush[half=upper] on [world;383;65;519]
[22:17:06][BlockBreakEvent]: breaked minecraft:rose_bush[half=lower] on [world;382;64;524]
[22:17:06][BlockBreakEvent]: breaked minecraft:rose_bush[half=lower] on [world;383;64;525]
[22:17:06][BlockBreakEvent]: breaked minecraft:rose_bush[half=lower] on [world;383;64;526]
[22:17:06][BlockBreakEvent]: breaked minecraft:rose_bush[half=lower] on [world;385;64;525]
[22:17:08][BlockBreakEvent]: breaked minecraft:rose_bush[half=lower] on [world;381;64;526]
[22:17:09][BlockBreakEvent]: breaked minecraft:rose_bush[half=lower] on [world;386;64;527]
[22:17:10][BlockBreakEvent]: breaked minecraft:rose_bush[half=lower] on [world;385;64;532]
[22:20:44][BlockBreakEvent]: breaked minecraft:grass on [world;-480;77;583]
[22:21:00][BlockBreakEvent]: breaked minecraft:grass on [world;-471;74;594]
[22:24:57][BlockBreakEvent]: breaked minecraft:stone on [world;-366;9;561]
[22:24:58][BlockBreakEvent]: breaked minecraft:stone on [world;-365;9;561]
[22:24:59][BlockBreakEvent]: breaked minecraft:stone on [world;-365;10;562]
[22:25:00][BlockBreakEvent]: breaked minecraft:stone on [world;-365;9;562]
[22:25:01][BlockBreakEvent]: breaked minecraft:stone on [world;-366;10;562]
[22:25:01][BlockBreakEvent]: breaked minecraft:stone on [world;-366;9;562]
[22:25:03][BlockBreakEvent]: breaked minecraft:stone on [world;-365;8;562]
[22:25:04][BlockBreakEvent]: breaked minecraft:stone on [world;-366;8;562]
[22:25:06][BlockBreakEvent]: breaked minecraft:stone on [world;-366;9;563]
[22:25:06][BlockBreakEvent]: breaked minecraft:stone on [world;-366;8;563]
[22:25:07][BlockBreakEvent]: breaked minecraft:stone on [world;-365;9;563]
[22:25:07][BlockBreakEvent]: breaked minecraft:stone on [world;-365;8;563]
[22:25:07][BlockBreakEvent]: breaked minecraft:stone on [world;-365;7;563]
[22:25:08][BlockBreakEvent]: breaked minecraft:stone on [world;-366;7;563]
[22:25:08][BlockBreakEvent]: breaked minecraft:stone on [world;-366;8;564]
[22:25:09][BlockBreakEvent]: breaked minecraft:stone on [world;-366;7;564]
[22:25:09][BlockBreakEvent]: breaked minecraft:stone on [world;-365;8;564]
[22:25:09][BlockBreakEvent]: breaked minecraft:stone on [world;-365;7;564]
[22:25:10][BlockBreakEvent]: breaked minecraft:stone on [world;-365;6;564]
[22:25:11][BlockBreakEvent]: breaked minecraft:stone on [world;-366;7;565]
[22:25:12][BlockBreakEvent]: breaked minecraft:stone on [world;-366;6;564]
[22:25:13][BlockBreakEvent]: breaked minecraft:stone on [world;-365;7;565]
[22:25:16][BlockBreakEvent]: breaked minecraft:gravel on [world;-365;6;565]
[22:25:18][BlockBreakEvent]: breaked minecraft:gravel on [world;-365;5;565]
[22:25:21][BlockBreakEvent]: breaked minecraft:gravel on [world;-365;6;566]
[22:25:22][BlockBreakEvent]: breaked minecraft:gravel on [world;-365;5;566]
[22:25:24][BlockBreakEvent]: breaked minecraft:gravel on [world;-365;5;566]
[22:25:28][BlockBreakEvent]: breaked minecraft:gravel on [world;-365;4;566]
[22:25:45][BlockBreakEvent]: breaked minecraft:stone on [world;-354;13;578]
[22:25:46][BlockBreakEvent]: breaked minecraft:stone on [world;-354;12;578]
[22:25:48][BlockBreakEvent]: breaked minecraft:andesite on [world;-354;13;581]
[22:25:49][BlockBreakEvent]: breaked minecraft:andesite on [world;-354;12;581]
[22:25:51][BlockBreakEvent]: breaked minecraft:andesite on [world;-353;13;581]
[22:25:52][BlockBreakEvent]: breaked minecraft:andesite on [world;-353;12;581]
[22:25:53][BlockBreakEvent]: breaked minecraft:iron_ore on [world;-353;13;582]
[22:25:55][BlockBreakEvent]: breaked minecraft:iron_ore on [world;-354;13;582]
[22:25:56][BlockBreakEvent]: breaked minecraft:iron_ore on [world;-354;12;582]
[22:25:58][BlockBreakEvent]: breaked minecraft:iron_ore on [world;-354;13;583]
[22:25:59][BlockBreakEvent]: breaked minecraft:iron_ore on [world;-353;13;583]
[22:26:02][BlockBreakEvent]: breaked minecraft:iron_ore on [world;-353;14;583]
[22:26:05][BlockBreakEvent]: breaked minecraft:andesite on [world;-353;12;582]
[22:26:06][BlockBreakEvent]: breaked minecraft:andesite on [world;-353;12;583]
[22:26:07][BlockBreakEvent]: breaked minecraft:andesite on [world;-354;12;583]
[22:26:07][BlockBreakEvent]: breaked minecraft:andesite on [world;-354;12;584]
[22:26:08][BlockBreakEvent]: breaked minecraft:stone on [world;-354;13;584]
[22:26:09][BlockBreakEvent]: breaked minecraft:stone on [world;-353;13;584]
[22:26:10][BlockBreakEvent]: breaked minecraft:stone on [world;-353;12;584]
[22:26:11][BlockBreakEvent]: breaked minecraft:stone on [world;-353;13;585]
[22:26:12][BlockBreakEvent]: breaked minecraft:stone on [world;-353;12;585]
[22:26:13][BlockBreakEvent]: breaked minecraft:stone on [world;-354;12;585]
[22:26:14][BlockBreakEvent]: breaked minecraft:stone on [world;-354;13;585]
[22:26:15][BlockBreakEvent]: breaked minecraft:stone on [world;-354;13;586]
[22:26:16][BlockBreakEvent]: breaked minecraft:stone on [world;-354;12;586]
[22:26:17][BlockBreakEvent]: breaked minecraft:stone on [world;-353;13;586]
[22:26:18][BlockBreakEvent]: breaked minecraft:stone on [world;-353;12;586]
[22:26:19][BlockPlaceEvent]: placed minecraft:wall_torch[facing=east] on [world;-354;13;586]
[22:26:21][BlockBreakEvent]: breaked minecraft:stone on [world;-353;13;587]
[22:26:22][BlockBreakEvent]: breaked minecraft:stone on [world;-353;12;587]
[22:26:23][BlockBreakEvent]: breaked minecraft:stone on [world;-354;12;587]
[22:26:24][BlockBreakEvent]: breaked minecraft:stone on [world;-354;13;587]
[22:26:25][BlockBreakEvent]: breaked minecraft:stone on [world;-354;13;588]
[22:26:26][BlockBreakEvent]: breaked minecraft:stone on [world;-354;12;588]
[22:26:27][BlockBreakEvent]: breaked minecraft:stone on [world;-353;13;588]
[22:26:28][BlockBreakEvent]: breaked minecraft:stone on [world;-353;12;588]
[22:26:29][BlockBreakEvent]: breaked minecraft:iron_ore on [world;-353;14;588]
[22:26:31][BlockBreakEvent]: breaked minecraft:iron_ore on [world;-353;15;588]
[22:26:33][BlockBreakEvent]: breaked minecraft:iron_ore on [world;-352;15;588]
[22:26:35][BlockBreakEvent]: breaked minecraft:stone on [world;-353;14;587]
[22:26:37][BlockBreakEvent]: breaked minecraft:iron_ore on [world;-353;15;587]
[22:26:38][BlockBreakEvent]: breaked minecraft:iron_ore on [world;-352;15;587]
[22:26:40][BlockBreakEvent]: breaked minecraft:stone on [world;-352;14;587]
[22:26:42][BlockBreakEvent]: breaked minecraft:iron_ore on [world;-352;16;587]
[22:26:43][BlockBreakEvent]: breaked minecraft:iron_ore on [world;-352;15;586]
[22:26:44][BlockBreakEvent]: breaked minecraft:iron_ore on [world;-352;16;586]
[22:26:45][BlockBreakEvent]: breaked minecraft:stone on [world;-352;13;587]
[22:26:48][BlockBreakEvent]: breaked minecraft:stone on [world;-353;13;591]
[22:26:49][BlockBreakEvent]: breaked minecraft:stone on [world;-353;12;591]
[22:26:50][BlockBreakEvent]: breaked minecraft:stone on [world;-354;13;591]
[22:26:51][BlockBreakEvent]: breaked minecraft:stone on [world;-354;12;591]
[22:26:52][BlockBreakEvent]: breaked minecraft:stone on [world;-354;13;592]
[22:26:53][BlockBreakEvent]: breaked minecraft:stone on [world;-354;12;592]
[22:26:54][BlockBreakEvent]: breaked minecraft:stone on [world;-353;13;592]
[22:26:55][BlockBreakEvent]: breaked minecraft:stone on [world;-353;12;592]
[22:26:56][BlockBreakEvent]: breaked minecraft:granite on [world;-353;13;593]
[22:27:18][BlockBreakEvent]: breaked minecraft:granite on [world;-353;12;593]
[22:27:19][BlockBreakEvent]: breaked minecraft:stone on [world;-354;13;593]
[22:27:20][BlockBreakEvent]: breaked minecraft:stone on [world;-354;12;593]
[22:27:21][BlockBreakEvent]: breaked minecraft:stone on [world;-354;13;594]
[22:27:22][BlockBreakEvent]: breaked minecraft:stone on [world;-354;12;594]
[22:27:23][BlockBreakEvent]: breaked minecraft:granite on [world;-353;12;594]
[22:27:24][BlockBreakEvent]: breaked minecraft:granite on [world;-353;13;594]
[22:27:25][BlockBreakEvent]: breaked minecraft:stone on [world;-353;13;595]
[22:27:26][BlockBreakEvent]: breaked minecraft:stone on [world;-353;12;595]
[22:27:27][BlockBreakEvent]: breaked minecraft:stone on [world;-354;13;595]
[22:27:28][BlockBreakEvent]: breaked minecraft:stone on [world;-354;12;595]
[22:27:29][BlockBreakEvent]: breaked minecraft:stone on [world;-354;13;596]
[22:27:29][BlockBreakEvent]: breaked minecraft:stone on [world;-354;12;596]
[22:27:30][BlockBreakEvent]: breaked minecraft:stone on [world;-353;12;596]
[22:27:31][BlockBreakEvent]: breaked minecraft:stone on [world;-353;13;596]
[22:27:32][BlockBreakEvent]: breaked minecraft:stone on [world;-354;13;597]
[22:27:33][BlockBreakEvent]: breaked minecraft:stone on [world;-353;13;597]
[22:27:34][BlockBreakEvent]: breaked minecraft:stone on [world;-353;12;597]
[22:27:35][BlockBreakEvent]: breaked minecraft:stone on [world;-354;12;597]
[22:27:36][BlockBreakEvent]: breaked minecraft:stone on [world;-354;13;598]
[22:27:37][BlockBreakEvent]: breaked minecraft:stone on [world;-354;12;598]
[22:27:38][BlockBreakEvent]: breaked minecraft:stone on [world;-353;13;598]
[22:27:39][BlockBreakEvent]: breaked minecraft:stone on [world;-353;12;598]
[22:27:40][BlockPlaceEvent]: placed minecraft:wall_torch[facing=east] on [world;-354;13;597]
[22:27:42][BlockBreakEvent]: breaked minecraft:stone on [world;-353;13;599]
[22:27:43][BlockBreakEvent]: breaked minecraft:stone on [world;-353;12;599]
[22:27:44][BlockBreakEvent]: breaked minecraft:stone on [world;-354;13;599]
[22:27:45][BlockBreakEvent]: breaked minecraft:stone on [world;-354;12;599]
[22:27:45][BlockBreakEvent]: breaked minecraft:stone on [world;-354;13;600]
[22:27:46][BlockBreakEvent]: breaked minecraft:stone on [world;-354;12;600]
[22:27:47][BlockBreakEvent]: breaked minecraft:stone on [world;-353;13;600]
[22:27:48][BlockBreakEvent]: breaked minecraft:stone on [world;-353;12;600]
[22:28:33][BlockBreakEvent]: breaked minecraft:cobblestone on [world;-374;10;517]
