[21:24:20][EntityPickupItemEvent]: PLAYER picked up WHEAT_SEEDS
[21:24:20][EntityPickupItemEvent]: PLAYER picked up WHEAT
[21:24:20][EntityPickupItemEvent]: PLAYER picked up WHEAT_SEEDS
[21:24:21][EntityPickupItemEvent]: PLAYER picked up WHEAT_SEEDS
[21:24:21][EntityPickupItemEvent]: PLAYER picked up WHEAT
[21:24:24][EntityPickupItemEvent]: PLAYER picked up WHEAT_SEEDS
[21:24:24][EntityPickupItemEvent]: PLAYER picked up WHEAT
[21:24:24][EntityPickupItemEvent]: PLAYER picked up WHEAT_SEEDS
[21:24:24][EntityPickupItemEvent]: PLAYER picked up WHEAT
[21:24:25][EntityPickupItemEvent]: PLAYER picked up WHEAT_SEEDS
[21:24:25][EntityPickupItemEvent]: PLAYER picked up WHEAT
[21:24:27][EntityPickupItemEvent]: PLAYER picked up WHEAT
[21:24:27][EntityPickupItemEvent]: PLAYER picked up WHEAT_SEEDS
[21:24:27][EntityPickupItemEvent]: PLAYER picked up WHEAT
[21:24:27][EntityPickupItemEvent]: PLAYER picked up WHEAT_SEEDS
[21:24:28][EntityPickupItemEvent]: PLAYER picked up WHEAT
[21:24:28][EntityPickupItemEvent]: PLAYER picked up WHEAT_SEEDS
[21:24:30][EntityPickupItemEvent]: PLAYER picked up WHEAT
[21:24:30][EntityPickupItemEvent]: PLAYER picked up WHEAT_SEEDS
[21:24:31][EntityPickupItemEvent]: PLAYER picked up WHEAT_SEEDS
[21:24:31][EntityPickupItemEvent]: PLAYER picked up WHEAT
[21:24:31][EntityPickupItemEvent]: PLAYER picked up WHEAT_SEEDS
[21:24:31][EntityPickupItemEvent]: PLAYER picked up WHEAT
[21:24:33][EntityPickupItemEvent]: PLAYER picked up WHEAT_SEEDS
[21:24:33][EntityPickupItemEvent]: PLAYER picked up WHEAT
[21:24:34][EntityPickupItemEvent]: PLAYER picked up WHEAT
[21:24:34][EntityPickupItemEvent]: PLAYER picked up WHEAT_SEEDS
[21:24:35][EntityPickupItemEvent]: PLAYER picked up WHEAT
[21:24:35][EntityPickupItemEvent]: PLAYER picked up WHEAT_SEEDS
[21:24:38][EntityPickupItemEvent]: PLAYER picked up WHEAT
[21:24:38][EntityPickupItemEvent]: PLAYER picked up WHEAT_SEEDS
[21:24:38][EntityPickupItemEvent]: PLAYER picked up WHEAT_SEEDS
[21:24:38][EntityPickupItemEvent]: PLAYER picked up WHEAT
[21:24:39][EntityPickupItemEvent]: PLAYER picked up WHEAT_SEEDS
[21:24:39][EntityPickupItemEvent]: PLAYER picked up WHEAT
[21:24:40][EntityPickupItemEvent]: PLAYER picked up WHEAT_SEEDS
[21:24:40][EntityPickupItemEvent]: PLAYER picked up WHEAT
[21:24:40][EntityPickupItemEvent]: PLAYER picked up WHEAT
[21:24:40][EntityPickupItemEvent]: PLAYER picked up WHEAT_SEEDS
[21:24:45][EntityPickupItemEvent]: PLAYER picked up WHEAT
[21:24:45][EntityPickupItemEvent]: PLAYER picked up WHEAT_SEEDS
[21:24:46][EntityPickupItemEvent]: PLAYER picked up WHEAT_SEEDS
[21:24:46][EntityPickupItemEvent]: PLAYER picked up WHEAT
[21:24:48][EntityPickupItemEvent]: PLAYER picked up WHEAT
[21:24:48][EntityPickupItemEvent]: PLAYER picked up WHEAT
[21:24:49][EntityPickupItemEvent]: PLAYER picked up WHEAT_SEEDS
[21:24:49][EntityPickupItemEvent]: PLAYER picked up WHEAT
[21:24:49][EntityPickupItemEvent]: PLAYER picked up WHEAT_SEEDS
[21:24:51][EntityPickupItemEvent]: PLAYER picked up WHEAT
[21:24:51][EntityPickupItemEvent]: PLAYER picked up WHEAT
[21:24:51][EntityPickupItemEvent]: PLAYER picked up WHEAT_SEEDS
[21:24:54][EntityPickupItemEvent]: PLAYER picked up WHEAT
[21:24:55][EntityPickupItemEvent]: PLAYER picked up WHEAT_SEEDS
[21:24:58][EntityPickupItemEvent]: PLAYER picked up WHEAT
[21:24:58][EntityPickupItemEvent]: PLAYER picked up WHEAT
[21:24:59][EntityPickupItemEvent]: PLAYER picked up WHEAT
[21:24:59][EntityPickupItemEvent]: PLAYER picked up WHEAT_SEEDS
[21:24:59][EntityPickupItemEvent]: PLAYER picked up WHEAT_SEEDS
[21:25:01][EntityPickupItemEvent]: PLAYER picked up WHEAT
[21:25:02][EntityPickupItemEvent]: PLAYER picked up WHEAT
[21:25:02][EntityPickupItemEvent]: PLAYER picked up WHEAT
[21:25:02][EntityPickupItemEvent]: PLAYER picked up WHEAT
[21:25:03][EntityPickupItemEvent]: PLAYER picked up WHEAT_SEEDS
[21:25:07][EntityPickupItemEvent]: PLAYER picked up WHEAT_SEEDS
[21:25:07][EntityPickupItemEvent]: PLAYER picked up WHEAT_SEEDS
[21:25:07][EntityPickupItemEvent]: PLAYER picked up WHEAT_SEEDS
[21:25:07][EntityPickupItemEvent]: PLAYER picked up WHEAT
[21:25:08][EntityPickupItemEvent]: PLAYER picked up WHEAT
[21:25:08][EntityPickupItemEvent]: PLAYER picked up WHEAT_SEEDS
[21:25:08][EntityPickupItemEvent]: PLAYER picked up WHEAT
[21:25:08][EntityPickupItemEvent]: PLAYER picked up WHEAT_SEEDS
[21:25:11][EntityPickupItemEvent]: PLAYER picked up WHEAT_SEEDS
[21:25:11][EntityPickupItemEvent]: PLAYER picked up WHEAT
[21:25:12][EntityPickupItemEvent]: PLAYER picked up WHEAT_SEEDS
[21:25:12][EntityPickupItemEvent]: PLAYER picked up WHEAT_SEEDS
[21:25:12][EntityPickupItemEvent]: PLAYER picked up WHEAT_SEEDS
[21:25:12][EntityPickupItemEvent]: PLAYER picked up WHEAT
[21:25:13][EntityPickupItemEvent]: PLAYER picked up WHEAT
[21:25:13][EntityPickupItemEvent]: PLAYER picked up WHEAT_SEEDS
[21:25:14][EntityPickupItemEvent]: PLAYER picked up WHEAT
[21:25:14][EntityPickupItemEvent]: PLAYER picked up WHEAT_SEEDS
[21:25:18][EntityPickupItemEvent]: PLAYER picked up WHEAT
[21:25:18][EntityPickupItemEvent]: PLAYER picked up WHEAT
[21:25:19][EntityPickupItemEvent]: PLAYER picked up WHEAT
[21:25:19][EntityPickupItemEvent]: PLAYER picked up WHEAT
[21:25:19][EntityPickupItemEvent]: PLAYER picked up WHEAT_SEEDS
[21:25:21][EntityPickupItemEvent]: PLAYER picked up WHEAT_SEEDS
[21:25:24][EntityPickupItemEvent]: PLAYER picked up WHEAT
[21:25:25][EntityPickupItemEvent]: PLAYER picked up WHEAT_SEEDS
[21:25:25][EntityPickupItemEvent]: PLAYER picked up WHEAT_SEEDS
[21:25:25][EntityPickupItemEvent]: PLAYER picked up WHEAT_SEEDS
[21:25:25][EntityPickupItemEvent]: PLAYER picked up WHEAT_SEEDS
[21:25:26][EntityPickupItemEvent]: PLAYER picked up WHEAT
[21:25:28][EntityPickupItemEvent]: PLAYER picked up WHEAT_SEEDS
[21:25:40][EntityPickupItemEvent]: PLAYER picked up WHEAT_SEEDS
[21:25:41][EntityPickupItemEvent]: PLAYER picked up WHEAT_SEEDS
[21:25:42][EntityPickupItemEvent]: PLAYER picked up WHEAT
[21:25:42][EntityPickupItemEvent]: PLAYER picked up WHEAT_SEEDS
[21:25:42][EntityPickupItemEvent]: PLAYER picked up WHEAT
[21:25:44][EntityPickupItemEvent]: PLAYER picked up WHEAT
[21:25:44][EntityPickupItemEvent]: PLAYER picked up WHEAT_SEEDS
[21:25:44][EntityPickupItemEvent]: PLAYER picked up WHEAT
[21:25:44][EntityPickupItemEvent]: PLAYER picked up WHEAT_SEEDS
[21:25:45][EntityPickupItemEvent]: PLAYER picked up WHEAT
[21:25:45][EntityPickupItemEvent]: PLAYER picked up WHEAT_SEEDS
[21:25:47][EntityPickupItemEvent]: PLAYER picked up WHEAT_SEEDS
[21:25:47][EntityPickupItemEvent]: PLAYER picked up WHEAT
[21:25:47][EntityPickupItemEvent]: PLAYER picked up WHEAT
[21:25:48][EntityPickupItemEvent]: PLAYER picked up WHEAT
[21:25:48][EntityPickupItemEvent]: PLAYER picked up WHEAT_SEEDS
[21:25:51][EntityPickupItemEvent]: PLAYER picked up WHEAT
[21:25:51][EntityPickupItemEvent]: PLAYER picked up WHEAT_SEEDS
[21:25:51][EntityPickupItemEvent]: PLAYER picked up WHEAT
[21:25:51][EntityPickupItemEvent]: PLAYER picked up WHEAT_SEEDS
[21:25:52][EntityPickupItemEvent]: PLAYER picked up WHEAT
[21:25:52][EntityPickupItemEvent]: PLAYER picked up WHEAT_SEEDS
[21:25:54][EntityPickupItemEvent]: PLAYER picked up WHEAT
[21:25:54][EntityPickupItemEvent]: PLAYER picked up WHEAT_SEEDS
[21:25:55][EntityPickupItemEvent]: PLAYER picked up WHEAT_SEEDS
[21:25:55][EntityPickupItemEvent]: PLAYER picked up WHEAT
[21:25:57][EntityPickupItemEvent]: PLAYER picked up WHEAT_SEEDS
[21:25:57][EntityPickupItemEvent]: PLAYER picked up WHEAT
[21:25:58][EntityPickupItemEvent]: PLAYER picked up WHEAT
[21:25:58][EntityPickupItemEvent]: PLAYER picked up WHEAT_SEEDS
[21:26:01][EntityPickupItemEvent]: PLAYER picked up WHEAT_SEEDS
[21:26:01][EntityPickupItemEvent]: PLAYER picked up WHEAT_SEEDS
[21:26:02][EntityPickupItemEvent]: PLAYER picked up WHEAT
[21:26:02][EntityPickupItemEvent]: PLAYER picked up WHEAT_SEEDS
[21:26:04][EntityPickupItemEvent]: PLAYER picked up WHEAT
[21:26:04][EntityPickupItemEvent]: PLAYER picked up WHEAT_SEEDS
[21:26:05][EntityPickupItemEvent]: PLAYER picked up WHEAT_SEEDS
[21:26:05][EntityPickupItemEvent]: PLAYER picked up WHEAT
[21:26:07][EntityPickupItemEvent]: PLAYER picked up WHEAT_SEEDS
[21:26:07][EntityPickupItemEvent]: PLAYER picked up WHEAT_SEEDS
[21:26:08][EntityPickupItemEvent]: PLAYER picked up WHEAT_SEEDS
[21:26:08][EntityPickupItemEvent]: PLAYER picked up WHEAT_SEEDS
[21:26:08][EntityPickupItemEvent]: PLAYER picked up WHEAT
[21:26:10][EntityPickupItemEvent]: PLAYER picked up WHEAT
[21:26:10][EntityPickupItemEvent]: PLAYER picked up WHEAT
[21:26:11][EntityPickupItemEvent]: PLAYER picked up WHEAT_SEEDS
[21:26:12][EntityPickupItemEvent]: PLAYER picked up WHEAT_SEEDS
[21:26:12][EntityPickupItemEvent]: PLAYER picked up WHEAT
[21:26:15][EntityPickupItemEvent]: PLAYER picked up WHEAT_SEEDS
[21:26:17][EntityPickupItemEvent]: PLAYER picked up WHEAT
[21:26:18][EntityPickupItemEvent]: PLAYER picked up WHEAT
[21:26:18][EntityPickupItemEvent]: PLAYER picked up WHEAT_SEEDS
[21:26:22][EntityPickupItemEvent]: PLAYER picked up WHEAT
[21:26:24][EntityPickupItemEvent]: PLAYER picked up WHEAT_SEEDS
[21:26:27][EntityPickupItemEvent]: PLAYER picked up WHEAT
[21:26:29][EntityPickupItemEvent]: PLAYER picked up WHEAT_SEEDS
[21:26:37][EntityPickupItemEvent]: PLAYER picked up WHEAT
[21:26:37][EntityPickupItemEvent]: PLAYER picked up WHEAT
[21:26:37][EntityPickupItemEvent]: PLAYER picked up WHEAT_SEEDS
[21:26:38][EntityPickupItemEvent]: PLAYER picked up WHEAT_SEEDS
[21:26:38][EntityPickupItemEvent]: PLAYER picked up WHEAT_SEEDS
[21:26:38][EntityPickupItemEvent]: PLAYER picked up WHEAT_SEEDS
[21:26:38][EntityPickupItemEvent]: PLAYER picked up WHEAT_SEEDS
[21:26:38][EntityPickupItemEvent]: PLAYER picked up WHEAT
[21:26:38][EntityPickupItemEvent]: PLAYER picked up WHEAT_SEEDS
[21:26:44][EntityPickupItemEvent]: PLAYER picked up WHEAT
[21:26:48][EntityPickupItemEvent]: PLAYER picked up WHEAT
[21:26:48][EntityPickupItemEvent]: PLAYER picked up WHEAT_SEEDS
[21:26:48][EntityPickupItemEvent]: PLAYER picked up WHEAT
[21:26:48][EntityPickupItemEvent]: PLAYER picked up WHEAT
[21:26:48][EntityPickupItemEvent]: PLAYER picked up WHEAT
[21:26:48][EntityPickupItemEvent]: PLAYER picked up WHEAT
[21:26:48][EntityPickupItemEvent]: PLAYER picked up WHEAT
[21:26:49][EntityPickupItemEvent]: PLAYER picked up WHEAT
[21:26:49][EntityPickupItemEvent]: PLAYER picked up WHEAT_SEEDS
[21:26:54][EntityPickupItemEvent]: PLAYER picked up WHEAT
[21:26:54][EntityPickupItemEvent]: PLAYER picked up WHEAT_SEEDS
[21:26:55][EntityPickupItemEvent]: PLAYER picked up WHEAT_SEEDS
[21:27:00][EntityPickupItemEvent]: PLAYER picked up WHEAT
[21:27:00][EntityPickupItemEvent]: PLAYER picked up WHEAT_SEEDS
[21:27:01][EntityPickupItemEvent]: PLAYER picked up WHEAT
[21:27:01][EntityPickupItemEvent]: PLAYER picked up WHEAT_SEEDS
[21:27:03][EntityPickupItemEvent]: PLAYER picked up WHEAT_SEEDS
[21:27:03][EntityPickupItemEvent]: PLAYER picked up WHEAT
[21:29:19][EntityPickupItemEvent]: PLAYER picked up TORCH
[21:30:44][EntityPickupItemEvent]: PLAYER picked up SWEET_BERRIES
[21:30:45][EntityPickupItemEvent]: PLAYER picked up SWEET_BERRIES
[21:30:46][EntityPickupItemEvent]: PLAYER picked up SWEET_BERRIES
[21:30:47][EntityPickupItemEvent]: PLAYER picked up SWEET_BERRIES
[21:30:47][EntityPickupItemEvent]: PLAYER picked up SWEET_BERRIES
[21:30:53][EntityPickupItemEvent]: PLAYER picked up SWEET_BERRIES
[21:30:55][EntityPickupItemEvent]: PLAYER picked up SWEET_BERRIES
[21:30:56][EntityPickupItemEvent]: PLAYER picked up SWEET_BERRIES
[21:30:59][EntityPickupItemEvent]: PLAYER picked up SWEET_BERRIES
[21:31:01][EntityPickupItemEvent]: PLAYER picked up SWEET_BERRIES
[21:31:01][EntityPickupItemEvent]: PLAYER picked up SWEET_BERRIES
[21:31:02][EntityPickupItemEvent]: PLAYER picked up SWEET_BERRIES
[21:31:02][EntityPickupItemEvent]: PLAYER picked up SWEET_BERRIES
[21:31:02][EntityPickupItemEvent]: PLAYER picked up SWEET_BERRIES
[21:31:03][EntityPickupItemEvent]: PLAYER picked up SWEET_BERRIES
[21:31:04][EntityPickupItemEvent]: PLAYER picked up SWEET_BERRIES
[21:31:04][EntityPickupItemEvent]: PLAYER picked up SWEET_BERRIES
[21:31:14][EntityPickupItemEvent]: PLAYER picked up SWEET_BERRIES
[21:31:17][EntityPickupItemEvent]: PLAYER picked up SWEET_BERRIES
[21:31:25][EntityPickupItemEvent]: PLAYER picked up SWEET_BERRIES
[21:31:26][EntityPickupItemEvent]: PLAYER picked up SWEET_BERRIES
[21:31:26][EntityPickupItemEvent]: PLAYER picked up SWEET_BERRIES
[21:31:30][EntityPickupItemEvent]: PLAYER picked up SWEET_BERRIES
[21:32:05][EntityPickupItemEvent]: PLAYER picked up BIRCH_LOG
[21:37:21][EntityPickupItemEvent]: PLAYER picked up BIRCH_LOG
[21:37:24][EntityPickupItemEvent]: PLAYER picked up BIRCH_LOG
[21:37:28][EntityPickupItemEvent]: PLAYER picked up BIRCH_LOG
[21:37:31][EntityPickupItemEvent]: PLAYER picked up BIRCH_LOG
[21:37:35][EntityPickupItemEvent]: PLAYER picked up BIRCH_LOG
[21:37:38][EntityPickupItemEvent]: PLAYER picked up BIRCH_LOG
[21:38:34][EntityPickupItemEvent]: PLAYER picked up COBBLESTONE
[21:38:36][EntityPickupItemEvent]: PLAYER picked up COBBLESTONE
[21:38:37][EntityPickupItemEvent]: PLAYER picked up COBBLESTONE
[21:38:39][EntityPickupItemEvent]: PLAYER picked up COBBLESTONE
[21:38:40][EntityPickupItemEvent]: PLAYER picked up COBBLESTONE
[21:38:42][EntityPickupItemEvent]: PLAYER picked up COBBLESTONE
[21:38:42][EntityPickupItemEvent]: PLAYER picked up COBBLESTONE
[21:38:43][EntityPickupItemEvent]: PLAYER picked up COBBLESTONE
[21:38:45][EntityPickupItemEvent]: PLAYER picked up COBBLESTONE
[21:38:46][EntityPickupItemEvent]: PLAYER picked up COBBLESTONE
[21:38:46][EntityPickupItemEvent]: PLAYER picked up COBBLESTONE
[21:38:46][EntityPickupItemEvent]: PLAYER picked up COBBLESTONE
[21:38:47][EntityPickupItemEvent]: PLAYER picked up COBBLESTONE
[21:38:47][EntityPickupItemEvent]: PLAYER picked up COBBLESTONE
[21:38:48][EntityPickupItemEvent]: PLAYER picked up COBBLESTONE
[21:38:49][EntityPickupItemEvent]: PLAYER picked up COBBLESTONE
[21:38:49][EntityPickupItemEvent]: PLAYER picked up COBBLESTONE
[21:38:50][EntityPickupItemEvent]: PLAYER picked up COBBLESTONE
[21:38:52][EntityPickupItemEvent]: PLAYER picked up COBBLESTONE
[21:38:53][EntityPickupItemEvent]: PLAYER picked up COBBLESTONE
[21:38:55][EntityPickupItemEvent]: PLAYER picked up COBBLESTONE
[21:38:58][EntityPickupItemEvent]: PLAYER picked up COBBLESTONE
[21:38:59][EntityPickupItemEvent]: PLAYER picked up COBBLESTONE
[21:39:01][EntityPickupItemEvent]: PLAYER picked up COBBLESTONE
[21:39:13][EntityPickupItemEvent]: PLAYER picked up STONE_SWORD
[21:39:13][EntityPickupItemEvent]: PLAYER picked up ROTTEN_FLESH
[21:39:31][EntityPickupItemEvent]: PLAYER picked up COBBLESTONE
[21:39:32][EntityPickupItemEvent]: PLAYER picked up COBBLESTONE
[21:39:33][EntityPickupItemEvent]: PLAYER picked up COBBLESTONE
[21:39:34][EntityPickupItemEvent]: PLAYER picked up COBBLESTONE
[21:39:35][EntityPickupItemEvent]: PLAYER picked up COBBLESTONE
[21:39:36][EntityPickupItemEvent]: PLAYER picked up COBBLESTONE
[21:39:37][EntityPickupItemEvent]: PLAYER picked up COBBLESTONE
[21:39:38][EntityPickupItemEvent]: PLAYER picked up COBBLESTONE
[21:39:39][EntityPickupItemEvent]: PLAYER picked up COBBLESTONE
[21:39:42][EntityPickupItemEvent]: PLAYER picked up COBBLESTONE
[21:39:42][EntityPickupItemEvent]: PLAYER picked up ANDESITE
[21:39:42][EntityPickupItemEvent]: PLAYER picked up ANDESITE
[21:39:43][EntityPickupItemEvent]: PLAYER picked up COBBLESTONE
[21:39:45][EntityPickupItemEvent]: PLAYER picked up COBBLESTONE
[21:39:45][EntityPickupItemEvent]: PLAYER picked up ANDESITE
[21:39:46][EntityPickupItemEvent]: PLAYER picked up COBBLESTONE
[21:39:47][EntityPickupItemEvent]: PLAYER picked up ANDESITE
[21:39:48][EntityPickupItemEvent]: PLAYER picked up ANDESITE
[21:39:55][EntityPickupItemEvent]: PLAYER picked up COBBLESTONE
[21:39:56][EntityPickupItemEvent]: PLAYER picked up COBBLESTONE
[21:39:57][EntityPickupItemEvent]: PLAYER picked up COBBLESTONE
[21:40:11][EntityPickupItemEvent]: PLAYER picked up COBBLESTONE
[21:40:11][EntityPickupItemEvent]: PLAYER picked up COBBLESTONE
[21:40:12][EntityPickupItemEvent]: PLAYER picked up COBBLESTONE
[21:40:13][EntityPickupItemEvent]: PLAYER picked up IRON_ORE
[21:40:13][EntityPickupItemEvent]: PLAYER picked up IRON_ORE
[21:40:15][EntityPickupItemEvent]: PLAYER picked up IRON_ORE
[21:40:17][EntityPickupItemEvent]: PLAYER picked up IRON_ORE
[21:40:19][EntityPickupItemEvent]: PLAYER picked up COBBLESTONE
[21:40:20][EntityPickupItemEvent]: PLAYER picked up IRON_ORE
[21:40:21][EntityPickupItemEvent]: PLAYER picked up COBBLESTONE
[21:40:23][EntityPickupItemEvent]: PLAYER picked up IRON_ORE
[21:40:24][EntityPickupItemEvent]: PLAYER picked up COBBLESTONE
[21:40:26][EntityPickupItemEvent]: PLAYER picked up IRON_ORE
[21:40:27][EntityPickupItemEvent]: PLAYER picked up IRON_ORE
[21:40:46][EntityPickupItemEvent]: PLAYER picked up COBBLESTONE
[21:40:48][EntityPickupItemEvent]: PLAYER picked up COBBLESTONE
[21:40:48][EntityPickupItemEvent]: PLAYER picked up COBBLESTONE
[21:40:49][EntityPickupItemEvent]: PLAYER picked up COBBLESTONE
[21:40:50][EntityPickupItemEvent]: PLAYER picked up COBBLESTONE
[21:40:51][EntityPickupItemEvent]: PLAYER picked up COBBLESTONE
[21:40:52][EntityPickupItemEvent]: PLAYER picked up COBBLESTONE
[21:40:54][EntityPickupItemEvent]: PLAYER picked up COBBLESTONE
[21:40:55][EntityPickupItemEvent]: PLAYER picked up COBBLESTONE
[21:40:56][EntityPickupItemEvent]: PLAYER picked up COBBLESTONE
[21:40:57][EntityPickupItemEvent]: PLAYER picked up COBBLESTONE
[21:40:58][EntityPickupItemEvent]: PLAYER picked up COBBLESTONE
[21:40:59][EntityPickupItemEvent]: PLAYER picked up COBBLESTONE
[21:41:04][EntityPickupItemEvent]: PLAYER picked up COBBLESTONE
[21:41:05][EntityPickupItemEvent]: PLAYER picked up COBBLESTONE
[21:41:06][EntityPickupItemEvent]: PLAYER picked up COBBLESTONE
[21:41:07][EntityPickupItemEvent]: PLAYER picked up COBBLESTONE
[21:41:08][EntityPickupItemEvent]: PLAYER picked up COBBLESTONE
[21:41:09][EntityPickupItemEvent]: PLAYER picked up COBBLESTONE
[21:41:10][EntityPickupItemEvent]: PLAYER picked up COBBLESTONE
[21:41:27][EntityPickupItemEvent]: PLAYER picked up COBBLESTONE
[21:41:28][EntityPickupItemEvent]: PLAYER picked up COBBLESTONE
[21:41:28][EntityPickupItemEvent]: PLAYER picked up COBBLESTONE
[21:41:30][EntityPickupItemEvent]: PLAYER picked up COBBLESTONE
[21:41:31][EntityPickupItemEvent]: PLAYER picked up COBBLESTONE
[21:41:32][EntityPickupItemEvent]: PLAYER picked up COBBLESTONE
[21:41:33][EntityPickupItemEvent]: PLAYER picked up COBBLESTONE
[21:41:34][EntityPickupItemEvent]: PLAYER picked up COBBLESTONE
[21:41:36][EntityPickupItemEvent]: PLAYER picked up COBBLESTONE
[21:41:38][EntityPickupItemEvent]: PLAYER picked up COBBLESTONE
[21:41:39][EntityPickupItemEvent]: PLAYER picked up COBBLESTONE
[21:41:40][EntityPickupItemEvent]: PLAYER picked up COBBLESTONE
[21:41:41][EntityPickupItemEvent]: PLAYER picked up COBBLESTONE
[21:41:42][EntityPickupItemEvent]: PLAYER picked up COBBLESTONE
[21:41:43][EntityPickupItemEvent]: PLAYER picked up COBBLESTONE
[21:41:48][EntityPickupItemEvent]: PLAYER picked up ROTTEN_FLESH
[21:41:52][EntityPickupItemEvent]: PLAYER picked up COBBLESTONE
[21:41:53][EntityPickupItemEvent]: PLAYER picked up COBBLESTONE
[21:41:54][EntityPickupItemEvent]: PLAYER picked up COBBLESTONE
[21:41:56][EntityPickupItemEvent]: PLAYER picked up COBBLESTONE
[21:41:56][EntityPickupItemEvent]: PLAYER picked up COBBLESTONE
[21:41:58][EntityPickupItemEvent]: PLAYER picked up COBBLESTONE
[21:41:59][EntityPickupItemEvent]: PLAYER picked up COBBLESTONE
[21:42:00][EntityPickupItemEvent]: PLAYER picked up COBBLESTONE
[21:42:02][EntityPickupItemEvent]: PLAYER picked up COBBLESTONE
[21:42:33][EntityPickupItemEvent]: PLAYER picked up COBBLESTONE
[21:42:34][EntityPickupItemEvent]: PLAYER picked up COBBLESTONE
[21:42:35][EntityPickupItemEvent]: PLAYER picked up COBBLESTONE
[21:42:36][EntityPickupItemEvent]: PLAYER picked up COBBLESTONE
[21:42:37][EntityPickupItemEvent]: PLAYER picked up COBBLESTONE
[21:42:38][EntityPickupItemEvent]: PLAYER picked up COBBLESTONE
[21:42:39][EntityPickupItemEvent]: PLAYER picked up COBBLESTONE
[21:42:40][EntityPickupItemEvent]: PLAYER picked up COBBLESTONE
[21:42:41][EntityPickupItemEvent]: PLAYER picked up COBBLESTONE
[21:42:42][EntityPickupItemEvent]: PLAYER picked up COBBLESTONE
[21:42:44][EntityPickupItemEvent]: PLAYER picked up COBBLESTONE
[21:43:42][EntityPickupItemEvent]: PLAYER picked up COBBLESTONE
[21:43:43][EntityPickupItemEvent]: PLAYER picked up COBBLESTONE
[21:43:44][EntityPickupItemEvent]: PLAYER picked up COBBLESTONE
[21:43:45][EntityPickupItemEvent]: PLAYER picked up COBBLESTONE
[21:43:46][EntityPickupItemEvent]: PLAYER picked up COBBLESTONE
[21:43:47][EntityPickupItemEvent]: PLAYER picked up COBBLESTONE
[21:43:48][EntityPickupItemEvent]: PLAYER picked up COBBLESTONE
[21:43:49][EntityPickupItemEvent]: PLAYER picked up COBBLESTONE
[21:43:54][EntityPickupItemEvent]: PLAYER picked up COBBLESTONE
[21:43:56][EntityPickupItemEvent]: PLAYER picked up COBBLESTONE
[21:43:56][EntityPickupItemEvent]: PLAYER picked up COBBLESTONE
[21:43:57][EntityPickupItemEvent]: PLAYER picked up COBBLESTONE
[21:43:57][EntityPickupItemEvent]: PLAYER picked up COBBLESTONE
[21:43:58][EntityPickupItemEvent]: PLAYER picked up COBBLESTONE
[21:43:58][EntityPickupItemEvent]: PLAYER picked up COBBLESTONE
[21:43:58][EntityPickupItemEvent]: PLAYER picked up COBBLESTONE
[21:44:45][EntityPickupItemEvent]: PLAYER picked up COBBLESTONE
[21:44:46][EntityPickupItemEvent]: PLAYER picked up COBBLESTONE
[21:44:48][EntityPickupItemEvent]: PLAYER picked up COBBLESTONE
[21:44:48][EntityPickupItemEvent]: PLAYER picked up COBBLESTONE
[21:44:49][EntityPickupItemEvent]: PLAYER picked up COBBLESTONE
[21:44:50][EntityPickupItemEvent]: PLAYER picked up COBBLESTONE
[21:44:51][EntityPickupItemEvent]: PLAYER picked up COBBLESTONE
[21:44:52][EntityPickupItemEvent]: PLAYER picked up COBBLESTONE
[21:44:53][EntityPickupItemEvent]: PLAYER picked up COBBLESTONE
[21:44:54][EntityPickupItemEvent]: PLAYER picked up COBBLESTONE
[21:44:55][EntityPickupItemEvent]: PLAYER picked up COBBLESTONE
[21:44:56][EntityPickupItemEvent]: PLAYER picked up GRAVEL
[21:45:00][EntityPickupItemEvent]: PLAYER picked up COBBLESTONE
[21:45:02][EntityPickupItemEvent]: PLAYER picked up COBBLESTONE
[21:45:03][EntityPickupItemEvent]: PLAYER picked up COBBLESTONE
[21:45:03][EntityPickupItemEvent]: PLAYER picked up COBBLESTONE
[21:45:03][EntityPickupItemEvent]: PLAYER picked up COBBLESTONE
[21:45:04][EntityPickupItemEvent]: PLAYER picked up COBBLESTONE
[21:45:06][EntityPickupItemEvent]: PLAYER picked up COBBLESTONE
[21:45:06][EntityPickupItemEvent]: PLAYER picked up COBBLESTONE
[21:45:07][EntityPickupItemEvent]: PLAYER picked up COBBLESTONE
[21:45:08][EntityPickupItemEvent]: PLAYER picked up COBBLESTONE
[21:45:09][EntityPickupItemEvent]: PLAYER picked up COBBLESTONE
[21:45:11][EntityPickupItemEvent]: PLAYER picked up COBBLESTONE
[21:45:12][EntityPickupItemEvent]: PLAYER picked up COBBLESTONE
[21:45:12][EntityPickupItemEvent]: PLAYER picked up COBBLESTONE
[21:45:18][EntityPickupItemEvent]: PLAYER picked up COBBLESTONE
[21:45:18][EntityPickupItemEvent]: PLAYER picked up COBBLESTONE
[21:45:19][EntityPickupItemEvent]: PLAYER picked up COBBLESTONE
[21:45:20][EntityPickupItemEvent]: PLAYER picked up COBBLESTONE
[21:45:20][EntityPickupItemEvent]: PLAYER picked up COBBLESTONE
[21:45:21][EntityPickupItemEvent]: PLAYER picked up COBBLESTONE
[21:45:21][EntityPickupItemEvent]: PLAYER picked up COBBLESTONE
[21:45:22][EntityPickupItemEvent]: PLAYER picked up COBBLESTONE
[21:45:22][EntityPickupItemEvent]: PLAYER picked up COBBLESTONE
[21:45:23][EntityPickupItemEvent]: PLAYER picked up COBBLESTONE
[21:45:25][EntityPickupItemEvent]: PLAYER picked up COBBLESTONE
[21:45:25][EntityPickupItemEvent]: PLAYER picked up COBBLESTONE
[21:45:26][EntityPickupItemEvent]: PLAYER picked up COBBLESTONE
[21:45:27][EntityPickupItemEvent]: PLAYER picked up COBBLESTONE
[21:45:28][EntityPickupItemEvent]: PLAYER picked up COBBLESTONE
[21:45:29][EntityPickupItemEvent]: PLAYER picked up COBBLESTONE
[21:45:30][EntityPickupItemEvent]: PLAYER picked up COBBLESTONE
[21:45:31][EntityPickupItemEvent]: PLAYER picked up COBBLESTONE
[21:45:32][EntityPickupItemEvent]: PLAYER picked up COBBLESTONE
[21:45:33][EntityPickupItemEvent]: PLAYER picked up COBBLESTONE
[21:45:34][EntityPickupItemEvent]: PLAYER picked up COBBLESTONE
[21:45:35][EntityPickupItemEvent]: PLAYER picked up COBBLESTONE
[21:45:36][EntityPickupItemEvent]: PLAYER picked up COBBLESTONE
[21:45:37][EntityPickupItemEvent]: PLAYER picked up COBBLESTONE
[21:45:40][EntityPickupItemEvent]: PLAYER picked up COBBLESTONE
[21:45:40][EntityPickupItemEvent]: PLAYER picked up COBBLESTONE
[21:45:45][EntityPickupItemEvent]: PLAYER picked up COBBLESTONE
[21:45:47][EntityPickupItemEvent]: PLAYER picked up COAL
[21:45:52][EntityPickupItemEvent]: PLAYER picked up COAL
[21:45:55][EntityPickupItemEvent]: PLAYER picked up COAL
[21:45:55][EntityPickupItemEvent]: PLAYER picked up COAL
[21:46:02][EntityPickupItemEvent]: PLAYER picked up COAL
[21:46:09][EntityPickupItemEvent]: PLAYER picked up COAL
[21:46:10][EntityPickupItemEvent]: PLAYER picked up COAL
[21:46:11][EntityPickupItemEvent]: PLAYER picked up COAL
[21:46:13][EntityPickupItemEvent]: PLAYER picked up COAL
[21:46:17][EntityPickupItemEvent]: PLAYER picked up COAL
[21:46:29][EntityPickupItemEvent]: PLAYER picked up COAL
[21:46:31][EntityPickupItemEvent]: PLAYER picked up COAL
[21:46:32][EntityPickupItemEvent]: PLAYER picked up COAL
[21:46:42][EntityPickupItemEvent]: PLAYER picked up COBBLESTONE
[21:46:43][EntityPickupItemEvent]: PLAYER picked up COBBLESTONE
[21:46:44][EntityPickupItemEvent]: PLAYER picked up COBBLESTONE
[21:46:45][EntityPickupItemEvent]: PLAYER picked up COBBLESTONE
[21:46:46][EntityPickupItemEvent]: PLAYER picked up COBBLESTONE
[21:46:47][EntityPickupItemEvent]: PLAYER picked up COBBLESTONE
[21:46:48][EntityPickupItemEvent]: PLAYER picked up COBBLESTONE
[21:46:51][EntityPickupItemEvent]: PLAYER picked up GRANITE
[21:46:51][EntityPickupItemEvent]: PLAYER picked up COBBLESTONE
[21:46:52][EntityPickupItemEvent]: PLAYER picked up COBBLESTONE
[21:46:53][EntityPickupItemEvent]: PLAYER picked up GRANITE
[21:46:55][EntityPickupItemEvent]: PLAYER picked up COBBLESTONE
[21:46:58][EntityPickupItemEvent]: PLAYER picked up COBBLESTONE
[21:46:59][EntityPickupItemEvent]: PLAYER picked up GRANITE
[21:47:01][EntityPickupItemEvent]: PLAYER picked up GRANITE
[21:47:03][EntityPickupItemEvent]: PLAYER picked up COBBLESTONE
[21:47:03][EntityPickupItemEvent]: PLAYER picked up COBBLESTONE
[21:47:04][EntityPickupItemEvent]: PLAYER picked up GRANITE
[21:47:05][EntityPickupItemEvent]: PLAYER picked up GRANITE
[21:47:06][EntityPickupItemEvent]: PLAYER picked up GRANITE
[21:47:07][EntityPickupItemEvent]: PLAYER picked up GRANITE
[21:47:08][EntityPickupItemEvent]: PLAYER picked up GRANITE
[21:47:09][EntityPickupItemEvent]: PLAYER picked up TORCH
[21:47:10][EntityPickupItemEvent]: PLAYER picked up GRANITE
[21:47:14][EntityPickupItemEvent]: PLAYER picked up GRANITE
[21:47:15][EntityPickupItemEvent]: PLAYER picked up GRANITE
[21:47:16][EntityPickupItemEvent]: PLAYER picked up GRANITE
[21:47:17][EntityPickupItemEvent]: PLAYER picked up GRANITE
[21:47:18][EntityPickupItemEvent]: PLAYER picked up GRANITE
[21:47:19][EntityPickupItemEvent]: PLAYER picked up GRANITE
[21:47:22][EntityPickupItemEvent]: PLAYER picked up GRANITE
[21:47:22][EntityPickupItemEvent]: PLAYER picked up GRANITE
[21:47:23][EntityPickupItemEvent]: PLAYER picked up GRANITE
[21:47:25][EntityPickupItemEvent]: PLAYER picked up COBBLESTONE
[21:47:25][EntityPickupItemEvent]: PLAYER picked up GRANITE
[21:47:26][EntityPickupItemEvent]: PLAYER picked up GRANITE
[21:47:27][EntityPickupItemEvent]: PLAYER picked up GRANITE
[21:47:28][EntityPickupItemEvent]: PLAYER picked up COBBLESTONE
[21:47:28][EntityPickupItemEvent]: PLAYER picked up COBBLESTONE
[21:47:31][EntityPickupItemEvent]: PLAYER picked up GRANITE
[21:47:39][EntityPickupItemEvent]: PLAYER picked up COBBLESTONE
[21:47:40][EntityPickupItemEvent]: PLAYER picked up COBBLESTONE
[21:47:41][EntityPickupItemEvent]: PLAYER picked up COBBLESTONE
[21:47:44][EntityPickupItemEvent]: PLAYER picked up COBBLESTONE
[21:47:44][EntityPickupItemEvent]: PLAYER picked up COBBLESTONE
[21:48:03][EntityPickupItemEvent]: PLAYER picked up TORCH
