[21:24:20][BlockBreakEvent]: breaked minecraft:wheat[age=7] on [world;-300;63;512]
[21:24:20][BlockBreakEvent]: breaked minecraft:wheat[age=7] on [world;-301;63;512]
[21:24:21][BlockBreakEvent]: breaked minecraft:wheat[age=7] on [world;-302;63;512]
[21:24:22][BlockPlaceEvent]: placed minecraft:wheat[age=0] on [world;-302;63;512]
[21:24:22][BlockPlaceEvent]: placed minecraft:wheat[age=0] on [world;-301;63;512]
[21:24:23][BlockPlaceEvent]: placed minecraft:wheat[age=0] on [world;-300;63;512]
[21:24:23][BlockBreakEvent]: breaked minecraft:wheat[age=7] on [world;-300;63;511]
[21:24:24][BlockBreakEvent]: breaked minecraft:wheat[age=7] on [world;-301;63;511]
[21:24:24][BlockBreakEvent]: breaked minecraft:wheat[age=7] on [world;-302;63;511]
[21:24:25][BlockPlaceEvent]: placed minecraft:wheat[age=0] on [world;-302;63;511]
[21:24:26][BlockPlaceEvent]: placed minecraft:wheat[age=0] on [world;-301;63;511]
[21:24:26][BlockPlaceEvent]: placed minecraft:wheat[age=0] on [world;-300;63;511]
[21:24:26][BlockBreakEvent]: breaked minecraft:wheat[age=7] on [world;-300;63;510]
[21:24:27][BlockBreakEvent]: breaked minecraft:wheat[age=7] on [world;-301;63;510]
[21:24:28][BlockBreakEvent]: breaked minecraft:wheat[age=7] on [world;-302;63;510]
[21:24:28][BlockPlaceEvent]: placed minecraft:wheat[age=0] on [world;-302;63;510]
[21:24:29][BlockPlaceEvent]: placed minecraft:wheat[age=0] on [world;-301;63;510]
[21:24:29][BlockPlaceEvent]: placed minecraft:wheat[age=0] on [world;-300;63;510]
[21:24:30][BlockBreakEvent]: breaked minecraft:wheat[age=7] on [world;-300;63;509]
[21:24:30][BlockBreakEvent]: breaked minecraft:wheat[age=7] on [world;-301;63;509]
[21:24:31][BlockBreakEvent]: breaked minecraft:wheat[age=7] on [world;-302;63;509]
[21:24:32][BlockPlaceEvent]: placed minecraft:wheat[age=0] on [world;-302;63;509]
[21:24:32][BlockPlaceEvent]: placed minecraft:wheat[age=0] on [world;-301;63;509]
[21:24:32][BlockPlaceEvent]: placed minecraft:wheat[age=0] on [world;-300;63;509]
[21:24:33][BlockBreakEvent]: breaked minecraft:wheat[age=7] on [world;-300;63;508]
[21:24:33][BlockBreakEvent]: breaked minecraft:wheat[age=7] on [world;-300;63;507]
[21:24:34][BlockBreakEvent]: breaked minecraft:wheat[age=7] on [world;-301;63;508]
[21:24:34][BlockBreakEvent]: breaked minecraft:wheat[age=7] on [world;-302;63;508]
[21:24:35][BlockPlaceEvent]: placed minecraft:wheat[age=0] on [world;-302;63;508]
[21:24:36][BlockPlaceEvent]: placed minecraft:wheat[age=0] on [world;-301;63;508]
[21:24:36][BlockPlaceEvent]: placed minecraft:wheat[age=0] on [world;-300;63;507]
[21:24:37][BlockPlaceEvent]: placed minecraft:wheat[age=0] on [world;-300;63;508]
[21:24:37][BlockBreakEvent]: breaked minecraft:wheat[age=7] on [world;-301;63;507]
[21:24:38][BlockBreakEvent]: breaked minecraft:wheat[age=7] on [world;-302;63;507]
[21:24:39][BlockBreakEvent]: breaked minecraft:wheat[age=7] on [world;-302;63;506]
[21:24:39][BlockBreakEvent]: breaked minecraft:wheat[age=7] on [world;-301;63;506]
[21:24:39][BlockBreakEvent]: breaked minecraft:wheat[age=7] on [world;-301;63;505]
[21:24:40][BlockBreakEvent]: breaked minecraft:wheat[age=7] on [world;-300;63;506]
[21:24:41][BlockPlaceEvent]: placed minecraft:wheat[age=0] on [world;-301;63;505]
[21:24:41][BlockPlaceEvent]: placed minecraft:wheat[age=0] on [world;-301;63;506]
[21:24:42][BlockPlaceEvent]: placed minecraft:wheat[age=0] on [world;-300;63;506]
[21:24:42][BlockPlaceEvent]: placed minecraft:wheat[age=0] on [world;-302;63;506]
[21:24:43][BlockPlaceEvent]: placed minecraft:wheat[age=0] on [world;-302;63;507]
[21:24:43][BlockPlaceEvent]: placed minecraft:wheat[age=0] on [world;-301;63;507]
[21:24:44][BlockBreakEvent]: breaked minecraft:wheat[age=7] on [world;-300;63;505]
[21:24:45][BlockPlaceEvent]: placed minecraft:wheat[age=0] on [world;-300;63;505]
[21:24:46][BlockBreakEvent]: breaked minecraft:wheat[age=7] on [world;-302;63;505]
[21:24:47][BlockPlaceEvent]: placed minecraft:wheat[age=0] on [world;-302;63;505]
[21:24:47][BlockBreakEvent]: breaked minecraft:wheat[age=7] on [world;-302;63;504]
[21:24:48][BlockBreakEvent]: breaked minecraft:wheat[age=7] on [world;-301;63;504]
[21:24:48][BlockBreakEvent]: breaked minecraft:wheat[age=7] on [world;-300;63;504]
[21:24:48][BlockBreakEvent]: breaked minecraft:wheat[age=7] on [world;-300;63;503]
[21:24:49][BlockPlaceEvent]: placed minecraft:wheat[age=0] on [world;-300;63;503]
[21:24:50][BlockPlaceEvent]: placed minecraft:wheat[age=0] on [world;-300;63;504]
[21:24:50][BlockPlaceEvent]: placed minecraft:wheat[age=0] on [world;-301;63;504]
[21:24:50][BlockPlaceEvent]: placed minecraft:wheat[age=0] on [world;-302;63;504]
[21:24:51][BlockBreakEvent]: breaked minecraft:wheat[age=7] on [world;-302;63;503]
[21:24:51][BlockBreakEvent]: breaked minecraft:wheat[age=7] on [world;-301;63;503]
[21:24:52][BlockPlaceEvent]: placed minecraft:wheat[age=0] on [world;-301;63;503]
[21:24:52][BlockPlaceEvent]: placed minecraft:wheat[age=0] on [world;-302;63;503]
[21:24:53][BlockBreakEvent]: breaked minecraft:wheat[age=7] on [world;-302;63;502]
[21:24:53][BlockBreakEvent]: breaked minecraft:wheat[age=7] on [world;-301;63;502]
[21:24:54][BlockBreakEvent]: breaked minecraft:wheat[age=7] on [world;-300;63;502]
[21:24:56][BlockPlaceEvent]: placed minecraft:wheat[age=0] on [world;-302;63;502]
[21:24:57][BlockPlaceEvent]: placed minecraft:wheat[age=0] on [world;-301;63;502]
[21:24:57][BlockPlaceEvent]: placed minecraft:wheat[age=0] on [world;-300;63;502]
[21:24:57][BlockBreakEvent]: breaked minecraft:wheat[age=7] on [world;-300;63;501]
[21:24:58][BlockBreakEvent]: breaked minecraft:wheat[age=7] on [world;-301;63;501]
[21:24:58][BlockBreakEvent]: breaked minecraft:wheat[age=7] on [world;-302;63;501]
[21:25:00][BlockPlaceEvent]: placed minecraft:wheat[age=0] on [world;-300;63;501]
[21:25:00][BlockPlaceEvent]: placed minecraft:wheat[age=0] on [world;-301;63;501]
[21:25:00][BlockPlaceEvent]: placed minecraft:wheat[age=0] on [world;-302;63;501]
[21:25:01][BlockBreakEvent]: breaked minecraft:wheat[age=7] on [world;-302;63;500]
[21:25:01][BlockBreakEvent]: breaked minecraft:wheat[age=7] on [world;-302;63;499]
[21:25:01][BlockBreakEvent]: breaked minecraft:wheat[age=7] on [world;-301;63;500]
[21:25:01][BlockBreakEvent]: breaked minecraft:wheat[age=7] on [world;-300;63;500]
[21:25:05][BlockPlaceEvent]: placed minecraft:wheat[age=0] on [world;-300;63;500]
[21:25:05][BlockPlaceEvent]: placed minecraft:wheat[age=0] on [world;-301;63;500]
[21:25:05][BlockPlaceEvent]: placed minecraft:wheat[age=0] on [world;-302;63;500]
[21:25:06][BlockPlaceEvent]: placed minecraft:wheat[age=0] on [world;-302;63;499]
[21:25:06][BlockBreakEvent]: breaked minecraft:wheat[age=7] on [world;-301;63;499]
[21:25:06][BlockBreakEvent]: breaked minecraft:wheat[age=7] on [world;-300;63;499]
[21:25:06][BlockBreakEvent]: breaked minecraft:wheat[age=7] on [world;-300;63;498]
[21:25:08][BlockBreakEvent]: breaked minecraft:wheat[age=7] on [world;-301;63;498]
[21:25:08][BlockBreakEvent]: breaked minecraft:wheat[age=7] on [world;-302;63;498]
[21:25:09][BlockPlaceEvent]: placed minecraft:wheat[age=0] on [world;-302;63;498]
[21:25:09][BlockPlaceEvent]: placed minecraft:wheat[age=0] on [world;-301;63;498]
[21:25:09][BlockPlaceEvent]: placed minecraft:wheat[age=0] on [world;-300;63;498]
[21:25:10][BlockPlaceEvent]: placed minecraft:wheat[age=0] on [world;-300;63;499]
[21:25:10][BlockPlaceEvent]: placed minecraft:wheat[age=0] on [world;-301;63;499]
[21:25:11][BlockBreakEvent]: breaked minecraft:wheat[age=7] on [world;-302;63;497]
[21:25:12][BlockBreakEvent]: breaked minecraft:wheat[age=7] on [world;-302;63;496]
[21:25:12][BlockBreakEvent]: breaked minecraft:wheat[age=7] on [world;-302;63;495]
[21:25:12][BlockBreakEvent]: breaked minecraft:wheat[age=7] on [world;-302;63;494]
[21:25:12][BlockBreakEvent]: breaked minecraft:wheat[age=7] on [world;-302;63;493]
[21:25:12][BlockBreakEvent]: breaked minecraft:wheat[age=7] on [world;-302;63;492]
[21:25:13][BlockBreakEvent]: breaked minecraft:wheat[age=7] on [world;-302;63;491]
[21:25:13][BlockBreakEvent]: breaked minecraft:wheat[age=7] on [world;-302;63;490]
[21:25:13][BlockBreakEvent]: breaked minecraft:wheat[age=7] on [world;-302;63;489]
[21:25:14][BlockPlaceEvent]: placed minecraft:wheat[age=0] on [world;-302;63;489]
[21:25:14][BlockPlaceEvent]: placed minecraft:wheat[age=0] on [world;-302;63;490]
[21:25:15][BlockPlaceEvent]: placed minecraft:wheat[age=0] on [world;-302;63;491]
[21:25:15][BlockPlaceEvent]: placed minecraft:wheat[age=0] on [world;-302;63;492]
[21:25:15][BlockPlaceEvent]: placed minecraft:wheat[age=0] on [world;-302;63;493]
[21:25:15][BlockPlaceEvent]: placed minecraft:wheat[age=0] on [world;-302;63;494]
[21:25:16][BlockPlaceEvent]: placed minecraft:wheat[age=0] on [world;-302;63;495]
[21:25:16][BlockPlaceEvent]: placed minecraft:wheat[age=0] on [world;-302;63;496]
[21:25:16][BlockPlaceEvent]: placed minecraft:wheat[age=0] on [world;-302;63;497]
[21:25:17][BlockBreakEvent]: breaked minecraft:wheat[age=7] on [world;-301;63;497]
[21:25:17][BlockBreakEvent]: breaked minecraft:wheat[age=7] on [world;-301;63;496]
[21:25:18][BlockBreakEvent]: breaked minecraft:wheat[age=7] on [world;-301;63;495]
[21:25:18][BlockBreakEvent]: breaked minecraft:wheat[age=7] on [world;-301;63;494]
[21:25:18][BlockBreakEvent]: breaked minecraft:wheat[age=7] on [world;-301;63;493]
[21:25:18][BlockBreakEvent]: breaked minecraft:wheat[age=7] on [world;-301;63;492]
[21:25:18][BlockBreakEvent]: breaked minecraft:wheat[age=7] on [world;-301;63;491]
[21:25:18][BlockBreakEvent]: breaked minecraft:wheat[age=7] on [world;-301;63;490]
[21:25:19][BlockBreakEvent]: breaked minecraft:wheat[age=7] on [world;-301;63;489]
[21:25:20][BlockPlaceEvent]: placed minecraft:wheat[age=0] on [world;-301;63;489]
[21:25:20][BlockPlaceEvent]: placed minecraft:wheat[age=0] on [world;-301;63;490]
[21:25:20][BlockPlaceEvent]: placed minecraft:wheat[age=0] on [world;-301;63;491]
[21:25:21][BlockPlaceEvent]: placed minecraft:wheat[age=0] on [world;-301;63;492]
[21:25:21][BlockPlaceEvent]: placed minecraft:wheat[age=0] on [world;-301;63;493]
[21:25:21][BlockPlaceEvent]: placed minecraft:wheat[age=0] on [world;-301;63;494]
[21:25:21][BlockPlaceEvent]: placed minecraft:wheat[age=0] on [world;-301;63;495]
[21:25:21][BlockPlaceEvent]: placed minecraft:wheat[age=0] on [world;-301;63;496]
[21:25:22][BlockPlaceEvent]: placed minecraft:wheat[age=0] on [world;-301;63;497]
[21:25:24][BlockBreakEvent]: breaked minecraft:wheat[age=7] on [world;-300;63;497]
[21:25:24][BlockBreakEvent]: breaked minecraft:wheat[age=7] on [world;-300;63;496]
[21:25:24][BlockBreakEvent]: breaked minecraft:wheat[age=7] on [world;-300;63;495]
[21:25:24][BlockBreakEvent]: breaked minecraft:wheat[age=7] on [world;-300;63;494]
[21:25:24][BlockBreakEvent]: breaked minecraft:wheat[age=7] on [world;-300;63;493]
[21:25:24][BlockBreakEvent]: breaked minecraft:wheat[age=7] on [world;-300;63;492]
[21:25:25][BlockBreakEvent]: breaked minecraft:wheat[age=7] on [world;-300;63;491]
[21:25:25][BlockBreakEvent]: breaked minecraft:wheat[age=7] on [world;-300;63;490]
[21:25:25][BlockBreakEvent]: breaked minecraft:wheat[age=7] on [world;-300;63;489]
[21:25:26][BlockPlaceEvent]: placed minecraft:wheat[age=0] on [world;-300;63;489]
[21:25:27][BlockPlaceEvent]: placed minecraft:wheat[age=0] on [world;-300;63;490]
[21:25:27][BlockPlaceEvent]: placed minecraft:wheat[age=0] on [world;-300;63;491]
[21:25:27][BlockPlaceEvent]: placed minecraft:wheat[age=0] on [world;-300;63;492]
[21:25:27][BlockPlaceEvent]: placed minecraft:wheat[age=0] on [world;-300;63;493]
[21:25:28][BlockPlaceEvent]: placed minecraft:wheat[age=0] on [world;-300;63;494]
[21:25:28][BlockPlaceEvent]: placed minecraft:wheat[age=0] on [world;-300;63;495]
[21:25:28][BlockPlaceEvent]: placed minecraft:wheat[age=0] on [world;-300;63;496]
[21:25:28][BlockPlaceEvent]: placed minecraft:wheat[age=0] on [world;-300;63;497]
[21:25:40][BlockBreakEvent]: breaked minecraft:wheat[age=7] on [world;-304;63;512]
[21:25:40][BlockBreakEvent]: breaked minecraft:wheat[age=7] on [world;-305;63;512]
[21:25:41][BlockBreakEvent]: breaked minecraft:wheat[age=7] on [world;-306;63;512]
[21:25:42][BlockPlaceEvent]: placed minecraft:wheat[age=0] on [world;-306;63;512]
[21:25:43][BlockPlaceEvent]: placed minecraft:wheat[age=0] on [world;-305;63;512]
[21:25:43][BlockPlaceEvent]: placed minecraft:wheat[age=0] on [world;-304;63;512]
[21:25:43][BlockBreakEvent]: breaked minecraft:wheat[age=7] on [world;-304;63;511]
[21:25:44][BlockBreakEvent]: breaked minecraft:wheat[age=7] on [world;-305;63;511]
[21:25:44][BlockBreakEvent]: breaked minecraft:wheat[age=7] on [world;-306;63;511]
[21:25:46][BlockPlaceEvent]: placed minecraft:wheat[age=0] on [world;-306;63;511]
[21:25:46][BlockPlaceEvent]: placed minecraft:wheat[age=0] on [world;-305;63;511]
[21:25:46][BlockPlaceEvent]: placed minecraft:wheat[age=0] on [world;-304;63;511]
[21:25:46][BlockBreakEvent]: breaked minecraft:wheat[age=7] on [world;-304;63;510]
[21:25:47][BlockBreakEvent]: breaked minecraft:wheat[age=7] on [world;-305;63;510]
[21:25:47][BlockBreakEvent]: breaked minecraft:wheat[age=7] on [world;-306;63;510]
[21:25:48][BlockPlaceEvent]: placed minecraft:wheat[age=0] on [world;-305;63;510]
[21:25:49][BlockPlaceEvent]: placed minecraft:wheat[age=0] on [world;-306;63;510]
[21:25:50][BlockPlaceEvent]: placed minecraft:wheat[age=0] on [world;-304;63;510]
[21:25:50][BlockBreakEvent]: breaked minecraft:wheat[age=7] on [world;-304;63;509]
[21:25:51][BlockBreakEvent]: breaked minecraft:wheat[age=7] on [world;-305;63;509]
[21:25:51][BlockBreakEvent]: breaked minecraft:wheat[age=7] on [world;-306;63;509]
[21:25:52][BlockPlaceEvent]: placed minecraft:wheat[age=0] on [world;-306;63;509]
[21:25:52][BlockPlaceEvent]: placed minecraft:wheat[age=0] on [world;-305;63;509]
[21:25:53][BlockPlaceEvent]: placed minecraft:wheat[age=0] on [world;-304;63;509]
[21:25:53][BlockBreakEvent]: breaked minecraft:wheat[age=7] on [world;-304;63;508]
[21:25:54][BlockBreakEvent]: breaked minecraft:wheat[age=7] on [world;-305;63;508]
[21:25:54][BlockBreakEvent]: breaked minecraft:wheat[age=7] on [world;-306;63;508]
[21:25:55][BlockPlaceEvent]: placed minecraft:wheat[age=0] on [world;-306;63;508]
[21:25:55][BlockPlaceEvent]: placed minecraft:wheat[age=0] on [world;-305;63;508]
[21:25:55][BlockPlaceEvent]: placed minecraft:wheat[age=0] on [world;-304;63;508]
[21:25:56][BlockBreakEvent]: breaked minecraft:wheat[age=7] on [world;-304;63;507]
[21:25:56][BlockBreakEvent]: breaked minecraft:wheat[age=7] on [world;-304;63;506]
[21:25:56][BlockBreakEvent]: breaked minecraft:wheat[age=7] on [world;-305;63;507]
[21:25:57][BlockBreakEvent]: breaked minecraft:wheat[age=7] on [world;-306;63;507]
[21:25:57][BlockBreakEvent]: breaked minecraft:wheat[age=7] on [world;-306;63;506]
[21:25:58][BlockBreakEvent]: breaked minecraft:wheat[age=7] on [world;-305;63;506]
[21:25:59][BlockPlaceEvent]: placed minecraft:wheat[age=0] on [world;-305;63;506]
[21:25:59][BlockPlaceEvent]: placed minecraft:wheat[age=0] on [world;-304;63;506]
[21:25:59][BlockPlaceEvent]: placed minecraft:wheat[age=0] on [world;-304;63;507]
[21:25:59][BlockPlaceEvent]: placed minecraft:wheat[age=0] on [world;-305;63;507]
[21:26:00][BlockPlaceEvent]: placed minecraft:wheat[age=0] on [world;-306;63;507]
[21:26:00][BlockPlaceEvent]: placed minecraft:wheat[age=0] on [world;-306;63;506]
[21:26:01][BlockBreakEvent]: breaked minecraft:wheat[age=7] on [world;-306;63;505]
[21:26:01][BlockBreakEvent]: breaked minecraft:wheat[age=7] on [world;-305;63;505]
[21:26:02][BlockBreakEvent]: breaked minecraft:wheat[age=7] on [world;-304;63;505]
[21:26:02][BlockPlaceEvent]: placed minecraft:wheat[age=0] on [world;-304;63;505]
[21:26:03][BlockPlaceEvent]: placed minecraft:wheat[age=0] on [world;-305;63;505]
[21:26:03][BlockPlaceEvent]: placed minecraft:wheat[age=0] on [world;-306;63;505]
[21:26:04][BlockBreakEvent]: breaked minecraft:wheat[age=7] on [world;-306;63;504]
[21:26:04][BlockBreakEvent]: breaked minecraft:wheat[age=7] on [world;-305;63;504]
[21:26:04][BlockBreakEvent]: breaked minecraft:wheat[age=7] on [world;-304;63;504]
[21:26:05][BlockPlaceEvent]: placed minecraft:wheat[age=0] on [world;-304;63;504]
[21:26:06][BlockPlaceEvent]: placed minecraft:wheat[age=0] on [world;-305;63;504]
[21:26:06][BlockPlaceEvent]: placed minecraft:wheat[age=0] on [world;-306;63;504]
[21:26:07][BlockBreakEvent]: breaked minecraft:wheat[age=7] on [world;-306;63;503]
[21:26:07][BlockBreakEvent]: breaked minecraft:wheat[age=7] on [world;-306;63;502]
[21:26:07][BlockBreakEvent]: breaked minecraft:wheat[age=7] on [world;-305;63;503]
[21:26:07][BlockBreakEvent]: breaked minecraft:wheat[age=7] on [world;-304;63;503]
[21:26:08][BlockPlaceEvent]: placed minecraft:wheat[age=0] on [world;-304;63;503]
[21:26:09][BlockPlaceEvent]: placed minecraft:wheat[age=0] on [world;-305;63;503]
[21:26:09][BlockPlaceEvent]: placed minecraft:wheat[age=0] on [world;-306;63;503]
[21:26:09][BlockPlaceEvent]: placed minecraft:wheat[age=0] on [world;-306;63;502]
[21:26:10][BlockBreakEvent]: breaked minecraft:wheat[age=7] on [world;-305;63;502]
[21:26:10][BlockBreakEvent]: breaked minecraft:wheat[age=7] on [world;-304;63;502]
[21:26:11][BlockBreakEvent]: breaked minecraft:wheat[age=7] on [world;-304;63;501]
[21:26:11][BlockBreakEvent]: breaked minecraft:wheat[age=7] on [world;-304;63;500]
[21:26:11][BlockBreakEvent]: breaked minecraft:wheat[age=7] on [world;-305;63;501]
[21:26:11][BlockBreakEvent]: breaked minecraft:wheat[age=7] on [world;-305;63;500]
[21:26:11][BlockBreakEvent]: breaked minecraft:wheat[age=7] on [world;-306;63;501]
[21:26:13][BlockPlaceEvent]: placed minecraft:wheat[age=0] on [world;-305;63;500]
[21:26:13][BlockPlaceEvent]: placed minecraft:wheat[age=0] on [world;-305;63;501]
[21:26:13][BlockPlaceEvent]: placed minecraft:wheat[age=0] on [world;-306;63;501]
[21:26:14][BlockPlaceEvent]: placed minecraft:wheat[age=0] on [world;-305;63;502]
[21:26:14][BlockPlaceEvent]: placed minecraft:wheat[age=0] on [world;-304;63;502]
[21:26:14][BlockPlaceEvent]: placed minecraft:wheat[age=0] on [world;-304;63;501]
[21:26:15][BlockPlaceEvent]: placed minecraft:wheat[age=0] on [world;-304;63;500]
[21:26:17][BlockBreakEvent]: breaked minecraft:wheat[age=7] on [world;-304;63;499]
[21:26:17][BlockBreakEvent]: breaked minecraft:wheat[age=7] on [world;-305;63;499]
[21:26:17][BlockBreakEvent]: breaked minecraft:wheat[age=7] on [world;-306;63;500]
[21:26:17][BlockBreakEvent]: breaked minecraft:wheat[age=7] on [world;-306;63;499]
[21:26:19][BlockPlaceEvent]: placed minecraft:wheat[age=0] on [world;-306;63;499]
[21:26:19][BlockPlaceEvent]: placed minecraft:wheat[age=0] on [world;-306;63;500]
[21:26:19][BlockPlaceEvent]: placed minecraft:wheat[age=0] on [world;-305;63;499]
[21:26:20][BlockPlaceEvent]: placed minecraft:wheat[age=0] on [world;-304;63;499]
[21:26:22][BlockBreakEvent]: breaked minecraft:wheat[age=7] on [world;-305;63;498]
[21:26:22][BlockBreakEvent]: breaked minecraft:wheat[age=7] on [world;-306;63;498]
[21:26:23][BlockBreakEvent]: breaked minecraft:wheat[age=7] on [world;-304;63;498]
[21:26:23][BlockBreakEvent]: breaked minecraft:wheat[age=7] on [world;-304;63;497]
[21:26:24][BlockPlaceEvent]: placed minecraft:wheat[age=0] on [world;-304;63;497]
[21:26:24][BlockPlaceEvent]: placed minecraft:wheat[age=0] on [world;-304;63;498]
[21:26:25][BlockPlaceEvent]: placed minecraft:wheat[age=0] on [world;-305;63;498]
[21:26:25][BlockPlaceEvent]: placed minecraft:wheat[age=0] on [world;-306;63;498]
[21:26:26][BlockBreakEvent]: breaked minecraft:wheat[age=7] on [world;-306;63;497]
[21:26:26][BlockBreakEvent]: breaked minecraft:wheat[age=7] on [world;-306;63;496]
[21:26:26][BlockBreakEvent]: breaked minecraft:wheat[age=7] on [world;-305;63;497]
[21:26:26][BlockBreakEvent]: breaked minecraft:wheat[age=7] on [world;-305;63;496]
[21:26:34][BlockPlaceEvent]: placed minecraft:wheat[age=0] on [world;-306;63;496]
[21:26:35][BlockPlaceEvent]: placed minecraft:wheat[age=0] on [world;-305;63;496]
[21:26:35][BlockPlaceEvent]: placed minecraft:wheat[age=0] on [world;-306;63;497]
[21:26:36][BlockPlaceEvent]: placed minecraft:wheat[age=0] on [world;-305;63;497]
[21:26:36][BlockBreakEvent]: breaked minecraft:wheat[age=7] on [world;-304;63;496]
[21:26:36][BlockBreakEvent]: breaked minecraft:wheat[age=7] on [world;-304;63;495]
[21:26:37][BlockBreakEvent]: breaked minecraft:wheat[age=7] on [world;-304;63;494]
[21:26:37][BlockBreakEvent]: breaked minecraft:wheat[age=7] on [world;-304;63;493]
[21:26:37][BlockBreakEvent]: breaked minecraft:wheat[age=7] on [world;-304;63;492]
[21:26:37][BlockBreakEvent]: breaked minecraft:wheat[age=7] on [world;-304;63;491]
[21:26:37][BlockBreakEvent]: breaked minecraft:wheat[age=7] on [world;-304;63;490]
[21:26:38][BlockBreakEvent]: breaked minecraft:wheat[age=7] on [world;-304;63;489]
[21:26:43][BlockPlaceEvent]: placed minecraft:wheat[age=0] on [world;-304;63;489]
[21:26:43][BlockPlaceEvent]: placed minecraft:wheat[age=0] on [world;-304;63;490]
[21:26:44][BlockPlaceEvent]: placed minecraft:wheat[age=0] on [world;-304;63;491]
[21:26:44][BlockPlaceEvent]: placed minecraft:wheat[age=0] on [world;-304;63;492]
[21:26:44][BlockPlaceEvent]: placed minecraft:wheat[age=0] on [world;-304;63;493]
[21:26:44][BlockPlaceEvent]: placed minecraft:wheat[age=0] on [world;-304;63;494]
[21:26:44][BlockPlaceEvent]: placed minecraft:wheat[age=0] on [world;-304;63;495]
[21:26:45][BlockPlaceEvent]: placed minecraft:wheat[age=0] on [world;-304;63;496]
[21:26:47][BlockBreakEvent]: breaked minecraft:wheat[age=7] on [world;-305;63;495]
[21:26:48][BlockBreakEvent]: breaked minecraft:wheat[age=7] on [world;-305;63;493]
[21:26:48][BlockBreakEvent]: breaked minecraft:wheat[age=7] on [world;-305;63;492]
[21:26:48][BlockBreakEvent]: breaked minecraft:wheat[age=7] on [world;-305;63;491]
[21:26:48][BlockBreakEvent]: breaked minecraft:wheat[age=7] on [world;-305;63;490]
[21:26:48][BlockBreakEvent]: breaked minecraft:wheat[age=7] on [world;-305;63;489]
[21:26:49][BlockPlaceEvent]: placed minecraft:wheat[age=0] on [world;-305;63;489]
[21:26:50][BlockPlaceEvent]: placed minecraft:wheat[age=0] on [world;-305;63;490]
[21:26:50][BlockPlaceEvent]: placed minecraft:wheat[age=0] on [world;-305;63;491]
[21:26:50][BlockPlaceEvent]: placed minecraft:wheat[age=0] on [world;-305;63;492]
[21:26:50][BlockPlaceEvent]: placed minecraft:wheat[age=0] on [world;-305;63;493]
[21:26:51][BlockPlaceEvent]: placed minecraft:wheat[age=0] on [world;-305;63;495]
[21:26:53][BlockBreakEvent]: breaked minecraft:wheat[age=7] on [world;-305;63;494]
[21:26:53][BlockBreakEvent]: breaked minecraft:wheat[age=0] on [world;-305;63;493]
[21:26:55][BlockPlaceEvent]: placed minecraft:wheat[age=0] on [world;-305;63;494]
[21:26:55][BlockPlaceEvent]: placed minecraft:wheat[age=0] on [world;-305;63;493]
[21:26:59][BlockBreakEvent]: breaked minecraft:wheat[age=7] on [world;-306;63;495]
[21:26:59][BlockBreakEvent]: breaked minecraft:wheat[age=7] on [world;-306;63;494]
[21:26:59][BlockBreakEvent]: breaked minecraft:wheat[age=7] on [world;-306;63;493]
[21:26:59][BlockBreakEvent]: breaked minecraft:wheat[age=7] on [world;-306;63;492]
[21:27:00][BlockBreakEvent]: breaked minecraft:wheat[age=7] on [world;-306;63;491]
[21:27:00][BlockBreakEvent]: breaked minecraft:wheat[age=7] on [world;-306;63;490]
[21:27:00][BlockBreakEvent]: breaked minecraft:wheat[age=7] on [world;-306;63;489]
[21:27:01][BlockPlaceEvent]: placed minecraft:wheat[age=0] on [world;-306;63;489]
[21:27:01][BlockPlaceEvent]: placed minecraft:wheat[age=0] on [world;-306;63;490]
[21:27:02][BlockPlaceEvent]: placed minecraft:wheat[age=0] on [world;-306;63;491]
[21:27:02][BlockPlaceEvent]: placed minecraft:wheat[age=0] on [world;-306;63;492]
[21:27:03][BlockPlaceEvent]: placed minecraft:wheat[age=0] on [world;-306;63;493]
[21:27:03][BlockPlaceEvent]: placed minecraft:wheat[age=0] on [world;-306;63;494]
[21:27:03][BlockPlaceEvent]: placed minecraft:wheat[age=0] on [world;-306;63;495]
[21:29:18][BlockBreakEvent]: breaked minecraft:torch on [world;-310;67;536]
[21:29:21][BlockPlaceEvent]: placed minecraft:torch on [world;-310;67;536]
[21:32:04][BlockBreakEvent]: breaked minecraft:birch_log[axis=y] on [world;-287;69;549]
[21:37:20][BlockBreakEvent]: breaked minecraft:birch_log[axis=y] on [world;-287;68;549]
[21:37:24][BlockBreakEvent]: breaked minecraft:birch_log[axis=y] on [world;-287;70;549]
[21:37:27][BlockBreakEvent]: breaked minecraft:birch_log[axis=y] on [world;-287;71;549]
[21:37:31][BlockBreakEvent]: breaked minecraft:birch_log[axis=y] on [world;-287;72;549]
[21:37:34][BlockBreakEvent]: breaked minecraft:birch_log[axis=y] on [world;-287;73;549]
[21:37:37][BlockBreakEvent]: breaked minecraft:birch_log[axis=y] on [world;-287;74;549]
[21:38:16][BlockPlaceEvent]: placed minecraft:crafting_table on [world;-340;22;544]
[21:38:32][BlockBreakEvent]: breaked minecraft:stone on [world;-340;24;551]
[21:38:34][BlockBreakEvent]: breaked minecraft:stone on [world;-340;23;551]
[21:38:35][BlockBreakEvent]: breaked minecraft:stone on [world;-340;24;552]
[21:38:37][BlockBreakEvent]: breaked minecraft:stone on [world;-340;23;552]
[21:38:38][BlockBreakEvent]: breaked minecraft:stone on [world;-340;24;553]
[21:38:40][BlockBreakEvent]: breaked minecraft:stone on [world;-340;23;553]
[21:38:41][BlockBreakEvent]: breaked minecraft:stone on [world;-340;24;554]
[21:38:43][BlockBreakEvent]: breaked minecraft:stone on [world;-340;23;554]
[21:38:44][BlockBreakEvent]: breaked minecraft:stone on [world;-340;24;555]
[21:38:45][BlockBreakEvent]: breaked minecraft:stone on [world;-340;23;555]
[21:38:45][BlockBreakEvent]: breaked minecraft:stone on [world;-340;23;556]
[21:38:46][BlockBreakEvent]: breaked minecraft:stone on [world;-340;24;556]
[21:38:46][BlockBreakEvent]: breaked minecraft:stone on [world;-340;24;557]
[21:38:47][BlockBreakEvent]: breaked minecraft:stone on [world;-340;23;557]
[21:38:47][BlockBreakEvent]: breaked minecraft:stone on [world;-340;24;558]
[21:38:48][BlockBreakEvent]: breaked minecraft:stone on [world;-340;23;558]
[21:38:48][BlockBreakEvent]: breaked minecraft:stone on [world;-340;24;559]
[21:38:49][BlockBreakEvent]: breaked minecraft:stone on [world;-340;23;559]
[21:38:50][BlockBreakEvent]: breaked minecraft:stone on [world;-340;24;560]
[21:38:51][BlockBreakEvent]: breaked minecraft:stone on [world;-340;23;560]
[21:38:53][BlockBreakEvent]: breaked minecraft:stone on [world;-340;24;561]
[21:38:54][BlockBreakEvent]: breaked minecraft:stone on [world;-340;23;561]
[21:38:56][BlockBreakEvent]: breaked minecraft:stone on [world;-340;23;562]
[21:38:57][BlockBreakEvent]: breaked minecraft:stone on [world;-340;23;563]
[21:38:59][BlockBreakEvent]: breaked minecraft:stone on [world;-340;24;562]
[21:39:00][BlockBreakEvent]: breaked minecraft:stone on [world;-340;24;563]
[21:39:31][BlockBreakEvent]: breaked minecraft:stone on [world;-340;24;564]
[21:39:31][BlockBreakEvent]: breaked minecraft:stone on [world;-339;24;563]
[21:39:32][BlockBreakEvent]: breaked minecraft:stone on [world;-339;23;563]
[21:39:33][BlockBreakEvent]: breaked minecraft:stone on [world;-339;24;564]
[21:39:34][BlockBreakEvent]: breaked minecraft:stone on [world;-339;23;564]
[21:39:36][BlockBreakEvent]: breaked minecraft:stone on [world;-338;24;564]
[21:39:37][BlockBreakEvent]: breaked minecraft:stone on [world;-338;23;564]
[21:39:38][BlockBreakEvent]: breaked minecraft:stone on [world;-338;24;563]
[21:39:39][BlockBreakEvent]: breaked minecraft:stone on [world;-338;23;563]
[21:39:40][BlockBreakEvent]: breaked minecraft:stone on [world;-337;24;563]
[21:39:41][BlockBreakEvent]: breaked minecraft:andesite on [world;-337;23;563]
[21:39:41][BlockBreakEvent]: breaked minecraft:andesite on [world;-337;23;564]
[21:39:42][BlockBreakEvent]: breaked minecraft:stone on [world;-337;24;564]
[21:39:43][BlockBreakEvent]: breaked minecraft:stone on [world;-336;24;564]
[21:39:44][BlockBreakEvent]: breaked minecraft:andesite on [world;-336;23;564]
[21:39:45][BlockBreakEvent]: breaked minecraft:stone on [world;-336;24;563]
[21:39:46][BlockBreakEvent]: breaked minecraft:andesite on [world;-336;23;563]
[21:39:47][BlockBreakEvent]: breaked minecraft:andesite on [world;-335;23;563]
[21:39:54][BlockBreakEvent]: breaked minecraft:stone on [world;-338;24;565]
[21:39:54][BlockBreakEvent]: breaked minecraft:stone on [world;-338;23;565]
[21:39:55][BlockBreakEvent]: breaked minecraft:stone on [world;-338;24;566]
[21:39:56][BlockBreakEvent]: breaked minecraft:stone on [world;-338;23;566]
[21:40:11][BlockBreakEvent]: breaked minecraft:stone on [world;-357;12;531]
[21:40:11][BlockBreakEvent]: breaked minecraft:stone on [world;-357;11;531]
[21:40:13][BlockBreakEvent]: breaked minecraft:iron_ore on [world;-357;13;531]
[21:40:14][BlockBreakEvent]: breaked minecraft:iron_ore on [world;-357;14;531]
[21:40:16][BlockBreakEvent]: breaked minecraft:iron_ore on [world;-357;14;532]
[21:40:17][BlockBreakEvent]: breaked minecraft:stone on [world;-357;13;532]
[21:40:18][BlockBreakEvent]: breaked minecraft:stone on [world;-358;13;531]
[21:40:20][BlockBreakEvent]: breaked minecraft:iron_ore on [world;-358;14;531]
[21:40:21][BlockBreakEvent]: breaked minecraft:stone on [world;-358;13;532]
[21:40:22][BlockBreakEvent]: breaked minecraft:iron_ore on [world;-358;14;532]
[21:40:24][BlockBreakEvent]: breaked minecraft:stone on [world;-359;13;532]
[21:40:25][BlockBreakEvent]: breaked minecraft:iron_ore on [world;-359;14;532]
[21:40:27][BlockBreakEvent]: breaked minecraft:iron_ore on [world;-358;15;532]
[21:40:45][BlockBreakEvent]: breaked minecraft:stone on [world;-365;12;534]
[21:40:46][BlockBreakEvent]: breaked minecraft:stone on [world;-365;11;534]
[21:40:47][BlockBreakEvent]: breaked minecraft:stone on [world;-366;12;534]
[21:40:48][BlockBreakEvent]: breaked minecraft:stone on [world;-366;11;534]
[21:40:49][BlockBreakEvent]: breaked minecraft:stone on [world;-367;12;534]
[21:40:50][BlockBreakEvent]: breaked minecraft:stone on [world;-367;11;534]
[21:40:51][BlockBreakEvent]: breaked minecraft:stone on [world;-368;12;534]
[21:40:52][BlockBreakEvent]: breaked minecraft:stone on [world;-368;11;534]
[21:40:53][BlockBreakEvent]: breaked minecraft:stone on [world;-367;12;535]
[21:40:54][BlockBreakEvent]: breaked minecraft:stone on [world;-367;11;535]
[21:40:55][BlockBreakEvent]: breaked minecraft:stone on [world;-367;12;536]
[21:40:56][BlockBreakEvent]: breaked minecraft:stone on [world;-367;11;536]
[21:40:57][BlockBreakEvent]: breaked minecraft:stone on [world;-366;12;536]
[21:40:58][BlockBreakEvent]: breaked minecraft:stone on [world;-366;11;536]
[21:40:59][BlockBreakEvent]: breaked minecraft:stone on [world;-366;12;535]
[21:41:00][BlockBreakEvent]: breaked minecraft:stone on [world;-366;11;535]
[21:41:03][BlockBreakEvent]: breaked minecraft:stone on [world;-369;12;540]
[21:41:04][BlockBreakEvent]: breaked minecraft:stone on [world;-369;11;540]
[21:41:05][BlockBreakEvent]: breaked minecraft:stone on [world;-370;12;540]
[21:41:06][BlockBreakEvent]: breaked minecraft:stone on [world;-370;11;540]
[21:41:07][BlockBreakEvent]: breaked minecraft:stone on [world;-371;12;540]
[21:41:07][BlockBreakEvent]: breaked minecraft:stone on [world;-371;11;540]
[21:41:08][BlockBreakEvent]: breaked minecraft:stone on [world;-372;12;540]
[21:41:09][BlockBreakEvent]: breaked minecraft:stone on [world;-372;11;540]
[21:41:26][BlockBreakEvent]: breaked minecraft:stone on [world;-365;12;546]
[21:41:28][BlockBreakEvent]: breaked minecraft:stone on [world;-365;11;546]
[21:41:29][BlockBreakEvent]: breaked minecraft:stone on [world;-365;12;545]
[21:41:30][BlockBreakEvent]: breaked minecraft:stone on [world;-365;11;545]
[21:41:31][BlockBreakEvent]: breaked minecraft:stone on [world;-365;12;544]
[21:41:32][BlockBreakEvent]: breaked minecraft:stone on [world;-365;11;544]
[21:41:33][BlockBreakEvent]: breaked minecraft:stone on [world;-365;12;543]
[21:41:34][BlockBreakEvent]: breaked minecraft:stone on [world;-365;11;543]
[21:41:34][BlockBreakEvent]: breaked minecraft:stone on [world;-365;12;542]
[21:41:35][BlockBreakEvent]: breaked minecraft:stone on [world;-365;11;542]
[21:41:37][BlockBreakEvent]: breaked minecraft:stone on [world;-365;12;541]
[21:41:38][BlockBreakEvent]: breaked minecraft:stone on [world;-365;11;541]
[21:41:39][BlockBreakEvent]: breaked minecraft:stone on [world;-365;13;541]
[21:41:40][BlockBreakEvent]: breaked minecraft:stone on [world;-365;13;542]
[21:41:41][BlockBreakEvent]: breaked minecraft:stone on [world;-365;13;543]
[21:41:42][BlockBreakEvent]: breaked minecraft:stone on [world;-365;13;544]
[21:41:43][BlockBreakEvent]: breaked minecraft:stone on [world;-365;13;545]
[21:41:52][BlockBreakEvent]: breaked minecraft:stone on [world;-365;13;546]
[21:41:53][BlockBreakEvent]: breaked minecraft:stone on [world;-365;13;547]
[21:41:54][BlockBreakEvent]: breaked minecraft:stone on [world;-365;13;548]
[21:41:55][BlockBreakEvent]: breaked minecraft:stone on [world;-365;13;549]
[21:41:56][BlockBreakEvent]: breaked minecraft:stone on [world;-365;13;550]
[21:41:57][BlockBreakEvent]: breaked minecraft:stone on [world;-364;12;551]
[21:41:58][BlockBreakEvent]: breaked minecraft:stone on [world;-364;11;551]
[21:41:59][BlockBreakEvent]: breaked minecraft:stone on [world;-365;12;551]
[21:42:00][BlockBreakEvent]: breaked minecraft:stone on [world;-365;11;551]
[21:42:01][BlockBreakEvent]: breaked minecraft:stone on [world;-366;12;546]
[21:42:02][BlockBreakEvent]: breaked minecraft:stone on [world;-366;11;546]
[21:42:03][BlockBreakEvent]: breaked minecraft:stone on [world;-366;12;545]
[21:42:04][BlockBreakEvent]: breaked minecraft:stone on [world;-366;11;545]
[21:42:33][BlockBreakEvent]: breaked minecraft:stone on [world;-366;12;544]
[21:42:34][BlockBreakEvent]: breaked minecraft:stone on [world;-366;11;544]
[21:42:35][BlockBreakEvent]: breaked minecraft:stone on [world;-366;13;544]
[21:42:36][BlockBreakEvent]: breaked minecraft:stone on [world;-366;13;545]
[21:42:37][BlockBreakEvent]: breaked minecraft:stone on [world;-366;13;546]
[21:42:37][BlockBreakEvent]: breaked minecraft:stone on [world;-366;13;547]
[21:42:38][BlockBreakEvent]: breaked minecraft:stone on [world;-366;13;548]
[21:42:39][BlockBreakEvent]: breaked minecraft:stone on [world;-366;13;549]
[21:42:40][BlockBreakEvent]: breaked minecraft:stone on [world;-366;13;550]
[21:42:41][BlockBreakEvent]: breaked minecraft:stone on [world;-367;13;549]
[21:42:42][BlockBreakEvent]: breaked minecraft:stone on [world;-367;13;548]
[21:42:44][BlockBreakEvent]: breaked minecraft:stone on [world;-367;13;547]
[21:43:42][BlockBreakEvent]: breaked minecraft:stone on [world;-348;18;551]
[21:43:42][BlockBreakEvent]: breaked minecraft:stone on [world;-348;17;551]
[21:43:43][BlockBreakEvent]: breaked minecraft:stone on [world;-349;17;551]
[21:43:44][BlockBreakEvent]: breaked minecraft:stone on [world;-349;18;551]
[21:43:45][BlockBreakEvent]: breaked minecraft:stone on [world;-349;18;552]
[21:43:46][BlockBreakEvent]: breaked minecraft:stone on [world;-349;17;552]
[21:43:47][BlockBreakEvent]: breaked minecraft:stone on [world;-348;18;552]
[21:43:48][BlockBreakEvent]: breaked minecraft:stone on [world;-348;17;552]
[21:43:49][BlockBreakEvent]: breaked minecraft:stone on [world;-348;18;553]
[21:43:50][BlockBreakEvent]: breaked minecraft:stone on [world;-348;17;553]
[21:43:51][BlockBreakEvent]: breaked minecraft:stone on [world;-349;18;553]
[21:43:52][BlockBreakEvent]: breaked minecraft:cobblestone on [world;-349;19;553]
[21:43:54][BlockBreakEvent]: breaked minecraft:stone on [world;-349;17;553]
[21:43:55][BlockBreakEvent]: breaked minecraft:stone on [world;-349;18;554]
[21:43:55][BlockBreakEvent]: breaked minecraft:stone on [world;-349;17;554]
[21:43:56][BlockBreakEvent]: breaked minecraft:stone on [world;-348;18;554]
[21:43:56][BlockBreakEvent]: breaked minecraft:stone on [world;-348;17;554]
[21:43:57][BlockBreakEvent]: breaked minecraft:stone on [world;-348;18;555]
[21:43:57][BlockBreakEvent]: breaked minecraft:stone on [world;-348;17;555]
[21:43:58][BlockBreakEvent]: breaked minecraft:stone on [world;-349;18;555]
[21:43:58][BlockBreakEvent]: breaked minecraft:stone on [world;-349;17;555]
[21:43:58][BlockBreakEvent]: breaked minecraft:stone on [world;-349;18;556]
[21:43:59][BlockBreakEvent]: breaked minecraft:stone on [world;-349;17;556]
[21:44:43][BlockBreakEvent]: breaked minecraft:stone on [world;-348;18;556]
[21:44:44][BlockBreakEvent]: breaked minecraft:stone on [world;-348;17;556]
[21:44:45][BlockBreakEvent]: breaked minecraft:stone on [world;-348;18;557]
[21:44:46][BlockBreakEvent]: breaked minecraft:stone on [world;-348;17;557]
[21:44:47][BlockBreakEvent]: breaked minecraft:stone on [world;-349;18;557]
[21:44:48][BlockBreakEvent]: breaked minecraft:stone on [world;-349;17;557]
[21:44:49][BlockBreakEvent]: breaked minecraft:stone on [world;-349;18;558]
[21:44:50][BlockBreakEvent]: breaked minecraft:stone on [world;-349;17;558]
[21:44:51][BlockBreakEvent]: breaked minecraft:stone on [world;-348;18;558]
[21:44:52][BlockBreakEvent]: breaked minecraft:stone on [world;-348;17;558]
[21:44:53][BlockBreakEvent]: breaked minecraft:stone on [world;-348;18;559]
[21:44:53][BlockBreakEvent]: breaked minecraft:stone on [world;-349;18;559]
[21:44:54][BlockBreakEvent]: breaked minecraft:stone on [world;-349;17;559]
[21:44:56][BlockBreakEvent]: breaked minecraft:gravel on [world;-348;17;559]
[21:44:57][BlockBreakEvent]: breaked minecraft:stone on [world;-348;18;560]
[21:44:58][BlockBreakEvent]: breaked minecraft:stone on [world;-348;17;560]
[21:44:59][BlockBreakEvent]: breaked minecraft:stone on [world;-349;18;560]
[21:44:59][BlockBreakEvent]: breaked minecraft:stone on [world;-349;17;560]
[21:45:00][BlockBreakEvent]: breaked minecraft:stone on [world;-349;17;561]
[21:45:01][BlockBreakEvent]: breaked minecraft:stone on [world;-349;18;561]
[21:45:02][BlockBreakEvent]: breaked minecraft:stone on [world;-348;18;561]
[21:45:03][BlockBreakEvent]: breaked minecraft:stone on [world;-348;17;561]
[21:45:04][BlockBreakEvent]: breaked minecraft:stone on [world;-348;18;562]
[21:45:05][BlockBreakEvent]: breaked minecraft:stone on [world;-348;17;562]
[21:45:06][BlockBreakEvent]: breaked minecraft:stone on [world;-349;18;562]
[21:45:07][BlockBreakEvent]: breaked minecraft:stone on [world;-349;17;562]
[21:45:08][BlockBreakEvent]: breaked minecraft:stone on [world;-349;18;563]
[21:45:09][BlockBreakEvent]: breaked minecraft:stone on [world;-349;17;563]
[21:45:09][BlockBreakEvent]: breaked minecraft:stone on [world;-349;17;564]
[21:45:11][BlockBreakEvent]: breaked minecraft:stone on [world;-348;17;563]
[21:45:12][BlockBreakEvent]: breaked minecraft:stone on [world;-348;18;563]
[21:45:15][BlockPlaceEvent]: placed minecraft:wall_torch[facing=west] on [world;-348;18;561]
[21:45:16][BlockBreakEvent]: breaked minecraft:stone on [world;-349;18;564]
[21:45:17][BlockBreakEvent]: breaked minecraft:stone on [world;-348;18;564]
[21:45:18][BlockBreakEvent]: breaked minecraft:stone on [world;-348;17;564]
[21:45:19][BlockBreakEvent]: breaked minecraft:stone on [world;-348;18;565]
[21:45:20][BlockBreakEvent]: breaked minecraft:stone on [world;-348;17;565]
[21:45:21][BlockBreakEvent]: breaked minecraft:stone on [world;-349;18;565]
[21:45:22][BlockBreakEvent]: breaked minecraft:stone on [world;-349;17;565]
[21:45:23][BlockBreakEvent]: breaked minecraft:stone on [world;-349;18;566]
[21:45:24][BlockBreakEvent]: breaked minecraft:stone on [world;-349;17;566]
[21:45:24][BlockBreakEvent]: breaked minecraft:stone on [world;-348;18;566]
[21:45:25][BlockBreakEvent]: breaked minecraft:stone on [world;-348;17;566]
[21:45:26][BlockBreakEvent]: breaked minecraft:stone on [world;-348;18;567]
[21:45:27][BlockBreakEvent]: breaked minecraft:stone on [world;-348;17;567]
[21:45:28][BlockBreakEvent]: breaked minecraft:stone on [world;-349;17;567]
[21:45:29][BlockBreakEvent]: breaked minecraft:stone on [world;-349;18;567]
[21:45:30][BlockBreakEvent]: breaked minecraft:stone on [world;-349;18;568]
[21:45:31][BlockBreakEvent]: breaked minecraft:stone on [world;-349;17;568]
[21:45:32][BlockBreakEvent]: breaked minecraft:stone on [world;-348;18;568]
[21:45:33][BlockBreakEvent]: breaked minecraft:stone on [world;-348;17;568]
[21:45:33][BlockBreakEvent]: breaked minecraft:stone on [world;-348;18;569]
[21:45:34][BlockBreakEvent]: breaked minecraft:stone on [world;-348;17;569]
[21:45:35][BlockBreakEvent]: breaked minecraft:stone on [world;-349;18;569]
[21:45:36][BlockBreakEvent]: breaked minecraft:stone on [world;-349;17;569]
[21:45:37][BlockBreakEvent]: breaked minecraft:stone on [world;-349;18;570]
[21:45:38][BlockBreakEvent]: breaked minecraft:stone on [world;-349;17;570]
[21:45:39][BlockBreakEvent]: breaked minecraft:stone on [world;-348;17;570]
[21:45:40][BlockBreakEvent]: breaked minecraft:stone on [world;-348;18;570]
[21:45:41][BlockBreakEvent]: breaked minecraft:stone on [world;-348;18;571]
[21:45:42][BlockBreakEvent]: breaked minecraft:stone on [world;-348;17;571]
[21:45:43][BlockBreakEvent]: breaked minecraft:stone on [world;-349;18;571]
[21:45:43][BlockBreakEvent]: breaked minecraft:stone on [world;-349;17;571]
[21:45:45][BlockPlaceEvent]: placed minecraft:wall_torch[facing=east] on [world;-349;18;569]
[21:45:47][BlockBreakEvent]: breaked minecraft:coal_ore on [world;-348;19;571]
[21:45:48][BlockBreakEvent]: breaked minecraft:coal_ore on [world;-348;18;572]
[21:45:50][BlockBreakEvent]: breaked minecraft:coal_ore on [world;-348;19;572]
[21:45:51][BlockBreakEvent]: breaked minecraft:coal_ore on [world;-347;19;571]
[21:45:53][BlockBreakEvent]: breaked minecraft:coal_ore on [world;-347;18;572]
[21:45:54][BlockBreakEvent]: breaked minecraft:coal_ore on [world;-347;19;572]
[21:45:56][BlockBreakEvent]: breaked minecraft:coal_ore on [world;-348;19;573]
[21:45:58][BlockBreakEvent]: breaked minecraft:coal_ore on [world;-348;20;572]
[21:45:59][BlockBreakEvent]: breaked minecraft:coal_ore on [world;-347;19;573]
[21:46:01][BlockBreakEvent]: breaked minecraft:coal_ore on [world;-347;20;572]
[21:46:02][BlockBreakEvent]: breaked minecraft:coal_ore on [world;-347;20;573]
[21:46:04][BlockBreakEvent]: breaked minecraft:coal_ore on [world;-346;19;573]
[21:46:06][BlockBreakEvent]: breaked minecraft:coal_ore on [world;-346;20;573]
[21:46:07][BlockBreakEvent]: breaked minecraft:coal_ore on [world;-346;20;572]
[21:46:08][BlockBreakEvent]: breaked minecraft:coal_ore on [world;-346;19;572]
[21:46:11][BlockBreakEvent]: breaked minecraft:coal_ore on [world;-345;19;573]
[21:46:12][BlockBreakEvent]: breaked minecraft:coal_ore on [world;-345;20;573]
[21:46:15][BlockBreakEvent]: breaked minecraft:coal_ore on [world;-345;20;574]
[21:46:17][BlockBreakEvent]: breaked minecraft:coal_ore on [world;-346;20;574]
[21:46:29][BlockBreakEvent]: breaked minecraft:coal_ore on [world;-345;20;572]
[21:46:30][BlockBreakEvent]: breaked minecraft:coal_ore on [world;-345;21;573]
[21:46:32][BlockBreakEvent]: breaked minecraft:coal_ore on [world;-346;21;573]
[21:46:38][BlockPlaceEvent]: placed minecraft:cobblestone on [world;-348;19;573]
[21:46:39][BlockPlaceEvent]: placed minecraft:cobblestone on [world;-348;19;572]
[21:46:39][BlockPlaceEvent]: placed minecraft:cobblestone on [world;-348;19;571]
[21:46:40][BlockPlaceEvent]: placed minecraft:cobblestone on [world;-347;18;572]
[21:46:42][BlockBreakEvent]: breaked minecraft:stone on [world;-348;17;572]
[21:46:43][BlockBreakEvent]: breaked minecraft:stone on [world;-348;18;573]
[21:46:44][BlockBreakEvent]: breaked minecraft:stone on [world;-348;17;573]
[21:46:45][BlockBreakEvent]: breaked minecraft:stone on [world;-349;18;572]
[21:46:46][BlockBreakEvent]: breaked minecraft:stone on [world;-349;17;572]
[21:46:47][BlockBreakEvent]: breaked minecraft:stone on [world;-349;18;573]
[21:46:48][BlockBreakEvent]: breaked minecraft:stone on [world;-349;17;573]
[21:46:49][BlockBreakEvent]: breaked minecraft:stone on [world;-349;18;574]
[21:46:49][BlockBreakEvent]: breaked minecraft:stone on [world;-349;17;574]
[21:46:50][BlockBreakEvent]: breaked minecraft:granite on [world;-348;18;574]
[21:46:51][BlockBreakEvent]: breaked minecraft:stone on [world;-348;17;574]
[21:46:52][BlockBreakEvent]: breaked minecraft:granite on [world;-348;18;575]
[21:46:53][BlockBreakEvent]: breaked minecraft:stone on [world;-348;17;575]
[21:46:54][BlockBreakEvent]: breaked minecraft:stone on [world;-349;18;575]
[21:46:55][BlockBreakEvent]: breaked minecraft:stone on [world;-349;17;575]
[21:46:56][BlockBreakEvent]: breaked minecraft:granite on [world;-349;18;576]
[21:46:58][BlockBreakEvent]: breaked minecraft:stone on [world;-349;17;576]
[21:46:59][BlockBreakEvent]: breaked minecraft:granite on [world;-348;18;576]
[21:47:00][BlockBreakEvent]: breaked minecraft:granite on [world;-348;17;576]
[21:47:00][BlockBreakEvent]: breaked minecraft:granite on [world;-348;18;577]
[21:47:01][BlockBreakEvent]: breaked minecraft:granite on [world;-349;18;577]
[21:47:02][BlockBreakEvent]: breaked minecraft:stone on [world;-349;17;577]
[21:47:03][BlockBreakEvent]: breaked minecraft:granite on [world;-348;17;577]
[21:47:04][BlockBreakEvent]: breaked minecraft:granite on [world;-348;18;578]
[21:47:05][BlockBreakEvent]: breaked minecraft:granite on [world;-348;17;578]
[21:47:06][BlockBreakEvent]: breaked minecraft:granite on [world;-349;18;578]
[21:47:07][BlockBreakEvent]: breaked minecraft:granite on [world;-349;17;578]
[21:47:08][BlockBreakEvent]: breaked minecraft:granite on [world;-349;18;579]
[21:47:08][BlockPlaceEvent]: placed minecraft:torch on [world;-349;18;579]
[21:47:08][BlockBreakEvent]: breaked minecraft:torch on [world;-349;18;579]
[21:47:09][BlockBreakEvent]: breaked minecraft:granite on [world;-349;17;579]
[21:47:14][BlockBreakEvent]: breaked minecraft:granite on [world;-348;18;579]
[21:47:14][BlockBreakEvent]: breaked minecraft:granite on [world;-348;17;579]
[21:47:15][BlockBreakEvent]: breaked minecraft:granite on [world;-349;18;580]
[21:47:16][BlockBreakEvent]: breaked minecraft:granite on [world;-349;17;580]
[21:47:17][BlockBreakEvent]: breaked minecraft:granite on [world;-348;18;580]
[21:47:18][BlockBreakEvent]: breaked minecraft:granite on [world;-348;17;580]
[21:47:20][BlockBreakEvent]: breaked minecraft:granite on [world;-348;18;581]
[21:47:21][BlockBreakEvent]: breaked minecraft:granite on [world;-348;17;581]
[21:47:22][BlockBreakEvent]: breaked minecraft:granite on [world;-349;18;581]
[21:47:23][BlockBreakEvent]: breaked minecraft:granite on [world;-349;17;581]
[21:47:23][BlockBreakEvent]: breaked minecraft:stone on [world;-349;17;582]
[21:47:24][BlockBreakEvent]: breaked minecraft:granite on [world;-349;18;582]
[21:47:25][BlockBreakEvent]: breaked minecraft:granite on [world;-348;18;582]
[21:47:26][BlockBreakEvent]: breaked minecraft:granite on [world;-348;17;582]
[21:47:27][BlockBreakEvent]: breaked minecraft:stone on [world;-349;17;583]
[21:47:28][BlockBreakEvent]: breaked minecraft:stone on [world;-348;17;583]
[21:47:30][BlockBreakEvent]: breaked minecraft:granite on [world;-348;18;583]
[21:47:30][BlockBreakEvent]: breaked minecraft:granite on [world;-349;18;583]
[21:47:33][BlockBreakEvent]: breaked minecraft:stone on [world;-348;18;584]
[21:47:37][BlockPlaceEvent]: placed minecraft:wall_torch[facing=east] on [world;-349;17;582]
[21:47:38][BlockBreakEvent]: breaked minecraft:stone on [world;-349;18;584]
[21:47:39][BlockBreakEvent]: breaked minecraft:stone on [world;-349;17;584]
[21:47:40][BlockBreakEvent]: breaked minecraft:stone on [world;-348;17;584]
[21:47:41][BlockBreakEvent]: breaked minecraft:stone on [world;-348;18;585]
[21:47:42][BlockBreakEvent]: breaked minecraft:stone on [world;-348;17;585]
[21:47:43][BlockBreakEvent]: breaked minecraft:stone on [world;-349;17;585]
[21:47:44][BlockBreakEvent]: breaked minecraft:stone on [world;-349;18;585]
[21:48:02][BlockPlaceEvent]: placed minecraft:wall_torch[facing=east] on [world;-343;24;545]
[21:48:03][BlockBreakEvent]: breaked minecraft:wall_torch[facing=east] on [world;-343;24;545]
