[02:32:20][PlayerBucketFillEvent]: used BUCKET on [world;-359;62;485]
[02:33:53][PlayerBucketEmptyEvent]: used WATER_BUCKET on [world;-376;64;491]
[02:33:54][PlayerBucketFillEvent]: used BUCKET on [world;-376;64;491]
[02:34:32][PlayerBucketEmptyEvent]: used WATER_BUCKET on [world;-379;64;480]
[02:34:32][PlayerBucketFillEvent]: used BUCKET on [world;-379;64;480]
[02:50:03][PlayerBucketEmptyEvent]: used WATER_BUCKET on [world;-370;65;484]
[02:50:03][PlayerBucketFillEvent]: used BUCKET on [world;-370;64;484]
[02:50:56][PlayerBucketEmptyEvent]: used WATER_BUCKET on [world;-342;64;497]
[02:50:57][PlayerBucketFillEvent]: used BUCKET on [world;-342;64;497]
[03:09:12][PlayerBucketEmptyEvent]: used WATER_BUCKET on [world;-309;11;450]
[03:09:14][PlayerBucketFillEvent]: used BUCKET on [world;-309;11;450]
[03:09:14][PlayerBucketEmptyEvent]: used WATER_BUCKET on [world;-309;11;450]
[03:09:22][PlayerBucketFillEvent]: used BUCKET on [world;-310;11;450]
[03:11:10][PlayerBucketEmptyEvent]: used WATER_BUCKET on [world;-380;11;428]
[03:11:12][PlayerBucketFillEvent]: used BUCKET on [world;-380;11;428]
[03:11:45][PlayerBucketEmptyEvent]: used WATER_BUCKET on [world;-372;10;503]
[03:11:46][PlayerBucketFillEvent]: used BUCKET on [world;-372;10;503]
[03:16:13][PlayerBucketEmptyEvent]: used WATER_BUCKET on [world;-364;64;493]
[03:16:13][PlayerBucketFillEvent]: used BUCKET on [world;-364;64;493]
[03:27:03][PlayerBucketEmptyEvent]: used WATER_BUCKET on [world;-364;64;491]
[03:27:03][PlayerBucketFillEvent]: used BUCKET on [world;-364;64;491]
[03:54:14][PlayerInteractEvent]: right clicked minecraft:stone_button[face=wall,facing=east,powered=false] at [world;-365;65;486]
[03:54:31][PlayerInteractEvent]: right clicked minecraft:stone_button[face=wall,facing=west,powered=false] at [world;-367;65;489]
[03:55:10][PlayerInteractEvent]: right clicked minecraft:stone_button[face=wall,facing=east,powered=false] at [world;-365;65;486]
[03:56:57][PlayerInteractEvent]: right clicked minecraft:stone_button[face=wall,facing=west,powered=false] at [world;-367;65;489]
[03:56:59][PlayerInteractEvent]: right clicked minecraft:stone_button[face=wall,facing=west,powered=false] at [world;-367;65;489]
[03:58:13][PlayerInteractEvent]: right clicked minecraft:stone_button[face=wall,facing=east,powered=false] at [world;-365;65;489]
[03:59:03][PlayerInteractEvent]: right clicked minecraft:stone_button[face=wall,facing=west,powered=false] at [world;-367;65;489]
[03:59:32][PlayerBucketEmptyEvent]: used WATER_BUCKET on [world;-362;64;485]
[03:59:32][PlayerBucketFillEvent]: used BUCKET on [world;-362;64;485]
[03:59:36][PlayerInteractEvent]: right clicked minecraft:stone_button[face=wall,facing=east,powered=false] at [world;-365;65;486]
[04:00:21][PlayerInteractEvent]: right clicked minecraft:stone_button[face=wall,facing=west,powered=false] at [world;-367;65;489]
[04:02:42][PlayerInteractEvent]: right clicked minecraft:stone_button[face=wall,facing=east,powered=false] at [world;-365;65;489]
[04:02:45][PlayerInteractEvent]: right clicked minecraft:stone_button[face=wall,facing=east,powered=false] at [world;-365;65;489]
[04:04:30][PlayerBucketEmptyEvent]: used WATER_BUCKET on [world;-361;64;485]
[04:04:30][PlayerBucketFillEvent]: used BUCKET on [world;-361;64;484]
[04:04:32][PlayerBucketEmptyEvent]: used WATER_BUCKET on [world;-361;64;485]
[04:04:36][PlayerBucketFillEvent]: used BUCKET on [world;-358;64;487]
[04:04:39][PlayerBucketEmptyEvent]: used WATER_BUCKET on [world;-362;62;487]
[04:04:41][PlayerBucketFillEvent]: used BUCKET on [world;-361;62;487]
[04:04:42][PlayerBucketEmptyEvent]: used WATER_BUCKET on [world;-362;62;487]
[04:04:44][PlayerBucketFillEvent]: used BUCKET on [world;-361;62;488]
[04:04:51][PlayerBucketEmptyEvent]: used WATER_BUCKET on [world;-360;64;485]
[04:04:52][PlayerBucketFillEvent]: used BUCKET on [world;-360;64;485]
[04:04:55][PlayerBucketEmptyEvent]: used WATER_BUCKET on [world;-363;62;492]
[04:04:59][PlayerBucketFillEvent]: used BUCKET on [world;-359;62;489]
[04:05:02][PlayerBucketEmptyEvent]: used WATER_BUCKET on [world;-363;62;490]
[04:05:05][PlayerBucketFillEvent]: used BUCKET on [world;-360;63;491]
[04:05:09][PlayerBucketEmptyEvent]: used WATER_BUCKET on [world;-362;62;492]
[04:05:11][PlayerBucketFillEvent]: used BUCKET on [world;-359;63;491]
[04:05:13][PlayerBucketEmptyEvent]: used WATER_BUCKET on [world;-363;62;492]
[04:05:17][PlayerBucketFillEvent]: used BUCKET on [world;-359;63;492]
[04:05:19][PlayerBucketEmptyEvent]: used WATER_BUCKET on [world;-362;62;491]
[04:05:21][PlayerBucketFillEvent]: used BUCKET on [world;-360;63;492]
[04:05:23][PlayerBucketEmptyEvent]: used WATER_BUCKET on [world;-363;62;493]
[04:05:25][PlayerBucketFillEvent]: used BUCKET on [world;-358;64;492]
[04:05:31][PlayerBucketEmptyEvent]: used WATER_BUCKET on [world;-361;62;488]
[04:05:32][PlayerBucketFillEvent]: used BUCKET on [world;-361;62;488]
[04:05:38][PlayerBucketEmptyEvent]: used WATER_BUCKET on [world;-360;63;490]
[04:05:39][PlayerBucketFillEvent]: used BUCKET on [world;-359;63;490]
[04:05:39][PlayerBucketEmptyEvent]: used WATER_BUCKET on [world;-359;63;490]
[04:05:40][PlayerBucketFillEvent]: used BUCKET on [world;-359;63;490]
[04:05:41][PlayerBucketEmptyEvent]: used WATER_BUCKET on [world;-359;63;490]
[04:05:42][PlayerBucketFillEvent]: used BUCKET on [world;-359;63;490]
[04:05:57][PlayerBucketEmptyEvent]: used WATER_BUCKET on [world;-359;62;489]
[04:05:58][PlayerBucketFillEvent]: used BUCKET on [world;-359;62;489]
[04:06:04][PlayerBucketEmptyEvent]: used WATER_BUCKET on [world;-360;62;494]
[04:06:05][PlayerBucketFillEvent]: used BUCKET on [world;-359;61;494]
[04:06:08][PlayerBucketEmptyEvent]: used WATER_BUCKET on [world;-358;62;493]
[04:06:09][PlayerBucketFillEvent]: used BUCKET on [world;-358;62;493]
[04:06:11][PlayerBucketEmptyEvent]: used WATER_BUCKET on [world;-358;62;493]
[04:06:12][PlayerBucketFillEvent]: used BUCKET on [world;-358;62;493]
[04:06:15][PlayerBucketEmptyEvent]: used WATER_BUCKET on [world;-358;62;493]
[04:06:15][PlayerBucketFillEvent]: used BUCKET on [world;-358;62;493]
[04:06:29][PlayerBucketEmptyEvent]: used WATER_BUCKET on [world;-357;62;492]
[04:06:32][PlayerBucketFillEvent]: used BUCKET on [world;-356;61;490]
[04:20:40][PlayerInteractEvent]: right clicked minecraft:stone_button[face=wall,facing=east,powered=false] at [world;-365;65;486]
[04:22:01][PlayerInteractEvent]: right clicked minecraft:stone_button[face=wall,facing=west,powered=false] at [world;-367;65;489]
[04:23:15][PlayerInteractEvent]: right clicked minecraft:stone_button[face=wall,facing=east,powered=false] at [world;-365;65;486]
[04:24:21][PlayerInteractEvent]: right clicked minecraft:stone_button[face=wall,facing=west,powered=false] at [world;-367;65;489]
[04:24:21][PlayerInteractEvent]: right clicked minecraft:stone_button[face=wall,facing=west,powered=true] at [world;-367;65;489]
[04:24:47][PlayerInteractEvent]: right clicked minecraft:stone_button[face=wall,facing=west,powered=false] at [world;-367;65;489]
[04:24:50][PlayerInteractEvent]: right clicked minecraft:stone_button[face=wall,facing=west,powered=false] at [world;-367;65;489]
[04:26:20][PlayerInteractEvent]: right clicked minecraft:stone_button[face=wall,facing=east,powered=false] at [world;-365;65;486]
[04:27:15][PlayerInteractEvent]: right clicked minecraft:stone_button[face=wall,facing=west,powered=false] at [world;-367;65;486]
[04:33:47][PlayerBucketEmptyEvent]: used WATER_BUCKET on [world;-279;71;792]
[04:33:47][PlayerBucketFillEvent]: used BUCKET on [world;-279;71;792]
[04:36:34][PlayerBucketEmptyEvent]: used WATER_BUCKET on [world;-278;23;840]
[04:36:36][PlayerBucketFillEvent]: used BUCKET on [world;-279;26;841]
[04:37:02][PlayerBucketEmptyEvent]: used WATER_BUCKET on [world;-263;36;878]
[04:37:03][PlayerBucketFillEvent]: used BUCKET on [world;-263;36;878]
[04:37:15][PlayerBucketEmptyEvent]: used WATER_BUCKET on [world;-265;11;882]
[04:37:16][PlayerBucketFillEvent]: used BUCKET on [world;-264;11;883]
[04:37:23][PlayerBucketEmptyEvent]: used WATER_BUCKET on [world;-266;11;898]
[04:37:24][PlayerBucketFillEvent]: used BUCKET on [world;-266;11;898]
[04:38:05][PlayerBucketEmptyEvent]: used WATER_BUCKET on [world;-259;11;880]
[04:38:06][PlayerBucketFillEvent]: used BUCKET on [world;-259;11;880]
[04:38:50][PlayerBucketEmptyEvent]: used WATER_BUCKET on [world;-195;11;898]
[04:38:52][PlayerBucketFillEvent]: used BUCKET on [world;-195;11;898]
[04:38:54][PlayerBucketEmptyEvent]: used WATER_BUCKET on [world;-193;11;902]
[04:38:55][PlayerBucketFillEvent]: used BUCKET on [world;-192;11;902]
[04:38:58][PlayerBucketEmptyEvent]: used WATER_BUCKET on [world;-189;11;905]
[04:38:58][PlayerBucketFillEvent]: used BUCKET on [world;-189;11;905]
[04:38:59][PlayerBucketEmptyEvent]: used WATER_BUCKET on [world;-189;11;905]
[04:38:59][PlayerBucketFillEvent]: used BUCKET on [world;-189;11;905]
[04:39:01][PlayerBucketEmptyEvent]: used WATER_BUCKET on [world;-189;11;906]
[04:39:01][PlayerBucketFillEvent]: used BUCKET on [world;-189;11;906]
[04:40:35][PlayerBucketEmptyEvent]: used WATER_BUCKET on [world;-257;11;861]
[04:40:37][PlayerBucketFillEvent]: used BUCKET on [world;-256;11;861]
[04:40:39][PlayerBucketEmptyEvent]: used WATER_BUCKET on [world;-254;11;858]
[04:40:40][PlayerBucketFillEvent]: used BUCKET on [world;-254;11;858]
[04:40:40][PlayerBucketEmptyEvent]: used WATER_BUCKET on [world;-253;11;858]
[04:40:43][PlayerBucketFillEvent]: used BUCKET on [world;-252;11;855]
[04:40:45][PlayerBucketEmptyEvent]: used WATER_BUCKET on [world;-250;11;855]
[04:40:47][PlayerBucketFillEvent]: used BUCKET on [world;-250;11;855]
[04:40:47][PlayerBucketEmptyEvent]: used WATER_BUCKET on [world;-250;11;855]
[04:40:48][PlayerBucketFillEvent]: used BUCKET on [world;-250;11;854]
[04:47:18][PlayerBucketEmptyEvent]: used WATER_BUCKET on [world;-179;11;893]
[04:47:20][PlayerBucketFillEvent]: used BUCKET on [world;-179;11;893]
[04:55:05][PlayerBucketEmptyEvent]: used WATER_BUCKET on [world;-280;67;538]
[04:55:06][PlayerBucketFillEvent]: used BUCKET on [world;-280;67;537]
[04:56:33][PlayerBucketEmptyEvent]: used WATER_BUCKET on [world;-354;68;503]
[04:56:34][PlayerBucketFillEvent]: used BUCKET on [world;-354;66;503]
[04:59:21][PlayerInteractEvent]: right clicked minecraft:stone_button[face=wall,facing=east,powered=false] at [world;-365;65;486]
[05:00:47][PlayerInteractEvent]: right clicked minecraft:stone_button[face=wall,facing=west,powered=false] at [world;-367;65;489]
[05:01:21][PlayerInteractEvent]: right clicked minecraft:stone_button[face=wall,facing=east,powered=false] at [world;-365;65;486]
[05:01:27][PlayerInteractEvent]: right clicked minecraft:stone_button[face=wall,facing=west,powered=false] at [world;-367;65;486]
[05:01:31][PlayerInteractEvent]: right clicked minecraft:stone_button[face=wall,facing=west,powered=false] at [world;-367;65;489]
[05:02:03][PlayerInteractEvent]: right clicked minecraft:stone_button[face=wall,facing=east,powered=false] at [world;-365;65;486]
[05:02:40][PlayerInteractEvent]: right clicked minecraft:stone_button[face=wall,facing=west,powered=false] at [world;-367;65;489]
[05:02:53][PlayerInteractEvent]: right clicked minecraft:stone_button[face=wall,facing=east,powered=false] at [world;-365;65;489]
[05:03:11][PlayerInteractEvent]: right clicked minecraft:stone_button[face=wall,facing=west,powered=false] at [world;-367;65;489]
[05:03:16][PlayerInteractEvent]: right clicked minecraft:stone_button[face=wall,facing=west,powered=false] at [world;-367;65;489]
[05:03:40][PlayerInteractEvent]: right clicked minecraft:stone_button[face=wall,facing=west,powered=false] at [world;-367;65;486]
[05:03:50][PlayerInteractEvent]: right clicked minecraft:stone_button[face=wall,facing=east,powered=false] at [world;-365;65;486]
[05:04:07][PlayerInteractEvent]: right clicked minecraft:stone_button[face=wall,facing=west,powered=false] at [world;-367;65;489]
[05:04:36][PlayerInteractEvent]: right clicked minecraft:stone_button[face=wall,facing=east,powered=false] at [world;-365;65;489]
[05:05:30][PlayerInteractEvent]: right clicked minecraft:stone_button[face=wall,facing=west,powered=false] at [world;-367;65;489]
[05:06:12][PlayerInteractEvent]: right clicked minecraft:stone_button[face=wall,facing=east,powered=false] at [world;-365;65;486]
[05:06:26][PlayerInteractEvent]: right clicked minecraft:stone_button[face=wall,facing=west,powered=false] at [world;-367;65;489]
[05:07:25][PlayerInteractEvent]: right clicked minecraft:stone_button[face=wall,facing=east,powered=false] at [world;-365;65;486]
[05:07:27][PlayerInteractEvent]: right clicked minecraft:stone_button[face=wall,facing=east,powered=false] at [world;-365;65;486]
[05:10:15][PlayerInteractEvent]: right clicked minecraft:stone_button[face=wall,facing=west,powered=false] at [world;-367;65;486]
[05:10:24][PlayerInteractEvent]: right clicked minecraft:stone_button[face=wall,facing=west,powered=false] at [world;-367;65;486]
[05:11:04][PlayerInteractEvent]: right clicked minecraft:stone_button[face=wall,facing=west,powered=false] at [world;-367;65;486]
[05:11:08][PlayerInteractEvent]: right clicked minecraft:stone_button[face=wall,facing=west,powered=false] at [world;-367;65;486]
[05:11:12][PlayerInteractEvent]: right clicked minecraft:stone_button[face=wall,facing=west,powered=false] at [world;-367;65;489]
[05:11:25][PlayerInteractEvent]: right clicked minecraft:stone_button[face=wall,facing=east,powered=false] at [world;-365;65;486]
[05:11:28][PlayerInteractEvent]: right clicked minecraft:stone_button[face=wall,facing=east,powered=false] at [world;-365;65;486]
[05:11:37][PlayerInteractEvent]: right clicked minecraft:stone_button[face=wall,facing=west,powered=false] at [world;-367;65;486]
[05:11:39][PlayerInteractEvent]: right clicked minecraft:stone_button[face=wall,facing=west,powered=false] at [world;-367;65;486]
[05:12:13][PlayerInteractEvent]: right clicked minecraft:stone_button[face=wall,facing=east,powered=false] at [world;-365;65;489]
[05:13:10][PlayerInteractEvent]: right clicked minecraft:stone_button[face=wall,facing=west,powered=false] at [world;-367;65;489]
[05:13:20][PlayerInteractEvent]: right clicked minecraft:stone_button[face=wall,facing=west,powered=false] at [world;-367;65;489]
[05:28:38][PlayerInteractEvent]: right clicked minecraft:stone_button[face=wall,facing=east,powered=false] at [world;-365;65;486]
[05:29:04][PlayerInteractEvent][Cancelled]: right clicked minecraft:stone_button[face=wall,facing=west,powered=false] at [world;-367;65;486]
[05:29:06][PlayerInteractEvent]: right clicked minecraft:stone_button[face=wall,facing=west,powered=false] at [world;-367;65;486]
[05:30:41][PlayerInteractEvent]: right clicked minecraft:stone_button[face=wall,facing=east,powered=false] at [world;-365;65;489]
[05:31:18][PlayerInteractEvent]: right clicked minecraft:stone_button[face=wall,facing=west,powered=false] at [world;-367;65;489]
[05:35:06][PlayerBucketEmptyEvent]: used WATER_BUCKET on [world;-345;68;543]
[05:35:21][PlayerBucketFillEvent]: used BUCKET on [world;-358;64;486]
[05:35:22][PlayerBucketFillEvent]: used BUCKET on [world;-360;64;486]
[05:35:25][PlayerBucketEmptyEvent]: used WATER_BUCKET on [world;-360;64;486]
[05:35:26][PlayerBucketFillEvent]: used BUCKET on [world;-360;64;487]
[06:04:21][PlayerBucketEmptyEvent]: used WATER_BUCKET on [world;-343;63;550]
[06:04:22][PlayerBucketFillEvent]: used BUCKET on [world;-343;63;550]
[06:04:23][PlayerBucketEmptyEvent]: used WATER_BUCKET on [world;-343;63;551]
[06:04:28][PlayerBucketFillEvent]: used BUCKET on [world;-344;63;553]
[06:04:56][PlayerBucketEmptyEvent]: used WATER_BUCKET on [world;-332;67;536]
[06:05:04][PlayerBucketFillEvent]: used BUCKET on [world;-334;67;537]
[06:11:13][PlayerBucketEmptyEvent]: used WATER_BUCKET on [world;-344;63;552]
[06:11:16][PlayerBucketFillEvent]: used BUCKET on [world;-342;63;552]
[06:12:22][PlayerInteractEvent]: right clicked minecraft:stone_button[face=wall,facing=east,powered=false] at [world;-365;65;486]
[06:12:36][PlayerInteractEvent]: right clicked minecraft:stone_button[face=wall,facing=west,powered=false] at [world;-367;65;489]
[20:00:06][PlayerBucketEmptyEvent]: used WATER_BUCKET on [world;-199;12;259]
[20:00:07][PlayerBucketFillEvent]: used BUCKET on [world;-199;12;259]
[20:00:12][PlayerBucketEmptyEvent]: used WATER_BUCKET on [world;-202;11;262]
[20:00:13][PlayerBucketFillEvent]: used BUCKET on [world;-202;11;262]
[20:00:25][PlayerBucketEmptyEvent]: used WATER_BUCKET on [world;-205;11;264]
[20:00:26][PlayerBucketFillEvent]: used BUCKET on [world;-205;11;264]
[20:00:29][PlayerBucketEmptyEvent]: used WATER_BUCKET on [world;-203;11;266]
[20:00:30][PlayerBucketFillEvent]: used BUCKET on [world;-203;11;266]
[20:01:35][PlayerBucketEmptyEvent]: used WATER_BUCKET on [world;-226;15;260]
[20:01:36][PlayerBucketFillEvent]: used BUCKET on [world;-226;15;260]
[20:01:49][PlayerBucketEmptyEvent]: used WATER_BUCKET on [world;-230;13;257]
[20:01:50][PlayerBucketFillEvent]: used BUCKET on [world;-230;13;257]
[20:01:53][PlayerBucketEmptyEvent]: used WATER_BUCKET on [world;-230;13;252]
[20:01:54][PlayerBucketFillEvent]: used BUCKET on [world;-230;13;252]
[20:01:56][PlayerBucketEmptyEvent]: used WATER_BUCKET on [world;-231;13;251]
[20:01:57][PlayerBucketFillEvent]: used BUCKET on [world;-231;13;251]
[20:05:48][PlayerBucketEmptyEvent]: used WATER_BUCKET on [world;-221;13;177]
[20:05:49][PlayerBucketFillEvent]: used BUCKET on [world;-221;13;177]
[20:05:53][PlayerBucketEmptyEvent]: used WATER_BUCKET on [world;-221;11;171]
[20:05:55][PlayerBucketFillEvent]: used BUCKET on [world;-221;11;171]
[20:05:59][PlayerBucketEmptyEvent]: used WATER_BUCKET on [world;-217;11;174]
[20:06:00][PlayerBucketFillEvent]: used BUCKET on [world;-217;11;174]
[20:06:04][PlayerBucketEmptyEvent]: used WATER_BUCKET on [world;-224;11;176]
[20:06:06][PlayerBucketFillEvent]: used BUCKET on [world;-224;11;176]
[20:09:15][PlayerBucketEmptyEvent]: used WATER_BUCKET on [world;-146;11;169]
[20:09:16][PlayerBucketFillEvent]: used BUCKET on [world;-146;11;169]
[20:16:36][PlayerBucketEmptyEvent]: used WATER_BUCKET on [world;-132;36;125]
[20:16:39][PlayerBucketFillEvent]: used BUCKET on [world;-131;40;125]
[20:17:22][PlayerBucketEmptyEvent]: used WATER_BUCKET on [world;-134;41;130]
[20:17:23][PlayerBucketEmptyEvent]: used WATER_BUCKET on [world;-135;41;131]
[20:17:25][PlayerBucketFillEvent]: used BUCKET on [world;-134;42;130]
[20:17:26][PlayerBucketFillEvent]: used BUCKET on [world;-134;42;130]
[20:17:28][PlayerBucketEmptyEvent]: used WATER_BUCKET on [world;-132;41;130]
[20:17:30][PlayerBucketEmptyEvent]: used WATER_BUCKET on [world;-131;41;129]
[20:17:31][PlayerBucketFillEvent]: used BUCKET on [world;-131;41;129]
[20:17:32][PlayerBucketFillEvent]: used BUCKET on [world;-132;41;129]
[20:17:35][PlayerBucketEmptyEvent]: used WATER_BUCKET on [world;-130;41;130]
[20:17:36][PlayerBucketEmptyEvent]: used WATER_BUCKET on [world;-129;41;129]
[20:17:40][PlayerBucketFillEvent]: used BUCKET on [world;-133;42;130]
[20:17:41][PlayerBucketFillEvent]: used BUCKET on [world;-133;42;130]
[20:17:43][PlayerBucketEmptyEvent]: used WATER_BUCKET on [world;-129;41;130]
[20:17:44][PlayerBucketFillEvent]: used BUCKET on [world;-129;41;130]
[20:17:45][PlayerBucketEmptyEvent]: used WATER_BUCKET on [world;-128;41;130]
[20:17:48][PlayerBucketEmptyEvent]: used WATER_BUCKET on [world;-127;41;130]
[20:17:52][PlayerBucketFillEvent]: used BUCKET on [world;-132;41;130]
[20:17:53][PlayerBucketFillEvent]: used BUCKET on [world;-134;42;130]
[20:18:14][PlayerBucketEmptyEvent]: used WATER_BUCKET on [world;-126;41;130]
[20:18:16][PlayerBucketEmptyEvent]: used WATER_BUCKET on [world;-128;41;130]
[20:19:10][PlayerBucketFillEvent]: used BUCKET on [world;-132;42;130]
[20:19:11][PlayerBucketFillEvent]: used BUCKET on [world;-133;42;130]
[20:19:12][PlayerBucketEmptyEvent]: used WATER_BUCKET on [world;-132;41;131]
[20:19:17][PlayerBucketFillEvent]: used BUCKET on [world;-131;41;130]
[20:19:52][PlayerBucketEmptyEvent]: used WATER_BUCKET on [world;-132;41;132]
[20:19:55][PlayerBucketEmptyEvent]: used WATER_BUCKET on [world;-130;41;131]
[20:20:00][PlayerBucketFillEvent]: used BUCKET on [world;-133;42;130]
[20:20:01][PlayerBucketFillEvent]: used BUCKET on [world;-133;42;130]
[20:20:03][PlayerBucketEmptyEvent]: used WATER_BUCKET on [world;-130;41;132]
[20:20:04][PlayerBucketEmptyEvent]: used WATER_BUCKET on [world;-129;41;131]
[20:20:07][PlayerBucketFillEvent]: used BUCKET on [world;-132;42;130]
[20:20:08][PlayerBucketFillEvent]: used BUCKET on [world;-132;42;130]
[20:20:11][PlayerBucketEmptyEvent]: used WATER_BUCKET on [world;-128;41;131]
[20:20:13][PlayerBucketEmptyEvent]: used WATER_BUCKET on [world;-127;41;131]
[20:20:18][PlayerBucketFillEvent]: used BUCKET on [world;-132;42;130]
[20:20:19][PlayerBucketFillEvent]: used BUCKET on [world;-132;42;130]
[20:20:22][PlayerBucketEmptyEvent]: used WATER_BUCKET on [world;-126;41;131]
[20:20:33][PlayerBucketEmptyEvent]: used WATER_BUCKET on [world;-128;40;125]
[20:21:04][PlayerBucketFillEvent]: used BUCKET on [world;-128;40;125]
[20:21:13][PlayerBucketEmptyEvent]: used WATER_BUCKET on [world;-127;40;125]
[20:21:18][PlayerBucketFillEvent]: used BUCKET on [world;-128;40;125]
[20:21:23][PlayerBucketEmptyEvent]: used WATER_BUCKET on [world;-126;40;125]
[20:21:35][PlayerBucketFillEvent]: used BUCKET on [world;-132;41;130]
[20:21:36][PlayerBucketFillEvent]: used BUCKET on [world;-134;42;130]
[20:21:50][PlayerBucketEmptyEvent]: used WATER_BUCKET on [world;-132;35;125]
[20:21:51][PlayerBucketFillEvent]: used BUCKET on [world;-132;35;125]
[20:44:09][PlayerBucketEmptyEvent]: used WATER_BUCKET on [world;-132;36;125]
[20:44:12][PlayerBucketFillEvent]: used BUCKET on [world;-131;40;125]
[21:00:19][PlayerInteractEvent]: right clicked minecraft:stone_button[face=wall,facing=east,powered=false] at [world;-365;65;486]
[21:00:48][PlayerInteractEvent]: right clicked minecraft:stone_button[face=wall,facing=west,powered=false] at [world;-367;65;486]
[21:11:43][PlayerBucketEmptyEvent]: used WATER_BUCKET on [world;-132;34;124]
[21:11:49][PlayerBucketFillEvent]: used BUCKET on [world;-132;34;124]
[21:11:56][PlayerBucketEmptyEvent]: used WATER_BUCKET on [world;-132;34;124]
[21:24:42][PlayerBucketEmptyEvent]: used WATER_BUCKET on [world;-343;61;550]
[21:24:44][PlayerBucketFillEvent]: used BUCKET on [world;-343;60;550]
[21:24:46][PlayerBucketEmptyEvent]: used WATER_BUCKET on [world;-343;59;550]
[21:24:52][PlayerBucketFillEvent]: used BUCKET on [world;-343;56;550]
[21:24:56][PlayerBucketEmptyEvent]: used WATER_BUCKET on [world;-343;62;553]
[21:24:58][PlayerBucketFillEvent]: used BUCKET on [world;-341;63;553]
[21:26:11][PlayerBucketFillEvent]: used BUCKET on [world;-132;34;124]
[21:36:52][PlayerBucketEmptyEvent]: used WATER_BUCKET on [world;-128;41;126]
[21:36:56][PlayerBucketEmptyEvent]: used WATER_BUCKET on [world;-128;41;126]
[21:37:16][PlayerBucketFillEvent]: used BUCKET on [world;-127;41;126]
[21:37:26][PlayerBucketFillEvent]: used BUCKET on [world;-127;41;126]
[23:12:36][AsyncPlayerChatEvent]: said ظحص
