[01:34:58][PlayerInteractEvent]: right clicked minecraft:stone_button[face=wall,facing=south,powered=false] at [world;-347;57;549]
[01:34:59][PlayerInteractEvent]: right clicked minecraft:stone_button[face=wall,facing=south,powered=true] at [world;-347;57;549]
[01:34:59][PlayerInteractEvent]: right clicked minecraft:stone_button[face=wall,facing=south,powered=false] at [world;-347;57;549]
[01:34:59][PlayerInteractEvent]: right clicked minecraft:stone_button[face=wall,facing=south,powered=true] at [world;-347;57;549]
[01:34:59][PlayerInteractEvent]: right clicked minecraft:stone_button[face=wall,facing=south,powered=true] at [world;-347;57;549]
[01:34:59][PlayerInteractEvent]: right clicked minecraft:stone_button[face=wall,facing=south,powered=true] at [world;-347;57;549]
[01:34:59][PlayerInteractEvent]: right clicked minecraft:stone_button[face=wall,facing=south,powered=true] at [world;-347;57;549]
[01:35:00][PlayerInteractEvent]: right clicked minecraft:stone_button[face=wall,facing=south,powered=true] at [world;-347;57;549]
[01:35:00][PlayerInteractEvent]: right clicked minecraft:stone_button[face=wall,facing=south,powered=false] at [world;-347;57;549]
[01:35:00][PlayerInteractEvent]: right clicked minecraft:stone_button[face=wall,facing=south,powered=true] at [world;-347;57;549]
[01:35:00][PlayerInteractEvent]: right clicked minecraft:stone_button[face=wall,facing=south,powered=true] at [world;-347;57;549]
[01:35:01][PlayerInteractEvent]: right clicked minecraft:stone_button[face=wall,facing=south,powered=true] at [world;-347;57;549]
[01:35:01][PlayerInteractEvent]: right clicked minecraft:stone_button[face=wall,facing=south,powered=true] at [world;-347;57;549]
[01:35:04][PlayerInteractEvent]: right clicked minecraft:stone_button[face=wall,facing=south,powered=false] at [world;-347;57;549]
[01:35:05][PlayerInteractEvent]: right clicked minecraft:stone_button[face=wall,facing=south,powered=false] at [world;-347;57;549]
[01:35:05][PlayerInteractEvent]: right clicked minecraft:stone_button[face=wall,facing=south,powered=true] at [world;-347;57;549]
[01:35:06][PlayerInteractEvent]: right clicked minecraft:stone_button[face=wall,facing=south,powered=true] at [world;-347;57;549]
[01:35:06][PlayerInteractEvent]: right clicked minecraft:stone_button[face=wall,facing=south,powered=false] at [world;-347;57;549]
[01:35:07][PlayerInteractEvent]: right clicked minecraft:stone_button[face=wall,facing=south,powered=false] at [world;-347;57;549]
[01:35:09][PlayerInteractEvent]: right clicked minecraft:stone_button[face=wall,facing=south,powered=false] at [world;-347;57;549]
[01:35:10][PlayerInteractEvent]: right clicked minecraft:stone_button[face=wall,facing=south,powered=false] at [world;-347;57;549]
[01:35:59][PlayerInteractEvent]: right clicked minecraft:stone_button[face=floor,facing=west,powered=false] at [world;-349;55;545]
[01:36:04][PlayerInteractEvent]: right clicked minecraft:stone_button[face=wall,facing=east,powered=false] at [world;-350;56;545]
[01:37:56][PlayerInteractEvent]: right clicked minecraft:stone_button[face=wall,facing=north,powered=false] at [world;-347;69;542]
[01:37:59][PlayerInteractEvent]: right clicked minecraft:stone_button[face=wall,facing=north,powered=false] at [world;-347;69;542]
[01:58:13][PlayerBucketEmptyEvent]: used WATER_BUCKET on [world;-458;11;-387]
[01:58:15][PlayerBucketFillEvent]: used BUCKET on [world;-458;11;-387]
[01:59:02][PlayerBucketEmptyEvent]: used WATER_BUCKET on [world;-455;11;-393]
[01:59:04][PlayerBucketFillEvent]: used BUCKET on [world;-455;11;-393]
[02:01:59][PlayerBucketEmptyEvent]: used WATER_BUCKET on [world;-407;14;-429]
[02:02:01][PlayerBucketFillEvent]: used BUCKET on [world;-407;14;-429]
[02:03:17][PlayerBucketEmptyEvent]: used WATER_BUCKET on [world;-407;17;-479]
[02:03:18][PlayerBucketFillEvent]: used BUCKET on [world;-407;17;-479]
[02:03:24][PlayerBucketEmptyEvent]: used WATER_BUCKET on [world;-412;11;-481]
[02:03:25][PlayerBucketFillEvent]: used BUCKET on [world;-413;11;-481]
[02:04:24][PlayerBucketEmptyEvent]: used WATER_BUCKET on [world;-408;12;-483]
[02:04:25][PlayerBucketFillEvent]: used BUCKET on [world;-409;11;-482]
[02:04:30][PlayerBucketEmptyEvent]: used WATER_BUCKET on [world;-405;13;-484]
[02:04:35][PlayerBucketFillEvent]: used BUCKET on [world;-406;16;-486]
[02:05:02][PlayerBucketEmptyEvent]: used WATER_BUCKET on [world;-373;11;-508]
[02:05:02][PlayerBucketFillEvent]: used BUCKET on [world;-373;11;-509]
[02:06:50][PlayerBucketEmptyEvent]: used WATER_BUCKET on [world;-405;25;-473]
[02:06:51][PlayerBucketFillEvent]: used BUCKET on [world;-405;25;-473]
[02:06:58][PlayerBucketEmptyEvent]: used WATER_BUCKET on [world;-405;25;-473]
[02:07:00][PlayerBucketFillEvent]: used BUCKET on [world;-405;25;-473]
[02:07:43][PlayerBucketEmptyEvent]: used WATER_BUCKET on [world;-405;17;-473]
[02:07:45][PlayerBucketFillEvent]: used BUCKET on [world;-405;19;-473]
[02:08:15][PlayerBucketEmptyEvent]: used WATER_BUCKET on [world;-392;15;-495]
[02:08:17][PlayerBucketFillEvent]: used BUCKET on [world;-392;15;-495]
[03:16:33][PlayerInteractEvent]: right clicked minecraft:oak_button[face=ceiling,facing=north,powered=false] at [world;-253;65;538]
[03:24:43][PlayerInteractEvent]: right clicked minecraft:oak_button[face=ceiling,facing=north,powered=false] at [world;-253;65;538]
[03:55:02][PlayerInteractEvent]: right clicked minecraft:oak_button[face=ceiling,facing=north,powered=false] at [world;-253;65;538]
[03:56:59][PlayerInteractEvent]: right clicked minecraft:oak_button[face=ceiling,facing=north,powered=false] at [world;-253;65;538]
