[00:57:11][EntityPickupItemEvent]: PLAYER picked up SUGAR_CANE
[00:57:15][EntityPickupItemEvent]: PLAYER picked up SUGAR_CANE
[00:57:16][EntityPickupItemEvent]: PLAYER picked up SUGAR_CANE
[00:57:19][EntityPickupItemEvent]: PLAYER picked up SUGAR_CANE
[00:57:24][EntityPickupItemEvent]: PLAYER picked up SUGAR_CANE
[00:57:25][EntityPickupItemEvent]: PLAYER picked up SUGAR_CANE
[00:57:25][EntityPickupItemEvent]: PLAYER picked up SUGAR_CANE
[00:57:25][EntityPickupItemEvent]: PLAYER picked up SUGAR_CANE
[00:57:27][EntityPickupItemEvent]: PLAYER picked up SUGAR_CANE
[00:57:35][EntityPickupItemEvent]: PLAYER picked up SUGAR_CANE
[00:57:36][EntityPickupItemEvent]: PLAYER picked up SUGAR_CANE
[00:57:37][EntityPickupItemEvent]: PLAYER picked up SUGAR_CANE
[00:57:38][EntityPickupItemEvent]: PLAYER picked up SUGAR_CANE
[00:57:40][EntityPickupItemEvent]: PLAYER picked up SUGAR_CANE
[00:57:40][EntityPickupItemEvent]: PLAYER picked up SUGAR_CANE
[00:57:40][EntityPickupItemEvent]: PLAYER picked up SUGAR_CANE
[00:57:41][EntityPickupItemEvent]: PLAYER picked up SUGAR_CANE
[00:57:42][EntityPickupItemEvent]: PLAYER picked up SUGAR_CANE
[00:57:43][EntityPickupItemEvent]: PLAYER picked up SUGAR_CANE
[00:57:43][EntityPickupItemEvent]: PLAYER picked up SUGAR_CANE
[00:57:45][EntityPickupItemEvent]: PLAYER picked up SUGAR_CANE
[00:59:31][EntityPickupItemEvent]: PLAYER picked up OAK_LOG
[00:59:32][EntityPickupItemEvent]: PLAYER picked up OAK_LOG
[00:59:32][EntityPickupItemEvent]: PLAYER picked up OAK_LOG
[00:59:33][EntityPickupItemEvent]: PLAYER picked up OAK_LOG
[00:59:33][EntityPickupItemEvent]: PLAYER picked up OAK_LOG
[00:59:35][EntityPickupItemEvent]: PLAYER picked up OAK_LOG
[00:59:36][EntityPickupItemEvent]: PLAYER picked up OAK_LOG
[00:59:36][EntityPickupItemEvent]: PLAYER picked up OAK_LOG
[00:59:37][EntityPickupItemEvent]: PLAYER picked up OAK_LOG
[00:59:38][EntityPickupItemEvent]: PLAYER picked up OAK_LOG
[00:59:39][EntityPickupItemEvent]: PLAYER picked up OAK_LOG
[00:59:42][EntityPickupItemEvent]: PLAYER picked up OAK_LOG
[00:59:43][EntityPickupItemEvent]: PLAYER picked up OAK_LOG
[00:59:43][EntityPickupItemEvent]: PLAYER picked up OAK_LOG
[00:59:44][EntityPickupItemEvent]: PLAYER picked up OAK_LOG
[00:59:46][EntityPickupItemEvent]: PLAYER picked up APPLE
[00:59:46][EntityPickupItemEvent]: PLAYER picked up OAK_SAPLING
[00:59:46][EntityPickupItemEvent]: PLAYER picked up STICK
[00:59:48][EntityPickupItemEvent]: PLAYER picked up OAK_LOG
[00:59:49][EntityPickupItemEvent]: PLAYER picked up OAK_LOG
[00:59:49][EntityPickupItemEvent]: PLAYER picked up OAK_LOG
[00:59:50][EntityPickupItemEvent]: PLAYER picked up OAK_LOG
[00:59:57][EntityPickupItemEvent]: PLAYER picked up OAK_LOG
[00:59:59][EntityPickupItemEvent]: PLAYER picked up OAK_LOG
[01:00:00][EntityPickupItemEvent]: PLAYER picked up OAK_LOG
[01:00:00][EntityPickupItemEvent]: PLAYER picked up OAK_LOG
[01:00:01][EntityPickupItemEvent]: PLAYER picked up OAK_LOG
[01:00:02][EntityPickupItemEvent]: PLAYER picked up STICK
[01:00:02][EntityPickupItemEvent]: PLAYER picked up OAK_SAPLING
[01:00:04][EntityPickupItemEvent]: PLAYER picked up OAK_SAPLING
[01:00:08][EntityPickupItemEvent]: PLAYER picked up OAK_LOG
[01:00:09][EntityPickupItemEvent]: PLAYER picked up OAK_LOG
[01:00:10][EntityPickupItemEvent]: PLAYER picked up OAK_LOG
[01:00:10][EntityPickupItemEvent]: PLAYER picked up OAK_LOG
[01:00:11][EntityPickupItemEvent]: PLAYER picked up OAK_LOG
[01:00:13][EntityPickupItemEvent]: PLAYER picked up OAK_LOG
[01:00:13][EntityPickupItemEvent]: PLAYER picked up OAK_LOG
[01:00:14][EntityPickupItemEvent]: PLAYER picked up OAK_LOG
[01:00:15][EntityPickupItemEvent]: PLAYER picked up OAK_LOG
[01:00:19][EntityPickupItemEvent]: PLAYER picked up OAK_LOG
[01:00:20][EntityPickupItemEvent]: PLAYER picked up OAK_LOG
[01:00:20][EntityPickupItemEvent]: PLAYER picked up OAK_LOG
[01:00:21][EntityPickupItemEvent]: PLAYER picked up OAK_LOG
[01:00:23][EntityPickupItemEvent]: PLAYER picked up OAK_LOG
[01:00:23][EntityPickupItemEvent]: PLAYER picked up OAK_LOG
[01:00:23][EntityPickupItemEvent]: PLAYER picked up OAK_LOG
[01:00:24][EntityPickupItemEvent]: PLAYER picked up OAK_LOG
[01:00:24][EntityPickupItemEvent]: PLAYER picked up OAK_LOG
[01:00:27][EntityPickupItemEvent]: PLAYER picked up OAK_LOG
[01:00:27][EntityPickupItemEvent]: PLAYER picked up OAK_LOG
[01:00:28][EntityPickupItemEvent]: PLAYER picked up OAK_LOG
[01:00:29][EntityPickupItemEvent]: PLAYER picked up OAK_LOG
[01:00:31][EntityPickupItemEvent]: PLAYER picked up OAK_LOG
[01:00:33][EntityPickupItemEvent]: PLAYER picked up OAK_LOG
[01:00:33][EntityPickupItemEvent]: PLAYER picked up OAK_LOG
[01:00:34][EntityPickupItemEvent]: PLAYER picked up OAK_LOG
[01:00:37][EntityPickupItemEvent]: PLAYER picked up OAK_LOG
[01:00:38][EntityPickupItemEvent]: PLAYER picked up OAK_LOG
[01:00:42][EntityPickupItemEvent]: PLAYER picked up OAK_LOG
[01:00:43][EntityPickupItemEvent]: PLAYER picked up OAK_SAPLING
[01:00:44][EntityPickupItemEvent]: PLAYER picked up OAK_SAPLING
[01:00:46][EntityPickupItemEvent]: PLAYER picked up STICK
[01:00:46][EntityPickupItemEvent]: PLAYER picked up OAK_SAPLING
[01:00:48][EntityPickupItemEvent]: PLAYER picked up OAK_SAPLING
[01:00:50][EntityPickupItemEvent]: PLAYER picked up OAK_SAPLING
[01:00:55][EntityPickupItemEvent]: PLAYER picked up STICK
[01:00:56][EntityPickupItemEvent]: PLAYER picked up STICK
[01:00:57][EntityPickupItemEvent]: PLAYER picked up OAK_SAPLING
[01:01:00][EntityPickupItemEvent]: PLAYER picked up STICK
[01:01:01][EntityPickupItemEvent]: PLAYER picked up STICK
[01:01:01][EntityPickupItemEvent]: PLAYER picked up OAK_SAPLING
[01:01:01][EntityPickupItemEvent]: PLAYER picked up APPLE
[01:01:07][EntityPickupItemEvent]: PLAYER picked up OAK_LOG
[01:01:16][EntityPickupItemEvent]: PLAYER picked up OAK_LOG
[01:01:21][EntityPickupItemEvent]: PLAYER picked up OAK_LOG
[01:01:21][EntityPickupItemEvent]: PLAYER picked up OAK_LOG
[01:01:27][EntityPickupItemEvent]: PLAYER picked up OAK_LOG
[01:01:27][EntityPickupItemEvent]: PLAYER picked up OAK_LOG
[01:01:27][EntityPickupItemEvent]: PLAYER picked up OAK_LOG
[01:01:27][EntityPickupItemEvent]: PLAYER picked up OAK_LOG
[01:01:28][EntityPickupItemEvent]: PLAYER picked up OAK_LOG
[01:01:28][EntityPickupItemEvent]: PLAYER picked up STICK
[01:01:30][EntityPickupItemEvent]: PLAYER picked up OAK_SAPLING
[01:01:39][EntityPickupItemEvent]: PLAYER picked up OAK_SAPLING
[01:01:39][EntityPickupItemEvent]: PLAYER picked up STICK
[01:01:41][EntityPickupItemEvent]: PLAYER picked up APPLE
[01:01:44][EntityPickupItemEvent]: PLAYER picked up STICK
[01:01:55][EntityPickupItemEvent]: PLAYER picked up OAK_LOG
[01:01:55][EntityPickupItemEvent]: PLAYER picked up OAK_LOG
[01:01:58][EntityPickupItemEvent]: PLAYER picked up OAK_LOG
[01:01:58][EntityPickupItemEvent]: PLAYER picked up OAK_LOG
[01:01:58][EntityPickupItemEvent]: PLAYER picked up OAK_LOG
[01:02:01][EntityPickupItemEvent]: PLAYER picked up OAK_SAPLING
[01:02:04][EntityPickupItemEvent]: PLAYER picked up SUGAR_CANE
[01:02:08][EntityPickupItemEvent]: PLAYER picked up SUGAR_CANE
[01:02:08][EntityPickupItemEvent]: PLAYER picked up OAK_SAPLING
[01:02:10][EntityPickupItemEvent]: PLAYER picked up SUGAR_CANE
[01:02:11][EntityPickupItemEvent]: PLAYER picked up SUGAR_CANE
[01:02:13][EntityPickupItemEvent]: PLAYER picked up SUGAR_CANE
[01:02:14][EntityPickupItemEvent]: PLAYER picked up SUGAR_CANE
[01:02:16][EntityPickupItemEvent]: PLAYER picked up SUGAR_CANE
[01:02:16][EntityPickupItemEvent]: PLAYER picked up SUGAR_CANE
[01:02:17][EntityPickupItemEvent]: PLAYER picked up SUGAR_CANE
[01:02:21][EntityPickupItemEvent]: PLAYER picked up APPLE
[01:02:26][EntityPickupItemEvent]: PLAYER picked up OAK_SAPLING
[01:02:26][EntityPickupItemEvent]: PLAYER picked up STICK
[01:02:28][EntityPickupItemEvent]: PLAYER picked up SUGAR_CANE
[01:02:29][EntityPickupItemEvent]: PLAYER picked up SUGAR_CANE
[01:02:30][EntityPickupItemEvent]: PLAYER picked up SUGAR_CANE
[01:02:30][EntityPickupItemEvent]: PLAYER picked up SUGAR_CANE
[01:02:31][EntityPickupItemEvent]: PLAYER picked up SUGAR_CANE
[01:02:32][EntityPickupItemEvent]: PLAYER picked up SUGAR_CANE
[01:02:34][EntityPickupItemEvent]: PLAYER picked up SUGAR_CANE
[01:02:41][EntityPickupItemEvent]: PLAYER picked up SUGAR_CANE
[01:02:42][EntityPickupItemEvent]: PLAYER picked up SUGAR_CANE
[01:02:43][EntityPickupItemEvent]: PLAYER picked up SUGAR_CANE
[01:02:46][EntityPickupItemEvent]: PLAYER picked up OAK_LOG
[01:02:46][EntityPickupItemEvent]: PLAYER picked up OAK_LOG
[01:02:46][EntityPickupItemEvent]: PLAYER picked up OAK_LOG
[01:02:47][EntityPickupItemEvent]: PLAYER picked up OAK_LOG
[01:02:48][EntityPickupItemEvent]: PLAYER picked up OAK_LOG
[01:02:51][EntityPickupItemEvent]: PLAYER picked up OAK_SAPLING
[01:02:53][EntityPickupItemEvent]: PLAYER picked up OAK_LOG
[01:02:54][EntityPickupItemEvent]: PLAYER picked up OAK_LOG
[01:02:55][EntityPickupItemEvent]: PLAYER picked up OAK_LOG
[01:02:59][EntityPickupItemEvent]: PLAYER picked up OAK_LOG
[01:02:59][EntityPickupItemEvent]: PLAYER picked up OAK_LOG
[01:02:59][EntityPickupItemEvent]: PLAYER picked up OAK_LOG
[01:03:01][EntityPickupItemEvent]: PLAYER picked up OAK_LOG
[01:03:02][EntityPickupItemEvent]: PLAYER picked up OAK_LOG
[01:03:08][EntityPickupItemEvent]: PLAYER picked up OAK_LOG
[01:03:08][EntityPickupItemEvent]: PLAYER picked up STICK
[01:03:12][EntityPickupItemEvent]: PLAYER picked up OAK_SAPLING
[01:03:13][EntityPickupItemEvent]: PLAYER picked up STICK
[01:03:15][EntityPickupItemEvent]: PLAYER picked up OAK_SAPLING
[01:03:15][EntityPickupItemEvent]: PLAYER picked up STICK
[01:03:29][EntityPickupItemEvent]: PLAYER picked up OAK_LOG
[01:03:29][EntityPickupItemEvent]: PLAYER picked up OAK_LOG
[01:03:30][EntityPickupItemEvent]: PLAYER picked up OAK_LOG
[01:03:31][EntityPickupItemEvent]: PLAYER picked up OAK_LOG
[01:03:31][EntityPickupItemEvent]: PLAYER picked up OAK_LOG
[01:03:37][EntityPickupItemEvent]: PLAYER picked up OAK_LOG
[01:03:38][EntityPickupItemEvent]: PLAYER picked up OAK_LOG
[01:03:38][EntityPickupItemEvent]: PLAYER picked up OAK_LOG
[01:03:39][EntityPickupItemEvent]: PLAYER picked up OAK_LOG
[01:03:43][EntityPickupItemEvent]: PLAYER picked up OAK_LOG
[01:03:43][EntityPickupItemEvent]: PLAYER picked up OAK_LOG
[01:03:44][EntityPickupItemEvent]: PLAYER picked up OAK_LOG
[01:03:44][EntityPickupItemEvent]: PLAYER picked up OAK_LOG
[01:03:45][EntityPickupItemEvent]: PLAYER picked up OAK_LOG
[01:03:45][EntityPickupItemEvent]: PLAYER picked up OAK_LOG
[01:03:50][EntityPickupItemEvent]: PLAYER picked up OAK_LOG
[01:03:50][EntityPickupItemEvent]: PLAYER picked up OAK_LOG
[01:03:50][EntityPickupItemEvent]: PLAYER picked up OAK_LOG
[01:03:51][EntityPickupItemEvent]: PLAYER picked up OAK_LOG
[01:03:51][EntityPickupItemEvent]: PLAYER picked up OAK_LOG
[01:03:58][EntityPickupItemEvent]: PLAYER picked up OAK_LOG
[01:03:58][EntityPickupItemEvent]: PLAYER picked up OAK_LOG
[01:03:59][EntityPickupItemEvent]: PLAYER picked up OAK_LOG
[01:03:59][EntityPickupItemEvent]: PLAYER picked up OAK_LOG
[01:04:00][EntityPickupItemEvent]: PLAYER picked up OAK_LOG
[01:04:02][EntityPickupItemEvent]: PLAYER picked up OAK_LOG
[01:04:03][EntityPickupItemEvent]: PLAYER picked up OAK_LOG
[01:04:06][EntityPickupItemEvent]: PLAYER picked up OAK_LOG
[01:04:07][EntityPickupItemEvent]: PLAYER picked up OAK_LOG
[01:04:15][EntityPickupItemEvent]: PLAYER picked up APPLE
[01:04:18][EntityPickupItemEvent]: PLAYER picked up OAK_LOG
[01:04:18][EntityPickupItemEvent]: PLAYER picked up OAK_LOG
[01:04:19][EntityPickupItemEvent]: PLAYER picked up OAK_LOG
[01:04:19][EntityPickupItemEvent]: PLAYER picked up OAK_LOG
[01:04:20][EntityPickupItemEvent]: PLAYER picked up OAK_LOG
[01:04:22][EntityPickupItemEvent]: PLAYER picked up OAK_LOG
[01:04:22][EntityPickupItemEvent]: PLAYER picked up OAK_LOG
[01:04:23][EntityPickupItemEvent]: PLAYER picked up OAK_LOG
[01:04:23][EntityPickupItemEvent]: PLAYER picked up OAK_LOG
[01:04:24][EntityPickupItemEvent]: PLAYER picked up OAK_LOG
[01:04:26][EntityPickupItemEvent]: PLAYER picked up OAK_LOG
[01:04:27][EntityPickupItemEvent]: PLAYER picked up OAK_LOG
[01:04:28][EntityPickupItemEvent]: PLAYER picked up OAK_LOG
[01:04:28][EntityPickupItemEvent]: PLAYER picked up OAK_SAPLING
[01:04:34][EntityPickupItemEvent]: PLAYER picked up OAK_LOG
[01:04:39][EntityPickupItemEvent]: PLAYER picked up OAK_LOG
[01:04:42][EntityPickupItemEvent]: PLAYER picked up OAK_LOG
[01:04:52][EntityPickupItemEvent]: PLAYER picked up OAK_LOG
[01:04:56][EntityPickupItemEvent]: PLAYER picked up OAK_SAPLING
[01:05:15][EntityPickupItemEvent]: PLAYER picked up OAK_LOG
[01:05:17][EntityPickupItemEvent]: PLAYER picked up OAK_SAPLING
[01:05:21][EntityPickupItemEvent]: PLAYER picked up OAK_LOG
[01:05:21][EntityPickupItemEvent]: PLAYER picked up OAK_LOG
[01:05:22][EntityPickupItemEvent]: PLAYER picked up OAK_LOG
[01:05:25][EntityPickupItemEvent]: PLAYER picked up STICK
[01:05:25][EntityPickupItemEvent]: PLAYER picked up OAK_SAPLING
[01:05:27][EntityPickupItemEvent]: PLAYER picked up APPLE
[01:05:28][EntityPickupItemEvent]: PLAYER picked up STICK
[01:05:29][EntityPickupItemEvent]: PLAYER picked up OAK_SAPLING
[01:05:32][EntityPickupItemEvent]: PLAYER picked up OAK_LOG
[01:05:33][EntityPickupItemEvent]: PLAYER picked up OAK_LOG
[01:05:33][EntityPickupItemEvent]: PLAYER picked up OAK_LOG
[01:05:34][EntityPickupItemEvent]: PLAYER picked up OAK_LOG
[01:05:34][EntityPickupItemEvent]: PLAYER picked up OAK_LOG
[01:05:35][EntityPickupItemEvent]: PLAYER picked up OAK_LOG
[01:05:36][EntityPickupItemEvent]: PLAYER picked up OAK_LOG
[01:05:37][EntityPickupItemEvent]: PLAYER picked up OAK_LOG
[01:05:37][EntityPickupItemEvent]: PLAYER picked up OAK_LOG
[01:05:38][EntityPickupItemEvent]: PLAYER picked up OAK_LOG
[01:05:38][EntityPickupItemEvent]: PLAYER picked up OAK_LOG
[01:05:39][EntityPickupItemEvent]: PLAYER picked up OAK_LOG
[01:05:40][EntityPickupItemEvent]: PLAYER picked up OAK_LOG
[01:05:41][EntityPickupItemEvent]: PLAYER picked up OAK_LOG
[01:05:41][EntityPickupItemEvent]: PLAYER picked up OAK_LOG
[01:05:42][EntityPickupItemEvent]: PLAYER picked up OAK_LOG
[01:05:43][EntityPickupItemEvent]: PLAYER picked up OAK_LOG
[01:05:44][EntityPickupItemEvent]: PLAYER picked up OAK_LOG
[01:05:45][EntityPickupItemEvent]: PLAYER picked up OAK_LOG
[01:05:45][EntityPickupItemEvent]: PLAYER picked up OAK_LOG
[01:05:46][EntityPickupItemEvent]: PLAYER picked up OAK_LOG
[01:05:47][EntityPickupItemEvent]: PLAYER picked up OAK_LOG
[01:05:48][EntityPickupItemEvent]: PLAYER picked up OAK_LOG
[01:05:49][EntityPickupItemEvent]: PLAYER picked up OAK_LOG
[01:05:49][EntityPickupItemEvent]: PLAYER picked up OAK_LOG
[01:05:50][EntityPickupItemEvent]: PLAYER picked up OAK_LOG
[01:05:51][EntityPickupItemEvent]: PLAYER picked up OAK_LOG
[01:05:53][EntityPickupItemEvent]: PLAYER picked up OAK_LOG
[01:05:54][EntityPickupItemEvent]: PLAYER picked up OAK_LOG
[01:05:54][EntityPickupItemEvent]: PLAYER picked up OAK_LOG
[01:05:55][EntityPickupItemEvent]: PLAYER picked up OAK_LOG
[01:05:55][EntityPickupItemEvent]: PLAYER picked up OAK_LOG
[01:05:59][EntityPickupItemEvent]: PLAYER picked up OAK_LOG
[01:05:59][EntityPickupItemEvent]: PLAYER picked up OAK_LOG
[01:06:00][EntityPickupItemEvent]: PLAYER picked up OAK_LOG
[01:06:10][EntityPickupItemEvent]: PLAYER picked up OAK_LOG
[01:06:10][EntityPickupItemEvent]: PLAYER picked up OAK_SAPLING
[01:06:14][EntityPickupItemEvent]: PLAYER picked up STICK
[01:06:16][EntityPickupItemEvent]: PLAYER picked up OAK_SAPLING
[01:06:20][EntityPickupItemEvent]: PLAYER picked up OAK_LOG
[01:06:20][EntityPickupItemEvent]: PLAYER picked up OAK_LOG
[01:06:21][EntityPickupItemEvent]: PLAYER picked up OAK_LOG
[01:06:22][EntityPickupItemEvent]: PLAYER picked up OAK_LOG
[01:06:25][EntityPickupItemEvent]: PLAYER picked up OAK_LOG
[01:06:28][EntityPickupItemEvent]: PLAYER picked up OAK_LOG
[01:06:28][EntityPickupItemEvent]: PLAYER picked up OAK_LOG
[01:06:29][EntityPickupItemEvent]: PLAYER picked up OAK_LOG
[01:06:32][EntityPickupItemEvent]: PLAYER picked up OAK_LOG
[01:06:33][EntityPickupItemEvent]: PLAYER picked up OAK_LOG
[01:06:34][EntityPickupItemEvent]: PLAYER picked up OAK_LOG
[01:06:36][EntityPickupItemEvent]: PLAYER picked up OAK_LOG
[01:06:36][EntityPickupItemEvent]: PLAYER picked up OAK_LOG
[01:06:37][EntityPickupItemEvent]: PLAYER picked up OAK_LOG
[01:06:37][EntityPickupItemEvent]: PLAYER picked up OAK_LOG
[01:06:38][EntityPickupItemEvent]: PLAYER picked up OAK_LOG
[01:06:42][EntityPickupItemEvent]: PLAYER picked up STICK
[01:06:44][EntityPickupItemEvent]: PLAYER picked up STICK
[01:06:44][EntityPickupItemEvent]: PLAYER picked up OAK_SAPLING
[01:06:53][EntityPickupItemEvent]: PLAYER picked up STICK
[01:06:57][EntityPickupItemEvent]: PLAYER picked up OAK_SAPLING
[01:06:58][EntityPickupItemEvent]: PLAYER picked up OAK_SAPLING
[01:06:58][EntityPickupItemEvent]: PLAYER picked up STICK
[01:07:00][EntityPickupItemEvent]: PLAYER picked up STICK
[01:07:01][EntityPickupItemEvent]: PLAYER picked up OAK_SAPLING
[01:07:02][EntityPickupItemEvent]: PLAYER picked up OAK_SAPLING
[01:07:04][EntityPickupItemEvent]: PLAYER picked up APPLE
[01:07:04][EntityPickupItemEvent]: PLAYER picked up OAK_SAPLING
[01:07:06][EntityPickupItemEvent]: PLAYER picked up STICK
[01:07:06][EntityPickupItemEvent]: PLAYER picked up OAK_SAPLING
[01:07:08][EntityPickupItemEvent]: PLAYER picked up STICK
[01:07:08][EntityPickupItemEvent]: PLAYER picked up APPLE
[01:07:08][EntityPickupItemEvent]: PLAYER picked up OAK_SAPLING
[01:07:15][EntityPickupItemEvent]: PLAYER picked up APPLE
[01:07:15][EntityPickupItemEvent]: PLAYER picked up OAK_SAPLING
[01:07:17][EntityPickupItemEvent]: PLAYER picked up STICK
[01:07:26][EntityPickupItemEvent]: PLAYER picked up OAK_SAPLING
[01:07:30][EntityPickupItemEvent]: PLAYER picked up OAK_SAPLING
[01:07:35][EntityPickupItemEvent]: PLAYER picked up APPLE
[01:07:36][EntityPickupItemEvent]: PLAYER picked up OAK_SAPLING
[01:07:36][EntityPickupItemEvent]: PLAYER picked up STICK
[01:07:39][EntityPickupItemEvent]: PLAYER picked up OAK_LOG
[01:07:42][EntityPickupItemEvent]: PLAYER picked up OAK_SAPLING
[01:07:54][EntityPickupItemEvent]: PLAYER picked up OAK_SAPLING
[01:08:07][EntityPickupItemEvent]: PLAYER picked up OAK_SAPLING
[01:08:15][EntityPickupItemEvent]: PLAYER picked up SUGAR_CANE
[01:08:16][EntityPickupItemEvent]: PLAYER picked up SUGAR_CANE
[01:08:17][EntityPickupItemEvent]: PLAYER picked up SUGAR_CANE
[01:08:19][EntityPickupItemEvent]: PLAYER picked up SUGAR_CANE
[01:08:20][EntityPickupItemEvent]: PLAYER picked up SUGAR_CANE
[01:08:26][EntityPickupItemEvent]: PLAYER picked up SUGAR_CANE
[01:08:36][EntityPickupItemEvent]: PLAYER picked up SUGAR_CANE
[01:08:36][EntityPickupItemEvent]: PLAYER picked up SUGAR_CANE
[01:08:39][EntityPickupItemEvent]: PLAYER picked up SUGAR_CANE
[01:08:42][EntityPickupItemEvent]: PLAYER picked up SUGAR_CANE
[01:08:43][EntityPickupItemEvent]: PLAYER picked up SUGAR_CANE
[01:08:45][EntityPickupItemEvent]: PLAYER picked up SUGAR_CANE
[01:08:49][EntityPickupItemEvent]: PLAYER picked up SUGAR_CANE
[01:08:50][EntityPickupItemEvent]: PLAYER picked up SUGAR_CANE
[01:09:02][EntityPickupItemEvent]: PLAYER picked up ROTTEN_FLESH
[01:09:28][EntityPickupItemEvent]: PLAYER picked up ROTTEN_FLESH
[01:10:23][EntityPickupItemEvent]: PLAYER picked up ROTTEN_FLESH
[01:10:38][EntityPickupItemEvent]: PLAYER picked up LEATHER_HELMET
[01:10:39][EntityPickupItemEvent]: PLAYER picked up ROTTEN_FLESH
[01:15:15][EntityPickupItemEvent]: PLAYER picked up SUGAR_CANE
[01:15:17][EntityPickupItemEvent]: PLAYER picked up SUGAR_CANE
[01:15:21][EntityPickupItemEvent]: PLAYER picked up SUGAR_CANE
[01:15:22][EntityPickupItemEvent]: PLAYER picked up SUGAR_CANE
[01:15:24][EntityPickupItemEvent]: PLAYER picked up SUGAR_CANE
[01:15:25][EntityPickupItemEvent]: PLAYER picked up SUGAR_CANE
[01:15:26][EntityPickupItemEvent]: PLAYER picked up SUGAR_CANE
[01:15:26][EntityPickupItemEvent]: PLAYER picked up SUGAR_CANE
[01:15:36][EntityPickupItemEvent]: PLAYER picked up SUGAR_CANE
[01:15:38][EntityPickupItemEvent]: PLAYER picked up SUGAR_CANE
[01:15:39][EntityPickupItemEvent]: PLAYER picked up SUGAR_CANE
[01:15:41][EntityPickupItemEvent]: PLAYER picked up SUGAR_CANE
[01:15:43][EntityPickupItemEvent]: PLAYER picked up SUGAR_CANE
[01:15:44][EntityPickupItemEvent]: PLAYER picked up SUGAR_CANE
[01:15:44][EntityPickupItemEvent]: PLAYER picked up SUGAR_CANE
[01:17:54][EntityPickupItemEvent]: PLAYER picked up SUGAR_CANE
[01:17:55][EntityPickupItemEvent]: PLAYER picked up SUGAR_CANE
[01:17:58][EntityPickupItemEvent]: PLAYER picked up SUGAR_CANE
[01:17:58][EntityPickupItemEvent]: PLAYER picked up SUGAR_CANE
[01:18:00][EntityPickupItemEvent]: PLAYER picked up SUGAR_CANE
[01:18:00][EntityPickupItemEvent]: PLAYER picked up SUGAR_CANE
[01:18:01][EntityPickupItemEvent]: PLAYER picked up SUGAR_CANE
[01:18:02][EntityPickupItemEvent]: PLAYER picked up SUGAR_CANE
[01:18:03][EntityPickupItemEvent]: PLAYER picked up SUGAR_CANE
[01:18:04][EntityPickupItemEvent]: PLAYER picked up SUGAR_CANE
[01:18:13][EntityPickupItemEvent]: PLAYER picked up SUGAR_CANE
[01:18:15][EntityPickupItemEvent]: PLAYER picked up SUGAR_CANE
[01:18:17][EntityPickupItemEvent]: PLAYER picked up SUGAR_CANE
[01:18:19][EntityPickupItemEvent]: PLAYER picked up SUGAR_CANE
[01:18:21][EntityPickupItemEvent]: PLAYER picked up SUGAR_CANE
[01:18:22][EntityPickupItemEvent]: PLAYER picked up SUGAR_CANE
[01:18:23][EntityPickupItemEvent]: PLAYER picked up SUGAR_CANE
[01:18:34][EntityPickupItemEvent]: PLAYER picked up SUGAR_CANE
[01:18:36][EntityPickupItemEvent]: PLAYER picked up SUGAR_CANE
[01:18:36][EntityPickupItemEvent]: PLAYER picked up SUGAR_CANE
[01:18:37][EntityPickupItemEvent]: PLAYER picked up SUGAR_CANE
[01:18:37][EntityPickupItemEvent]: PLAYER picked up SUGAR_CANE
[01:18:37][EntityPickupItemEvent]: PLAYER picked up SUGAR_CANE
[01:18:38][EntityPickupItemEvent]: PLAYER picked up SUGAR_CANE
[01:18:40][EntityPickupItemEvent]: PLAYER picked up SUGAR_CANE
[01:19:52][EntityPickupItemEvent]: PLAYER picked up BREAD
[01:20:29][EntityPickupItemEvent]: PLAYER picked up BREAD
[01:20:32][EntityPickupItemEvent]: PLAYER picked up BREAD
[01:23:54][EntityPickupItemEvent]: PLAYER picked up SUGAR_CANE
[01:23:57][EntityPickupItemEvent]: PLAYER picked up SUGAR_CANE
[01:23:58][EntityPickupItemEvent]: PLAYER picked up SUGAR_CANE
[01:24:01][EntityPickupItemEvent]: PLAYER picked up SUGAR_CANE
[01:24:01][EntityPickupItemEvent]: PLAYER picked up SUGAR_CANE
[01:24:02][EntityPickupItemEvent]: PLAYER picked up SUGAR_CANE
[01:24:02][EntityPickupItemEvent]: PLAYER picked up SUGAR_CANE
[01:24:02][EntityPickupItemEvent]: PLAYER picked up SUGAR_CANE
[01:24:03][EntityPickupItemEvent]: PLAYER picked up SUGAR_CANE
[01:24:05][EntityPickupItemEvent]: PLAYER picked up SUGAR_CANE
[01:24:05][EntityPickupItemEvent]: PLAYER picked up SUGAR_CANE
[01:24:07][EntityPickupItemEvent]: PLAYER picked up SUGAR_CANE
[01:24:14][EntityPickupItemEvent]: PLAYER picked up SUGAR_CANE
[01:24:15][EntityPickupItemEvent]: PLAYER picked up SUGAR_CANE
[01:24:16][EntityPickupItemEvent]: PLAYER picked up SUGAR_CANE
[01:24:21][EntityPickupItemEvent]: PLAYER picked up SUGAR_CANE
[01:24:22][EntityPickupItemEvent]: PLAYER picked up SUGAR_CANE
[01:24:22][EntityPickupItemEvent]: PLAYER picked up SUGAR_CANE
[01:24:25][EntityPickupItemEvent]: PLAYER picked up SUGAR_CANE
[01:24:27][EntityPickupItemEvent]: PLAYER picked up SUGAR_CANE
[01:27:28][EntityPickupItemEvent]: PLAYER picked up SUGAR_CANE
[01:27:29][EntityPickupItemEvent]: PLAYER picked up SUGAR_CANE
[01:27:31][EntityPickupItemEvent]: PLAYER picked up SUGAR_CANE
[01:27:32][EntityPickupItemEvent]: PLAYER picked up SUGAR_CANE
[01:27:33][EntityPickupItemEvent]: PLAYER picked up SUGAR_CANE
[01:27:33][EntityPickupItemEvent]: PLAYER picked up SUGAR_CANE
[01:27:36][EntityPickupItemEvent]: PLAYER picked up SUGAR_CANE
[01:27:36][EntityPickupItemEvent]: PLAYER picked up SUGAR_CANE
[01:27:37][EntityPickupItemEvent]: PLAYER picked up SUGAR_CANE
[01:27:37][EntityPickupItemEvent]: PLAYER picked up SUGAR_CANE
[01:27:38][EntityPickupItemEvent]: PLAYER picked up SUGAR_CANE
[01:27:38][EntityPickupItemEvent]: PLAYER picked up SUGAR_CANE
[01:27:38][EntityPickupItemEvent]: PLAYER picked up SUGAR_CANE
[01:27:45][EntityPickupItemEvent]: PLAYER picked up SUGAR_CANE
[01:27:55][EntityPickupItemEvent]: PLAYER picked up SUGAR_CANE
[01:27:57][EntityPickupItemEvent]: PLAYER picked up SUGAR_CANE
[01:27:59][EntityPickupItemEvent]: PLAYER picked up SUGAR_CANE
[01:28:01][EntityPickupItemEvent]: PLAYER picked up SUGAR_CANE
[01:28:02][EntityPickupItemEvent]: PLAYER picked up SUGAR_CANE
[01:28:02][EntityPickupItemEvent]: PLAYER picked up SUGAR_CANE
[01:28:02][EntityPickupItemEvent]: PLAYER picked up SUGAR_CANE
[01:28:12][EntityPickupItemEvent]: PLAYER picked up SUGAR_CANE
[01:28:14][EntityPickupItemEvent]: PLAYER picked up SUGAR_CANE
[01:34:55][EntityPickupItemEvent]: PLAYER picked up ROTTEN_FLESH
[01:34:59][EntityPickupItemEvent]: PLAYER picked up ROTTEN_FLESH
[01:35:02][EntityPickupItemEvent]: PLAYER picked up ROTTEN_FLESH
[01:35:04][EntityPickupItemEvent]: PLAYER picked up ROTTEN_FLESH
[01:35:09][EntityPickupItemEvent]: PLAYER picked up ROTTEN_FLESH
[01:35:31][EntityPickupItemEvent]: PLAYER picked up WHEAT_SEEDS
[01:35:32][EntityPickupItemEvent]: PLAYER picked up ROTTEN_FLESH
[01:35:37][EntityPickupItemEvent]: PLAYER picked up ROTTEN_FLESH
[01:35:48][EntityPickupItemEvent]: PLAYER picked up ROTTEN_FLESH
[01:35:51][EntityPickupItemEvent]: PLAYER picked up ROTTEN_FLESH
[01:35:52][EntityPickupItemEvent]: PLAYER picked up ROTTEN_FLESH
[01:36:22][EntityPickupItemEvent]: PLAYER picked up ROTTEN_FLESH
[01:36:33][EntityPickupItemEvent]: PLAYER picked up ROTTEN_FLESH
[01:36:49][EntityPickupItemEvent]: PLAYER picked up STRING
[01:36:57][EntityPickupItemEvent]: PLAYER picked up ROTTEN_FLESH
[01:37:05][EntityPickupItemEvent]: PLAYER picked up ROTTEN_FLESH
[01:37:08][EntityPickupItemEvent]: PLAYER picked up ROTTEN_FLESH
[01:37:11][EntityPickupItemEvent]: PLAYER picked up ROTTEN_FLESH
[01:37:16][EntityPickupItemEvent]: PLAYER picked up IRON_INGOT
[01:37:57][EntityPickupItemEvent]: PLAYER picked up SUGAR_CANE
[01:37:57][EntityPickupItemEvent]: PLAYER picked up SUGAR_CANE
[01:37:58][EntityPickupItemEvent]: PLAYER picked up SUGAR_CANE
[01:37:58][EntityPickupItemEvent]: PLAYER picked up SUGAR_CANE
[01:37:58][EntityPickupItemEvent]: PLAYER picked up SUGAR_CANE
[01:37:58][EntityPickupItemEvent]: PLAYER picked up SUGAR_CANE
[01:37:59][EntityPickupItemEvent]: PLAYER picked up SUGAR_CANE
[01:38:04][EntityPickupItemEvent]: PLAYER picked up SUGAR_CANE
[01:38:04][EntityPickupItemEvent]: PLAYER picked up SUGAR_CANE
[01:38:06][EntityPickupItemEvent]: PLAYER picked up SUGAR_CANE
[01:38:07][EntityPickupItemEvent]: PLAYER picked up SUGAR_CANE
[01:38:19][EntityPickupItemEvent]: PLAYER picked up SUGAR_CANE
[01:38:21][EntityPickupItemEvent]: PLAYER picked up SUGAR_CANE
[01:38:21][EntityPickupItemEvent]: PLAYER picked up SUGAR_CANE
[01:38:26][EntityPickupItemEvent]: PLAYER picked up SUGAR_CANE
[01:38:28][EntityPickupItemEvent]: PLAYER picked up SUGAR_CANE
[01:38:29][EntityPickupItemEvent]: PLAYER picked up SUGAR_CANE
[01:38:29][EntityPickupItemEvent]: PLAYER picked up SUGAR_CANE
[01:38:30][EntityPickupItemEvent]: PLAYER picked up SUGAR_CANE
[01:38:38][EntityPickupItemEvent]: PLAYER picked up SUGAR_CANE
[01:40:55][EntityPickupItemEvent]: PLAYER picked up BOOK
[01:45:40][EntityPickupItemEvent]: PLAYER picked up DIAMOND_AXE
[01:49:04][EntityPickupItemEvent]: PLAYER picked up STRING
[01:49:04][EntityPickupItemEvent]: PLAYER picked up SPIDER_EYE
[01:49:28][EntityPickupItemEvent]: PLAYER picked up ROTTEN_FLESH
[01:49:32][EntityPickupItemEvent]: PLAYER picked up BONE
[01:49:42][EntityPickupItemEvent]: PLAYER picked up ARROW
[01:49:42][EntityPickupItemEvent]: PLAYER picked up BONE
[01:49:52][EntityPickupItemEvent]: PLAYER picked up ROTTEN_FLESH
[01:50:49][EntityPickupItemEvent]: PLAYER picked up ROTTEN_FLESH
[01:51:06][EntityPickupItemEvent]: PLAYER picked up BONE
[01:51:11][EntityPickupItemEvent]: PLAYER picked up ARROW
[01:51:11][EntityPickupItemEvent]: PLAYER picked up BONE
[01:51:15][EntityPickupItemEvent]: PLAYER picked up ARROW
[01:51:15][EntityPickupItemEvent]: PLAYER picked up BONE
[01:51:34][EntityPickupItemEvent]: PLAYER picked up IRON_INGOT
[01:51:34][EntityPickupItemEvent]: PLAYER picked up ROTTEN_FLESH
[01:51:39][EntityPickupItemEvent]: PLAYER picked up STRING
[01:51:39][EntityPickupItemEvent]: PLAYER picked up BONE
[01:51:40][EntityPickupItemEvent]: PLAYER picked up ARROW
[01:51:52][EntityPickupItemEvent]: PLAYER picked up ROTTEN_FLESH
[01:51:59][EntityPickupItemEvent]: PLAYER picked up ROTTEN_FLESH
[01:51:59][EntityPickupItemEvent]: PLAYER picked up LEATHER_BOOTS
[01:52:03][EntityPickupItemEvent]: PLAYER picked up ROTTEN_FLESH
[01:52:04][EntityPickupItemEvent]: PLAYER picked up POTATO
[01:52:20][EntityPickupItemEvent]: PLAYER picked up ROTTEN_FLESH
[01:52:26][EntityPickupItemEvent]: PLAYER picked up ARROW
[01:52:26][EntityPickupItemEvent]: PLAYER picked up BONE
[01:52:41][EntityPickupItemEvent]: PLAYER picked up ARROW
[01:52:50][EntityPickupItemEvent]: PLAYER picked up ROTTEN_FLESH
[01:52:57][EntityPickupItemEvent]: PLAYER picked up ROTTEN_FLESH
[01:53:01][EntityPickupItemEvent]: PLAYER picked up STRING
[01:53:01][EntityPickupItemEvent]: PLAYER picked up SPIDER_EYE
[01:53:10][EntityPickupItemEvent]: PLAYER picked up STRING
[01:53:10][EntityPickupItemEvent]: PLAYER picked up SPIDER_EYE
[01:53:17][EntityPickupItemEvent]: PLAYER picked up BONE
[01:53:17][EntityPickupItemEvent]: PLAYER picked up ARROW
[01:53:20][EntityPickupItemEvent]: PLAYER picked up ROTTEN_FLESH
[01:53:26][EntityPickupItemEvent]: PLAYER picked up ROTTEN_FLESH
[01:53:34][EntityPickupItemEvent]: PLAYER picked up ROTTEN_FLESH
[01:53:45][EntityPickupItemEvent]: PLAYER picked up GUNPOWDER
[01:53:50][EntityPickupItemEvent]: PLAYER picked up STRING
[01:53:50][EntityPickupItemEvent]: PLAYER picked up SPIDER_EYE
[01:53:57][EntityPickupItemEvent]: PLAYER picked up ROTTEN_FLESH
[01:54:07][EntityPickupItemEvent]: PLAYER picked up ROTTEN_FLESH
[01:54:15][EntityPickupItemEvent]: PLAYER picked up ARROW
[01:54:15][EntityPickupItemEvent]: PLAYER picked up BONE
[01:54:18][EntityPickupItemEvent]: PLAYER picked up ROTTEN_FLESH
[01:54:31][EntityPickupItemEvent]: PLAYER picked up ROTTEN_FLESH
[01:54:34][EntityPickupItemEvent]: PLAYER picked up ROTTEN_FLESH
[01:54:41][EntityPickupItemEvent]: PLAYER picked up ROTTEN_FLESH
[01:54:47][EntityPickupItemEvent]: PLAYER picked up ROTTEN_FLESH
[01:54:57][EntityPickupItemEvent]: PLAYER picked up ROTTEN_FLESH
[01:55:04][EntityPickupItemEvent]: PLAYER picked up ROTTEN_FLESH
[01:55:04][EntityPickupItemEvent]: PLAYER picked up CARROT
[01:55:16][EntityPickupItemEvent]: PLAYER picked up BONE
[01:55:17][EntityPickupItemEvent]: PLAYER picked up ARROW
[01:55:17][EntityPickupItemEvent]: PLAYER picked up SPIDER_EYE
[01:55:18][EntityPickupItemEvent]: PLAYER picked up STRING
[01:55:19][EntityPickupItemEvent]: PLAYER picked up STRING
[01:55:21][EntityPickupItemEvent]: PLAYER picked up STRING
[01:55:21][EntityPickupItemEvent]: PLAYER picked up SPIDER_EYE
[01:55:30][EntityPickupItemEvent]: PLAYER picked up ROTTEN_FLESH
[01:55:57][EntityPickupItemEvent]: PLAYER picked up ROTTEN_FLESH
[01:56:02][EntityPickupItemEvent]: PLAYER picked up TORCH
[01:56:04][EntityPickupItemEvent]: PLAYER picked up ARROW
[01:56:04][EntityPickupItemEvent]: PLAYER picked up BONE
[01:56:10][EntityPickupItemEvent]: PLAYER picked up ROTTEN_FLESH
[01:56:14][EntityPickupItemEvent]: PLAYER picked up SPIDER_EYE
[01:57:01][EntityPickupItemEvent]: PLAYER picked up OAK_LOG
[01:57:01][EntityPickupItemEvent]: PLAYER picked up OAK_LOG
[01:57:02][EntityPickupItemEvent]: PLAYER picked up OAK_LOG
[01:57:03][EntityPickupItemEvent]: PLAYER picked up OAK_LOG
[01:57:04][EntityPickupItemEvent]: PLAYER picked up OAK_LOG
[01:57:05][EntityPickupItemEvent]: PLAYER picked up OAK_LOG
[01:57:05][EntityPickupItemEvent]: PLAYER picked up OAK_LOG
[01:57:06][EntityPickupItemEvent]: PLAYER picked up OAK_LOG
[01:57:08][EntityPickupItemEvent]: PLAYER picked up OAK_LOG
[01:57:09][EntityPickupItemEvent]: PLAYER picked up OAK_LOG
[01:57:10][EntityPickupItemEvent]: PLAYER picked up OAK_LOG
[01:57:10][EntityPickupItemEvent]: PLAYER picked up OAK_LOG
[01:57:12][EntityPickupItemEvent]: PLAYER picked up OAK_LOG
[01:57:12][EntityPickupItemEvent]: PLAYER picked up OAK_LOG
[01:57:12][EntityPickupItemEvent]: PLAYER picked up OAK_LOG
[01:57:12][EntityPickupItemEvent]: PLAYER picked up OAK_LOG
[01:57:13][EntityPickupItemEvent]: PLAYER picked up OAK_LOG
[01:57:14][EntityPickupItemEvent]: PLAYER picked up OAK_LOG
[01:57:16][EntityPickupItemEvent]: PLAYER picked up OAK_LOG
[01:57:17][EntityPickupItemEvent]: PLAYER picked up OAK_LOG
[01:57:18][EntityPickupItemEvent]: PLAYER picked up OAK_LOG
[01:57:18][EntityPickupItemEvent]: PLAYER picked up OAK_LOG
[01:57:22][EntityPickupItemEvent]: PLAYER picked up SUGAR_CANE
[01:57:22][EntityPickupItemEvent]: PLAYER picked up SUGAR_CANE
[01:57:23][EntityPickupItemEvent]: PLAYER picked up SUGAR_CANE
[01:57:25][EntityPickupItemEvent]: PLAYER picked up SUGAR_CANE
[01:57:28][EntityPickupItemEvent]: PLAYER picked up SUGAR_CANE
[01:57:28][EntityPickupItemEvent]: PLAYER picked up SUGAR_CANE
[01:57:30][EntityPickupItemEvent]: PLAYER picked up SUGAR_CANE
[01:57:30][EntityPickupItemEvent]: PLAYER picked up SUGAR_CANE
[01:57:31][EntityPickupItemEvent]: PLAYER picked up STICK
[01:57:33][EntityPickupItemEvent]: PLAYER picked up SUGAR_CANE
[01:57:33][EntityPickupItemEvent]: PLAYER picked up SUGAR_CANE
[01:57:35][EntityPickupItemEvent]: PLAYER picked up SUGAR_CANE
[01:57:36][EntityPickupItemEvent]: PLAYER picked up SUGAR_CANE
[01:57:39][EntityPickupItemEvent]: PLAYER picked up SUGAR_CANE
[01:57:42][EntityPickupItemEvent]: PLAYER picked up APPLE
[01:57:44][EntityPickupItemEvent]: PLAYER picked up APPLE
[01:57:45][EntityPickupItemEvent]: PLAYER picked up APPLE
[01:57:47][EntityPickupItemEvent]: PLAYER picked up STICK
[01:57:50][EntityPickupItemEvent]: PLAYER picked up STICK
[01:57:51][EntityPickupItemEvent]: PLAYER picked up OAK_LOG
[01:57:51][EntityPickupItemEvent]: PLAYER picked up OAK_LOG
[01:57:52][EntityPickupItemEvent]: PLAYER picked up OAK_LOG
[01:57:52][EntityPickupItemEvent]: PLAYER picked up OAK_LOG
[01:57:56][EntityPickupItemEvent]: PLAYER picked up OAK_LOG
[01:57:56][EntityPickupItemEvent]: PLAYER picked up OAK_LOG
[01:57:57][EntityPickupItemEvent]: PLAYER picked up OAK_LOG
[01:57:57][EntityPickupItemEvent]: PLAYER picked up OAK_LOG
[01:58:01][EntityPickupItemEvent]: PLAYER picked up OAK_LOG
[01:58:02][EntityPickupItemEvent]: PLAYER picked up OAK_LOG
[01:58:03][EntityPickupItemEvent]: PLAYER picked up OAK_LOG
[01:58:05][EntityPickupItemEvent]: PLAYER picked up OAK_LOG
[01:58:06][EntityPickupItemEvent]: PLAYER picked up OAK_LOG
[01:58:06][EntityPickupItemEvent]: PLAYER picked up OAK_LOG
[01:58:07][EntityPickupItemEvent]: PLAYER picked up OAK_LOG
[01:58:08][EntityPickupItemEvent]: PLAYER picked up OAK_LOG
[01:58:08][EntityPickupItemEvent]: PLAYER picked up OAK_LOG
[01:58:11][EntityPickupItemEvent]: PLAYER picked up OAK_LOG
[01:58:11][EntityPickupItemEvent]: PLAYER picked up OAK_LOG
[01:58:12][EntityPickupItemEvent]: PLAYER picked up OAK_LOG
[01:58:12][EntityPickupItemEvent]: PLAYER picked up OAK_LOG
[01:58:16][EntityPickupItemEvent]: PLAYER picked up OAK_LOG
[01:58:16][EntityPickupItemEvent]: PLAYER picked up OAK_LOG
[01:58:16][EntityPickupItemEvent]: PLAYER picked up OAK_LOG
[01:58:17][EntityPickupItemEvent]: PLAYER picked up OAK_LOG
[01:58:17][EntityPickupItemEvent]: PLAYER picked up OAK_LOG
[01:58:22][EntityPickupItemEvent]: PLAYER picked up SUGAR_CANE
[01:58:22][EntityPickupItemEvent]: PLAYER picked up SUGAR_CANE
[01:58:23][EntityPickupItemEvent]: PLAYER picked up SUGAR_CANE
[01:58:26][EntityPickupItemEvent]: PLAYER picked up SUGAR_CANE
[01:58:30][EntityPickupItemEvent]: PLAYER picked up SUGAR_CANE
[01:58:30][EntityPickupItemEvent]: PLAYER picked up SUGAR_CANE
[01:58:33][EntityPickupItemEvent]: PLAYER picked up OAK_LOG
[01:58:34][EntityPickupItemEvent]: PLAYER picked up OAK_LOG
[01:58:35][EntityPickupItemEvent]: PLAYER picked up OAK_LOG
[01:58:36][EntityPickupItemEvent]: PLAYER picked up OAK_LOG
[01:58:46][EntityPickupItemEvent]: PLAYER picked up STICK
[01:58:46][EntityPickupItemEvent]: PLAYER picked up OAK_LOG
[01:58:49][EntityPickupItemEvent]: PLAYER picked up STICK
[01:58:53][EntityPickupItemEvent]: PLAYER picked up APPLE
[01:58:54][EntityPickupItemEvent]: PLAYER picked up APPLE
[01:58:57][EntityPickupItemEvent]: PLAYER picked up APPLE
[01:59:04][EntityPickupItemEvent]: PLAYER picked up ROTTEN_FLESH
[01:59:04][EntityPickupItemEvent]: PLAYER picked up STICK
[01:59:05][EntityPickupItemEvent]: PLAYER picked up APPLE
[01:59:05][EntityPickupItemEvent]: PLAYER picked up OAK_LOG
[01:59:14][EntityPickupItemEvent]: PLAYER picked up OAK_LOG
[01:59:15][EntityPickupItemEvent]: PLAYER picked up OAK_LOG
[01:59:15][EntityPickupItemEvent]: PLAYER picked up OAK_LOG
[01:59:16][EntityPickupItemEvent]: PLAYER picked up OAK_LOG
[01:59:20][EntityPickupItemEvent]: PLAYER picked up SUGAR_CANE
[01:59:20][EntityPickupItemEvent]: PLAYER picked up OAK_LOG
[01:59:21][EntityPickupItemEvent]: PLAYER picked up OAK_LOG
[01:59:21][EntityPickupItemEvent]: PLAYER picked up OAK_LOG
[01:59:22][EntityPickupItemEvent]: PLAYER picked up OAK_LOG
[01:59:23][EntityPickupItemEvent]: PLAYER picked up OAK_LOG
[01:59:24][EntityPickupItemEvent]: PLAYER picked up SUGAR_CANE
[01:59:27][EntityPickupItemEvent]: PLAYER picked up OAK_LOG
[01:59:27][EntityPickupItemEvent]: PLAYER picked up OAK_LOG
[01:59:28][EntityPickupItemEvent]: PLAYER picked up OAK_LOG
[01:59:29][EntityPickupItemEvent]: PLAYER picked up OAK_LOG
[01:59:29][EntityPickupItemEvent]: PLAYER picked up OAK_LOG
[01:59:33][EntityPickupItemEvent]: PLAYER picked up OAK_LOG
[01:59:34][EntityPickupItemEvent]: PLAYER picked up OAK_LOG
[01:59:34][EntityPickupItemEvent]: PLAYER picked up OAK_LOG
[01:59:35][EntityPickupItemEvent]: PLAYER picked up OAK_LOG
[01:59:36][EntityPickupItemEvent]: PLAYER picked up OAK_LOG
[01:59:38][EntityPickupItemEvent]: PLAYER picked up OAK_LOG
[01:59:39][EntityPickupItemEvent]: PLAYER picked up OAK_LOG
[01:59:39][EntityPickupItemEvent]: PLAYER picked up OAK_LOG
[01:59:39][EntityPickupItemEvent]: PLAYER picked up OAK_LOG
[01:59:40][EntityPickupItemEvent]: PLAYER picked up OAK_LOG
[01:59:40][EntityPickupItemEvent]: PLAYER picked up OAK_LOG
[01:59:43][EntityPickupItemEvent]: PLAYER picked up OAK_LOG
[01:59:43][EntityPickupItemEvent]: PLAYER picked up OAK_LOG
[01:59:44][EntityPickupItemEvent]: PLAYER picked up OAK_LOG
[01:59:44][EntityPickupItemEvent]: PLAYER picked up OAK_LOG
[01:59:48][EntityPickupItemEvent]: PLAYER picked up OAK_LOG
[01:59:48][EntityPickupItemEvent]: PLAYER picked up OAK_LOG
[01:59:49][EntityPickupItemEvent]: PLAYER picked up OAK_LOG
[01:59:50][EntityPickupItemEvent]: PLAYER picked up OAK_LOG
[01:59:50][EntityPickupItemEvent]: PLAYER picked up OAK_LOG
[02:00:08][EntityPickupItemEvent]: PLAYER picked up STICK
[02:00:13][EntityPickupItemEvent]: PLAYER picked up OAK_LOG
[02:00:14][EntityPickupItemEvent]: PLAYER picked up OAK_LOG
[02:00:14][EntityPickupItemEvent]: PLAYER picked up OAK_LOG
[02:00:15][EntityPickupItemEvent]: PLAYER picked up OAK_LOG
[02:00:16][EntityPickupItemEvent]: PLAYER picked up OAK_LOG
[02:00:18][EntityPickupItemEvent]: PLAYER picked up OAK_LOG
[02:00:18][EntityPickupItemEvent]: PLAYER picked up OAK_LOG
[02:00:19][EntityPickupItemEvent]: PLAYER picked up OAK_LOG
[02:00:20][EntityPickupItemEvent]: PLAYER picked up OAK_LOG
[02:00:20][EntityPickupItemEvent]: PLAYER picked up OAK_LOG
[02:00:22][EntityPickupItemEvent]: PLAYER picked up OAK_LOG
[02:00:25][EntityPickupItemEvent]: PLAYER picked up OAK_LOG
[02:00:30][EntityPickupItemEvent]: PLAYER picked up OAK_LOG
[02:00:30][EntityPickupItemEvent]: PLAYER picked up OAK_LOG
[02:00:32][EntityPickupItemEvent]: PLAYER picked up OAK_LOG
[02:00:33][EntityPickupItemEvent]: PLAYER picked up OAK_LOG
[02:00:36][EntityPickupItemEvent]: PLAYER picked up OAK_LOG
[02:00:37][EntityPickupItemEvent]: PLAYER picked up OAK_LOG
[02:00:37][EntityPickupItemEvent]: PLAYER picked up OAK_LOG
[02:00:38][EntityPickupItemEvent]: PLAYER picked up OAK_LOG
[02:00:39][EntityPickupItemEvent]: PLAYER picked up OAK_LOG
[02:00:44][EntityPickupItemEvent]: PLAYER picked up APPLE
[02:00:45][EntityPickupItemEvent]: PLAYER picked up OAK_LOG
[02:00:46][EntityPickupItemEvent]: PLAYER picked up OAK_LOG
[02:00:46][EntityPickupItemEvent]: PLAYER picked up OAK_LOG
[02:00:47][EntityPickupItemEvent]: PLAYER picked up OAK_LOG
[02:00:48][EntityPickupItemEvent]: PLAYER picked up APPLE
[02:00:51][EntityPickupItemEvent]: PLAYER picked up STICK
[02:00:51][EntityPickupItemEvent]: PLAYER picked up APPLE
[02:00:55][EntityPickupItemEvent]: PLAYER picked up STICK
[02:00:58][EntityPickupItemEvent]: PLAYER picked up OAK_LOG
[02:00:58][EntityPickupItemEvent]: PLAYER picked up OAK_LOG
[02:00:59][EntityPickupItemEvent]: PLAYER picked up OAK_LOG
[02:01:00][EntityPickupItemEvent]: PLAYER picked up OAK_LOG
[02:01:05][EntityPickupItemEvent]: PLAYER picked up OAK_LOG
[02:01:07][EntityPickupItemEvent]: PLAYER picked up OAK_LOG
[02:01:08][EntityPickupItemEvent]: PLAYER picked up OAK_LOG
[02:01:10][EntityPickupItemEvent]: PLAYER picked up OAK_LOG
[02:01:11][EntityPickupItemEvent]: PLAYER picked up OAK_LOG
[02:01:18][EntityPickupItemEvent]: PLAYER picked up OAK_LOG
[02:01:20][EntityPickupItemEvent]: PLAYER picked up OAK_LOG
[02:01:22][EntityPickupItemEvent]: PLAYER picked up OAK_LOG
[02:01:25][EntityPickupItemEvent]: PLAYER picked up OAK_LOG
[02:01:56][EntityPickupItemEvent]: PLAYER picked up OAK_LOG
[02:02:03][EntityPickupItemEvent]: PLAYER picked up OAK_LOG
[02:02:14][EntityPickupItemEvent]: PLAYER picked up OAK_LOG
[02:02:15][EntityPickupItemEvent]: PLAYER picked up OAK_LOG
[02:02:15][EntityPickupItemEvent]: PLAYER picked up OAK_LOG
[02:02:17][EntityPickupItemEvent]: PLAYER picked up OAK_LOG
[02:02:21][EntityPickupItemEvent]: PLAYER picked up STICK
[02:02:23][EntityPickupItemEvent]: PLAYER picked up OAK_SAPLING
[02:02:24][EntityPickupItemEvent]: PLAYER picked up STICK
[02:02:25][EntityPickupItemEvent]: PLAYER picked up OAK_LOG
[02:02:26][EntityPickupItemEvent]: PLAYER picked up OAK_LOG
[02:02:27][EntityPickupItemEvent]: PLAYER picked up OAK_LOG
[02:02:28][EntityPickupItemEvent]: PLAYER picked up OAK_LOG
[02:02:32][EntityPickupItemEvent]: PLAYER picked up OAK_LOG
[02:02:33][EntityPickupItemEvent]: PLAYER picked up OAK_LOG
[02:02:33][EntityPickupItemEvent]: PLAYER picked up OAK_LOG
[02:02:34][EntityPickupItemEvent]: PLAYER picked up OAK_LOG
[02:02:35][EntityPickupItemEvent]: PLAYER picked up OAK_LOG
[02:02:38][EntityPickupItemEvent]: PLAYER picked up OAK_LOG
[02:02:39][EntityPickupItemEvent]: PLAYER picked up OAK_LOG
[02:02:39][EntityPickupItemEvent]: PLAYER picked up OAK_LOG
[02:02:40][EntityPickupItemEvent]: PLAYER picked up OAK_LOG
[02:02:40][EntityPickupItemEvent]: PLAYER picked up OAK_LOG
[02:03:03][EntityPickupItemEvent]: PLAYER picked up STICK
[10:34:18][EntityPickupItemEvent]: PLAYER picked up LECTERN
[10:34:24][EntityPickupItemEvent]: PLAYER picked up LECTERN
[10:34:39][EntityPickupItemEvent]: PLAYER picked up LECTERN
[10:34:48][EntityPickupItemEvent]: PLAYER picked up LECTERN
[10:34:56][EntityPickupItemEvent]: PLAYER picked up LECTERN
[10:35:02][EntityPickupItemEvent]: PLAYER picked up LECTERN
[10:35:16][EntityPickupItemEvent]: PLAYER picked up LECTERN
[10:36:01][EntityPickupItemEvent]: PLAYER picked up SUGAR_CANE
[10:36:01][EntityPickupItemEvent]: PLAYER picked up SUGAR_CANE
[10:36:04][EntityPickupItemEvent]: PLAYER picked up SUGAR_CANE
[10:36:05][EntityPickupItemEvent]: PLAYER picked up SUGAR_CANE
[10:36:09][EntityPickupItemEvent]: PLAYER picked up SUGAR_CANE
[10:36:14][EntityPickupItemEvent]: PLAYER picked up SUGAR_CANE
[10:36:14][EntityPickupItemEvent]: PLAYER picked up SUGAR_CANE
[10:36:23][EntityPickupItemEvent]: PLAYER picked up SUGAR_CANE
[10:36:23][EntityPickupItemEvent]: PLAYER picked up SUGAR_CANE
[10:36:24][EntityPickupItemEvent]: PLAYER picked up SUGAR_CANE
[10:36:28][EntityPickupItemEvent]: PLAYER picked up SUGAR_CANE
[10:36:29][EntityPickupItemEvent]: PLAYER picked up SUGAR_CANE
[10:36:29][EntityPickupItemEvent]: PLAYER picked up SUGAR_CANE
[10:36:31][EntityPickupItemEvent]: PLAYER picked up SUGAR_CANE
[10:36:33][EntityPickupItemEvent]: PLAYER picked up SUGAR_CANE
[10:36:34][EntityPickupItemEvent]: PLAYER picked up SUGAR_CANE
[10:36:46][EntityPickupItemEvent]: PLAYER picked up SUGAR_CANE
[10:37:40][EntityPickupItemEvent]: PLAYER picked up OAK_LOG
[10:37:44][EntityPickupItemEvent]: PLAYER picked up OAK_SAPLING
[10:37:57][EntityPickupItemEvent]: PLAYER picked up OAK_LOG
[10:37:58][EntityPickupItemEvent]: PLAYER picked up OAK_LOG
[10:38:06][EntityPickupItemEvent]: PLAYER picked up OAK_LOG
[10:38:10][EntityPickupItemEvent]: PLAYER picked up OAK_LOG
[10:38:12][EntityPickupItemEvent]: PLAYER picked up OAK_LOG
[10:38:18][EntityPickupItemEvent]: PLAYER picked up OAK_LOG
[10:38:19][EntityPickupItemEvent]: PLAYER picked up OAK_LOG
[10:38:20][EntityPickupItemEvent]: PLAYER picked up OAK_LOG
[10:38:25][EntityPickupItemEvent]: PLAYER picked up OAK_LOG
[10:38:26][EntityPickupItemEvent]: PLAYER picked up OAK_LOG
[10:38:27][EntityPickupItemEvent]: PLAYER picked up OAK_SAPLING
[10:38:46][EntityPickupItemEvent]: PLAYER picked up OAK_SAPLING
[10:39:00][EntityPickupItemEvent]: PLAYER picked up OAK_LOG
[10:39:00][EntityPickupItemEvent]: PLAYER picked up OAK_LOG
[10:39:01][EntityPickupItemEvent]: PLAYER picked up OAK_LOG
[10:39:01][EntityPickupItemEvent]: PLAYER picked up OAK_LOG
[10:39:02][EntityPickupItemEvent]: PLAYER picked up OAK_LOG
[10:39:03][EntityPickupItemEvent]: PLAYER picked up OAK_LOG
[10:39:03][EntityPickupItemEvent]: PLAYER picked up OAK_LOG
[10:39:03][EntityPickupItemEvent]: PLAYER picked up STICK
[10:39:04][EntityPickupItemEvent]: PLAYER picked up OAK_SAPLING
[10:39:05][EntityPickupItemEvent]: PLAYER picked up STICK
[10:39:05][EntityPickupItemEvent]: PLAYER picked up OAK_SAPLING
[10:39:06][EntityPickupItemEvent]: PLAYER picked up STICK
[10:39:06][EntityPickupItemEvent]: PLAYER picked up OAK_LOG
[10:39:26][EntityPickupItemEvent]: PLAYER picked up DIAMOND_HELMET
[10:39:40][EntityPickupItemEvent]: PLAYER picked up OAK_LOG
[10:39:40][EntityPickupItemEvent]: PLAYER picked up OAK_LOG
[10:39:42][EntityPickupItemEvent]: PLAYER picked up OAK_LOG
[10:39:42][EntityPickupItemEvent]: PLAYER picked up OAK_LOG
[10:39:46][EntityPickupItemEvent]: PLAYER picked up OAK_LOG
[10:39:47][EntityPickupItemEvent]: PLAYER picked up OAK_LOG
[10:39:48][EntityPickupItemEvent]: PLAYER picked up OAK_LOG
[10:39:48][EntityPickupItemEvent]: PLAYER picked up OAK_LOG
[10:39:49][EntityPickupItemEvent]: PLAYER picked up OAK_LOG
[10:39:50][EntityPickupItemEvent]: PLAYER picked up OAK_LOG
[10:39:53][EntityPickupItemEvent]: PLAYER picked up OAK_LOG
[10:39:55][EntityPickupItemEvent]: PLAYER picked up OAK_LOG
[10:39:56][EntityPickupItemEvent]: PLAYER picked up OAK_LOG
[10:39:59][EntityPickupItemEvent]: PLAYER picked up OAK_LOG
[10:40:00][EntityPickupItemEvent]: PLAYER picked up OAK_LOG
[10:40:02][EntityPickupItemEvent]: PLAYER picked up OAK_LOG
[10:40:02][EntityPickupItemEvent]: PLAYER picked up OAK_LOG
[10:40:03][EntityPickupItemEvent]: PLAYER picked up OAK_LOG
[10:40:03][EntityPickupItemEvent]: PLAYER picked up OAK_LOG
[10:40:04][EntityPickupItemEvent]: PLAYER picked up OAK_LOG
[10:40:05][EntityPickupItemEvent]: PLAYER picked up OAK_LOG
[10:40:06][EntityPickupItemEvent]: PLAYER picked up OAK_LOG
[10:40:07][EntityPickupItemEvent]: PLAYER picked up OAK_LOG
[10:40:08][EntityPickupItemEvent]: PLAYER picked up OAK_LOG
[10:40:08][EntityPickupItemEvent]: PLAYER picked up OAK_LOG
[10:40:11][EntityPickupItemEvent]: PLAYER picked up STICK
[10:40:11][EntityPickupItemEvent]: PLAYER picked up OAK_SAPLING
[10:40:12][EntityPickupItemEvent]: PLAYER picked up OAK_SAPLING
[10:40:14][EntityPickupItemEvent]: PLAYER picked up OAK_LOG
[10:40:17][EntityPickupItemEvent]: PLAYER picked up OAK_LOG
[10:40:18][EntityPickupItemEvent]: PLAYER picked up APPLE
[10:40:19][EntityPickupItemEvent]: PLAYER picked up OAK_SAPLING
[10:40:20][EntityPickupItemEvent]: PLAYER picked up STICK
[10:40:23][EntityPickupItemEvent]: PLAYER picked up OAK_LOG
[10:40:24][EntityPickupItemEvent]: PLAYER picked up OAK_LOG
[10:40:25][EntityPickupItemEvent]: PLAYER picked up OAK_LOG
[10:40:26][EntityPickupItemEvent]: PLAYER picked up OAK_LOG
[10:40:30][EntityPickupItemEvent]: PLAYER picked up OAK_LOG
[10:40:32][EntityPickupItemEvent]: PLAYER picked up OAK_LOG
[10:40:39][EntityPickupItemEvent]: PLAYER picked up OAK_LOG
[10:40:40][EntityPickupItemEvent]: PLAYER picked up OAK_LOG
[10:40:40][EntityPickupItemEvent]: PLAYER picked up OAK_SAPLING
[10:40:41][EntityPickupItemEvent]: PLAYER picked up OAK_SAPLING
[10:40:43][EntityPickupItemEvent]: PLAYER picked up OAK_SAPLING
[10:40:44][EntityPickupItemEvent]: PLAYER picked up OAK_SAPLING
[10:40:57][EntityPickupItemEvent]: PLAYER picked up STICK
[10:41:03][EntityPickupItemEvent]: PLAYER picked up OAK_SAPLING
[10:41:04][EntityPickupItemEvent]: PLAYER picked up OAK_SAPLING
[10:41:06][EntityPickupItemEvent]: PLAYER picked up OAK_SAPLING
[10:41:08][EntityPickupItemEvent]: PLAYER picked up OAK_SAPLING
[10:41:11][EntityPickupItemEvent]: PLAYER picked up OAK_SAPLING
[10:41:17][EntityPickupItemEvent]: PLAYER picked up OAK_SAPLING
[10:41:20][EntityPickupItemEvent]: PLAYER picked up OAK_SAPLING
[10:42:08][EntityPickupItemEvent]: PLAYER picked up OAK_SAPLING
[10:42:18][EntityPickupItemEvent]: PLAYER picked up OAK_SAPLING
[10:42:23][EntityPickupItemEvent]: PLAYER picked up SUGAR_CANE
[10:42:24][EntityPickupItemEvent]: PLAYER picked up SUGAR_CANE
[10:42:25][EntityPickupItemEvent]: PLAYER picked up SUGAR_CANE
[10:42:27][EntityPickupItemEvent]: PLAYER picked up SUGAR_CANE
[10:42:28][EntityPickupItemEvent]: PLAYER picked up SUGAR_CANE
[10:42:29][EntityPickupItemEvent]: PLAYER picked up SUGAR_CANE
[10:42:31][EntityPickupItemEvent]: PLAYER picked up SUGAR_CANE
[10:42:57][EntityPickupItemEvent]: PLAYER picked up SUGAR_CANE
[10:42:58][EntityPickupItemEvent]: PLAYER picked up SUGAR_CANE
[10:43:00][EntityPickupItemEvent]: PLAYER picked up SUGAR_CANE
[10:43:01][EntityPickupItemEvent]: PLAYER picked up SUGAR_CANE
[10:43:03][EntityPickupItemEvent]: PLAYER picked up SUGAR_CANE
[10:43:05][EntityPickupItemEvent]: PLAYER picked up SUGAR_CANE
[10:43:05][EntityPickupItemEvent]: PLAYER picked up SUGAR_CANE
[10:43:05][EntityPickupItemEvent]: PLAYER picked up SUGAR_CANE
[10:43:08][EntityPickupItemEvent]: PLAYER picked up SUGAR_CANE
[10:43:13][EntityPickupItemEvent]: PLAYER picked up SUGAR_CANE
[10:43:25][EntityPickupItemEvent]: PLAYER picked up GRAVEL
[10:47:32][EntityPickupItemEvent]: PLAYER picked up SUGAR_CANE
[10:47:32][EntityPickupItemEvent]: PLAYER picked up SUGAR_CANE
[10:47:32][EntityPickupItemEvent]: PLAYER picked up SUGAR_CANE
[10:47:32][EntityPickupItemEvent]: PLAYER picked up SUGAR_CANE
[10:47:35][EntityPickupItemEvent]: PLAYER picked up SUGAR_CANE
[10:47:36][EntityPickupItemEvent]: PLAYER picked up SUGAR_CANE
[10:47:37][EntityPickupItemEvent]: PLAYER picked up SUGAR_CANE
[10:47:38][EntityPickupItemEvent]: PLAYER picked up SUGAR_CANE
[10:47:39][EntityPickupItemEvent]: PLAYER picked up SUGAR_CANE
[10:47:41][EntityPickupItemEvent]: PLAYER picked up SUGAR_CANE
[10:47:41][EntityPickupItemEvent]: PLAYER picked up SUGAR_CANE
[10:47:41][EntityPickupItemEvent]: PLAYER picked up SUGAR_CANE
[10:47:43][EntityPickupItemEvent]: PLAYER picked up SUGAR_CANE
[10:47:43][EntityPickupItemEvent]: PLAYER picked up SUGAR_CANE
[10:47:44][EntityPickupItemEvent]: PLAYER picked up SUGAR_CANE
[10:47:44][EntityPickupItemEvent]: PLAYER picked up SUGAR_CANE
[10:47:46][EntityPickupItemEvent]: PLAYER picked up SUGAR_CANE
[10:47:52][EntityPickupItemEvent]: PLAYER picked up SUGAR_CANE
[10:47:53][EntityPickupItemEvent]: PLAYER picked up SUGAR_CANE
[10:47:54][EntityPickupItemEvent]: PLAYER picked up SUGAR_CANE
[10:47:54][EntityPickupItemEvent]: PLAYER picked up SUGAR_CANE
[10:47:54][EntityPickupItemEvent]: PLAYER picked up SUGAR_CANE
[10:47:54][EntityPickupItemEvent]: PLAYER picked up SUGAR_CANE
[10:47:54][EntityPickupItemEvent]: PLAYER picked up SUGAR_CANE
[10:47:55][EntityPickupItemEvent]: PLAYER picked up SUGAR_CANE
[10:47:56][EntityPickupItemEvent]: PLAYER picked up SUGAR_CANE
[10:47:59][EntityPickupItemEvent]: PLAYER picked up SUGAR_CANE
[10:47:59][EntityPickupItemEvent]: PLAYER picked up SUGAR_CANE
[10:48:02][EntityPickupItemEvent]: PLAYER picked up SUGAR_CANE
[10:48:12][EntityPickupItemEvent]: PLAYER picked up SUGAR_CANE
[10:48:46][EntityPickupItemEvent]: PLAYER picked up WHEAT_SEEDS
[10:48:46][EntityPickupItemEvent]: PLAYER picked up WHEAT_SEEDS
[10:48:47][EntityPickupItemEvent]: PLAYER picked up WHEAT
[10:48:47][EntityPickupItemEvent]: PLAYER picked up WHEAT
[10:48:47][EntityPickupItemEvent]: PLAYER picked up WHEAT
[10:48:47][EntityPickupItemEvent]: PLAYER picked up WHEAT
[10:48:47][EntityPickupItemEvent]: PLAYER picked up WHEAT
[10:48:47][EntityPickupItemEvent]: PLAYER picked up WHEAT_SEEDS
[10:48:48][EntityPickupItemEvent]: PLAYER picked up WHEAT_SEEDS
[10:48:48][EntityPickupItemEvent]: PLAYER picked up WHEAT_SEEDS
[10:48:49][EntityPickupItemEvent]: PLAYER picked up WHEAT_SEEDS
[10:48:49][EntityPickupItemEvent]: PLAYER picked up WHEAT
[10:48:50][EntityPickupItemEvent]: PLAYER picked up WHEAT_SEEDS
[10:48:50][EntityPickupItemEvent]: PLAYER picked up WHEAT
[10:48:50][EntityPickupItemEvent]: PLAYER picked up WHEAT_SEEDS
[10:48:51][EntityPickupItemEvent]: PLAYER picked up WHEAT_SEEDS
[10:48:51][EntityPickupItemEvent]: PLAYER picked up WHEAT_SEEDS
[10:48:51][EntityPickupItemEvent]: PLAYER picked up WHEAT_SEEDS
[10:48:53][EntityPickupItemEvent]: PLAYER picked up WHEAT
[10:48:53][EntityPickupItemEvent]: PLAYER picked up WHEAT
[10:48:53][EntityPickupItemEvent]: PLAYER picked up WHEAT
[10:48:53][EntityPickupItemEvent]: PLAYER picked up WHEAT
[10:48:53][EntityPickupItemEvent]: PLAYER picked up WHEAT_SEEDS
[10:48:54][EntityPickupItemEvent]: PLAYER picked up WHEAT_SEEDS
[10:48:54][EntityPickupItemEvent]: PLAYER picked up WHEAT
[10:48:54][EntityPickupItemEvent]: PLAYER picked up WHEAT
[10:48:54][EntityPickupItemEvent]: PLAYER picked up WHEAT_SEEDS
[10:48:55][EntityPickupItemEvent]: PLAYER picked up WHEAT
[10:48:55][EntityPickupItemEvent]: PLAYER picked up WHEAT_SEEDS
[10:48:56][EntityPickupItemEvent]: PLAYER picked up WHEAT
[10:48:56][EntityPickupItemEvent]: PLAYER picked up WHEAT_SEEDS
[10:49:48][EntityPickupItemEvent]: PLAYER picked up WHEAT
[10:49:48][EntityPickupItemEvent]: PLAYER picked up WHEAT_SEEDS
[10:49:49][EntityPickupItemEvent]: PLAYER picked up WHEAT_SEEDS
[10:49:49][EntityPickupItemEvent]: PLAYER picked up WHEAT
[10:49:50][EntityPickupItemEvent]: PLAYER picked up WHEAT_SEEDS
[10:49:51][EntityPickupItemEvent]: PLAYER picked up TORCH
[10:49:51][EntityPickupItemEvent]: PLAYER picked up WHEAT
[10:49:52][EntityPickupItemEvent]: PLAYER picked up WHEAT
[10:49:52][EntityPickupItemEvent]: PLAYER picked up WHEAT_SEEDS
[10:49:52][EntityPickupItemEvent]: PLAYER picked up WHEAT_SEEDS
[10:49:53][EntityPickupItemEvent]: PLAYER picked up WHEAT_SEEDS
[10:49:53][EntityPickupItemEvent]: PLAYER picked up WHEAT
[10:49:54][EntityPickupItemEvent]: PLAYER picked up WHEAT
[10:49:54][EntityPickupItemEvent]: PLAYER picked up WHEAT_SEEDS
[10:49:55][EntityPickupItemEvent]: PLAYER picked up WHEAT_SEEDS
[10:49:55][EntityPickupItemEvent]: PLAYER picked up WHEAT_SEEDS
[10:49:55][EntityPickupItemEvent]: PLAYER picked up WHEAT
[10:49:55][EntityPickupItemEvent]: PLAYER picked up WHEAT_SEEDS
[10:49:55][EntityPickupItemEvent]: PLAYER picked up WHEAT_SEEDS
[10:49:56][EntityPickupItemEvent]: PLAYER picked up WHEAT
[10:49:56][EntityPickupItemEvent]: PLAYER picked up WHEAT_SEEDS
[10:49:57][EntityPickupItemEvent]: PLAYER picked up WHEAT
[10:49:58][EntityPickupItemEvent]: PLAYER picked up WHEAT_SEEDS
[10:49:58][EntityPickupItemEvent]: PLAYER picked up WHEAT_SEEDS
[10:49:58][EntityPickupItemEvent]: PLAYER picked up WHEAT
[10:49:59][EntityPickupItemEvent]: PLAYER picked up WHEAT_SEEDS
[10:50:00][EntityPickupItemEvent]: PLAYER picked up WHEAT_SEEDS
[10:50:00][EntityPickupItemEvent]: PLAYER picked up WHEAT_SEEDS
[10:50:00][EntityPickupItemEvent]: PLAYER picked up WHEAT_SEEDS
[10:50:01][EntityPickupItemEvent]: PLAYER picked up WHEAT_SEEDS
[10:50:01][EntityPickupItemEvent]: PLAYER picked up WHEAT_SEEDS
[10:50:01][EntityPickupItemEvent]: PLAYER picked up WHEAT_SEEDS
[10:50:01][EntityPickupItemEvent]: PLAYER picked up WHEAT
[10:50:01][EntityPickupItemEvent]: PLAYER picked up WHEAT
[10:50:01][EntityPickupItemEvent]: PLAYER picked up WHEAT_SEEDS
[10:50:01][EntityPickupItemEvent]: PLAYER picked up WHEAT
[10:50:03][EntityPickupItemEvent]: PLAYER picked up WHEAT_SEEDS
[10:50:03][EntityPickupItemEvent]: PLAYER picked up WHEAT
[10:50:06][EntityPickupItemEvent]: PLAYER picked up WHEAT_SEEDS
[10:50:07][EntityPickupItemEvent]: PLAYER picked up WHEAT
[10:50:08][EntityPickupItemEvent]: PLAYER picked up WHEAT
[10:50:08][EntityPickupItemEvent]: PLAYER picked up WHEAT_SEEDS
[10:50:10][EntityPickupItemEvent]: PLAYER picked up WHEAT_SEEDS
[10:50:13][EntityPickupItemEvent]: PLAYER picked up WHEAT
[10:50:13][EntityPickupItemEvent]: PLAYER picked up WHEAT_SEEDS
[10:50:15][EntityPickupItemEvent]: PLAYER picked up WHEAT_SEEDS
[10:50:15][EntityPickupItemEvent]: PLAYER picked up WHEAT
[10:50:15][EntityPickupItemEvent]: PLAYER picked up WHEAT_SEEDS
[10:50:26][EntityPickupItemEvent]: PLAYER picked up WHEAT_SEEDS
[10:53:51][EntityPickupItemEvent]: PLAYER picked up NETHERRACK
[10:53:53][EntityPickupItemEvent]: PLAYER picked up NETHERRACK
[10:53:56][EntityPickupItemEvent]: PLAYER picked up YELLOW_CONCRETE
[10:54:04][EntityPickupItemEvent]: PLAYER picked up CRIMSON_STAIRS
[10:54:04][EntityPickupItemEvent]: PLAYER picked up YELLOW_CONCRETE
[10:54:26][EntityPickupItemEvent]: PLAYER picked up CRIMSON_STAIRS
[10:54:26][EntityPickupItemEvent]: PLAYER picked up STRIPPED_CRIMSON_HYPHAE
[10:54:27][EntityPickupItemEvent]: PLAYER picked up CRIMSON_PLANKS
[10:57:27][EntityPickupItemEvent]: PLAYER picked up ITEM_FRAME
[10:57:28][EntityPickupItemEvent]: PLAYER picked up HOPPER_MINECART
[10:58:09][EntityPickupItemEvent]: PLAYER picked up DIRT
[10:58:16][EntityPickupItemEvent]: PLAYER picked up DIRT
[10:58:17][EntityPickupItemEvent]: PLAYER picked up DIRT
[10:58:17][EntityPickupItemEvent]: PLAYER picked up DIRT
[10:58:18][EntityPickupItemEvent]: PLAYER picked up DIRT
[10:58:20][EntityPickupItemEvent]: PLAYER picked up DIRT
[10:58:20][EntityPickupItemEvent]: PLAYER picked up DIRT
[10:58:21][EntityPickupItemEvent]: PLAYER picked up DIRT
[10:58:21][EntityPickupItemEvent]: PLAYER picked up DIRT
[10:58:22][EntityPickupItemEvent]: PLAYER picked up DIRT
[10:58:22][EntityPickupItemEvent]: PLAYER picked up DIRT
[10:58:31][EntityPickupItemEvent]: PLAYER picked up DIRT
[10:58:56][EntityPickupItemEvent]: PLAYER picked up DIRT
[10:58:56][EntityPickupItemEvent]: PLAYER picked up DIRT
[10:58:57][EntityPickupItemEvent]: PLAYER picked up DIRT
[10:58:57][EntityPickupItemEvent]: PLAYER picked up DIRT
[10:58:58][EntityPickupItemEvent]: PLAYER picked up DIRT
[10:58:58][EntityPickupItemEvent]: PLAYER picked up DIRT
[10:58:59][EntityPickupItemEvent]: PLAYER picked up DIRT
[10:58:59][EntityPickupItemEvent]: PLAYER picked up DIRT
[11:00:26][EntityPickupItemEvent]: PLAYER picked up SUGAR_CANE
[11:00:29][EntityPickupItemEvent]: PLAYER picked up SUGAR_CANE
[11:00:31][EntityPickupItemEvent]: PLAYER picked up SUGAR_CANE
[11:00:33][EntityPickupItemEvent]: PLAYER picked up SUGAR_CANE
[11:00:34][EntityPickupItemEvent]: PLAYER picked up SUGAR_CANE
[11:00:35][EntityPickupItemEvent]: PLAYER picked up SUGAR_CANE
[11:00:36][EntityPickupItemEvent]: PLAYER picked up SUGAR_CANE
[11:00:36][EntityPickupItemEvent]: PLAYER picked up SUGAR_CANE
[11:00:39][EntityPickupItemEvent]: PLAYER picked up SUGAR_CANE
[11:00:42][EntityPickupItemEvent]: PLAYER picked up SUGAR_CANE
[11:00:53][EntityPickupItemEvent]: PLAYER picked up SUGAR_CANE
[11:00:54][EntityPickupItemEvent]: PLAYER picked up SUGAR_CANE
[11:00:54][EntityPickupItemEvent]: PLAYER picked up SUGAR_CANE
[11:00:54][EntityPickupItemEvent]: PLAYER picked up SUGAR_CANE
[11:00:54][EntityPickupItemEvent]: PLAYER picked up SUGAR_CANE
[11:00:55][EntityPickupItemEvent]: PLAYER picked up SUGAR_CANE
[11:00:56][EntityPickupItemEvent]: PLAYER picked up SUGAR_CANE
[11:00:56][EntityPickupItemEvent]: PLAYER picked up SUGAR_CANE
[11:00:58][EntityPickupItemEvent]: PLAYER picked up SUGAR_CANE
[11:01:01][EntityPickupItemEvent]: PLAYER picked up SUGAR_CANE
[11:01:06][EntityPickupItemEvent]: PLAYER picked up SUGAR_CANE
