[11:51:31][EntityPickupItemEvent]: PLAYER picked up MELON_SLICE
[11:51:33][EntityPickupItemEvent]: PLAYER picked up MELON_SLICE
[11:51:37][EntityPickupItemEvent]: PLAYER picked up MELON_SLICE
[11:51:39][EntityPickupItemEvent]: PLAYER picked up MELON_SLICE
[11:54:22][EntityPickupItemEvent]: PLAYER picked up DIRT
[11:54:24][EntityPickupItemEvent]: PLAYER picked up DIRT
[11:54:29][EntityPickupItemEvent]: PLAYER picked up DIRT
[11:54:38][EntityPickupItemEvent]: PLAYER picked up DIRT
[11:54:40][EntityPickupItemEvent]: PLAYER picked up DIRT
[11:54:41][EntityPickupItemEvent]: PLAYER picked up DIRT
[11:54:42][EntityPickupItemEvent]: PLAYER picked up DIRT
[11:54:50][EntityPickupItemEvent]: PLAYER picked up PUMPKIN
[11:54:50][EntityPickupItemEvent]: PLAYER picked up PUMPKIN
[11:54:50][EntityPickupItemEvent]: PLAYER picked up PUMPKIN
[11:54:50][EntityPickupItemEvent]: PLAYER picked up PUMPKIN
[11:54:50][EntityPickupItemEvent]: PLAYER picked up PUMPKIN
[11:55:18][EntityPickupItemEvent]: PLAYER picked up PUMPKIN
[11:55:19][EntityPickupItemEvent]: PLAYER picked up PUMPKIN
[11:55:20][EntityPickupItemEvent]: PLAYER picked up PUMPKIN
[11:55:39][EntityPickupItemEvent]: PLAYER picked up PUMPKIN
[11:57:44][EntityPickupItemEvent]: PLAYER picked up CRAFTING_TABLE
[11:58:29][EntityPickupItemEvent]: PLAYER picked up DIAMOND
[12:08:18][EntityPickupItemEvent]: PLAYER picked up BIRCH_DOOR
[19:10:18][EntityPickupItemEvent]: PLAYER picked up DIAMOND
[19:12:55][EntityPickupItemEvent]: PLAYER picked up GUNPOWDER
[19:13:21][EntityPickupItemEvent]: PLAYER picked up POTATO
[19:13:21][EntityPickupItemEvent]: PLAYER picked up ROTTEN_FLESH
[19:14:57][EntityPickupItemEvent]: PLAYER picked up MELON_SLICE
[19:14:59][EntityPickupItemEvent]: PLAYER picked up MELON_SLICE
[19:14:59][EntityPickupItemEvent]: PLAYER picked up MELON_SLICE
[19:15:00][EntityPickupItemEvent]: PLAYER picked up MELON_SLICE
[19:15:00][EntityPickupItemEvent]: PLAYER picked up MELON_SLICE
[19:15:01][EntityPickupItemEvent]: PLAYER picked up MELON_SLICE
[19:15:02][EntityPickupItemEvent]: PLAYER picked up MELON_SLICE
[19:15:02][EntityPickupItemEvent]: PLAYER picked up MELON_SLICE
[19:15:03][EntityPickupItemEvent]: PLAYER picked up MELON_SLICE
[19:15:04][EntityPickupItemEvent]: PLAYER picked up MELON_SLICE
[19:15:05][EntityPickupItemEvent]: PLAYER picked up MELON_SLICE
[19:15:05][EntityPickupItemEvent]: PLAYER picked up MELON_SLICE
[19:15:41][EntityPickupItemEvent]: PLAYER picked up ARROW
[19:15:41][EntityPickupItemEvent]: PLAYER picked up BONE
[19:16:18][EntityPickupItemEvent]: PLAYER picked up STRING
[19:20:15][EntityPickupItemEvent]: PLAYER picked up SWEET_BERRIES
[19:20:17][EntityPickupItemEvent]: PLAYER picked up SWEET_BERRIES
[19:20:17][EntityPickupItemEvent]: PLAYER picked up SWEET_BERRIES
[19:20:18][EntityPickupItemEvent]: PLAYER picked up SWEET_BERRIES
[19:20:18][EntityPickupItemEvent]: PLAYER picked up SWEET_BERRIES
[19:20:22][EntityPickupItemEvent]: PLAYER picked up SWEET_BERRIES
[19:24:27][EntityPickupItemEvent]: PLAYER picked up CRAFTING_TABLE
[19:25:26][EntityPickupItemEvent]: PLAYER picked up DIRT
[19:25:27][EntityPickupItemEvent]: PLAYER picked up DIRT
[19:25:30][EntityPickupItemEvent]: PLAYER picked up GRAVEL
[19:25:30][EntityPickupItemEvent]: PLAYER picked up COBBLESTONE
[19:25:32][EntityPickupItemEvent]: PLAYER picked up COBBLESTONE
[19:25:33][EntityPickupItemEvent]: PLAYER picked up COBBLESTONE
[19:25:38][EntityPickupItemEvent]: PLAYER picked up COBBLESTONE
[19:25:39][EntityPickupItemEvent]: PLAYER picked up COBBLESTONE
[19:25:40][EntityPickupItemEvent]: PLAYER picked up COBBLESTONE
[19:25:41][EntityPickupItemEvent]: PLAYER picked up COBBLESTONE
[19:25:42][EntityPickupItemEvent]: PLAYER picked up COBBLESTONE
[19:25:43][EntityPickupItemEvent]: PLAYER picked up COBBLESTONE
[19:25:44][EntityPickupItemEvent]: PLAYER picked up COBBLESTONE
[19:25:47][EntityPickupItemEvent]: PLAYER picked up COBBLESTONE
[19:25:49][EntityPickupItemEvent]: PLAYER picked up COBBLESTONE
[19:25:52][EntityPickupItemEvent]: PLAYER picked up COBBLESTONE
[19:25:52][EntityPickupItemEvent]: PLAYER picked up COBBLESTONE
[19:26:02][EntityPickupItemEvent]: PLAYER picked up DIRT
[19:26:04][EntityPickupItemEvent]: PLAYER picked up DIRT
[19:26:10][EntityPickupItemEvent]: PLAYER picked up DIRT
[19:26:36][EntityPickupItemEvent]: PLAYER picked up OAK_PLANKS
[19:29:15][EntityPickupItemEvent]: PLAYER picked up COBBLESTONE
[19:29:29][EntityPickupItemEvent]: PLAYER picked up COBBLESTONE
[19:29:43][EntityPickupItemEvent]: PLAYER picked up COBBLESTONE
[19:29:45][EntityPickupItemEvent]: PLAYER picked up COBBLESTONE
[19:29:59][EntityPickupItemEvent]: PLAYER picked up COBBLESTONE
[19:31:09][EntityPickupItemEvent]: PLAYER picked up BELL
[19:33:39][EntityPickupItemEvent]: PLAYER picked up COBBLESTONE
[19:33:40][EntityPickupItemEvent]: PLAYER picked up COBBLESTONE
[19:34:30][EntityPickupItemEvent]: PLAYER picked up ROTTEN_FLESH
[19:34:31][EntityPickupItemEvent]: PLAYER picked up ROTTEN_FLESH
[19:34:39][EntityPickupItemEvent]: PLAYER picked up ROTTEN_FLESH
[19:34:47][EntityPickupItemEvent]: PLAYER picked up ROTTEN_FLESH
[19:35:04][EntityPickupItemEvent]: PLAYER picked up ROTTEN_FLESH
[19:36:28][EntityPickupItemEvent]: PLAYER picked up GOLDEN_LEGGINGS
[19:36:57][EntityPickupItemEvent]: PLAYER picked up ROTTEN_FLESH
[19:37:11][EntityPickupItemEvent]: PLAYER picked up ROTTEN_FLESH
[19:37:15][EntityPickupItemEvent]: PLAYER picked up GUNPOWDER
[19:37:22][EntityPickupItemEvent]: PLAYER picked up ROTTEN_FLESH
[19:37:22][EntityPickupItemEvent]: PLAYER picked up IRON_INGOT
[19:37:37][EntityPickupItemEvent]: PLAYER picked up BONE
[19:37:51][EntityPickupItemEvent]: PLAYER picked up STRING
[19:38:34][EntityPickupItemEvent]: PLAYER picked up SWEET_BERRIES
[19:38:34][EntityPickupItemEvent]: PLAYER picked up SWEET_BERRIES
[19:38:34][EntityPickupItemEvent]: PLAYER picked up SWEET_BERRIES
[19:40:26][EntityPickupItemEvent]: PLAYER picked up ARROW
[19:40:26][EntityPickupItemEvent]: PLAYER picked up BONE
[19:43:08][EntityPickupItemEvent]: PLAYER picked up OAK_LOG
[19:43:08][EntityPickupItemEvent]: PLAYER picked up OAK_LOG
[19:43:54][EntityPickupItemEvent]: PLAYER picked up WHITE_BANNER
