[11:50:57][BlockBreakEvent][Cancelled]: breaked minecraft:chest[facing=south,type=left,waterlogged=false] on [world;-417;91;551]
[11:51:30][BlockBreakEvent]: breaked minecraft:melon on [world;-401;82;592]
[11:51:33][BlockBreakEvent]: breaked minecraft:melon on [world;-400;82;590]
[11:51:37][BlockBreakEvent]: breaked minecraft:melon on [world;-399;82;593]
[11:51:39][BlockBreakEvent]: breaked minecraft:melon on [world;-399;82;594]
[11:53:05][BlockPlaceEvent]: placed minecraft:cobblestone on [world;-571;87;671]
[11:53:05][BlockPlaceEvent]: placed minecraft:cobblestone on [world;-571;88;671]
[11:54:22][BlockBreakEvent]: breaked minecraft:grass_block[snowy=false] on [world;-598;67;633]
[11:54:24][BlockBreakEvent]: breaked minecraft:dirt on [world;-598;66;633]
[11:54:27][BlockBreakEvent]: breaked minecraft:dirt on [world;-598;65;633]
[11:54:38][BlockBreakEvent]: breaked minecraft:dirt on [world;-598;64;633]
[11:54:39][BlockBreakEvent]: breaked minecraft:dirt on [world;-598;63;633]
[11:54:40][BlockBreakEvent]: breaked minecraft:dirt on [world;-598;62;633]
[11:54:41][BlockBreakEvent]: breaked minecraft:dirt on [world;-598;61;633]
[11:55:54][BlockPlaceEvent]: placed minecraft:cobblestone on [world;-598;59;634]
[11:55:56][BlockPlaceEvent]: placed minecraft:dirt on [world;-598;61;633]
[11:55:56][BlockPlaceEvent]: placed minecraft:dirt on [world;-598;62;633]
[11:55:57][BlockPlaceEvent]: placed minecraft:dirt on [world;-598;63;633]
[11:55:57][BlockPlaceEvent]: placed minecraft:dirt on [world;-598;64;633]
[11:55:58][BlockPlaceEvent]: placed minecraft:dirt on [world;-598;65;633]
[11:55:58][BlockPlaceEvent]: placed minecraft:dirt on [world;-598;66;633]
[11:55:59][BlockPlaceEvent]: placed minecraft:dirt on [world;-598;67;633]
[11:57:43][BlockBreakEvent]: breaked minecraft:crafting_table on [world;-597;80;692]
[11:57:46][BlockPlaceEvent]: placed minecraft:crafting_table on [world;-597;80;692]
[12:05:30][BlockBreakEvent]: breaked minecraft:cobblestone on [world;-480;38;910]
[12:05:31][BlockBreakEvent]: breaked minecraft:stone on [world;-480;37;910]
[12:05:37][BlockPlaceEvent]: placed minecraft:cobblestone on [world;-480;37;910]
[12:05:37][BlockPlaceEvent]: placed minecraft:cobblestone on [world;-480;38;910]
[12:08:17][BlockBreakEvent]: breaked minecraft:birch_door[facing=west,half=upper,hinge=left,open=true,powered=false] on [world;-221;68;689]
[12:08:18][BlockPlaceEvent]: placed minecraft:dirt on [world;-221;67;689]
[12:08:18][BlockPlaceEvent]: placed minecraft:dirt on [world;-221;68;689]
[19:13:10][BlockBreakEvent]: breaked minecraft:grass on [world;-267;68;550]
[19:14:57][BlockBreakEvent]: breaked minecraft:melon on [world;-296;63;511]
[19:14:58][BlockBreakEvent]: breaked minecraft:melon on [world;-297;63;510]
[19:14:59][BlockBreakEvent]: breaked minecraft:melon on [world;-297;63;509]
[19:14:59][BlockBreakEvent]: breaked minecraft:melon on [world;-297;63;508]
[19:15:00][BlockBreakEvent]: breaked minecraft:melon on [world;-297;63;507]
[19:15:00][BlockBreakEvent]: breaked minecraft:melon on [world;-297;63;506]
[19:15:01][BlockBreakEvent]: breaked minecraft:melon on [world;-297;63;505]
[19:15:01][BlockBreakEvent]: breaked minecraft:melon on [world;-297;63;504]
[19:15:02][BlockBreakEvent]: breaked minecraft:melon on [world;-297;63;503]
[19:15:03][BlockBreakEvent]: breaked minecraft:melon on [world;-297;63;502]
[19:15:03][BlockBreakEvent]: breaked minecraft:melon on [world;-297;63;501]
[19:15:04][BlockBreakEvent]: breaked minecraft:melon on [world;-297;63;500]
[19:15:04][BlockBreakEvent]: breaked minecraft:melon on [world;-297;63;499]
[19:15:05][BlockBreakEvent]: breaked minecraft:melon on [world;-297;63;498]
[19:16:15][BlockBreakEvent]: breaked minecraft:grass on [world;-255;72;600]
[19:17:12][BlockBreakEvent]: breaked minecraft:weeping_vines_plant on [world_nether;-27;69;89]
[19:20:18][BlockPlaceEvent]: placed minecraft:sweet_berry_bush[age=0] on [world;-570;63;804]
[19:20:18][BlockPlaceEvent]: placed minecraft:sweet_berry_bush[age=0] on [world;-568;63;804]
[19:20:19][BlockPlaceEvent]: placed minecraft:sweet_berry_bush[age=0] on [world;-567;63;804]
[19:20:20][BlockBreakEvent]: breaked minecraft:sweet_berry_bush[age=0] on [world;-567;63;804]
[19:20:20][BlockBreakEvent]: breaked minecraft:sweet_berry_bush[age=0] on [world;-568;63;804]
[19:20:21][BlockBreakEvent]: breaked minecraft:sweet_berry_bush[age=0] on [world;-570;63;804]
[19:21:27][BlockPlaceEvent]: placed minecraft:sweet_berry_bush[age=0] on [world;-304;64;824]
[19:24:13][BlockBreakEvent]: breaked minecraft:grass on [world;-243;67;853]
[19:24:14][BlockBreakEvent]: breaked minecraft:grass on [world;-242;66;857]
[19:24:14][BlockBreakEvent]: breaked minecraft:grass on [world;-242;66;858]
[19:24:16][BlockBreakEvent]: breaked minecraft:grass on [world;-241;66;870]
[19:24:16][BlockBreakEvent]: breaked minecraft:grass on [world;-241;66;872]
[19:24:16][BlockBreakEvent]: breaked minecraft:grass on [world;-240;66;874]
[19:24:16][BlockBreakEvent]: breaked minecraft:grass on [world;-240;66;875]
[19:24:17][BlockBreakEvent]: breaked minecraft:grass on [world;-240;66;879]
[19:24:17][BlockBreakEvent]: breaked minecraft:grass on [world;-240;66;880]
[19:24:17][BlockBreakEvent]: breaked minecraft:grass on [world;-240;67;881]
[19:24:17][BlockBreakEvent]: breaked minecraft:grass on [world;-240;67;882]
[19:24:18][BlockBreakEvent]: breaked minecraft:grass on [world;-240;67;884]
[19:24:18][BlockBreakEvent]: breaked minecraft:grass on [world;-240;67;886]
[19:24:18][BlockBreakEvent]: breaked minecraft:grass on [world;-239;67;887]
[19:24:19][BlockBreakEvent]: breaked minecraft:grass on [world;-239;67;889]
[19:24:19][BlockBreakEvent]: breaked minecraft:grass on [world;-240;67;890]
[19:24:24][BlockPlaceEvent]: placed minecraft:crafting_table on [world;-246;66;918]
[19:24:26][BlockBreakEvent]: breaked minecraft:grass on [world;-247;67;918]
[19:24:27][BlockBreakEvent]: breaked minecraft:crafting_table on [world;-246;66;918]
[19:24:30][BlockBreakEvent]: breaked minecraft:grass on [world;-254;69;923]
[19:24:31][BlockBreakEvent]: breaked minecraft:grass on [world;-255;70;923]
[19:25:25][BlockBreakEvent]: breaked minecraft:grass_block[snowy=false] on [world;-446;62;910]
[19:25:27][BlockBreakEvent]: breaked minecraft:dirt on [world;-446;61;910]
[19:25:28][BlockBreakEvent]: breaked minecraft:gravel on [world;-446;60;910]
[19:25:30][BlockBreakEvent]: breaked minecraft:stone on [world;-446;59;910]
[19:25:31][BlockBreakEvent]: breaked minecraft:stone on [world;-446;58;910]
[19:25:32][BlockBreakEvent]: breaked minecraft:stone on [world;-447;58;910]
[19:25:36][BlockPlaceEvent]: placed minecraft:dirt on [world;-447;58;910]
[19:25:38][BlockBreakEvent]: breaked minecraft:stone on [world;-446;57;910]
[19:25:39][BlockBreakEvent]: breaked minecraft:stone on [world;-446;56;910]
[19:25:40][BlockBreakEvent]: breaked minecraft:stone on [world;-446;55;910]
[19:25:41][BlockBreakEvent]: breaked minecraft:stone on [world;-446;54;910]
[19:25:41][BlockBreakEvent]: breaked minecraft:stone on [world;-446;53;910]
[19:25:42][BlockBreakEvent]: breaked minecraft:stone on [world;-446;52;910]
[19:25:43][BlockBreakEvent]: breaked minecraft:stone on [world;-447;52;910]
[19:25:45][BlockPlaceEvent]: placed minecraft:dirt on [world;-447;52;910]
[19:25:47][BlockBreakEvent]: breaked minecraft:stone on [world;-446;51;910]
[19:25:48][BlockBreakEvent]: breaked minecraft:stone on [world;-446;50;910]
[19:25:49][BlockBreakEvent]: breaked minecraft:stone on [world;-447;50;910]
[19:25:52][BlockBreakEvent]: breaked minecraft:stone on [world;-447;51;910]
[19:26:02][BlockBreakEvent]: breaked minecraft:grass_block[snowy=false] on [world;-450;64;909]
[19:26:04][BlockBreakEvent]: breaked minecraft:dirt on [world;-450;63;909]
[19:26:10][BlockBreakEvent]: breaked minecraft:grass_block[snowy=false] on [world;-450;63;908]
[19:26:11][BlockPlaceEvent]: placed minecraft:dirt on [world;-450;63;909]
[19:26:11][BlockPlaceEvent]: placed minecraft:dirt on [world;-450;63;908]
[19:26:12][BlockPlaceEvent]: placed minecraft:dirt on [world;-450;64;909]
[19:26:25][BlockPlaceEvent]: placed minecraft:oak_planks on [world;-448;49;910]
[19:26:35][BlockBreakEvent]: breaked minecraft:oak_planks on [world;-448;49;910]
[19:26:42][BlockPlaceEvent]: placed minecraft:cobblestone on [world;-447;50;910]
[19:26:42][BlockPlaceEvent]: placed minecraft:cobblestone on [world;-447;51;910]
[19:26:44][BlockPlaceEvent]: placed minecraft:cobblestone on [world;-446;50;910]
[19:26:44][BlockPlaceEvent]: placed minecraft:cobblestone on [world;-446;51;910]
[19:26:45][BlockPlaceEvent]: placed minecraft:cobblestone on [world;-446;52;910]
[19:26:45][BlockPlaceEvent]: placed minecraft:cobblestone on [world;-446;53;910]
[19:26:46][BlockPlaceEvent]: placed minecraft:cobblestone on [world;-446;54;910]
[19:26:46][BlockPlaceEvent]: placed minecraft:cobblestone on [world;-446;55;910]
[19:26:47][BlockPlaceEvent]: placed minecraft:cobblestone on [world;-446;56;910]
[19:26:47][BlockPlaceEvent]: placed minecraft:cobblestone on [world;-446;57;910]
[19:26:48][BlockPlaceEvent]: placed minecraft:cobblestone on [world;-446;58;910]
[19:26:48][BlockPlaceEvent]: placed minecraft:cobblestone on [world;-446;59;910]
[19:26:49][BlockPlaceEvent]: placed minecraft:cobblestone on [world;-446;60;910]
[19:29:15][BlockBreakEvent]: breaked minecraft:stone on [world;-452;57;914]
[19:29:16][BlockBreakEvent]: breaked minecraft:stone on [world;-451;57;914]
[19:29:17][BlockBreakEvent]: breaked minecraft:stone on [world;-450;57;914]
[19:29:21][BlockPlaceEvent]: placed minecraft:cobblestone on [world;-450;57;914]
[19:29:22][BlockPlaceEvent]: placed minecraft:cobblestone on [world;-451;57;914]
[19:29:22][BlockPlaceEvent]: placed minecraft:cobblestone on [world;-452;57;914]
[19:29:28][BlockBreakEvent]: breaked minecraft:cobblestone on [world;-462;57;919]
[19:29:32][BlockPlaceEvent]: placed minecraft:cobblestone on [world;-462;57;919]
[19:29:43][BlockBreakEvent]: breaked minecraft:cobblestone on [world;-455;57;914]
[19:29:45][BlockBreakEvent]: breaked minecraft:cobblestone on [world;-455;57;913]
[19:29:58][BlockBreakEvent]: breaked minecraft:cobblestone on [world;-455;56;913]
[19:30:17][BlockPlaceEvent]: placed minecraft:cobblestone on [world;-455;57;914]
[19:30:18][BlockPlaceEvent]: placed minecraft:cobblestone on [world;-455;56;913]
[19:30:18][BlockPlaceEvent]: placed minecraft:cobblestone on [world;-455;57;913]
[19:31:09][BlockBreakEvent]: breaked minecraft:bell[attachment=single_wall,facing=east,powered=false] on [world;-480;41;912]
[19:31:11][BlockPlaceEvent]: placed minecraft:bell[attachment=single_wall,facing=east,powered=false] on [world;-480;41;912]
[19:33:39][BlockBreakEvent]: breaked minecraft:cobblestone on [world;-455;57;915]
[19:33:40][BlockBreakEvent]: breaked minecraft:cobblestone on [world;-455;56;915]
[19:33:52][BlockPlaceEvent]: placed minecraft:cobblestone on [world;-455;56;915]
[19:33:53][BlockPlaceEvent]: placed minecraft:cobblestone on [world;-455;57;915]
[19:35:12][BlockPlaceEvent]: placed minecraft:cobblestone on [world;-441;64;904]
[19:35:13][BlockPlaceEvent]: placed minecraft:cobblestone on [world;-441;65;904]
[19:35:13][BlockPlaceEvent]: placed minecraft:cobblestone on [world;-441;66;904]
[19:35:14][BlockPlaceEvent]: placed minecraft:cobblestone on [world;-441;67;904]
[19:37:30][BlockBreakEvent]: breaked minecraft:grass on [world;-499;64;880]
[19:37:36][BlockBreakEvent]: breaked minecraft:grass on [world;-504;64;879]
[19:43:03][BlockBreakEvent]: breaked minecraft:oak_log[axis=y] on [world;-384;64;866]
[19:43:04][BlockBreakEvent]: breaked minecraft:oak_log[axis=y] on [world;-384;65;866]
[19:43:05][BlockBreakEvent]: breaked minecraft:oak_log[axis=y] on [world;-384;66;866]
[19:43:06][BlockBreakEvent]: breaked minecraft:oak_log[axis=y] on [world;-384;67;866]
[19:43:07][BlockBreakEvent]: breaked minecraft:oak_log[axis=y] on [world;-384;68;866]
[19:43:07][BlockBreakEvent]: breaked minecraft:oak_log[axis=y] on [world;-384;69;866]
[19:43:23][BlockPlaceEvent]: placed minecraft:oak_planks on [world;-389;64;846]
[19:43:23][BlockPlaceEvent]: placed minecraft:oak_planks on [world;-389;65;846]
[19:43:24][BlockPlaceEvent]: placed minecraft:oak_planks on [world;-389;66;846]
[19:43:24][BlockPlaceEvent]: placed minecraft:oak_planks on [world;-389;67;846]
[19:43:25][BlockPlaceEvent]: placed minecraft:oak_planks on [world;-389;68;846]
[19:43:25][BlockPlaceEvent]: placed minecraft:oak_planks on [world;-389;69;846]
[19:43:26][BlockPlaceEvent]: placed minecraft:oak_planks on [world;-389;70;846]
[19:43:26][BlockPlaceEvent]: placed minecraft:oak_planks on [world;-389;71;846]
[19:43:27][BlockPlaceEvent]: placed minecraft:oak_planks on [world;-389;72;846]
[19:43:28][BlockPlaceEvent]: placed minecraft:oak_planks on [world;-389;73;846]
[19:43:29][BlockPlaceEvent]: placed minecraft:oak_planks on [world;-389;74;846]
[19:43:29][BlockPlaceEvent]: placed minecraft:oak_planks on [world;-389;75;846]
[19:43:30][BlockPlaceEvent]: placed minecraft:oak_planks on [world;-389;76;846]
[19:43:30][BlockPlaceEvent]: placed minecraft:oak_planks on [world;-389;77;846]
[19:43:31][BlockPlaceEvent]: placed minecraft:oak_planks on [world;-389;78;846]
[19:43:31][BlockPlaceEvent]: placed minecraft:oak_planks on [world;-389;79;846]
[19:43:32][BlockPlaceEvent]: placed minecraft:oak_planks on [world;-389;80;846]
[19:43:34][BlockPlaceEvent]: placed minecraft:oak_planks on [world;-392;79;843]
[19:43:35][BlockPlaceEvent]: placed minecraft:oak_planks on [world;-392;79;844]
[19:43:35][BlockPlaceEvent]: placed minecraft:oak_planks on [world;-392;80;844]
[19:43:35][BlockPlaceEvent]: placed minecraft:oak_planks on [world;-391;79;844]
[19:43:36][BlockPlaceEvent]: placed minecraft:oak_planks on [world;-391;80;844]
[19:43:36][BlockPlaceEvent]: placed minecraft:oak_planks on [world;-391;80;845]
[19:43:36][BlockPlaceEvent]: placed minecraft:oak_planks on [world;-390;80;845]
[19:43:37][BlockPlaceEvent]: placed minecraft:oak_planks on [world;-390;81;845]
[19:43:38][BlockPlaceEvent]: placed minecraft:oak_planks on [world;-389;81;846]
[19:43:40][BlockPlaceEvent]: placed minecraft:oak_planks on [world;-397;81;843]
[19:43:41][BlockPlaceEvent]: placed minecraft:oak_planks on [world;-397;82;843]
[19:43:41][BlockPlaceEvent]: placed minecraft:oak_planks on [world;-397;83;843]
[19:43:42][BlockPlaceEvent]: placed minecraft:oak_planks on [world;-397;84;843]
[19:43:42][BlockPlaceEvent]: placed minecraft:oak_planks on [world;-397;85;843]
[19:43:43][BlockPlaceEvent]: placed minecraft:oak_planks on [world;-397;86;843]
[19:43:43][BlockPlaceEvent]: placed minecraft:oak_planks on [world;-397;87;843]
[19:43:52][BlockBreakEvent]: breaked minecraft:snow[layers=1] on [world;-417;94;836]
[19:43:54][BlockBreakEvent]: breaked minecraft:white_banner[rotation=12] on [world;-419;94;836]
