[19:43:58][EntityPickupItemEvent]: PLAYER picked up DIAMOND_PICKAXE
[19:59:38][EntityPickupItemEvent]: PLAYER picked up COBBLESTONE
[20:00:35][EntityPickupItemEvent]: PLAYER picked up COBBLESTONE
[20:00:36][EntityPickupItemEvent]: PLAYER picked up COBBLESTONE
[20:00:37][EntityPickupItemEvent]: PLAYER picked up COBBLESTONE
[20:00:37][EntityPickupItemEvent]: PLAYER picked up COBBLESTONE
[20:00:38][EntityPickupItemEvent]: PLAYER picked up COBBLESTONE
[20:00:39][EntityPickupItemEvent]: PLAYER picked up REDSTONE
[20:00:41][EntityPickupItemEvent]: PLAYER picked up COBBLESTONE
[20:00:41][EntityPickupItemEvent]: PLAYER picked up COBBLESTONE
[20:00:42][EntityPickupItemEvent]: PLAYER picked up REDSTONE
[20:00:43][EntityPickupItemEvent]: PLAYER picked up REDSTONE
[20:00:43][EntityPickupItemEvent]: PLAYER picked up REDSTONE
[20:00:44][EntityPickupItemEvent]: PLAYER picked up REDSTONE
[20:00:45][EntityPickupItemEvent]: PLAYER picked up REDSTONE
[20:00:48][EntityPickupItemEvent]: PLAYER picked up COBBLESTONE
[20:00:50][EntityPickupItemEvent]: PLAYER picked up COBBLESTONE
[20:00:50][EntityPickupItemEvent]: PLAYER picked up COBBLESTONE
[20:00:50][EntityPickupItemEvent]: PLAYER picked up COBBLESTONE
[20:00:51][EntityPickupItemEvent]: PLAYER picked up IRON_ORE
[20:00:53][EntityPickupItemEvent]: PLAYER picked up COBBLESTONE
[20:00:55][EntityPickupItemEvent]: PLAYER picked up COBBLESTONE
[20:01:14][EntityPickupItemEvent]: PLAYER picked up TORCH
[20:01:22][EntityPickupItemEvent]: PLAYER picked up COBBLESTONE
[20:01:23][EntityPickupItemEvent]: PLAYER picked up COBBLESTONE
[20:01:34][EntityPickupItemEvent]: PLAYER picked up COBBLESTONE
[20:01:34][EntityPickupItemEvent]: PLAYER picked up COBBLESTONE
[20:01:35][EntityPickupItemEvent]: PLAYER picked up COBBLESTONE
[20:01:36][EntityPickupItemEvent]: PLAYER picked up COBBLESTONE
[20:01:37][EntityPickupItemEvent]: PLAYER picked up COBBLESTONE
[20:01:37][EntityPickupItemEvent]: PLAYER picked up COBBLESTONE
[20:01:52][EntityPickupItemEvent]: PLAYER picked up GRAVEL
[20:01:54][EntityPickupItemEvent]: PLAYER picked up GRAVEL
[20:01:55][EntityPickupItemEvent]: PLAYER picked up GRAVEL
[20:01:57][EntityPickupItemEvent]: PLAYER picked up COBBLESTONE
[20:01:58][EntityPickupItemEvent]: PLAYER picked up GRAVEL
[20:02:07][EntityPickupItemEvent]: PLAYER picked up GRAVEL
[20:02:09][EntityPickupItemEvent]: PLAYER picked up COBBLESTONE
[20:02:11][EntityPickupItemEvent]: PLAYER picked up DIORITE
[20:02:11][EntityPickupItemEvent]: PLAYER picked up COBBLESTONE
[20:02:15][EntityPickupItemEvent]: PLAYER picked up DIORITE
[20:02:17][EntityPickupItemEvent]: PLAYER picked up COBBLESTONE
[20:02:22][EntityPickupItemEvent]: PLAYER picked up IRON_ORE
[20:02:24][EntityPickupItemEvent]: PLAYER picked up IRON_ORE
[20:02:25][EntityPickupItemEvent]: PLAYER picked up IRON_ORE
[20:02:26][EntityPickupItemEvent]: PLAYER picked up IRON_ORE
[20:02:26][EntityPickupItemEvent]: PLAYER picked up IRON_ORE
[20:02:27][EntityPickupItemEvent]: PLAYER picked up COBBLESTONE
[20:02:27][EntityPickupItemEvent]: PLAYER picked up COBBLESTONE
[20:02:28][EntityPickupItemEvent]: PLAYER picked up ANDESITE
[20:02:29][EntityPickupItemEvent]: PLAYER picked up COBBLESTONE
[20:02:29][EntityPickupItemEvent]: PLAYER picked up COBBLESTONE
[20:02:30][EntityPickupItemEvent]: PLAYER picked up ANDESITE
[20:02:30][EntityPickupItemEvent]: PLAYER picked up ANDESITE
[20:02:31][EntityPickupItemEvent]: PLAYER picked up COBBLESTONE
[20:02:31][EntityPickupItemEvent]: PLAYER picked up COBBLESTONE
[20:02:34][EntityPickupItemEvent]: PLAYER picked up COBBLESTONE
[20:02:35][EntityPickupItemEvent]: PLAYER picked up COBBLESTONE
[20:02:43][EntityPickupItemEvent]: PLAYER picked up COBBLESTONE
[20:02:46][EntityPickupItemEvent]: PLAYER picked up COBBLESTONE
[20:02:47][EntityPickupItemEvent]: PLAYER picked up COBBLESTONE
[20:02:48][EntityPickupItemEvent]: PLAYER picked up COBBLESTONE
[20:02:51][EntityPickupItemEvent]: PLAYER picked up COBBLESTONE
[20:02:51][EntityPickupItemEvent]: PLAYER picked up COBBLESTONE
[20:02:51][EntityPickupItemEvent]: PLAYER picked up COBBLESTONE
[20:02:54][EntityPickupItemEvent]: PLAYER picked up COBBLESTONE
[20:03:01][EntityPickupItemEvent]: PLAYER picked up COAL
[20:03:01][EntityPickupItemEvent]: PLAYER picked up COBBLESTONE
[20:03:03][EntityPickupItemEvent]: PLAYER picked up COAL
[20:03:04][EntityPickupItemEvent]: PLAYER picked up COBBLESTONE
[20:03:04][EntityPickupItemEvent]: PLAYER picked up COAL
[20:03:07][EntityPickupItemEvent]: PLAYER picked up COBBLESTONE
[20:03:08][EntityPickupItemEvent]: PLAYER picked up COBBLESTONE
[20:03:17][EntityPickupItemEvent]: PLAYER picked up COBBLESTONE
[20:03:19][EntityPickupItemEvent]: PLAYER picked up DIORITE
[20:03:19][EntityPickupItemEvent]: PLAYER picked up DIORITE
[20:03:23][EntityPickupItemEvent]: PLAYER picked up DIORITE
[20:03:32][EntityPickupItemEvent]: PLAYER picked up COBBLESTONE
[20:03:37][EntityPickupItemEvent]: PLAYER picked up COBBLESTONE
[20:03:38][EntityPickupItemEvent]: PLAYER picked up COBBLESTONE
[20:03:39][EntityPickupItemEvent]: PLAYER picked up COBBLESTONE
[20:03:42][EntityPickupItemEvent]: PLAYER picked up DIORITE
[20:03:42][EntityPickupItemEvent]: PLAYER picked up COBBLESTONE
[20:03:43][EntityPickupItemEvent]: PLAYER picked up COBBLESTONE
[20:03:44][EntityPickupItemEvent]: PLAYER picked up COBBLESTONE
[20:03:44][EntityPickupItemEvent]: PLAYER picked up COBBLESTONE
[20:03:45][EntityPickupItemEvent]: PLAYER picked up COBBLESTONE
[20:03:46][EntityPickupItemEvent]: PLAYER picked up COBBLESTONE
[20:03:46][EntityPickupItemEvent]: PLAYER picked up COBBLESTONE
[20:03:46][EntityPickupItemEvent]: PLAYER picked up COBBLESTONE
[20:03:58][EntityPickupItemEvent]: PLAYER picked up COBBLESTONE
[20:03:59][EntityPickupItemEvent]: PLAYER picked up COBBLESTONE
[20:04:00][EntityPickupItemEvent]: PLAYER picked up COBBLESTONE
[20:04:00][EntityPickupItemEvent]: PLAYER picked up COBBLESTONE
[20:04:01][EntityPickupItemEvent]: PLAYER picked up COBBLESTONE
[20:04:07][EntityPickupItemEvent]: PLAYER picked up COBBLESTONE
[20:04:07][EntityPickupItemEvent]: PLAYER picked up COBBLESTONE
[20:04:14][EntityPickupItemEvent]: PLAYER picked up COBBLESTONE
[20:04:17][EntityPickupItemEvent]: PLAYER picked up COBBLESTONE
[20:04:23][EntityPickupItemEvent]: PLAYER picked up COBBLESTONE
[20:04:30][EntityPickupItemEvent]: PLAYER picked up COBBLESTONE
[20:04:37][EntityPickupItemEvent]: PLAYER picked up COBBLESTONE
[20:04:46][EntityPickupItemEvent]: PLAYER picked up COBBLESTONE
[20:04:52][EntityPickupItemEvent]: PLAYER picked up COBBLESTONE
[20:05:05][EntityPickupItemEvent]: PLAYER picked up COBBLESTONE
[20:05:05][EntityPickupItemEvent]: PLAYER picked up COBBLESTONE
[20:05:07][EntityPickupItemEvent]: PLAYER picked up COBBLESTONE
[20:05:08][EntityPickupItemEvent]: PLAYER picked up COBBLESTONE
[20:05:09][EntityPickupItemEvent]: PLAYER picked up COBBLESTONE
[20:05:09][EntityPickupItemEvent]: PLAYER picked up COBBLESTONE
[20:05:12][EntityPickupItemEvent]: PLAYER picked up COBBLESTONE
[20:05:32][EntityPickupItemEvent]: PLAYER picked up COBBLESTONE
[20:05:33][EntityPickupItemEvent]: PLAYER picked up REDSTONE
[20:05:39][EntityPickupItemEvent]: PLAYER picked up COBBLESTONE
[20:05:39][EntityPickupItemEvent]: PLAYER picked up REDSTONE
[20:05:41][EntityPickupItemEvent]: PLAYER picked up COBBLESTONE
[20:05:41][EntityPickupItemEvent]: PLAYER picked up COBBLESTONE
[20:05:43][EntityPickupItemEvent]: PLAYER picked up COBBLESTONE
[20:05:44][EntityPickupItemEvent]: PLAYER picked up COBBLESTONE
[20:05:48][EntityPickupItemEvent]: PLAYER picked up COBBLESTONE
[20:05:54][EntityPickupItemEvent]: PLAYER picked up COBBLESTONE
[20:05:56][EntityPickupItemEvent]: PLAYER picked up TORCH
[20:06:01][EntityPickupItemEvent]: PLAYER picked up LAPIS_LAZULI
[20:06:06][EntityPickupItemEvent]: PLAYER picked up COBBLESTONE
[20:06:06][EntityPickupItemEvent]: PLAYER picked up LAPIS_LAZULI
[20:06:08][EntityPickupItemEvent]: PLAYER picked up LAPIS_LAZULI
[20:06:10][EntityPickupItemEvent]: PLAYER picked up COBBLESTONE
[20:06:23][EntityPickupItemEvent]: PLAYER picked up COBBLESTONE
[20:06:25][EntityPickupItemEvent]: PLAYER picked up COBBLESTONE
[20:06:25][EntityPickupItemEvent]: PLAYER picked up GRANITE
[20:06:27][EntityPickupItemEvent]: PLAYER picked up GRANITE
[20:06:28][EntityPickupItemEvent]: PLAYER picked up GRANITE
[20:06:30][EntityPickupItemEvent]: PLAYER picked up GRANITE
[20:06:31][EntityPickupItemEvent]: PLAYER picked up GRANITE
[20:06:34][EntityPickupItemEvent]: PLAYER picked up COBBLESTONE
[20:06:34][EntityPickupItemEvent]: PLAYER picked up COBBLESTONE
[20:06:34][EntityPickupItemEvent]: PLAYER picked up GRANITE
[20:06:37][EntityPickupItemEvent]: PLAYER picked up COBBLESTONE
[20:06:38][EntityPickupItemEvent]: PLAYER picked up COBBLESTONE
[20:06:40][EntityPickupItemEvent]: PLAYER picked up COBBLESTONE
[20:06:50][EntityPickupItemEvent]: PLAYER picked up COBBLESTONE
[20:06:56][EntityPickupItemEvent]: PLAYER picked up COBBLESTONE
[20:06:59][EntityPickupItemEvent]: PLAYER picked up COBBLESTONE
[20:06:59][EntityPickupItemEvent]: PLAYER picked up COBBLESTONE
[20:07:03][EntityPickupItemEvent]: PLAYER picked up COBBLESTONE
[20:07:08][EntityPickupItemEvent]: PLAYER picked up GRANITE
[20:07:12][EntityPickupItemEvent]: PLAYER picked up COBBLESTONE
[20:07:13][EntityPickupItemEvent]: PLAYER picked up GRANITE
[20:07:13][EntityPickupItemEvent]: PLAYER picked up COBBLESTONE
[20:07:14][EntityPickupItemEvent]: PLAYER picked up GRANITE
[20:07:18][EntityPickupItemEvent]: PLAYER picked up IRON_ORE
[20:07:18][EntityPickupItemEvent]: PLAYER picked up IRON_ORE
[20:07:19][EntityPickupItemEvent]: PLAYER picked up IRON_ORE
[20:07:21][EntityPickupItemEvent]: PLAYER picked up IRON_ORE
[20:07:23][EntityPickupItemEvent]: PLAYER picked up IRON_ORE
[20:07:24][EntityPickupItemEvent]: PLAYER picked up IRON_ORE
[20:07:25][EntityPickupItemEvent]: PLAYER picked up IRON_ORE
[20:07:26][EntityPickupItemEvent]: PLAYER picked up IRON_ORE
[20:07:26][EntityPickupItemEvent]: PLAYER picked up GRANITE
[20:07:30][EntityPickupItemEvent]: PLAYER picked up COBBLESTONE
[20:07:32][EntityPickupItemEvent]: PLAYER picked up COBBLESTONE
[20:07:32][EntityPickupItemEvent]: PLAYER picked up COBBLESTONE
[20:07:33][EntityPickupItemEvent]: PLAYER picked up COBBLESTONE
[20:07:37][EntityPickupItemEvent]: PLAYER picked up COBBLESTONE
[20:07:43][EntityPickupItemEvent]: PLAYER picked up COBBLESTONE
[20:07:44][EntityPickupItemEvent]: PLAYER picked up COBBLESTONE
[20:07:48][EntityPickupItemEvent]: PLAYER picked up COBBLESTONE
[20:07:51][EntityPickupItemEvent]: PLAYER picked up COBBLESTONE
[20:08:03][EntityPickupItemEvent]: PLAYER picked up COBBLESTONE
[20:08:06][EntityPickupItemEvent]: PLAYER picked up GOLD_ORE
[20:08:08][EntityPickupItemEvent]: PLAYER picked up COBBLESTONE
[20:08:10][EntityPickupItemEvent]: PLAYER picked up GOLD_ORE
[20:08:12][EntityPickupItemEvent]: PLAYER picked up GOLD_ORE
[20:08:14][EntityPickupItemEvent]: PLAYER picked up GOLD_ORE
[20:08:15][EntityPickupItemEvent]: PLAYER picked up GOLD_ORE
[20:08:22][EntityPickupItemEvent]: PLAYER picked up IRON_ORE
[20:08:23][EntityPickupItemEvent]: PLAYER picked up GOLD_ORE
[20:08:23][EntityPickupItemEvent]: PLAYER picked up IRON_ORE
[20:08:23][EntityPickupItemEvent]: PLAYER picked up COBBLESTONE
[20:08:26][EntityPickupItemEvent]: PLAYER picked up COBBLESTONE
[20:08:26][EntityPickupItemEvent]: PLAYER picked up COBBLESTONE
[20:08:29][EntityPickupItemEvent]: PLAYER picked up COBBLESTONE
[20:08:30][EntityPickupItemEvent]: PLAYER picked up COBBLESTONE
[20:08:33][EntityPickupItemEvent]: PLAYER picked up COBBLESTONE
[20:08:44][EntityPickupItemEvent]: PLAYER picked up TORCH
[20:08:48][EntityPickupItemEvent]: PLAYER picked up COBBLESTONE
[20:08:49][EntityPickupItemEvent]: PLAYER picked up COBBLESTONE
[20:08:51][EntityPickupItemEvent]: PLAYER picked up COBBLESTONE
[20:08:51][EntityPickupItemEvent]: PLAYER picked up COBBLESTONE
[20:08:52][EntityPickupItemEvent]: PLAYER picked up COBBLESTONE
[20:08:52][EntityPickupItemEvent]: PLAYER picked up COBBLESTONE
[20:08:53][EntityPickupItemEvent]: PLAYER picked up COBBLESTONE
[20:08:55][EntityPickupItemEvent]: PLAYER picked up COBBLESTONE
[20:08:57][EntityPickupItemEvent]: PLAYER picked up COBBLESTONE
[20:08:58][EntityPickupItemEvent]: PLAYER picked up COBBLESTONE
[20:09:06][EntityPickupItemEvent]: PLAYER picked up REDSTONE
[20:09:07][EntityPickupItemEvent]: PLAYER picked up REDSTONE
[20:09:07][EntityPickupItemEvent]: PLAYER picked up COBBLESTONE
[20:09:08][EntityPickupItemEvent]: PLAYER picked up REDSTONE
[20:09:09][EntityPickupItemEvent]: PLAYER picked up REDSTONE
[20:09:12][EntityPickupItemEvent]: PLAYER picked up REDSTONE
[20:09:15][EntityPickupItemEvent]: PLAYER picked up REDSTONE
[20:09:15][EntityPickupItemEvent]: PLAYER picked up COBBLESTONE
[20:09:16][EntityPickupItemEvent]: PLAYER picked up COBBLESTONE
[20:09:21][EntityPickupItemEvent]: PLAYER picked up COBBLESTONE
[20:09:21][EntityPickupItemEvent]: PLAYER picked up GOLD_ORE
[20:09:21][EntityPickupItemEvent]: PLAYER picked up GOLD_ORE
[20:09:23][EntityPickupItemEvent]: PLAYER picked up GOLD_ORE
[20:09:24][EntityPickupItemEvent]: PLAYER picked up GOLD_ORE
[20:09:25][EntityPickupItemEvent]: PLAYER picked up GOLD_ORE
[20:09:26][EntityPickupItemEvent]: PLAYER picked up GOLD_ORE
[20:09:27][EntityPickupItemEvent]: PLAYER picked up GOLD_ORE
[20:09:28][EntityPickupItemEvent]: PLAYER picked up GOLD_ORE
[20:09:47][EntityPickupItemEvent]: PLAYER picked up COBBLESTONE
[20:09:48][EntityPickupItemEvent]: PLAYER picked up COBBLESTONE
[20:09:48][EntityPickupItemEvent]: PLAYER picked up COBBLESTONE
[20:09:49][EntityPickupItemEvent]: PLAYER picked up COBBLESTONE
[20:09:50][EntityPickupItemEvent]: PLAYER picked up COBBLESTONE
[20:09:53][EntityPickupItemEvent]: PLAYER picked up COBBLESTONE
[20:12:07][EntityPickupItemEvent]: PLAYER picked up COBBLESTONE
[20:12:08][EntityPickupItemEvent]: PLAYER picked up COBBLESTONE
[20:12:10][EntityPickupItemEvent]: PLAYER picked up COBBLESTONE
[20:12:15][EntityPickupItemEvent]: PLAYER picked up COBBLESTONE
[20:12:21][EntityPickupItemEvent]: PLAYER picked up COBBLESTONE
[20:12:29][EntityPickupItemEvent]: PLAYER picked up COBBLESTONE
[20:12:29][EntityPickupItemEvent]: PLAYER picked up COBBLESTONE
[20:12:32][EntityPickupItemEvent]: PLAYER picked up COBBLESTONE
[20:12:34][EntityPickupItemEvent]: PLAYER picked up COBBLESTONE
[20:12:46][EntityPickupItemEvent]: PLAYER picked up COBBLESTONE
[20:12:47][EntityPickupItemEvent]: PLAYER picked up COBBLESTONE
[20:12:49][EntityPickupItemEvent]: PLAYER picked up COBBLESTONE
[20:12:57][EntityPickupItemEvent]: PLAYER picked up COBBLESTONE
[20:12:59][EntityPickupItemEvent]: PLAYER picked up COBBLESTONE
[20:13:04][EntityPickupItemEvent]: PLAYER picked up COBBLESTONE
[20:13:04][EntityPickupItemEvent]: PLAYER picked up COBBLESTONE
[20:13:06][EntityPickupItemEvent]: PLAYER picked up COBBLESTONE
[20:13:06][EntityPickupItemEvent]: PLAYER picked up REDSTONE
[20:13:15][EntityPickupItemEvent]: PLAYER picked up COBBLESTONE
[20:13:18][EntityPickupItemEvent]: PLAYER picked up COAL
[20:13:19][EntityPickupItemEvent]: PLAYER picked up COAL
[20:13:20][EntityPickupItemEvent]: PLAYER picked up COAL
[20:13:21][EntityPickupItemEvent]: PLAYER picked up COAL
[20:13:31][EntityPickupItemEvent]: PLAYER picked up COBBLESTONE
[20:13:37][EntityPickupItemEvent]: PLAYER picked up COAL
[20:13:37][EntityPickupItemEvent]: PLAYER picked up COBBLESTONE
[20:13:39][EntityPickupItemEvent]: PLAYER picked up COBBLESTONE
[20:13:43][EntityPickupItemEvent]: PLAYER picked up COBBLESTONE
[20:14:17][EntityPickupItemEvent]: PLAYER picked up COAL
[20:14:17][EntityPickupItemEvent]: PLAYER picked up COAL
[20:14:17][EntityPickupItemEvent]: PLAYER picked up COAL
[20:14:20][EntityPickupItemEvent]: PLAYER picked up COAL
[20:14:22][EntityPickupItemEvent]: PLAYER picked up COAL
[20:14:23][EntityPickupItemEvent]: PLAYER picked up COAL
[20:14:26][EntityPickupItemEvent]: PLAYER picked up COAL
[20:14:29][EntityPickupItemEvent]: PLAYER picked up COAL
[20:16:25][EntityPickupItemEvent]: PLAYER picked up COAL
[20:18:14][EntityPickupItemEvent]: PLAYER picked up CRAFTING_TABLE
[20:18:22][EntityPickupItemEvent]: PLAYER picked up REDSTONE
[20:18:26][EntityPickupItemEvent]: PLAYER picked up DIAMOND
[20:18:27][EntityPickupItemEvent]: PLAYER picked up DIAMOND
[20:18:30][EntityPickupItemEvent]: PLAYER picked up DIAMOND
[20:18:32][EntityPickupItemEvent]: PLAYER picked up DIAMOND
[20:18:33][EntityPickupItemEvent]: PLAYER picked up COBBLESTONE
[20:18:44][EntityPickupItemEvent]: PLAYER picked up COBBLESTONE
[20:18:45][EntityPickupItemEvent]: PLAYER picked up COBBLESTONE
[20:18:45][EntityPickupItemEvent]: PLAYER picked up COBBLESTONE
[20:18:49][EntityPickupItemEvent]: PLAYER picked up COBBLESTONE
[20:18:49][EntityPickupItemEvent]: PLAYER picked up COBBLESTONE
[20:19:15][EntityPickupItemEvent]: PLAYER picked up COBBLESTONE
[20:19:19][EntityPickupItemEvent]: PLAYER picked up COBBLESTONE
[20:19:21][EntityPickupItemEvent]: PLAYER picked up COBBLESTONE
[20:19:22][EntityPickupItemEvent]: PLAYER picked up COBBLESTONE
[20:19:22][EntityPickupItemEvent]: PLAYER picked up COBBLESTONE
[20:19:58][EntityPickupItemEvent]: PLAYER picked up REDSTONE
[20:19:59][EntityPickupItemEvent]: PLAYER picked up REDSTONE
[20:19:59][EntityPickupItemEvent]: PLAYER picked up COBBLESTONE
[20:20:00][EntityPickupItemEvent]: PLAYER picked up COBBLESTONE
[20:20:01][EntityPickupItemEvent]: PLAYER picked up REDSTONE
[20:20:03][EntityPickupItemEvent]: PLAYER picked up REDSTONE
[20:20:04][EntityPickupItemEvent]: PLAYER picked up REDSTONE
[20:20:05][EntityPickupItemEvent]: PLAYER picked up REDSTONE
[20:20:07][EntityPickupItemEvent]: PLAYER picked up REDSTONE
[20:20:09][EntityPickupItemEvent]: PLAYER picked up COBBLESTONE
[20:20:11][EntityPickupItemEvent]: PLAYER picked up COBBLESTONE
[20:20:11][EntityPickupItemEvent]: PLAYER picked up COBBLESTONE
[20:20:11][EntityPickupItemEvent]: PLAYER picked up COBBLESTONE
[20:20:13][EntityPickupItemEvent]: PLAYER picked up COBBLESTONE
[20:20:17][EntityPickupItemEvent]: PLAYER picked up IRON_ORE
[20:20:18][EntityPickupItemEvent]: PLAYER picked up COBBLESTONE
[20:20:18][EntityPickupItemEvent]: PLAYER picked up IRON_ORE
[20:20:20][EntityPickupItemEvent]: PLAYER picked up IRON_ORE
[20:20:26][EntityPickupItemEvent]: PLAYER picked up IRON_ORE
[20:20:26][EntityPickupItemEvent]: PLAYER picked up IRON_ORE
[20:20:27][EntityPickupItemEvent]: PLAYER picked up IRON_ORE
[20:20:28][EntityPickupItemEvent]: PLAYER picked up IRON_ORE
[20:20:38][EntityPickupItemEvent]: PLAYER picked up COBBLESTONE
[20:20:40][EntityPickupItemEvent]: PLAYER picked up COBBLESTONE
[20:20:40][EntityPickupItemEvent]: PLAYER picked up COBBLESTONE
[20:20:49][EntityPickupItemEvent]: PLAYER picked up COBBLESTONE
[20:20:55][EntityPickupItemEvent]: PLAYER picked up COBBLESTONE
[20:20:56][EntityPickupItemEvent]: PLAYER picked up COBBLESTONE
[20:20:57][EntityPickupItemEvent]: PLAYER picked up COBBLESTONE
[20:20:57][EntityPickupItemEvent]: PLAYER picked up COBBLESTONE
[20:20:58][EntityPickupItemEvent]: PLAYER picked up COBBLESTONE
[20:20:59][EntityPickupItemEvent]: PLAYER picked up COBBLESTONE
[20:21:04][EntityPickupItemEvent]: PLAYER picked up COBBLESTONE
[20:21:04][EntityPickupItemEvent]: PLAYER picked up COBBLESTONE
[20:21:06][EntityPickupItemEvent]: PLAYER picked up COBBLESTONE
[20:21:14][EntityPickupItemEvent]: PLAYER picked up COBBLESTONE
[20:21:17][EntityPickupItemEvent]: PLAYER picked up COBBLESTONE
[20:21:22][EntityPickupItemEvent]: PLAYER picked up COBBLESTONE
[20:21:37][EntityPickupItemEvent]: PLAYER picked up COBBLESTONE
[20:21:38][EntityPickupItemEvent]: PLAYER picked up COBBLESTONE
[20:21:41][EntityPickupItemEvent]: PLAYER picked up COBBLESTONE
[20:21:53][EntityPickupItemEvent]: PLAYER picked up DIAMOND
[20:21:56][EntityPickupItemEvent]: PLAYER picked up DIAMOND
[20:22:06][EntityPickupItemEvent]: PLAYER picked up DIAMOND
[20:22:10][EntityPickupItemEvent]: PLAYER picked up DIAMOND
[20:22:29][EntityPickupItemEvent]: PLAYER picked up COBBLESTONE
[20:22:29][EntityPickupItemEvent]: PLAYER picked up COBBLESTONE
[20:22:37][EntityPickupItemEvent]: PLAYER picked up COBBLESTONE
[20:22:40][EntityPickupItemEvent]: PLAYER picked up COBBLESTONE
[20:22:40][EntityPickupItemEvent]: PLAYER picked up ANDESITE
[20:22:45][EntityPickupItemEvent]: PLAYER picked up COBBLESTONE
[20:22:46][EntityPickupItemEvent]: PLAYER picked up COBBLESTONE
[20:22:48][EntityPickupItemEvent]: PLAYER picked up COBBLESTONE
[20:22:55][EntityPickupItemEvent]: PLAYER picked up COBBLESTONE
[20:22:55][EntityPickupItemEvent]: PLAYER picked up COBBLESTONE
[20:22:57][EntityPickupItemEvent]: PLAYER picked up COBBLESTONE
[20:23:01][EntityPickupItemEvent]: PLAYER picked up COBBLESTONE
[20:23:05][EntityPickupItemEvent]: PLAYER picked up COBBLESTONE
[20:23:05][EntityPickupItemEvent]: PLAYER picked up COBBLESTONE
[20:23:08][EntityPickupItemEvent]: PLAYER picked up COBBLESTONE
[20:23:12][EntityPickupItemEvent]: PLAYER picked up COBBLESTONE
[20:23:14][EntityPickupItemEvent]: PLAYER picked up COBBLESTONE
[20:23:16][EntityPickupItemEvent]: PLAYER picked up COBBLESTONE
[20:23:17][EntityPickupItemEvent]: PLAYER picked up COBBLESTONE
[20:23:18][EntityPickupItemEvent]: PLAYER picked up IRON_ORE
[20:23:19][EntityPickupItemEvent]: PLAYER picked up IRON_ORE
[20:23:25][EntityPickupItemEvent]: PLAYER picked up IRON_ORE
[20:23:27][EntityPickupItemEvent]: PLAYER picked up IRON_ORE
[20:23:27][EntityPickupItemEvent]: PLAYER picked up COBBLESTONE
[20:23:40][EntityPickupItemEvent]: PLAYER picked up COBBLESTONE
[20:23:41][EntityPickupItemEvent]: PLAYER picked up COBBLESTONE
[20:23:42][EntityPickupItemEvent]: PLAYER picked up COBBLESTONE
[20:23:46][EntityPickupItemEvent]: PLAYER picked up COBBLESTONE
[20:23:46][EntityPickupItemEvent]: PLAYER picked up GOLD_ORE
[20:23:46][EntityPickupItemEvent]: PLAYER picked up GOLD_ORE
[20:23:49][EntityPickupItemEvent]: PLAYER picked up GOLD_ORE
[20:23:53][EntityPickupItemEvent]: PLAYER picked up GOLD_ORE
[20:23:54][EntityPickupItemEvent]: PLAYER picked up GOLD_ORE
[20:23:54][EntityPickupItemEvent]: PLAYER picked up GOLD_ORE
[20:23:55][EntityPickupItemEvent]: PLAYER picked up GOLD_ORE
[20:23:59][EntityPickupItemEvent]: PLAYER picked up COBBLESTONE
[20:24:01][EntityPickupItemEvent]: PLAYER picked up COBBLESTONE
[20:24:12][EntityPickupItemEvent]: PLAYER picked up COBBLESTONE
[20:24:12][EntityPickupItemEvent]: PLAYER picked up COBBLESTONE
[20:24:14][EntityPickupItemEvent]: PLAYER picked up COBBLESTONE
[20:24:17][EntityPickupItemEvent]: PLAYER picked up COBBLESTONE
[20:24:22][EntityPickupItemEvent]: PLAYER picked up COBBLESTONE
[20:24:25][EntityPickupItemEvent]: PLAYER picked up COBBLESTONE
[20:24:26][EntityPickupItemEvent]: PLAYER picked up COBBLESTONE
[20:24:26][EntityPickupItemEvent]: PLAYER picked up COBBLESTONE
[20:24:31][EntityPickupItemEvent]: PLAYER picked up COBBLESTONE
[20:24:34][EntityPickupItemEvent]: PLAYER picked up COBBLESTONE
[20:24:34][EntityPickupItemEvent]: PLAYER picked up COBBLESTONE
[20:24:34][EntityPickupItemEvent]: PLAYER picked up COBBLESTONE
[20:24:35][EntityPickupItemEvent]: PLAYER picked up DIORITE
[20:24:35][EntityPickupItemEvent]: PLAYER picked up COAL
[20:24:38][EntityPickupItemEvent]: PLAYER picked up COAL
[20:24:38][EntityPickupItemEvent]: PLAYER picked up COAL
[20:24:39][EntityPickupItemEvent]: PLAYER picked up COAL
[20:24:40][EntityPickupItemEvent]: PLAYER picked up COAL
[20:24:42][EntityPickupItemEvent]: PLAYER picked up COAL
[20:24:43][EntityPickupItemEvent]: PLAYER picked up COAL
[20:24:43][EntityPickupItemEvent]: PLAYER picked up COAL
[20:24:45][EntityPickupItemEvent]: PLAYER picked up COAL
[20:24:48][EntityPickupItemEvent]: PLAYER picked up DIORITE
[20:24:48][EntityPickupItemEvent]: PLAYER picked up COAL
[20:24:57][EntityPickupItemEvent]: PLAYER picked up DIORITE
[20:25:49][EntityPickupItemEvent]: PLAYER picked up RED_BED
[20:26:01][EntityPickupItemEvent]: PLAYER picked up DIORITE
[20:26:45][EntityPickupItemEvent]: PLAYER picked up COBBLESTONE
[20:30:23][EntityPickupItemEvent]: PLAYER picked up CRAFTING_TABLE
[20:30:42][EntityPickupItemEvent]: PLAYER picked up CRAFTING_TABLE
[20:31:53][EntityPickupItemEvent]: PLAYER picked up COAL
[20:31:54][EntityPickupItemEvent]: PLAYER picked up COAL
[20:31:56][EntityPickupItemEvent]: PLAYER picked up COAL
[20:31:58][EntityPickupItemEvent]: PLAYER picked up COAL
[20:32:00][EntityPickupItemEvent]: PLAYER picked up COAL
[20:32:02][EntityPickupItemEvent]: PLAYER picked up COBBLESTONE
[20:32:03][EntityPickupItemEvent]: PLAYER picked up COAL
[20:33:17][EntityPickupItemEvent]: PLAYER picked up COBBLESTONE
[20:33:18][EntityPickupItemEvent]: PLAYER picked up COBBLESTONE
[20:33:20][EntityPickupItemEvent]: PLAYER picked up DIORITE
[20:33:20][EntityPickupItemEvent]: PLAYER picked up DIORITE
[20:33:52][EntityPickupItemEvent]: PLAYER picked up DIORITE
[20:33:53][EntityPickupItemEvent]: PLAYER picked up DIORITE
[20:33:54][EntityPickupItemEvent]: PLAYER picked up COBBLESTONE
[20:33:55][EntityPickupItemEvent]: PLAYER picked up DIORITE
[20:33:56][EntityPickupItemEvent]: PLAYER picked up COBBLESTONE
[20:33:57][EntityPickupItemEvent]: PLAYER picked up COBBLESTONE
[20:34:00][EntityPickupItemEvent]: PLAYER picked up REDSTONE
[20:34:00][EntityPickupItemEvent]: PLAYER picked up REDSTONE
[20:34:02][EntityPickupItemEvent]: PLAYER picked up REDSTONE
[20:34:03][EntityPickupItemEvent]: PLAYER picked up COBBLESTONE
[20:34:04][EntityPickupItemEvent]: PLAYER picked up COBBLESTONE
[20:34:04][EntityPickupItemEvent]: PLAYER picked up COBBLESTONE
[20:34:04][EntityPickupItemEvent]: PLAYER picked up COBBLESTONE
[20:34:05][EntityPickupItemEvent]: PLAYER picked up COBBLESTONE
[20:34:06][EntityPickupItemEvent]: PLAYER picked up COBBLESTONE
[20:34:09][EntityPickupItemEvent]: PLAYER picked up COBBLESTONE
[20:34:12][EntityPickupItemEvent]: PLAYER picked up COBBLESTONE
[20:34:13][EntityPickupItemEvent]: PLAYER picked up COBBLESTONE
[20:34:15][EntityPickupItemEvent]: PLAYER picked up COBBLESTONE
[20:34:15][EntityPickupItemEvent]: PLAYER picked up COBBLESTONE
[20:34:16][EntityPickupItemEvent]: PLAYER picked up COBBLESTONE
[20:34:20][EntityPickupItemEvent]: PLAYER picked up COBBLESTONE
[20:34:46][EntityPickupItemEvent]: PLAYER picked up COBBLESTONE
[20:34:47][EntityPickupItemEvent]: PLAYER picked up COBBLESTONE
[20:34:51][EntityPickupItemEvent]: PLAYER picked up COBBLESTONE
[20:34:51][EntityPickupItemEvent]: PLAYER picked up COBBLESTONE
[20:34:51][EntityPickupItemEvent]: PLAYER picked up COBBLESTONE
[20:34:53][EntityPickupItemEvent]: PLAYER picked up COBBLESTONE
[20:34:56][EntityPickupItemEvent]: PLAYER picked up COBBLESTONE
[20:35:01][EntityPickupItemEvent]: PLAYER picked up COBBLESTONE
[20:35:05][EntityPickupItemEvent]: PLAYER picked up COBBLESTONE
[20:35:11][EntityPickupItemEvent]: PLAYER picked up COBBLESTONE
[20:36:57][EntityPickupItemEvent]: PLAYER picked up CRAFTING_TABLE
[20:37:04][EntityPickupItemEvent]: PLAYER picked up FURNACE
[20:37:04][EntityPickupItemEvent]: PLAYER picked up COAL
[20:37:04][EntityPickupItemEvent]: PLAYER picked up FURNACE
[20:37:40][EntityPickupItemEvent]: PLAYER picked up CRAFTING_TABLE
[20:37:56][EntityPickupItemEvent]: PLAYER picked up COBBLESTONE
[20:38:13][EntityPickupItemEvent]: PLAYER picked up REDSTONE
[20:38:13][EntityPickupItemEvent]: PLAYER picked up COBBLESTONE
[20:38:24][EntityPickupItemEvent]: PLAYER picked up REDSTONE
[20:38:35][EntityPickupItemEvent]: PLAYER picked up REDSTONE
[20:38:37][EntityPickupItemEvent]: PLAYER picked up REDSTONE
[20:38:39][EntityPickupItemEvent]: PLAYER picked up REDSTONE
[20:38:47][EntityPickupItemEvent]: PLAYER picked up REDSTONE
[20:39:03][EntityPickupItemEvent]: PLAYER picked up REDSTONE
[20:39:28][EntityPickupItemEvent]: PLAYER picked up COAL
[20:39:28][EntityPickupItemEvent]: PLAYER picked up COAL
[20:39:32][EntityPickupItemEvent]: PLAYER picked up COAL
[20:39:33][EntityPickupItemEvent]: PLAYER picked up COAL
[20:39:35][EntityPickupItemEvent]: PLAYER picked up COAL
[20:39:36][EntityPickupItemEvent]: PLAYER picked up COAL
[20:39:37][EntityPickupItemEvent]: PLAYER picked up COAL
[20:39:37][EntityPickupItemEvent]: PLAYER picked up COAL
[20:39:42][EntityPickupItemEvent]: PLAYER picked up COAL
[20:39:42][EntityPickupItemEvent]: PLAYER picked up COAL
[20:39:43][EntityPickupItemEvent]: PLAYER picked up COAL
[20:39:46][EntityPickupItemEvent]: PLAYER picked up COAL
[20:39:48][EntityPickupItemEvent]: PLAYER picked up COAL
[20:39:48][EntityPickupItemEvent]: PLAYER picked up COAL
[20:40:05][EntityPickupItemEvent]: PLAYER picked up GOLD_ORE
[20:40:18][EntityPickupItemEvent]: PLAYER picked up GOLD_ORE
[20:40:27][EntityPickupItemEvent]: PLAYER picked up GOLD_ORE
[20:40:27][EntityPickupItemEvent]: PLAYER picked up GOLD_ORE
[20:40:29][EntityPickupItemEvent]: PLAYER picked up GOLD_ORE
[20:41:22][EntityPickupItemEvent]: PLAYER picked up RED_BED
[20:41:56][EntityPickupItemEvent]: PLAYER picked up GOLD_ORE
[20:41:58][EntityPickupItemEvent]: PLAYER picked up GOLD_ORE
[20:41:59][EntityPickupItemEvent]: PLAYER picked up GOLD_ORE
[20:41:59][EntityPickupItemEvent]: PLAYER picked up GOLD_ORE
[20:42:01][EntityPickupItemEvent]: PLAYER picked up GOLD_ORE
[20:42:02][EntityPickupItemEvent]: PLAYER picked up GOLD_ORE
[20:42:18][EntityPickupItemEvent]: PLAYER picked up IRON_ORE
[20:44:06][EntityPickupItemEvent]: PLAYER picked up TORCH
[20:44:08][EntityPickupItemEvent]: PLAYER picked up GOLD_ORE
[20:44:10][EntityPickupItemEvent]: PLAYER picked up GOLD_ORE
[20:44:15][EntityPickupItemEvent]: PLAYER picked up GOLD_ORE
[20:44:15][EntityPickupItemEvent]: PLAYER picked up GOLD_ORE
[20:44:15][EntityPickupItemEvent]: PLAYER picked up GOLD_ORE
[20:44:31][EntityPickupItemEvent]: PLAYER picked up COBBLESTONE
[20:44:31][EntityPickupItemEvent]: PLAYER picked up COBBLESTONE
[20:45:09][EntityPickupItemEvent]: PLAYER picked up LAPIS_LAZULI
[20:45:14][EntityPickupItemEvent]: PLAYER picked up LAPIS_LAZULI
[20:45:20][EntityPickupItemEvent]: PLAYER picked up LAPIS_LAZULI
[20:45:20][EntityPickupItemEvent]: PLAYER picked up LAPIS_LAZULI
[20:45:23][EntityPickupItemEvent]: PLAYER picked up LAPIS_LAZULI
[20:45:56][EntityPickupItemEvent]: PLAYER picked up COAL
[20:46:06][EntityPickupItemEvent]: PLAYER picked up COAL
[20:46:07][EntityPickupItemEvent]: PLAYER picked up COAL
[20:46:08][EntityPickupItemEvent]: PLAYER picked up COAL
[20:46:08][EntityPickupItemEvent]: PLAYER picked up COAL
[20:46:09][EntityPickupItemEvent]: PLAYER picked up COAL
[20:46:10][EntityPickupItemEvent]: PLAYER picked up COAL
[20:46:16][EntityPickupItemEvent]: PLAYER picked up COAL
[20:46:17][EntityPickupItemEvent]: PLAYER picked up COAL
[20:46:17][EntityPickupItemEvent]: PLAYER picked up COAL
[20:46:18][EntityPickupItemEvent]: PLAYER picked up COAL
[20:46:19][EntityPickupItemEvent]: PLAYER picked up COAL
[20:46:21][EntityPickupItemEvent]: PLAYER picked up COAL
[20:46:22][EntityPickupItemEvent]: PLAYER picked up COAL
[20:46:23][EntityPickupItemEvent]: PLAYER picked up COAL
[20:46:26][EntityPickupItemEvent]: PLAYER picked up COAL
[20:46:31][EntityPickupItemEvent]: PLAYER picked up COAL
[20:46:32][EntityPickupItemEvent]: PLAYER picked up COAL
[20:46:33][EntityPickupItemEvent]: PLAYER picked up COAL
[20:46:48][EntityPickupItemEvent]: PLAYER picked up COAL
[20:46:49][EntityPickupItemEvent]: PLAYER picked up COAL
[20:46:51][EntityPickupItemEvent]: PLAYER picked up COAL
[20:47:04][EntityPickupItemEvent]: PLAYER picked up COAL
[20:47:04][EntityPickupItemEvent]: PLAYER picked up COAL
[20:47:06][EntityPickupItemEvent]: PLAYER picked up COAL
[20:47:10][EntityPickupItemEvent]: PLAYER picked up COAL
[20:48:28][EntityPickupItemEvent]: PLAYER picked up FURNACE
[20:48:32][EntityPickupItemEvent]: PLAYER picked up COBBLESTONE
[20:48:36][EntityPickupItemEvent]: PLAYER picked up DIAMOND
[20:48:41][EntityPickupItemEvent]: PLAYER picked up DIORITE
[20:48:53][EntityPickupItemEvent]: PLAYER picked up DIAMOND
[20:49:29][EntityPickupItemEvent]: PLAYER picked up REDSTONE
[20:49:33][EntityPickupItemEvent]: PLAYER picked up REDSTONE
[20:49:37][EntityPickupItemEvent]: PLAYER picked up REDSTONE
[20:49:40][EntityPickupItemEvent]: PLAYER picked up COBBLESTONE
[20:53:25][EntityPickupItemEvent]: PLAYER picked up COBBLESTONE
[20:53:36][EntityPickupItemEvent]: PLAYER picked up RED_BED
[20:54:22][EntityPickupItemEvent]: PLAYER picked up RED_BED
[20:56:42][EntityPickupItemEvent]: PLAYER picked up COBBLESTONE
[21:09:12][EntityPickupItemEvent]: PLAYER picked up BREAD
[21:19:09][EntityPickupItemEvent]: PLAYER picked up NETHERRACK
[21:19:09][EntityPickupItemEvent]: PLAYER picked up NETHERRACK
[21:19:09][EntityPickupItemEvent]: PLAYER picked up NETHERRACK
[21:19:10][EntityPickupItemEvent]: PLAYER picked up NETHERRACK
[21:19:10][EntityPickupItemEvent]: PLAYER picked up NETHERRACK
[21:19:10][EntityPickupItemEvent]: PLAYER picked up NETHERRACK
[21:30:27][EntityPickupItemEvent]: PLAYER picked up BOW
[21:30:49][EntityPickupItemEvent]: PLAYER picked up ARROW
[23:02:38][EntityPickupItemEvent]: PLAYER picked up STONE_BUTTON
[23:26:28][EntityPickupItemEvent]: PLAYER picked up WARPED_FUNGUS
[23:40:06][EntityPickupItemEvent]: PLAYER picked up GOLD_INGOT
[23:40:57][EntityPickupItemEvent]: PLAYER picked up GOLD_INGOT
[23:41:09][EntityPickupItemEvent]: PLAYER picked up GRAVEL
[23:41:30][EntityPickupItemEvent]: PLAYER picked up IRON_BOOTS
[23:41:58][EntityPickupItemEvent]: PLAYER picked up GOLD_INGOT
[23:42:07][EntityPickupItemEvent]: PLAYER picked up NETHERRACK
[23:42:10][EntityPickupItemEvent]: PLAYER picked up LEATHER
