[00:03:41][EntityPickupItemEvent]: PLAYER picked up NETHERRACK
[00:03:44][EntityPickupItemEvent]: PLAYER picked up NETHERRACK
[00:03:46][EntityPickupItemEvent]: PLAYER picked up DIAMOND_SWORD
[00:03:49][EntityPickupItemEvent]: PLAYER picked up CRIMSON_STAIRS
[00:05:50][EntityPickupItemEvent]: PLAYER picked up BLACKSTONE
[00:07:18][EntityPickupItemEvent]: PLAYER picked up NETHERRACK
[00:07:57][EntityPickupItemEvent]: PLAYER picked up NETHERRACK
[00:08:02][EntityPickupItemEvent]: PLAYER picked up NETHERRACK
[00:08:28][EntityPickupItemEvent]: PLAYER picked up BLACKSTONE
[00:09:07][EntityPickupItemEvent]: PLAYER picked up TORCH
[00:09:18][EntityPickupItemEvent]: PLAYER picked up NETHERRACK
[00:09:21][EntityPickupItemEvent]: PLAYER picked up NETHERRACK
[00:09:21][EntityPickupItemEvent]: PLAYER picked up NETHERRACK
[00:15:45][EntityPickupItemEvent]: PLAYER picked up BLACKSTONE
[00:15:57][EntityPickupItemEvent]: PLAYER picked up NETHERRACK
[00:16:42][EntityPickupItemEvent]: PLAYER picked up NETHERRACK
[00:18:04][EntityPickupItemEvent]: PLAYER picked up NETHERRACK
[00:18:07][EntityPickupItemEvent]: PLAYER picked up NETHERRACK
[00:18:10][EntityPickupItemEvent]: PLAYER picked up NETHERRACK
[00:18:15][EntityPickupItemEvent]: PLAYER picked up NETHERRACK
[00:18:20][EntityPickupItemEvent]: PLAYER picked up QUARTZ
[00:18:24][EntityPickupItemEvent]: PLAYER picked up QUARTZ
[00:18:28][EntityPickupItemEvent]: PLAYER picked up QUARTZ
[00:18:38][EntityPickupItemEvent]: PLAYER picked up QUARTZ
[00:18:57][EntityPickupItemEvent]: PLAYER picked up NETHERRACK
[00:18:58][EntityPickupItemEvent]: PLAYER picked up NETHERRACK
[00:19:02][EntityPickupItemEvent]: PLAYER picked up NETHERRACK
[00:19:06][EntityPickupItemEvent]: PLAYER picked up NETHERRACK
[00:20:09][EntityPickupItemEvent]: PLAYER picked up NETHERRACK
[00:20:19][EntityPickupItemEvent]: PLAYER picked up NETHERRACK
[00:20:21][EntityPickupItemEvent]: PLAYER picked up NETHERRACK
[00:20:21][EntityPickupItemEvent]: PLAYER picked up NETHERRACK
[00:20:32][EntityPickupItemEvent]: PLAYER picked up NETHERRACK
[00:20:36][EntityPickupItemEvent]: PLAYER picked up BLACKSTONE
[00:20:43][EntityPickupItemEvent]: PLAYER picked up NETHERRACK
[00:20:45][EntityPickupItemEvent]: PLAYER picked up NETHERRACK
[00:20:55][EntityPickupItemEvent]: PLAYER picked up NETHERRACK
[00:21:04][EntityPickupItemEvent]: PLAYER picked up NETHERRACK
[00:21:16][EntityPickupItemEvent]: PLAYER picked up NETHERRACK
[00:21:24][EntityPickupItemEvent]: PLAYER picked up NETHERRACK
[00:21:24][EntityPickupItemEvent]: PLAYER picked up NETHERRACK
[00:21:30][EntityPickupItemEvent]: PLAYER picked up NETHERRACK
[00:21:46][EntityPickupItemEvent]: PLAYER picked up NETHERRACK
[00:22:13][EntityPickupItemEvent]: PLAYER picked up NETHERRACK
[00:22:27][EntityPickupItemEvent]: PLAYER picked up NETHERRACK
[00:22:29][EntityPickupItemEvent]: PLAYER picked up NETHERRACK
[00:22:30][EntityPickupItemEvent]: PLAYER picked up NETHERRACK
[00:22:30][EntityPickupItemEvent]: PLAYER picked up NETHERRACK
[00:22:34][EntityPickupItemEvent]: PLAYER picked up NETHERRACK
[00:22:38][EntityPickupItemEvent]: PLAYER picked up NETHERRACK
[00:23:08][EntityPickupItemEvent]: PLAYER picked up NETHERRACK
[00:23:15][EntityPickupItemEvent]: PLAYER picked up NETHERRACK
[00:23:23][EntityPickupItemEvent]: PLAYER picked up NETHERRACK
[00:23:42][EntityPickupItemEvent]: PLAYER picked up NETHERRACK
[00:23:47][EntityPickupItemEvent]: PLAYER picked up NETHERRACK
[00:24:06][EntityPickupItemEvent]: PLAYER picked up NETHERRACK
[00:26:13][EntityPickupItemEvent]: PLAYER picked up NETHERRACK
[00:26:13][EntityPickupItemEvent]: PLAYER picked up NETHERRACK
[00:26:14][EntityPickupItemEvent]: PLAYER picked up NETHERRACK
[00:26:17][EntityPickupItemEvent]: PLAYER picked up NETHERRACK
[00:26:18][EntityPickupItemEvent]: PLAYER picked up NETHERRACK
[00:26:20][EntityPickupItemEvent]: PLAYER picked up GRAVEL
[00:26:20][EntityPickupItemEvent]: PLAYER picked up NETHERRACK
[00:26:25][EntityPickupItemEvent]: PLAYER picked up FLINT
[00:26:32][EntityPickupItemEvent]: PLAYER picked up GRAVEL
[00:26:38][EntityPickupItemEvent]: PLAYER picked up NETHERRACK
[00:26:38][EntityPickupItemEvent]: PLAYER picked up TORCH
[00:26:47][EntityPickupItemEvent]: PLAYER picked up NETHERRACK
[00:26:58][EntityPickupItemEvent]: PLAYER picked up NETHERRACK
[00:27:00][EntityPickupItemEvent]: PLAYER picked up NETHERRACK
[00:27:15][EntityPickupItemEvent]: PLAYER picked up NETHERRACK
[00:27:19][EntityPickupItemEvent]: PLAYER picked up NETHERRACK
[00:27:28][EntityPickupItemEvent]: PLAYER picked up NETHERRACK
[00:27:40][EntityPickupItemEvent]: PLAYER picked up NETHERRACK
[00:29:26][EntityPickupItemEvent]: PLAYER picked up NETHERRACK
[00:30:52][EntityPickupItemEvent]: PLAYER picked up NETHERRACK
[00:31:17][EntityPickupItemEvent]: PLAYER picked up NETHERRACK
[00:31:17][EntityPickupItemEvent]: PLAYER picked up NETHERRACK
[00:31:23][EntityPickupItemEvent]: PLAYER picked up NETHERRACK
[00:31:24][EntityPickupItemEvent]: PLAYER picked up NETHERRACK
[00:31:27][EntityPickupItemEvent]: PLAYER picked up NETHERRACK
[00:34:09][EntityPickupItemEvent]: PLAYER picked up NETHERRACK
[00:34:09][EntityPickupItemEvent]: PLAYER picked up NETHERRACK
[00:34:12][EntityPickupItemEvent]: PLAYER picked up NETHERRACK
[00:34:13][EntityPickupItemEvent]: PLAYER picked up NETHERRACK
[00:34:14][EntityPickupItemEvent]: PLAYER picked up NETHERRACK
[00:34:19][EntityPickupItemEvent]: PLAYER picked up GRAVEL
[00:34:22][EntityPickupItemEvent]: PLAYER picked up GRAVEL
[00:34:24][EntityPickupItemEvent]: PLAYER picked up GRAVEL
[00:34:29][EntityPickupItemEvent]: PLAYER picked up NETHERRACK
[00:34:30][EntityPickupItemEvent]: PLAYER picked up NETHERRACK
[00:34:32][EntityPickupItemEvent]: PLAYER picked up NETHERRACK
[00:34:35][EntityPickupItemEvent]: PLAYER picked up NETHERRACK
[00:34:36][EntityPickupItemEvent]: PLAYER picked up NETHERRACK
[00:34:42][EntityPickupItemEvent]: PLAYER picked up DIAMOND_PICKAXE
[00:34:51][EntityPickupItemEvent]: PLAYER picked up NETHERRACK
[00:34:54][EntityPickupItemEvent]: PLAYER picked up NETHERRACK
[00:34:56][EntityPickupItemEvent]: PLAYER picked up NETHERRACK
[00:34:56][EntityPickupItemEvent]: PLAYER picked up NETHERRACK
[00:34:56][EntityPickupItemEvent]: PLAYER picked up NETHERRACK
[00:34:57][EntityPickupItemEvent]: PLAYER picked up NETHERRACK
[00:34:59][EntityPickupItemEvent]: PLAYER picked up NETHERRACK
[00:35:00][EntityPickupItemEvent]: PLAYER picked up NETHERRACK
[00:35:00][EntityPickupItemEvent]: PLAYER picked up NETHERRACK
[00:35:02][EntityPickupItemEvent]: PLAYER picked up NETHERRACK
[00:35:02][EntityPickupItemEvent]: PLAYER picked up NETHERRACK
[00:35:04][EntityPickupItemEvent]: PLAYER picked up NETHERRACK
[00:35:05][EntityPickupItemEvent]: PLAYER picked up NETHERRACK
[00:35:08][EntityPickupItemEvent]: PLAYER picked up NETHERRACK
[00:35:09][EntityPickupItemEvent]: PLAYER picked up NETHERRACK
[00:35:09][EntityPickupItemEvent]: PLAYER picked up NETHERRACK
[00:35:22][EntityPickupItemEvent]: PLAYER picked up NETHERRACK
[00:35:24][EntityPickupItemEvent]: PLAYER picked up NETHERRACK
[00:35:32][EntityPickupItemEvent]: PLAYER picked up NETHERRACK
[00:35:37][EntityPickupItemEvent]: PLAYER picked up NETHERRACK
[00:35:37][EntityPickupItemEvent]: PLAYER picked up NETHERRACK
[00:35:37][EntityPickupItemEvent]: PLAYER picked up NETHERRACK
[00:35:37][EntityPickupItemEvent]: PLAYER picked up NETHERRACK
[00:35:40][EntityPickupItemEvent]: PLAYER picked up NETHERRACK
[00:35:41][EntityPickupItemEvent]: PLAYER picked up NETHERRACK
[00:35:45][EntityPickupItemEvent]: PLAYER picked up NETHERRACK
[00:35:46][EntityPickupItemEvent]: PLAYER picked up NETHERRACK
[00:36:01][EntityPickupItemEvent]: PLAYER picked up GRAVEL
[00:36:03][EntityPickupItemEvent]: PLAYER picked up NETHERRACK
[00:36:05][EntityPickupItemEvent]: PLAYER picked up NETHERRACK
[00:36:06][EntityPickupItemEvent]: PLAYER picked up NETHERRACK
[00:36:36][EntityPickupItemEvent]: PLAYER picked up NETHERRACK
[00:36:37][EntityPickupItemEvent]: PLAYER picked up NETHERRACK
[00:36:43][EntityPickupItemEvent]: PLAYER picked up NETHERRACK
[00:36:44][EntityPickupItemEvent]: PLAYER picked up NETHERRACK
[00:36:50][EntityPickupItemEvent]: PLAYER picked up NETHERRACK
[00:36:57][EntityPickupItemEvent]: PLAYER picked up FLINT
[00:36:58][EntityPickupItemEvent]: PLAYER picked up NETHERRACK
[00:36:58][EntityPickupItemEvent]: PLAYER picked up FLINT
[00:37:01][EntityPickupItemEvent]: PLAYER picked up GRAVEL
[00:37:05][EntityPickupItemEvent]: PLAYER picked up GRAVEL
[00:37:14][EntityPickupItemEvent]: PLAYER picked up DIAMOND_SHOVEL
[00:37:17][EntityPickupItemEvent]: PLAYER picked up BONE
[00:37:40][EntityPickupItemEvent]: PLAYER picked up GRAVEL
[00:37:41][EntityPickupItemEvent]: PLAYER picked up GRAVEL
[00:37:42][EntityPickupItemEvent]: PLAYER picked up GRAVEL
[00:37:42][EntityPickupItemEvent]: PLAYER picked up GRAVEL
[00:37:43][EntityPickupItemEvent]: PLAYER picked up GRAVEL
[00:37:43][EntityPickupItemEvent]: PLAYER picked up GRAVEL
[00:37:44][EntityPickupItemEvent]: PLAYER picked up GRAVEL
[00:37:45][EntityPickupItemEvent]: PLAYER picked up GRAVEL
[00:37:46][EntityPickupItemEvent]: PLAYER picked up GRAVEL
[00:37:47][EntityPickupItemEvent]: PLAYER picked up GRAVEL
[00:37:50][EntityPickupItemEvent]: PLAYER picked up GRAVEL
[00:37:57][EntityPickupItemEvent]: PLAYER picked up TORCH
[00:38:08][EntityPickupItemEvent]: PLAYER picked up GRAVEL
[00:38:10][EntityPickupItemEvent]: PLAYER picked up NETHERRACK
[00:38:11][EntityPickupItemEvent]: PLAYER picked up NETHERRACK
[00:38:50][EntityPickupItemEvent]: PLAYER picked up NETHERRACK
[00:39:05][EntityPickupItemEvent]: PLAYER picked up NETHERRACK
[00:40:12][EntityPickupItemEvent]: PLAYER picked up NETHERRACK
[00:40:45][EntityPickupItemEvent]: PLAYER picked up GRAVEL
[00:40:45][EntityPickupItemEvent]: PLAYER picked up FLINT
[00:40:56][EntityPickupItemEvent]: PLAYER picked up GRAVEL
[00:41:04][EntityPickupItemEvent]: PLAYER picked up NETHERRACK
[00:41:13][EntityPickupItemEvent]: PLAYER picked up NETHERRACK
[00:41:18][EntityPickupItemEvent]: PLAYER picked up NETHERRACK
[00:41:25][EntityPickupItemEvent]: PLAYER picked up NETHERRACK
[00:41:48][EntityPickupItemEvent]: PLAYER picked up NETHERRACK
[00:41:53][EntityPickupItemEvent]: PLAYER picked up NETHERRACK
[00:42:13][EntityPickupItemEvent]: PLAYER picked up FLINT
[00:42:41][EntityPickupItemEvent]: PLAYER picked up FLINT
[00:42:42][EntityPickupItemEvent]: PLAYER picked up NETHERRACK
[00:44:45][EntityPickupItemEvent]: PLAYER picked up GRAVEL
[00:44:48][EntityPickupItemEvent]: PLAYER picked up DIAMOND_SHOVEL
[00:44:51][EntityPickupItemEvent]: PLAYER picked up GRAVEL
[00:44:57][EntityPickupItemEvent]: PLAYER picked up DIAMOND_SHOVEL
[00:45:15][EntityPickupItemEvent]: PLAYER picked up NETHERRACK
[00:45:43][EntityPickupItemEvent]: PLAYER picked up NETHERRACK
[00:45:44][EntityPickupItemEvent]: PLAYER picked up NETHERRACK
[00:45:44][EntityPickupItemEvent]: PLAYER picked up NETHERRACK
[00:45:44][EntityPickupItemEvent]: PLAYER picked up NETHERRACK
[00:50:10][EntityPickupItemEvent]: PLAYER picked up NETHERRACK
[00:50:16][EntityPickupItemEvent]: PLAYER picked up NETHERRACK
[00:50:21][EntityPickupItemEvent]: PLAYER picked up NETHERRACK
[00:50:35][EntityPickupItemEvent]: PLAYER picked up NETHERRACK
[00:50:37][EntityPickupItemEvent]: PLAYER picked up NETHERRACK
[00:50:46][EntityPickupItemEvent]: PLAYER picked up NETHERRACK
[00:50:55][EntityPickupItemEvent]: PLAYER picked up NETHERRACK
[00:51:44][EntityPickupItemEvent]: PLAYER picked up NETHERRACK
[00:51:47][EntityPickupItemEvent]: PLAYER picked up NETHERRACK
[00:51:49][EntityPickupItemEvent]: PLAYER picked up NETHERRACK
[00:51:56][EntityPickupItemEvent]: PLAYER picked up NETHERRACK
[00:51:56][EntityPickupItemEvent]: PLAYER picked up QUARTZ
[00:52:05][EntityPickupItemEvent]: PLAYER picked up QUARTZ
[00:52:23][EntityPickupItemEvent]: PLAYER picked up TORCH
[00:52:30][EntityPickupItemEvent]: PLAYER picked up NETHERRACK
[00:52:33][EntityPickupItemEvent]: PLAYER picked up NETHERRACK
[00:52:33][EntityPickupItemEvent]: PLAYER picked up NETHERRACK
[00:52:34][EntityPickupItemEvent]: PLAYER picked up NETHERRACK
[00:52:35][EntityPickupItemEvent]: PLAYER picked up NETHERRACK
[00:52:38][EntityPickupItemEvent]: PLAYER picked up NETHERRACK
[00:52:38][EntityPickupItemEvent]: PLAYER picked up NETHERRACK
[00:52:52][EntityPickupItemEvent]: PLAYER picked up NETHERRACK
[00:52:52][EntityPickupItemEvent]: PLAYER picked up QUARTZ
[00:52:55][EntityPickupItemEvent]: PLAYER picked up NETHERRACK
[00:52:56][EntityPickupItemEvent]: PLAYER picked up QUARTZ
[00:52:56][EntityPickupItemEvent]: PLAYER picked up QUARTZ
[00:52:59][EntityPickupItemEvent]: PLAYER picked up QUARTZ
[00:53:29][EntityPickupItemEvent]: PLAYER picked up NETHERRACK
[00:53:39][EntityPickupItemEvent]: PLAYER picked up NETHERRACK
[00:53:39][EntityPickupItemEvent]: PLAYER picked up NETHERRACK
[00:54:15][EntityPickupItemEvent]: PLAYER picked up NETHERRACK
[00:54:23][EntityPickupItemEvent]: PLAYER picked up NETHERRACK
[00:54:23][EntityPickupItemEvent]: PLAYER picked up NETHERRACK
[00:54:46][EntityPickupItemEvent]: PLAYER picked up RED_BED
[00:55:12][EntityPickupItemEvent]: PLAYER picked up NETHERRACK
[00:55:15][EntityPickupItemEvent]: PLAYER picked up NETHERRACK
[00:57:45][EntityPickupItemEvent]: PLAYER picked up NETHERRACK
[00:57:45][EntityPickupItemEvent]: PLAYER picked up NETHERRACK
[00:58:22][EntityPickupItemEvent]: PLAYER picked up NETHERRACK
[00:58:22][EntityPickupItemEvent]: PLAYER picked up QUARTZ
[00:58:25][EntityPickupItemEvent]: PLAYER picked up NETHERRACK
[01:00:28][EntityPickupItemEvent]: PLAYER picked up NETHERRACK
[01:00:30][EntityPickupItemEvent]: PLAYER picked up NETHERRACK
[01:00:31][EntityPickupItemEvent]: PLAYER picked up NETHERRACK
[01:00:31][EntityPickupItemEvent]: PLAYER picked up NETHERRACK
[01:00:54][EntityPickupItemEvent]: PLAYER picked up NETHERRACK
[01:00:57][EntityPickupItemEvent]: PLAYER picked up TORCH
[01:00:58][EntityPickupItemEvent]: PLAYER picked up NETHERRACK
[01:01:10][EntityPickupItemEvent]: PLAYER picked up NETHERRACK
[01:01:59][EntityPickupItemEvent]: PLAYER picked up NETHERRACK
[01:01:59][EntityPickupItemEvent]: PLAYER picked up NETHERRACK
[01:03:06][EntityPickupItemEvent]: PLAYER picked up NETHERRACK
[01:04:55][EntityPickupItemEvent]: PLAYER picked up GRAVEL
[01:04:57][EntityPickupItemEvent]: PLAYER picked up NETHERRACK
