[00:02:28][BlockPlaceEvent]: placed minecraft:netherrack on [world_nether;-30;52;64]
[00:05:49][BlockBreakEvent]: breaked minecraft:blackstone on [world_nether;48;13;66]
[00:06:12][BlockBreakEvent]: breaked minecraft:netherrack on [world_nether;63;12;70]
[00:06:12][BlockBreakEvent]: breaked minecraft:netherrack on [world_nether;63;12;71]
[00:06:12][BlockBreakEvent]: breaked minecraft:netherrack on [world_nether;63;11;70]
[00:06:13][BlockBreakEvent]: breaked minecraft:netherrack on [world_nether;63;11;71]
[00:07:18][BlockBreakEvent]: breaked minecraft:netherrack on [world_nether;58;12;60]
[00:07:36][BlockBreakEvent]: breaked minecraft:netherrack on [world_nether;57;12;68]
[00:07:52][BlockBreakEvent]: breaked minecraft:netherrack on [world_nether;57;11;68]
[00:07:54][BlockBreakEvent]: breaked minecraft:netherrack on [world_nether;57;12;70]
[00:07:59][BlockBreakEvent]: breaked minecraft:netherrack on [world_nether;57;11;70]
[00:07:59][BlockBreakEvent]: breaked minecraft:netherrack on [world_nether;57;12;71]
[00:08:00][BlockBreakEvent]: breaked minecraft:netherrack on [world_nether;57;11;71]
[00:08:01][BlockBreakEvent]: breaked minecraft:netherrack on [world_nether;57;12;72]
[00:08:02][BlockBreakEvent]: breaked minecraft:netherrack on [world_nether;57;11;72]
[00:08:04][BlockBreakEvent]: breaked minecraft:netherrack on [world_nether;57;12;73]
[00:08:05][BlockBreakEvent]: breaked minecraft:netherrack on [world_nether;57;11;73]
[00:08:25][BlockBreakEvent]: breaked minecraft:blackstone on [world_nether;54;10;41]
[00:09:03][BlockBreakEvent]: breaked minecraft:netherrack on [world_nether;52;12;41]
[00:09:20][BlockBreakEvent]: breaked minecraft:netherrack on [world_nether;52;13;41]
[00:09:22][BlockBreakEvent]: breaked minecraft:blackstone on [world_nether;50;13;41]
[00:09:23][BlockBreakEvent]: breaked minecraft:blackstone on [world_nether;50;12;41]
[00:09:24][BlockBreakEvent]: breaked minecraft:blackstone on [world_nether;49;12;41]
[00:09:25][BlockBreakEvent]: breaked minecraft:blackstone on [world_nether;49;13;41]
[00:09:25][BlockBreakEvent]: breaked minecraft:blackstone on [world_nether;48;13;41]
[00:09:26][BlockBreakEvent]: breaked minecraft:blackstone on [world_nether;48;12;41]
[00:13:15][BlockBreakEvent]: breaked minecraft:netherrack on [world_nether;47;13;41]
[00:13:15][BlockBreakEvent]: breaked minecraft:netherrack on [world_nether;46;13;41]
[00:15:24][BlockBreakEvent]: breaked minecraft:netherrack on [world_nether;47;12;41]
[00:15:26][BlockBreakEvent]: breaked minecraft:netherrack on [world_nether;46;12;41]
[00:15:27][BlockBreakEvent]: breaked minecraft:netherrack on [world_nether;45;13;41]
[00:15:28][BlockBreakEvent]: breaked minecraft:blackstone on [world_nether;45;12;41]
[00:15:36][BlockBreakEvent]: breaked minecraft:netherrack on [world_nether;44;13;41]
[00:15:37][BlockBreakEvent]: breaked minecraft:blackstone on [world_nether;44;12;41]
[00:15:38][BlockBreakEvent]: breaked minecraft:netherrack on [world_nether;43;13;41]
[00:15:39][BlockBreakEvent]: breaked minecraft:blackstone on [world_nether;43;12;41]
[00:15:42][BlockBreakEvent]: breaked minecraft:netherrack on [world_nether;42;13;41]
[00:15:43][BlockBreakEvent]: breaked minecraft:netherrack on [world_nether;42;12;41]
[00:15:44][BlockBreakEvent]: breaked minecraft:netherrack on [world_nether;41;13;41]
[00:15:45][BlockBreakEvent]: breaked minecraft:netherrack on [world_nether;41;12;41]
[00:15:51][BlockBreakEvent]: breaked minecraft:netherrack on [world_nether;40;13;41]
[00:15:52][BlockBreakEvent]: breaked minecraft:netherrack on [world_nether;40;12;41]
[00:15:52][BlockBreakEvent]: breaked minecraft:netherrack on [world_nether;39;12;41]
[00:15:53][BlockBreakEvent]: breaked minecraft:netherrack on [world_nether;39;13;41]
[00:15:55][BlockBreakEvent]: breaked minecraft:netherrack on [world_nether;38;13;41]
[00:15:58][BlockPlaceEvent]: placed minecraft:wall_torch[facing=south] on [world_nether;40;13;41]
[00:16:03][BlockBreakEvent]: breaked minecraft:netherrack on [world_nether;38;12;41]
[00:16:03][BlockBreakEvent]: breaked minecraft:netherrack on [world_nether;37;13;41]
[00:16:04][BlockBreakEvent]: breaked minecraft:netherrack on [world_nether;37;12;41]
[00:16:05][BlockBreakEvent]: breaked minecraft:netherrack on [world_nether;36;13;41]
[00:16:06][BlockBreakEvent]: breaked minecraft:netherrack on [world_nether;36;12;41]
[00:16:08][BlockBreakEvent]: breaked minecraft:netherrack on [world_nether;35;13;41]
[00:16:09][BlockBreakEvent]: breaked minecraft:netherrack on [world_nether;35;12;41]
[00:16:11][BlockBreakEvent]: breaked minecraft:netherrack on [world_nether;34;13;41]
[00:16:12][BlockBreakEvent]: breaked minecraft:netherrack on [world_nether;34;12;41]
[00:16:14][BlockBreakEvent]: breaked minecraft:netherrack on [world_nether;33;13;41]
[00:16:15][BlockBreakEvent]: breaked minecraft:netherrack on [world_nether;33;12;41]
[00:16:16][BlockBreakEvent]: breaked minecraft:netherrack on [world_nether;32;13;41]
[00:16:17][BlockBreakEvent]: breaked minecraft:netherrack on [world_nether;32;12;41]
[00:16:19][BlockBreakEvent]: breaked minecraft:netherrack on [world_nether;31;13;41]
[00:16:19][BlockBreakEvent]: breaked minecraft:netherrack on [world_nether;31;12;41]
[00:16:21][BlockBreakEvent]: breaked minecraft:netherrack on [world_nether;30;13;41]
[00:16:22][BlockBreakEvent]: breaked minecraft:netherrack on [world_nether;30;12;41]
[00:16:37][BlockPlaceEvent]: placed minecraft:wall_torch[facing=south] on [world_nether;32;13;41]
[00:17:24][BlockPlaceEvent]: placed minecraft:netherrack on [world_nether;30;14;41]
[00:17:59][BlockBreakEvent]: breaked minecraft:netherrack on [world_nether;48;13;32]
[00:18:00][BlockBreakEvent]: breaked minecraft:netherrack on [world_nether;48;12;32]
[00:18:00][BlockBreakEvent]: breaked minecraft:netherrack on [world_nether;47;13;32]
[00:18:01][BlockBreakEvent]: breaked minecraft:netherrack on [world_nether;47;12;32]
[00:18:01][BlockBreakEvent]: breaked minecraft:netherrack on [world_nether;46;12;32]
[00:18:02][BlockBreakEvent]: breaked minecraft:netherrack on [world_nether;46;13;32]
[00:18:02][BlockBreakEvent]: breaked minecraft:netherrack on [world_nether;45;12;32]
[00:18:03][BlockBreakEvent]: breaked minecraft:netherrack on [world_nether;45;13;32]
[00:18:04][BlockBreakEvent]: breaked minecraft:netherrack on [world_nether;44;13;32]
[00:18:05][BlockBreakEvent]: breaked minecraft:netherrack on [world_nether;44;12;32]
[00:18:06][BlockBreakEvent]: breaked minecraft:netherrack on [world_nether;43;13;32]
[00:18:06][BlockBreakEvent]: breaked minecraft:netherrack on [world_nether;43;12;32]
[00:18:07][BlockBreakEvent]: breaked minecraft:netherrack on [world_nether;42;13;32]
[00:18:08][BlockBreakEvent]: breaked minecraft:netherrack on [world_nether;42;12;32]
[00:18:12][BlockBreakEvent]: breaked minecraft:nether_quartz_ore on [world_nether;41;13;32]
[00:18:13][BlockBreakEvent]: breaked minecraft:netherrack on [world_nether;41;12;32]
[00:18:15][BlockBreakEvent]: breaked minecraft:nether_quartz_ore on [world_nether;40;13;32]
[00:18:17][BlockBreakEvent]: breaked minecraft:nether_quartz_ore on [world_nether;41;13;31]
[00:18:18][BlockBreakEvent]: breaked minecraft:nether_quartz_ore on [world_nether;40;13;31]
[00:18:23][BlockBreakEvent]: breaked minecraft:nether_quartz_ore on [world_nether;41;14;32]
[00:18:28][BlockBreakEvent]: breaked minecraft:nether_quartz_ore on [world_nether;40;14;32]
[00:18:29][BlockBreakEvent]: breaked minecraft:nether_quartz_ore on [world_nether;39;14;32]
[00:18:31][BlockBreakEvent]: breaked minecraft:nether_quartz_ore on [world_nether;39;13;32]
[00:18:32][BlockBreakEvent]: breaked minecraft:nether_quartz_ore on [world_nether;41;14;31]
[00:18:33][BlockBreakEvent]: breaked minecraft:nether_quartz_ore on [world_nether;40;14;31]
[00:18:36][BlockBreakEvent]: breaked minecraft:nether_quartz_ore on [world_nether;39;13;31]
[00:18:39][BlockBreakEvent]: breaked minecraft:nether_quartz_ore on [world_nether;39;14;31]
[00:18:54][BlockBreakEvent]: breaked minecraft:netherrack on [world_nether;48;13;17]
[00:18:55][BlockBreakEvent]: breaked minecraft:netherrack on [world_nether;47;13;17]
[00:18:56][BlockBreakEvent]: breaked minecraft:netherrack on [world_nether;48;12;17]
[00:18:57][BlockBreakEvent]: breaked minecraft:netherrack on [world_nether;47;12;17]
[00:18:57][BlockBreakEvent]: breaked minecraft:netherrack on [world_nether;46;13;17]
[00:19:06][BlockBreakEvent]: breaked minecraft:netherrack on [world_nether;47;11;17]
[00:19:28][BlockPlaceEvent]: placed minecraft:netherrack on [world_nether;47;11;17]
[00:19:29][BlockPlaceEvent]: placed minecraft:netherrack on [world_nether;47;12;17]
[00:20:08][BlockBreakEvent]: breaked minecraft:netherrack on [world_nether;55;13;22]
[00:20:09][BlockBreakEvent]: breaked minecraft:netherrack on [world_nether;56;13;22]
[00:20:16][BlockPlaceEvent]: placed minecraft:wall_torch[facing=north] on [world_nether;55;13;22]
[00:20:19][BlockBreakEvent]: breaked minecraft:netherrack on [world_nether;55;12;22]
[00:20:19][BlockBreakEvent]: breaked minecraft:netherrack on [world_nether;56;12;22]
[00:20:20][BlockBreakEvent]: breaked minecraft:netherrack on [world_nether;57;12;22]
[00:20:20][BlockBreakEvent]: breaked minecraft:netherrack on [world_nether;57;13;22]
[00:20:21][BlockBreakEvent]: breaked minecraft:netherrack on [world_nether;58;13;22]
[00:20:22][BlockBreakEvent]: breaked minecraft:netherrack on [world_nether;58;12;22]
[00:20:23][BlockBreakEvent]: breaked minecraft:blackstone on [world_nether;59;13;22]
[00:20:24][BlockBreakEvent]: breaked minecraft:blackstone on [world_nether;59;12;22]
[00:20:29][BlockPlaceEvent]: placed minecraft:netherrack on [world_nether;58;11;22]
[00:20:29][BlockPlaceEvent]: placed minecraft:netherrack on [world_nether;58;12;22]
[00:20:32][BlockBreakEvent]: breaked minecraft:netherrack on [world_nether;58;12;22]
[00:20:33][BlockBreakEvent]: breaked minecraft:blackstone on [world_nether;60;13;22]
[00:20:34][BlockBreakEvent]: breaked minecraft:blackstone on [world_nether;60;12;22]
[00:20:35][BlockBreakEvent]: breaked minecraft:netherrack on [world_nether;61;13;22]
[00:20:36][BlockBreakEvent]: breaked minecraft:netherrack on [world_nether;61;12;22]
[00:20:37][BlockBreakEvent]: breaked minecraft:netherrack on [world_nether;62;13;22]
[00:20:38][BlockBreakEvent]: breaked minecraft:netherrack on [world_nether;62;12;22]
[00:20:39][BlockBreakEvent]: breaked minecraft:netherrack on [world_nether;63;13;22]
[00:20:40][BlockBreakEvent]: breaked minecraft:netherrack on [world_nether;64;13;22]
[00:20:41][BlockBreakEvent]: breaked minecraft:netherrack on [world_nether;63;12;22]
[00:20:42][BlockBreakEvent]: breaked minecraft:netherrack on [world_nether;64;12;22]
[00:20:44][BlockBreakEvent]: breaked minecraft:netherrack on [world_nether;65;13;22]
[00:20:55][BlockBreakEvent]: breaked minecraft:netherrack on [world_nether;65;12;22]
[00:20:56][BlockBreakEvent]: breaked minecraft:netherrack on [world_nether;66;13;22]
[00:20:57][BlockBreakEvent]: breaked minecraft:netherrack on [world_nether;66;12;22]
[00:20:59][BlockBreakEvent]: breaked minecraft:netherrack on [world_nether;67;13;22]
[00:21:01][BlockBreakEvent]: breaked minecraft:netherrack on [world_nether;67;12;22]
[00:21:03][BlockPlaceEvent]: placed minecraft:wall_torch[facing=north] on [world_nether;65;13;22]
[00:21:09][BlockBreakEvent]: breaked minecraft:netherrack on [world_nether;68;13;22]
[00:21:11][BlockBreakEvent]: breaked minecraft:netherrack on [world_nether;68;12;22]
[00:21:13][BlockBreakEvent]: breaked minecraft:netherrack on [world_nether;69;13;22]
[00:21:14][BlockBreakEvent]: breaked minecraft:netherrack on [world_nether;69;12;22]
[00:21:15][BlockBreakEvent]: breaked minecraft:netherrack on [world_nether;70;13;22]
[00:21:17][BlockBreakEvent]: breaked minecraft:netherrack on [world_nether;70;12;22]
[00:21:20][BlockBreakEvent]: breaked minecraft:netherrack on [world_nether;71;13;22]
[00:21:23][BlockBreakEvent]: breaked minecraft:netherrack on [world_nether;71;12;22]
[00:21:26][BlockBreakEvent]: breaked minecraft:netherrack on [world_nether;72;13;22]
[00:21:26][BlockBreakEvent]: breaked minecraft:netherrack on [world_nether;72;12;22]
[00:21:27][BlockBreakEvent]: breaked minecraft:netherrack on [world_nether;73;13;22]
[00:21:28][BlockBreakEvent]: breaked minecraft:netherrack on [world_nether;73;12;22]
[00:21:31][BlockBreakEvent]: breaked minecraft:netherrack on [world_nether;74;13;22]
[00:21:32][BlockBreakEvent]: breaked minecraft:netherrack on [world_nether;74;12;22]
[00:21:34][BlockBreakEvent]: breaked minecraft:netherrack on [world_nether;75;13;22]
[00:21:35][BlockBreakEvent]: breaked minecraft:netherrack on [world_nether;75;12;22]
[00:21:36][BlockBreakEvent]: breaked minecraft:netherrack on [world_nether;76;13;22]
[00:21:37][BlockBreakEvent]: breaked minecraft:netherrack on [world_nether;76;12;22]
[00:21:38][BlockBreakEvent]: breaked minecraft:netherrack on [world_nether;77;13;22]
[00:21:39][BlockBreakEvent]: breaked minecraft:netherrack on [world_nether;77;12;22]
[00:21:42][BlockPlaceEvent]: placed minecraft:wall_torch[facing=north] on [world_nether;76;13;22]
[00:21:47][BlockBreakEvent]: breaked minecraft:netherrack on [world_nether;78;13;22]
[00:21:49][BlockBreakEvent]: breaked minecraft:netherrack on [world_nether;78;12;22]
[00:21:50][BlockBreakEvent]: breaked minecraft:netherrack on [world_nether;79;12;22]
[00:21:51][BlockBreakEvent]: breaked minecraft:netherrack on [world_nether;79;13;22]
[00:21:52][BlockBreakEvent]: breaked minecraft:netherrack on [world_nether;80;13;22]
[00:22:05][BlockBreakEvent]: breaked minecraft:netherrack on [world_nether;80;12;22]
[00:22:07][BlockBreakEvent]: breaked minecraft:netherrack on [world_nether;81;13;22]
[00:22:08][BlockBreakEvent]: breaked minecraft:netherrack on [world_nether;81;12;22]
[00:22:10][BlockBreakEvent]: breaked minecraft:netherrack on [world_nether;82;13;22]
[00:22:11][BlockBreakEvent]: breaked minecraft:netherrack on [world_nether;82;12;22]
[00:22:21][BlockPlaceEvent]: placed minecraft:netherrack on [world_nether;82;12;22]
[00:22:22][BlockPlaceEvent]: placed minecraft:netherrack on [world_nether;82;13;22]
[00:22:27][BlockBreakEvent]: breaked minecraft:netherrack on [world_nether;72;13;23]
[00:22:29][BlockBreakEvent]: breaked minecraft:netherrack on [world_nether;72;13;24]
[00:22:30][BlockBreakEvent]: breaked minecraft:netherrack on [world_nether;72;12;23]
[00:22:32][BlockBreakEvent]: breaked minecraft:netherrack on [world_nether;72;12;24]
[00:22:33][BlockBreakEvent]: breaked minecraft:netherrack on [world_nether;72;13;25]
[00:22:35][BlockBreakEvent]: breaked minecraft:netherrack on [world_nether;72;12;25]
[00:22:37][BlockBreakEvent]: breaked minecraft:netherrack on [world_nether;72;13;26]
[00:22:37][BlockBreakEvent]: breaked minecraft:netherrack on [world_nether;72;12;26]
[00:22:38][BlockBreakEvent]: breaked minecraft:netherrack on [world_nether;72;13;27]
[00:22:39][BlockBreakEvent]: breaked minecraft:netherrack on [world_nether;72;12;27]
[00:22:40][BlockBreakEvent]: breaked minecraft:netherrack on [world_nether;72;13;28]
[00:22:41][BlockBreakEvent]: breaked minecraft:netherrack on [world_nether;72;12;28]
[00:22:42][BlockBreakEvent]: breaked minecraft:netherrack on [world_nether;72;13;29]
[00:22:43][BlockBreakEvent]: breaked minecraft:netherrack on [world_nether;72;12;29]
[00:22:45][BlockBreakEvent]: breaked minecraft:netherrack on [world_nether;72;12;30]
[00:22:45][BlockBreakEvent]: breaked minecraft:netherrack on [world_nether;72;13;30]
[00:22:48][BlockPlaceEvent]: placed minecraft:wall_torch[facing=east] on [world_nether;72;13;29]
[00:22:50][BlockBreakEvent]: breaked minecraft:netherrack on [world_nether;72;13;31]
[00:22:51][BlockBreakEvent]: breaked minecraft:netherrack on [world_nether;72;12;31]
[00:22:52][BlockBreakEvent]: breaked minecraft:netherrack on [world_nether;72;13;32]
[00:22:53][BlockBreakEvent]: breaked minecraft:netherrack on [world_nether;72;12;32]
[00:22:54][BlockBreakEvent]: breaked minecraft:netherrack on [world_nether;72;13;33]
[00:22:56][BlockBreakEvent]: breaked minecraft:netherrack on [world_nether;72;12;33]
[00:22:57][BlockBreakEvent]: breaked minecraft:netherrack on [world_nether;72;13;34]
[00:22:58][BlockBreakEvent]: breaked minecraft:netherrack on [world_nether;72;12;34]
[00:22:59][BlockBreakEvent]: breaked minecraft:netherrack on [world_nether;72;13;35]
[00:23:00][BlockBreakEvent]: breaked minecraft:netherrack on [world_nether;72;12;35]
[00:23:05][BlockBreakEvent]: breaked minecraft:netherrack on [world_nether;72;13;21]
[00:23:06][BlockBreakEvent]: breaked minecraft:netherrack on [world_nether;72;12;21]
[00:23:07][BlockBreakEvent]: breaked minecraft:netherrack on [world_nether;72;13;20]
[00:23:10][BlockBreakEvent]: breaked minecraft:netherrack on [world_nether;72;12;20]
[00:23:11][BlockBreakEvent]: breaked minecraft:netherrack on [world_nether;72;13;19]
[00:23:12][BlockBreakEvent]: breaked minecraft:netherrack on [world_nether;72;12;19]
[00:23:13][BlockBreakEvent]: breaked minecraft:netherrack on [world_nether;72;13;18]
[00:23:14][BlockBreakEvent]: breaked minecraft:netherrack on [world_nether;72;12;18]
[00:23:16][BlockBreakEvent]: breaked minecraft:netherrack on [world_nether;72;13;17]
[00:23:17][BlockBreakEvent]: breaked minecraft:netherrack on [world_nether;72;12;17]
[00:23:18][BlockBreakEvent]: breaked minecraft:netherrack on [world_nether;72;13;16]
[00:23:23][BlockBreakEvent]: breaked minecraft:netherrack on [world_nether;72;12;16]
[00:23:23][BlockBreakEvent]: breaked minecraft:netherrack on [world_nether;72;13;15]
[00:23:26][BlockBreakEvent]: breaked minecraft:netherrack on [world_nether;72;12;15]
[00:23:29][BlockBreakEvent]: breaked minecraft:netherrack on [world_nether;72;13;14]
[00:23:30][BlockBreakEvent]: breaked minecraft:netherrack on [world_nether;72;12;14]
[00:23:40][BlockPlaceEvent]: placed minecraft:wall_torch[facing=west] on [world_nether;72;13;16]
[00:23:43][BlockBreakEvent]: breaked minecraft:netherrack on [world_nether;72;13;13]
[00:23:44][BlockBreakEvent]: breaked minecraft:netherrack on [world_nether;72;12;13]
[00:23:45][BlockBreakEvent]: breaked minecraft:netherrack on [world_nether;72;13;12]
[00:23:46][BlockBreakEvent]: breaked minecraft:netherrack on [world_nether;72;12;12]
[00:23:57][BlockPlaceEvent]: placed minecraft:netherrack on [world_nether;72;12;12]
[00:23:58][BlockPlaceEvent]: placed minecraft:netherrack on [world_nether;72;13;12]
[00:24:44][BlockPlaceEvent]: placed minecraft:wall_torch[facing=north] on [world_nether;62;6;18]
[00:24:48][BlockPlaceEvent]: placed minecraft:wall_torch[facing=north] on [world_nether;76;6;18]
[00:24:55][BlockPlaceEvent]: placed minecraft:torch on [world_nether;92;6;19]
[00:26:12][BlockBreakEvent]: breaked minecraft:netherrack on [world_nether;84;6;17]
[00:26:14][BlockBreakEvent]: breaked minecraft:netherrack on [world_nether;84;6;16]
[00:26:14][BlockBreakEvent]: breaked minecraft:netherrack on [world_nether;84;6;15]
[00:26:15][BlockBreakEvent]: breaked minecraft:netherrack on [world_nether;84;6;14]
[00:26:15][BlockBreakEvent]: breaked minecraft:netherrack on [world_nether;84;6;13]
[00:26:17][BlockBreakEvent]: breaked minecraft:netherrack on [world_nether;84;5;17]
[00:26:18][BlockBreakEvent]: breaked minecraft:netherrack on [world_nether;84;5;16]
[00:26:19][BlockBreakEvent]: breaked minecraft:gravel on [world_nether;84;5;15]
[00:26:21][BlockBreakEvent]: breaked minecraft:gravel on [world_nether;84;5;14]
[00:26:22][BlockBreakEvent]: breaked minecraft:gravel on [world_nether;84;5;13]
[00:26:24][BlockBreakEvent]: breaked minecraft:netherrack on [world_nether;84;6;12]
[00:26:25][BlockBreakEvent]: breaked minecraft:netherrack on [world_nether;84;5;12]
[00:26:26][BlockBreakEvent]: breaked minecraft:netherrack on [world_nether;84;6;11]
[00:26:26][BlockBreakEvent]: breaked minecraft:netherrack on [world_nether;84;5;11]
[00:26:35][BlockPlaceEvent]: placed minecraft:wall_torch[facing=south] on [world_nether;84;5;11]
[00:26:36][BlockBreakEvent]: breaked minecraft:wall_torch[facing=south] on [world_nether;84;5;11]
[00:26:37][BlockPlaceEvent]: placed minecraft:wall_torch[facing=west] on [world_nether;84;6;12]
[00:26:42][BlockBreakEvent]: breaked minecraft:netherrack on [world_nether;84;6;10]
[00:26:43][BlockBreakEvent]: breaked minecraft:netherrack on [world_nether;84;5;10]
[00:26:44][BlockBreakEvent]: breaked minecraft:netherrack on [world_nether;84;6;9]
[00:26:44][BlockBreakEvent]: breaked minecraft:netherrack on [world_nether;84;5;9]
[00:26:45][BlockBreakEvent]: breaked minecraft:netherrack on [world_nether;84;6;8]
[00:26:46][BlockBreakEvent]: breaked minecraft:netherrack on [world_nether;84;6;7]
[00:26:47][BlockBreakEvent]: breaked minecraft:netherrack on [world_nether;84;5;8]
[00:26:47][BlockBreakEvent]: breaked minecraft:netherrack on [world_nether;84;5;7]
[00:26:48][BlockBreakEvent]: breaked minecraft:netherrack on [world_nether;84;6;6]
[00:26:49][BlockBreakEvent]: breaked minecraft:netherrack on [world_nether;84;5;6]
[00:26:50][BlockBreakEvent]: breaked minecraft:netherrack on [world_nether;84;6;5]
[00:26:51][BlockBreakEvent]: breaked minecraft:netherrack on [world_nether;84;5;5]
[00:26:52][BlockBreakEvent]: breaked minecraft:netherrack on [world_nether;84;6;4]
[00:26:52][BlockBreakEvent]: breaked minecraft:netherrack on [world_nether;84;5;4]
[00:26:54][BlockBreakEvent]: breaked minecraft:netherrack on [world_nether;84;5;3]
[00:26:56][BlockBreakEvent]: breaked minecraft:netherrack on [world_nether;84;6;3]
[00:26:57][BlockBreakEvent]: breaked minecraft:netherrack on [world_nether;84;6;2]
[00:26:58][BlockBreakEvent]: breaked minecraft:netherrack on [world_nether;84;5;2]
[00:26:59][BlockBreakEvent]: breaked minecraft:netherrack on [world_nether;84;6;1]
[00:26:59][BlockBreakEvent]: breaked minecraft:netherrack on [world_nether;84;5;1]
[00:27:00][BlockBreakEvent]: breaked minecraft:netherrack on [world_nether;84;6;0]
[00:27:01][BlockBreakEvent]: breaked minecraft:netherrack on [world_nether;84;5;0]
[00:27:03][BlockPlaceEvent]: placed minecraft:wall_torch[facing=west] on [world_nether;84;6;2]
[00:27:11][BlockBreakEvent]: breaked minecraft:netherrack on [world_nether;84;6;-1]
[00:27:12][BlockBreakEvent]: breaked minecraft:netherrack on [world_nether;84;5;-1]
[00:27:13][BlockBreakEvent]: breaked minecraft:netherrack on [world_nether;84;6;-2]
[00:27:14][BlockBreakEvent]: breaked minecraft:netherrack on [world_nether;84;5;-2]
[00:27:16][BlockBreakEvent]: breaked minecraft:netherrack on [world_nether;84;6;-3]
[00:27:17][BlockBreakEvent]: breaked minecraft:netherrack on [world_nether;84;5;-3]
[00:27:19][BlockBreakEvent]: breaked minecraft:netherrack on [world_nether;84;6;-4]
[00:27:20][BlockBreakEvent]: breaked minecraft:netherrack on [world_nether;84;5;-4]
[00:27:20][BlockBreakEvent]: breaked minecraft:netherrack on [world_nether;84;6;-5]
[00:27:22][BlockBreakEvent]: breaked minecraft:netherrack on [world_nether;84;5;-5]
[00:27:24][BlockBreakEvent]: breaked minecraft:netherrack on [world_nether;84;6;-6]
[00:27:25][BlockBreakEvent]: breaked minecraft:netherrack on [world_nether;84;5;-6]
[00:27:27][BlockBreakEvent]: breaked minecraft:netherrack on [world_nether;84;5;-7]
[00:27:28][BlockBreakEvent]: breaked minecraft:netherrack on [world_nether;84;6;-7]
[00:27:30][BlockPlaceEvent]: placed minecraft:wall_torch[facing=west] on [world_nether;84;6;-5]
[00:27:34][BlockBreakEvent]: breaked minecraft:netherrack on [world_nether;84;6;-8]
[00:27:34][BlockBreakEvent]: breaked minecraft:netherrack on [world_nether;84;5;-8]
[00:27:35][BlockBreakEvent]: breaked minecraft:netherrack on [world_nether;84;6;-9]
[00:27:36][BlockBreakEvent]: breaked minecraft:netherrack on [world_nether;84;5;-9]
[00:27:37][BlockBreakEvent]: breaked minecraft:netherrack on [world_nether;84;6;-10]
[00:27:38][BlockBreakEvent]: breaked minecraft:netherrack on [world_nether;84;5;-10]
[00:27:39][BlockBreakEvent]: breaked minecraft:netherrack on [world_nether;84;6;-11]
[00:27:41][BlockBreakEvent]: breaked minecraft:netherrack on [world_nether;84;5;-11]
[00:27:43][BlockBreakEvent]: breaked minecraft:netherrack on [world_nether;84;6;-12]
[00:27:43][BlockBreakEvent]: breaked minecraft:netherrack on [world_nether;84;5;-12]
[00:27:45][BlockBreakEvent]: breaked minecraft:netherrack on [world_nether;84;6;-13]
[00:27:45][BlockBreakEvent]: breaked minecraft:netherrack on [world_nether;84;5;-13]
[00:27:47][BlockBreakEvent]: breaked minecraft:netherrack on [world_nether;84;6;-14]
[00:27:48][BlockBreakEvent]: breaked minecraft:netherrack on [world_nether;84;5;-14]
[00:27:49][BlockBreakEvent]: breaked minecraft:netherrack on [world_nether;84;6;-15]
[00:29:27][BlockBreakEvent]: breaked minecraft:netherrack on [world_nether;84;6;-16]
[00:29:29][BlockBreakEvent]: breaked minecraft:netherrack on [world_nether;84;6;-17]
[00:29:30][BlockBreakEvent]: breaked minecraft:netherrack on [world_nether;84;6;-18]
[00:30:48][BlockBreakEvent]: breaked minecraft:netherrack on [world_nether;84;5;-15]
[00:30:49][BlockBreakEvent]: breaked minecraft:netherrack on [world_nether;84;5;-16]
[00:30:50][BlockBreakEvent]: breaked minecraft:netherrack on [world_nether;84;5;-17]
[00:30:55][BlockBreakEvent]: breaked minecraft:netherrack on [world_nether;84;5;-18]
[00:31:17][BlockBreakEvent]: breaked minecraft:netherrack on [world_nether;85;6;-6]
[00:31:17][BlockBreakEvent]: breaked minecraft:netherrack on [world_nether;86;6;-6]
[00:31:20][BlockBreakEvent]: breaked minecraft:netherrack on [world_nether;86;6;-5]
[00:31:20][BlockBreakEvent]: breaked minecraft:netherrack on [world_nether;87;6;-6]
[00:31:21][BlockBreakEvent]: breaked minecraft:netherrack on [world_nether;88;6;-6]
[00:31:21][BlockBreakEvent]: breaked minecraft:netherrack on [world_nether;89;6;-6]
[00:31:23][BlockBreakEvent]: breaked minecraft:netherrack on [world_nether;85;5;-6]
[00:31:23][BlockBreakEvent]: breaked minecraft:netherrack on [world_nether;86;5;-6]
[00:31:24][BlockBreakEvent]: breaked minecraft:netherrack on [world_nether;87;5;-6]
[00:31:25][BlockBreakEvent]: breaked minecraft:netherrack on [world_nether;88;5;-6]
[00:31:27][BlockBreakEvent]: breaked minecraft:netherrack on [world_nether;89;5;-6]
[00:31:28][BlockBreakEvent]: breaked minecraft:netherrack on [world_nether;90;6;-6]
[00:31:28][BlockBreakEvent]: breaked minecraft:netherrack on [world_nether;90;5;-6]
[00:31:29][BlockBreakEvent]: breaked minecraft:netherrack on [world_nether;91;6;-6]
[00:31:55][BlockPlaceEvent]: placed minecraft:wall_torch[facing=south] on [world_nether;84;6;-18]
[00:34:08][BlockBreakEvent]: breaked minecraft:netherrack on [world_nether;84;7;-7]
[00:34:11][BlockBreakEvent]: breaked minecraft:netherrack on [world_nether;84;8;-7]
[00:34:12][BlockBreakEvent]: breaked minecraft:netherrack on [world_nether;84;9;-7]
[00:34:13][BlockBreakEvent]: breaked minecraft:netherrack on [world_nether;84;10;-7]
[00:34:19][BlockBreakEvent]: breaked minecraft:gravel on [world_nether;84;6;-7]
[00:34:20][BlockBreakEvent]: breaked minecraft:gravel on [world_nether;84;5;-7]
[00:34:22][BlockBreakEvent]: breaked minecraft:gravel on [world_nether;84;5;-7]
[00:34:23][BlockBreakEvent]: breaked minecraft:gravel on [world_nether;84;5;-7]
[00:34:28][BlockBreakEvent]: breaked minecraft:netherrack on [world_nether;84;7;-6]
[00:34:29][BlockBreakEvent]: breaked minecraft:netherrack on [world_nether;83;7;-6]
[00:34:31][BlockBreakEvent]: breaked minecraft:netherrack on [world_nether;83;7;-5]
[00:34:31][BlockBreakEvent]: breaked minecraft:netherrack on [world_nether;83;8;-6]
[00:34:31][BlockBreakEvent]: breaked minecraft:netherrack on [world_nether;83;8;-5]
[00:34:32][BlockBreakEvent]: breaked minecraft:netherrack on [world_nether;83;9;-5]
[00:34:32][BlockBreakEvent]: breaked minecraft:netherrack on [world_nether;83;8;-4]
[00:34:33][BlockBreakEvent]: breaked minecraft:netherrack on [world_nether;83;9;-4]
[00:34:35][BlockBreakEvent]: breaked minecraft:netherrack on [world_nether;83;6;-6]
[00:35:09][BlockBreakEvent]: breaked minecraft:netherrack on [world_nether;89;14;-3]
[00:35:09][BlockBreakEvent]: breaked minecraft:netherrack on [world_nether;90;14;-3]
[00:35:09][BlockBreakEvent]: breaked minecraft:netherrack on [world_nether;90;13;-3]
[00:35:09][BlockBreakEvent]: breaked minecraft:netherrack on [world_nether;91;13;-3]
[00:35:09][BlockBreakEvent]: breaked minecraft:netherrack on [world_nether;91;13;-2]
[00:35:09][BlockBreakEvent]: breaked minecraft:netherrack on [world_nether;90;13;-2]
[00:35:09][BlockBreakEvent]: breaked minecraft:netherrack on [world_nether;91;13;-1]
[00:35:17][BlockPlaceEvent]: placed minecraft:wall_torch[facing=east] on [world_nether;89;14;-3]
[00:35:20][BlockBreakEvent]: breaked minecraft:netherrack on [world_nether;90;14;-2]
[00:35:20][BlockBreakEvent]: breaked minecraft:netherrack on [world_nether;90;14;-1]
[00:35:20][BlockBreakEvent]: breaked minecraft:netherrack on [world_nether;90;14;0]
[00:35:20][BlockBreakEvent]: breaked minecraft:netherrack on [world_nether;90;14;1]
[00:35:20][BlockBreakEvent]: breaked minecraft:netherrack on [world_nether;90;13;1]
[00:35:20][BlockBreakEvent]: breaked minecraft:netherrack on [world_nether;90;13;2]
[00:35:21][BlockBreakEvent]: breaked minecraft:netherrack on [world_nether;90;13;-1]
[00:35:21][BlockBreakEvent]: breaked minecraft:netherrack on [world_nether;90;13;0]
[00:35:21][BlockBreakEvent]: breaked minecraft:netherrack on [world_nether;90;12;1]
[00:35:22][BlockBreakEvent]: breaked minecraft:netherrack on [world_nether;90;14;2]
[00:35:22][BlockBreakEvent]: breaked minecraft:netherrack on [world_nether;90;14;3]
[00:35:23][BlockBreakEvent]: breaked minecraft:netherrack on [world_nether;90;13;3]
[00:35:23][BlockBreakEvent]: breaked minecraft:netherrack on [world_nether;90;13;4]
[00:35:24][BlockBreakEvent]: breaked minecraft:netherrack on [world_nether;90;14;4]
[00:35:24][BlockBreakEvent]: breaked minecraft:netherrack on [world_nether;90;14;5]
[00:35:40][BlockBreakEvent]: breaked minecraft:netherrack on [world_nether;90;13;5]
[00:35:40][BlockBreakEvent]: breaked minecraft:netherrack on [world_nether;90;13;6]
[00:35:41][BlockBreakEvent]: breaked minecraft:netherrack on [world_nether;90;12;6]
[00:35:41][BlockBreakEvent]: breaked minecraft:netherrack on [world_nether;90;14;6]
[00:35:41][BlockBreakEvent]: breaked minecraft:netherrack on [world_nether;90;13;7]
[00:35:42][BlockBreakEvent]: breaked minecraft:netherrack on [world_nether;90;13;8]
[00:35:43][BlockBreakEvent]: breaked minecraft:netherrack on [world_nether;90;14;7]
[00:35:43][BlockBreakEvent]: breaked minecraft:netherrack on [world_nether;90;14;8]
[00:35:46][BlockBreakEvent]: breaked minecraft:netherrack on [world_nether;90;14;9]
[00:35:46][BlockBreakEvent]: breaked minecraft:netherrack on [world_nether;90;13;9]
[00:35:46][BlockBreakEvent]: breaked minecraft:netherrack on [world_nether;90;13;10]
[00:35:47][BlockBreakEvent]: breaked minecraft:netherrack on [world_nether;90;14;10]
[00:35:47][BlockBreakEvent]: breaked minecraft:netherrack on [world_nether;90;14;11]
[00:35:47][BlockBreakEvent]: breaked minecraft:netherrack on [world_nether;90;14;12]
[00:35:48][BlockBreakEvent]: breaked minecraft:netherrack on [world_nether;90;13;11]
[00:35:48][BlockBreakEvent]: breaked minecraft:netherrack on [world_nether;90;13;12]
[00:35:58][BlockBreakEvent]: breaked minecraft:gravel on [world_nether;90;13;12]
[00:35:59][BlockBreakEvent]: breaked minecraft:netherrack on [world_nether;90;13;13]
[00:36:00][BlockBreakEvent]: breaked minecraft:gravel on [world_nether;90;13;12]
[00:36:01][BlockBreakEvent]: breaked minecraft:gravel on [world_nether;90;13;12]
[00:36:02][BlockBreakEvent]: breaked minecraft:netherrack on [world_nether;90;14;13]
[00:36:03][BlockBreakEvent]: breaked minecraft:gravel on [world_nether;90;13;12]
[00:36:04][BlockBreakEvent]: breaked minecraft:netherrack on [world_nether;89;14;9]
[00:36:04][BlockBreakEvent]: breaked minecraft:netherrack on [world_nether;89;14;10]
[00:36:04][BlockBreakEvent]: breaked minecraft:netherrack on [world_nether;88;14;10]
[00:36:04][BlockBreakEvent]: breaked minecraft:netherrack on [world_nether;88;14;11]
[00:36:05][BlockBreakEvent]: breaked minecraft:netherrack on [world_nether;88;14;9]
[00:36:06][BlockBreakEvent]: breaked minecraft:netherrack on [world_nether;87;14;9]
[00:36:06][BlockBreakEvent]: breaked minecraft:netherrack on [world_nether;86;14;9]
[00:36:07][BlockBreakEvent]: breaked minecraft:netherrack on [world_nether;89;13;9]
[00:36:07][BlockBreakEvent]: breaked minecraft:netherrack on [world_nether;88;13;9]
[00:36:07][BlockBreakEvent]: breaked minecraft:netherrack on [world_nether;88;12;9]
[00:36:07][BlockBreakEvent]: breaked minecraft:netherrack on [world_nether;87;12;9]
[00:36:47][BlockBreakEvent]: breaked minecraft:netherrack on [world_nether;90;13;-6]
[00:36:47][BlockBreakEvent]: breaked minecraft:netherrack on [world_nether;90;13;-7]
[00:36:47][BlockBreakEvent]: breaked minecraft:netherrack on [world_nether;90;13;-8]
[00:36:47][BlockBreakEvent]: breaked minecraft:netherrack on [world_nether;90;12;-8]
[00:36:48][BlockBreakEvent]: breaked minecraft:netherrack on [world_nether;90;14;-7]
[00:36:48][BlockBreakEvent]: breaked minecraft:netherrack on [world_nether;90;14;-8]
[00:36:48][BlockBreakEvent]: breaked minecraft:netherrack on [world_nether;90;14;-9]
[00:36:49][BlockBreakEvent]: breaked minecraft:netherrack on [world_nether;90;13;-9]
[00:36:49][BlockBreakEvent]: breaked minecraft:netherrack on [world_nether;90;13;-10]
[00:36:51][BlockBreakEvent]: breaked minecraft:gravel on [world_nether;90;13;-10]
[00:36:51][BlockBreakEvent]: breaked minecraft:netherrack on [world_nether;90;13;-11]
[00:36:52][BlockBreakEvent]: breaked minecraft:gravel on [world_nether;90;13;-10]
[00:36:54][BlockBreakEvent]: breaked minecraft:gravel on [world_nether;90;13;-10]
[00:36:55][BlockBreakEvent]: breaked minecraft:gravel on [world_nether;90;13;-10]
[00:36:59][BlockBreakEvent]: breaked minecraft:gravel on [world_nether;90;14;-11]
[00:37:01][BlockBreakEvent]: breaked minecraft:gravel on [world_nether;90;14;-11]
[00:37:40][BlockBreakEvent]: breaked minecraft:gravel on [world_nether;90;14;-11]
[00:37:41][BlockBreakEvent]: breaked minecraft:gravel on [world_nether;90;14;-11]
[00:37:41][BlockBreakEvent]: breaked minecraft:gravel on [world_nether;90;13;-11]
[00:37:42][BlockBreakEvent]: breaked minecraft:gravel on [world_nether;90;14;-12]
[00:37:42][BlockBreakEvent]: breaked minecraft:gravel on [world_nether;90;14;-12]
[00:37:43][BlockBreakEvent]: breaked minecraft:gravel on [world_nether;90;14;-12]
[00:37:44][BlockBreakEvent]: breaked minecraft:gravel on [world_nether;90;14;-12]
[00:37:44][BlockBreakEvent]: breaked minecraft:gravel on [world_nether;90;14;-12]
[00:37:45][BlockBreakEvent]: breaked minecraft:gravel on [world_nether;90;14;-13]
[00:37:45][BlockBreakEvent]: breaked minecraft:gravel on [world_nether;90;14;-13]
[00:37:46][BlockBreakEvent]: breaked minecraft:gravel on [world_nether;90;14;-13]
[00:37:47][BlockBreakEvent]: breaked minecraft:gravel on [world_nether;90;14;-13]
[00:37:47][BlockBreakEvent]: breaked minecraft:gravel on [world_nether;90;14;-14]
[00:37:48][BlockBreakEvent]: breaked minecraft:gravel on [world_nether;90;14;-15]
[00:37:48][BlockBreakEvent]: breaked minecraft:gravel on [world_nether;90;14;-14]
[00:37:49][BlockBreakEvent]: breaked minecraft:gravel on [world_nether;90;14;-14]
[00:37:49][BlockBreakEvent]: breaked minecraft:gravel on [world_nether;90;14;-15]
[00:37:50][BlockBreakEvent]: breaked minecraft:gravel on [world_nether;90;14;-14]
[00:37:50][BlockBreakEvent]: breaked minecraft:gravel on [world_nether;90;14;-15]
[00:37:55][BlockPlaceEvent]: placed minecraft:wall_torch[facing=west] on [world_nether;90;14;-14]
[00:37:55][BlockPlaceEvent]: placed minecraft:wall_torch[facing=west] on [world_nether;90;14;-13]
[00:37:56][BlockBreakEvent]: breaked minecraft:wall_torch[facing=west] on [world_nether;90;14;-13]
[00:38:07][BlockBreakEvent]: breaked minecraft:netherrack on [world_nether;90;14;-16]
[00:38:07][BlockBreakEvent]: breaked minecraft:netherrack on [world_nether;90;15;-16]
[00:38:07][BlockBreakEvent]: breaked minecraft:netherrack on [world_nether;90;15;-17]
[00:38:07][BlockBreakEvent]: breaked minecraft:netherrack on [world_nether;90;14;-17]
[00:38:07][BlockBreakEvent]: breaked minecraft:netherrack on [world_nether;90;14;-18]
[00:38:08][BlockBreakEvent]: breaked minecraft:netherrack on [world_nether;90;15;-18]
[00:38:08][BlockBreakEvent]: breaked minecraft:netherrack on [world_nether;90;14;-19]
[00:38:09][BlockBreakEvent]: breaked minecraft:netherrack on [world_nether;90;15;-19]
[00:38:10][BlockBreakEvent]: breaked minecraft:netherrack on [world_nether;90;15;-20]
[00:38:10][BlockBreakEvent]: breaked minecraft:netherrack on [world_nether;90;15;-21]
[00:38:30][BlockPlaceEvent]: placed minecraft:wall_torch[facing=east] on [world_nether;90;14;-27]
[00:38:49][BlockBreakEvent]: breaked minecraft:netherrack on [world_nether;90;13;-28]
[00:38:49][BlockBreakEvent]: breaked minecraft:netherrack on [world_nether;90;13;-29]
[00:38:59][BlockPlaceEvent]: placed minecraft:torch on [world_nether;90;13;-49]
[00:39:04][BlockBreakEvent]: breaked minecraft:netherrack on [world_nether;90;14;-51]
[00:39:04][BlockBreakEvent]: breaked minecraft:netherrack on [world_nether;90;14;-52]
[00:39:04][BlockBreakEvent]: breaked minecraft:netherrack on [world_nether;90;14;-53]
[00:39:04][BlockBreakEvent]: breaked minecraft:netherrack on [world_nether;90;13;-53]
[00:39:05][BlockBreakEvent]: breaked minecraft:netherrack on [world_nether;90;13;-51]
[00:39:05][BlockBreakEvent]: breaked minecraft:netherrack on [world_nether;90;13;-52]
[00:39:05][BlockBreakEvent]: breaked minecraft:netherrack on [world_nether;90;12;-52]
[00:39:05][BlockBreakEvent]: breaked minecraft:netherrack on [world_nether;90;12;-53]
[00:39:06][BlockBreakEvent]: breaked minecraft:netherrack on [world_nether;90;13;-54]
[00:39:06][BlockBreakEvent]: breaked minecraft:netherrack on [world_nether;90;14;-54]
[00:39:06][BlockBreakEvent]: breaked minecraft:netherrack on [world_nether;90;14;-55]
[00:39:07][BlockBreakEvent]: breaked minecraft:netherrack on [world_nether;90;13;-55]
[00:39:09][BlockBreakEvent]: breaked minecraft:netherrack on [world_nether;90;13;-56]
[00:39:09][BlockBreakEvent]: breaked minecraft:netherrack on [world_nether;90;13;-57]
[00:39:10][BlockBreakEvent]: breaked minecraft:netherrack on [world_nether;90;14;-56]
[00:39:10][BlockBreakEvent]: breaked minecraft:netherrack on [world_nether;90;14;-57]
[00:39:12][BlockBreakEvent]: breaked minecraft:netherrack on [world_nether;90;14;-58]
[00:39:12][BlockBreakEvent]: breaked minecraft:netherrack on [world_nether;90;13;-58]
[00:39:12][BlockBreakEvent]: breaked minecraft:netherrack on [world_nether;90;13;-59]
[00:39:13][BlockBreakEvent]: breaked minecraft:netherrack on [world_nether;90;14;-59]
[00:39:15][BlockBreakEvent]: breaked minecraft:netherrack on [world_nether;90;13;-60]
[00:39:16][BlockBreakEvent]: breaked minecraft:netherrack on [world_nether;90;14;-60]
[00:39:16][BlockBreakEvent]: breaked minecraft:netherrack on [world_nether;90;13;-61]
[00:39:17][BlockBreakEvent]: breaked minecraft:netherrack on [world_nether;90;14;-61]
[00:39:17][BlockBreakEvent]: breaked minecraft:netherrack on [world_nether;90;14;-62]
[00:39:18][BlockBreakEvent]: breaked minecraft:netherrack on [world_nether;90;13;-62]
[00:39:21][BlockPlaceEvent]: placed minecraft:wall_torch[facing=west] on [world_nether;90;14;-60]
[00:39:24][BlockBreakEvent]: breaked minecraft:netherrack on [world_nether;90;14;-63]
[00:39:25][BlockBreakEvent]: breaked minecraft:netherrack on [world_nether;90;13;-63]
[00:39:25][BlockBreakEvent]: breaked minecraft:netherrack on [world_nether;90;13;-64]
[00:39:26][BlockBreakEvent]: breaked minecraft:netherrack on [world_nether;90;14;-64]
[00:39:26][BlockBreakEvent]: breaked minecraft:netherrack on [world_nether;90;14;-65]
[00:39:26][BlockBreakEvent]: breaked minecraft:netherrack on [world_nether;90;13;-65]
[00:39:27][BlockBreakEvent]: breaked minecraft:netherrack on [world_nether;90;14;-66]
[00:39:28][BlockBreakEvent]: breaked minecraft:netherrack on [world_nether;90;13;-66]
[00:39:29][BlockBreakEvent]: breaked minecraft:netherrack on [world_nether;90;14;-67]
[00:39:29][BlockBreakEvent]: breaked minecraft:netherrack on [world_nether;90;13;-67]
[00:39:54][BlockPlaceEvent]: placed minecraft:netherrack on [world_nether;90;11;-63]
[00:39:56][BlockPlaceEvent]: placed minecraft:netherrack on [world_nether;90;12;-63]
[00:40:03][BlockBreakEvent]: breaked minecraft:netherrack on [world_nether;90;14;-68]
[00:40:03][BlockBreakEvent]: breaked minecraft:netherrack on [world_nether;90;14;-69]
[00:40:04][BlockBreakEvent]: breaked minecraft:netherrack on [world_nether;90;13;-68]
[00:40:04][BlockBreakEvent]: breaked minecraft:netherrack on [world_nether;90;13;-69]
[00:40:05][BlockBreakEvent]: breaked minecraft:netherrack on [world_nether;90;14;-70]
[00:40:05][BlockBreakEvent]: breaked minecraft:netherrack on [world_nether;90;13;-70]
[00:40:06][BlockBreakEvent]: breaked minecraft:netherrack on [world_nether;90;14;-71]
[00:40:07][BlockBreakEvent]: breaked minecraft:netherrack on [world_nether;90;13;-71]
[00:40:07][BlockBreakEvent]: breaked minecraft:netherrack on [world_nether;90;14;-72]
[00:40:08][BlockBreakEvent]: breaked minecraft:netherrack on [world_nether;90;13;-72]
[00:40:08][BlockBreakEvent]: breaked minecraft:netherrack on [world_nether;90;14;-73]
[00:40:09][BlockBreakEvent]: breaked minecraft:netherrack on [world_nether;90;13;-73]
[00:40:12][BlockPlaceEvent]: placed minecraft:wall_torch[facing=west] on [world_nether;90;14;-71]
[00:40:18][BlockBreakEvent]: breaked minecraft:nether_gold_ore on [world_nether;91;14;-73]
[00:40:23][BlockBreakEvent]: breaked minecraft:netherrack on [world_nether;90;14;-74]
[00:40:24][BlockBreakEvent]: breaked minecraft:netherrack on [world_nether;90;13;-74]
[00:40:24][BlockBreakEvent]: breaked minecraft:netherrack on [world_nether;90;14;-75]
[00:40:25][BlockBreakEvent]: breaked minecraft:netherrack on [world_nether;90;13;-75]
[00:40:26][BlockBreakEvent]: breaked minecraft:netherrack on [world_nether;90;14;-76]
[00:40:26][BlockBreakEvent]: breaked minecraft:netherrack on [world_nether;90;13;-76]
[00:40:26][BlockBreakEvent]: breaked minecraft:netherrack on [world_nether;90;13;-77]
[00:40:27][BlockBreakEvent]: breaked minecraft:netherrack on [world_nether;90;14;-77]
[00:40:27][BlockBreakEvent]: breaked minecraft:netherrack on [world_nether;90;14;-78]
[00:40:28][BlockBreakEvent]: breaked minecraft:netherrack on [world_nether;90;13;-78]
[00:40:29][BlockBreakEvent]: breaked minecraft:netherrack on [world_nether;90;14;-79]
[00:40:29][BlockBreakEvent]: breaked minecraft:netherrack on [world_nether;90;13;-79]
[00:40:30][BlockBreakEvent]: breaked minecraft:netherrack on [world_nether;90;14;-80]
[00:40:30][BlockBreakEvent]: breaked minecraft:netherrack on [world_nether;90;14;-81]
[00:40:31][BlockBreakEvent]: breaked minecraft:netherrack on [world_nether;90;13;-80]
[00:40:38][BlockBreakEvent]: breaked minecraft:gravel on [world_nether;90;13;-81]
[00:40:40][BlockBreakEvent]: breaked minecraft:gravel on [world_nether;90;14;-82]
[00:40:40][BlockBreakEvent]: breaked minecraft:gravel on [world_nether;90;13;-82]
[00:40:41][BlockBreakEvent]: breaked minecraft:gravel on [world_nether;90;13;-83]
[00:40:45][BlockBreakEvent]: breaked minecraft:netherrack on [world_nether;90;14;-83]
[00:40:46][BlockBreakEvent]: breaked minecraft:netherrack on [world_nether;90;14;-84]
[00:40:47][BlockBreakEvent]: breaked minecraft:netherrack on [world_nether;90;13;-84]
[00:40:47][BlockBreakEvent]: breaked minecraft:netherrack on [world_nether;90;13;-85]
[00:41:03][BlockBreakEvent]: breaked minecraft:netherrack on [world_nether;90;14;-85]
[00:41:03][BlockBreakEvent]: breaked minecraft:netherrack on [world_nether;90;13;-86]
[00:41:07][BlockPlaceEvent]: placed minecraft:wall_torch[facing=west] on [world_nether;90;14;-85]
[00:41:11][BlockBreakEvent]: breaked minecraft:netherrack on [world_nether;90;14;-86]
[00:41:11][BlockBreakEvent]: breaked minecraft:netherrack on [world_nether;90;14;-87]
[00:41:13][BlockBreakEvent]: breaked minecraft:netherrack on [world_nether;90;13;-87]
[00:41:13][BlockBreakEvent]: breaked minecraft:netherrack on [world_nether;90;13;-88]
[00:41:14][BlockBreakEvent]: breaked minecraft:netherrack on [world_nether;90;14;-88]
[00:41:15][BlockBreakEvent]: breaked minecraft:netherrack on [world_nether;90;13;-89]
[00:41:16][BlockBreakEvent]: breaked minecraft:netherrack on [world_nether;90;14;-89]
[00:41:17][BlockBreakEvent]: breaked minecraft:netherrack on [world_nether;90;13;-90]
[00:41:18][BlockBreakEvent]: breaked minecraft:netherrack on [world_nether;90;14;-90]
[00:41:18][BlockBreakEvent]: breaked minecraft:netherrack on [world_nether;90;13;-91]
[00:41:19][BlockBreakEvent]: breaked minecraft:netherrack on [world_nether;90;14;-91]
[00:41:20][BlockBreakEvent]: breaked minecraft:netherrack on [world_nether;90;13;-92]
[00:41:21][BlockBreakEvent]: breaked minecraft:netherrack on [world_nether;90;14;-92]
[00:41:22][BlockBreakEvent]: breaked minecraft:netherrack on [world_nether;90;13;-93]
[00:41:23][BlockBreakEvent]: breaked minecraft:netherrack on [world_nether;90;14;-93]
[00:41:23][BlockBreakEvent]: breaked minecraft:netherrack on [world_nether;90;13;-94]
[00:41:24][BlockBreakEvent]: breaked minecraft:netherrack on [world_nether;90;14;-94]
[00:41:25][BlockBreakEvent]: breaked minecraft:netherrack on [world_nether;90;13;-95]
[00:41:25][BlockBreakEvent]: breaked minecraft:netherrack on [world_nether;90;14;-95]
[00:41:26][BlockBreakEvent]: breaked minecraft:netherrack on [world_nether;90;14;-96]
[00:41:26][BlockBreakEvent]: breaked minecraft:netherrack on [world_nether;90;13;-96]
[00:41:27][BlockBreakEvent]: breaked minecraft:netherrack on [world_nether;90;14;-97]
[00:41:28][BlockBreakEvent]: breaked minecraft:netherrack on [world_nether;90;13;-97]
[00:41:33][BlockPlaceEvent]: placed minecraft:wall_torch[facing=west] on [world_nether;90;14;-91]
[00:41:43][BlockPlaceEvent]: placed minecraft:netherrack on [world_nether;90;12;-96]
[00:41:46][BlockBreakEvent]: breaked minecraft:netherrack on [world_nether;90;14;-98]
[00:41:46][BlockBreakEvent]: breaked minecraft:netherrack on [world_nether;90;14;-99]
[00:41:46][BlockBreakEvent]: breaked minecraft:netherrack on [world_nether;90;13;-98]
[00:41:47][BlockBreakEvent]: breaked minecraft:netherrack on [world_nether;90;13;-99]
[00:41:48][BlockBreakEvent]: breaked minecraft:netherrack on [world_nether;90;14;-100]
[00:41:48][BlockBreakEvent]: breaked minecraft:netherrack on [world_nether;90;13;-100]
[00:41:50][BlockBreakEvent]: breaked minecraft:netherrack on [world_nether;90;14;-101]
[00:41:51][BlockBreakEvent]: breaked minecraft:netherrack on [world_nether;90;13;-101]
[00:41:51][BlockBreakEvent]: breaked minecraft:netherrack on [world_nether;90;13;-102]
[00:41:51][BlockBreakEvent]: breaked minecraft:netherrack on [world_nether;90;14;-102]
[00:41:58][BlockPlaceEvent]: placed minecraft:wall_torch[facing=west] on [world_nether;90;14;-100]
[00:42:08][BlockBreakEvent]: breaked minecraft:gravel on [world_nether;90;14;-102]
[00:42:10][BlockBreakEvent]: breaked minecraft:gravel on [world_nether;90;13;-102]
[00:42:11][BlockBreakEvent]: breaked minecraft:gravel on [world_nether;90;13;-102]
[00:42:12][BlockBreakEvent]: breaked minecraft:gravel on [world_nether;90;13;-102]
[00:42:20][BlockBreakEvent]: breaked minecraft:netherrack on [world_nether;90;14;-103]
[00:42:20][BlockBreakEvent]: breaked minecraft:netherrack on [world_nether;90;13;-103]
[00:42:20][BlockBreakEvent]: breaked minecraft:netherrack on [world_nether;90;13;-104]
[00:42:25][BlockBreakEvent]: breaked minecraft:gravel on [world_nether;90;14;-103]
[00:42:27][BlockBreakEvent]: breaked minecraft:gravel on [world_nether;90;13;-103]
[00:42:27][BlockBreakEvent]: breaked minecraft:gravel on [world_nether;90;13;-103]
[00:42:28][BlockBreakEvent]: breaked minecraft:gravel on [world_nether;90;13;-103]
[00:42:40][BlockBreakEvent]: breaked minecraft:netherrack on [world_nether;90;14;-104]
[00:42:41][BlockBreakEvent]: breaked minecraft:netherrack on [world_nether;90;14;-105]
[00:42:47][BlockBreakEvent]: breaked minecraft:gravel on [world_nether;90;13;-104]
[00:42:48][BlockBreakEvent]: breaked minecraft:gravel on [world_nether;90;14;-104]
[00:42:48][BlockBreakEvent]: breaked minecraft:gravel on [world_nether;90;13;-104]
[00:42:49][BlockBreakEvent]: breaked minecraft:gravel on [world_nether;90;13;-104]
[00:42:50][BlockBreakEvent]: breaked minecraft:gravel on [world_nether;90;14;-105]
[00:42:51][BlockBreakEvent]: breaked minecraft:gravel on [world_nether;90;14;-105]
[00:42:51][BlockBreakEvent]: breaked minecraft:gravel on [world_nether;90;14;-105]
[00:45:00][BlockBreakEvent]: breaked minecraft:gravel on [world_nether;90;14;-105]
[00:45:03][BlockBreakEvent]: breaked minecraft:netherrack on [world_nether;90;13;-105]
[00:45:04][BlockBreakEvent]: breaked minecraft:netherrack on [world_nether;90;14;-106]
[00:45:04][BlockBreakEvent]: breaked minecraft:netherrack on [world_nether;90;14;-107]
[00:45:05][BlockBreakEvent]: breaked minecraft:netherrack on [world_nether;90;13;-106]
[00:45:09][BlockBreakEvent]: breaked minecraft:netherrack on [world_nether;90;13;-107]
[00:45:09][BlockBreakEvent]: breaked minecraft:netherrack on [world_nether;90;14;-108]
[00:45:10][BlockBreakEvent]: breaked minecraft:netherrack on [world_nether;90;13;-108]
[00:45:10][BlockBreakEvent]: breaked minecraft:netherrack on [world_nether;90;13;-109]
[00:45:10][BlockBreakEvent]: breaked minecraft:netherrack on [world_nether;90;14;-109]
[00:45:13][BlockBreakEvent]: breaked minecraft:netherrack on [world_nether;90;14;-110]
[00:45:14][BlockBreakEvent]: breaked minecraft:netherrack on [world_nether;90;13;-110]
[00:45:14][BlockBreakEvent]: breaked minecraft:netherrack on [world_nether;90;13;-111]
[00:45:14][BlockBreakEvent]: breaked minecraft:netherrack on [world_nether;90;14;-111]
[00:45:16][BlockBreakEvent]: breaked minecraft:netherrack on [world_nether;90;13;-112]
[00:45:16][BlockBreakEvent]: breaked minecraft:netherrack on [world_nether;90;14;-112]
[00:45:19][BlockPlaceEvent]: placed minecraft:wall_torch[facing=west] on [world_nether;90;14;-108]
[00:45:22][BlockBreakEvent]: breaked minecraft:netherrack on [world_nether;90;14;-113]
[00:45:22][BlockBreakEvent]: breaked minecraft:netherrack on [world_nether;90;14;-114]
[00:45:23][BlockBreakEvent]: breaked minecraft:netherrack on [world_nether;90;13;-113]
[00:45:23][BlockBreakEvent]: breaked minecraft:netherrack on [world_nether;90;13;-114]
[00:45:30][BlockBreakEvent]: breaked minecraft:netherrack on [world_nether;90;14;-115]
[00:45:31][BlockBreakEvent]: breaked minecraft:netherrack on [world_nether;90;13;-115]
[00:45:33][BlockBreakEvent]: breaked minecraft:netherrack on [world_nether;90;14;-116]
[00:45:34][BlockBreakEvent]: breaked minecraft:netherrack on [world_nether;90;13;-116]
[00:45:34][BlockBreakEvent]: breaked minecraft:netherrack on [world_nether;90;14;-117]
[00:45:35][BlockBreakEvent]: breaked minecraft:netherrack on [world_nether;90;13;-117]
[00:45:37][BlockBreakEvent]: breaked minecraft:netherrack on [world_nether;90;14;-118]
[00:45:42][BlockPlaceEvent]: placed minecraft:netherrack on [world_nether;90;13;-117]
[00:45:43][BlockPlaceEvent]: placed minecraft:netherrack on [world_nether;90;13;-116]
[00:45:44][BlockPlaceEvent]: placed minecraft:netherrack on [world_nether;90;14;-117]
[00:45:44][BlockPlaceEvent]: placed minecraft:netherrack on [world_nether;90;14;-116]
[00:45:44][BlockPlaceEvent]: placed minecraft:netherrack on [world_nether;90;14;-115]
[00:50:02][BlockPlaceEvent]: placed minecraft:wall_torch[facing=west] on [world_nether;103;16;-132]
[00:50:10][BlockBreakEvent]: breaked minecraft:netherrack on [world_nether;105;16;-134]
[00:50:11][BlockBreakEvent]: breaked minecraft:netherrack on [world_nether;106;16;-134]
[00:50:11][BlockBreakEvent]: breaked minecraft:netherrack on [world_nether;105;15;-134]
[00:50:12][BlockBreakEvent]: breaked minecraft:netherrack on [world_nether;106;15;-134]
[00:50:12][BlockBreakEvent]: breaked minecraft:netherrack on [world_nether;107;15;-134]
[00:50:13][BlockBreakEvent]: breaked minecraft:netherrack on [world_nether;107;16;-134]
[00:50:13][BlockBreakEvent]: breaked minecraft:netherrack on [world_nether;108;16;-134]
[00:50:13][BlockBreakEvent]: breaked minecraft:netherrack on [world_nether;108;15;-134]
[00:50:14][BlockBreakEvent]: breaked minecraft:netherrack on [world_nether;105;16;-135]
[00:50:15][BlockBreakEvent]: breaked minecraft:netherrack on [world_nether;105;15;-135]
[00:50:18][BlockBreakEvent]: breaked minecraft:netherrack on [world_nether;106;16;-135]
[00:50:18][BlockBreakEvent]: breaked minecraft:netherrack on [world_nether;107;16;-135]
[00:50:18][BlockBreakEvent]: breaked minecraft:netherrack on [world_nether;106;15;-135]
[00:50:19][BlockBreakEvent]: breaked minecraft:netherrack on [world_nether;107;15;-135]
[00:50:21][BlockBreakEvent]: breaked minecraft:netherrack on [world_nether;108;16;-135]
[00:50:21][BlockBreakEvent]: breaked minecraft:netherrack on [world_nether;108;15;-135]
[00:50:22][BlockBreakEvent]: breaked minecraft:netherrack on [world_nether;109;16;-135]
[00:50:22][BlockBreakEvent]: breaked minecraft:netherrack on [world_nether;110;16;-135]
[00:50:22][BlockBreakEvent]: breaked minecraft:netherrack on [world_nether;109;15;-135]
[00:50:23][BlockBreakEvent]: breaked minecraft:netherrack on [world_nether;109;16;-134]
[00:50:24][BlockBreakEvent]: breaked minecraft:netherrack on [world_nether;109;15;-134]
[00:50:24][BlockBreakEvent]: breaked minecraft:netherrack on [world_nether;110;15;-134]
[00:50:24][BlockBreakEvent]: breaked minecraft:netherrack on [world_nether;110;16;-134]
[00:50:24][BlockBreakEvent]: breaked minecraft:netherrack on [world_nether;111;16;-134]
[00:50:25][BlockBreakEvent]: breaked minecraft:netherrack on [world_nether;110;15;-135]
[00:50:25][BlockBreakEvent]: breaked minecraft:netherrack on [world_nether;111;15;-135]
[00:50:26][BlockBreakEvent]: breaked minecraft:netherrack on [world_nether;111;16;-135]
[00:50:27][BlockBreakEvent]: breaked minecraft:netherrack on [world_nether;111;15;-134]
[00:50:27][BlockBreakEvent]: breaked minecraft:netherrack on [world_nether;112;15;-134]
[00:50:27][BlockBreakEvent]: breaked minecraft:netherrack on [world_nether;112;16;-134]
[00:50:27][BlockBreakEvent]: breaked minecraft:netherrack on [world_nether;113;16;-134]
[00:50:28][BlockBreakEvent]: breaked minecraft:netherrack on [world_nether;112;16;-135]
[00:50:28][BlockBreakEvent]: breaked minecraft:netherrack on [world_nether;112;15;-135]
[00:50:29][BlockBreakEvent]: breaked minecraft:netherrack on [world_nether;113;15;-134]
[00:50:29][BlockBreakEvent]: breaked minecraft:netherrack on [world_nether;114;15;-134]
[00:50:34][BlockBreakEvent]: breaked minecraft:netherrack on [world_nether;113;16;-135]
[00:50:34][BlockBreakEvent]: breaked minecraft:netherrack on [world_nether;114;16;-135]
[00:50:35][BlockBreakEvent]: breaked minecraft:netherrack on [world_nether;113;15;-135]
[00:50:36][BlockBreakEvent]: breaked minecraft:netherrack on [world_nether;114;16;-134]
[00:50:36][BlockBreakEvent]: breaked minecraft:netherrack on [world_nether;115;16;-134]
[00:50:36][BlockBreakEvent]: breaked minecraft:netherrack on [world_nether;114;15;-135]
[00:50:36][BlockBreakEvent]: breaked minecraft:netherrack on [world_nether;115;15;-135]
[00:50:37][BlockBreakEvent]: breaked minecraft:netherrack on [world_nether;115;16;-135]
[00:50:38][BlockBreakEvent]: breaked minecraft:netherrack on [world_nether;115;15;-134]
[00:50:38][BlockBreakEvent]: breaked minecraft:netherrack on [world_nether;116;15;-134]
[00:50:40][BlockPlaceEvent]: placed minecraft:wall_torch[facing=north] on [world_nether;115;16;-134]
[00:50:47][BlockBreakEvent]: breaked minecraft:netherrack on [world_nether;116;16;-135]
[00:50:47][BlockBreakEvent]: breaked minecraft:netherrack on [world_nether;117;16;-135]
[00:50:47][BlockBreakEvent]: breaked minecraft:netherrack on [world_nether;116;15;-135]
[00:50:48][BlockBreakEvent]: breaked minecraft:netherrack on [world_nether;117;15;-135]
[00:50:48][BlockBreakEvent]: breaked minecraft:netherrack on [world_nether;116;16;-134]
[00:50:48][BlockBreakEvent]: breaked minecraft:netherrack on [world_nether;117;16;-134]
[00:50:49][BlockBreakEvent]: breaked minecraft:netherrack on [world_nether;117;15;-134]
[00:50:50][BlockBreakEvent]: breaked minecraft:netherrack on [world_nether;118;16;-134]
[00:50:51][BlockBreakEvent]: breaked minecraft:netherrack on [world_nether;118;16;-135]
[00:50:51][BlockBreakEvent]: breaked minecraft:netherrack on [world_nether;119;16;-135]
[00:50:51][BlockBreakEvent]: breaked minecraft:netherrack on [world_nether;118;15;-135]
[00:50:51][BlockBreakEvent]: breaked minecraft:netherrack on [world_nether;119;15;-135]
[00:50:52][BlockBreakEvent]: breaked minecraft:netherrack on [world_nether;118;15;-134]
[00:50:52][BlockBreakEvent]: breaked minecraft:netherrack on [world_nether;119;15;-134]
[00:50:53][BlockBreakEvent]: breaked minecraft:netherrack on [world_nether;119;16;-134]
[00:50:55][BlockBreakEvent]: breaked minecraft:netherrack on [world_nether;120;16;-134]
[00:50:56][BlockBreakEvent]: breaked minecraft:netherrack on [world_nether;120;16;-135]
[00:50:56][BlockBreakEvent]: breaked minecraft:netherrack on [world_nether;120;15;-135]
[00:50:59][BlockBreakEvent]: breaked minecraft:netherrack on [world_nether;120;15;-134]
[00:51:01][BlockBreakEvent]: breaked minecraft:netherrack on [world_nether;121;16;-134]
[00:51:02][BlockBreakEvent]: breaked minecraft:netherrack on [world_nether;121;16;-135]
[00:51:02][BlockBreakEvent]: breaked minecraft:netherrack on [world_nether;122;16;-135]
[00:51:03][BlockBreakEvent]: breaked minecraft:netherrack on [world_nether;121;15;-135]
[00:51:03][BlockBreakEvent]: breaked minecraft:netherrack on [world_nether;121;15;-134]
[00:51:05][BlockBreakEvent]: breaked minecraft:netherrack on [world_nether;122;16;-134]
[00:51:05][BlockBreakEvent]: breaked minecraft:netherrack on [world_nether;123;16;-134]
[00:51:06][BlockBreakEvent]: breaked minecraft:netherrack on [world_nether;122;15;-135]
[00:51:06][BlockBreakEvent]: breaked minecraft:netherrack on [world_nether;122;15;-134]
[00:51:07][BlockBreakEvent]: breaked minecraft:netherrack on [world_nether;123;15;-134]
[00:51:08][BlockBreakEvent]: breaked minecraft:netherrack on [world_nether;123;16;-135]
[00:51:09][BlockBreakEvent]: breaked minecraft:netherrack on [world_nether;123;15;-135]
[00:51:11][BlockBreakEvent]: breaked minecraft:netherrack on [world_nether;124;16;-135]
[00:51:11][BlockBreakEvent]: breaked minecraft:netherrack on [world_nether;125;16;-135]
[00:51:12][BlockBreakEvent]: breaked minecraft:netherrack on [world_nether;124;16;-134]
[00:51:12][BlockBreakEvent]: breaked minecraft:netherrack on [world_nether;124;15;-134]
[00:51:13][BlockBreakEvent]: breaked minecraft:netherrack on [world_nether;124;15;-135]
[00:51:13][BlockBreakEvent]: breaked minecraft:netherrack on [world_nether;125;16;-134]
[00:51:14][BlockBreakEvent]: breaked minecraft:netherrack on [world_nether;125;15;-134]
[00:51:14][BlockBreakEvent]: breaked minecraft:netherrack on [world_nether;126;15;-134]
[00:51:14][BlockBreakEvent]: breaked minecraft:netherrack on [world_nether;125;15;-135]
[00:51:14][BlockBreakEvent]: breaked minecraft:netherrack on [world_nether;126;15;-135]
[00:51:17][BlockPlaceEvent]: placed minecraft:wall_torch[facing=north] on [world_nether;125;16;-134]
[00:51:44][BlockBreakEvent]: breaked minecraft:netherrack on [world_nether;103;15;-153]
[00:51:46][BlockBreakEvent]: breaked minecraft:netherrack on [world_nether;101;16;-155]
[00:51:46][BlockBreakEvent]: breaked minecraft:netherrack on [world_nether;101;15;-155]
[00:51:47][BlockBreakEvent]: breaked minecraft:netherrack on [world_nether;101;16;-154]
[00:51:47][BlockBreakEvent]: breaked minecraft:netherrack on [world_nether;100;16;-154]
[00:51:48][BlockBreakEvent]: breaked minecraft:netherrack on [world_nether;101;15;-154]
[00:51:49][BlockBreakEvent]: breaked minecraft:netherrack on [world_nether;100;16;-155]
[00:51:49][BlockBreakEvent]: breaked minecraft:netherrack on [world_nether;100;15;-155]
[00:51:49][BlockBreakEvent]: breaked minecraft:netherrack on [world_nether;100;15;-154]
[00:51:49][BlockBreakEvent]: breaked minecraft:netherrack on [world_nether;99;15;-154]
[00:51:50][BlockBreakEvent]: breaked minecraft:netherrack on [world_nether;99;16;-155]
[00:51:50][BlockBreakEvent]: breaked minecraft:netherrack on [world_nether;98;16;-155]
[00:51:52][BlockBreakEvent]: breaked minecraft:nether_quartz_ore on [world_nether;99;15;-155]
[00:51:54][BlockBreakEvent]: breaked minecraft:nether_quartz_ore on [world_nether;100;14;-155]
[00:51:54][BlockBreakEvent]: breaked minecraft:nether_quartz_ore on [world_nether;100;14;-154]
[00:51:58][BlockBreakEvent]: breaked minecraft:nether_quartz_ore on [world_nether;99;14;-154]
[00:52:04][BlockBreakEvent]: breaked minecraft:nether_quartz_ore on [world_nether;99;14;-155]
[00:52:06][BlockBreakEvent]: breaked minecraft:nether_quartz_ore on [world_nether;99;15;-156]
[00:52:07][BlockBreakEvent]: breaked minecraft:nether_quartz_ore on [world_nether;98;15;-155]
[00:52:15][BlockPlaceEvent]: placed minecraft:wall_torch[facing=west] on [world_nether;103;16;-175]
[00:52:30][BlockBreakEvent]: breaked minecraft:netherrack on [world_nether;101;16;-177]
[00:52:32][BlockBreakEvent]: breaked minecraft:netherrack on [world_nether;101;16;-176]
[00:52:32][BlockBreakEvent]: breaked minecraft:netherrack on [world_nether;101;15;-176]
[00:52:32][BlockBreakEvent]: breaked minecraft:netherrack on [world_nether;100;15;-176]
[00:52:33][BlockBreakEvent]: breaked minecraft:netherrack on [world_nether;101;15;-177]
[00:52:33][BlockBreakEvent]: breaked minecraft:netherrack on [world_nether;100;16;-177]
[00:52:34][BlockBreakEvent]: breaked minecraft:netherrack on [world_nether;100;16;-176]
[00:52:34][BlockBreakEvent]: breaked minecraft:netherrack on [world_nether;99;16;-176]
[00:52:34][BlockBreakEvent]: breaked minecraft:netherrack on [world_nether;99;15;-176]
[00:52:34][BlockBreakEvent]: breaked minecraft:netherrack on [world_nether;100;15;-177]
[00:52:34][BlockBreakEvent]: breaked minecraft:netherrack on [world_nether;99;15;-177]
[00:52:36][BlockBreakEvent]: breaked minecraft:netherrack on [world_nether;99;16;-177]
[00:52:36][BlockBreakEvent]: breaked minecraft:netherrack on [world_nether;98;16;-176]
[00:52:37][BlockBreakEvent]: breaked minecraft:netherrack on [world_nether;98;15;-176]
[00:52:37][BlockBreakEvent]: breaked minecraft:netherrack on [world_nether;97;15;-176]
[00:52:37][BlockBreakEvent]: breaked minecraft:netherrack on [world_nether;98;16;-177]
[00:52:38][BlockBreakEvent]: breaked minecraft:netherrack on [world_nether;98;15;-177]
[00:52:38][BlockBreakEvent]: breaked minecraft:netherrack on [world_nether;97;15;-177]
[00:52:39][BlockBreakEvent]: breaked minecraft:netherrack on [world_nether;97;16;-177]
[00:52:41][BlockBreakEvent]: breaked minecraft:netherrack on [world_nether;97;16;-176]
[00:52:42][BlockBreakEvent]: breaked minecraft:netherrack on [world_nether;96;16;-176]
[00:52:43][BlockBreakEvent]: breaked minecraft:netherrack on [world_nether;96;15;-176]
[00:52:43][BlockBreakEvent]: breaked minecraft:netherrack on [world_nether;96;16;-177]
[00:52:43][BlockBreakEvent]: breaked minecraft:netherrack on [world_nether;95;16;-177]
[00:52:43][BlockBreakEvent]: breaked minecraft:netherrack on [world_nether;95;15;-177]
[00:52:44][BlockBreakEvent]: breaked minecraft:netherrack on [world_nether;96;15;-177]
[00:52:46][BlockBreakEvent]: breaked minecraft:netherrack on [world_nether;95;15;-176]
[00:52:47][BlockBreakEvent]: breaked minecraft:netherrack on [world_nether;95;16;-176]
[00:52:48][BlockBreakEvent]: breaked minecraft:netherrack on [world_nether;94;16;-176]
[00:52:48][BlockBreakEvent]: breaked minecraft:netherrack on [world_nether;94;15;-176]
[00:52:50][BlockBreakEvent]: breaked minecraft:nether_quartz_ore on [world_nether;93;16;-176]
[00:52:50][BlockBreakEvent]: breaked minecraft:nether_quartz_ore on [world_nether;94;16;-175]
[00:52:51][BlockBreakEvent]: breaked minecraft:nether_quartz_ore on [world_nether;93;16;-175]
[00:52:53][BlockBreakEvent]: breaked minecraft:netherrack on [world_nether;93;15;-176]
[00:52:53][BlockBreakEvent]: breaked minecraft:netherrack on [world_nether;93;15;-175]
[00:52:54][BlockBreakEvent]: breaked minecraft:netherrack on [world_nether;94;15;-175]
[00:52:55][BlockBreakEvent]: breaked minecraft:nether_quartz_ore on [world_nether;94;17;-175]
[00:52:56][BlockBreakEvent]: breaked minecraft:nether_quartz_ore on [world_nether;93;17;-175]
[00:52:57][BlockBreakEvent]: breaked minecraft:nether_quartz_ore on [world_nether;93;17;-176]
[00:52:59][BlockBreakEvent]: breaked minecraft:nether_quartz_ore on [world_nether;92;16;-176]
[00:53:07][BlockPlaceEvent]: placed minecraft:wall_torch[facing=west] on [world_nether;103;16;-185]
[00:53:08][BlockPlaceEvent]: placed minecraft:wall_torch[facing=west] on [world_nether;103;16;-184]
[00:53:09][BlockBreakEvent]: breaked minecraft:wall_torch[facing=west] on [world_nether;103;16;-184]
[00:53:22][BlockBreakEvent]: breaked minecraft:netherrack on [world_nether;101;15;-183]
[00:53:27][BlockBreakEvent]: breaked minecraft:netherrack on [world_nether;101;16;-184]
[00:53:28][BlockBreakEvent]: breaked minecraft:netherrack on [world_nether;101;16;-183]
[00:53:29][BlockBreakEvent]: breaked minecraft:netherrack on [world_nether;101;15;-184]
[00:53:29][BlockBreakEvent]: breaked minecraft:netherrack on [world_nether;100;16;-184]
[00:53:30][BlockBreakEvent]: breaked minecraft:netherrack on [world_nether;100;16;-183]
[00:53:30][BlockBreakEvent]: breaked minecraft:netherrack on [world_nether;100;15;-183]
[00:53:31][BlockBreakEvent]: breaked minecraft:netherrack on [world_nether;100;15;-184]
[00:53:31][BlockBreakEvent]: breaked minecraft:netherrack on [world_nether;99;15;-184]
[00:53:31][BlockBreakEvent]: breaked minecraft:netherrack on [world_nether;99;16;-184]
[00:53:31][BlockBreakEvent]: breaked minecraft:netherrack on [world_nether;98;16;-184]
[00:53:32][BlockBreakEvent]: breaked minecraft:netherrack on [world_nether;99;16;-183]
[00:53:32][BlockBreakEvent]: breaked minecraft:netherrack on [world_nether;98;16;-183]
[00:53:32][BlockBreakEvent]: breaked minecraft:netherrack on [world_nether;99;15;-183]
[00:53:33][BlockBreakEvent]: breaked minecraft:netherrack on [world_nether;98;15;-184]
[00:53:33][BlockBreakEvent]: breaked minecraft:netherrack on [world_nether;98;15;-183]
[00:53:34][BlockBreakEvent]: breaked minecraft:netherrack on [world_nether;97;16;-183]
[00:53:34][BlockBreakEvent]: breaked minecraft:netherrack on [world_nether;96;16;-183]
[00:53:35][BlockBreakEvent]: breaked minecraft:netherrack on [world_nether;97;16;-184]
[00:53:35][BlockBreakEvent]: breaked minecraft:netherrack on [world_nether;96;16;-184]
[00:53:37][BlockBreakEvent]: breaked minecraft:netherrack on [world_nether;104;16;-183]
[00:53:38][BlockBreakEvent]: breaked minecraft:netherrack on [world_nether;104;15;-183]
[00:53:38][BlockBreakEvent]: breaked minecraft:netherrack on [world_nether;104;15;-182]
[00:53:39][BlockBreakEvent]: breaked minecraft:netherrack on [world_nether;104;16;-182]
[00:53:41][BlockBreakEvent]: breaked minecraft:netherrack on [world_nether;105;16;-183]
[00:53:42][BlockBreakEvent]: breaked minecraft:netherrack on [world_nether;105;16;-182]
[00:53:42][BlockBreakEvent]: breaked minecraft:netherrack on [world_nether;106;16;-182]
[00:53:42][BlockBreakEvent]: breaked minecraft:netherrack on [world_nether;105;15;-182]
[00:53:42][BlockBreakEvent]: breaked minecraft:netherrack on [world_nether;105;14;-182]
[00:53:43][BlockBreakEvent]: breaked minecraft:netherrack on [world_nether;105;15;-183]
[00:53:43][BlockBreakEvent]: breaked minecraft:netherrack on [world_nether;106;15;-183]
[00:53:44][BlockBreakEvent]: breaked minecraft:netherrack on [world_nether;106;16;-183]
[00:53:44][BlockBreakEvent]: breaked minecraft:netherrack on [world_nether;107;16;-183]
[00:53:44][BlockBreakEvent]: breaked minecraft:netherrack on [world_nether;106;15;-182]
[00:53:44][BlockBreakEvent]: breaked minecraft:netherrack on [world_nether;107;15;-182]
[00:54:06][BlockBreakEvent]: breaked minecraft:netherrack on [world_nether;101;16;-182]
[00:54:14][BlockBreakEvent]: breaked minecraft:netherrack on [world_nether;101;15;-182]
[00:54:15][BlockBreakEvent]: breaked minecraft:netherrack on [world_nether;100;15;-182]
[00:54:22][BlockBreakEvent]: breaked minecraft:netherrack on [world_nether;101;16;-181]
[00:55:11][BlockBreakEvent]: breaked minecraft:netherrack on [world_nether;103;17;-179]
[00:55:11][BlockBreakEvent]: breaked minecraft:netherrack on [world_nether;103;17;-180]
[00:55:14][BlockBreakEvent]: breaked minecraft:netherrack on [world_nether;103;14;-179]
[00:55:41][BlockBreakEvent]: breaked minecraft:netherrack on [world_nether;108;15;-171]
[00:56:40][BlockBreakEvent]: breaked minecraft:fire[age=5,east=false,north=false,south=false,up=false,west=false] on [world_nether;106;12;-168]
[00:56:40][BlockBreakEvent]: breaked minecraft:netherrack on [world_nether;107;11;-168]
[00:56:43][BlockBreakEvent]: breaked minecraft:fire[age=1,east=false,north=false,south=false,up=false,west=false] on [world_nether;105;14;-167]
[00:57:13][BlockBreakEvent]: breaked minecraft:netherrack on [world_nether;104;15;-167]
[00:57:14][BlockBreakEvent]: breaked minecraft:netherrack on [world_nether;104;16;-167]
[00:58:15][BlockBreakEvent]: breaked minecraft:fire[age=0,east=false,north=false,south=false,up=false,west=false] on [world_nether;101;14;-155]
[00:58:15][BlockBreakEvent]: breaked minecraft:netherrack on [world_nether;101;13;-155]
[00:58:16][BlockBreakEvent]: breaked minecraft:fire[age=2,east=false,north=false,south=false,up=false,west=false] on [world_nether;100;13;-155]
[00:58:16][BlockBreakEvent]: breaked minecraft:netherrack on [world_nether;100;12;-155]
[00:58:17][BlockBreakEvent]: breaked minecraft:fire[age=1,east=false,north=false,south=false,up=false,west=false] on [world_nether;100;15;-153]
[00:58:17][BlockBreakEvent]: breaked minecraft:netherrack on [world_nether;100;14;-153]
[00:58:20][BlockBreakEvent]: breaked minecraft:nether_quartz_ore on [world_nether;100;13;-154]
[00:58:21][BlockBreakEvent]: breaked minecraft:nether_quartz_ore on [world_nether;99;13;-154]
[00:58:24][BlockBreakEvent]: breaked minecraft:nether_quartz_ore on [world_nether;99;13;-155]
[00:58:25][BlockBreakEvent]: breaked minecraft:netherrack on [world_nether;99;12;-155]
[00:58:25][BlockBreakEvent]: breaked minecraft:fire[age=3,east=false,north=false,south=false,up=false,west=false] on [world_nether;99;11;-157]
[00:58:26][BlockBreakEvent]: breaked minecraft:fire[age=4,east=false,north=false,south=false,up=false,west=false] on [world_nether;99;11;-156]
[00:58:30][BlockBreakEvent]: breaked minecraft:nether_quartz_ore on [world_nether;98;13;-156]
[00:58:31][BlockBreakEvent]: breaked minecraft:nether_quartz_ore on [world_nether;98;13;-155]
[00:58:32][BlockBreakEvent]: breaked minecraft:nether_quartz_ore on [world_nether;98;14;-155]
[00:58:33][BlockBreakEvent]: breaked minecraft:nether_quartz_ore on [world_nether;98;15;-156]
[01:00:54][BlockPlaceEvent]: placed minecraft:wall_torch[facing=south] on [world_nether;100;12;-137]
[01:01:03][BlockPlaceEvent]: placed minecraft:wall_torch[facing=west] on [world_nether;103;16;-130]
[01:01:59][BlockBreakEvent]: breaked minecraft:netherrack on [world_nether;103;14;-139]
[01:03:04][BlockPlaceEvent]: placed minecraft:torch on [world_nether;95;12;-113]
[01:03:08][BlockPlaceEvent]: placed minecraft:wall_torch[facing=north] on [world_nether;94;11;-105]
[02:28:36][BlockPlaceEvent]: placed minecraft:torch on [world;-342;63;550]
