[06:26:18][EntityPickupItemEvent]: PLAYER picked up POPPY
[06:26:18][EntityPickupItemEvent]: PLAYER picked up IRON_INGOT
[06:34:22][EntityPickupItemEvent]: PLAYER picked up NETHERITE_AXE
[06:34:24][EntityPickupItemEvent]: PLAYER picked up NETHERITE_PICKAXE
[06:34:25][EntityPickupItemEvent]: PLAYER picked up NETHERITE_SWORD
[06:36:51][EntityPickupItemEvent]: PLAYER picked up DIAMOND_CHESTPLATE
[06:36:51][EntityPickupItemEvent]: PLAYER picked up ELYTRA
[07:16:30][EntityPickupItemEvent]: PLAYER picked up OAK_SAPLING
[07:19:04][EntityPickupItemEvent]: PLAYER picked up NETHERRACK
[07:20:44][EntityPickupItemEvent]: PLAYER picked up ROTTEN_FLESH
[07:20:44][EntityPickupItemEvent]: PLAYER picked up GOLDEN_SWORD
[07:20:44][EntityPickupItemEvent]: PLAYER picked up GOLD_NUGGET
[07:21:01][EntityPickupItemEvent]: PLAYER picked up DIAMOND_SWORD
[07:21:01][EntityPickupItemEvent]: PLAYER picked up DIAMOND_PICKAXE
[07:21:01][EntityPickupItemEvent]: PLAYER picked up DIAMOND_AXE
[07:21:01][EntityPickupItemEvent]: PLAYER picked up DIAMOND_SHOVEL
[07:23:11][EntityPickupItemEvent]: PLAYER picked up NETHERITE_BOOTS
[07:28:11][EntityPickupItemEvent]: PLAYER picked up CYAN_SHULKER_BOX
[07:38:21][EntityPickupItemEvent]: PLAYER picked up CYAN_SHULKER_BOX
[07:38:23][EntityPickupItemEvent]: PLAYER picked up CYAN_SHULKER_BOX
[07:42:41][EntityPickupItemEvent]: PLAYER picked up JUNGLE_LOG
[07:42:41][EntityPickupItemEvent]: PLAYER picked up JUNGLE_LOG
[07:43:50][EntityPickupItemEvent]: PLAYER picked up DIRT
[07:43:50][EntityPickupItemEvent]: PLAYER picked up JUNGLE_LOG
[07:45:00][EntityPickupItemEvent]: PLAYER picked up JUNGLE_LOG
[07:45:00][EntityPickupItemEvent]: PLAYER picked up JUNGLE_LOG
[07:45:04][EntityPickupItemEvent]: PLAYER picked up JUNGLE_LOG
[07:45:05][EntityPickupItemEvent]: PLAYER picked up OAK_SAPLING
[07:45:05][EntityPickupItemEvent]: PLAYER picked up OAK_SAPLING
[07:45:06][EntityPickupItemEvent]: PLAYER picked up JUNGLE_LOG
[07:45:06][EntityPickupItemEvent]: PLAYER picked up COCOA_BEANS
[07:45:08][EntityPickupItemEvent]: PLAYER picked up JUNGLE_LOG
[07:45:08][EntityPickupItemEvent]: PLAYER picked up JUNGLE_LOG
[07:45:11][EntityPickupItemEvent]: PLAYER picked up JUNGLE_LOG
[07:45:13][EntityPickupItemEvent]: PLAYER picked up JUNGLE_LOG
[07:45:13][EntityPickupItemEvent]: PLAYER picked up OAK_SAPLING
[07:45:16][EntityPickupItemEvent]: PLAYER picked up JUNGLE_LOG
[07:45:18][EntityPickupItemEvent]: PLAYER picked up JUNGLE_SAPLING
[07:45:30][EntityPickupItemEvent]: PLAYER picked up ROTTEN_FLESH
[07:46:22][EntityPickupItemEvent]: PLAYER picked up COBBLESTONE
[07:46:24][EntityPickupItemEvent]: PLAYER picked up COBBLESTONE
[07:47:43][EntityPickupItemEvent]: PLAYER picked up COBBLESTONE
[07:47:44][EntityPickupItemEvent]: PLAYER picked up COBBLESTONE
[07:48:02][EntityPickupItemEvent]: PLAYER picked up CYAN_SHULKER_BOX
[07:50:55][EntityPickupItemEvent]: PLAYER picked up IRON_BARS
[07:55:12][EntityPickupItemEvent]: PLAYER picked up CRAFTING_TABLE
[07:55:32][EntityPickupItemEvent]: PLAYER picked up CHORUS_FRUIT
[08:01:44][EntityPickupItemEvent]: PLAYER picked up END_STONE
[08:01:47][EntityPickupItemEvent]: PLAYER picked up END_STONE
[08:01:47][EntityPickupItemEvent]: PLAYER picked up END_STONE
[08:01:55][EntityPickupItemEvent]: PLAYER picked up OAK_TRAPDOOR
[08:02:58][EntityPickupItemEvent]: PLAYER picked up OAK_PLANKS
[08:03:21][EntityPickupItemEvent]: PLAYER picked up END_STONE
[08:07:33][EntityPickupItemEvent]: PLAYER picked up GOLD_INGOT
[08:07:59][EntityPickupItemEvent]: PLAYER picked up CYAN_SHULKER_BOX
[08:08:09][EntityPickupItemEvent]: PLAYER picked up IRON_INGOT
[08:08:30][EntityPickupItemEvent]: PLAYER picked up PURPUR_STAIRS
[08:08:32][EntityPickupItemEvent]: PLAYER picked up DRAGON_HEAD
[08:08:35][EntityPickupItemEvent]: PLAYER picked up END_ROD
[08:08:47][EntityPickupItemEvent]: PLAYER picked up PURPUR_STAIRS
[08:08:48][EntityPickupItemEvent]: PLAYER picked up PURPUR_STAIRS
[08:09:07][EntityPickupItemEvent]: PLAYER picked up IRON_BLOCK
[08:09:08][EntityPickupItemEvent]: PLAYER picked up IRON_INGOT
[08:09:10][EntityPickupItemEvent]: PLAYER picked up IRON_INGOT
[08:09:15][EntityPickupItemEvent]: PLAYER picked up CRAFTING_TABLE
[08:09:25][EntityPickupItemEvent]: PLAYER picked up CYAN_SHULKER_BOX
[08:09:25][EntityPickupItemEvent]: PLAYER picked up CYAN_SHULKER_BOX
[08:09:36][EntityPickupItemEvent]: PLAYER picked up CYAN_SHULKER_BOX
[08:10:09][EntityPickupItemEvent]: PLAYER picked up CYAN_SHULKER_BOX
[08:10:27][EntityPickupItemEvent]: PLAYER picked up SHULKER_SHELL
[08:11:04][EntityPickupItemEvent]: PLAYER picked up SHULKER_SHELL
[08:11:43][EntityPickupItemEvent]: PLAYER picked up PURPUR_BLOCK
[08:11:43][EntityPickupItemEvent]: PLAYER picked up SHULKER_SHELL
[08:11:50][EntityPickupItemEvent]: PLAYER picked up SHULKER_SHELL
[08:12:10][EntityPickupItemEvent]: PLAYER picked up PURPUR_SLAB
[08:12:33][EntityPickupItemEvent]: PLAYER picked up SHULKER_SHELL
[08:12:53][EntityPickupItemEvent]: PLAYER picked up PURPUR_SLAB
[08:12:53][EntityPickupItemEvent]: PLAYER picked up SHULKER_SHELL
[08:14:12][EntityPickupItemEvent]: PLAYER picked up END_ROD
[08:14:56][EntityPickupItemEvent]: PLAYER picked up END_STONE_BRICKS
[08:14:56][EntityPickupItemEvent]: PLAYER picked up END_STONE_BRICKS
[08:15:11][EntityPickupItemEvent]: PLAYER picked up MAGENTA_BANNER
[08:16:14][EntityPickupItemEvent]: PLAYER picked up ROTTEN_FLESH
[08:18:48][EntityPickupItemEvent]: PLAYER picked up ELYTRA
[08:19:24][EntityPickupItemEvent]: PLAYER picked up DRAGON_HEAD
[08:19:54][EntityPickupItemEvent]: PLAYER picked up CYAN_SHULKER_BOX
[08:19:54][EntityPickupItemEvent]: PLAYER picked up CYAN_SHULKER_BOX
[08:19:54][EntityPickupItemEvent]: PLAYER picked up CYAN_SHULKER_BOX
[08:24:07][EntityPickupItemEvent]: PLAYER picked up END_STONE_BRICKS
[08:24:11][EntityPickupItemEvent]: PLAYER picked up END_ROD
[08:24:13][EntityPickupItemEvent]: PLAYER picked up END_ROD
[08:27:02][EntityPickupItemEvent]: PLAYER picked up ELYTRA
[08:27:23][EntityPickupItemEvent]: PLAYER picked up CYAN_SHULKER_BOX
[08:27:43][EntityPickupItemEvent]: PLAYER picked up DRAGON_HEAD
[08:28:09][EntityPickupItemEvent]: PLAYER picked up CYAN_SHULKER_BOX
[08:28:09][EntityPickupItemEvent]: PLAYER picked up CYAN_SHULKER_BOX
[08:29:34][EntityPickupItemEvent]: PLAYER picked up SHULKER_SHELL
[08:29:36][EntityPickupItemEvent]: PLAYER picked up ELYTRA
[08:30:03][EntityPickupItemEvent]: PLAYER picked up CYAN_SHULKER_BOX
[08:30:27][EntityPickupItemEvent]: PLAYER picked up DRAGON_HEAD
[08:30:39][EntityPickupItemEvent]: PLAYER picked up CYAN_SHULKER_BOX
[08:31:12][EntityPickupItemEvent]: PLAYER picked up CHORUS_FRUIT
[08:31:14][EntityPickupItemEvent]: PLAYER picked up CHORUS_FRUIT
[08:39:52][EntityPickupItemEvent]: PLAYER picked up ELYTRA
[08:41:33][EntityPickupItemEvent]: PLAYER picked up CYAN_SHULKER_BOX
[08:45:08][EntityPickupItemEvent]: PLAYER picked up CYAN_SHULKER_BOX
[08:50:46][EntityPickupItemEvent]: PLAYER picked up DIRT
[08:50:55][EntityPickupItemEvent]: PLAYER picked up CYAN_SHULKER_BOX
[08:50:58][EntityPickupItemEvent]: PLAYER picked up CYAN_SHULKER_BOX
[08:51:05][EntityPickupItemEvent]: PLAYER picked up CYAN_SHULKER_BOX
[08:51:09][EntityPickupItemEvent]: PLAYER picked up CYAN_SHULKER_BOX
[08:51:14][EntityPickupItemEvent]: PLAYER picked up CYAN_SHULKER_BOX
[08:51:25][EntityPickupItemEvent]: PLAYER picked up CYAN_SHULKER_BOX
[08:51:38][EntityPickupItemEvent]: PLAYER picked up CYAN_SHULKER_BOX
[08:51:39][EntityPickupItemEvent]: PLAYER picked up CYAN_SHULKER_BOX
[08:51:40][EntityPickupItemEvent]: PLAYER picked up CYAN_SHULKER_BOX
[08:52:02][EntityPickupItemEvent]: PLAYER picked up FIREWORK_ROCKET
[08:57:14][EntityPickupItemEvent]: PLAYER picked up ROTTEN_FLESH
[08:58:54][EntityPickupItemEvent]: PLAYER picked up COBBLESTONE
[08:59:02][EntityPickupItemEvent]: PLAYER picked up COBBLESTONE
[08:59:05][EntityPickupItemEvent]: PLAYER picked up COBBLESTONE
[08:59:05][EntityPickupItemEvent]: PLAYER picked up COBBLESTONE
[08:59:07][EntityPickupItemEvent]: PLAYER picked up COBBLESTONE
[08:59:08][EntityPickupItemEvent]: PLAYER picked up COBBLESTONE
[08:59:09][EntityPickupItemEvent]: PLAYER picked up COBBLESTONE
[08:59:14][EntityPickupItemEvent]: PLAYER picked up COBBLESTONE
[08:59:17][EntityPickupItemEvent]: PLAYER picked up IRON_ORE
[08:59:18][EntityPickupItemEvent]: PLAYER picked up COBBLESTONE
[08:59:18][EntityPickupItemEvent]: PLAYER picked up COBBLESTONE
[08:59:18][EntityPickupItemEvent]: PLAYER picked up COBBLESTONE
[08:59:19][EntityPickupItemEvent]: PLAYER picked up COBBLESTONE
[08:59:30][EntityPickupItemEvent]: PLAYER picked up ARROW
[08:59:58][EntityPickupItemEvent]: PLAYER picked up ROTTEN_FLESH
[09:00:30][EntityPickupItemEvent]: PLAYER picked up ROTTEN_FLESH
[09:00:36][EntityPickupItemEvent]: PLAYER picked up ROTTEN_FLESH
[09:01:57][EntityPickupItemEvent]: PLAYER picked up BREAD
[09:02:04][EntityPickupItemEvent]: PLAYER picked up BREAD
[09:04:00][EntityPickupItemEvent]: PLAYER picked up FIREWORK_ROCKET
[09:04:00][EntityPickupItemEvent]: PLAYER picked up BOW
[09:04:00][EntityPickupItemEvent]: PLAYER picked up GOLDEN_CARROT
[09:04:00][EntityPickupItemEvent]: PLAYER picked up CYAN_SHULKER_BOX
[09:04:00][EntityPickupItemEvent]: PLAYER picked up CRAFTING_TABLE
[09:04:00][EntityPickupItemEvent]: PLAYER picked up OAK_LOG
[09:04:00][EntityPickupItemEvent]: PLAYER picked up ELYTRA
[09:04:00][EntityPickupItemEvent]: PLAYER picked up DEBUG_STICK
[09:04:00][EntityPickupItemEvent]: PLAYER picked up NETHERITE_LEGGINGS
[09:04:00][EntityPickupItemEvent]: PLAYER picked up NETHERITE_BOOTS
[09:04:00][EntityPickupItemEvent]: PLAYER picked up NETHERITE_PICKAXE
[09:04:00][EntityPickupItemEvent]: PLAYER picked up NETHERITE_SWORD
[09:04:00][EntityPickupItemEvent]: PLAYER picked up SHIELD
[09:04:00][EntityPickupItemEvent]: PLAYER picked up ARROW
[09:04:00][EntityPickupItemEvent]: PLAYER picked up IRON_ORE
[09:04:00][EntityPickupItemEvent]: PLAYER picked up DIRT
[09:04:00][EntityPickupItemEvent]: PLAYER picked up CYAN_SHULKER_BOX
[09:04:04][EntityPickupItemEvent]: PLAYER picked up NETHERITE_HELMET
[09:04:12][EntityPickupItemEvent]: PLAYER picked up CYAN_SHULKER_BOX
[09:04:24][EntityPickupItemEvent]: PLAYER picked up SHULKER_BOX
[09:04:39][EntityPickupItemEvent]: PLAYER picked up IRON_AXE
[09:04:49][EntityPickupItemEvent]: PLAYER picked up NETHERITE_AXE
[09:04:51][EntityPickupItemEvent]: PLAYER picked up NETHERITE_SHOVEL
[09:05:34][EntityPickupItemEvent]: PLAYER picked up OAK_PLANKS
[09:05:34][EntityPickupItemEvent]: PLAYER picked up OAK_PLANKS
[09:05:35][EntityPickupItemEvent]: PLAYER picked up OAK_PLANKS
[09:05:36][EntityPickupItemEvent]: PLAYER picked up OAK_PLANKS
[09:05:37][EntityPickupItemEvent]: PLAYER picked up OAK_PLANKS
[09:05:37][EntityPickupItemEvent]: PLAYER picked up OAK_PLANKS
[09:05:38][EntityPickupItemEvent]: PLAYER picked up OAK_PLANKS
[09:05:38][EntityPickupItemEvent]: PLAYER picked up OAK_PLANKS
[09:05:41][EntityPickupItemEvent]: PLAYER picked up OAK_PLANKS
[09:05:41][EntityPickupItemEvent]: PLAYER picked up OAK_PLANKS
[09:05:43][EntityPickupItemEvent]: PLAYER picked up OAK_PLANKS
[09:05:43][EntityPickupItemEvent]: PLAYER picked up OAK_PLANKS
[09:05:44][EntityPickupItemEvent]: PLAYER picked up OAK_PLANKS
[09:05:45][EntityPickupItemEvent]: PLAYER picked up OAK_PLANKS
[09:05:45][EntityPickupItemEvent]: PLAYER picked up OAK_PLANKS
[09:05:46][EntityPickupItemEvent]: PLAYER picked up OAK_PLANKS
[09:05:46][EntityPickupItemEvent]: PLAYER picked up OAK_PLANKS
[09:05:47][EntityPickupItemEvent]: PLAYER picked up OAK_PLANKS
[09:05:47][EntityPickupItemEvent]: PLAYER picked up OAK_PLANKS
[09:05:48][EntityPickupItemEvent]: PLAYER picked up OAK_PLANKS
[09:05:48][EntityPickupItemEvent]: PLAYER picked up OAK_PLANKS
[09:05:49][EntityPickupItemEvent]: PLAYER picked up OAK_PLANKS
[09:05:50][EntityPickupItemEvent]: PLAYER picked up OAK_PLANKS
[09:05:51][EntityPickupItemEvent]: PLAYER picked up OAK_PLANKS
[09:05:52][EntityPickupItemEvent]: PLAYER picked up OAK_PLANKS
[09:05:53][EntityPickupItemEvent]: PLAYER picked up OAK_PLANKS
[09:05:53][EntityPickupItemEvent]: PLAYER picked up OAK_PLANKS
[09:05:53][EntityPickupItemEvent]: PLAYER picked up OAK_PLANKS
[09:05:54][EntityPickupItemEvent]: PLAYER picked up OAK_PLANKS
[09:05:54][EntityPickupItemEvent]: PLAYER picked up OAK_PLANKS
[09:05:55][EntityPickupItemEvent]: PLAYER picked up OAK_PLANKS
[09:05:55][EntityPickupItemEvent]: PLAYER picked up OAK_PLANKS
[09:05:56][EntityPickupItemEvent]: PLAYER picked up OAK_PLANKS
[09:05:58][EntityPickupItemEvent]: PLAYER picked up OAK_PLANKS
[09:07:07][EntityPickupItemEvent]: PLAYER picked up ROTTEN_FLESH
[09:14:24][EntityPickupItemEvent]: PLAYER picked up POTATO
[09:14:31][EntityPickupItemEvent]: PLAYER picked up TORCH
[09:14:48][EntityPickupItemEvent]: PLAYER picked up POTATO
[09:14:48][EntityPickupItemEvent]: PLAYER picked up POTATO
[09:15:00][EntityPickupItemEvent]: PLAYER picked up CYAN_SHULKER_BOX
[09:15:02][EntityPickupItemEvent]: PLAYER picked up CYAN_SHULKER_BOX
[09:16:45][EntityPickupItemEvent]: PLAYER picked up OAK_PLANKS
[09:16:45][EntityPickupItemEvent]: PLAYER picked up OAK_PLANKS
[09:16:46][EntityPickupItemEvent]: PLAYER picked up OAK_PLANKS
[09:16:47][EntityPickupItemEvent]: PLAYER picked up OAK_PLANKS
[09:16:49][EntityPickupItemEvent]: PLAYER picked up OAK_PLANKS
[09:16:49][EntityPickupItemEvent]: PLAYER picked up OAK_PLANKS
[09:16:50][EntityPickupItemEvent]: PLAYER picked up OAK_PLANKS
[09:16:59][EntityPickupItemEvent]: PLAYER picked up OAK_PLANKS
[09:17:02][EntityPickupItemEvent]: PLAYER picked up OAK_PLANKS
[09:17:03][EntityPickupItemEvent]: PLAYER picked up OAK_PLANKS
[09:17:03][EntityPickupItemEvent]: PLAYER picked up OAK_PLANKS
[09:17:06][EntityPickupItemEvent]: PLAYER picked up OAK_PLANKS
[09:24:02][EntityPickupItemEvent]: PLAYER picked up COBBLESTONE
[09:24:04][EntityPickupItemEvent]: PLAYER picked up COBBLESTONE
[09:24:04][EntityPickupItemEvent]: PLAYER picked up COBBLESTONE
[09:24:05][EntityPickupItemEvent]: PLAYER picked up ANDESITE
[09:24:07][EntityPickupItemEvent]: PLAYER picked up ANDESITE
[09:24:08][EntityPickupItemEvent]: PLAYER picked up COBBLESTONE
[09:24:09][EntityPickupItemEvent]: PLAYER picked up DIORITE
[09:24:09][EntityPickupItemEvent]: PLAYER picked up DIORITE
[09:24:11][EntityPickupItemEvent]: PLAYER picked up DIRT
[09:27:55][EntityPickupItemEvent]: PLAYER picked up CARVED_PUMPKIN
[09:28:01][EntityPickupItemEvent]: PLAYER picked up PUMPKIN
[09:28:01][EntityPickupItemEvent]: PLAYER picked up PUMPKIN
[09:28:01][EntityPickupItemEvent]: PLAYER picked up PUMPKIN
[09:28:02][EntityPickupItemEvent]: PLAYER picked up PUMPKIN
[09:28:03][EntityPickupItemEvent]: PLAYER picked up JACK_O_LANTERN
[09:28:03][EntityPickupItemEvent]: PLAYER picked up PUMPKIN_SEEDS
[09:28:04][EntityPickupItemEvent]: PLAYER picked up TRIPWIRE_HOOK
[09:30:34][EntityPickupItemEvent]: PLAYER picked up CROSSBOW
[09:30:34][EntityPickupItemEvent]: PLAYER picked up STICK
[09:30:39][EntityPickupItemEvent]: PLAYER picked up CROSSBOW
[09:38:35][EntityPickupItemEvent]: PLAYER picked up ROTTEN_FLESH
[09:43:28][EntityPickupItemEvent]: PLAYER picked up ROTTEN_FLESH
[09:44:49][EntityPickupItemEvent]: PLAYER picked up ROTTEN_FLESH
[15:45:21][EntityPickupItemEvent]: PLAYER picked up DEBUG_STICK
[15:48:13][EntityPickupItemEvent]: PLAYER picked up ARROW
[15:56:37][EntityPickupItemEvent]: PLAYER picked up WEEPING_VINES
[15:59:32][EntityPickupItemEvent]: PLAYER picked up CRIMSON_STEM
[15:59:32][EntityPickupItemEvent]: PLAYER picked up CRIMSON_STEM
[15:59:32][EntityPickupItemEvent]: PLAYER picked up CRIMSON_STEM
[15:59:32][EntityPickupItemEvent]: PLAYER picked up CRIMSON_STEM
[15:59:33][EntityPickupItemEvent]: PLAYER picked up CRIMSON_STEM
[15:59:33][EntityPickupItemEvent]: PLAYER picked up WEEPING_VINES
[15:59:34][EntityPickupItemEvent]: PLAYER picked up CRIMSON_STEM
[15:59:36][EntityPickupItemEvent]: PLAYER picked up WEEPING_VINES
[15:59:36][EntityPickupItemEvent]: PLAYER picked up WEEPING_VINES
[15:59:37][EntityPickupItemEvent]: PLAYER picked up CRIMSON_STEM
[15:59:37][EntityPickupItemEvent]: PLAYER picked up CRIMSON_STEM
[15:59:37][EntityPickupItemEvent]: PLAYER picked up WEEPING_VINES
[15:59:38][EntityPickupItemEvent]: PLAYER picked up CRIMSON_ROOTS
[15:59:39][EntityPickupItemEvent]: PLAYER picked up CRIMSON_STEM
[15:59:40][EntityPickupItemEvent]: PLAYER picked up WEEPING_VINES
[15:59:41][EntityPickupItemEvent]: PLAYER picked up NETHER_WART_BLOCK
[15:59:41][EntityPickupItemEvent]: PLAYER picked up NETHER_WART_BLOCK
[15:59:42][EntityPickupItemEvent]: PLAYER picked up CRIMSON_ROOTS
[15:59:44][EntityPickupItemEvent]: PLAYER picked up CRIMSON_STEM
[15:59:44][EntityPickupItemEvent]: PLAYER picked up CRIMSON_STEM
[15:59:44][EntityPickupItemEvent]: PLAYER picked up NETHER_WART_BLOCK
[15:59:45][EntityPickupItemEvent]: PLAYER picked up CRIMSON_STEM
[15:59:46][EntityPickupItemEvent]: PLAYER picked up NETHER_WART_BLOCK
[15:59:46][EntityPickupItemEvent]: PLAYER picked up CRIMSON_STEM
[15:59:47][EntityPickupItemEvent]: PLAYER picked up NETHER_WART_BLOCK
[15:59:47][EntityPickupItemEvent]: PLAYER picked up CRIMSON_STEM
[15:59:48][EntityPickupItemEvent]: PLAYER picked up NETHER_WART_BLOCK
[15:59:50][EntityPickupItemEvent]: PLAYER picked up CRIMSON_STEM
[15:59:50][EntityPickupItemEvent]: PLAYER picked up NETHER_WART_BLOCK
[15:59:50][EntityPickupItemEvent]: PLAYER picked up CRIMSON_STEM
[15:59:51][EntityPickupItemEvent]: PLAYER picked up CRIMSON_STEM
[15:59:51][EntityPickupItemEvent]: PLAYER picked up NETHER_WART_BLOCK
[15:59:55][EntityPickupItemEvent]: PLAYER picked up WEEPING_VINES
[15:59:56][EntityPickupItemEvent]: PLAYER picked up WEEPING_VINES
[15:59:57][EntityPickupItemEvent]: PLAYER picked up NETHER_WART_BLOCK
[15:59:58][EntityPickupItemEvent]: PLAYER picked up CRIMSON_STEM
[15:59:58][EntityPickupItemEvent]: PLAYER picked up NETHER_WART_BLOCK
[15:59:59][EntityPickupItemEvent]: PLAYER picked up WEEPING_VINES
[16:00:02][EntityPickupItemEvent]: PLAYER picked up CRIMSON_STEM
[16:00:07][EntityPickupItemEvent]: PLAYER picked up CRIMSON_STEM
[16:00:10][EntityPickupItemEvent]: PLAYER picked up CRIMSON_STEM
[16:00:34][EntityPickupItemEvent]: PLAYER picked up CYAN_SHULKER_BOX
[16:00:49][EntityPickupItemEvent]: PLAYER picked up CRIMSON_STEM
[16:00:50][EntityPickupItemEvent]: PLAYER picked up CRIMSON_STEM
[16:00:50][EntityPickupItemEvent]: PLAYER picked up CRIMSON_STEM
[16:00:50][EntityPickupItemEvent]: PLAYER picked up NETHER_WART_BLOCK
[16:00:51][EntityPickupItemEvent]: PLAYER picked up NETHER_WART_BLOCK
[16:00:51][EntityPickupItemEvent]: PLAYER picked up CRIMSON_STEM
[16:00:52][EntityPickupItemEvent]: PLAYER picked up CRIMSON_STEM
[16:00:52][EntityPickupItemEvent]: PLAYER picked up NETHER_WART_BLOCK
[16:00:55][EntityPickupItemEvent]: PLAYER picked up CRIMSON_STEM
[16:00:58][EntityPickupItemEvent]: PLAYER picked up SPECTRAL_ARROW
[16:01:03][EntityPickupItemEvent]: PLAYER picked up CRIMSON_STEM
[16:01:03][EntityPickupItemEvent]: PLAYER picked up CRIMSON_STEM
[16:01:04][EntityPickupItemEvent]: PLAYER picked up CRIMSON_STEM
[16:01:05][EntityPickupItemEvent]: PLAYER picked up CRIMSON_STEM
[16:01:05][EntityPickupItemEvent]: PLAYER picked up CRIMSON_STEM
[16:01:10][EntityPickupItemEvent]: PLAYER picked up CRIMSON_STEM
[16:01:10][EntityPickupItemEvent]: PLAYER picked up CRIMSON_STEM
[16:01:11][EntityPickupItemEvent]: PLAYER picked up CRIMSON_STEM
[16:01:11][EntityPickupItemEvent]: PLAYER picked up STRIPPED_CRIMSON_STEM
[16:01:12][EntityPickupItemEvent]: PLAYER picked up CRIMSON_STEM
[16:01:14][EntityPickupItemEvent]: PLAYER picked up OBSIDIAN
[16:01:24][EntityPickupItemEvent]: PLAYER picked up CRIMSON_STEM
[16:01:24][EntityPickupItemEvent]: PLAYER picked up CRIMSON_STEM
[16:01:24][EntityPickupItemEvent]: PLAYER picked up CRIMSON_STEM
[16:01:24][EntityPickupItemEvent]: PLAYER picked up NETHER_WART_BLOCK
[16:01:25][EntityPickupItemEvent]: PLAYER picked up CRIMSON_STEM
[16:01:26][EntityPickupItemEvent]: PLAYER picked up CRIMSON_STEM
[16:01:27][EntityPickupItemEvent]: PLAYER picked up CRIMSON_STEM
[16:01:27][EntityPickupItemEvent]: PLAYER picked up CRIMSON_STEM
[16:01:28][EntityPickupItemEvent]: PLAYER picked up CRYING_OBSIDIAN
[16:01:35][EntityPickupItemEvent]: PLAYER picked up CRIMSON_STEM
[16:01:36][EntityPickupItemEvent]: PLAYER picked up CRIMSON_STEM
[16:01:36][EntityPickupItemEvent]: PLAYER picked up NETHER_WART_BLOCK
[16:01:37][EntityPickupItemEvent]: PLAYER picked up WEEPING_VINES
[16:01:38][EntityPickupItemEvent]: PLAYER picked up CRIMSON_STEM
[16:01:40][EntityPickupItemEvent]: PLAYER picked up CRIMSON_ROOTS
[16:01:40][EntityPickupItemEvent]: PLAYER picked up CRIMSON_STEM
[16:01:41][EntityPickupItemEvent]: PLAYER picked up CRIMSON_STEM
[16:01:42][EntityPickupItemEvent]: PLAYER picked up STRIPPED_CRIMSON_STEM
[16:01:42][EntityPickupItemEvent]: PLAYER picked up FIRE_CHARGE
[16:01:48][EntityPickupItemEvent]: PLAYER picked up CRIMSON_ROOTS
[16:01:52][EntityPickupItemEvent]: PLAYER picked up CRIMSON_STEM
[16:01:52][EntityPickupItemEvent]: PLAYER picked up CRIMSON_STEM
[16:01:53][EntityPickupItemEvent]: PLAYER picked up CRIMSON_STEM
[16:01:53][EntityPickupItemEvent]: PLAYER picked up CRIMSON_STEM
[16:01:54][EntityPickupItemEvent]: PLAYER picked up CRIMSON_STEM
[16:01:55][EntityPickupItemEvent]: PLAYER picked up CRIMSON_STEM
[16:01:56][EntityPickupItemEvent]: PLAYER picked up NETHER_WART_BLOCK
[16:01:56][EntityPickupItemEvent]: PLAYER picked up CRIMSON_STEM
[16:01:56][EntityPickupItemEvent]: PLAYER picked up CRIMSON_STEM
[16:02:15][EntityPickupItemEvent]: PLAYER picked up CRIMSON_STEM
[16:02:16][EntityPickupItemEvent]: PLAYER picked up CRIMSON_STEM
[16:02:16][EntityPickupItemEvent]: PLAYER picked up CRIMSON_STEM
[16:02:22][EntityPickupItemEvent]: PLAYER picked up CRIMSON_STEM
[16:02:30][EntityPickupItemEvent]: PLAYER picked up NETHER_WART_BLOCK
[16:02:31][EntityPickupItemEvent]: PLAYER picked up CRIMSON_STEM
[16:02:31][EntityPickupItemEvent]: PLAYER picked up SHROOMLIGHT
[16:02:33][EntityPickupItemEvent]: PLAYER picked up SHROOMLIGHT
[16:02:39][EntityPickupItemEvent]: PLAYER picked up NETHER_WART_BLOCK
[16:02:39][EntityPickupItemEvent]: PLAYER picked up NETHER_WART_BLOCK
[16:02:40][EntityPickupItemEvent]: PLAYER picked up NETHER_WART_BLOCK
[16:02:40][EntityPickupItemEvent]: PLAYER picked up CRIMSON_STEM
[16:02:41][EntityPickupItemEvent]: PLAYER picked up CRIMSON_STEM
[16:02:41][EntityPickupItemEvent]: PLAYER picked up CRIMSON_STEM
[16:02:41][EntityPickupItemEvent]: PLAYER picked up CRIMSON_STEM
[16:02:42][EntityPickupItemEvent]: PLAYER picked up CRIMSON_STEM
[16:02:42][EntityPickupItemEvent]: PLAYER picked up CRIMSON_STEM
[16:02:45][EntityPickupItemEvent]: PLAYER picked up CRIMSON_STEM
[16:02:46][EntityPickupItemEvent]: PLAYER picked up CRIMSON_STEM
[16:03:21][EntityPickupItemEvent]: PLAYER picked up NETHER_WART_BLOCK
[16:03:21][EntityPickupItemEvent]: PLAYER picked up CRIMSON_ROOTS
[16:03:21][EntityPickupItemEvent]: PLAYER picked up WEEPING_VINES
[16:03:21][EntityPickupItemEvent]: PLAYER picked up NETHER_WART_BLOCK
[16:03:21][EntityPickupItemEvent]: PLAYER picked up SHROOMLIGHT
[16:12:33][EntityPickupItemEvent]: PLAYER picked up LEVER
[16:24:02][EntityPickupItemEvent]: PLAYER picked up CYAN_SHULKER_BOX
[16:24:33][EntityPickupItemEvent]: PLAYER picked up OAK_SLAB
[16:24:36][EntityPickupItemEvent]: PLAYER picked up GUNPOWDER
[16:24:36][EntityPickupItemEvent]: PLAYER picked up GHAST_TEAR
[16:24:38][EntityPickupItemEvent]: PLAYER picked up NETHERRACK
[16:24:43][EntityPickupItemEvent]: PLAYER picked up GHAST_TEAR
[16:24:43][EntityPickupItemEvent]: PLAYER picked up GUNPOWDER
[16:27:47][EntityPickupItemEvent]: PLAYER picked up CRIMSON_FUNGUS
[16:28:18][EntityPickupItemEvent]: PLAYER picked up OAK_PLANKS
[16:28:19][EntityPickupItemEvent]: PLAYER picked up OAK_PLANKS
[16:28:19][EntityPickupItemEvent]: PLAYER picked up CRIMSON_ROOTS
[16:28:19][EntityPickupItemEvent]: PLAYER picked up OAK_PLANKS
[16:28:20][EntityPickupItemEvent]: PLAYER picked up OAK_PLANKS
[16:28:20][EntityPickupItemEvent]: PLAYER picked up OAK_PLANKS
[16:28:21][EntityPickupItemEvent]: PLAYER picked up OAK_PLANKS
[16:29:03][EntityPickupItemEvent]: PLAYER picked up GUNPOWDER
[16:29:10][EntityPickupItemEvent]: PLAYER picked up GHAST_TEAR
[16:29:10][EntityPickupItemEvent]: PLAYER picked up GUNPOWDER
[16:29:23][EntityPickupItemEvent]: PLAYER picked up GUNPOWDER
[16:29:25][EntityPickupItemEvent]: PLAYER picked up GUNPOWDER
[16:29:26][EntityPickupItemEvent]: PLAYER picked up NETHER_WART_BLOCK
[16:29:27][EntityPickupItemEvent]: PLAYER picked up GHAST_TEAR
[16:29:28][EntityPickupItemEvent]: PLAYER picked up OAK_PLANKS
[16:29:29][EntityPickupItemEvent]: PLAYER picked up OAK_PLANKS
[16:29:37][EntityPickupItemEvent]: PLAYER picked up GUNPOWDER
[16:29:38][EntityPickupItemEvent]: PLAYER picked up GHAST_TEAR
[16:30:07][EntityPickupItemEvent]: PLAYER picked up NETHER_WART_BLOCK
[16:31:42][EntityPickupItemEvent]: PLAYER picked up GUNPOWDER
[16:32:23][EntityPickupItemEvent]: PLAYER picked up GHAST_TEAR
[16:36:29][EntityPickupItemEvent]: PLAYER picked up BONE
