[06:32:43][PlayerInteractEvent]: right clicked minecraft:stone_button[face=wall,facing=south,powered=false] at [world;-604;72;690]
[06:33:07][PlayerInteractEvent]: right clicked minecraft:stone_button[face=wall,facing=south,powered=false] at [world;-604;72;690]
[06:33:18][PlayerInteractEvent]: right clicked minecraft:stone_button[face=wall,facing=south,powered=false] at [world;-604;72;690]
[07:18:21][AsyncPlayerChatEvent]: said هلا
[07:18:31][AsyncPlayerChatEvent]: said وين
[07:18:42][AsyncPlayerChatEvent]: said مدري وينه
[07:19:38][AsyncPlayerChatEvent]: said عندك
[07:20:12][AsyncPlayerChatEvent]: said وينك
[07:20:37][AsyncPlayerChatEvent]: said هلا
[07:21:13][AsyncPlayerChatEvent]: said يب الحياه حلوه
[07:21:17][AsyncPlayerChatEvent]: said اشتري لك تطويرات
[07:21:36][AsyncPlayerChatEvent]: said اشتري xp
[07:21:39][AsyncPlayerChatEvent]: said وطور
[07:23:22][AsyncPlayerChatEvent]: said ثواني اطور اشياء
[07:27:29][AsyncPlayerChatEvent]: said pw Market
[07:30:55][PlayerInteractEvent]: right clicked minecraft:stone_button[face=wall,facing=south,powered=false] at [world;-604;72;690]
[07:32:22][AsyncPlayerChatEvent]: said B 151:51 S
[07:32:25][AsyncPlayerChatEvent]: said هلا
[07:32:31][AsyncPlayerChatEvent]: said ثواني
[07:38:36][AsyncPlayerChatEvent]: said دارك
[07:38:47][AsyncPlayerChatEvent]: said تعال نقتل التنين
[07:41:08][AsyncPlayerChatEvent]: said pwarp BetterEnd
[07:41:10][AsyncPlayerChatEvent]: said اكتب كدا
[07:41:51][AsyncPlayerChatEvent]: said pwarp BetterEnd
[07:43:09][AsyncPlayerChatEvent]: said احنا رايحين الاند
[07:43:24][AsyncPlayerChatEvent]: said pwarp BetterEnd
[07:43:41][AsyncPlayerChatEvent]: said اكتب الامر دا
[07:43:43][AsyncPlayerChatEvent]: said pwarp BetterEnd
[07:43:59][AsyncPlayerChatEvent]: said pwarp BetterEnd
[07:44:04][AsyncPlayerChatEvent]: said يب
[07:44:46][AsyncPlayerChatEvent]: said كابتيل مهم
[07:45:25][AsyncPlayerChatEvent]: said يب
[07:48:34][AsyncPlayerChatEvent]: said هنزل التنين
[07:51:13][AsyncPlayerChatEvent]: said اشتري
[07:57:50][AsyncPlayerChatEvent]: said لقيت واحده
[07:57:53][AsyncPlayerChatEvent]: said بس مافيها
[07:57:56][AsyncPlayerChatEvent]: said ماخوذه
[07:58:44][AsyncPlayerChatEvent]: said اشتري اكل
[07:58:55][AsyncPlayerChatEvent]: said shop
[07:59:50][AsyncPlayerChatEvent]: said اضغط tab
[07:59:56][AsyncPlayerChatEvent]: said موجود اسمه
[07:59:58][AsyncPlayerChatEvent]: said balance
[08:00:10][AsyncPlayerChatEvent]: said تقدر تشتغل
[08:00:24][AsyncPlayerChatEvent]: said jobs browse
[08:00:36][AsyncPlayerChatEvent]: said اضغط على الوظيفه CLICK RIGHT
[08:00:40][AsyncPlayerChatEvent]: said لو تبي تتوظرف
[08:00:43][AsyncPlayerChatEvent]: said تتوظرف
[08:00:47][AsyncPlayerChatEvent]: said تتوظف
[08:11:09][AsyncPlayerChatEvent]: said سوي وارب
[08:11:37][AsyncPlayerChatEvent]: said pwarp MajorAmari
[08:15:44][AsyncPlayerChatEvent]: said مدري وين بيت عبود بالوارم
[08:15:46][AsyncPlayerChatEvent]: said مدري وين بيت عبود بالوارب
[08:15:50][AsyncPlayerChatEvent]: said شكله ما سوى وارب
[08:15:55][AsyncPlayerChatEvent]: said سوي على بيت علي
[08:16:07][AsyncPlayerChatEvent]: said pwarp x1azr
[08:16:40][AsyncPlayerChatEvent][Cancelled]: said 0
[08:17:14][AsyncPlayerChatEvent]: said وات
[08:17:27][AsyncPlayerChatEvent]: said تعال تعال
[08:54:35][AsyncPlayerChatEvent]: said pw Market
[09:02:50][PlayerInteractEvent]: right clicked minecraft:stone_button[face=wall,facing=east,powered=false] at [world;-365;65;489]
[09:03:05][PlayerInteractEvent]: right clicked minecraft:stone_button[face=ceiling,facing=west,powered=false] at [world;-396;69;488]
[09:03:08][PlayerInteractEvent]: right clicked minecraft:stone_button[face=floor,facing=west,powered=false] at [world;-398;69;489]
[09:09:35][AsyncPlayerChatEvent]: said pw set
[09:10:08][AsyncPlayerChatEvent]: said pw
[09:23:09][PlayerInteractEvent]: right clicked minecraft:stone_button[face=wall,facing=south,powered=false] at [world;-604;72;690]
[09:23:20][PlayerInteractEvent]: right clicked minecraft:stone_button[face=wall,facing=south,powered=false] at [world;-604;72;690]
[09:28:42][PlayerInteractEvent]: right clicked minecraft:stone_button[face=wall,facing=south,powered=false] at [world;-604;72;690]
[09:33:10][AsyncPlayerChatEvent]: said نعم
