[07:45:24][EntityPickupItemEvent]: PLAYER picked up SHULKER_BOX
[07:46:19][EntityPickupItemEvent]: PLAYER picked up JUNGLE_LOG
[07:46:19][EntityPickupItemEvent]: PLAYER picked up OAK_SAPLING
[07:46:26][EntityPickupItemEvent]: PLAYER picked up COBBLESTONE
[07:48:18][EntityPickupItemEvent]: PLAYER picked up JUNGLE_PLANKS
[07:50:49][EntityPickupItemEvent]: PLAYER picked up DIORITE
[07:51:25][EntityPickupItemEvent]: PLAYER picked up COBBLESTONE
[07:51:54][EntityPickupItemEvent]: PLAYER picked up IRON_SHOVEL
[07:51:54][EntityPickupItemEvent]: PLAYER picked up JUNGLE_PLANKS
[07:51:54][EntityPickupItemEvent]: PLAYER picked up IRON_SHOVEL
[07:51:54][EntityPickupItemEvent]: PLAYER picked up WATER_BUCKET
[07:51:54][EntityPickupItemEvent]: PLAYER picked up IRON_SWORD
[07:51:54][EntityPickupItemEvent]: PLAYER picked up IRON_AXE
[07:51:54][EntityPickupItemEvent]: PLAYER picked up SWEET_BERRIES
[07:51:54][EntityPickupItemEvent]: PLAYER picked up IRON_SHOVEL
[07:51:54][EntityPickupItemEvent]: PLAYER picked up LEATHER
[07:51:54][EntityPickupItemEvent]: PLAYER picked up IRON_SHOVEL
[07:51:54][EntityPickupItemEvent]: PLAYER picked up IRON_PICKAXE
[07:51:54][EntityPickupItemEvent]: PLAYER picked up SHULKER_BOX
[07:51:54][EntityPickupItemEvent]: PLAYER picked up JUNGLE_PLANKS
[07:51:55][EntityPickupItemEvent]: PLAYER picked up JUNGLE_PLANKS
[07:51:55][EntityPickupItemEvent]: PLAYER picked up GLOWSTONE_DUST
[07:51:55][EntityPickupItemEvent]: PLAYER picked up IRON_PICKAXE
[07:51:55][EntityPickupItemEvent]: PLAYER picked up IRON_SHOVEL
[07:51:55][EntityPickupItemEvent]: PLAYER picked up IRON_SHOVEL
[07:51:55][EntityPickupItemEvent]: PLAYER picked up IRON_SHOVEL
[07:51:55][EntityPickupItemEvent]: PLAYER picked up IRON_BOOTS
[07:51:55][EntityPickupItemEvent]: PLAYER picked up IRON_HELMET
[07:51:55][EntityPickupItemEvent]: PLAYER picked up IRON_LEGGINGS
[07:51:55][EntityPickupItemEvent]: PLAYER picked up IRON_CHESTPLATE
[07:51:55][EntityPickupItemEvent]: PLAYER picked up SHIELD
[07:51:55][EntityPickupItemEvent]: PLAYER picked up IRON_SHOVEL
[07:52:23][EntityPickupItemEvent]: PLAYER picked up SHULKER_BOX
[07:52:26][EntityPickupItemEvent]: PLAYER picked up COBBLESTONE
[07:53:20][EntityPickupItemEvent]: PLAYER picked up ENDER_PEARL
[07:54:49][EntityPickupItemEvent]: PLAYER picked up JUNGLE_PLANKS
[07:54:50][EntityPickupItemEvent]: PLAYER picked up JUNGLE_PLANKS
[07:54:51][EntityPickupItemEvent]: PLAYER picked up JUNGLE_PLANKS
[07:54:52][EntityPickupItemEvent]: PLAYER picked up JUNGLE_PLANKS
[07:54:53][EntityPickupItemEvent]: PLAYER picked up JUNGLE_PLANKS
[07:55:16][EntityPickupItemEvent]: PLAYER picked up COBBLESTONE
[07:55:22][EntityPickupItemEvent]: PLAYER picked up COBBLESTONE
[07:55:23][EntityPickupItemEvent]: PLAYER picked up COBBLESTONE
[07:55:49][EntityPickupItemEvent]: PLAYER picked up COBBLESTONE
[07:56:16][EntityPickupItemEvent]: PLAYER picked up ENDER_PEARL
[07:57:03][EntityPickupItemEvent]: PLAYER picked up ENDER_PEARL
[07:57:05][EntityPickupItemEvent]: PLAYER picked up ENDER_PEARL
[07:57:10][EntityPickupItemEvent]: PLAYER picked up JUNGLE_PLANKS
[07:57:22][EntityPickupItemEvent]: PLAYER picked up JUNGLE_PLANKS
[07:58:13][EntityPickupItemEvent]: PLAYER picked up ENDER_PEARL
[08:04:01][EntityPickupItemEvent]: PLAYER picked up JUNGLE_PLANKS
[08:04:08][EntityPickupItemEvent]: PLAYER picked up JUNGLE_PLANKS
[08:04:10][EntityPickupItemEvent]: PLAYER picked up JUNGLE_PLANKS
[08:04:11][EntityPickupItemEvent]: PLAYER picked up JUNGLE_PLANKS
[08:04:15][EntityPickupItemEvent]: PLAYER picked up JUNGLE_PLANKS
[08:04:27][EntityPickupItemEvent]: PLAYER picked up JUNGLE_PLANKS
[08:04:53][EntityPickupItemEvent]: PLAYER picked up JUNGLE_PLANKS
[08:04:54][EntityPickupItemEvent]: PLAYER picked up JUNGLE_PLANKS
[08:04:55][EntityPickupItemEvent]: PLAYER picked up JUNGLE_PLANKS
[08:04:56][EntityPickupItemEvent]: PLAYER picked up JUNGLE_PLANKS
[08:04:57][EntityPickupItemEvent]: PLAYER picked up JUNGLE_PLANKS
[08:04:58][EntityPickupItemEvent]: PLAYER picked up JUNGLE_PLANKS
[08:04:59][EntityPickupItemEvent]: PLAYER picked up JUNGLE_PLANKS
[08:05:00][EntityPickupItemEvent]: PLAYER picked up JUNGLE_PLANKS
[08:05:02][EntityPickupItemEvent]: PLAYER picked up JUNGLE_PLANKS
[08:06:17][EntityPickupItemEvent]: PLAYER picked up END_STONE
[08:08:10][EntityPickupItemEvent]: PLAYER picked up END_STONE
[08:08:12][EntityPickupItemEvent]: PLAYER picked up COBBLESTONE
[08:10:36][EntityPickupItemEvent]: PLAYER picked up ENDER_PEARL
[08:12:16][EntityPickupItemEvent]: PLAYER picked up SPRUCE_SLAB
[08:14:19][EntityPickupItemEvent]: PLAYER picked up NETHERRACK
[08:15:14][EntityPickupItemEvent]: PLAYER picked up JUNGLE_PLANKS
[08:18:26][EntityPickupItemEvent]: PLAYER picked up DIRT
[08:18:27][EntityPickupItemEvent]: PLAYER picked up DIRT
[08:19:46][EntityPickupItemEvent]: PLAYER picked up PUMPKIN
[08:20:28][EntityPickupItemEvent]: PLAYER picked up COBBLESTONE
[08:20:42][EntityPickupItemEvent]: PLAYER picked up COBBLESTONE
[08:20:43][EntityPickupItemEvent]: PLAYER picked up LECTERN
[08:20:52][EntityPickupItemEvent]: PLAYER picked up COBBLESTONE
[08:20:54][EntityPickupItemEvent]: PLAYER picked up COBBLESTONE
[08:20:57][EntityPickupItemEvent]: PLAYER picked up TORCH
[08:20:57][EntityPickupItemEvent]: PLAYER picked up COBBLESTONE
[08:20:59][EntityPickupItemEvent]: PLAYER picked up COBBLESTONE
[08:21:00][EntityPickupItemEvent]: PLAYER picked up COBBLESTONE
[08:21:00][EntityPickupItemEvent]: PLAYER picked up COBBLESTONE
[08:21:01][EntityPickupItemEvent]: PLAYER picked up COBBLESTONE
[08:21:05][EntityPickupItemEvent]: PLAYER picked up LECTERN
[08:21:14][EntityPickupItemEvent]: PLAYER picked up LECTERN
[08:22:40][EntityPickupItemEvent]: PLAYER picked up OAK_PLANKS
[08:24:53][EntityPickupItemEvent]: PLAYER picked up OAK_PLANKS
[08:24:54][EntityPickupItemEvent]: PLAYER picked up OAK_PLANKS
[08:24:54][EntityPickupItemEvent]: PLAYER picked up OAK_PLANKS
[08:26:13][EntityPickupItemEvent]: PLAYER picked up DIRT
[08:26:14][EntityPickupItemEvent]: PLAYER picked up DIRT
[08:26:15][EntityPickupItemEvent]: PLAYER picked up DIRT
[08:26:16][EntityPickupItemEvent]: PLAYER picked up DIRT
[08:26:18][EntityPickupItemEvent]: PLAYER picked up DIRT
[08:26:19][EntityPickupItemEvent]: PLAYER picked up DIRT
[08:26:19][EntityPickupItemEvent]: PLAYER picked up DIRT
[08:27:01][EntityPickupItemEvent]: PLAYER picked up DIRT
[08:27:02][EntityPickupItemEvent]: PLAYER picked up DIRT
[08:27:04][EntityPickupItemEvent]: PLAYER picked up DIRT
[08:27:04][EntityPickupItemEvent]: PLAYER picked up DIRT
[08:27:05][EntityPickupItemEvent]: PLAYER picked up DIRT
[08:27:07][EntityPickupItemEvent]: PLAYER picked up DIRT
[08:27:07][EntityPickupItemEvent]: PLAYER picked up GLOWSTONE_DUST
[08:27:09][EntityPickupItemEvent]: PLAYER picked up DIRT
[08:27:09][EntityPickupItemEvent]: PLAYER picked up DIRT
[08:27:09][EntityPickupItemEvent]: PLAYER picked up DIRT
[08:27:11][EntityPickupItemEvent]: PLAYER picked up DIRT
[08:27:11][EntityPickupItemEvent]: PLAYER picked up DIRT
[08:27:12][EntityPickupItemEvent]: PLAYER picked up DIRT
[08:27:13][EntityPickupItemEvent]: PLAYER picked up DIRT
[08:27:17][EntityPickupItemEvent]: PLAYER picked up DIRT
[08:27:18][EntityPickupItemEvent]: PLAYER picked up GLOWSTONE_DUST
[08:27:18][EntityPickupItemEvent]: PLAYER picked up DIRT
[08:27:19][EntityPickupItemEvent]: PLAYER picked up DIRT
[08:27:19][EntityPickupItemEvent]: PLAYER picked up DIRT
[08:29:06][EntityPickupItemEvent]: PLAYER picked up COBBLESTONE
[08:29:07][EntityPickupItemEvent]: PLAYER picked up COBBLESTONE
[08:29:12][EntityPickupItemEvent]: PLAYER picked up COBBLESTONE
[08:29:13][EntityPickupItemEvent]: PLAYER picked up COBBLESTONE
[08:29:16][EntityPickupItemEvent]: PLAYER picked up COBBLESTONE
[08:29:16][EntityPickupItemEvent]: PLAYER picked up TORCH
[08:29:35][EntityPickupItemEvent]: PLAYER picked up COBBLESTONE
[08:29:41][EntityPickupItemEvent]: PLAYER picked up COBBLESTONE
[08:29:46][EntityPickupItemEvent]: PLAYER picked up DIORITE
[08:29:47][EntityPickupItemEvent]: PLAYER picked up DIORITE
[08:29:47][EntityPickupItemEvent]: PLAYER picked up COBBLESTONE
[08:29:48][EntityPickupItemEvent]: PLAYER picked up COBBLESTONE
[08:29:48][EntityPickupItemEvent]: PLAYER picked up COBBLESTONE
[08:29:49][EntityPickupItemEvent]: PLAYER picked up COBBLESTONE
[08:29:50][EntityPickupItemEvent]: PLAYER picked up COBBLESTONE
[08:29:51][EntityPickupItemEvent]: PLAYER picked up COBBLESTONE
[08:29:52][EntityPickupItemEvent]: PLAYER picked up COBBLESTONE
[08:29:52][EntityPickupItemEvent]: PLAYER picked up COBBLESTONE
[08:29:53][EntityPickupItemEvent]: PLAYER picked up COBBLESTONE
[08:29:54][EntityPickupItemEvent]: PLAYER picked up COBBLESTONE
[08:29:55][EntityPickupItemEvent]: PLAYER picked up COBBLESTONE
[08:29:56][EntityPickupItemEvent]: PLAYER picked up COBBLESTONE
[08:29:57][EntityPickupItemEvent]: PLAYER picked up COBBLESTONE
[08:29:58][EntityPickupItemEvent]: PLAYER picked up COBBLESTONE
[08:29:58][EntityPickupItemEvent]: PLAYER picked up COBBLESTONE
[08:29:59][EntityPickupItemEvent]: PLAYER picked up COBBLESTONE
[08:30:01][EntityPickupItemEvent]: PLAYER picked up COBBLESTONE
[08:30:01][EntityPickupItemEvent]: PLAYER picked up COBBLESTONE
[08:30:04][EntityPickupItemEvent]: PLAYER picked up COBBLESTONE
[08:30:13][EntityPickupItemEvent]: PLAYER picked up COBBLESTONE
[08:30:14][EntityPickupItemEvent]: PLAYER picked up COBBLESTONE
[08:30:15][EntityPickupItemEvent]: PLAYER picked up COBBLESTONE
[08:30:16][EntityPickupItemEvent]: PLAYER picked up COBBLESTONE
[08:30:17][EntityPickupItemEvent]: PLAYER picked up COBBLESTONE
[08:30:20][EntityPickupItemEvent]: PLAYER picked up COBBLESTONE
[08:30:20][EntityPickupItemEvent]: PLAYER picked up COBBLESTONE
[08:30:21][EntityPickupItemEvent]: PLAYER picked up COBBLESTONE
[08:30:34][EntityPickupItemEvent]: PLAYER picked up COBBLESTONE
[08:30:35][EntityPickupItemEvent]: PLAYER picked up COBBLESTONE
[08:30:36][EntityPickupItemEvent]: PLAYER picked up COBBLESTONE
[08:30:37][EntityPickupItemEvent]: PLAYER picked up COBBLESTONE
[08:30:38][EntityPickupItemEvent]: PLAYER picked up COBBLESTONE
[08:30:38][EntityPickupItemEvent]: PLAYER picked up COBBLESTONE
[08:30:39][EntityPickupItemEvent]: PLAYER picked up COBBLESTONE
[08:30:40][EntityPickupItemEvent]: PLAYER picked up COBBLESTONE
[08:30:40][EntityPickupItemEvent]: PLAYER picked up COBBLESTONE
[08:30:41][EntityPickupItemEvent]: PLAYER picked up COBBLESTONE
[08:30:43][EntityPickupItemEvent]: PLAYER picked up COBBLESTONE
[08:30:43][EntityPickupItemEvent]: PLAYER picked up COBBLESTONE
[08:30:47][EntityPickupItemEvent]: PLAYER picked up COBBLESTONE
[08:30:57][EntityPickupItemEvent]: PLAYER picked up SHULKER_BOX
[08:31:06][EntityPickupItemEvent]: PLAYER picked up DIRT
[08:31:14][EntityPickupItemEvent]: PLAYER picked up DIRT
[08:31:23][EntityPickupItemEvent]: PLAYER picked up TORCH
[08:31:29][EntityPickupItemEvent]: PLAYER picked up DIRT
[08:32:39][EntityPickupItemEvent]: PLAYER picked up SWEET_BERRIES
[08:32:40][EntityPickupItemEvent]: PLAYER picked up SWEET_BERRIES
[08:32:40][EntityPickupItemEvent]: PLAYER picked up SWEET_BERRIES
[08:32:41][EntityPickupItemEvent]: PLAYER picked up SWEET_BERRIES
[08:32:42][EntityPickupItemEvent]: PLAYER picked up SWEET_BERRIES
[08:32:42][EntityPickupItemEvent]: PLAYER picked up SWEET_BERRIES
[08:32:56][EntityPickupItemEvent]: PLAYER picked up GUNPOWDER
[08:33:44][EntityPickupItemEvent]: PLAYER picked up SWEET_BERRIES
[08:33:44][EntityPickupItemEvent]: PLAYER picked up SWEET_BERRIES
[08:33:45][EntityPickupItemEvent]: PLAYER picked up SWEET_BERRIES
[08:33:45][EntityPickupItemEvent]: PLAYER picked up SWEET_BERRIES
[08:33:46][EntityPickupItemEvent]: PLAYER picked up SWEET_BERRIES
[08:33:50][EntityPickupItemEvent]: PLAYER picked up SWEET_BERRIES
[08:33:52][EntityPickupItemEvent]: PLAYER picked up SWEET_BERRIES
[08:33:54][EntityPickupItemEvent]: PLAYER picked up SWEET_BERRIES
[08:33:56][EntityPickupItemEvent]: PLAYER picked up SWEET_BERRIES
[08:33:57][EntityPickupItemEvent]: PLAYER picked up SWEET_BERRIES
[08:33:58][EntityPickupItemEvent]: PLAYER picked up SWEET_BERRIES
[08:33:59][EntityPickupItemEvent]: PLAYER picked up SWEET_BERRIES
[08:34:00][EntityPickupItemEvent]: PLAYER picked up SWEET_BERRIES
[08:34:02][EntityPickupItemEvent]: PLAYER picked up SWEET_BERRIES
[08:34:03][EntityPickupItemEvent]: PLAYER picked up SWEET_BERRIES
[08:34:11][EntityPickupItemEvent]: PLAYER picked up SWEET_BERRIES
