[07:42:54][AsyncPlayerChatEvent]: said واحد ينام
[07:42:55][AsyncPlayerChatEvent]: said بليييز
[07:43:03][AsyncPlayerChatEvent]: said SLEEP!
[07:43:16][AsyncPlayerChatEvent]: said ابغا اجي معاكم
[07:43:38][AsyncPlayerChatEvent]: said عادي اجي معاكم الاند
[07:44:01][AsyncPlayerChatEvent]: said مع /
[07:44:16][AsyncPlayerChatEvent]: said عادي تكلم في الفويز اانا معاكم في الروم
[07:45:01][AsyncPlayerChatEvent]: said يقول لازم يكون عندي 10 دولار
[07:45:09][AsyncPlayerChatEvent]: said كيف اجيب
[07:45:12][AsyncPlayerChatEvent]: said ؟
[07:45:32][AsyncPlayerChatEvent]: said طيب كيف اجيب الفلوس ؟
[07:45:53][AsyncPlayerChatEvent]: said يا ماجور
[07:47:51][AsyncPlayerChatEvent]: said مو انا
[07:48:57][AsyncPlayerChatEvent]: said يب
[07:50:38][AsyncPlayerChatEvent]: said بليز واحد يعطيني بلوكات
[07:50:44][AsyncPlayerChatEvent]: said يبلوكات
[07:50:52][AsyncPlayerChatEvent]: said ما يكفون
[07:51:03][AsyncPlayerChatEvent]: said شباب عطوني بلوكات سريع
[07:51:21][AsyncPlayerChatEvent]: said بلوكات
[07:52:28][PlayerBucketEmptyEvent]: used WATER_BUCKET on [world_the_end;-11;99;34]
[07:52:32][AsyncPlayerChatEvent]: said ما عندي
[07:52:39][PlayerBucketFillEvent]: used BUCKET on [world_the_end;-10;99;34]
[07:52:45][PlayerBucketEmptyEvent]: used WATER_BUCKET on [world_the_end;-6;61;34]
[07:53:17][PlayerBucketFillEvent]: used BUCKET on [world_the_end;-6;61;35]
[07:54:03][AsyncPlayerChatEvent]: said يا حرامي
[07:54:22][AsyncPlayerChatEvent]: said تعالو هنا
[07:58:34][AsyncPlayerChatEvent]: said اكل
[07:58:48][AsyncPlayerChatEvent]: said كيف ؟
[07:59:41][AsyncPlayerChatEvent]: said كيف اعرف كم عند فلوس
[08:00:03][AsyncPlayerChatEvent]: said كيف اجيب فلوس طيب
[08:00:16][AsyncPlayerChatEvent]: said كيف
[08:07:18][AsyncPlayerChatEvent]: said عطني الاليترا لي انا
[08:10:52][AsyncPlayerChatEvent]: said شباب مين في العالم العادي
[08:10:54][AsyncPlayerChatEvent]: said ؟
[08:11:07][AsyncPlayerChatEvent]: said شباب مين موجود في العالم العادي
[08:11:20][AsyncPlayerChatEvent]: said وش اكتب
[08:12:13][AsyncPlayerChatEvent]: said واو يا البيت
[08:13:04][AsyncPlayerChatEvent]: said انا ؟
[08:13:26][AsyncPlayerChatEvent]: said احين كيف بعرف وين مكان بيتي لانه جمب بيت عبود
[08:13:38][AsyncPlayerChatEvent]: said قريب منه
[08:14:12][AsyncPlayerChatEvent]: said باول انه كيف برجع لبيتي ما اعرف الاحداثيات وبيتي جمب بيت عبود
[08:15:29][AsyncPlayerChatEvent]: said طيب ابغا اسمه في الوارب
[08:16:45][AsyncPlayerChatEvent]: said ول لازم 100 دولار اول شي كان 10 واحين 100 ما يصير ول
[08:17:05][AsyncPlayerChatEvent]: said يا ماجور
[08:17:27][AsyncPlayerChatEvent]: said يقولي احين تحتاج 100 دولار للانتقال
[08:18:11][AsyncPlayerChatEvent]: said هارز
[08:18:24][AsyncPlayerChatEvent]: said الاودي
[08:18:47][AsyncPlayerChatEvent]: said عطني بليييز
[08:19:34][PlayerBucketEmptyEvent]: used WATER_BUCKET on [world;-576;67;781]
[08:19:34][PlayerBucketFillEvent]: used BUCKET on [world;-576;68;781]
[08:19:36][PlayerBucketEmptyEvent]: used WATER_BUCKET on [world;-574;65;783]
[08:19:36][PlayerBucketFillEvent]: used BUCKET on [world;-573;64;784]
[08:21:48][AsyncPlayerChatEvent]: said واخيرا لقيت بيتي
[08:21:53][AsyncPlayerChatEvent]: said باركول
[08:21:57][AsyncPlayerChatEvent]: said باركولي
