[07:45:18][BlockPlaceEvent]: placed minecraft:shulker_box[facing=up] on [world;-230;70;686]
[07:45:24][BlockBreakEvent]: breaked minecraft:shulker_box[facing=up] on [world;-230;70;686]
[07:46:56][BlockPlaceEvent]: placed minecraft:jungle_log[axis=y] on [world;-1280;32;1197]
[07:46:57][BlockPlaceEvent]: placed minecraft:jungle_log[axis=y] on [world;-1280;33;1197]
[07:46:59][BlockPlaceEvent]: placed minecraft:stripped_jungle_log[axis=y] on [world;-1280;33;1197]
[07:46:59][BlockPlaceEvent]: placed minecraft:stripped_jungle_log[axis=y] on [world;-1280;32;1197]
[07:47:43][BlockPlaceEvent]: placed minecraft:jungle_log[axis=x] on [world_the_end;98;49;-1]
[07:48:23][BlockPlaceEvent]: placed minecraft:jungle_planks on [world_the_end;40;65;3]
[07:48:23][BlockPlaceEvent]: placed minecraft:jungle_planks on [world_the_end;40;65;4]
[07:48:25][BlockPlaceEvent]: placed minecraft:jungle_planks on [world_the_end;40;65;5]
[07:48:25][BlockPlaceEvent]: placed minecraft:jungle_planks on [world_the_end;41;65;5]
[07:48:25][BlockPlaceEvent]: placed minecraft:jungle_planks on [world_the_end;42;65;5]
[07:48:26][BlockPlaceEvent]: placed minecraft:jungle_planks on [world_the_end;43;65;5]
[07:48:28][BlockPlaceEvent]: placed minecraft:jungle_planks on [world_the_end;44;65;4]
[07:48:28][BlockPlaceEvent]: placed minecraft:jungle_planks on [world_the_end;44;65;5]
[07:48:29][BlockPlaceEvent]: placed minecraft:jungle_planks on [world_the_end;44;65;2]
[07:48:31][BlockPlaceEvent]: placed minecraft:jungle_planks on [world_the_end;45;65;4]
[07:48:33][BlockPlaceEvent]: placed minecraft:jungle_planks on [world_the_end;45;65;2]
[07:49:26][BlockPlaceEvent]: placed minecraft:jungle_planks on [world_the_end;-9;62;34]
[07:49:27][BlockPlaceEvent]: placed minecraft:jungle_planks on [world_the_end;-9;63;34]
[07:49:27][BlockPlaceEvent]: placed minecraft:jungle_planks on [world_the_end;-9;64;34]
[07:49:28][BlockPlaceEvent]: placed minecraft:jungle_planks on [world_the_end;-9;66;35]
[07:49:29][BlockPlaceEvent]: placed minecraft:jungle_planks on [world_the_end;-9;67;35]
[07:49:30][BlockPlaceEvent]: placed minecraft:jungle_planks on [world_the_end;-9;68;35]
[07:49:30][BlockPlaceEvent]: placed minecraft:jungle_planks on [world_the_end;-9;69;35]
[07:49:31][BlockPlaceEvent]: placed minecraft:jungle_planks on [world_the_end;-9;70;35]
[07:49:31][BlockPlaceEvent]: placed minecraft:jungle_planks on [world_the_end;-9;71;35]
[07:49:32][BlockPlaceEvent]: placed minecraft:jungle_planks on [world_the_end;-9;72;35]
[07:49:32][BlockPlaceEvent]: placed minecraft:jungle_planks on [world_the_end;-9;73;35]
[07:49:33][BlockPlaceEvent]: placed minecraft:jungle_planks on [world_the_end;-9;74;35]
[07:49:38][BlockPlaceEvent]: placed minecraft:jungle_planks on [world_the_end;-9;75;35]
[07:49:38][BlockPlaceEvent]: placed minecraft:jungle_planks on [world_the_end;-9;76;35]
[07:49:39][BlockPlaceEvent]: placed minecraft:jungle_planks on [world_the_end;-9;77;35]
[07:49:39][BlockPlaceEvent]: placed minecraft:jungle_planks on [world_the_end;-9;78;35]
[07:49:40][BlockPlaceEvent]: placed minecraft:jungle_planks on [world_the_end;-9;79;35]
[07:49:40][BlockPlaceEvent]: placed minecraft:jungle_planks on [world_the_end;-9;80;35]
[07:49:41][BlockPlaceEvent]: placed minecraft:jungle_planks on [world_the_end;-9;81;35]
[07:49:41][BlockPlaceEvent]: placed minecraft:jungle_planks on [world_the_end;-9;82;35]
[07:49:45][BlockPlaceEvent]: placed minecraft:jungle_planks on [world_the_end;-9;83;35]
[07:49:45][BlockPlaceEvent]: placed minecraft:jungle_planks on [world_the_end;-9;84;35]
[07:49:46][BlockPlaceEvent]: placed minecraft:jungle_planks on [world_the_end;-9;85;35]
[07:49:46][BlockPlaceEvent]: placed minecraft:jungle_planks on [world_the_end;-9;86;35]
[07:49:47][BlockPlaceEvent]: placed minecraft:jungle_planks on [world_the_end;-9;87;35]
[07:49:47][BlockPlaceEvent]: placed minecraft:jungle_planks on [world_the_end;-9;88;35]
[07:49:48][BlockPlaceEvent]: placed minecraft:jungle_planks on [world_the_end;-9;89;35]
[07:49:49][BlockPlaceEvent]: placed minecraft:jungle_planks on [world_the_end;-9;90;35]
[07:49:49][BlockPlaceEvent]: placed minecraft:jungle_planks on [world_the_end;-9;91;35]
[07:49:50][BlockPlaceEvent]: placed minecraft:jungle_planks on [world_the_end;-9;92;35]
[07:49:50][BlockPlaceEvent]: placed minecraft:jungle_planks on [world_the_end;-9;93;35]
[07:49:51][BlockPlaceEvent]: placed minecraft:jungle_planks on [world_the_end;-9;94;35]
[07:49:56][BlockPlaceEvent]: placed minecraft:jungle_planks on [world_the_end;-9;95;35]
[07:49:57][BlockPlaceEvent]: placed minecraft:jungle_planks on [world_the_end;-9;96;35]
[07:49:57][BlockPlaceEvent]: placed minecraft:jungle_planks on [world_the_end;-9;97;35]
[07:49:58][BlockPlaceEvent]: placed minecraft:jungle_planks on [world_the_end;-9;98;35]
[07:49:58][BlockPlaceEvent]: placed minecraft:jungle_planks on [world_the_end;-9;99;35]
[07:50:00][BlockPlaceEvent]: placed minecraft:jungle_planks on [world_the_end;-9;100;35]
[07:50:02][BlockPlaceEvent]: placed minecraft:jungle_planks on [world_the_end;-9;101;35]
[07:50:03][BlockPlaceEvent]: placed minecraft:jungle_planks on [world_the_end;-11;103;37]
[07:50:03][BlockPlaceEvent]: placed minecraft:jungle_planks on [world_the_end;-11;104;37]
[07:51:31][BlockPlaceEvent]: placed minecraft:diorite on [world_the_end;-9;62;33]
[07:51:32][BlockPlaceEvent]: placed minecraft:diorite on [world_the_end;-9;63;33]
[07:51:33][BlockPlaceEvent]: placed minecraft:diorite on [world_the_end;-9;65;34]
[07:51:33][BlockPlaceEvent]: placed minecraft:diorite on [world_the_end;-9;66;34]
[07:51:34][BlockPlaceEvent]: placed minecraft:diorite on [world_the_end;-9;67;34]
[07:51:34][BlockPlaceEvent]: placed minecraft:diorite on [world_the_end;-9;68;34]
[07:51:35][BlockPlaceEvent]: placed minecraft:diorite on [world_the_end;-9;69;34]
[07:51:35][BlockPlaceEvent]: placed minecraft:diorite on [world_the_end;-9;70;34]
[07:51:36][BlockPlaceEvent]: placed minecraft:diorite on [world_the_end;-9;71;34]
[07:51:36][BlockPlaceEvent]: placed minecraft:diorite on [world_the_end;-9;72;34]
[07:51:37][BlockPlaceEvent]: placed minecraft:diorite on [world_the_end;-9;73;34]
[07:51:38][BlockPlaceEvent]: placed minecraft:cobblestone on [world_the_end;-9;74;34]
[07:51:39][BlockPlaceEvent]: placed minecraft:cobblestone on [world_the_end;-9;75;34]
[07:51:39][BlockPlaceEvent]: placed minecraft:cobblestone on [world_the_end;-9;76;34]
[07:51:40][BlockPlaceEvent]: placed minecraft:cobblestone on [world_the_end;-9;77;34]
[07:51:40][BlockPlaceEvent]: placed minecraft:cobblestone on [world_the_end;-9;78;34]
[07:51:41][BlockPlaceEvent]: placed minecraft:cobblestone on [world_the_end;-9;79;34]
[07:51:41][BlockPlaceEvent]: placed minecraft:cobblestone on [world_the_end;-9;80;34]
[07:51:42][BlockPlaceEvent]: placed minecraft:cobblestone on [world_the_end;-9;81;34]
[07:51:42][BlockPlaceEvent]: placed minecraft:cobblestone on [world_the_end;-9;82;34]
[07:51:43][BlockPlaceEvent]: placed minecraft:cobblestone on [world_the_end;-9;83;34]
[07:51:43][BlockPlaceEvent]: placed minecraft:cobblestone on [world_the_end;-9;84;34]
[07:51:44][BlockPlaceEvent]: placed minecraft:cobblestone on [world_the_end;-9;85;34]
[07:51:44][BlockPlaceEvent]: placed minecraft:cobblestone on [world_the_end;-9;86;34]
[07:51:45][BlockPlaceEvent]: placed minecraft:cobblestone on [world_the_end;-9;87;34]
[07:51:45][BlockPlaceEvent]: placed minecraft:cobblestone on [world_the_end;-9;88;34]
[07:51:46][BlockPlaceEvent]: placed minecraft:cobblestone on [world_the_end;-9;89;34]
[07:51:46][BlockPlaceEvent]: placed minecraft:cobblestone on [world_the_end;-9;90;34]
[07:51:47][BlockPlaceEvent]: placed minecraft:cobblestone on [world_the_end;-9;91;34]
[07:51:47][BlockPlaceEvent]: placed minecraft:cobblestone on [world_the_end;-9;92;34]
[07:51:48][BlockPlaceEvent]: placed minecraft:cobblestone on [world_the_end;-9;93;34]
[07:51:48][BlockPlaceEvent]: placed minecraft:cobblestone on [world_the_end;-9;94;34]
[07:51:49][BlockPlaceEvent]: placed minecraft:cobblestone on [world_the_end;-9;95;34]
[07:51:49][BlockPlaceEvent]: placed minecraft:cobblestone on [world_the_end;-9;96;34]
[07:51:50][BlockPlaceEvent]: placed minecraft:cobblestone on [world_the_end;-9;97;34]
[07:51:50][BlockPlaceEvent]: placed minecraft:cobblestone on [world_the_end;-9;98;34]
[07:51:52][BlockPlaceEvent]: placed minecraft:cobblestone on [world_the_end;-9;99;34]
[07:51:52][BlockPlaceEvent]: placed minecraft:cobblestone on [world_the_end;-9;100;34]
[07:51:59][BlockPlaceEvent]: placed minecraft:cobblestone on [world_the_end;-11;98;34]
[07:52:00][BlockPlaceEvent]: placed minecraft:cobblestone on [world_the_end;-10;98;34]
[07:52:02][BlockPlaceEvent]: placed minecraft:cobblestone on [world_the_end;-11;98;33]
[07:52:03][BlockPlaceEvent]: placed minecraft:cobblestone on [world_the_end;-11;99;33]
[07:52:04][BlockPlaceEvent]: placed minecraft:cobblestone on [world_the_end;-11;100;33]
[07:52:04][BlockPlaceEvent]: placed minecraft:cobblestone on [world_the_end;-10;99;33]
[07:52:04][BlockPlaceEvent]: placed minecraft:cobblestone on [world_the_end;-10;100;33]
[07:52:05][BlockPlaceEvent]: placed minecraft:cobblestone on [world_the_end;-11;101;34]
[07:52:05][BlockPlaceEvent]: placed minecraft:cobblestone on [world_the_end;-10;101;34]
[07:52:19][BlockPlaceEvent]: placed minecraft:shulker_box[facing=west] on [world_the_end;-10;99;34]
[07:52:23][BlockBreakEvent]: breaked minecraft:shulker_box[facing=west] on [world_the_end;-10;99;34]
[07:52:25][BlockBreakEvent]: breaked minecraft:cobblestone on [world_the_end;-10;98;34]
[07:53:56][BlockPlaceEvent]: placed minecraft:jungle_planks on [world_the_end;-58;58;25]
[07:53:56][BlockPlaceEvent]: placed minecraft:jungle_planks on [world_the_end;-59;58;25]
[07:53:57][BlockPlaceEvent]: placed minecraft:jungle_planks on [world_the_end;-59;59;25]
[07:53:58][BlockPlaceEvent]: placed minecraft:jungle_planks on [world_the_end;-60;59;25]
[07:53:58][BlockPlaceEvent]: placed minecraft:jungle_planks on [world_the_end;-60;60;25]
[07:53:59][BlockPlaceEvent]: placed minecraft:jungle_planks on [world_the_end;-61;60;25]
[07:53:59][BlockPlaceEvent]: placed minecraft:jungle_planks on [world_the_end;-61;61;25]
[07:54:00][BlockPlaceEvent]: placed minecraft:jungle_planks on [world_the_end;-62;61;25]
[07:54:01][BlockPlaceEvent]: placed minecraft:jungle_planks on [world_the_end;-62;62;25]
[07:54:05][BlockPlaceEvent]: placed minecraft:jungle_planks on [world_the_end;-63;62;25]
[07:54:05][BlockPlaceEvent]: placed minecraft:jungle_planks on [world_the_end;-63;63;25]
[07:54:06][BlockPlaceEvent]: placed minecraft:jungle_planks on [world_the_end;-64;63;25]
[07:54:07][BlockPlaceEvent]: placed minecraft:jungle_planks on [world_the_end;-64;64;25]
[07:54:07][BlockPlaceEvent]: placed minecraft:jungle_planks on [world_the_end;-65;64;25]
[07:54:08][BlockPlaceEvent]: placed minecraft:jungle_planks on [world_the_end;-65;65;25]
[07:54:08][BlockPlaceEvent]: placed minecraft:jungle_planks on [world_the_end;-66;65;25]
[07:54:08][BlockPlaceEvent]: placed minecraft:jungle_planks on [world_the_end;-66;66;25]
[07:54:09][BlockPlaceEvent]: placed minecraft:jungle_planks on [world_the_end;-67;66;25]
[07:54:09][BlockPlaceEvent]: placed minecraft:jungle_planks on [world_the_end;-67;67;25]
[07:54:10][BlockPlaceEvent]: placed minecraft:jungle_planks on [world_the_end;-68;67;25]
[07:54:10][BlockPlaceEvent]: placed minecraft:jungle_planks on [world_the_end;-68;68;25]
[07:54:11][BlockPlaceEvent]: placed minecraft:jungle_planks on [world_the_end;-69;68;25]
[07:54:11][BlockPlaceEvent]: placed minecraft:jungle_planks on [world_the_end;-69;69;25]
[07:54:12][BlockPlaceEvent]: placed minecraft:jungle_planks on [world_the_end;-70;69;25]
[07:54:15][BlockPlaceEvent]: placed minecraft:jungle_planks on [world_the_end;-70;70;25]
[07:54:16][BlockPlaceEvent]: placed minecraft:jungle_planks on [world_the_end;-71;70;25]
[07:54:16][BlockPlaceEvent]: placed minecraft:jungle_planks on [world_the_end;-71;71;25]
[07:54:17][BlockPlaceEvent]: placed minecraft:jungle_planks on [world_the_end;-72;71;25]
[07:54:18][BlockPlaceEvent]: placed minecraft:jungle_planks on [world_the_end;-72;72;25]
[07:54:24][BlockPlaceEvent]: placed minecraft:jungle_planks on [world_the_end;-73;72;25]
[07:54:24][BlockPlaceEvent]: placed minecraft:jungle_planks on [world_the_end;-73;73;25]
[07:54:25][BlockPlaceEvent]: placed minecraft:jungle_planks on [world_the_end;-74;73;25]
[07:54:26][BlockPlaceEvent]: placed minecraft:jungle_planks on [world_the_end;-74;74;25]
[07:54:26][BlockPlaceEvent]: placed minecraft:jungle_planks on [world_the_end;-75;74;25]
[07:54:27][BlockPlaceEvent]: placed minecraft:jungle_planks on [world_the_end;-76;74;25]
[07:54:28][BlockPlaceEvent]: placed minecraft:jungle_planks on [world_the_end;-77;74;25]
[07:54:29][BlockPlaceEvent]: placed minecraft:jungle_planks on [world_the_end;-77;74;26]
[07:54:30][BlockPlaceEvent]: placed minecraft:jungle_planks on [world_the_end;-78;74;26]
[07:54:31][BlockPlaceEvent]: placed minecraft:jungle_planks on [world_the_end;-78;74;27]
[07:54:31][BlockPlaceEvent]: placed minecraft:jungle_planks on [world_the_end;-79;74;27]
[07:54:32][BlockPlaceEvent]: placed minecraft:jungle_planks on [world_the_end;-80;74;27]
[07:54:33][BlockPlaceEvent]: placed minecraft:jungle_planks on [world_the_end;-80;74;28]
[07:54:33][BlockPlaceEvent]: placed minecraft:jungle_planks on [world_the_end;-81;74;28]
[07:54:35][BlockPlaceEvent]: placed minecraft:jungle_planks on [world_the_end;-82;74;28]
[07:54:36][BlockPlaceEvent]: placed minecraft:jungle_planks on [world_the_end;-82;72;28]
[07:54:36][BlockPlaceEvent]: placed minecraft:jungle_planks on [world_the_end;-82;73;28]
[07:54:36][BlockPlaceEvent]: placed minecraft:jungle_planks on [world_the_end;-83;74;28]
[07:54:37][BlockPlaceEvent]: placed minecraft:jungle_planks on [world_the_end;-84;74;28]
[07:54:39][BlockPlaceEvent]: placed minecraft:jungle_planks on [world_the_end;-83;75;28]
[07:54:41][BlockPlaceEvent]: placed minecraft:jungle_planks on [world_the_end;-82;75;28]
[07:54:41][BlockPlaceEvent]: placed minecraft:jungle_planks on [world_the_end;-83;76;28]
[07:54:44][BlockPlaceEvent]: placed minecraft:jungle_planks on [world_the_end;-84;76;28]
[07:54:45][BlockPlaceEvent]: placed minecraft:jungle_planks on [world_the_end;-84;77;28]
[07:54:48][BlockBreakEvent]: breaked minecraft:jungle_planks on [world_the_end;-84;77;28]
[07:54:49][BlockBreakEvent]: breaked minecraft:jungle_planks on [world_the_end;-84;76;28]
[07:54:50][BlockBreakEvent]: breaked minecraft:jungle_planks on [world_the_end;-83;76;28]
[07:54:51][BlockBreakEvent]: breaked minecraft:jungle_planks on [world_the_end;-83;75;28]
[07:54:52][BlockBreakEvent]: breaked minecraft:jungle_planks on [world_the_end;-82;75;28]
[07:55:03][BlockPlaceEvent]: placed minecraft:jungle_planks on [world_the_end;-92;73;30]
[07:55:03][BlockPlaceEvent]: placed minecraft:jungle_planks on [world_the_end;-91;73;29]
[07:55:04][BlockPlaceEvent]: placed minecraft:jungle_planks on [world_the_end;-91;73;30]
[07:55:05][BlockPlaceEvent]: placed minecraft:jungle_planks on [world_the_end;-90;73;29]
[07:55:05][BlockPlaceEvent]: placed minecraft:jungle_planks on [world_the_end;-90;73;30]
[07:55:06][BlockPlaceEvent]: placed minecraft:jungle_planks on [world_the_end;-89;73;29]
[07:55:06][BlockPlaceEvent]: placed minecraft:jungle_planks on [world_the_end;-89;73;30]
[07:55:11][BlockPlaceEvent]: placed minecraft:jungle_planks on [world_the_end;-92;73;28]
[07:55:12][BlockPlaceEvent]: placed minecraft:jungle_planks on [world_the_end;-91;73;28]
[07:55:16][BlockBreakEvent]: breaked minecraft:cobblestone on [world_the_end;-90;74;28]
[07:55:20][BlockPlaceEvent]: placed minecraft:jungle_planks on [world_the_end;-89;73;28]
[07:55:20][BlockPlaceEvent]: placed minecraft:jungle_planks on [world_the_end;-90;73;28]
[07:55:21][BlockBreakEvent]: breaked minecraft:cobblestone on [world_the_end;-89;74;28]
[07:55:22][BlockBreakEvent]: breaked minecraft:cobblestone on [world_the_end;-89;74;29]
[07:55:23][BlockBreakEvent]: breaked minecraft:cobblestone on [world_the_end;-90;74;29]
[07:55:29][BlockPlaceEvent]: placed minecraft:jungle_planks on [world_the_end;-85;74;30]
[07:55:29][BlockPlaceEvent]: placed minecraft:jungle_planks on [world_the_end;-86;74;30]
[07:55:30][BlockPlaceEvent]: placed minecraft:jungle_planks on [world_the_end;-87;74;30]
[07:55:30][BlockPlaceEvent]: placed minecraft:jungle_planks on [world_the_end;-88;74;30]
[07:55:43][BlockPlaceEvent]: placed minecraft:jungle_planks on [world_the_end;-60;58;25]
[07:55:44][BlockPlaceEvent]: placed minecraft:jungle_planks on [world_the_end;-60;59;25]
[07:55:44][BlockPlaceEvent]: placed minecraft:jungle_planks on [world_the_end;-60;60;25]
[07:55:47][BlockPlaceEvent]: placed minecraft:cobblestone on [world_the_end;-60;60;26]
[07:55:47][BlockPlaceEvent]: placed minecraft:cobblestone on [world_the_end;-61;60;25]
[07:55:47][BlockPlaceEvent]: placed minecraft:cobblestone on [world_the_end;-61;60;26]
[07:55:47][BlockPlaceEvent]: placed minecraft:cobblestone on [world_the_end;-61;59;26]
[07:55:49][BlockBreakEvent]: breaked minecraft:cobblestone on [world_the_end;-61;59;26]
[07:55:54][BlockPlaceEvent]: placed minecraft:cobblestone on [world_the_end;-62;60;25]
[07:55:54][BlockPlaceEvent]: placed minecraft:cobblestone on [world_the_end;-62;60;26]
[07:55:54][BlockPlaceEvent]: placed minecraft:cobblestone on [world_the_end;-60;60;27]
[07:55:55][BlockPlaceEvent]: placed minecraft:cobblestone on [world_the_end;-61;60;27]
[07:55:55][BlockPlaceEvent]: placed minecraft:cobblestone on [world_the_end;-62;60;27]
[07:55:56][BlockPlaceEvent]: placed minecraft:cobblestone on [world_the_end;-62;60;28]
[07:55:57][BlockPlaceEvent]: placed minecraft:cobblestone on [world_the_end;-63;60;27]
[07:57:08][BlockPlaceEvent]: placed minecraft:jungle_planks on [world_the_end;-63;60;28]
[07:57:08][BlockPlaceEvent]: placed minecraft:jungle_planks on [world_the_end;-62;60;29]
[07:57:10][BlockBreakEvent]: breaked minecraft:jungle_planks on [world_the_end;-62;60;29]
[07:57:12][BlockPlaceEvent]: placed minecraft:jungle_planks on [world_the_end;-61;60;28]
[07:57:12][BlockPlaceEvent]: placed minecraft:jungle_planks on [world_the_end;-60;60;28]
[07:57:13][BlockPlaceEvent]: placed minecraft:jungle_planks on [world_the_end;-59;60;28]
[07:57:14][BlockPlaceEvent]: placed minecraft:jungle_planks on [world_the_end;-59;60;27]
[07:57:14][BlockPlaceEvent]: placed minecraft:jungle_planks on [world_the_end;-59;60;26]
[07:57:15][BlockPlaceEvent]: placed minecraft:jungle_planks on [world_the_end;-59;60;25]
[07:57:16][BlockPlaceEvent]: placed minecraft:jungle_planks on [world_the_end;-60;60;24]
[07:57:17][BlockPlaceEvent]: placed minecraft:jungle_planks on [world_the_end;-59;60;24]
[07:57:18][BlockPlaceEvent]: placed minecraft:jungle_planks on [world_the_end;-58;60;25]
[07:57:18][BlockPlaceEvent]: placed minecraft:jungle_planks on [world_the_end;-58;60;24]
[07:57:19][BlockPlaceEvent]: placed minecraft:jungle_planks on [world_the_end;-58;60;26]
[07:57:20][BlockPlaceEvent]: placed minecraft:jungle_planks on [world_the_end;-58;59;26]
[07:57:20][BlockPlaceEvent]: placed minecraft:jungle_planks on [world_the_end;-58;60;28]
[07:57:20][BlockPlaceEvent]: placed minecraft:jungle_planks on [world_the_end;-58;60;27]
[07:57:21][BlockBreakEvent]: breaked minecraft:jungle_planks on [world_the_end;-58;59;26]
[07:57:23][BlockBreakEvent]: breaked minecraft:jungle_planks on [world_the_end;-60;59;25]
[07:57:24][BlockBreakEvent]: breaked minecraft:jungle_planks on [world_the_end;-60;58;25]
[07:57:26][BlockPlaceEvent]: placed minecraft:jungle_planks on [world_the_end;-62;60;24]
[07:57:26][BlockPlaceEvent]: placed minecraft:jungle_planks on [world_the_end;-61;60;24]
[07:57:28][BlockPlaceEvent]: placed minecraft:jungle_planks on [world_the_end;-63;60;26]
[07:57:28][BlockPlaceEvent]: placed minecraft:jungle_planks on [world_the_end;-63;60;25]
[07:57:28][BlockPlaceEvent]: placed minecraft:jungle_planks on [world_the_end;-63;60;24]
[07:57:29][BlockPlaceEvent]: placed minecraft:jungle_planks on [world_the_end;-63;60;23]
[07:57:29][BlockPlaceEvent]: placed minecraft:jungle_planks on [world_the_end;-62;60;23]
[07:57:30][BlockPlaceEvent]: placed minecraft:jungle_planks on [world_the_end;-61;60;23]
[07:57:30][BlockPlaceEvent]: placed minecraft:jungle_planks on [world_the_end;-60;60;23]
[07:57:31][BlockPlaceEvent]: placed minecraft:jungle_planks on [world_the_end;-59;60;23]
[07:57:31][BlockPlaceEvent]: placed minecraft:jungle_planks on [world_the_end;-58;60;23]
[08:03:36][BlockPlaceEvent]: placed minecraft:crafting_table on [world_the_end;-961;60;310]
[08:03:45][BlockPlaceEvent]: placed minecraft:jungle_planks on [world_the_end;-964;59;303]
[08:03:45][BlockPlaceEvent]: placed minecraft:jungle_planks on [world_the_end;-963;59;303]
[08:03:47][BlockPlaceEvent]: placed minecraft:jungle_planks on [world_the_end;-962;59;303]
[08:03:47][BlockPlaceEvent]: placed minecraft:jungle_planks on [world_the_end;-962;60;303]
[08:03:49][BlockPlaceEvent]: placed minecraft:jungle_planks on [world_the_end;-961;60;303]
[08:03:49][BlockPlaceEvent]: placed minecraft:jungle_planks on [world_the_end;-961;61;303]
[08:03:50][BlockPlaceEvent]: placed minecraft:jungle_planks on [world_the_end;-960;60;303]
[08:03:51][BlockPlaceEvent]: placed minecraft:jungle_planks on [world_the_end;-960;61;303]
[08:03:51][BlockPlaceEvent]: placed minecraft:jungle_planks on [world_the_end;-960;62;303]
[08:03:52][BlockPlaceEvent]: placed minecraft:jungle_planks on [world_the_end;-959;62;303]
[08:03:53][BlockPlaceEvent]: placed minecraft:jungle_planks on [world_the_end;-959;63;303]
[08:03:54][BlockPlaceEvent]: placed minecraft:jungle_planks on [world_the_end;-958;62;303]
[08:03:54][BlockPlaceEvent]: placed minecraft:jungle_planks on [world_the_end;-958;63;303]
[08:03:55][BlockPlaceEvent]: placed minecraft:jungle_planks on [world_the_end;-958;64;303]
[08:03:56][BlockPlaceEvent]: placed minecraft:jungle_planks on [world_the_end;-957;63;303]
[08:03:56][BlockPlaceEvent]: placed minecraft:jungle_planks on [world_the_end;-957;64;303]
[08:03:57][BlockPlaceEvent]: placed minecraft:jungle_planks on [world_the_end;-957;65;303]
[08:03:59][BlockPlaceEvent]: placed minecraft:jungle_planks on [world_the_end;-957;66;303]
[08:04:01][BlockBreakEvent]: breaked minecraft:jungle_planks on [world_the_end;-957;66;303]
[08:04:03][BlockPlaceEvent]: placed minecraft:jungle_planks on [world_the_end;-956;65;303]
[08:04:03][BlockPlaceEvent]: placed minecraft:jungle_planks on [world_the_end;-956;66;303]
[08:04:04][BlockPlaceEvent]: placed minecraft:jungle_planks on [world_the_end;-955;66;303]
[08:04:05][BlockPlaceEvent]: placed minecraft:jungle_planks on [world_the_end;-955;67;303]
[08:04:05][BlockPlaceEvent]: placed minecraft:jungle_planks on [world_the_end;-954;67;303]
[08:04:06][BlockPlaceEvent]: placed minecraft:jungle_planks on [world_the_end;-954;68;303]
[08:04:08][BlockBreakEvent]: breaked minecraft:jungle_planks on [world_the_end;-954;68;303]
[08:04:09][BlockBreakEvent]: breaked minecraft:jungle_planks on [world_the_end;-954;67;303]
[08:04:11][BlockBreakEvent]: breaked minecraft:jungle_planks on [world_the_end;-955;67;303]
[08:04:13][BlockBreakEvent]: breaked minecraft:jungle_planks on [world_the_end;-955;66;303]
[08:04:14][BlockBreakEvent]: breaked minecraft:jungle_planks on [world_the_end;-956;66;303]
[08:04:17][BlockPlaceEvent]: placed minecraft:jungle_planks on [world_the_end;-955;65;303]
[08:04:18][BlockPlaceEvent]: placed minecraft:jungle_planks on [world_the_end;-954;65;303]
[08:04:19][BlockPlaceEvent]: placed minecraft:jungle_planks on [world_the_end;-953;65;303]
[08:04:19][BlockPlaceEvent]: placed minecraft:jungle_planks on [world_the_end;-952;65;303]
[08:04:20][BlockPlaceEvent]: placed minecraft:jungle_planks on [world_the_end;-951;65;303]
[08:04:21][BlockPlaceEvent]: placed minecraft:jungle_planks on [world_the_end;-950;65;303]
[08:04:23][BlockPlaceEvent]: placed minecraft:jungle_planks on [world_the_end;-949;65;303]
[08:04:23][BlockPlaceEvent]: placed minecraft:jungle_planks on [world_the_end;-950;65;302]
[08:04:23][BlockPlaceEvent]: placed minecraft:jungle_planks on [world_the_end;-949;65;302]
[08:04:26][BlockPlaceEvent]: placed minecraft:jungle_planks on [world_the_end;-947;66;302]
[08:04:27][BlockBreakEvent]: breaked minecraft:jungle_planks on [world_the_end;-947;66;302]
[08:04:30][BlockPlaceEvent]: placed minecraft:jungle_planks on [world_the_end;-945;65;301]
[08:04:30][BlockPlaceEvent]: placed minecraft:jungle_planks on [world_the_end;-946;65;301]
[08:04:31][BlockPlaceEvent]: placed minecraft:jungle_planks on [world_the_end;-946;65;302]
[08:04:33][BlockPlaceEvent]: placed minecraft:jungle_planks on [world_the_end;-945;65;303]
[08:04:33][BlockPlaceEvent]: placed minecraft:jungle_planks on [world_the_end;-946;65;303]
[08:04:33][BlockPlaceEvent]: placed minecraft:jungle_planks on [world_the_end;-947;65;301]
[08:04:33][BlockPlaceEvent]: placed minecraft:jungle_planks on [world_the_end;-947;65;302]
[08:04:34][BlockPlaceEvent]: placed minecraft:jungle_planks on [world_the_end;-947;65;303]
[08:04:34][BlockPlaceEvent]: placed minecraft:jungle_planks on [world_the_end;-948;65;301]
[08:04:34][BlockPlaceEvent]: placed minecraft:jungle_planks on [world_the_end;-948;65;302]
[08:04:34][BlockPlaceEvent]: placed minecraft:jungle_planks on [world_the_end;-948;65;303]
[08:04:35][BlockPlaceEvent]: placed minecraft:jungle_planks on [world_the_end;-949;65;301]
[08:04:35][BlockPlaceEvent]: placed minecraft:jungle_planks on [world_the_end;-950;65;301]
[08:04:36][BlockPlaceEvent]: placed minecraft:jungle_planks on [world_the_end;-951;65;301]
[08:04:36][BlockPlaceEvent]: placed minecraft:jungle_planks on [world_the_end;-951;65;302]
[08:04:37][BlockPlaceEvent]: placed minecraft:jungle_planks on [world_the_end;-952;65;301]
[08:04:37][BlockPlaceEvent]: placed minecraft:jungle_planks on [world_the_end;-952;65;302]
[08:04:38][BlockPlaceEvent]: placed minecraft:jungle_planks on [world_the_end;-953;65;301]
[08:04:38][BlockPlaceEvent]: placed minecraft:jungle_planks on [world_the_end;-953;65;302]
[08:04:38][BlockPlaceEvent]: placed minecraft:jungle_planks on [world_the_end;-954;65;301]
[08:04:38][BlockPlaceEvent]: placed minecraft:jungle_planks on [world_the_end;-954;65;302]
[08:04:39][BlockPlaceEvent]: placed minecraft:jungle_planks on [world_the_end;-955;65;301]
[08:04:39][BlockPlaceEvent]: placed minecraft:jungle_planks on [world_the_end;-955;65;302]
[08:04:39][BlockPlaceEvent]: placed minecraft:jungle_planks on [world_the_end;-956;65;301]
[08:04:40][BlockPlaceEvent]: placed minecraft:jungle_planks on [world_the_end;-956;65;302]
[08:04:40][BlockPlaceEvent]: placed minecraft:jungle_planks on [world_the_end;-957;65;301]
[08:04:40][BlockPlaceEvent]: placed minecraft:jungle_planks on [world_the_end;-957;65;302]
[08:04:44][BlockPlaceEvent]: placed minecraft:jungle_planks on [world_the_end;-958;64;302]
[08:04:46][BlockPlaceEvent]: placed minecraft:jungle_planks on [world_the_end;-958;64;301]
[08:04:46][BlockPlaceEvent]: placed minecraft:jungle_planks on [world_the_end;-959;63;302]
[08:04:47][BlockPlaceEvent]: placed minecraft:jungle_planks on [world_the_end;-959;63;301]
[08:04:47][BlockPlaceEvent]: placed minecraft:jungle_planks on [world_the_end;-960;62;302]
[08:04:48][BlockPlaceEvent]: placed minecraft:jungle_planks on [world_the_end;-960;62;301]
[08:04:48][BlockPlaceEvent]: placed minecraft:jungle_planks on [world_the_end;-961;61;302]
[08:04:48][BlockPlaceEvent]: placed minecraft:jungle_planks on [world_the_end;-961;61;301]
[08:04:49][BlockPlaceEvent]: placed minecraft:jungle_planks on [world_the_end;-962;60;302]
[08:04:49][BlockPlaceEvent]: placed minecraft:jungle_planks on [world_the_end;-962;60;301]
[08:04:50][BlockPlaceEvent]: placed minecraft:jungle_planks on [world_the_end;-963;59;302]
[08:04:50][BlockPlaceEvent]: placed minecraft:jungle_planks on [world_the_end;-963;59;301]
[08:04:50][BlockPlaceEvent]: placed minecraft:jungle_planks on [world_the_end;-964;59;302]
[08:04:51][BlockPlaceEvent]: placed minecraft:jungle_planks on [world_the_end;-964;59;301]
[08:04:51][BlockPlaceEvent]: placed minecraft:jungle_planks on [world_the_end;-965;59;301]
[08:04:53][BlockBreakEvent]: breaked minecraft:jungle_planks on [world_the_end;-961;60;303]
[08:04:54][BlockBreakEvent]: breaked minecraft:jungle_planks on [world_the_end;-960;60;303]
[08:04:55][BlockBreakEvent]: breaked minecraft:jungle_planks on [world_the_end;-960;61;303]
[08:04:56][BlockBreakEvent]: breaked minecraft:jungle_planks on [world_the_end;-959;62;303]
[08:04:56][BlockBreakEvent]: breaked minecraft:jungle_planks on [world_the_end;-958;62;303]
[08:04:57][BlockBreakEvent]: breaked minecraft:jungle_planks on [world_the_end;-958;63;303]
[08:04:58][BlockBreakEvent]: breaked minecraft:jungle_planks on [world_the_end;-957;63;303]
[08:04:59][BlockBreakEvent]: breaked minecraft:jungle_planks on [world_the_end;-957;64;303]
[08:05:02][BlockBreakEvent]: breaked minecraft:jungle_planks on [world_the_end;-962;59;303]
[08:05:14][BlockPlaceEvent]: placed minecraft:jungle_planks on [world_the_end;-946;66;303]
[08:05:15][BlockPlaceEvent]: placed minecraft:jungle_planks on [world_the_end;-946;66;301]
[08:05:18][BlockPlaceEvent]: placed minecraft:jungle_trapdoor[facing=west,half=bottom,open=false,powered=false,waterlogged=false] on [world_the_end;-946;68;301]
[08:05:20][BlockPlaceEvent]: placed minecraft:jungle_trapdoor[facing=west,half=bottom,open=false,powered=false,waterlogged=false] on [world_the_end;-946;68;303]
[08:05:28][BlockPlaceEvent]: placed minecraft:jungle_planks on [world_the_end;-86;74;30]
[08:06:17][BlockBreakEvent]: breaked minecraft:end_stone on [world_the_end;-40;60;13]
[08:07:22][BlockPlaceEvent]: placed minecraft:end_stone on [world_the_end;-39;60;16]
[08:08:09][BlockBreakEvent]: breaked minecraft:end_stone on [world_the_end;-55;58;24]
[08:08:11][BlockBreakEvent]: breaked minecraft:cobblestone on [world_the_end;-60;58;21]
[08:08:15][BlockPlaceEvent]: placed minecraft:end_stone on [world_the_end;-60;60;22]
[08:12:16][BlockBreakEvent]: breaked minecraft:spruce_slab[type=bottom,waterlogged=false] on [world;-575;72;703]
[08:12:18][BlockPlaceEvent]: placed minecraft:spruce_slab[type=bottom,waterlogged=false] on [world;-575;72;703]
[08:14:18][BlockBreakEvent]: breaked minecraft:netherrack on [world;-586;60;663]
[08:14:21][BlockPlaceEvent]: placed minecraft:netherrack on [world;-586;60;663]
[08:15:12][BlockPlaceEvent]: placed minecraft:jungle_planks on [world;-588;59;639]
[08:15:13][BlockBreakEvent]: breaked minecraft:jungle_planks on [world;-588;59;639]
[08:15:15][BlockBreakEvent]: breaked minecraft:soul_fire on [world;-586;60;640]
[08:18:26][BlockBreakEvent]: breaked minecraft:grass_block[snowy=false] on [world;-587;73;716]
[08:18:26][BlockBreakEvent]: breaked minecraft:grass_block[snowy=false] on [world;-586;73;716]
[08:18:44][BlockPlaceEvent]: placed minecraft:dirt on [world;-558;83;735]
[08:18:44][BlockPlaceEvent]: placed minecraft:dirt on [world;-558;84;735]
[08:19:46][BlockBreakEvent]: breaked minecraft:pumpkin on [world;-548;64;816]
[08:19:56][BlockPlaceEvent]: placed minecraft:jungle_planks on [world;-521;61;813]
[08:19:57][BlockPlaceEvent]: placed minecraft:jungle_planks on [world;-521;62;813]
[08:19:59][BlockPlaceEvent]: placed minecraft:jungle_planks on [world;-517;62;816]
[08:20:27][BlockBreakEvent]: breaked minecraft:cobblestone on [world;-479;67;915]
[08:20:28][BlockBreakEvent]: breaked minecraft:cobblestone on [world;-479;66;915]
[08:20:36][BlockPlaceEvent]: placed minecraft:cobblestone on [world;-479;66;915]
[08:20:36][BlockPlaceEvent]: placed minecraft:cobblestone on [world;-479;67;915]
[08:20:36][BlockPlaceEvent]: placed minecraft:cobblestone on [world;-479;66;914]
[08:20:40][BlockBreakEvent]: breaked minecraft:cobblestone on [world;-482;67;915]
[08:20:41][BlockBreakEvent]: breaked minecraft:cobblestone on [world;-482;66;915]
[08:20:43][BlockBreakEvent]: breaked minecraft:lectern[facing=north,has_book=false,powered=false] on [world;-481;67;915]
[08:20:49][BlockPlaceEvent]: placed minecraft:lectern[facing=west,has_book=false,powered=false] on [world;-481;67;915]
[08:20:52][BlockBreakEvent]: breaked minecraft:cobblestone on [world;-482;67;914]
[08:20:54][BlockBreakEvent]: breaked minecraft:cobblestone on [world;-480;67;914]
[08:20:57][BlockBreakEvent]: breaked minecraft:cobblestone on [world;-481;67;914]
[08:20:58][BlockBreakEvent]: breaked minecraft:cobblestone on [world;-482;66;914]
[08:20:59][BlockBreakEvent]: breaked minecraft:cobblestone on [world;-481;66;914]
[08:21:00][BlockBreakEvent]: breaked minecraft:cobblestone on [world;-480;66;914]
[08:21:01][BlockBreakEvent]: breaked minecraft:cobblestone on [world;-479;66;914]
[08:21:04][BlockBreakEvent]: breaked minecraft:lectern[facing=west,has_book=false,powered=false] on [world;-481;67;915]
[08:21:08][BlockPlaceEvent]: placed minecraft:lectern[facing=west,has_book=false,powered=false] on [world;-481;67;915]
[08:21:13][BlockBreakEvent]: breaked minecraft:lectern[facing=west,has_book=false,powered=false] on [world;-481;67;915]
[08:22:12][BlockPlaceEvent]: placed minecraft:cobblestone on [world;-316;68;813]
[08:22:12][BlockPlaceEvent]: placed minecraft:cobblestone on [world;-315;69;811]
[08:22:15][BlockPlaceEvent]: placed minecraft:cobblestone on [world;-308;73;804]
[08:22:16][BlockPlaceEvent]: placed minecraft:cobblestone on [world;-304;72;801]
[08:22:17][BlockPlaceEvent]: placed minecraft:cobblestone on [world;-300;71;799]
[08:22:18][BlockPlaceEvent]: placed minecraft:cobblestone on [world;-296;71;796]
[08:22:19][BlockPlaceEvent]: placed minecraft:cobblestone on [world;-292;71;793]
[08:22:20][BlockPlaceEvent]: placed minecraft:cobblestone on [world;-289;71;792]
[08:22:20][BlockPlaceEvent]: placed minecraft:cobblestone on [world;-286;71;789]
[08:22:38][BlockPlaceEvent]: placed minecraft:oak_planks on [world;-294;72;772]
[08:22:40][BlockBreakEvent]: breaked minecraft:oak_planks on [world;-294;72;772]
[08:24:52][BlockBreakEvent]: breaked minecraft:oak_planks on [world;-290;71;781]
[08:24:53][BlockBreakEvent]: breaked minecraft:oak_planks on [world;-290;71;782]
[08:24:54][BlockBreakEvent]: breaked minecraft:oak_planks on [world;-291;71;782]
[08:24:55][BlockPlaceEvent]: placed minecraft:oak_planks on [world;-290;71;781]
[08:24:56][BlockPlaceEvent]: placed minecraft:oak_planks on [world;-290;71;782]
[08:24:56][BlockPlaceEvent]: placed minecraft:oak_planks on [world;-291;71;782]
[08:26:12][BlockBreakEvent]: breaked minecraft:grass_block[snowy=false] on [world;-160;78;680]
[08:26:13][BlockBreakEvent]: breaked minecraft:grass_block[snowy=false] on [world;-160;78;681]
[08:26:13][BlockBreakEvent]: breaked minecraft:grass_block[snowy=false] on [world;-160;78;679]
[08:26:14][BlockBreakEvent]: breaked minecraft:grass_block[snowy=false] on [world;-160;78;678]
[08:26:15][BlockBreakEvent]: breaked minecraft:grass_block[snowy=false] on [world;-160;78;677]
[08:26:15][BlockBreakEvent]: breaked minecraft:dirt on [world;-160;78;676]
[08:26:16][BlockBreakEvent]: breaked minecraft:grass_block[snowy=false] on [world;-160;79;676]
[08:26:16][BlockBreakEvent]: breaked minecraft:grass_block[snowy=false] on [world;-160;79;675]
[08:26:17][BlockBreakEvent]: breaked minecraft:dirt on [world;-160;78;675]
[08:26:17][BlockBreakEvent]: breaked minecraft:grass_block[snowy=false] on [world;-160;79;674]
[08:26:18][BlockBreakEvent]: breaked minecraft:dirt on [world;-160;78;674]
[08:26:18][BlockBreakEvent]: breaked minecraft:grass_block[snowy=false] on [world;-160;79;673]
[08:26:19][BlockBreakEvent]: breaked minecraft:dirt on [world;-160;78;673]
[08:26:19][BlockBreakEvent]: breaked minecraft:grass_block[snowy=false] on [world;-160;79;672]
[08:26:20][BlockBreakEvent]: breaked minecraft:dirt on [world;-160;78;672]
[08:27:01][BlockBreakEvent]: breaked minecraft:grass_block[snowy=false] on [world;-160;79;671]
[08:27:02][BlockBreakEvent]: breaked minecraft:dirt on [world;-160;78;671]
[08:27:02][BlockBreakEvent]: breaked minecraft:grass_block[snowy=false] on [world;-160;79;670]
[08:27:03][BlockBreakEvent]: breaked minecraft:dirt on [world;-160;78;670]
[08:27:03][BlockBreakEvent]: breaked minecraft:grass_block[snowy=false] on [world;-160;79;669]
[08:27:04][BlockBreakEvent]: breaked minecraft:grass_block[snowy=false] on [world;-160;79;668]
[08:27:04][BlockBreakEvent]: breaked minecraft:grass_block[snowy=false] on [world;-160;79;667]
[08:27:05][BlockBreakEvent]: breaked minecraft:grass_block[snowy=false] on [world;-160;79;666]
[08:27:05][BlockBreakEvent]: breaked minecraft:grass_block[snowy=false] on [world;-160;79;665]
[08:27:06][BlockBreakEvent]: breaked minecraft:dirt on [world;-160;78;669]
[08:27:08][BlockBreakEvent]: breaked minecraft:dirt on [world;-160;78;668]
[08:27:09][BlockBreakEvent]: breaked minecraft:dirt on [world;-160;78;667]
[08:27:09][BlockBreakEvent]: breaked minecraft:dirt on [world;-160;78;666]
[08:27:09][BlockBreakEvent]: breaked minecraft:dirt on [world;-160;78;665]
[08:27:10][BlockBreakEvent]: breaked minecraft:grass_block[snowy=false] on [world;-160;79;664]
[08:27:10][BlockBreakEvent]: breaked minecraft:dirt on [world;-160;78;664]
[08:27:11][BlockBreakEvent]: breaked minecraft:grass_block[snowy=false] on [world;-160;79;663]
[08:27:11][BlockBreakEvent]: breaked minecraft:dirt on [world;-160;78;663]
[08:27:12][BlockBreakEvent]: breaked minecraft:grass_block[snowy=false] on [world;-160;79;662]
[08:27:12][BlockBreakEvent]: breaked minecraft:dirt on [world;-160;78;662]
[08:27:17][BlockBreakEvent]: breaked minecraft:grass_block[snowy=false] on [world;-160;79;661]
[08:27:17][BlockBreakEvent]: breaked minecraft:grass_block[snowy=false] on [world;-160;79;660]
[08:27:18][BlockBreakEvent]: breaked minecraft:grass_block[snowy=false] on [world;-160;79;659]
[08:27:19][BlockBreakEvent]: breaked minecraft:grass_block[snowy=false] on [world;-160;79;658]
[08:27:58][BlockPlaceEvent]: placed minecraft:torch on [world;-163;78;681]
[08:27:59][BlockPlaceEvent]: placed minecraft:torch on [world;-159;78;687]
[08:28:00][BlockPlaceEvent]: placed minecraft:torch on [world;-156;78;693]
[08:28:01][BlockPlaceEvent]: placed minecraft:torch on [world;-153;78;698]
[08:28:03][BlockPlaceEvent]: placed minecraft:torch on [world;-145;78;704]
[08:28:05][BlockPlaceEvent]: placed minecraft:torch on [world;-143;78;710]
[08:28:06][BlockPlaceEvent]: placed minecraft:torch on [world;-150;78;711]
[08:28:07][BlockPlaceEvent]: placed minecraft:torch on [world;-153;78;705]
[08:28:08][BlockPlaceEvent]: placed minecraft:torch on [world;-159;78;710]
[08:28:08][BlockPlaceEvent]: placed minecraft:torch on [world;-159;78;703]
[08:28:09][BlockPlaceEvent]: placed minecraft:torch on [world;-164;78;708]
[08:28:10][BlockPlaceEvent]: placed minecraft:torch on [world;-165;78;702]
[08:28:12][BlockPlaceEvent]: placed minecraft:torch on [world;-162;79;695]
[08:28:12][BlockPlaceEvent]: placed minecraft:wall_torch[facing=south] on [world;-162;78;691]
[08:28:15][BlockPlaceEvent]: placed minecraft:torch on [world;-165;76;673]
[08:28:16][BlockPlaceEvent]: placed minecraft:torch on [world;-161;78;668]
[08:28:17][BlockPlaceEvent]: placed minecraft:torch on [world;-164;77;664]
[08:28:18][BlockPlaceEvent]: placed minecraft:torch on [world;-161;79;660]
[08:28:19][BlockPlaceEvent]: placed minecraft:torch on [world;-165;78;655]
[08:28:20][BlockPlaceEvent]: placed minecraft:torch on [world;-164;78;648]
[08:28:21][BlockPlaceEvent]: placed minecraft:torch on [world;-165;78;641]
[08:28:23][BlockPlaceEvent]: placed minecraft:torch on [world;-164;78;635]
[08:28:24][BlockPlaceEvent]: placed minecraft:torch on [world;-165;78;630]
[08:28:32][BlockPlaceEvent]: placed minecraft:wall_torch[facing=west] on [world;-157;81;674]
[08:28:35][BlockPlaceEvent]: placed minecraft:torch on [world;-167;73;671]
[08:28:38][BlockPlaceEvent]: placed minecraft:wall_torch[facing=south] on [world;-172;74;666]
[08:28:39][BlockPlaceEvent]: placed minecraft:wall_torch[facing=south] on [world;-178;74;662]
[08:28:41][BlockPlaceEvent]: placed minecraft:wall_torch[facing=west] on [world;-183;73;656]
[08:28:42][BlockPlaceEvent]: placed minecraft:wall_torch[facing=south] on [world;-188;72;651]
[08:28:45][BlockPlaceEvent]: placed minecraft:wall_torch[facing=west] on [world;-191;74;645]
[08:28:47][BlockPlaceEvent]: placed minecraft:wall_torch[facing=west] on [world;-192;75;640]
[08:29:05][BlockBreakEvent]: breaked minecraft:stone on [world;-204;69;642]
[08:29:06][BlockBreakEvent]: breaked minecraft:stone on [world;-204;69;643]
[08:29:07][BlockBreakEvent]: breaked minecraft:stone on [world;-204;69;644]
[08:29:07][BlockBreakEvent]: breaked minecraft:stone on [world;-205;69;644]
[08:29:08][BlockBreakEvent]: breaked minecraft:stone on [world;-205;69;643]
[08:29:09][BlockBreakEvent]: breaked minecraft:stone on [world;-205;69;642]
[08:29:10][BlockBreakEvent]: breaked minecraft:stone on [world;-206;69;643]
[08:29:10][BlockBreakEvent]: breaked minecraft:stone on [world;-206;69;642]
[08:29:11][BlockBreakEvent]: breaked minecraft:stone on [world;-206;69;644]
[08:29:12][BlockBreakEvent]: breaked minecraft:stone on [world;-207;69;644]
[08:29:12][BlockBreakEvent]: breaked minecraft:stone on [world;-207;69;643]
[08:29:13][BlockBreakEvent]: breaked minecraft:stone on [world;-207;69;642]
[08:29:14][BlockBreakEvent]: breaked minecraft:stone on [world;-208;69;642]
[08:29:15][BlockBreakEvent]: breaked minecraft:stone on [world;-208;69;643]
[08:29:15][BlockBreakEvent]: breaked minecraft:stone on [world;-208;69;644]
[08:29:22][BlockPlaceEvent]: placed minecraft:dirt on [world;-208;69;642]
[08:29:22][BlockPlaceEvent]: placed minecraft:dirt on [world;-208;69;643]
[08:29:23][BlockPlaceEvent]: placed minecraft:dirt on [world;-207;69;642]
[08:29:23][BlockPlaceEvent]: placed minecraft:dirt on [world;-207;69;643]
[08:29:23][BlockPlaceEvent]: placed minecraft:dirt on [world;-208;69;644]
[08:29:23][BlockPlaceEvent]: placed minecraft:dirt on [world;-207;69;644]
[08:29:24][BlockPlaceEvent]: placed minecraft:dirt on [world;-205;69;642]
[08:29:25][BlockPlaceEvent]: placed minecraft:dirt on [world;-204;69;642]
[08:29:25][BlockPlaceEvent]: placed minecraft:dirt on [world;-204;69;643]
[08:29:25][BlockPlaceEvent]: placed minecraft:dirt on [world;-204;69;644]
[08:29:26][BlockPlaceEvent]: placed minecraft:dirt on [world;-205;69;643]
[08:29:26][BlockPlaceEvent]: placed minecraft:dirt on [world;-205;69;644]
[08:29:26][BlockPlaceEvent]: placed minecraft:dirt on [world;-206;69;642]
[08:29:26][BlockPlaceEvent]: placed minecraft:dirt on [world;-206;69;643]
[08:29:27][BlockPlaceEvent]: placed minecraft:dirt on [world;-206;69;644]
[08:29:28][BlockBreakEvent]: breaked minecraft:stone on [world;-210;69;641]
[08:29:30][BlockBreakEvent]: breaked minecraft:stone on [world;-210;69;640]
[08:29:31][BlockBreakEvent]: breaked minecraft:stone on [world;-211;69;640]
[08:29:32][BlockBreakEvent]: breaked minecraft:stone on [world;-211;69;641]
[08:29:32][BlockBreakEvent]: breaked minecraft:stone on [world;-212;69;641]
[08:29:33][BlockBreakEvent]: breaked minecraft:stone on [world;-212;69;640]
[08:29:34][BlockPlaceEvent]: placed minecraft:dirt on [world;-212;69;640]
[08:29:34][BlockPlaceEvent]: placed minecraft:dirt on [world;-212;69;641]
[08:29:34][BlockPlaceEvent]: placed minecraft:dirt on [world;-211;69;640]
[08:29:35][BlockPlaceEvent]: placed minecraft:dirt on [world;-211;69;641]
[08:29:35][BlockPlaceEvent]: placed minecraft:dirt on [world;-210;69;640]
[08:29:35][BlockPlaceEvent]: placed minecraft:dirt on [world;-210;69;641]
[08:29:40][BlockBreakEvent]: breaked minecraft:stone on [world;-208;69;639]
[08:29:41][BlockBreakEvent]: breaked minecraft:stone on [world;-207;69;639]
[08:29:42][BlockBreakEvent]: breaked minecraft:stone on [world;-207;69;638]
[08:29:42][BlockBreakEvent]: breaked minecraft:stone on [world;-208;69;638]
[08:29:43][BlockBreakEvent]: breaked minecraft:stone on [world;-208;69;637]
[08:29:44][BlockBreakEvent]: breaked minecraft:diorite on [world;-207;69;637]
[08:29:44][BlockBreakEvent]: breaked minecraft:diorite on [world;-206;69;638]
[08:29:45][BlockBreakEvent]: breaked minecraft:diorite on [world;-206;69;637]
[08:29:46][BlockBreakEvent]: breaked minecraft:diorite on [world;-206;69;636]
[08:29:47][BlockBreakEvent]: breaked minecraft:stone on [world;-207;69;636]
[08:29:48][BlockBreakEvent]: breaked minecraft:stone on [world;-208;69;636]
[08:29:49][BlockBreakEvent]: breaked minecraft:stone on [world;-208;69;635]
[08:29:49][BlockBreakEvent]: breaked minecraft:stone on [world;-209;69;635]
[08:29:51][BlockBreakEvent]: breaked minecraft:stone on [world;-207;69;634]
[08:29:51][BlockBreakEvent]: breaked minecraft:stone on [world;-206;69;634]
[08:29:52][BlockBreakEvent]: breaked minecraft:stone on [world;-206;69;635]
[08:29:54][BlockBreakEvent]: breaked minecraft:stone on [world;-204;69;633]
[08:29:54][BlockBreakEvent]: breaked minecraft:stone on [world;-203;69;633]
[08:29:55][BlockBreakEvent]: breaked minecraft:stone on [world;-202;69;633]
[08:29:56][BlockBreakEvent]: breaked minecraft:stone on [world;-202;69;632]
[08:29:56][BlockBreakEvent]: breaked minecraft:stone on [world;-203;69;632]
[08:29:57][BlockBreakEvent]: breaked minecraft:stone on [world;-204;69;632]
[08:29:58][BlockBreakEvent]: breaked minecraft:stone on [world;-204;69;631]
[08:29:59][BlockBreakEvent]: breaked minecraft:stone on [world;-203;69;631]
[08:29:59][BlockBreakEvent]: breaked minecraft:stone on [world;-205;69;631]
[08:30:00][BlockBreakEvent]: breaked minecraft:stone on [world;-206;69;631]
[08:30:01][BlockBreakEvent]: breaked minecraft:stone on [world;-207;69;631]
[08:30:03][BlockBreakEvent]: breaked minecraft:stone on [world;-201;69;631]
[08:30:03][BlockBreakEvent]: breaked minecraft:stone on [world;-201;69;632]
[08:30:05][BlockPlaceEvent]: placed minecraft:dirt on [world;-201;69;632]
[08:30:05][BlockPlaceEvent]: placed minecraft:dirt on [world;-201;69;631]
[08:30:06][BlockPlaceEvent]: placed minecraft:dirt on [world;-202;69;633]
[08:30:06][BlockPlaceEvent]: placed minecraft:dirt on [world;-202;69;632]
[08:30:06][BlockPlaceEvent]: placed minecraft:dirt on [world;-203;69;633]
[08:30:06][BlockPlaceEvent]: placed minecraft:dirt on [world;-203;69;632]
[08:30:07][BlockPlaceEvent]: placed minecraft:dirt on [world;-202;69;631]
[08:30:07][BlockPlaceEvent]: placed minecraft:dirt on [world;-203;69;631]
[08:30:07][BlockPlaceEvent]: placed minecraft:dirt on [world;-204;69;633]
[08:30:07][BlockPlaceEvent]: placed minecraft:dirt on [world;-204;69;632]
[08:30:08][BlockPlaceEvent]: placed minecraft:dirt on [world;-204;69;631]
[08:30:08][BlockPlaceEvent]: placed minecraft:dirt on [world;-205;69;631]
[08:30:09][BlockPlaceEvent]: placed minecraft:dirt on [world;-206;69;631]
[08:30:09][BlockPlaceEvent]: placed minecraft:dirt on [world;-207;69;631]
[08:30:11][BlockBreakEvent]: breaked minecraft:stone on [world;-209;69;630]
[08:30:12][BlockBreakEvent]: breaked minecraft:stone on [world;-210;69;630]
[08:30:13][BlockBreakEvent]: breaked minecraft:stone on [world;-211;69;630]
[08:30:13][BlockBreakEvent]: breaked minecraft:stone on [world;-212;69;630]
[08:30:14][BlockBreakEvent]: breaked minecraft:stone on [world;-212;69;629]
[08:30:15][BlockBreakEvent]: breaked minecraft:stone on [world;-213;69;629]
[08:30:15][BlockBreakEvent]: breaked minecraft:stone on [world;-213;69;628]
[08:30:16][BlockBreakEvent]: breaked minecraft:stone on [world;-214;69;628]
[08:30:17][BlockBreakEvent]: breaked minecraft:stone on [world;-213;69;627]
[08:30:18][BlockBreakEvent]: breaked minecraft:stone on [world;-212;69;626]
[08:30:19][BlockBreakEvent]: breaked minecraft:stone on [world;-212;69;627]
[08:30:20][BlockBreakEvent]: breaked minecraft:stone on [world;-212;69;625]
[08:30:21][BlockBreakEvent]: breaked minecraft:stone on [world;-212;69;624]
[08:30:21][BlockBreakEvent]: breaked minecraft:stone on [world;-211;69;624]
[08:30:22][BlockBreakEvent]: breaked minecraft:stone on [world;-210;70;624]
[08:30:23][BlockBreakEvent]: breaked minecraft:stone on [world;-210;69;624]
[08:30:25][BlockPlaceEvent]: placed minecraft:torch on [world;-222;70;625]
[08:30:26][BlockPlaceEvent]: placed minecraft:torch on [world;-217;70;619]
[08:30:27][BlockPlaceEvent]: placed minecraft:torch on [world;-210;70;620]
[08:30:29][BlockPlaceEvent]: placed minecraft:torch on [world;-206;70;615]
[08:30:29][BlockPlaceEvent]: placed minecraft:torch on [world;-200;70;621]
[08:30:31][BlockPlaceEvent]: placed minecraft:torch on [world;-194;69;616]
[08:30:35][BlockBreakEvent]: breaked minecraft:stone on [world;-210;69;625]
[08:30:35][BlockBreakEvent]: breaked minecraft:stone on [world;-211;69;625]
[08:30:36][BlockBreakEvent]: breaked minecraft:stone on [world;-211;69;626]
[08:30:37][BlockBreakEvent]: breaked minecraft:stone on [world;-210;69;626]
[08:30:38][BlockBreakEvent]: breaked minecraft:stone on [world;-210;69;627]
[08:30:39][BlockBreakEvent]: breaked minecraft:stone on [world;-211;69;627]
[08:30:39][BlockBreakEvent]: breaked minecraft:stone on [world;-211;69;628]
[08:30:40][BlockBreakEvent]: breaked minecraft:stone on [world;-210;69;628]
[08:30:41][BlockBreakEvent]: breaked minecraft:stone on [world;-210;69;629]
[08:30:41][BlockBreakEvent]: breaked minecraft:stone on [world;-211;69;629]
[08:30:42][BlockBreakEvent]: breaked minecraft:stone on [world;-212;69;628]
[08:30:46][BlockBreakEvent]: breaked minecraft:stone on [world;-208;69;623]
[08:30:48][BlockPlaceEvent]: placed minecraft:dirt on [world;-208;69;623]
[08:30:49][BlockPlaceEvent]: placed minecraft:dirt on [world;-211;69;624]
[08:30:49][BlockPlaceEvent]: placed minecraft:dirt on [world;-210;69;624]
[08:30:50][BlockPlaceEvent]: placed minecraft:dirt on [world;-212;69;624]
[08:30:54][BlockPlaceEvent]: placed minecraft:shulker_box[facing=up] on [world;-215;70;629]
[08:30:57][BlockBreakEvent]: breaked minecraft:shulker_box[facing=up] on [world;-215;70;629]
[08:30:59][BlockPlaceEvent]: placed minecraft:dirt on [world;-213;69;627]
[08:31:00][BlockPlaceEvent]: placed minecraft:dirt on [world;-213;69;628]
[08:31:00][BlockPlaceEvent]: placed minecraft:dirt on [world;-214;69;628]
[08:31:00][BlockPlaceEvent]: placed minecraft:dirt on [world;-213;69;629]
[08:31:02][BlockPlaceEvent]: placed minecraft:dirt on [world;-210;69;625]
[08:31:02][BlockPlaceEvent]: placed minecraft:dirt on [world;-211;69;625]
[08:31:02][BlockPlaceEvent]: placed minecraft:dirt on [world;-212;69;625]
[08:31:02][BlockPlaceEvent]: placed minecraft:dirt on [world;-210;69;626]
[08:31:03][BlockPlaceEvent]: placed minecraft:dirt on [world;-211;69;626]
[08:31:03][BlockPlaceEvent]: placed minecraft:dirt on [world;-212;69;626]
[08:31:03][BlockPlaceEvent]: placed minecraft:dirt on [world;-210;69;627]
[08:31:03][BlockPlaceEvent]: placed minecraft:dirt on [world;-211;69;627]
[08:31:03][BlockPlaceEvent]: placed minecraft:dirt on [world;-213;70;628]
[08:31:04][BlockPlaceEvent]: placed minecraft:dirt on [world;-210;69;628]
[08:31:04][BlockPlaceEvent]: placed minecraft:dirt on [world;-212;69;627]
[08:31:04][BlockPlaceEvent]: placed minecraft:dirt on [world;-212;69;628]
[08:31:05][BlockPlaceEvent]: placed minecraft:dirt on [world;-211;69;628]
[08:31:06][BlockBreakEvent]: breaked minecraft:dirt on [world;-213;70;628]
[08:31:07][BlockPlaceEvent]: placed minecraft:dirt on [world;-212;69;630]
[08:31:07][BlockPlaceEvent]: placed minecraft:dirt on [world;-212;69;629]
[08:31:07][BlockPlaceEvent]: placed minecraft:dirt on [world;-211;69;630]
[08:31:07][BlockPlaceEvent]: placed minecraft:dirt on [world;-211;69;629]
[08:31:08][BlockPlaceEvent]: placed minecraft:dirt on [world;-210;69;630]
[08:31:08][BlockPlaceEvent]: placed minecraft:dirt on [world;-210;69;629]
[08:31:09][BlockPlaceEvent]: placed minecraft:dirt on [world;-209;69;630]
[08:31:10][BlockPlaceEvent]: placed minecraft:dirt on [world;-209;69;635]
[08:31:11][BlockPlaceEvent]: placed minecraft:dirt on [world;-208;69;636]
[08:31:11][BlockPlaceEvent]: placed minecraft:dirt on [world;-208;69;635]
[08:31:12][BlockPlaceEvent]: placed minecraft:dirt on [world;-208;69;638]
[08:31:12][BlockPlaceEvent]: placed minecraft:dirt on [world;-208;69;637]
[08:31:12][BlockPlaceEvent]: placed minecraft:dirt on [world;-208;70;640]
[08:31:13][BlockPlaceEvent]: placed minecraft:dirt on [world;-208;69;639]
[08:31:14][BlockBreakEvent]: breaked minecraft:dirt on [world;-208;70;640]
[08:31:24][BlockPlaceEvent]: placed minecraft:dirt on [world;-207;69;639]
[08:31:24][BlockPlaceEvent]: placed minecraft:dirt on [world;-206;69;638]
[08:31:25][BlockPlaceEvent]: placed minecraft:dirt on [world;-207;69;638]
[08:31:25][BlockPlaceEvent]: placed minecraft:dirt on [world;-206;69;637]
[08:31:25][BlockPlaceEvent]: placed minecraft:dirt on [world;-207;69;637]
[08:31:25][BlockPlaceEvent]: placed minecraft:dirt on [world;-206;69;636]
[08:31:26][BlockPlaceEvent]: placed minecraft:dirt on [world;-207;69;636]
[08:31:26][BlockPlaceEvent]: placed minecraft:dirt on [world;-206;69;635]
[08:31:26][BlockPlaceEvent]: placed minecraft:dirt on [world;-207;70;635]
[08:31:27][BlockPlaceEvent]: placed minecraft:dirt on [world;-206;69;634]
[08:31:27][BlockPlaceEvent]: placed minecraft:dirt on [world;-207;69;634]
[08:31:28][BlockBreakEvent]: breaked minecraft:dirt on [world;-207;70;635]
[08:31:32][BlockPlaceEvent]: placed minecraft:torch on [world;-202;70;655]
[08:31:33][BlockPlaceEvent]: placed minecraft:torch on [world;-199;70;658]
[08:31:34][BlockPlaceEvent]: placed minecraft:torch on [world;-190;70;660]
[08:31:35][BlockPlaceEvent]: placed minecraft:torch on [world;-191;70;654]
[08:31:36][BlockPlaceEvent]: placed minecraft:torch on [world;-197;70;649]
[08:31:37][BlockPlaceEvent]: placed minecraft:torch on [world;-193;70;644]
[08:31:38][BlockPlaceEvent]: placed minecraft:torch on [world;-195;70;638]
[08:31:40][BlockPlaceEvent]: placed minecraft:torch on [world;-207;70;645]
[08:31:42][BlockPlaceEvent]: placed minecraft:torch on [world;-214;70;639]
[08:32:38][BlockBreakEvent]: breaked minecraft:sweet_berry_bush[age=3] on [world;-235;70;695]
[08:32:39][BlockBreakEvent]: breaked minecraft:sweet_berry_bush[age=3] on [world;-236;70;695]
[08:32:39][BlockBreakEvent]: breaked minecraft:sweet_berry_bush[age=3] on [world;-237;70;695]
[08:32:39][BlockBreakEvent]: breaked minecraft:sweet_berry_bush[age=3] on [world;-238;70;695]
[08:32:39][BlockBreakEvent]: breaked minecraft:sweet_berry_bush[age=3] on [world;-239;70;695]
[08:32:40][BlockBreakEvent]: breaked minecraft:sweet_berry_bush[age=3] on [world;-240;70;695]
[08:32:40][BlockBreakEvent]: breaked minecraft:sweet_berry_bush[age=3] on [world;-241;70;695]
[08:32:40][BlockBreakEvent]: breaked minecraft:sweet_berry_bush[age=3] on [world;-242;70;695]
[08:32:40][BlockBreakEvent]: breaked minecraft:sweet_berry_bush[age=3] on [world;-243;70;695]
[08:32:41][BlockBreakEvent]: breaked minecraft:sweet_berry_bush[age=3] on [world;-244;70;695]
[08:32:41][BlockBreakEvent]: breaked minecraft:sweet_berry_bush[age=3] on [world;-245;70;695]
[08:32:41][BlockBreakEvent]: breaked minecraft:sweet_berry_bush[age=3] on [world;-246;70;695]
[08:32:41][BlockBreakEvent]: breaked minecraft:sweet_berry_bush[age=3] on [world;-247;70;695]
[08:32:41][BlockBreakEvent]: breaked minecraft:sweet_berry_bush[age=3] on [world;-248;70;695]
[08:32:41][BlockBreakEvent]: breaked minecraft:sweet_berry_bush[age=3] on [world;-249;70;695]
[08:32:42][BlockBreakEvent]: breaked minecraft:sweet_berry_bush[age=3] on [world;-250;70;695]
[08:32:43][BlockPlaceEvent]: placed minecraft:sweet_berry_bush[age=0] on [world;-250;70;695]
[08:32:43][BlockPlaceEvent]: placed minecraft:sweet_berry_bush[age=0] on [world;-249;70;695]
[08:32:43][BlockPlaceEvent]: placed minecraft:sweet_berry_bush[age=0] on [world;-248;70;695]
[08:32:43][BlockPlaceEvent]: placed minecraft:sweet_berry_bush[age=0] on [world;-247;70;695]
[08:32:44][BlockPlaceEvent]: placed minecraft:sweet_berry_bush[age=0] on [world;-246;70;695]
[08:32:44][BlockPlaceEvent]: placed minecraft:sweet_berry_bush[age=0] on [world;-245;70;695]
[08:32:44][BlockPlaceEvent]: placed minecraft:sweet_berry_bush[age=0] on [world;-244;70;695]
[08:32:45][BlockPlaceEvent]: placed minecraft:sweet_berry_bush[age=0] on [world;-243;70;695]
[08:32:45][BlockPlaceEvent]: placed minecraft:sweet_berry_bush[age=0] on [world;-242;70;695]
[08:32:45][BlockPlaceEvent]: placed minecraft:sweet_berry_bush[age=0] on [world;-241;70;695]
[08:32:45][BlockPlaceEvent]: placed minecraft:sweet_berry_bush[age=0] on [world;-240;70;695]
[08:32:46][BlockPlaceEvent]: placed minecraft:sweet_berry_bush[age=0] on [world;-239;70;695]
[08:32:46][BlockPlaceEvent]: placed minecraft:sweet_berry_bush[age=0] on [world;-238;70;695]
[08:32:46][BlockPlaceEvent]: placed minecraft:sweet_berry_bush[age=0] on [world;-237;70;695]
[08:32:46][BlockPlaceEvent]: placed minecraft:sweet_berry_bush[age=0] on [world;-236;70;695]
[08:32:46][BlockPlaceEvent]: placed minecraft:sweet_berry_bush[age=0] on [world;-235;70;695]
[08:32:47][BlockPlaceEvent]: placed minecraft:sweet_berry_bush[age=0] on [world;-234;70;695]
[08:32:47][BlockBreakEvent]: breaked minecraft:sweet_berry_bush[age=0] on [world;-234;70;695]
[08:33:43][BlockBreakEvent]: breaked minecraft:sweet_berry_bush[age=3] on [world;-235;70;697]
[08:33:43][BlockBreakEvent]: breaked minecraft:sweet_berry_bush[age=3] on [world;-236;70;697]
[08:33:44][BlockBreakEvent]: breaked minecraft:sweet_berry_bush[age=3] on [world;-237;70;697]
[08:33:44][BlockBreakEvent]: breaked minecraft:sweet_berry_bush[age=3] on [world;-238;70;697]
[08:33:44][BlockBreakEvent]: breaked minecraft:sweet_berry_bush[age=3] on [world;-239;70;697]
[08:33:44][BlockBreakEvent]: breaked minecraft:sweet_berry_bush[age=3] on [world;-240;70;697]
[08:33:44][BlockBreakEvent]: breaked minecraft:sweet_berry_bush[age=3] on [world;-241;70;697]
[08:33:45][BlockBreakEvent]: breaked minecraft:sweet_berry_bush[age=3] on [world;-242;70;697]
[08:33:45][BlockBreakEvent]: breaked minecraft:sweet_berry_bush[age=3] on [world;-243;70;697]
[08:33:45][BlockBreakEvent]: breaked minecraft:sweet_berry_bush[age=3] on [world;-244;70;697]
[08:33:45][BlockBreakEvent]: breaked minecraft:sweet_berry_bush[age=3] on [world;-245;70;697]
[08:33:45][BlockBreakEvent]: breaked minecraft:sweet_berry_bush[age=3] on [world;-246;70;697]
[08:33:45][BlockBreakEvent]: breaked minecraft:sweet_berry_bush[age=3] on [world;-247;70;697]
[08:33:46][BlockBreakEvent]: breaked minecraft:sweet_berry_bush[age=3] on [world;-248;70;697]
[08:33:46][BlockBreakEvent]: breaked minecraft:sweet_berry_bush[age=3] on [world;-249;70;697]
[08:33:46][BlockBreakEvent]: breaked minecraft:sweet_berry_bush[age=3] on [world;-250;70;697]
[08:33:48][BlockPlaceEvent]: placed minecraft:sweet_berry_bush[age=0] on [world;-250;70;697]
[08:33:49][BlockPlaceEvent]: placed minecraft:sweet_berry_bush[age=0] on [world;-249;70;697]
[08:33:49][BlockPlaceEvent]: placed minecraft:sweet_berry_bush[age=0] on [world;-248;70;697]
[08:33:49][BlockPlaceEvent]: placed minecraft:sweet_berry_bush[age=0] on [world;-247;70;697]
[08:33:50][BlockPlaceEvent]: placed minecraft:sweet_berry_bush[age=0] on [world;-246;70;697]
[08:33:50][BlockPlaceEvent]: placed minecraft:sweet_berry_bush[age=0] on [world;-245;70;697]
[08:33:51][BlockPlaceEvent]: placed minecraft:sweet_berry_bush[age=0] on [world;-244;70;697]
[08:33:51][BlockPlaceEvent]: placed minecraft:sweet_berry_bush[age=0] on [world;-243;70;697]
[08:33:51][BlockPlaceEvent]: placed minecraft:sweet_berry_bush[age=0] on [world;-242;70;697]
[08:33:51][BlockPlaceEvent]: placed minecraft:sweet_berry_bush[age=0] on [world;-241;70;697]
[08:33:51][BlockPlaceEvent]: placed minecraft:sweet_berry_bush[age=0] on [world;-240;70;697]
[08:33:52][BlockPlaceEvent]: placed minecraft:sweet_berry_bush[age=0] on [world;-239;70;697]
[08:33:52][BlockPlaceEvent]: placed minecraft:sweet_berry_bush[age=0] on [world;-238;70;697]
[08:33:52][BlockPlaceEvent]: placed minecraft:sweet_berry_bush[age=0] on [world;-237;70;697]
[08:33:52][BlockPlaceEvent]: placed minecraft:sweet_berry_bush[age=0] on [world;-236;70;697]
[08:33:53][BlockPlaceEvent]: placed minecraft:sweet_berry_bush[age=0] on [world;-235;70;697]
[08:33:54][BlockBreakEvent]: breaked minecraft:sweet_berry_bush[age=3] on [world;-235;70;699]
[08:33:54][BlockBreakEvent]: breaked minecraft:sweet_berry_bush[age=3] on [world;-236;70;699]
[08:33:55][BlockBreakEvent]: breaked minecraft:sweet_berry_bush[age=3] on [world;-237;70;699]
[08:33:56][BlockBreakEvent]: breaked minecraft:sweet_berry_bush[age=3] on [world;-238;70;699]
[08:33:57][BlockBreakEvent]: breaked minecraft:sweet_berry_bush[age=3] on [world;-239;70;699]
[08:33:58][BlockBreakEvent]: breaked minecraft:sweet_berry_bush[age=3] on [world;-240;70;699]
[08:34:00][BlockBreakEvent]: breaked minecraft:sweet_berry_bush[age=3] on [world;-241;70;699]
[08:34:01][BlockBreakEvent]: breaked minecraft:sweet_berry_bush[age=3] on [world;-242;70;699]
[08:34:02][BlockBreakEvent]: breaked minecraft:sweet_berry_bush[age=3] on [world;-243;70;699]
[08:34:05][BlockPlaceEvent]: placed minecraft:sweet_berry_bush[age=0] on [world;-243;70;699]
[08:34:05][BlockPlaceEvent]: placed minecraft:sweet_berry_bush[age=0] on [world;-242;70;699]
[08:34:05][BlockPlaceEvent]: placed minecraft:sweet_berry_bush[age=0] on [world;-241;70;699]
[08:34:05][BlockPlaceEvent]: placed minecraft:sweet_berry_bush[age=0] on [world;-240;70;699]
[08:34:06][BlockPlaceEvent]: placed minecraft:sweet_berry_bush[age=0] on [world;-239;70;699]
[08:34:06][BlockPlaceEvent]: placed minecraft:sweet_berry_bush[age=0] on [world;-238;70;699]
[08:34:10][BlockBreakEvent]: breaked minecraft:sweet_berry_bush[age=3] on [world;-244;70;699]
[08:34:11][BlockPlaceEvent]: placed minecraft:sweet_berry_bush[age=0] on [world;-244;70;699]
[08:34:16][BlockPlaceEvent]: placed minecraft:sweet_berry_bush[age=0] on [world;-237;70;699]
[08:34:16][BlockPlaceEvent]: placed minecraft:sweet_berry_bush[age=0] on [world;-236;70;699]
[08:34:18][BlockPlaceEvent]: placed minecraft:sweet_berry_bush[age=0] on [world;-235;70;699]
