[14:27:56][BlockBreakEvent]: breaked minecraft:sweet_berry_bush[age=3] on [world;-217;71;-18]
[14:28:00][BlockBreakEvent]: breaked minecraft:sweet_berry_bush[age=3] on [world;-220;70;-17]
[14:30:44][BlockBreakEvent]: breaked minecraft:grass_block[snowy=false] on [world;8;76;-3]
[14:30:47][BlockBreakEvent][Cancelled]: breaked minecraft:grass_block[snowy=false] on [world;12;76;-3]
[14:30:48][BlockBreakEvent][Cancelled]: breaked minecraft:grass_block[snowy=false] on [world;12;76;-3]
[14:30:50][BlockBreakEvent][Cancelled]: breaked minecraft:grass_block[snowy=false] on [world;12;76;0]
[14:30:52][BlockBreakEvent]: breaked minecraft:grass_block[snowy=false] on [world;10;76;0]
[14:30:55][BlockBreakEvent]: breaked minecraft:dirt on [world;10;75;0]
[14:30:56][BlockBreakEvent]: breaked minecraft:dirt on [world;10;74;0]
[14:30:57][BlockBreakEvent]: breaked minecraft:dirt on [world;10;74;-1]
[14:30:59][BlockBreakEvent]: breaked minecraft:dirt on [world;10;75;-1]
[14:31:01][BlockBreakEvent]: breaked minecraft:grass_block[snowy=false] on [world;10;76;-1]
[14:31:03][BlockBreakEvent]: breaked minecraft:dirt on [world;10;74;-2]
[14:31:05][BlockBreakEvent]: breaked minecraft:dirt on [world;10;75;-2]
[14:31:06][BlockBreakEvent]: breaked minecraft:grass_block[snowy=false] on [world;10;75;-3]
[14:31:07][BlockBreakEvent]: breaked minecraft:dirt on [world;10;74;-3]
[14:31:08][BlockBreakEvent]: breaked minecraft:dirt on [world;10;75;-4]
[14:31:09][BlockBreakEvent]: breaked minecraft:dirt on [world;10;74;-4]
[14:31:10][BlockBreakEvent]: breaked minecraft:dirt on [world;10;75;-5]
[14:31:11][BlockBreakEvent]: breaked minecraft:dirt on [world;10;74;-5]
[14:31:12][BlockBreakEvent]: breaked minecraft:dirt on [world;10;75;-6]
[14:31:15][BlockBreakEvent]: breaked minecraft:dirt on [world;10;74;-6]
[14:31:16][BlockBreakEvent]: breaked minecraft:dirt on [world;10;75;-7]
[14:31:17][BlockBreakEvent]: breaked minecraft:dirt on [world;11;75;-7]
[14:31:19][BlockBreakEvent]: breaked minecraft:dirt on [world;11;75;-8]
[14:31:20][BlockBreakEvent]: breaked minecraft:dirt on [world;10;74;-7]
[14:31:21][BlockBreakEvent]: breaked minecraft:dirt on [world;11;74;-7]
[14:31:22][BlockBreakEvent][Cancelled]: breaked minecraft:dirt on [world;12;75;-7]
[14:31:23][BlockBreakEvent][Cancelled]: breaked minecraft:dirt on [world;12;75;-7]
[14:31:24][BlockBreakEvent][Cancelled]: breaked minecraft:dirt on [world;12;75;-7]
[14:31:26][BlockBreakEvent][Cancelled]: breaked minecraft:dirt on [world;12;74;-7]
[14:31:27][BlockBreakEvent]: breaked minecraft:dirt on [world;11;74;-8]
[14:31:28][BlockBreakEvent]: breaked minecraft:dirt on [world;10;75;-8]
[14:31:29][BlockBreakEvent]: breaked minecraft:dirt on [world;10;74;-8]
[14:31:30][BlockBreakEvent]: breaked minecraft:dirt on [world;10;75;-9]
[14:31:31][BlockBreakEvent]: breaked minecraft:dirt on [world;11;75;-10]
[14:31:32][BlockBreakEvent]: breaked minecraft:dirt on [world;10;74;-9]
[14:31:33][BlockBreakEvent]: breaked minecraft:dirt on [world;11;74;-10]
[14:31:37][BlockBreakEvent]: breaked minecraft:dirt on [world;10;75;-10]
[14:31:38][BlockBreakEvent]: breaked minecraft:dirt on [world;10;74;-10]
[14:31:43][BlockBreakEvent]: breaked minecraft:crafting_table on [world;10;76;-10]
[14:31:47][BlockPlaceEvent]: placed minecraft:dirt on [world;9;74;-1]
[14:31:48][BlockPlaceEvent]: placed minecraft:dirt on [world;10;74;0]
[14:31:49][BlockPlaceEvent]: placed minecraft:dirt on [world;10;75;0]
[14:31:52][BlockPlaceEvent]: placed minecraft:dirt on [world;10;74;-1]
[14:31:54][BlockBreakEvent]: breaked minecraft:grass_block[snowy=false] on [world;10;76;-2]
[14:32:00][BlockPlaceEvent]: placed minecraft:dirt on [world;8;76;-1]
[14:32:01][BlockPlaceEvent]: placed minecraft:dirt on [world;8;76;-3]
[14:32:05][BlockBreakEvent]: breaked minecraft:grass_block[snowy=false] on [world;11;76;0]
[14:32:07][BlockBreakEvent]: breaked minecraft:grass_block[snowy=false] on [world;11;76;-1]
[14:32:08][BlockBreakEvent]: breaked minecraft:dirt on [world;11;75;-1]
[14:32:10][BlockBreakEvent]: breaked minecraft:grass_block[snowy=false] on [world;11;76;-2]
[14:32:11][BlockBreakEvent]: breaked minecraft:dirt on [world;11;75;-2]
[14:32:12][BlockBreakEvent]: breaked minecraft:dirt on [world;11;74;-2]
[14:32:13][BlockBreakEvent]: breaked minecraft:dirt on [world;11;75;-3]
[14:32:15][BlockBreakEvent]: breaked minecraft:grass_block[snowy=false] on [world;11;76;-3]
[14:32:16][BlockBreakEvent]: breaked minecraft:dirt on [world;11;75;-4]
[14:32:17][BlockBreakEvent]: breaked minecraft:dirt on [world;11;75;-5]
[14:32:19][BlockBreakEvent]: breaked minecraft:dirt on [world;11;74;-5]
[14:32:21][BlockBreakEvent]: breaked minecraft:dirt on [world;11;75;-6]
[14:32:22][BlockBreakEvent]: breaked minecraft:dirt on [world;11;74;-6]
[14:32:31][BlockBreakEvent]: breaked minecraft:stone on [world;11;74;-4]
[14:32:39][BlockBreakEvent]: breaked minecraft:stone on [world;11;74;-3]
[14:32:47][BlockBreakEvent][Cancelled]: breaked minecraft:grass_block[snowy=false] on [world;12;76;-3]
[14:32:51][BlockBreakEvent][Cancelled]: breaked minecraft:grass_block[snowy=false] on [world;12;76;0]
[14:32:54][BlockBreakEvent]: breaked minecraft:grass_block[snowy=false] on [world;9;76;0]
[14:32:56][BlockBreakEvent]: breaked minecraft:grass_block[snowy=false] on [world;9;76;-1]
[14:32:57][BlockBreakEvent]: breaked minecraft:dirt on [world;9;75;-1]
[14:33:01][BlockBreakEvent]: breaked minecraft:dirt on [world;9;75;-2]
[14:33:03][BlockBreakEvent]: breaked minecraft:grass_block[snowy=false] on [world;9;76;-2]
[14:33:07][BlockBreakEvent]: breaked minecraft:dirt on [world;9;74;-2]
[14:33:08][BlockBreakEvent]: breaked minecraft:dirt on [world;9;75;-3]
[14:33:09][BlockBreakEvent]: breaked minecraft:dirt on [world;9;74;-3]
[14:33:11][BlockBreakEvent]: breaked minecraft:grass_block[snowy=false] on [world;9;76;-3]
[14:33:12][BlockBreakEvent]: breaked minecraft:dirt on [world;9;75;-4]
[14:33:13][BlockBreakEvent]: breaked minecraft:dirt on [world;9;74;-4]
[14:33:14][BlockBreakEvent]: breaked minecraft:dirt on [world;9;75;-5]
[14:33:16][BlockBreakEvent]: breaked minecraft:dirt on [world;9;75;-6]
[14:33:17][BlockBreakEvent]: breaked minecraft:dirt on [world;9;74;-5]
[14:33:18][BlockBreakEvent]: breaked minecraft:dirt on [world;9;74;-6]
[14:33:19][BlockBreakEvent]: breaked minecraft:dirt on [world;9;75;-7]
[14:33:20][BlockBreakEvent]: breaked minecraft:dirt on [world;9;75;-8]
[14:33:21][BlockBreakEvent]: breaked minecraft:dirt on [world;9;74;-7]
[14:33:22][BlockBreakEvent]: breaked minecraft:dirt on [world;9;74;-8]
[14:33:23][BlockBreakEvent]: breaked minecraft:dirt on [world;9;75;-9]
[14:33:24][BlockBreakEvent]: breaked minecraft:dirt on [world;9;74;-9]
[14:33:27][BlockBreakEvent]: breaked minecraft:dirt on [world;9;75;-10]
[14:33:28][BlockBreakEvent]: breaked minecraft:dirt on [world;9;74;-10]
[14:33:31][BlockBreakEvent][Cancelled]: breaked minecraft:dirt on [world;12;75;-10]
[14:33:32][BlockBreakEvent][Cancelled]: breaked minecraft:dirt on [world;12;75;-9]
[14:33:36][BlockBreakEvent]: breaked minecraft:dirt on [world;9;75;-11]
[14:33:37][BlockBreakEvent]: breaked minecraft:dirt on [world;10;75;-11]
[14:33:38][BlockBreakEvent]: breaked minecraft:dirt on [world;11;75;-11]
[14:33:39][BlockBreakEvent]: breaked minecraft:dirt on [world;10;74;-11]
[14:33:40][BlockBreakEvent]: breaked minecraft:dirt on [world;11;74;-11]
[14:33:41][BlockBreakEvent]: breaked minecraft:dirt on [world;9;74;-11]
[14:33:42][BlockBreakEvent]: breaked minecraft:dirt on [world;9;75;-12]
[14:33:43][BlockBreakEvent]: breaked minecraft:dirt on [world;10;75;-12]
[14:33:44][BlockBreakEvent]: breaked minecraft:dirt on [world;11;75;-12]
[14:33:45][BlockBreakEvent]: breaked minecraft:dirt on [world;11;74;-12]
[14:33:47][BlockBreakEvent]: breaked minecraft:dirt on [world;10;74;-12]
[14:33:48][BlockBreakEvent]: breaked minecraft:dirt on [world;9;74;-12]
[14:33:59][BlockBreakEvent]: breaked minecraft:spruce_log[axis=y] on [world;1;73;12]
[14:34:02][BlockBreakEvent]: breaked minecraft:spruce_log[axis=y] on [world;1;74;12]
[14:34:06][BlockBreakEvent]: breaked minecraft:spruce_log[axis=y] on [world;1;75;12]
[14:34:09][BlockBreakEvent]: breaked minecraft:spruce_log[axis=y] on [world;1;76;12]
[14:34:14][BlockPlaceEvent]: placed minecraft:crafting_table on [world;1;72;9]
[14:35:56][BlockBreakEvent]: breaked minecraft:dirt on [world;10;75;-13]
[14:35:56][BlockBreakEvent]: breaked minecraft:dirt on [world;9;75;-13]
[14:35:57][BlockBreakEvent]: breaked minecraft:dirt on [world;9;74;-13]
[14:35:58][BlockBreakEvent]: breaked minecraft:dirt on [world;11;74;-13]
[14:35:59][BlockBreakEvent]: breaked minecraft:dirt on [world;11;75;-13]
[14:36:00][BlockBreakEvent]: breaked minecraft:dirt on [world;10;74;-13]
[14:36:00][BlockBreakEvent]: breaked minecraft:dirt on [world;10;75;-14]
[14:36:01][BlockBreakEvent]: breaked minecraft:dirt on [world;9;75;-14]
[14:36:02][BlockBreakEvent]: breaked minecraft:dirt on [world;9;74;-14]
[14:36:03][BlockBreakEvent]: breaked minecraft:dirt on [world;10;74;-14]
[14:36:04][BlockBreakEvent]: breaked minecraft:dirt on [world;11;74;-14]
[14:36:05][BlockBreakEvent]: breaked minecraft:dirt on [world;11;75;-14]
[14:36:06][BlockBreakEvent]: breaked minecraft:dirt on [world;11;75;-15]
[14:36:07][BlockBreakEvent]: breaked minecraft:dirt on [world;10;75;-15]
[14:36:07][BlockBreakEvent]: breaked minecraft:grass_block[snowy=false] on [world;9;75;-15]
[14:36:08][BlockBreakEvent]: breaked minecraft:dirt on [world;9;74;-15]
[14:36:09][BlockBreakEvent]: breaked minecraft:dirt on [world;10;74;-15]
[14:36:10][BlockBreakEvent]: breaked minecraft:dirt on [world;11;74;-15]
[14:36:16][BlockPlaceEvent]: placed minecraft:dirt on [world;9;76;-15]
[14:36:19][BlockBreakEvent]: breaked minecraft:dirt on [world;9;75;-16]
[14:36:20][BlockBreakEvent]: breaked minecraft:dirt on [world;10;75;-16]
[14:36:21][BlockBreakEvent]: breaked minecraft:dirt on [world;11;75;-16]
[14:36:22][BlockBreakEvent]: breaked minecraft:dirt on [world;11;74;-16]
[14:36:22][BlockBreakEvent]: breaked minecraft:dirt on [world;10;74;-16]
[14:36:23][BlockBreakEvent]: breaked minecraft:dirt on [world;9;74;-16]
[14:36:24][BlockBreakEvent]: breaked minecraft:dirt on [world;9;75;-17]
[14:36:24][BlockBreakEvent]: breaked minecraft:dirt on [world;10;75;-17]
[14:36:25][BlockBreakEvent]: breaked minecraft:dirt on [world;11;75;-17]
[14:36:26][BlockBreakEvent]: breaked minecraft:dirt on [world;11;74;-17]
[14:36:27][BlockBreakEvent]: breaked minecraft:dirt on [world;10;74;-17]
[14:36:27][BlockBreakEvent]: breaked minecraft:dirt on [world;9;74;-17]
[14:36:28][BlockBreakEvent]: breaked minecraft:dirt on [world;9;74;-18]
[14:36:30][BlockBreakEvent]: breaked minecraft:grass_block[snowy=false] on [world;10;75;-18]
[14:36:30][BlockBreakEvent]: breaked minecraft:grass_block[snowy=false] on [world;9;75;-18]
[14:36:31][BlockBreakEvent]: breaked minecraft:grass_block[snowy=false] on [world;11;75;-18]
[14:36:32][BlockBreakEvent]: breaked minecraft:dirt on [world;11;74;-18]
[14:36:33][BlockBreakEvent]: breaked minecraft:dirt on [world;10;74;-18]
[14:36:36][BlockPlaceEvent]: placed minecraft:dirt on [world;8;76;-18]
[14:36:36][BlockPlaceEvent]: placed minecraft:dirt on [world;9;76;-18]
[14:36:37][BlockPlaceEvent]: placed minecraft:dirt on [world;10;76;-18]
[14:36:39][BlockPlaceEvent]: placed minecraft:dirt on [world;11;76;-18]
[14:36:42][BlockBreakEvent]: breaked minecraft:grass_block[snowy=false] on [world;9;75;-19]
[14:36:43][BlockBreakEvent]: breaked minecraft:grass_block[snowy=false] on [world;10;75;-19]
[14:36:43][BlockBreakEvent]: breaked minecraft:grass_block[snowy=false] on [world;11;75;-19]
[14:36:44][BlockBreakEvent]: breaked minecraft:dirt on [world;11;74;-19]
[14:36:45][BlockBreakEvent]: breaked minecraft:dirt on [world;10;74;-19]
[14:36:45][BlockBreakEvent]: breaked minecraft:dirt on [world;9;74;-19]
[14:36:46][BlockBreakEvent]: breaked minecraft:grass_block[snowy=false] on [world;9;75;-20]
[14:36:47][BlockBreakEvent]: breaked minecraft:grass_block[snowy=false] on [world;11;75;-20]
[14:36:48][BlockBreakEvent]: breaked minecraft:grass_block[snowy=false] on [world;10;75;-20]
[14:36:49][BlockBreakEvent]: breaked minecraft:dirt on [world;10;74;-20]
[14:36:49][BlockBreakEvent]: breaked minecraft:dirt on [world;11;74;-20]
[14:36:50][BlockBreakEvent]: breaked minecraft:dirt on [world;9;74;-20]
[14:36:51][BlockBreakEvent]: breaked minecraft:grass_block[snowy=false] on [world;9;75;-21]
[14:36:52][BlockBreakEvent]: breaked minecraft:grass_block[snowy=false] on [world;10;75;-21]
[14:36:52][BlockBreakEvent]: breaked minecraft:grass_block[snowy=false] on [world;11;75;-21]
[14:36:53][BlockBreakEvent]: breaked minecraft:dirt on [world;11;74;-21]
[14:36:54][BlockBreakEvent]: breaked minecraft:dirt on [world;10;74;-21]
[14:36:54][BlockBreakEvent]: breaked minecraft:grass_block[snowy=false] on [world;9;74;-21]
[14:36:55][BlockBreakEvent]: breaked minecraft:grass_block[snowy=false] on [world;9;75;-22]
[14:37:00][BlockPlaceEvent]: placed minecraft:dirt on [world;11;76;-19]
[14:37:00][BlockPlaceEvent]: placed minecraft:dirt on [world;10;76;-19]
[14:37:01][BlockPlaceEvent]: placed minecraft:dirt on [world;9;76;-19]
[14:37:01][BlockPlaceEvent]: placed minecraft:dirt on [world;9;76;-20]
[14:37:01][BlockPlaceEvent]: placed minecraft:dirt on [world;10;76;-20]
[14:37:01][BlockPlaceEvent]: placed minecraft:dirt on [world;10;76;-21]
[14:37:02][BlockPlaceEvent]: placed minecraft:dirt on [world;9;76;-21]
[14:37:03][BlockPlaceEvent]: placed minecraft:dirt on [world;11;76;-20]
[14:37:04][BlockPlaceEvent]: placed minecraft:dirt on [world;11;76;-21]
[14:37:07][BlockBreakEvent]: breaked minecraft:dirt on [world;9;76;-21]
[14:37:08][BlockPlaceEvent]: placed minecraft:dirt on [world;9;76;-21]
[14:37:14][BlockBreakEvent]: breaked minecraft:dirt on [world;9;74;-22]
[14:37:15][BlockBreakEvent]: breaked minecraft:grass_block[snowy=false] on [world;10;74;-22]
[14:37:16][BlockBreakEvent]: breaked minecraft:grass_block[snowy=false] on [world;11;75;-22]
[14:37:16][BlockBreakEvent]: breaked minecraft:dirt on [world;11;74;-22]
[14:37:22][BlockPlaceEvent]: placed minecraft:dirt on [world;11;76;-22]
[14:37:22][BlockPlaceEvent]: placed minecraft:dirt on [world;10;76;-22]
[14:37:23][BlockPlaceEvent]: placed minecraft:dirt on [world;9;76;-22]
[14:37:28][BlockBreakEvent]: breaked minecraft:grass_block[snowy=false] on [world;9;75;-23]
[14:37:29][BlockBreakEvent]: breaked minecraft:grass_block[snowy=false] on [world;10;75;-23]
[14:37:30][BlockBreakEvent]: breaked minecraft:grass_block[snowy=false] on [world;11;75;-23]
[14:37:31][BlockBreakEvent]: breaked minecraft:dirt on [world;11;74;-23]
[14:37:31][BlockBreakEvent]: breaked minecraft:dirt on [world;10;74;-23]
[14:37:32][BlockBreakEvent]: breaked minecraft:dirt on [world;9;74;-23]
[14:37:36][BlockPlaceEvent]: placed minecraft:dirt on [world;9;76;-23]
[14:37:36][BlockPlaceEvent]: placed minecraft:dirt on [world;10;76;-23]
[14:37:37][BlockPlaceEvent]: placed minecraft:dirt on [world;11;76;-23]
[14:37:39][BlockBreakEvent]: breaked minecraft:grass_block[snowy=false] on [world;10;75;-24]
[14:37:40][BlockBreakEvent]: breaked minecraft:grass_block[snowy=false] on [world;9;75;-24]
[14:37:41][BlockBreakEvent]: breaked minecraft:dirt on [world;9;74;-24]
[14:37:42][BlockBreakEvent]: breaked minecraft:dirt on [world;11;74;-24]
[14:37:42][BlockBreakEvent]: breaked minecraft:grass_block[snowy=false] on [world;11;75;-24]
[14:37:43][BlockBreakEvent]: breaked minecraft:dirt on [world;10;74;-24]
[14:37:44][BlockBreakEvent]: breaked minecraft:grass_block[snowy=false] on [world;10;75;-25]
[14:37:45][BlockBreakEvent]: breaked minecraft:dirt on [world;10;74;-25]
[14:37:46][BlockBreakEvent]: breaked minecraft:grass_block[snowy=false] on [world;9;75;-25]
[14:37:46][BlockBreakEvent]: breaked minecraft:dirt on [world;9;74;-25]
[14:37:47][BlockBreakEvent]: breaked minecraft:grass_block[snowy=false] on [world;11;75;-25]
[14:37:48][BlockBreakEvent]: breaked minecraft:dirt on [world;11;74;-25]
[14:37:49][BlockBreakEvent]: breaked minecraft:grass_block[snowy=false] on [world;11;75;-26]
[14:37:50][BlockBreakEvent]: breaked minecraft:grass_block[snowy=false] on [world;10;75;-26]
[14:37:50][BlockBreakEvent]: breaked minecraft:grass_block[snowy=false] on [world;9;75;-26]
[14:37:51][BlockBreakEvent]: breaked minecraft:dirt on [world;9;74;-26]
[14:37:52][BlockBreakEvent]: breaked minecraft:dirt on [world;10;74;-26]
[14:37:52][BlockBreakEvent]: breaked minecraft:dirt on [world;11;74;-26]
[14:37:53][BlockBreakEvent]: breaked minecraft:grass_block[snowy=false] on [world;11;75;-27]
[14:37:54][BlockBreakEvent]: breaked minecraft:grass_block[snowy=false] on [world;10;75;-27]
[14:37:55][BlockBreakEvent]: breaked minecraft:grass_block[snowy=false] on [world;9;75;-27]
[14:37:55][BlockBreakEvent]: breaked minecraft:dirt on [world;9;74;-27]
[14:37:56][BlockBreakEvent]: breaked minecraft:dirt on [world;10;74;-27]
[14:37:57][BlockBreakEvent]: breaked minecraft:dirt on [world;11;74;-27]
[14:37:58][BlockBreakEvent]: breaked minecraft:grass_block[snowy=false] on [world;11;75;-28]
[14:37:58][BlockBreakEvent]: breaked minecraft:grass_block[snowy=false] on [world;10;75;-28]
[14:38:00][BlockBreakEvent]: breaked minecraft:dirt on [world;9;74;-28]
[14:38:00][BlockBreakEvent]: breaked minecraft:grass_block[snowy=false] on [world;9;75;-28]
[14:38:01][BlockBreakEvent]: breaked minecraft:dirt on [world;10;74;-28]
[14:38:02][BlockBreakEvent]: breaked minecraft:dirt on [world;11;74;-28]
[14:38:07][BlockPlaceEvent]: placed minecraft:dirt on [world;11;76;-24]
[14:38:07][BlockPlaceEvent]: placed minecraft:dirt on [world;10;76;-24]
[14:38:07][BlockPlaceEvent]: placed minecraft:dirt on [world;9;76;-24]
[14:38:07][BlockPlaceEvent]: placed minecraft:dirt on [world;9;76;-25]
[14:38:08][BlockPlaceEvent]: placed minecraft:dirt on [world;9;75;-25]
[14:38:08][BlockPlaceEvent]: placed minecraft:dirt on [world;10;76;-25]
[14:38:08][BlockPlaceEvent]: placed minecraft:dirt on [world;11;76;-25]
[14:38:09][BlockBreakEvent]: breaked minecraft:dirt on [world;9;75;-25]
[14:38:10][BlockPlaceEvent]: placed minecraft:dirt on [world;9;76;-26]
[14:38:10][BlockPlaceEvent]: placed minecraft:dirt on [world;10;76;-26]
[14:38:11][BlockPlaceEvent]: placed minecraft:dirt on [world;11;76;-26]
[14:38:11][BlockPlaceEvent]: placed minecraft:dirt on [world;11;76;-27]
[14:38:12][BlockPlaceEvent]: placed minecraft:dirt on [world;10;76;-27]
[14:38:13][BlockPlaceEvent]: placed minecraft:dirt on [world;9;76;-27]
[14:38:16][BlockPlaceEvent]: placed minecraft:dirt on [world;9;76;-28]
[14:38:16][BlockPlaceEvent]: placed minecraft:dirt on [world;10;76;-28]
[14:38:17][BlockPlaceEvent]: placed minecraft:dirt on [world;11;76;-28]
[14:38:21][BlockBreakEvent]: breaked minecraft:grass_block[snowy=false] on [world;9;75;-29]
[14:38:22][BlockBreakEvent]: breaked minecraft:grass_block[snowy=false] on [world;10;75;-29]
[14:38:23][BlockBreakEvent]: breaked minecraft:grass_block[snowy=false] on [world;11;75;-29]
[14:38:24][BlockBreakEvent]: breaked minecraft:dirt on [world;11;74;-29]
[14:38:25][BlockBreakEvent]: breaked minecraft:dirt on [world;9;74;-29]
[14:38:26][BlockBreakEvent]: breaked minecraft:dirt on [world;10;74;-29]
[14:38:26][BlockBreakEvent]: breaked minecraft:grass_block[snowy=false] on [world;11;75;-30]
[14:38:27][BlockBreakEvent]: breaked minecraft:grass_block[snowy=false] on [world;10;75;-30]
[14:38:28][BlockBreakEvent]: breaked minecraft:grass_block[snowy=false] on [world;9;75;-30]
[14:38:29][BlockBreakEvent]: breaked minecraft:dirt on [world;9;74;-30]
[14:38:30][BlockBreakEvent]: breaked minecraft:dirt on [world;11;74;-30]
[14:38:30][BlockBreakEvent]: breaked minecraft:dirt on [world;10;74;-30]
[14:38:31][BlockBreakEvent]: breaked minecraft:grass_block[snowy=false] on [world;10;75;-31]
[14:38:32][BlockBreakEvent]: breaked minecraft:grass_block[snowy=false] on [world;11;75;-31]
[14:38:33][BlockBreakEvent]: breaked minecraft:dirt on [world;11;74;-31]
[14:38:33][BlockBreakEvent]: breaked minecraft:dirt on [world;10;74;-31]
[14:38:34][BlockBreakEvent]: breaked minecraft:dirt on [world;9;74;-31]
[14:38:35][BlockBreakEvent]: breaked minecraft:grass_block[snowy=false] on [world;9;75;-31]
[14:38:36][BlockBreakEvent]: breaked minecraft:grass_block[snowy=false] on [world;10;75;-32]
[14:38:37][BlockBreakEvent]: breaked minecraft:dirt on [world;11;74;-32]
[14:38:38][BlockBreakEvent]: breaked minecraft:dirt on [world;10;74;-32]
[14:38:40][BlockBreakEvent]: breaked minecraft:grass_block[snowy=false] on [world;11;75;-32]
[14:38:41][BlockBreakEvent]: breaked minecraft:dirt on [world;9;75;-32]
[14:38:41][BlockBreakEvent]: breaked minecraft:dirt on [world;9;74;-32]
[14:38:51][BlockPlaceEvent]: placed minecraft:dirt on [world;10;76;-32]
[14:38:52][BlockPlaceEvent]: placed minecraft:dirt on [world;10;76;-31]
[14:38:52][BlockPlaceEvent]: placed minecraft:dirt on [world;10;76;-30]
[14:38:52][BlockPlaceEvent]: placed minecraft:dirt on [world;10;76;-29]
[14:38:52][BlockPlaceEvent]: placed minecraft:dirt on [world;10;75;-28]
[14:38:54][BlockBreakEvent]: breaked minecraft:dirt on [world;10;75;-28]
[14:38:56][BlockPlaceEvent]: placed minecraft:dirt on [world;9;76;-31]
[14:38:56][BlockPlaceEvent]: placed minecraft:dirt on [world;9;75;-28]
[14:38:57][BlockBreakEvent]: breaked minecraft:dirt on [world;9;75;-28]
[14:38:58][BlockPlaceEvent]: placed minecraft:dirt on [world;9;76;-30]
[14:38:59][BlockPlaceEvent]: placed minecraft:dirt on [world;9;76;-29]
[14:39:01][BlockPlaceEvent]: placed minecraft:dirt on [world;11;76;-33]
[14:39:01][BlockPlaceEvent]: placed minecraft:dirt on [world;11;76;-32]
[14:39:02][BlockPlaceEvent]: placed minecraft:dirt on [world;11;76;-31]
[14:39:02][BlockPlaceEvent]: placed minecraft:dirt on [world;11;76;-30]
[14:39:02][BlockPlaceEvent]: placed minecraft:dirt on [world;11;76;-29]
[14:39:03][BlockPlaceEvent]: placed minecraft:dirt on [world;12;74;-29]
[14:39:04][BlockPlaceEvent]: placed minecraft:dirt on [world;12;74;-30]
[14:39:05][BlockPlaceEvent]: placed minecraft:dirt on [world;12;75;-31]
[14:39:06][BlockPlaceEvent]: placed minecraft:dirt on [world;12;75;-29]
[14:39:07][BlockPlaceEvent]: placed minecraft:dirt on [world;12;75;-30]
[14:39:10][BlockBreakEvent]: breaked minecraft:grass_block[snowy=false] on [world;8;75;-31]
[14:39:12][BlockPlaceEvent]: placed minecraft:dirt on [world;8;75;-31]
[14:39:14][BlockBreakEvent]: breaked minecraft:dirt on [world;9;75;-33]
[14:39:15][BlockBreakEvent]: breaked minecraft:dirt on [world;11;75;-33]
[14:39:15][BlockBreakEvent]: breaked minecraft:dirt on [world;10;75;-33]
[14:39:16][BlockBreakEvent]: breaked minecraft:dirt on [world;10;74;-33]
[14:39:17][BlockBreakEvent]: breaked minecraft:dirt on [world;9;74;-33]
[14:39:18][BlockBreakEvent]: breaked minecraft:dirt on [world;9;75;-34]
[14:39:19][BlockBreakEvent]: breaked minecraft:dirt on [world;10;75;-34]
[14:39:19][BlockBreakEvent]: breaked minecraft:dirt on [world;11;75;-34]
[14:39:20][BlockBreakEvent]: breaked minecraft:dirt on [world;11;74;-33]
[14:39:21][BlockBreakEvent]: breaked minecraft:dirt on [world;11;74;-34]
[14:39:22][BlockBreakEvent]: breaked minecraft:dirt on [world;10;74;-34]
[14:39:23][BlockBreakEvent]: breaked minecraft:dirt on [world;9;74;-34]
[14:39:24][BlockBreakEvent]: breaked minecraft:dirt on [world;9;75;-35]
[14:39:25][BlockBreakEvent]: breaked minecraft:dirt on [world;9;74;-35]
[14:39:26][BlockBreakEvent]: breaked minecraft:dirt on [world;10;74;-35]
[14:39:26][BlockBreakEvent]: breaked minecraft:dirt on [world;10;75;-35]
[14:39:27][BlockBreakEvent]: breaked minecraft:dirt on [world;11;75;-35]
[14:39:28][BlockBreakEvent]: breaked minecraft:dirt on [world;11;74;-35]
[14:39:29][BlockBreakEvent]: breaked minecraft:dirt on [world;11;74;-36]
[14:39:30][BlockBreakEvent]: breaked minecraft:dirt on [world;10;74;-36]
[14:39:30][BlockBreakEvent]: breaked minecraft:dirt on [world;9;74;-36]
[14:39:31][BlockBreakEvent]: breaked minecraft:dirt on [world;9;75;-36]
[14:39:32][BlockBreakEvent]: breaked minecraft:dirt on [world;10;75;-36]
[14:39:33][BlockBreakEvent]: breaked minecraft:dirt on [world;11;75;-36]
[14:39:33][BlockBreakEvent]: breaked minecraft:dirt on [world;11;75;-37]
[14:39:34][BlockBreakEvent]: breaked minecraft:dirt on [world;10;75;-37]
[14:39:35][BlockBreakEvent]: breaked minecraft:dirt on [world;9;75;-37]
[14:39:36][BlockBreakEvent]: breaked minecraft:dirt on [world;9;74;-37]
[14:39:36][BlockBreakEvent]: breaked minecraft:dirt on [world;10;74;-37]
[14:39:37][BlockBreakEvent]: breaked minecraft:dirt on [world;11;74;-37]
[14:39:38][BlockBreakEvent]: breaked minecraft:dirt on [world;11;75;-38]
[14:39:39][BlockBreakEvent]: breaked minecraft:dirt on [world;10;75;-38]
[14:39:39][BlockBreakEvent]: breaked minecraft:dirt on [world;9;75;-38]
[14:39:40][BlockBreakEvent]: breaked minecraft:dirt on [world;9;74;-38]
[14:39:41][BlockBreakEvent]: breaked minecraft:dirt on [world;10;74;-38]
[14:39:41][BlockBreakEvent]: breaked minecraft:dirt on [world;11;74;-38]
[14:39:42][BlockBreakEvent]: breaked minecraft:dirt on [world;11;75;-39]
[14:39:43][BlockBreakEvent]: breaked minecraft:dirt on [world;10;75;-39]
[14:39:43][BlockBreakEvent]: breaked minecraft:dirt on [world;9;75;-39]
[14:39:44][BlockBreakEvent]: breaked minecraft:dirt on [world;9;74;-39]
[14:39:45][BlockBreakEvent]: breaked minecraft:dirt on [world;10;74;-39]
[14:39:46][BlockBreakEvent]: breaked minecraft:dirt on [world;11;74;-39]
[14:39:46][BlockBreakEvent]: breaked minecraft:dirt on [world;11;75;-40]
[14:39:47][BlockBreakEvent]: breaked minecraft:dirt on [world;10;75;-40]
[14:39:48][BlockBreakEvent]: breaked minecraft:dirt on [world;9;75;-40]
[14:39:49][BlockBreakEvent]: breaked minecraft:dirt on [world;9;74;-40]
[14:39:50][BlockBreakEvent]: breaked minecraft:dirt on [world;11;74;-40]
[14:39:51][BlockBreakEvent]: breaked minecraft:dirt on [world;10;74;-40]
[14:39:51][BlockBreakEvent]: breaked minecraft:dirt on [world;11;75;-41]
[14:39:52][BlockBreakEvent]: breaked minecraft:dirt on [world;10;75;-41]
[14:39:53][BlockBreakEvent]: breaked minecraft:dirt on [world;9;75;-41]
[14:39:53][BlockBreakEvent]: breaked minecraft:dirt on [world;9;75;-42]
[14:39:54][BlockBreakEvent]: breaked minecraft:dirt on [world;10;75;-42]
[14:39:55][BlockBreakEvent]: breaked minecraft:dirt on [world;11;75;-42]
[14:39:56][BlockBreakEvent]: breaked minecraft:dirt on [world;10;75;-43]
[14:39:57][BlockBreakEvent]: breaked minecraft:dirt on [world;9;75;-43]
[14:39:58][BlockBreakEvent]: breaked minecraft:dirt on [world;11;75;-43]
[14:39:58][BlockBreakEvent]: breaked minecraft:dirt on [world;11;74;-41]
[14:39:59][BlockBreakEvent]: breaked minecraft:dirt on [world;11;74;-42]
[14:40:00][BlockBreakEvent]: breaked minecraft:dirt on [world;11;74;-43]
[14:40:01][BlockBreakEvent]: breaked minecraft:dirt on [world;10;74;-41]
[14:40:02][BlockBreakEvent]: breaked minecraft:dirt on [world;10;74;-42]
[14:40:02][BlockBreakEvent]: breaked minecraft:dirt on [world;10;74;-43]
[14:40:03][BlockBreakEvent]: breaked minecraft:dirt on [world;9;74;-41]
[14:40:04][BlockBreakEvent]: breaked minecraft:dirt on [world;9;74;-42]
[14:40:05][BlockBreakEvent]: breaked minecraft:dirt on [world;9;74;-43]
[14:40:27][BlockBreakEvent]: breaked minecraft:dirt on [world;11;75;-44]
[14:40:28][BlockBreakEvent]: breaked minecraft:dirt on [world;10;75;-44]
[14:40:29][BlockBreakEvent]: breaked minecraft:dirt on [world;10;75;-45]
[14:40:30][BlockBreakEvent]: breaked minecraft:dirt on [world;11;75;-45]
[14:40:31][BlockBreakEvent]: breaked minecraft:dirt on [world;11;74;-44]
[14:40:31][BlockBreakEvent]: breaked minecraft:dirt on [world;10;74;-44]
[14:40:32][BlockBreakEvent]: breaked minecraft:dirt on [world;9;75;-44]
[14:40:33][BlockBreakEvent]: breaked minecraft:dirt on [world;9;74;-44]
[14:40:34][BlockBreakEvent]: breaked minecraft:dirt on [world;9;75;-45]
[14:40:35][BlockBreakEvent]: breaked minecraft:dirt on [world;9;74;-45]
[14:40:36][BlockBreakEvent]: breaked minecraft:dirt on [world;10;74;-45]
[14:40:36][BlockBreakEvent]: breaked minecraft:dirt on [world;11;74;-45]
[14:40:37][BlockBreakEvent]: breaked minecraft:dirt on [world;11;74;-46]
[14:40:38][BlockBreakEvent]: breaked minecraft:dirt on [world;10;74;-46]
[14:40:38][BlockBreakEvent]: breaked minecraft:dirt on [world;11;75;-46]
[14:40:39][BlockBreakEvent]: breaked minecraft:dirt on [world;10;75;-46]
[14:40:40][BlockBreakEvent]: breaked minecraft:dirt on [world;9;75;-46]
[14:40:41][BlockBreakEvent]: breaked minecraft:dirt on [world;10;75;-47]
[14:40:42][BlockBreakEvent]: breaked minecraft:dirt on [world;10;74;-47]
[14:40:43][BlockBreakEvent]: breaked minecraft:dirt on [world;10;75;-48]
[14:40:43][BlockBreakEvent]: breaked minecraft:dirt on [world;11;75;-47]
[14:40:44][BlockBreakEvent]: breaked minecraft:dirt on [world;11;75;-48]
[14:40:56][BlockBreakEvent]: breaked minecraft:stone on [world;9;74;-46]
[14:41:04][BlockBreakEvent]: breaked minecraft:stone on [world;9;75;-47]
[14:41:12][BlockBreakEvent]: breaked minecraft:stone on [world;9;74;-47]
[14:41:28][BlockBreakEvent]: breaked minecraft:stone on [world;11;74;-47]
[14:41:47][BlockBreakEvent]: breaked minecraft:stone on [world;10;74;-48]
[14:41:55][BlockBreakEvent]: breaked minecraft:stone on [world;11;74;-48]
[14:42:04][BlockBreakEvent]: breaked minecraft:stone on [world;9;75;-48]
[14:42:12][BlockBreakEvent]: breaked minecraft:stone on [world;9;74;-48]
[14:42:20][BlockBreakEvent]: breaked minecraft:stone on [world;9;75;-49]
[14:42:29][BlockBreakEvent]: breaked minecraft:stone on [world;9;75;-50]
[14:42:44][BlockBreakEvent]: breaked minecraft:stone on [world;11;74;-49]
[14:42:52][BlockBreakEvent]: breaked minecraft:stone on [world;10;74;-49]
[14:43:00][BlockBreakEvent]: breaked minecraft:stone on [world;10;75;-49]
[14:43:09][BlockBreakEvent]: breaked minecraft:stone on [world;11;75;-49]
[14:43:22][BlockBreakEvent]: breaked minecraft:stone on [world;9;74;-49]
[14:43:41][BlockBreakEvent]: breaked minecraft:stone on [world;10;75;-50]
[14:44:10][BlockBreakEvent]: breaked minecraft:spruce_log[axis=y] on [world;5;74;35]
[14:44:14][BlockBreakEvent]: breaked minecraft:spruce_log[axis=y] on [world;5;75;35]
[14:44:14][BlockBreakEvent]: breaked minecraft:spruce_leaves[distance=1,persistent=false] on [world;5;76;36]
[14:44:18][BlockBreakEvent]: breaked minecraft:spruce_log[axis=y] on [world;5;76;35]
[14:45:02][BlockBreakEvent]: breaked minecraft:spruce_log[axis=y] on [world;-11;74;31]
[14:45:06][BlockBreakEvent]: breaked minecraft:spruce_log[axis=y] on [world;-11;75;31]
[14:45:10][BlockBreakEvent]: breaked minecraft:spruce_log[axis=y] on [world;-11;73;31]
[14:45:26][BlockBreakEvent]: breaked minecraft:crafting_table on [world;1;72;9]
[14:45:38][BlockPlaceEvent]: placed minecraft:crafting_table on [world;10;74;-27]
[14:46:36][BlockBreakEvent]: breaked minecraft:stone on [world;11;75;-50]
[14:46:37][BlockBreakEvent]: breaked minecraft:stone on [world;11;74;-50]
[14:46:39][BlockBreakEvent]: breaked minecraft:stone on [world;10;74;-50]
[14:46:40][BlockBreakEvent]: breaked minecraft:stone on [world;9;74;-50]
[14:46:43][BlockBreakEvent]: breaked minecraft:stone on [world;10;75;-51]
[14:46:45][BlockBreakEvent]: breaked minecraft:stone on [world;9;75;-51]
[14:46:46][BlockBreakEvent]: breaked minecraft:stone on [world;9;74;-51]
[14:46:47][BlockBreakEvent]: breaked minecraft:stone on [world;10;74;-51]
[14:46:49][BlockBreakEvent]: breaked minecraft:stone on [world;11;74;-51]
[14:46:50][BlockBreakEvent]: breaked minecraft:stone on [world;11;75;-51]
[14:46:52][BlockBreakEvent]: breaked minecraft:stone on [world;11;75;-52]
[14:46:53][BlockBreakEvent]: breaked minecraft:stone on [world;11;74;-52]
[14:46:55][BlockBreakEvent]: breaked minecraft:stone on [world;10;75;-52]
[14:46:57][BlockBreakEvent]: breaked minecraft:stone on [world;10;74;-52]
[14:46:58][BlockBreakEvent]: breaked minecraft:stone on [world;9;74;-52]
[14:47:00][BlockBreakEvent]: breaked minecraft:stone on [world;9;75;-52]
[14:47:02][BlockBreakEvent]: breaked minecraft:stone on [world;10;75;-53]
[14:47:04][BlockBreakEvent]: breaked minecraft:stone on [world;9;75;-53]
[14:47:05][BlockBreakEvent]: breaked minecraft:stone on [world;9;74;-53]
[14:47:07][BlockBreakEvent]: breaked minecraft:stone on [world;10;74;-53]
[14:47:09][BlockBreakEvent]: breaked minecraft:stone on [world;11;74;-53]
[14:47:10][BlockBreakEvent]: breaked minecraft:stone on [world;11;75;-53]
[14:47:12][BlockBreakEvent]: breaked minecraft:stone on [world;11;74;-54]
[14:47:13][BlockBreakEvent]: breaked minecraft:stone on [world;11;75;-54]
[14:47:15][BlockBreakEvent]: breaked minecraft:stone on [world;10;75;-54]
[14:47:16][BlockBreakEvent]: breaked minecraft:stone on [world;10;74;-54]
[14:47:18][BlockBreakEvent]: breaked minecraft:stone on [world;9;75;-54]
[14:47:19][BlockBreakEvent]: breaked minecraft:stone on [world;9;74;-54]
[14:47:21][BlockBreakEvent]: breaked minecraft:stone on [world;9;74;-55]
[14:47:22][BlockBreakEvent]: breaked minecraft:stone on [world;10;74;-55]
[14:47:24][BlockBreakEvent]: breaked minecraft:stone on [world;11;74;-55]
[14:47:26][BlockBreakEvent]: breaked minecraft:stone on [world;9;75;-55]
[14:47:36][BlockBreakEvent]: breaked minecraft:crafting_table on [world;10;74;-27]
[14:47:43][BlockBreakEvent]: breaked minecraft:dirt on [world;10;75;-55]
[14:47:44][BlockBreakEvent]: breaked minecraft:dirt on [world;11;75;-55]
[14:47:45][BlockBreakEvent]: breaked minecraft:dirt on [world;11;75;-56]
[14:47:45][BlockBreakEvent]: breaked minecraft:dirt on [world;10;75;-56]
[14:47:47][BlockBreakEvent]: breaked minecraft:dirt on [world;11;75;-57]
[14:47:50][BlockBreakEvent]: breaked minecraft:stone on [world;11;74;-56]
[14:47:51][BlockBreakEvent]: breaked minecraft:stone on [world;10;74;-56]
[14:47:53][BlockBreakEvent]: breaked minecraft:stone on [world;9;74;-56]
[14:47:54][BlockBreakEvent]: breaked minecraft:stone on [world;9;75;-56]
[14:47:56][BlockBreakEvent]: breaked minecraft:stone on [world;9;75;-57]
[14:47:59][BlockBreakEvent]: breaked minecraft:stone on [world;10;75;-57]
[14:48:01][BlockBreakEvent]: breaked minecraft:stone on [world;10;74;-57]
[14:48:02][BlockBreakEvent]: breaked minecraft:stone on [world;9;74;-57]
[14:48:04][BlockBreakEvent]: breaked minecraft:stone on [world;11;74;-57]
[14:48:06][BlockBreakEvent]: breaked minecraft:stone on [world;11;75;-58]
[14:48:07][BlockBreakEvent]: breaked minecraft:stone on [world;10;75;-58]
[14:48:09][BlockBreakEvent]: breaked minecraft:stone on [world;9;75;-58]
[14:48:11][BlockBreakEvent]: breaked minecraft:stone on [world;9;75;-59]
[14:48:13][BlockBreakEvent]: breaked minecraft:stone on [world;9;74;-58]
[14:48:14][BlockBreakEvent]: breaked minecraft:stone on [world;9;74;-59]
[14:48:16][BlockBreakEvent]: breaked minecraft:stone on [world;10;74;-58]
[14:48:17][BlockBreakEvent]: breaked minecraft:stone on [world;10;75;-59]
[14:48:19][BlockBreakEvent]: breaked minecraft:stone on [world;10;74;-59]
[14:48:21][BlockBreakEvent]: breaked minecraft:stone on [world;11;74;-58]
[14:48:23][BlockBreakEvent]: breaked minecraft:stone on [world;11;74;-59]
[14:48:24][BlockBreakEvent]: breaked minecraft:stone on [world;11;75;-59]
[14:48:32][BlockBreakEvent]: breaked minecraft:stone on [world;11;75;-60]
[14:48:33][BlockBreakEvent]: breaked minecraft:stone on [world;10;75;-60]
[14:48:35][BlockBreakEvent]: breaked minecraft:stone on [world;10;74;-60]
[14:48:38][BlockBreakEvent]: breaked minecraft:stone on [world;11;75;-61]
[14:48:39][BlockBreakEvent]: breaked minecraft:stone on [world;11;74;-60]
[14:48:41][BlockBreakEvent]: breaked minecraft:stone on [world;9;74;-60]
[14:48:43][BlockBreakEvent]: breaked minecraft:stone on [world;9;75;-60]
[14:48:44][BlockBreakEvent]: breaked minecraft:stone on [world;9;75;-61]
[14:48:46][BlockBreakEvent]: breaked minecraft:stone on [world;10;75;-61]
[14:48:50][BlockBreakEvent]: breaked minecraft:stone on [world;10;74;-61]
[14:48:52][BlockBreakEvent]: breaked minecraft:stone on [world;9;74;-61]
[14:48:53][BlockBreakEvent]: breaked minecraft:stone on [world;9;75;-62]
[14:48:55][BlockBreakEvent]: breaked minecraft:stone on [world;9;74;-62]
[14:48:59][BlockBreakEvent]: breaked minecraft:stone on [world;11;75;-62]
[14:49:01][BlockBreakEvent]: breaked minecraft:stone on [world;10;75;-62]
[14:49:02][BlockBreakEvent]: breaked minecraft:stone on [world;10;74;-62]
[14:49:04][BlockBreakEvent]: breaked minecraft:stone on [world;11;74;-61]
[14:49:05][BlockBreakEvent]: breaked minecraft:stone on [world;11;74;-62]
[14:49:07][BlockBreakEvent]: breaked minecraft:stone on [world;11;74;-63]
[14:49:09][BlockBreakEvent]: breaked minecraft:stone on [world;10;75;-63]
[14:49:11][BlockBreakEvent]: breaked minecraft:stone on [world;10;74;-63]
[14:49:12][BlockBreakEvent]: breaked minecraft:stone on [world;9;74;-63]
[14:49:14][BlockBreakEvent]: breaked minecraft:stone on [world;9;75;-63]
[14:49:16][BlockBreakEvent]: breaked minecraft:stone on [world;11;75;-63]
[14:49:19][BlockBreakEvent]: breaked minecraft:diorite on [world;9;75;-64]
[14:49:23][BlockBreakEvent]: breaked minecraft:diorite on [world;9;74;-64]
[14:49:24][BlockBreakEvent]: breaked minecraft:diorite on [world;10;74;-64]
[14:49:26][BlockBreakEvent]: breaked minecraft:stone on [world;10;75;-64]
[14:49:27][BlockBreakEvent]: breaked minecraft:stone on [world;11;75;-64]
[14:49:29][BlockBreakEvent]: breaked minecraft:stone on [world;11;74;-64]
[14:49:56][BlockBreakEvent]: breaked minecraft:diorite on [world;9;75;-65]
[14:49:58][BlockBreakEvent]: breaked minecraft:diorite on [world;9;74;-65]
[14:50:00][BlockBreakEvent]: breaked minecraft:stone on [world;10;75;-65]
[14:50:02][BlockBreakEvent]: breaked minecraft:diorite on [world;10;74;-65]
[14:50:04][BlockBreakEvent]: breaked minecraft:stone on [world;11;74;-65]
[14:50:06][BlockBreakEvent]: breaked minecraft:stone on [world;11;75;-65]
[14:50:08][BlockBreakEvent]: breaked minecraft:stone on [world;11;75;-66]
[14:50:09][BlockBreakEvent]: breaked minecraft:stone on [world;11;74;-66]
[14:50:11][BlockBreakEvent]: breaked minecraft:diorite on [world;10;74;-66]
[14:50:12][BlockBreakEvent]: breaked minecraft:diorite on [world;9;74;-66]
[14:50:14][BlockBreakEvent]: breaked minecraft:diorite on [world;9;75;-66]
[14:50:15][BlockBreakEvent]: breaked minecraft:stone on [world;10;75;-66]
[14:50:22][BlockBreakEvent]: breaked minecraft:stone on [world;10;75;-67]
[14:50:24][BlockBreakEvent]: breaked minecraft:andesite on [world;10;75;-68]
[14:50:26][BlockBreakEvent]: breaked minecraft:stone on [world;9;75;-67]
[14:50:27][BlockBreakEvent]: breaked minecraft:stone on [world;9;75;-68]
[14:50:29][BlockBreakEvent]: breaked minecraft:stone on [world;9;74;-67]
[14:50:31][BlockBreakEvent]: breaked minecraft:andesite on [world;11;74;-67]
[14:50:33][BlockBreakEvent]: breaked minecraft:stone on [world;10;74;-67]
[14:50:35][BlockBreakEvent]: breaked minecraft:andesite on [world;11;75;-67]
[14:50:36][BlockBreakEvent]: breaked minecraft:andesite on [world;11;75;-68]
[14:50:40][BlockBreakEvent]: breaked minecraft:andesite on [world;11;74;-68]
[14:50:42][BlockBreakEvent]: breaked minecraft:andesite on [world;11;74;-69]
[14:50:44][BlockBreakEvent]: breaked minecraft:andesite on [world;10;74;-68]
[14:50:46][BlockBreakEvent]: breaked minecraft:stone on [world;9;74;-68]
[14:50:47][BlockBreakEvent]: breaked minecraft:stone on [world;9;74;-69]
[14:50:49][BlockBreakEvent]: breaked minecraft:stone on [world;10;74;-69]
[14:50:50][BlockBreakEvent]: breaked minecraft:stone on [world;9;75;-69]
[14:50:52][BlockBreakEvent]: breaked minecraft:stone on [world;10;75;-69]
[14:50:53][BlockBreakEvent]: breaked minecraft:andesite on [world;11;75;-69]
[14:50:55][BlockBreakEvent]: breaked minecraft:stone on [world;11;75;-70]
[14:50:57][BlockBreakEvent]: breaked minecraft:stone on [world;10;75;-70]
[14:50:59][BlockBreakEvent]: breaked minecraft:stone on [world;9;75;-70]
[14:51:02][BlockBreakEvent]: breaked minecraft:stone on [world;10;74;-70]
[14:51:04][BlockBreakEvent]: breaked minecraft:stone on [world;9;74;-70]
[14:51:07][BlockBreakEvent]: breaked minecraft:stone on [world;11;74;-70]
[14:52:17][BlockBreakEvent]: breaked minecraft:stone on [world;10;75;-71]
[14:52:18][BlockBreakEvent]: breaked minecraft:stone on [world;10;75;-72]
[14:52:20][BlockBreakEvent]: breaked minecraft:stone on [world;9;75;-71]
[14:52:22][BlockBreakEvent]: breaked minecraft:stone on [world;9;74;-71]
[14:52:23][BlockBreakEvent]: breaked minecraft:stone on [world;10;74;-71]
[14:52:25][BlockBreakEvent]: breaked minecraft:stone on [world;11;74;-71]
[14:52:26][BlockBreakEvent]: breaked minecraft:stone on [world;11;75;-71]
[14:52:28][BlockBreakEvent]: breaked minecraft:granite on [world;11;74;-72]
[14:52:30][BlockBreakEvent]: breaked minecraft:stone on [world;11;75;-72]
[14:52:32][BlockBreakEvent]: breaked minecraft:stone on [world;10;74;-72]
[14:52:34][BlockBreakEvent]: breaked minecraft:stone on [world;9;74;-72]
[14:52:35][BlockBreakEvent]: breaked minecraft:stone on [world;9;75;-72]
[14:52:41][BlockBreakEvent]: breaked minecraft:granite on [world;11;74;-73]
[14:52:47][BlockBreakEvent]: breaked minecraft:granite on [world;10;74;-73]
[14:52:49][BlockBreakEvent]: breaked minecraft:granite on [world;9;74;-73]
[14:52:50][BlockBreakEvent]: breaked minecraft:stone on [world;10;75;-73]
[14:52:52][BlockBreakEvent]: breaked minecraft:stone on [world;9;75;-73]
[14:52:53][BlockBreakEvent]: breaked minecraft:stone on [world;11;75;-73]
[14:52:55][BlockBreakEvent]: breaked minecraft:stone on [world;11;75;-74]
[14:52:56][BlockBreakEvent]: breaked minecraft:stone on [world;10;75;-74]
[14:52:58][BlockBreakEvent]: breaked minecraft:stone on [world;9;75;-74]
[14:53:00][BlockBreakEvent]: breaked minecraft:granite on [world;9;74;-74]
[14:53:02][BlockBreakEvent]: breaked minecraft:granite on [world;11;74;-74]
[14:53:04][BlockBreakEvent]: breaked minecraft:granite on [world;10;74;-74]
[14:53:05][BlockBreakEvent]: breaked minecraft:granite on [world;10;74;-75]
[14:53:07][BlockBreakEvent]: breaked minecraft:granite on [world;9;74;-75]
[14:53:10][BlockBreakEvent]: breaked minecraft:granite on [world;11;74;-75]
[14:53:12][BlockBreakEvent]: breaked minecraft:stone on [world;11;75;-75]
[14:53:14][BlockBreakEvent]: breaked minecraft:stone on [world;10;75;-75]
[14:53:15][BlockBreakEvent]: breaked minecraft:stone on [world;9;75;-75]
[14:53:17][BlockBreakEvent]: breaked minecraft:stone on [world;9;75;-76]
[14:53:18][BlockBreakEvent]: breaked minecraft:stone on [world;10;75;-76]
[14:53:20][BlockBreakEvent]: breaked minecraft:stone on [world;11;75;-76]
[14:53:22][BlockBreakEvent]: breaked minecraft:stone on [world;11;74;-76]
[14:53:23][BlockBreakEvent]: breaked minecraft:granite on [world;10;74;-76]
[14:53:25][BlockBreakEvent]: breaked minecraft:stone on [world;10;74;-77]
[14:53:27][BlockBreakEvent]: breaked minecraft:granite on [world;9;74;-76]
[14:53:29][BlockBreakEvent]: breaked minecraft:stone on [world;9;74;-77]
[14:53:30][BlockBreakEvent]: breaked minecraft:stone on [world;9;75;-77]
[14:53:32][BlockBreakEvent]: breaked minecraft:stone on [world;10;75;-77]
[14:53:34][BlockBreakEvent]: breaked minecraft:diorite on [world;11;75;-77]
[14:53:36][BlockBreakEvent]: breaked minecraft:diorite on [world;11;74;-77]
