[14:27:57][EntityPickupItemEvent]: PLAYER picked up SWEET_BERRIES
[14:28:01][EntityPickupItemEvent]: PLAYER picked up SWEET_BERRIES
[14:30:28][EntityPickupItemEvent]: PLAYER picked up ROTTEN_FLESH
[14:30:28][EntityPickupItemEvent]: PLAYER picked up COBBLESTONE
[14:30:28][EntityPickupItemEvent]: PLAYER picked up ARROW
[14:31:02][EntityPickupItemEvent]: PLAYER picked up DIRT
[14:31:05][EntityPickupItemEvent]: PLAYER picked up DIRT
[14:31:05][EntityPickupItemEvent]: PLAYER picked up DIRT
[14:31:07][EntityPickupItemEvent]: PLAYER picked up DIRT
[14:31:10][EntityPickupItemEvent]: PLAYER picked up DIRT
[14:31:12][EntityPickupItemEvent]: PLAYER picked up DIRT
[14:31:14][EntityPickupItemEvent]: PLAYER picked up DIRT
[14:31:15][EntityPickupItemEvent]: PLAYER picked up DIRT
[14:31:17][EntityPickupItemEvent]: PLAYER picked up DIRT
[14:31:20][EntityPickupItemEvent]: PLAYER picked up DIRT
[14:31:20][EntityPickupItemEvent]: PLAYER picked up DIRT
[14:31:21][EntityPickupItemEvent]: PLAYER picked up DIRT
[14:31:27][EntityPickupItemEvent]: PLAYER picked up DIRT
[14:31:29][EntityPickupItemEvent]: PLAYER picked up DIRT
[14:31:33][EntityPickupItemEvent]: PLAYER picked up DIRT
[14:31:34][EntityPickupItemEvent]: PLAYER picked up DIRT
[14:31:39][EntityPickupItemEvent]: PLAYER picked up DIRT
[14:31:43][EntityPickupItemEvent]: PLAYER picked up CRAFTING_TABLE
[14:31:54][EntityPickupItemEvent]: PLAYER picked up DIRT
[14:32:05][EntityPickupItemEvent]: PLAYER picked up DIRT
[14:32:08][EntityPickupItemEvent]: PLAYER picked up DIRT
[14:32:09][EntityPickupItemEvent]: PLAYER picked up DIRT
[14:32:10][EntityPickupItemEvent]: PLAYER picked up DIRT
[14:32:11][EntityPickupItemEvent]: PLAYER picked up DIRT
[14:32:12][EntityPickupItemEvent]: PLAYER picked up DIRT
[14:32:14][EntityPickupItemEvent]: PLAYER picked up DIRT
[14:32:15][EntityPickupItemEvent]: PLAYER picked up DIRT
[14:32:18][EntityPickupItemEvent]: PLAYER picked up DIRT
[14:32:20][EntityPickupItemEvent]: PLAYER picked up DIRT
[14:32:21][EntityPickupItemEvent]: PLAYER picked up DIRT
[14:32:22][EntityPickupItemEvent]: PLAYER picked up DIRT
[14:32:54][EntityPickupItemEvent]: PLAYER picked up DIRT
[14:32:56][EntityPickupItemEvent]: PLAYER picked up DIRT
[14:32:57][EntityPickupItemEvent]: PLAYER picked up DIRT
[14:33:01][EntityPickupItemEvent]: PLAYER picked up DIRT
[14:33:03][EntityPickupItemEvent]: PLAYER picked up DIRT
[14:33:07][EntityPickupItemEvent]: PLAYER picked up DIRT
[14:33:09][EntityPickupItemEvent]: PLAYER picked up DIRT
[14:33:10][EntityPickupItemEvent]: PLAYER picked up DIRT
[14:33:14][EntityPickupItemEvent]: PLAYER picked up DIRT
[14:33:15][EntityPickupItemEvent]: PLAYER picked up DIRT
[14:33:18][EntityPickupItemEvent]: PLAYER picked up DIRT
[14:33:18][EntityPickupItemEvent]: PLAYER picked up DIRT
[14:33:22][EntityPickupItemEvent]: PLAYER picked up DIRT
[14:33:22][EntityPickupItemEvent]: PLAYER picked up DIRT
[14:33:25][EntityPickupItemEvent]: PLAYER picked up DIRT
[14:33:27][EntityPickupItemEvent]: PLAYER picked up DIRT
[14:33:28][EntityPickupItemEvent]: PLAYER picked up DIRT
[14:33:48][EntityPickupItemEvent]: PLAYER picked up DIRT
[14:33:59][EntityPickupItemEvent]: PLAYER picked up SPRUCE_LOG
[14:34:03][EntityPickupItemEvent]: PLAYER picked up SPRUCE_LOG
[14:34:06][EntityPickupItemEvent]: PLAYER picked up SPRUCE_LOG
[14:34:10][EntityPickupItemEvent]: PLAYER picked up SPRUCE_LOG
[14:34:22][EntityPickupItemEvent]: PLAYER picked up STICK
[14:35:56][EntityPickupItemEvent]: PLAYER picked up DIRT
[14:35:57][EntityPickupItemEvent]: PLAYER picked up DIRT
[14:36:06][EntityPickupItemEvent]: PLAYER picked up DIRT
[14:36:10][EntityPickupItemEvent]: PLAYER picked up DIRT
[14:36:34][EntityPickupItemEvent]: PLAYER picked up DIRT
[14:36:50][EntityPickupItemEvent]: PLAYER picked up DIRT
[14:36:55][EntityPickupItemEvent]: PLAYER picked up DIRT
[14:36:56][EntityPickupItemEvent]: PLAYER picked up DIRT
[14:37:07][EntityPickupItemEvent]: PLAYER picked up DIRT
[14:37:14][EntityPickupItemEvent]: PLAYER picked up DIRT
[14:37:15][EntityPickupItemEvent]: PLAYER picked up DIRT
[14:37:17][EntityPickupItemEvent]: PLAYER picked up DIRT
[14:37:32][EntityPickupItemEvent]: PLAYER picked up DIRT
[14:37:33][EntityPickupItemEvent]: PLAYER picked up DIRT
[14:37:43][EntityPickupItemEvent]: PLAYER picked up DIRT
[14:38:02][EntityPickupItemEvent]: PLAYER picked up DIRT
[14:38:02][EntityPickupItemEvent]: PLAYER picked up DIRT
[14:38:10][EntityPickupItemEvent]: PLAYER picked up DIRT
[14:38:26][EntityPickupItemEvent]: PLAYER picked up DIRT
[14:38:43][EntityPickupItemEvent]: PLAYER picked up DIRT
[14:38:54][EntityPickupItemEvent]: PLAYER picked up DIRT
[14:38:58][EntityPickupItemEvent]: PLAYER picked up DIRT
[14:39:11][EntityPickupItemEvent]: PLAYER picked up DIRT
[14:39:35][EntityPickupItemEvent]: PLAYER picked up DIRT
[14:39:41][EntityPickupItemEvent]: PLAYER picked up DIRT
[14:39:42][EntityPickupItemEvent]: PLAYER picked up DIRT
[14:39:50][EntityPickupItemEvent]: PLAYER picked up DIRT
[14:39:55][EntityPickupItemEvent]: PLAYER picked up DIRT
[14:39:59][EntityPickupItemEvent]: PLAYER picked up DIRT
[14:40:05][EntityPickupItemEvent]: PLAYER picked up DIRT
[14:40:06][EntityPickupItemEvent]: PLAYER picked up DIRT
[14:40:07][EntityPickupItemEvent]: PLAYER picked up DIRT
[14:40:29][EntityPickupItemEvent]: PLAYER picked up DIRT
[14:40:33][EntityPickupItemEvent]: PLAYER picked up DIRT
[14:40:34][EntityPickupItemEvent]: PLAYER picked up DIRT
[14:40:36][EntityPickupItemEvent]: PLAYER picked up DIRT
[14:40:37][EntityPickupItemEvent]: PLAYER picked up DIRT
[14:41:13][EntityPickupItemEvent]: PLAYER picked up DIRT
[14:44:11][EntityPickupItemEvent]: PLAYER picked up SPRUCE_LOG
[14:44:22][EntityPickupItemEvent]: PLAYER picked up SPRUCE_LOG
[14:44:55][EntityPickupItemEvent]: PLAYER picked up ROTTEN_FLESH
[14:45:10][EntityPickupItemEvent]: PLAYER picked up SPRUCE_LOG
[14:45:26][EntityPickupItemEvent]: PLAYER picked up CRAFTING_TABLE
[14:46:54][EntityPickupItemEvent]: PLAYER picked up COBBLESTONE
[14:47:05][EntityPickupItemEvent]: PLAYER picked up COBBLESTONE
[14:47:26][EntityPickupItemEvent]: PLAYER picked up COBBLESTONE
[14:47:27][EntityPickupItemEvent]: PLAYER picked up COBBLESTONE
[14:47:37][EntityPickupItemEvent]: PLAYER picked up CRAFTING_TABLE
[14:47:46][EntityPickupItemEvent]: PLAYER picked up DIRT
[14:48:09][EntityPickupItemEvent]: PLAYER picked up DIRT
[14:48:10][EntityPickupItemEvent]: PLAYER picked up COBBLESTONE
[14:48:16][EntityPickupItemEvent]: PLAYER picked up COBBLESTONE
[14:48:25][EntityPickupItemEvent]: PLAYER picked up COBBLESTONE
[14:48:48][EntityPickupItemEvent]: PLAYER picked up COBBLESTONE
[14:49:17][EntityPickupItemEvent]: PLAYER picked up COBBLESTONE
[14:49:31][EntityPickupItemEvent]: PLAYER picked up DIORITE
[14:49:31][EntityPickupItemEvent]: PLAYER picked up COBBLESTONE
[14:50:16][EntityPickupItemEvent]: PLAYER picked up DIORITE
[14:50:16][EntityPickupItemEvent]: PLAYER picked up COBBLESTONE
[14:51:07][EntityPickupItemEvent]: PLAYER picked up ANDESITE
[14:51:08][EntityPickupItemEvent]: PLAYER picked up COBBLESTONE
[14:51:44][EntityPickupItemEvent]: PLAYER picked up BONE
[14:51:45][EntityPickupItemEvent]: PLAYER picked up ARROW
[14:52:36][EntityPickupItemEvent]: PLAYER picked up GRANITE
[14:52:37][EntityPickupItemEvent]: PLAYER picked up COBBLESTONE
[14:53:12][EntityPickupItemEvent]: PLAYER picked up COBBLESTONE
[14:53:37][EntityPickupItemEvent]: PLAYER picked up COBBLESTONE
[14:53:37][EntityPickupItemEvent]: PLAYER picked up GRANITE
[14:53:37][EntityPickupItemEvent]: PLAYER picked up DIORITE
