[14:58:26][BlockBreakEvent]: breaked minecraft:grass_block[snowy=false] on [world;-378;79;657]
[14:58:27][BlockBreakEvent]: breaked minecraft:dirt on [world;-378;78;657]
[14:58:34][BlockPlaceEvent]: placed minecraft:dirt on [world;-387;84;642]
[14:58:39][BlockPlaceEvent]: placed minecraft:dirt on [world;-386;82;646]
[14:58:39][BlockPlaceEvent]: placed minecraft:dirt on [world;-385;82;646]
[14:58:39][BlockPlaceEvent]: placed minecraft:dirt on [world;-385;83;646]
[14:58:39][BlockPlaceEvent]: placed minecraft:dirt on [world;-386;83;646]
[14:58:44][BlockPlaceEvent]: placed minecraft:white_wool on [world;-386;82;648]
[14:58:51][BlockPlaceEvent]: placed minecraft:cobblestone on [world;-387;83;648]
[14:58:51][BlockPlaceEvent]: placed minecraft:cobblestone on [world;-387;84;648]
[14:58:54][BlockPlaceEvent]: placed minecraft:dirt on [world;-387;85;648]
[14:58:55][BlockPlaceEvent]: placed minecraft:dirt on [world;-387;86;648]
[14:58:55][BlockPlaceEvent]: placed minecraft:dirt on [world;-387;87;648]
[14:58:56][BlockPlaceEvent]: placed minecraft:dirt on [world;-387;88;648]
[14:58:56][BlockPlaceEvent]: placed minecraft:dirt on [world;-387;89;648]
[14:58:57][BlockPlaceEvent]: placed minecraft:dirt on [world;-387;90;648]
[14:58:57][BlockPlaceEvent]: placed minecraft:dirt on [world;-387;91;648]
[14:58:58][BlockPlaceEvent]: placed minecraft:dirt on [world;-387;92;648]
[14:58:58][BlockPlaceEvent]: placed minecraft:dirt on [world;-387;93;648]
[14:58:59][BlockPlaceEvent]: placed minecraft:dirt on [world;-387;94;648]
[14:58:59][BlockPlaceEvent]: placed minecraft:dirt on [world;-387;95;648]
[14:59:34][BlockBreakEvent]: breaked minecraft:dirt on [world;-387;95;648]
[14:59:58][BlockPlaceEvent]: placed minecraft:dirt on [world;-333;72;655]
[14:59:58][BlockPlaceEvent]: placed minecraft:dirt on [world;-333;73;655]
[15:01:05][BlockBreakEvent]: breaked minecraft:white_bed[facing=south,occupied=false,part=head] on [world;-546;82;722]
[16:41:10][BlockBreakEvent]: breaked minecraft:birch_log[axis=y] on [world;-287;65;526]
[16:41:14][BlockBreakEvent]: breaked minecraft:birch_log[axis=y] on [world;-287;66;526]
[16:41:18][BlockBreakEvent]: breaked minecraft:birch_log[axis=y] on [world;-287;67;526]
[16:41:20][BlockBreakEvent]: breaked minecraft:grass_block[snowy=false] on [world;-286;65;526]
[16:41:21][BlockBreakEvent]: breaked minecraft:birch_leaves[distance=2,persistent=false] on [world;-286;67;526]
[16:41:22][BlockBreakEvent]: breaked minecraft:birch_leaves[distance=1,persistent=false] on [world;-286;68;526]
[16:41:24][BlockBreakEvent]: breaked minecraft:birch_leaves[distance=1,persistent=false] on [world;-286;69;526]
[16:41:27][BlockBreakEvent]: breaked minecraft:birch_log[axis=y] on [world;-287;68;526]
[16:41:31][BlockBreakEvent]: breaked minecraft:birch_log[axis=y] on [world;-287;69;526]
[16:41:32][BlockBreakEvent]: breaked minecraft:birch_leaves[distance=5,persistent=false] on [world;-287;70;526]
[16:42:02][BlockPlaceEvent]: placed minecraft:crafting_table on [world;-289;64;527]
[16:42:16][BlockBreakEvent]: breaked minecraft:grass_block[snowy=false] on [world;-291;65;535]
[16:42:17][BlockBreakEvent]: breaked minecraft:dirt on [world;-291;64;535]
[16:42:19][BlockBreakEvent]: breaked minecraft:stone on [world;-291;63;535]
[16:42:20][BlockBreakEvent]: breaked minecraft:stone on [world;-291;62;535]
[16:42:22][BlockBreakEvent]: breaked minecraft:stone on [world;-290;63;535]
[16:42:23][BlockBreakEvent]: breaked minecraft:stone on [world;-290;62;535]
[16:42:25][BlockBreakEvent]: breaked minecraft:stone on [world;-290;63;536]
[16:42:27][BlockBreakEvent]: breaked minecraft:stone on [world;-290;62;536]
[16:42:29][BlockBreakEvent]: breaked minecraft:stone on [world;-290;63;537]
[16:42:30][BlockBreakEvent]: breaked minecraft:stone on [world;-290;62;537]
[16:42:32][BlockBreakEvent]: breaked minecraft:stone on [world;-290;63;538]
[16:42:33][BlockBreakEvent]: breaked minecraft:stone on [world;-290;62;538]
[16:42:35][BlockBreakEvent]: breaked minecraft:stone on [world;-291;63;538]
[16:42:36][BlockBreakEvent]: breaked minecraft:stone on [world;-291;62;538]
[16:42:38][BlockBreakEvent]: breaked minecraft:stone on [world;-292;63;538]
[16:42:39][BlockBreakEvent]: breaked minecraft:stone on [world;-292;62;538]
[16:42:41][BlockBreakEvent]: breaked minecraft:stone on [world;-292;63;537]
[16:42:42][BlockBreakEvent]: breaked minecraft:stone on [world;-292;62;537]
[16:42:44][BlockBreakEvent]: breaked minecraft:stone on [world;-292;63;536]
[16:42:45][BlockBreakEvent]: breaked minecraft:stone on [world;-292;62;536]
[16:42:46][BlockBreakEvent]: breaked minecraft:stone on [world;-292;63;535]
[16:42:48][BlockBreakEvent]: breaked minecraft:stone on [world;-292;62;535]
[16:42:56][BlockBreakEvent]: breaked minecraft:stone on [world;-291;63;537]
[16:42:59][BlockBreakEvent]: breaked minecraft:stone on [world;-291;63;536]
[16:43:00][BlockBreakEvent]: breaked minecraft:stone on [world;-291;62;536]
[16:43:02][BlockBreakEvent]: breaked minecraft:stone on [world;-291;62;537]
[16:43:06][BlockPlaceEvent]: placed minecraft:dirt on [world;-291;62;535]
[16:43:06][BlockPlaceEvent]: placed minecraft:dirt on [world;-291;63;535]
[16:43:07][BlockPlaceEvent]: placed minecraft:dirt on [world;-291;64;535]
[16:52:15][BlockBreakEvent]: breaked minecraft:crafting_table on [world;-289;64;527]
[16:52:18][BlockBreakEvent]: breaked minecraft:birch_log[axis=y] on [world;-286;66;520]
[16:52:20][BlockBreakEvent]: breaked minecraft:birch_log[axis=y] on [world;-286;65;520]
[16:52:21][BlockBreakEvent]: breaked minecraft:birch_log[axis=y] on [world;-286;67;520]
[16:52:23][BlockBreakEvent]: breaked minecraft:birch_log[axis=y] on [world;-286;68;520]
[16:52:25][BlockBreakEvent]: breaked minecraft:birch_log[axis=y] on [world;-286;69;520]
[16:52:26][BlockBreakEvent]: breaked minecraft:birch_log[axis=y] on [world;-286;70;520]
[16:52:27][BlockBreakEvent]: breaked minecraft:birch_log[axis=y] on [world;-286;71;520]
[16:53:12][BlockBreakEvent]: breaked minecraft:birch_log[axis=y] on [world;-285;67;523]
[16:53:13][BlockBreakEvent]: breaked minecraft:birch_log[axis=y] on [world;-285;66;523]
[16:53:17][BlockBreakEvent]: breaked minecraft:oak_log[axis=y] on [world;-277;67;526]
[16:53:18][BlockBreakEvent]: breaked minecraft:oak_log[axis=y] on [world;-277;66;526]
[16:53:19][BlockBreakEvent]: breaked minecraft:grass on [world;-276;66;528]
[16:53:20][BlockBreakEvent]: breaked minecraft:oak_log[axis=y] on [world;-277;68;526]
[16:53:21][BlockBreakEvent]: breaked minecraft:oak_log[axis=y] on [world;-277;69;526]
[16:53:22][BlockBreakEvent]: breaked minecraft:oak_log[axis=y] on [world;-277;70;526]
[16:53:23][BlockBreakEvent]: breaked minecraft:oak_log[axis=y] on [world;-277;71;526]
[16:53:23][BlockBreakEvent]: breaked minecraft:oak_leaves[distance=6,persistent=false] on [world;-277;72;526]
[16:53:26][BlockBreakEvent]: breaked minecraft:oak_leaves[distance=2,persistent=false] on [world;-278;68;527]
[16:53:26][BlockBreakEvent]: breaked minecraft:oak_leaves[distance=1,persistent=false] on [world;-279;68;527]
[16:53:28][BlockBreakEvent]: breaked minecraft:oak_log[axis=y] on [world;-280;68;527]
[16:53:29][BlockBreakEvent]: breaked minecraft:oak_log[axis=y] on [world;-280;67;527]
[16:53:30][BlockBreakEvent]: breaked minecraft:oak_log[axis=y] on [world;-280;69;527]
[16:53:31][BlockBreakEvent]: breaked minecraft:oak_log[axis=y] on [world;-280;70;527]
[16:53:32][BlockBreakEvent]: breaked minecraft:oak_leaves[distance=7,persistent=false] on [world;-280;71;527]
[16:53:36][BlockBreakEvent]: breaked minecraft:oak_log[axis=y] on [world;-271;67;527]
[16:53:38][BlockBreakEvent]: breaked minecraft:oak_log[axis=y] on [world;-271;66;527]
[16:53:39][BlockBreakEvent]: breaked minecraft:oak_log[axis=y] on [world;-271;68;527]
[16:53:40][BlockBreakEvent]: breaked minecraft:oak_log[axis=y] on [world;-271;69;527]
[16:53:41][BlockBreakEvent]: breaked minecraft:oak_log[axis=y] on [world;-271;70;527]
[16:53:42][BlockBreakEvent]: breaked minecraft:oak_log[axis=y] on [world;-271;71;527]
[16:53:43][BlockBreakEvent]: breaked minecraft:oak_leaves[distance=7,persistent=false] on [world;-271;72;527]
[16:53:45][BlockBreakEvent]: breaked minecraft:oak_log[axis=y] on [world;-272;67;523]
[16:53:46][BlockBreakEvent]: breaked minecraft:oak_log[axis=y] on [world;-272;66;523]
[16:53:46][BlockBreakEvent]: breaked minecraft:grass on [world;-273;66;523]
[16:53:47][BlockBreakEvent]: breaked minecraft:oak_log[axis=y] on [world;-272;68;523]
[16:53:48][BlockBreakEvent]: breaked minecraft:oak_log[axis=y] on [world;-272;69;523]
[16:53:49][BlockBreakEvent]: breaked minecraft:oak_log[axis=y] on [world;-272;70;523]
[16:53:51][BlockBreakEvent]: breaked minecraft:oak_log[axis=y] on [world;-272;71;523]
[16:53:51][BlockBreakEvent]: breaked minecraft:oak_leaves[distance=7,persistent=false] on [world;-272;72;523]
[16:53:54][BlockBreakEvent]: breaked minecraft:oak_leaves[distance=2,persistent=false] on [world;-268;68;519]
[16:53:55][BlockBreakEvent]: breaked minecraft:oak_leaves[distance=1,persistent=false] on [world;-267;68;519]
[16:53:56][BlockBreakEvent]: breaked minecraft:oak_log[axis=y] on [world;-266;68;519]
[16:53:57][BlockBreakEvent]: breaked minecraft:oak_log[axis=y] on [world;-266;67;519]
[16:53:58][BlockBreakEvent]: breaked minecraft:oak_log[axis=y] on [world;-266;69;519]
[16:54:00][BlockBreakEvent]: breaked minecraft:oak_log[axis=y] on [world;-266;70;519]
[16:54:00][BlockBreakEvent]: breaked minecraft:oak_leaves[distance=7,persistent=false] on [world;-266;71;519]
[16:54:01][BlockBreakEvent]: breaked minecraft:oak_leaves[distance=7,persistent=false] on [world;-265;68;519]
[16:54:05][BlockBreakEvent]: breaked minecraft:oak_log[axis=y] on [world;-264;69;511]
[16:54:06][BlockBreakEvent]: breaked minecraft:oak_log[axis=y] on [world;-264;68;511]
[16:54:07][BlockBreakEvent]: breaked minecraft:oak_log[axis=y] on [world;-264;70;511]
[16:54:10][BlockBreakEvent]: breaked minecraft:oak_log[axis=y] on [world;-264;71;511]
[16:54:11][BlockBreakEvent]: breaked minecraft:oak_log[axis=y] on [world;-264;72;511]
[16:54:12][BlockBreakEvent]: breaked minecraft:oak_log[axis=z] on [world;-264;72;510]
[16:54:13][BlockBreakEvent]: breaked minecraft:oak_log[axis=z] on [world;-264;72;509]
[16:54:16][BlockBreakEvent]: breaked minecraft:oak_log[axis=x] on [world;-263;73;512]
[16:54:21][BlockBreakEvent]: breaked minecraft:oak_log[axis=y] on [world;-269;70;510]
[16:54:22][BlockBreakEvent]: breaked minecraft:oak_log[axis=y] on [world;-269;69;510]
[16:54:23][BlockBreakEvent]: breaked minecraft:oak_log[axis=y] on [world;-269;68;510]
[16:54:25][BlockBreakEvent]: breaked minecraft:oak_log[axis=y] on [world;-269;71;510]
[16:54:26][BlockBreakEvent]: breaked minecraft:oak_log[axis=y] on [world;-269;72;510]
[16:54:27][BlockBreakEvent]: breaked minecraft:oak_log[axis=y] on [world;-269;73;510]
[16:54:27][BlockBreakEvent]: breaked minecraft:oak_leaves[distance=7,persistent=false] on [world;-269;74;510]
[16:54:30][BlockBreakEvent]: breaked minecraft:oak_log[axis=y] on [world;-267;69;515]
[16:54:31][BlockBreakEvent]: breaked minecraft:oak_log[axis=y] on [world;-267;68;515]
[16:54:32][BlockBreakEvent]: breaked minecraft:oak_log[axis=y] on [world;-267;67;515]
[16:54:34][BlockBreakEvent]: breaked minecraft:oak_log[axis=y] on [world;-267;70;515]
[16:54:37][BlockBreakEvent]: breaked minecraft:oak_log[axis=y] on [world;-267;71;515]
[16:54:38][BlockBreakEvent]: breaked minecraft:oak_log[axis=y] on [world;-267;72;515]
[16:54:38][BlockBreakEvent]: breaked minecraft:oak_leaves[distance=7,persistent=false] on [world;-267;73;515]
[16:58:22][BlockBreakEvent]: breaked minecraft:wheat[age=7] on [world;-300;63;512]
[16:58:23][BlockBreakEvent]: breaked minecraft:wheat[age=7] on [world;-300;63;511]
[16:58:27][BlockBreakEvent]: breaked minecraft:wheat[age=7] on [world;-300;63;510]
[16:58:27][BlockBreakEvent]: breaked minecraft:wheat[age=7] on [world;-300;63;509]
[16:58:27][BlockBreakEvent]: breaked minecraft:wheat[age=7] on [world;-300;63;508]
[16:58:27][BlockBreakEvent]: breaked minecraft:wheat[age=7] on [world;-300;63;507]
[16:58:27][BlockBreakEvent]: breaked minecraft:wheat[age=7] on [world;-300;63;506]
[16:58:28][BlockBreakEvent]: breaked minecraft:wheat[age=7] on [world;-300;63;505]
[16:58:28][BlockBreakEvent]: breaked minecraft:wheat[age=7] on [world;-300;63;504]
[16:58:28][BlockBreakEvent]: breaked minecraft:wheat[age=7] on [world;-300;63;503]
[16:58:28][BlockBreakEvent]: breaked minecraft:wheat[age=7] on [world;-300;63;502]
[16:58:28][BlockBreakEvent]: breaked minecraft:wheat[age=7] on [world;-300;63;501]
[16:58:28][BlockBreakEvent]: breaked minecraft:wheat[age=7] on [world;-300;63;500]
[16:58:29][BlockBreakEvent]: breaked minecraft:wheat[age=7] on [world;-300;63;499]
[16:58:29][BlockBreakEvent]: breaked minecraft:wheat[age=7] on [world;-300;63;498]
[16:58:29][BlockBreakEvent]: breaked minecraft:wheat[age=7] on [world;-300;63;497]
[16:58:29][BlockBreakEvent]: breaked minecraft:wheat[age=7] on [world;-300;63;496]
[16:58:30][BlockBreakEvent]: breaked minecraft:wheat[age=7] on [world;-300;63;495]
[16:58:30][BlockBreakEvent]: breaked minecraft:wheat[age=7] on [world;-300;63;494]
[16:58:30][BlockBreakEvent]: breaked minecraft:wheat[age=7] on [world;-300;63;493]
[16:58:30][BlockBreakEvent]: breaked minecraft:wheat[age=7] on [world;-300;63;492]
[16:58:30][BlockBreakEvent]: breaked minecraft:wheat[age=7] on [world;-300;63;491]
[16:58:31][BlockBreakEvent]: breaked minecraft:wheat[age=7] on [world;-300;63;490]
[16:58:31][BlockBreakEvent]: breaked minecraft:wheat[age=7] on [world;-300;63;489]
[16:58:33][BlockBreakEvent]: breaked minecraft:wheat[age=7] on [world;-301;63;489]
[16:58:33][BlockBreakEvent]: breaked minecraft:wheat[age=7] on [world;-301;63;490]
[16:58:33][BlockBreakEvent]: breaked minecraft:wheat[age=7] on [world;-302;63;490]
[16:58:33][BlockBreakEvent]: breaked minecraft:wheat[age=7] on [world;-302;63;491]
[16:58:33][BlockBreakEvent]: breaked minecraft:wheat[age=7] on [world;-301;63;491]
[16:58:34][BlockBreakEvent]: breaked minecraft:wheat[age=7] on [world;-302;63;489]
[16:58:35][BlockBreakEvent]: breaked minecraft:wheat[age=7] on [world;-302;63;492]
[16:58:35][BlockBreakEvent]: breaked minecraft:wheat[age=7] on [world;-301;63;492]
[16:58:35][BlockBreakEvent]: breaked minecraft:wheat[age=7] on [world;-301;63;493]
[16:58:35][BlockBreakEvent]: breaked minecraft:wheat[age=7] on [world;-301;63;494]
[16:58:35][BlockBreakEvent]: breaked minecraft:wheat[age=7] on [world;-301;63;495]
[16:58:35][BlockBreakEvent]: breaked minecraft:wheat[age=7] on [world;-301;63;496]
[16:58:36][BlockBreakEvent]: breaked minecraft:wheat[age=7] on [world;-301;63;497]
[16:58:36][BlockBreakEvent]: breaked minecraft:wheat[age=7] on [world;-302;63;495]
[16:58:36][BlockBreakEvent]: breaked minecraft:wheat[age=7] on [world;-301;63;498]
[16:58:36][BlockBreakEvent]: breaked minecraft:wheat[age=7] on [world;-301;63;499]
[16:58:36][BlockBreakEvent]: breaked minecraft:wheat[age=7] on [world;-302;63;498]
[16:58:36][BlockBreakEvent]: breaked minecraft:wheat[age=7] on [world;-302;63;499]
[16:58:37][BlockBreakEvent]: breaked minecraft:wheat[age=7] on [world;-302;63;500]
[16:58:37][BlockBreakEvent]: breaked minecraft:wheat[age=7] on [world;-301;63;500]
[16:58:37][BlockBreakEvent]: breaked minecraft:wheat[age=7] on [world;-302;63;501]
[16:58:37][BlockBreakEvent]: breaked minecraft:wheat[age=7] on [world;-301;63;501]
[16:58:37][BlockBreakEvent]: breaked minecraft:wheat[age=7] on [world;-301;63;502]
[16:58:37][BlockBreakEvent]: breaked minecraft:wheat[age=7] on [world;-302;63;502]
[16:58:37][BlockBreakEvent]: breaked minecraft:wheat[age=7] on [world;-302;63;503]
[16:58:37][BlockBreakEvent]: breaked minecraft:wheat[age=7] on [world;-302;63;504]
[16:58:38][BlockBreakEvent]: breaked minecraft:wheat[age=7] on [world;-301;63;503]
[16:58:38][BlockBreakEvent]: breaked minecraft:wheat[age=7] on [world;-301;63;504]
[16:58:38][BlockBreakEvent]: breaked minecraft:wheat[age=7] on [world;-302;63;505]
[16:58:38][BlockBreakEvent]: breaked minecraft:wheat[age=7] on [world;-301;63;505]
[16:58:38][BlockBreakEvent]: breaked minecraft:wheat[age=7] on [world;-301;63;506]
[16:58:38][BlockBreakEvent]: breaked minecraft:wheat[age=7] on [world;-302;63;506]
[16:58:38][BlockBreakEvent]: breaked minecraft:wheat[age=7] on [world;-302;63;507]
[16:58:38][BlockBreakEvent]: breaked minecraft:wheat[age=7] on [world;-301;63;507]
[16:58:38][BlockBreakEvent]: breaked minecraft:wheat[age=7] on [world;-301;63;508]
[16:58:39][BlockBreakEvent]: breaked minecraft:wheat[age=7] on [world;-301;63;509]
[16:58:39][BlockBreakEvent]: breaked minecraft:wheat[age=7] on [world;-302;63;508]
[16:58:39][BlockBreakEvent]: breaked minecraft:wheat[age=7] on [world;-302;63;509]
[16:58:39][BlockBreakEvent]: breaked minecraft:wheat[age=7] on [world;-302;63;510]
[16:58:39][BlockBreakEvent]: breaked minecraft:wheat[age=7] on [world;-301;63;510]
[16:58:39][BlockBreakEvent]: breaked minecraft:wheat[age=7] on [world;-301;63;511]
[16:58:39][BlockBreakEvent]: breaked minecraft:wheat[age=7] on [world;-301;63;512]
[16:58:39][BlockBreakEvent]: breaked minecraft:wheat[age=7] on [world;-302;63;512]
[16:58:40][BlockBreakEvent]: breaked minecraft:wheat[age=7] on [world;-302;63;511]
[16:58:44][BlockBreakEvent]: breaked minecraft:wheat[age=7] on [world;-302;63;497]
[16:58:44][BlockBreakEvent]: breaked minecraft:wheat[age=7] on [world;-302;63;496]
[16:58:45][BlockBreakEvent]: breaked minecraft:wheat[age=7] on [world;-302;63;494]
[16:58:45][BlockBreakEvent]: breaked minecraft:wheat[age=7] on [world;-302;63;493]
[16:58:54][BlockPlaceEvent]: placed minecraft:wheat[age=0] on [world;-300;63;489]
[16:58:55][BlockPlaceEvent]: placed minecraft:wheat[age=0] on [world;-302;63;489]
[16:58:56][BlockPlaceEvent]: placed minecraft:wheat[age=0] on [world;-301;63;489]
[16:58:56][BlockPlaceEvent]: placed minecraft:wheat[age=0] on [world;-302;63;490]
[16:58:57][BlockPlaceEvent]: placed minecraft:wheat[age=0] on [world;-301;63;490]
[16:58:57][BlockPlaceEvent]: placed minecraft:wheat[age=0] on [world;-300;63;490]
[16:58:58][BlockPlaceEvent]: placed minecraft:wheat[age=0] on [world;-302;63;491]
[16:58:58][BlockPlaceEvent]: placed minecraft:wheat[age=0] on [world;-301;63;491]
[16:58:59][BlockPlaceEvent]: placed minecraft:wheat[age=0] on [world;-300;63;491]
[16:59:00][BlockPlaceEvent]: placed minecraft:wheat[age=0] on [world;-300;63;492]
[16:59:00][BlockPlaceEvent]: placed minecraft:wheat[age=0] on [world;-301;63;492]
[16:59:02][BlockPlaceEvent]: placed minecraft:wheat[age=0] on [world;-302;63;492]
[16:59:03][BlockPlaceEvent]: placed minecraft:wheat[age=0] on [world;-301;63;493]
[16:59:03][BlockPlaceEvent]: placed minecraft:wheat[age=0] on [world;-300;63;494]
[16:59:04][BlockPlaceEvent]: placed minecraft:wheat[age=0] on [world;-300;63;493]
[16:59:05][BlockPlaceEvent]: placed minecraft:wheat[age=0] on [world;-302;63;493]
[16:59:06][BlockPlaceEvent]: placed minecraft:wheat[age=0] on [world;-301;63;494]
[16:59:07][BlockPlaceEvent]: placed minecraft:wheat[age=0] on [world;-302;63;494]
[16:59:08][BlockPlaceEvent]: placed minecraft:wheat[age=0] on [world;-302;63;495]
[16:59:08][BlockPlaceEvent]: placed minecraft:wheat[age=0] on [world;-301;63;496]
[16:59:08][BlockPlaceEvent]: placed minecraft:wheat[age=0] on [world;-300;63;496]
[16:59:08][BlockPlaceEvent]: placed minecraft:wheat[age=0] on [world;-300;63;495]
[16:59:09][BlockPlaceEvent]: placed minecraft:wheat[age=0] on [world;-301;63;495]
[16:59:10][BlockPlaceEvent]: placed minecraft:wheat[age=0] on [world;-302;63;496]
[16:59:11][BlockPlaceEvent]: placed minecraft:wheat[age=0] on [world;-300;63;498]
[16:59:11][BlockPlaceEvent]: placed minecraft:wheat[age=0] on [world;-300;63;497]
[16:59:11][BlockPlaceEvent]: placed minecraft:wheat[age=0] on [world;-301;63;497]
[16:59:12][BlockPlaceEvent]: placed minecraft:wheat[age=0] on [world;-302;63;497]
[16:59:13][BlockPlaceEvent]: placed minecraft:wheat[age=0] on [world;-302;63;498]
[16:59:14][BlockPlaceEvent]: placed minecraft:wheat[age=0] on [world;-301;63;498]
[16:59:15][BlockPlaceEvent]: placed minecraft:wheat[age=0] on [world;-300;63;499]
[16:59:15][BlockPlaceEvent]: placed minecraft:wheat[age=0] on [world;-301;63;499]
[16:59:15][BlockPlaceEvent]: placed minecraft:wheat[age=0] on [world;-302;63;499]
[16:59:16][BlockPlaceEvent]: placed minecraft:wheat[age=0] on [world;-302;63;500]
[16:59:16][BlockPlaceEvent]: placed minecraft:wheat[age=0] on [world;-301;63;500]
[16:59:17][BlockPlaceEvent]: placed minecraft:wheat[age=0] on [world;-300;63;500]
[16:59:17][BlockPlaceEvent]: placed minecraft:wheat[age=0] on [world;-300;63;502]
[16:59:18][BlockPlaceEvent]: placed minecraft:wheat[age=0] on [world;-300;63;501]
[16:59:18][BlockPlaceEvent]: placed minecraft:wheat[age=0] on [world;-301;63;501]
[16:59:20][BlockPlaceEvent]: placed minecraft:wheat[age=0] on [world;-301;63;504]
[16:59:20][BlockPlaceEvent]: placed minecraft:wheat[age=0] on [world;-301;63;503]
[16:59:20][BlockPlaceEvent]: placed minecraft:wheat[age=0] on [world;-301;63;502]
[16:59:21][BlockPlaceEvent]: placed minecraft:wheat[age=0] on [world;-302;63;504]
[16:59:21][BlockPlaceEvent]: placed minecraft:wheat[age=0] on [world;-302;63;503]
[16:59:21][BlockPlaceEvent]: placed minecraft:wheat[age=0] on [world;-302;63;502]
[16:59:22][BlockPlaceEvent]: placed minecraft:wheat[age=0] on [world;-302;63;501]
[16:59:24][BlockPlaceEvent]: placed minecraft:wheat[age=0] on [world;-300;63;504]
[16:59:24][BlockPlaceEvent]: placed minecraft:wheat[age=0] on [world;-300;63;503]
[16:59:25][BlockPlaceEvent]: placed minecraft:wheat[age=0] on [world;-301;63;506]
[16:59:25][BlockPlaceEvent]: placed minecraft:wheat[age=0] on [world;-301;63;505]
[16:59:27][BlockPlaceEvent]: placed minecraft:wheat[age=0] on [world;-302;63;506]
[16:59:27][BlockPlaceEvent]: placed minecraft:wheat[age=0] on [world;-302;63;505]
[16:59:29][BlockPlaceEvent]: placed minecraft:wheat[age=0] on [world;-300;63;506]
[16:59:29][BlockPlaceEvent]: placed minecraft:wheat[age=0] on [world;-300;63;505]
[16:59:31][BlockPlaceEvent]: placed minecraft:wheat[age=0] on [world;-302;63;509]
[16:59:31][BlockPlaceEvent]: placed minecraft:wheat[age=0] on [world;-302;63;508]
[16:59:31][BlockPlaceEvent]: placed minecraft:wheat[age=0] on [world;-302;63;507]
[16:59:32][BlockPlaceEvent]: placed minecraft:wheat[age=0] on [world;-301;63;509]
[16:59:32][BlockPlaceEvent]: placed minecraft:wheat[age=0] on [world;-301;63;507]
[16:59:34][BlockPlaceEvent]: placed minecraft:wheat[age=0] on [world;-300;63;508]
[16:59:34][BlockPlaceEvent]: placed minecraft:wheat[age=0] on [world;-300;63;507]
[16:59:35][BlockPlaceEvent]: placed minecraft:wheat[age=0] on [world;-300;63;509]
[16:59:35][BlockPlaceEvent]: placed minecraft:wheat[age=0] on [world;-301;63;508]
[16:59:38][BlockPlaceEvent]: placed minecraft:wheat[age=0] on [world;-302;63;510]
[16:59:38][BlockPlaceEvent]: placed minecraft:wheat[age=0] on [world;-301;63;510]
[16:59:38][BlockPlaceEvent]: placed minecraft:wheat[age=0] on [world;-300;63;510]
[16:59:38][BlockPlaceEvent]: placed minecraft:wheat[age=0] on [world;-300;63;512]
[16:59:38][BlockPlaceEvent]: placed minecraft:wheat[age=0] on [world;-302;63;512]
[16:59:38][BlockPlaceEvent]: placed minecraft:wheat[age=0] on [world;-302;63;511]
[16:59:39][BlockPlaceEvent]: placed minecraft:wheat[age=0] on [world;-300;63;511]
[16:59:39][BlockPlaceEvent]: placed minecraft:wheat[age=0] on [world;-301;63;511]
[16:59:39][BlockPlaceEvent]: placed minecraft:wheat[age=0] on [world;-301;63;512]
[17:04:06][FurnaceExtractEvent]: breaked minecraft:smoker[facing=west,lit=true] on [world;-341;64;494]
[17:04:12][FurnaceExtractEvent]: breaked minecraft:smoker[facing=west,lit=true] on [world;-341;64;490]
[17:05:30][BlockPlaceEvent]: placed minecraft:crafting_table on [world;-342;64;490]
[17:06:56][BlockBreakEvent]: breaked minecraft:crafting_table on [world;-342;64;490]
[17:07:35][BlockBreakEvent]: breaked minecraft:grass_path on [world;-343;63;498]
[17:07:41][BlockPlaceEvent]: placed minecraft:dirt on [world;-343;62;497]
[17:09:47][BlockPlaceEvent]: placed minecraft:torch on [world;-297;11;533]
[17:09:48][BlockPlaceEvent]: placed minecraft:torch on [world;-298;11;533]
[17:09:48][BlockPlaceEvent]: placed minecraft:torch on [world;-298;11;532]
[17:10:10][BlockPlaceEvent]: placed minecraft:wall_torch[facing=south] on [world;-294;12;577]
[17:24:42][BlockBreakEvent]: breaked minecraft:white_carpet on [world;-343;64;488]
[17:25:47][BlockBreakEvent]: breaked minecraft:grass_path on [world;-338;63;512]
[17:25:49][BlockPlaceEvent]: placed minecraft:white_carpet on [world;-336;64;517]
[17:25:52][BlockBreakEvent]: breaked minecraft:white_carpet on [world;-336;64;517]
[17:25:56][BlockPlaceEvent]: placed minecraft:white_carpet on [world;-330;64;511]
[17:25:57][BlockBreakEvent]: breaked minecraft:white_carpet on [world;-330;64;511]
[17:26:18][BlockPlaceEvent]: placed minecraft:white_carpet on [world;-311;71;582]
[17:26:19][BlockBreakEvent]: breaked minecraft:white_carpet on [world;-311;71;582]
[17:26:23][BlockPlaceEvent]: placed minecraft:white_carpet on [world;-318;70;594]
[17:26:24][BlockBreakEvent]: breaked minecraft:white_carpet on [world;-318;70;594]
[17:26:29][BlockBreakEvent]: breaked minecraft:grass_block[snowy=false] on [world;-310;71;608]
[17:29:42][BlockPlaceEvent]: placed minecraft:oak_log[axis=y] on [world;-287;72;787]
[17:29:42][BlockPlaceEvent]: placed minecraft:oak_log[axis=y] on [world;-288;72;787]
[17:29:43][BlockPlaceEvent]: placed minecraft:oak_log[axis=y] on [world;-289;72;788]
[17:29:44][BlockPlaceEvent]: placed minecraft:oak_log[axis=y] on [world;-290;72;789]
[17:29:44][BlockPlaceEvent]: placed minecraft:oak_log[axis=y] on [world;-291;72;790]
[17:29:46][BlockPlaceEvent]: placed minecraft:oak_log[axis=y] on [world;-292;72;791]
[17:29:47][BlockPlaceEvent]: placed minecraft:oak_log[axis=y] on [world;-293;72;791]
[17:29:47][BlockPlaceEvent]: placed minecraft:oak_log[axis=y] on [world;-295;72;791]
[17:29:48][BlockPlaceEvent]: placed minecraft:oak_log[axis=y] on [world;-294;72;791]
[17:29:50][BlockPlaceEvent]: placed minecraft:oak_log[axis=y] on [world;-296;72;791]
[17:29:50][BlockPlaceEvent]: placed minecraft:oak_log[axis=y] on [world;-297;72;791]
[17:29:51][BlockPlaceEvent]: placed minecraft:oak_log[axis=y] on [world;-298;72;791]
[17:29:52][BlockPlaceEvent]: placed minecraft:oak_log[axis=y] on [world;-299;72;791]
[17:29:52][BlockPlaceEvent]: placed minecraft:oak_log[axis=y] on [world;-300;72;791]
[17:29:53][BlockPlaceEvent]: placed minecraft:oak_log[axis=y] on [world;-301;72;791]
[17:29:53][BlockPlaceEvent]: placed minecraft:oak_log[axis=y] on [world;-302;72;791]
[17:29:55][BlockPlaceEvent]: placed minecraft:cobblestone on [world;-305;73;791]
[17:29:56][BlockPlaceEvent]: placed minecraft:cobblestone on [world;-303;73;791]
[17:29:57][BlockPlaceEvent]: placed minecraft:cobblestone on [world;-304;73;791]
[17:29:59][BlockPlaceEvent]: placed minecraft:cobblestone on [world;-302;73;791]
[17:29:59][BlockPlaceEvent]: placed minecraft:cobblestone on [world;-302;74;791]
[17:30:01][BlockPlaceEvent]: placed minecraft:cobblestone on [world;-301;73;791]
[17:30:02][BlockPlaceEvent]: placed minecraft:cobblestone on [world;-300;73;791]
[17:30:03][BlockPlaceEvent]: placed minecraft:cobblestone on [world;-299;73;791]
[17:30:03][BlockPlaceEvent]: placed minecraft:cobblestone on [world;-298;73;791]
[17:30:04][BlockPlaceEvent]: placed minecraft:cobblestone on [world;-297;73;791]
[17:30:05][BlockPlaceEvent]: placed minecraft:cobblestone on [world;-296;73;791]
[17:30:06][BlockPlaceEvent]: placed minecraft:cobblestone on [world;-295;73;791]
[17:30:06][BlockPlaceEvent]: placed minecraft:cobblestone on [world;-294;73;791]
[17:30:07][BlockPlaceEvent]: placed minecraft:cobblestone on [world;-292;73;791]
[17:30:08][BlockPlaceEvent]: placed minecraft:cobblestone on [world;-293;73;791]
[17:30:09][BlockPlaceEvent]: placed minecraft:cobblestone on [world;-291;73;790]
[17:30:10][BlockPlaceEvent]: placed minecraft:cobblestone on [world;-290;73;789]
[17:30:11][BlockPlaceEvent]: placed minecraft:cobblestone on [world;-289;73;788]
[17:30:12][BlockPlaceEvent]: placed minecraft:cobblestone on [world;-288;73;787]
[17:30:13][BlockPlaceEvent]: placed minecraft:cobblestone on [world;-287;73;787]
[17:30:14][BlockPlaceEvent]: placed minecraft:cobblestone on [world;-287;73;786]
[17:30:15][BlockPlaceEvent]: placed minecraft:cobblestone on [world;-287;73;784]
[17:30:16][BlockPlaceEvent]: placed minecraft:cobblestone on [world;-287;73;785]
[17:30:17][BlockPlaceEvent]: placed minecraft:cobblestone on [world;-287;73;781]
[17:30:17][BlockPlaceEvent]: placed minecraft:cobblestone on [world;-287;73;782]
[17:30:18][BlockPlaceEvent]: placed minecraft:cobblestone on [world;-287;73;783]
[17:30:23][BlockPlaceEvent]: placed minecraft:cobblestone on [world;-287;73;778]
[17:30:24][BlockPlaceEvent]: placed minecraft:cobblestone on [world;-287;73;777]
[17:30:26][BlockPlaceEvent]: placed minecraft:cobblestone on [world;-287;73;776]
[17:30:26][BlockPlaceEvent]: placed minecraft:cobblestone on [world;-287;73;775]
[17:30:27][BlockPlaceEvent]: placed minecraft:cobblestone on [world;-287;73;774]
[17:30:29][BlockPlaceEvent]: placed minecraft:cobblestone on [world;-288;73;773]
[17:30:30][BlockPlaceEvent]: placed minecraft:cobblestone on [world;-289;73;772]
[17:30:31][BlockPlaceEvent]: placed minecraft:cobblestone on [world;-290;73;771]
[17:30:32][BlockPlaceEvent]: placed minecraft:cobblestone on [world;-291;73;770]
[17:30:34][BlockPlaceEvent]: placed minecraft:cobblestone on [world;-293;73;770]
[17:30:34][BlockPlaceEvent]: placed minecraft:cobblestone on [world;-292;73;770]
[17:30:35][BlockPlaceEvent]: placed minecraft:cobblestone on [world;-296;73;770]
[17:30:35][BlockPlaceEvent]: placed minecraft:cobblestone on [world;-295;73;770]
[17:30:36][BlockPlaceEvent]: placed minecraft:cobblestone on [world;-294;73;770]
[17:30:37][BlockPlaceEvent]: placed minecraft:cobblestone on [world;-299;73;770]
[17:30:37][BlockPlaceEvent]: placed minecraft:cobblestone on [world;-298;73;770]
[17:30:37][BlockPlaceEvent]: placed minecraft:cobblestone on [world;-297;73;770]
[17:30:39][BlockPlaceEvent]: placed minecraft:cobblestone on [world;-302;73;770]
[17:30:39][BlockPlaceEvent]: placed minecraft:cobblestone on [world;-301;73;770]
[17:30:39][BlockPlaceEvent]: placed minecraft:cobblestone on [world;-300;73;770]
[17:30:41][BlockPlaceEvent]: placed minecraft:cobblestone on [world;-305;73;770]
[17:30:41][BlockPlaceEvent]: placed minecraft:cobblestone on [world;-304;73;770]
[17:30:42][BlockPlaceEvent]: placed minecraft:cobblestone on [world;-303;73;770]
[17:30:43][BlockPlaceEvent]: placed minecraft:cobblestone on [world;-305;73;773]
[17:30:43][BlockPlaceEvent]: placed minecraft:cobblestone on [world;-305;73;772]
[17:30:44][BlockPlaceEvent]: placed minecraft:cobblestone on [world;-305;73;771]
[17:31:10][BlockBreakEvent]: breaked minecraft:oak_log[axis=y] on [world;-310;83;761]
[17:31:14][BlockBreakEvent]: breaked minecraft:oak_log[axis=y] on [world;-310;82;761]
[17:37:49][BlockBreakEvent]: breaked minecraft:sugar_cane[age=0] on [world;-351;65;493]
[17:37:51][BlockBreakEvent]: breaked minecraft:sugar_cane[age=0] on [world;-350;64;492]
[17:37:51][BlockBreakEvent]: breaked minecraft:sugar_cane[age=0] on [world;-350;65;491]
[17:37:52][BlockBreakEvent]: breaked minecraft:sugar_cane[age=0] on [world;-350;64;491]
[17:37:52][BlockBreakEvent]: breaked minecraft:sugar_cane[age=0] on [world;-350;64;489]
[17:37:52][BlockBreakEvent]: breaked minecraft:sugar_cane[age=0] on [world;-350;64;488]
[17:37:53][BlockBreakEvent]: breaked minecraft:sugar_cane[age=0] on [world;-351;64;490]
[17:37:53][BlockBreakEvent]: breaked minecraft:sugar_cane[age=0] on [world;-350;64;487]
[17:37:56][BlockBreakEvent]: breaked minecraft:sugar_cane[age=0] on [world;-351;63;493]
[17:37:59][BlockBreakEvent]: breaked minecraft:sugar_cane[age=0] on [world;-352;64;494]
[17:38:02][BlockBreakEvent]: breaked minecraft:sugar_cane[age=0] on [world;-353;65;494]
[17:38:02][BlockBreakEvent]: breaked minecraft:sugar_cane[age=0] on [world;-355;65;494]
[17:38:02][BlockBreakEvent]: breaked minecraft:sugar_cane[age=0] on [world;-353;64;494]
[17:38:04][BlockBreakEvent]: breaked minecraft:sugar_cane[age=0] on [world;-355;64;494]
[17:38:04][BlockBreakEvent]: breaked minecraft:sugar_cane[age=0] on [world;-356;64;494]
[17:38:06][BlockBreakEvent]: breaked minecraft:sugar_cane[age=0] on [world;-357;64;493]
[17:38:06][BlockBreakEvent]: breaked minecraft:sugar_cane[age=0] on [world;-358;65;493]
[17:38:06][BlockBreakEvent]: breaked minecraft:sugar_cane[age=0] on [world;-360;65;492]
[17:38:08][BlockBreakEvent]: breaked minecraft:sugar_cane[age=0] on [world;-358;64;493]
[17:38:10][BlockBreakEvent]: breaked minecraft:sugar_cane[age=0] on [world;-359;65;493]
[17:38:10][BlockBreakEvent]: breaked minecraft:sugar_cane[age=0] on [world;-359;64;493]
[17:38:12][BlockBreakEvent]: breaked minecraft:sugar_cane[age=0] on [world;-360;64;491]
[17:38:12][BlockBreakEvent]: breaked minecraft:sugar_cane[age=0] on [world;-360;64;490]
[17:38:12][BlockBreakEvent]: breaked minecraft:sugar_cane[age=0] on [world;-360;64;489]
[17:38:13][BlockBreakEvent]: breaked minecraft:sugar_cane[age=0] on [world;-360;64;488]
[17:38:13][BlockBreakEvent]: breaked minecraft:sugar_cane[age=0] on [world;-360;64;486]
[17:38:14][BlockBreakEvent]: breaked minecraft:sugar_cane[age=0] on [world;-360;64;485]
[17:38:15][BlockBreakEvent]: breaked minecraft:sugar_cane[age=0] on [world;-359;64;484]
[17:41:24][BlockBreakEvent]: breaked minecraft:grass_block[snowy=false] on [world;-287;70;790]
[17:41:26][BlockBreakEvent]: breaked minecraft:grass_block[snowy=false] on [world;-287;70;791]
[17:41:33][BlockPlaceEvent]: placed minecraft:dirt on [world;-291;71;792]
[17:41:34][BlockPlaceEvent]: placed minecraft:dirt on [world;-291;72;792]
[17:41:34][BlockPlaceEvent]: placed minecraft:dirt on [world;-291;73;792]
[17:41:43][BlockPlaceEvent]: placed minecraft:cobblestone on [world;-304;71;790]
[17:41:46][BlockPlaceEvent]: placed minecraft:cobblestone on [world;-305;73;790]
[17:41:47][BlockPlaceEvent]: placed minecraft:cobblestone on [world;-305;73;789]
[17:41:48][BlockPlaceEvent]: placed minecraft:cobblestone on [world;-305;73;788]
[17:41:48][BlockPlaceEvent]: placed minecraft:cobblestone on [world;-305;73;787]
[17:41:49][BlockPlaceEvent]: placed minecraft:cobblestone on [world;-305;73;785]
[17:41:50][BlockPlaceEvent]: placed minecraft:cobblestone on [world;-305;73;786]
[17:41:51][BlockPlaceEvent]: placed minecraft:cobblestone on [world;-305;73;782]
[17:41:51][BlockPlaceEvent]: placed minecraft:cobblestone on [world;-305;73;783]
[17:41:51][BlockPlaceEvent]: placed minecraft:cobblestone on [world;-305;73;784]
[17:41:54][BlockPlaceEvent]: placed minecraft:cobblestone on [world;-305;73;780]
[17:41:54][BlockPlaceEvent]: placed minecraft:cobblestone on [world;-305;73;781]
[17:41:54][BlockPlaceEvent]: placed minecraft:cobblestone on [world;-305;74;781]
[17:41:55][BlockPlaceEvent]: placed minecraft:cobblestone on [world;-305;73;777]
[17:41:55][BlockPlaceEvent]: placed minecraft:cobblestone on [world;-305;73;778]
[17:41:55][BlockPlaceEvent]: placed minecraft:cobblestone on [world;-305;73;779]
[17:41:57][BlockPlaceEvent]: placed minecraft:cobblestone on [world;-305;73;774]
[17:41:57][BlockPlaceEvent]: placed minecraft:cobblestone on [world;-305;73;775]
[17:41:58][BlockPlaceEvent]: placed minecraft:cobblestone on [world;-305;73;776]
[17:42:15][BlockPlaceEvent]: placed minecraft:oak_log[axis=y] on [world;-305;74;771]
[17:42:16][BlockPlaceEvent]: placed minecraft:oak_log[axis=y] on [world;-305;74;770]
[17:42:17][BlockPlaceEvent]: placed minecraft:oak_log[axis=y] on [world;-304;74;770]
[17:42:17][BlockPlaceEvent]: placed minecraft:oak_log[axis=y] on [world;-303;74;770]
[17:42:18][BlockPlaceEvent]: placed minecraft:oak_log[axis=y] on [world;-302;74;770]
[17:42:19][BlockPlaceEvent]: placed minecraft:oak_log[axis=y] on [world;-301;74;770]
[17:42:19][BlockPlaceEvent]: placed minecraft:oak_log[axis=y] on [world;-300;74;770]
[17:42:20][BlockPlaceEvent]: placed minecraft:oak_log[axis=y] on [world;-299;74;770]
[17:42:22][BlockPlaceEvent]: placed minecraft:oak_log[axis=y] on [world;-297;74;770]
[17:42:23][BlockPlaceEvent]: placed minecraft:oak_log[axis=y] on [world;-298;74;770]
[17:43:55][BlockPlaceEvent]: placed minecraft:oak_log[axis=y] on [world;-295;74;770]
[17:43:56][BlockPlaceEvent]: placed minecraft:oak_log[axis=y] on [world;-296;74;770]
[17:43:59][BlockPlaceEvent]: placed minecraft:oak_log[axis=y] on [world;-292;74;770]
[17:43:59][BlockPlaceEvent]: placed minecraft:oak_log[axis=y] on [world;-293;74;770]
[17:43:59][BlockPlaceEvent]: placed minecraft:oak_log[axis=y] on [world;-294;74;770]
[17:44:01][BlockPlaceEvent]: placed minecraft:oak_log[axis=y] on [world;-291;74;770]
[17:44:02][BlockPlaceEvent]: placed minecraft:oak_log[axis=y] on [world;-290;74;771]
[17:44:02][BlockPlaceEvent]: placed minecraft:oak_log[axis=y] on [world;-289;74;772]
[17:44:03][BlockPlaceEvent]: placed minecraft:oak_log[axis=y] on [world;-288;74;773]
[17:44:04][BlockPlaceEvent]: placed minecraft:oak_log[axis=y] on [world;-287;74;774]
[17:44:05][BlockPlaceEvent]: placed minecraft:oak_log[axis=y] on [world;-287;74;775]
[17:44:06][BlockPlaceEvent]: placed minecraft:oak_log[axis=y] on [world;-287;74;776]
[17:44:07][BlockPlaceEvent]: placed minecraft:oak_log[axis=y] on [world;-287;74;777]
[17:44:07][BlockPlaceEvent]: placed minecraft:oak_log[axis=y] on [world;-287;74;778]
[17:44:14][BlockPlaceEvent]: placed minecraft:oak_log[axis=y] on [world;-287;74;781]
[17:44:14][BlockPlaceEvent]: placed minecraft:oak_log[axis=y] on [world;-287;74;782]
[17:44:15][BlockPlaceEvent]: placed minecraft:oak_log[axis=y] on [world;-287;74;784]
[17:44:20][BlockPlaceEvent]: placed minecraft:oak_log[axis=y] on [world;-287;74;783]
[17:44:22][BlockPlaceEvent]: placed minecraft:oak_log[axis=y] on [world;-287;74;787]
[17:44:22][BlockPlaceEvent]: placed minecraft:oak_log[axis=y] on [world;-287;74;786]
[17:44:22][BlockPlaceEvent]: placed minecraft:oak_log[axis=y] on [world;-287;74;785]
[17:44:24][BlockPlaceEvent]: placed minecraft:oak_log[axis=y] on [world;-288;74;787]
[17:44:27][BlockPlaceEvent]: placed minecraft:oak_log[axis=y] on [world;-289;74;788]
[17:44:28][BlockPlaceEvent]: placed minecraft:oak_log[axis=y] on [world;-291;74;790]
[17:44:28][BlockPlaceEvent]: placed minecraft:oak_log[axis=y] on [world;-290;74;789]
[17:44:28][BlockPlaceEvent]: placed minecraft:oak_log[axis=y] on [world;-290;75;789]
[17:44:36][BlockBreakEvent]: breaked minecraft:grass_block[snowy=false] on [world;-285;70;777]
[17:44:37][BlockBreakEvent]: breaked minecraft:grass_block[snowy=false] on [world;-285;69;777]
[17:44:43][BlockBreakEvent]: breaked minecraft:grass_block[snowy=false] on [world;-284;70;777]
[17:44:44][BlockBreakEvent]: breaked minecraft:grass_block[snowy=false] on [world;-283;70;777]
[17:44:55][BlockPlaceEvent]: placed minecraft:dirt on [world;-290;71;791]
[17:44:56][BlockPlaceEvent]: placed minecraft:dirt on [world;-290;72;791]
[17:44:56][BlockPlaceEvent]: placed minecraft:dirt on [world;-290;73;791]
[17:45:02][BlockBreakEvent]: breaked minecraft:oak_log[axis=y] on [world;-290;75;789]
[17:45:08][BlockPlaceEvent]: placed minecraft:dirt on [world;-291;71;791]
[17:45:09][BlockBreakEvent]: breaked minecraft:dirt on [world;-291;73;792]
[17:45:15][BlockPlaceEvent]: placed minecraft:oak_log[axis=y] on [world;-292;74;791]
[17:45:19][BlockPlaceEvent]: placed minecraft:oak_log[axis=y] on [world;-293;74;791]
[17:45:20][BlockPlaceEvent]: placed minecraft:oak_log[axis=y] on [world;-295;74;791]
[17:45:20][BlockPlaceEvent]: placed minecraft:oak_log[axis=y] on [world;-294;74;791]
[17:45:21][BlockPlaceEvent]: placed minecraft:oak_log[axis=y] on [world;-298;74;791]
[17:45:21][BlockPlaceEvent]: placed minecraft:oak_log[axis=y] on [world;-297;74;791]
[17:45:22][BlockPlaceEvent]: placed minecraft:oak_log[axis=x] on [world;-296;74;791]
[17:45:26][BlockBreakEvent]: breaked minecraft:oak_log[axis=x] on [world;-296;74;791]
[17:45:28][BlockPlaceEvent]: placed minecraft:oak_log[axis=y] on [world;-296;74;791]
[17:45:35][BlockPlaceEvent]: placed minecraft:oak_log[axis=y] on [world;-299;74;791]
[17:45:35][BlockPlaceEvent]: placed minecraft:oak_log[axis=y] on [world;-300;74;791]
[17:45:36][BlockPlaceEvent]: placed minecraft:oak_log[axis=y] on [world;-301;74;791]
[17:45:39][BlockPlaceEvent]: placed minecraft:oak_log[axis=y] on [world;-304;74;791]
[17:45:40][BlockPlaceEvent]: placed minecraft:oak_log[axis=y] on [world;-305;74;791]
[17:45:42][BlockPlaceEvent]: placed minecraft:oak_log[axis=y] on [world;-303;74;791]
[17:45:45][BlockPlaceEvent]: placed minecraft:oak_log[axis=y] on [world;-305;74;790]
[17:45:48][BlockPlaceEvent]: placed minecraft:oak_log[axis=y] on [world;-305;74;789]
[17:45:49][BlockPlaceEvent]: placed minecraft:oak_log[axis=y] on [world;-305;74;788]
[17:45:51][BlockPlaceEvent]: placed minecraft:oak_log[axis=y] on [world;-305;74;787]
[17:45:52][BlockPlaceEvent]: placed minecraft:oak_log[axis=y] on [world;-305;74;786]
[17:45:53][BlockPlaceEvent]: placed minecraft:oak_log[axis=y] on [world;-305;74;785]
[17:45:53][BlockPlaceEvent]: placed minecraft:oak_log[axis=y] on [world;-305;74;784]
[17:45:54][BlockPlaceEvent]: placed minecraft:oak_log[axis=y] on [world;-305;74;783]
