[14:58:29][EntityPickupItemEvent]: PLAYER picked up DIRT
[14:59:35][EntityPickupItemEvent]: PLAYER picked up DIRT
[15:01:05][EntityPickupItemEvent]: PLAYER picked up WHITE_BED
[16:41:11][EntityPickupItemEvent]: PLAYER picked up BIRCH_LOG
[16:41:14][EntityPickupItemEvent]: PLAYER picked up BIRCH_LOG
[16:41:19][EntityPickupItemEvent]: PLAYER picked up BIRCH_LOG
[16:41:21][EntityPickupItemEvent]: PLAYER picked up DIRT
[16:41:28][EntityPickupItemEvent]: PLAYER picked up BIRCH_LOG
[16:41:32][EntityPickupItemEvent]: PLAYER picked up BIRCH_LOG
[16:42:00][EntityPickupItemEvent]: PLAYER picked up STICK
[16:42:12][EntityPickupItemEvent]: PLAYER picked up BIRCH_SAPLING
[16:42:17][EntityPickupItemEvent]: PLAYER picked up DIRT
[16:42:18][EntityPickupItemEvent]: PLAYER picked up DIRT
[16:42:19][EntityPickupItemEvent]: PLAYER picked up COBBLESTONE
[16:42:21][EntityPickupItemEvent]: PLAYER picked up COBBLESTONE
[16:42:22][EntityPickupItemEvent]: PLAYER picked up COBBLESTONE
[16:42:24][EntityPickupItemEvent]: PLAYER picked up COBBLESTONE
[16:42:25][EntityPickupItemEvent]: PLAYER picked up COBBLESTONE
[16:42:28][EntityPickupItemEvent]: PLAYER picked up COBBLESTONE
[16:42:29][EntityPickupItemEvent]: PLAYER picked up COBBLESTONE
[16:42:31][EntityPickupItemEvent]: PLAYER picked up COBBLESTONE
[16:42:32][EntityPickupItemEvent]: PLAYER picked up COBBLESTONE
[16:42:34][EntityPickupItemEvent]: PLAYER picked up COBBLESTONE
[16:42:35][EntityPickupItemEvent]: PLAYER picked up COBBLESTONE
[16:42:37][EntityPickupItemEvent]: PLAYER picked up COBBLESTONE
[16:42:38][EntityPickupItemEvent]: PLAYER picked up COBBLESTONE
[16:42:40][EntityPickupItemEvent]: PLAYER picked up COBBLESTONE
[16:42:41][EntityPickupItemEvent]: PLAYER picked up COBBLESTONE
[16:42:43][EntityPickupItemEvent]: PLAYER picked up COBBLESTONE
[16:42:44][EntityPickupItemEvent]: PLAYER picked up COBBLESTONE
[16:42:45][EntityPickupItemEvent]: PLAYER picked up COBBLESTONE
[16:42:47][EntityPickupItemEvent]: PLAYER picked up COBBLESTONE
[16:42:48][EntityPickupItemEvent]: PLAYER picked up COBBLESTONE
[16:42:56][EntityPickupItemEvent]: PLAYER picked up COBBLESTONE
[16:43:02][EntityPickupItemEvent]: PLAYER picked up COBBLESTONE
[16:43:02][EntityPickupItemEvent]: PLAYER picked up COBBLESTONE
[16:52:16][EntityPickupItemEvent]: PLAYER picked up CRAFTING_TABLE
[16:52:20][EntityPickupItemEvent]: PLAYER picked up BIRCH_LOG
[16:52:22][EntityPickupItemEvent]: PLAYER picked up BIRCH_LOG
[16:52:23][EntityPickupItemEvent]: PLAYER picked up BIRCH_LOG
[16:52:25][EntityPickupItemEvent]: PLAYER picked up BIRCH_LOG
[16:52:27][EntityPickupItemEvent]: PLAYER picked up BIRCH_LOG
[16:52:28][EntityPickupItemEvent]: PLAYER picked up BIRCH_LOG
[16:53:13][EntityPickupItemEvent]: PLAYER picked up BIRCH_LOG
[16:53:14][EntityPickupItemEvent]: PLAYER picked up BIRCH_LOG
[16:53:18][EntityPickupItemEvent]: PLAYER picked up OAK_LOG
[16:53:19][EntityPickupItemEvent]: PLAYER picked up OAK_LOG
[16:53:20][EntityPickupItemEvent]: PLAYER picked up OAK_LOG
[16:53:21][EntityPickupItemEvent]: PLAYER picked up OAK_LOG
[16:53:22][EntityPickupItemEvent]: PLAYER picked up OAK_LOG
[16:53:24][EntityPickupItemEvent]: PLAYER picked up OAK_LOG
[16:53:25][EntityPickupItemEvent]: PLAYER picked up OAK_SAPLING
[16:53:28][EntityPickupItemEvent]: PLAYER picked up OAK_LOG
[16:53:29][EntityPickupItemEvent]: PLAYER picked up OAK_LOG
[16:53:30][EntityPickupItemEvent]: PLAYER picked up OAK_LOG
[16:53:32][EntityPickupItemEvent]: PLAYER picked up OAK_LOG
[16:53:36][EntityPickupItemEvent]: PLAYER picked up OAK_LOG
[16:53:38][EntityPickupItemEvent]: PLAYER picked up OAK_LOG
[16:53:39][EntityPickupItemEvent]: PLAYER picked up OAK_LOG
[16:53:40][EntityPickupItemEvent]: PLAYER picked up OAK_LOG
[16:53:42][EntityPickupItemEvent]: PLAYER picked up OAK_LOG
[16:53:43][EntityPickupItemEvent]: PLAYER picked up OAK_LOG
[16:53:45][EntityPickupItemEvent]: PLAYER picked up OAK_LOG
[16:53:46][EntityPickupItemEvent]: PLAYER picked up OAK_LOG
[16:53:48][EntityPickupItemEvent]: PLAYER picked up OAK_LOG
[16:53:49][EntityPickupItemEvent]: PLAYER picked up OAK_LOG
[16:53:50][EntityPickupItemEvent]: PLAYER picked up OAK_LOG
[16:53:51][EntityPickupItemEvent]: PLAYER picked up OAK_LOG
[16:53:57][EntityPickupItemEvent]: PLAYER picked up OAK_LOG
[16:53:58][EntityPickupItemEvent]: PLAYER picked up OAK_LOG
[16:53:59][EntityPickupItemEvent]: PLAYER picked up OAK_LOG
[16:54:00][EntityPickupItemEvent]: PLAYER picked up OAK_LOG
[16:54:02][EntityPickupItemEvent]: PLAYER picked up OAK_SAPLING
[16:54:06][EntityPickupItemEvent]: PLAYER picked up OAK_LOG
[16:54:07][EntityPickupItemEvent]: PLAYER picked up OAK_LOG
[16:54:08][EntityPickupItemEvent]: PLAYER picked up OAK_LOG
[16:54:11][EntityPickupItemEvent]: PLAYER picked up OAK_LOG
[16:54:12][EntityPickupItemEvent]: PLAYER picked up OAK_LOG
[16:54:13][EntityPickupItemEvent]: PLAYER picked up OAK_LOG
[16:54:18][EntityPickupItemEvent]: PLAYER picked up OAK_LOG
[16:54:22][EntityPickupItemEvent]: PLAYER picked up OAK_LOG
[16:54:23][EntityPickupItemEvent]: PLAYER picked up OAK_LOG
[16:54:24][EntityPickupItemEvent]: PLAYER picked up OAK_LOG
[16:54:25][EntityPickupItemEvent]: PLAYER picked up OAK_LOG
[16:54:26][EntityPickupItemEvent]: PLAYER picked up OAK_LOG
[16:54:28][EntityPickupItemEvent]: PLAYER picked up OAK_LOG
[16:54:30][EntityPickupItemEvent]: PLAYER picked up OAK_LOG
[16:54:31][EntityPickupItemEvent]: PLAYER picked up OAK_LOG
[16:54:32][EntityPickupItemEvent]: PLAYER picked up OAK_LOG
[16:54:34][EntityPickupItemEvent]: PLAYER picked up OAK_LOG
[16:54:37][EntityPickupItemEvent]: PLAYER picked up OAK_LOG
[16:54:38][EntityPickupItemEvent]: PLAYER picked up OAK_LOG
[16:54:44][EntityPickupItemEvent]: PLAYER picked up APPLE
[16:57:30][EntityPickupItemEvent]: PLAYER picked up COBBLESTONE
[16:58:22][EntityPickupItemEvent]: PLAYER picked up WHEAT
[16:58:23][EntityPickupItemEvent]: PLAYER picked up WHEAT_SEEDS
[16:58:25][EntityPickupItemEvent]: PLAYER picked up WHEAT
[16:58:25][EntityPickupItemEvent]: PLAYER picked up WHEAT_SEEDS
[16:58:27][EntityPickupItemEvent]: PLAYER picked up WHEAT
[16:58:27][EntityPickupItemEvent]: PLAYER picked up WHEAT
[16:58:29][EntityPickupItemEvent]: PLAYER picked up WHEAT_SEEDS
[16:58:30][EntityPickupItemEvent]: PLAYER picked up WHEAT_SEEDS
[16:58:31][EntityPickupItemEvent]: PLAYER picked up WHEAT
[16:58:31][EntityPickupItemEvent]: PLAYER picked up WHEAT
[16:58:31][EntityPickupItemEvent]: PLAYER picked up WHEAT_SEEDS
[16:58:32][EntityPickupItemEvent]: PLAYER picked up WHEAT
[16:58:34][EntityPickupItemEvent]: PLAYER picked up WHEAT
[16:58:34][EntityPickupItemEvent]: PLAYER picked up WHEAT
[16:58:34][EntityPickupItemEvent]: PLAYER picked up WHEAT_SEEDS
[16:58:36][EntityPickupItemEvent]: PLAYER picked up WHEAT
[16:58:36][EntityPickupItemEvent]: PLAYER picked up WHEAT_SEEDS
[16:58:36][EntityPickupItemEvent]: PLAYER picked up WHEAT
[16:58:36][EntityPickupItemEvent]: PLAYER picked up WHEAT
[16:58:37][EntityPickupItemEvent]: PLAYER picked up WHEAT
[16:58:37][EntityPickupItemEvent]: PLAYER picked up WHEAT_SEEDS
[16:58:38][EntityPickupItemEvent]: PLAYER picked up WHEAT_SEEDS
[16:58:38][EntityPickupItemEvent]: PLAYER picked up WHEAT_SEEDS
[16:58:38][EntityPickupItemEvent]: PLAYER picked up WHEAT_SEEDS
[16:58:38][EntityPickupItemEvent]: PLAYER picked up WHEAT_SEEDS
[16:58:38][EntityPickupItemEvent]: PLAYER picked up WHEAT_SEEDS
[16:58:38][EntityPickupItemEvent]: PLAYER picked up WHEAT_SEEDS
[16:58:38][EntityPickupItemEvent]: PLAYER picked up WHEAT_SEEDS
[16:58:39][EntityPickupItemEvent]: PLAYER picked up WHEAT_SEEDS
[16:58:40][EntityPickupItemEvent]: PLAYER picked up WHEAT_SEEDS
[16:58:40][EntityPickupItemEvent]: PLAYER picked up WHEAT_SEEDS
[16:58:40][EntityPickupItemEvent]: PLAYER picked up WHEAT
[16:58:40][EntityPickupItemEvent]: PLAYER picked up WHEAT_SEEDS
[16:58:40][EntityPickupItemEvent]: PLAYER picked up WHEAT
[16:58:45][EntityPickupItemEvent]: PLAYER picked up WHEAT
[16:58:45][EntityPickupItemEvent]: PLAYER picked up WHEAT
[16:58:45][EntityPickupItemEvent]: PLAYER picked up WHEAT_SEEDS
[16:58:47][EntityPickupItemEvent]: PLAYER picked up WHEAT
[16:59:03][EntityPickupItemEvent]: PLAYER picked up WHEAT_SEEDS
[17:02:12][EntityPickupItemEvent]: PLAYER picked up COAL
[17:03:53][EntityPickupItemEvent]: PLAYER picked up APPLE
[17:04:19][EntityPickupItemEvent]: PLAYER picked up BAKED_POTATO
[17:06:57][EntityPickupItemEvent]: PLAYER picked up CRAFTING_TABLE
[17:07:35][EntityPickupItemEvent]: PLAYER picked up DIRT
[17:09:47][EntityPickupItemEvent]: PLAYER picked up TORCH
[17:09:48][EntityPickupItemEvent]: PLAYER picked up TORCH
[17:11:56][EntityPickupItemEvent]: PLAYER picked up ARROW
[17:24:45][EntityPickupItemEvent]: PLAYER picked up WHITE_CARPET
[17:25:53][EntityPickupItemEvent]: PLAYER picked up WHITE_CARPET
[17:25:57][EntityPickupItemEvent]: PLAYER picked up WHITE_CARPET
[17:26:20][EntityPickupItemEvent]: PLAYER picked up WHITE_CARPET
[17:28:18][EntityPickupItemEvent]: PLAYER picked up DIRT
[17:31:11][EntityPickupItemEvent]: PLAYER picked up OAK_LOG
[17:32:45][EntityPickupItemEvent]: PLAYER picked up OAK_LOG
[17:37:50][EntityPickupItemEvent]: PLAYER picked up SUGAR_CANE
[17:37:52][EntityPickupItemEvent]: PLAYER picked up SUGAR_CANE
[17:37:53][EntityPickupItemEvent]: PLAYER picked up SUGAR_CANE
[17:37:53][EntityPickupItemEvent]: PLAYER picked up SUGAR_CANE
[17:37:54][EntityPickupItemEvent]: PLAYER picked up SUGAR_CANE
[17:37:54][EntityPickupItemEvent]: PLAYER picked up SUGAR_CANE
[17:37:57][EntityPickupItemEvent]: PLAYER picked up SUGAR_CANE
[17:37:57][EntityPickupItemEvent]: PLAYER picked up SUGAR_CANE
[17:37:59][EntityPickupItemEvent]: PLAYER picked up SUGAR_CANE
[17:38:03][EntityPickupItemEvent]: PLAYER picked up SUGAR_CANE
[17:38:04][EntityPickupItemEvent]: PLAYER picked up SUGAR_CANE
[17:38:05][EntityPickupItemEvent]: PLAYER picked up SUGAR_CANE
[17:38:06][EntityPickupItemEvent]: PLAYER picked up SUGAR_CANE
[17:38:07][EntityPickupItemEvent]: PLAYER picked up SUGAR_CANE
[17:38:09][EntityPickupItemEvent]: PLAYER picked up SUGAR_CANE
[17:38:10][EntityPickupItemEvent]: PLAYER picked up SUGAR_CANE
[17:38:14][EntityPickupItemEvent]: PLAYER picked up SUGAR_CANE
[17:38:19][EntityPickupItemEvent]: PLAYER picked up SUGAR_CANE
[17:41:24][EntityPickupItemEvent]: PLAYER picked up DIRT
[17:41:27][EntityPickupItemEvent]: PLAYER picked up DIRT
[17:44:36][EntityPickupItemEvent]: PLAYER picked up DIRT
[17:44:37][EntityPickupItemEvent]: PLAYER picked up DIRT
[17:44:44][EntityPickupItemEvent]: PLAYER picked up DIRT
[17:44:45][EntityPickupItemEvent]: PLAYER picked up DIRT
[17:45:10][EntityPickupItemEvent]: PLAYER picked up DIRT
[17:45:26][EntityPickupItemEvent]: PLAYER picked up OAK_LOG
