[17:26:59][EntityPickupItemEvent]: PLAYER picked up CRAFTING_TABLE
[17:27:06][EntityPickupItemEvent]: PLAYER picked up DIRT
[17:27:10][EntityPickupItemEvent]: PLAYER picked up DIRT
[17:27:14][EntityPickupItemEvent]: PLAYER picked up COBBLESTONE
[17:27:15][EntityPickupItemEvent]: PLAYER picked up COBBLESTONE
[17:27:18][EntityPickupItemEvent]: PLAYER picked up COBBLESTONE
[17:27:19][EntityPickupItemEvent]: PLAYER picked up COBBLESTONE
[17:27:20][EntityPickupItemEvent]: PLAYER picked up COBBLESTONE
[17:27:22][EntityPickupItemEvent]: PLAYER picked up DIRT
[17:27:23][EntityPickupItemEvent]: PLAYER picked up DIRT
[17:27:28][EntityPickupItemEvent]: PLAYER picked up COBBLESTONE
[17:27:29][EntityPickupItemEvent]: PLAYER picked up COBBLESTONE
[17:27:31][EntityPickupItemEvent]: PLAYER picked up DIRT
[17:27:34][EntityPickupItemEvent]: PLAYER picked up COBBLESTONE
[17:27:35][EntityPickupItemEvent]: PLAYER picked up COBBLESTONE
[17:27:37][EntityPickupItemEvent]: PLAYER picked up COBBLESTONE
[17:27:37][EntityPickupItemEvent]: PLAYER picked up COBBLESTONE
[17:27:39][EntityPickupItemEvent]: PLAYER picked up COBBLESTONE
[17:27:41][EntityPickupItemEvent]: PLAYER picked up COBBLESTONE
[17:27:43][EntityPickupItemEvent]: PLAYER picked up COBBLESTONE
[17:27:45][EntityPickupItemEvent]: PLAYER picked up COBBLESTONE
[17:27:46][EntityPickupItemEvent]: PLAYER picked up COBBLESTONE
[17:27:49][EntityPickupItemEvent]: PLAYER picked up COBBLESTONE
[17:27:49][EntityPickupItemEvent]: PLAYER picked up COBBLESTONE
[17:27:51][EntityPickupItemEvent]: PLAYER picked up COBBLESTONE
[17:27:53][EntityPickupItemEvent]: PLAYER picked up COBBLESTONE
[17:29:08][EntityPickupItemEvent]: PLAYER picked up DIRT
[17:29:09][EntityPickupItemEvent]: PLAYER picked up CRAFTING_TABLE
[17:29:09][EntityPickupItemEvent]: PLAYER picked up DIRT
[17:30:20][EntityPickupItemEvent]: PLAYER picked up COBBLESTONE
[17:30:39][EntityPickupItemEvent]: PLAYER picked up COBBLESTONE
[17:30:40][EntityPickupItemEvent]: PLAYER picked up COBBLESTONE
[17:30:41][EntityPickupItemEvent]: PLAYER picked up COBBLESTONE
[17:30:42][EntityPickupItemEvent]: PLAYER picked up COBBLESTONE
[17:30:49][EntityPickupItemEvent]: PLAYER picked up IRON_ORE
[17:30:51][EntityPickupItemEvent]: PLAYER picked up IRON_ORE
[17:30:53][EntityPickupItemEvent]: PLAYER picked up IRON_ORE
[18:05:04][EntityPickupItemEvent]: PLAYER picked up STONE_BUTTON
[18:07:08][EntityPickupItemEvent]: PLAYER picked up COBBLESTONE
[18:07:26][EntityPickupItemEvent]: PLAYER picked up COBBLESTONE
[18:07:31][EntityPickupItemEvent]: PLAYER picked up COBBLESTONE
[18:07:59][EntityPickupItemEvent]: PLAYER picked up STONE_BUTTON
[18:08:19][EntityPickupItemEvent]: PLAYER picked up STONE_BUTTON
[18:08:34][EntityPickupItemEvent]: PLAYER picked up IRON_DOOR
[18:08:37][EntityPickupItemEvent]: PLAYER picked up COBBLESTONE
[18:09:00][EntityPickupItemEvent]: PLAYER picked up DIRT
[18:09:04][EntityPickupItemEvent]: PLAYER picked up COBBLESTONE
[18:09:20][EntityPickupItemEvent]: PLAYER picked up DIRT
[18:09:27][EntityPickupItemEvent]: PLAYER picked up DIRT
[18:09:30][EntityPickupItemEvent]: PLAYER picked up DIRT
[18:09:36][EntityPickupItemEvent]: PLAYER picked up DIRT
[18:10:08][EntityPickupItemEvent]: PLAYER picked up CRAFTING_TABLE
[18:11:09][EntityPickupItemEvent]: PLAYER picked up COBBLESTONE
[18:11:11][EntityPickupItemEvent]: PLAYER picked up TORCH
[18:11:12][EntityPickupItemEvent]: PLAYER picked up COBBLESTONE
[18:11:46][EntityPickupItemEvent]: PLAYER picked up DIORITE
[18:12:06][EntityPickupItemEvent]: PLAYER picked up COBBLESTONE
[18:12:12][EntityPickupItemEvent]: PLAYER picked up COBBLESTONE
[18:13:06][EntityPickupItemEvent]: PLAYER picked up COBBLESTONE
[18:13:12][EntityPickupItemEvent]: PLAYER picked up COBBLESTONE
[18:13:23][EntityPickupItemEvent]: PLAYER picked up COBBLESTONE
[18:13:36][EntityPickupItemEvent]: PLAYER picked up TORCH
[18:13:37][EntityPickupItemEvent]: PLAYER picked up COBBLESTONE
[18:13:38][EntityPickupItemEvent]: PLAYER picked up COBBLESTONE
[18:13:41][EntityPickupItemEvent]: PLAYER picked up COBBLESTONE
[18:13:44][EntityPickupItemEvent]: PLAYER picked up COBBLESTONE
[18:13:44][EntityPickupItemEvent]: PLAYER picked up COBBLESTONE
[18:13:46][EntityPickupItemEvent]: PLAYER picked up COBBLESTONE
[18:13:47][EntityPickupItemEvent]: PLAYER picked up COBBLESTONE
[18:13:48][EntityPickupItemEvent]: PLAYER picked up COBBLESTONE
[18:13:49][EntityPickupItemEvent]: PLAYER picked up COBBLESTONE
[18:13:50][EntityPickupItemEvent]: PLAYER picked up COBBLESTONE
[18:13:51][EntityPickupItemEvent]: PLAYER picked up COBBLESTONE
[18:13:52][EntityPickupItemEvent]: PLAYER picked up COBBLESTONE
[18:13:54][EntityPickupItemEvent]: PLAYER picked up COBBLESTONE
[18:13:58][EntityPickupItemEvent]: PLAYER picked up COBBLESTONE
[18:13:58][EntityPickupItemEvent]: PLAYER picked up COBBLESTONE
[18:13:59][EntityPickupItemEvent]: PLAYER picked up COBBLESTONE
[18:14:00][EntityPickupItemEvent]: PLAYER picked up COBBLESTONE
[18:14:00][EntityPickupItemEvent]: PLAYER picked up COBBLESTONE
[18:14:01][EntityPickupItemEvent]: PLAYER picked up COBBLESTONE
[18:14:02][EntityPickupItemEvent]: PLAYER picked up COBBLESTONE
[18:14:02][EntityPickupItemEvent]: PLAYER picked up COBBLESTONE
[18:14:03][EntityPickupItemEvent]: PLAYER picked up COBBLESTONE
[18:14:04][EntityPickupItemEvent]: PLAYER picked up COBBLESTONE
[18:14:05][EntityPickupItemEvent]: PLAYER picked up COBBLESTONE
[18:14:06][EntityPickupItemEvent]: PLAYER picked up COBBLESTONE
[18:14:07][EntityPickupItemEvent]: PLAYER picked up COBBLESTONE
[18:14:10][EntityPickupItemEvent]: PLAYER picked up COBBLESTONE
[18:14:11][EntityPickupItemEvent]: PLAYER picked up COBBLESTONE
[18:14:11][EntityPickupItemEvent]: PLAYER picked up COBBLESTONE
[18:14:12][EntityPickupItemEvent]: PLAYER picked up COBBLESTONE
[18:14:13][EntityPickupItemEvent]: PLAYER picked up COBBLESTONE
[18:14:15][EntityPickupItemEvent]: PLAYER picked up COBBLESTONE
[18:14:17][EntityPickupItemEvent]: PLAYER picked up COBBLESTONE
[18:14:17][EntityPickupItemEvent]: PLAYER picked up COBBLESTONE
[18:14:18][EntityPickupItemEvent]: PLAYER picked up COBBLESTONE
[18:14:19][EntityPickupItemEvent]: PLAYER picked up COBBLESTONE
[18:14:19][EntityPickupItemEvent]: PLAYER picked up COBBLESTONE
[18:14:20][EntityPickupItemEvent]: PLAYER picked up COBBLESTONE
[18:15:11][EntityPickupItemEvent]: PLAYER picked up COBBLESTONE
[18:15:12][EntityPickupItemEvent]: PLAYER picked up COBBLESTONE
[18:15:13][EntityPickupItemEvent]: PLAYER picked up COBBLESTONE
[18:15:16][EntityPickupItemEvent]: PLAYER picked up COBBLESTONE
[18:15:17][EntityPickupItemEvent]: PLAYER picked up COBBLESTONE
[18:15:18][EntityPickupItemEvent]: PLAYER picked up COBBLESTONE
[18:16:06][EntityPickupItemEvent]: PLAYER picked up COBBLESTONE
[18:16:09][EntityPickupItemEvent]: PLAYER picked up COBBLESTONE
[18:16:15][EntityPickupItemEvent]: PLAYER picked up COBBLESTONE
[18:16:16][EntityPickupItemEvent]: PLAYER picked up COBBLESTONE
[18:16:17][EntityPickupItemEvent]: PLAYER picked up COBBLESTONE
[18:16:20][EntityPickupItemEvent]: PLAYER picked up COBBLESTONE
[18:16:21][EntityPickupItemEvent]: PLAYER picked up COBBLESTONE
[18:16:24][EntityPickupItemEvent]: PLAYER picked up COBBLESTONE
[18:16:47][EntityPickupItemEvent]: PLAYER picked up COBBLESTONE
[18:16:55][EntityPickupItemEvent]: PLAYER picked up COBBLESTONE
[18:16:56][EntityPickupItemEvent]: PLAYER picked up COBBLESTONE
[18:17:54][EntityPickupItemEvent]: PLAYER picked up CRAFTING_TABLE
[18:19:46][EntityPickupItemEvent]: PLAYER picked up DIORITE
[18:19:59][EntityPickupItemEvent]: PLAYER picked up COBBLESTONE
[18:20:00][EntityPickupItemEvent]: PLAYER picked up COBBLESTONE
[18:20:02][EntityPickupItemEvent]: PLAYER picked up COBBLESTONE
[18:20:05][EntityPickupItemEvent]: PLAYER picked up COBBLESTONE
[18:20:06][EntityPickupItemEvent]: PLAYER picked up COBBLESTONE
[18:20:06][EntityPickupItemEvent]: PLAYER picked up COBBLESTONE
[18:20:08][EntityPickupItemEvent]: PLAYER picked up COBBLESTONE
[18:20:11][EntityPickupItemEvent]: PLAYER picked up COBBLESTONE
[18:20:11][EntityPickupItemEvent]: PLAYER picked up COBBLESTONE
[18:27:27][EntityPickupItemEvent]: PLAYER picked up COBBLESTONE
[18:27:27][EntityPickupItemEvent]: PLAYER picked up COBBLESTONE
[18:27:29][EntityPickupItemEvent]: PLAYER picked up COBBLESTONE
[18:27:30][EntityPickupItemEvent]: PLAYER picked up COBBLESTONE
[18:31:42][EntityPickupItemEvent]: PLAYER picked up PLAYER_HEAD
[18:31:49][EntityPickupItemEvent]: PLAYER picked up PLAYER_HEAD
[18:32:47][EntityPickupItemEvent]: PLAYER picked up TORCH
[18:32:58][EntityPickupItemEvent]: PLAYER picked up TORCH
[18:32:58][EntityPickupItemEvent]: PLAYER picked up TORCH
[18:33:06][EntityPickupItemEvent]: PLAYER picked up CRAFTING_TABLE
[18:33:39][EntityPickupItemEvent]: PLAYER picked up GRANITE
[18:33:42][EntityPickupItemEvent]: PLAYER picked up COBBLESTONE
[18:33:42][EntityPickupItemEvent]: PLAYER picked up COBBLESTONE
[18:33:43][EntityPickupItemEvent]: PLAYER picked up COBBLESTONE
[18:34:11][EntityPickupItemEvent]: PLAYER picked up ANDESITE
[18:34:12][EntityPickupItemEvent]: PLAYER picked up ANDESITE
[18:34:18][EntityPickupItemEvent]: PLAYER picked up ANDESITE
[18:34:21][EntityPickupItemEvent]: PLAYER picked up COBBLESTONE
[18:34:21][EntityPickupItemEvent]: PLAYER picked up ANDESITE
[18:34:21][EntityPickupItemEvent]: PLAYER picked up ANDESITE
[18:34:23][EntityPickupItemEvent]: PLAYER picked up COBBLESTONE
[18:34:24][EntityPickupItemEvent]: PLAYER picked up COBBLESTONE
[18:34:27][EntityPickupItemEvent]: PLAYER picked up COBBLESTONE
[18:34:29][EntityPickupItemEvent]: PLAYER picked up COBBLESTONE
[18:34:31][EntityPickupItemEvent]: PLAYER picked up COBBLESTONE
[18:34:32][EntityPickupItemEvent]: PLAYER picked up COBBLESTONE
[18:34:33][EntityPickupItemEvent]: PLAYER picked up COBBLESTONE
[18:34:35][EntityPickupItemEvent]: PLAYER picked up COBBLESTONE
[18:34:40][EntityPickupItemEvent]: PLAYER picked up COBBLESTONE
[18:34:44][EntityPickupItemEvent]: PLAYER picked up COBBLESTONE
[18:34:45][EntityPickupItemEvent]: PLAYER picked up COBBLESTONE
[18:34:47][EntityPickupItemEvent]: PLAYER picked up COBBLESTONE
[18:34:48][EntityPickupItemEvent]: PLAYER picked up COBBLESTONE
[18:34:50][EntityPickupItemEvent]: PLAYER picked up COBBLESTONE
[18:34:51][EntityPickupItemEvent]: PLAYER picked up COBBLESTONE
[18:34:52][EntityPickupItemEvent]: PLAYER picked up COBBLESTONE
[18:34:53][EntityPickupItemEvent]: PLAYER picked up COBBLESTONE
[18:34:54][EntityPickupItemEvent]: PLAYER picked up COBBLESTONE
[18:34:55][EntityPickupItemEvent]: PLAYER picked up COBBLESTONE
[18:34:59][EntityPickupItemEvent]: PLAYER picked up COBBLESTONE
[18:35:05][EntityPickupItemEvent]: PLAYER picked up COBBLESTONE
[18:35:09][EntityPickupItemEvent]: PLAYER picked up COBBLESTONE
[18:35:10][EntityPickupItemEvent]: PLAYER picked up COBBLESTONE
[18:35:10][EntityPickupItemEvent]: PLAYER picked up COBBLESTONE
[18:35:12][EntityPickupItemEvent]: PLAYER picked up IRON_ORE
[18:35:14][EntityPickupItemEvent]: PLAYER picked up IRON_ORE
[18:35:15][EntityPickupItemEvent]: PLAYER picked up IRON_ORE
[18:35:17][EntityPickupItemEvent]: PLAYER picked up IRON_ORE
[18:35:18][EntityPickupItemEvent]: PLAYER picked up IRON_ORE
[18:35:21][EntityPickupItemEvent]: PLAYER picked up IRON_ORE
[18:35:23][EntityPickupItemEvent]: PLAYER picked up IRON_ORE
[18:35:24][EntityPickupItemEvent]: PLAYER picked up COBBLESTONE
[18:35:24][EntityPickupItemEvent]: PLAYER picked up COBBLESTONE
[18:35:26][EntityPickupItemEvent]: PLAYER picked up IRON_ORE
[18:35:29][EntityPickupItemEvent]: PLAYER picked up COBBLESTONE
[18:35:30][EntityPickupItemEvent]: PLAYER picked up COBBLESTONE
[18:35:31][EntityPickupItemEvent]: PLAYER picked up COBBLESTONE
[18:35:34][EntityPickupItemEvent]: PLAYER picked up COBBLESTONE
[18:35:34][EntityPickupItemEvent]: PLAYER picked up COBBLESTONE
[18:35:35][EntityPickupItemEvent]: PLAYER picked up COBBLESTONE
[18:35:36][EntityPickupItemEvent]: PLAYER picked up COBBLESTONE
[18:35:37][EntityPickupItemEvent]: PLAYER picked up IRON_ORE
[18:35:39][EntityPickupItemEvent]: PLAYER picked up COBBLESTONE
[18:35:40][EntityPickupItemEvent]: PLAYER picked up IRON_ORE
[18:35:42][EntityPickupItemEvent]: PLAYER picked up IRON_ORE
[18:35:43][EntityPickupItemEvent]: PLAYER picked up IRON_ORE
[18:35:50][EntityPickupItemEvent]: PLAYER picked up COBBLESTONE
[18:35:51][EntityPickupItemEvent]: PLAYER picked up COBBLESTONE
[18:35:52][EntityPickupItemEvent]: PLAYER picked up COBBLESTONE
[18:35:53][EntityPickupItemEvent]: PLAYER picked up COBBLESTONE
[18:35:56][EntityPickupItemEvent]: PLAYER picked up COBBLESTONE
[18:35:58][EntityPickupItemEvent]: PLAYER picked up IRON_ORE
[18:36:00][EntityPickupItemEvent]: PLAYER picked up COBBLESTONE
[18:36:01][EntityPickupItemEvent]: PLAYER picked up IRON_ORE
[18:36:01][EntityPickupItemEvent]: PLAYER picked up IRON_ORE
[18:36:09][EntityPickupItemEvent]: PLAYER picked up COBBLESTONE
[18:36:59][EntityPickupItemEvent]: PLAYER picked up COBBLESTONE
[18:37:01][EntityPickupItemEvent]: PLAYER picked up COBBLESTONE
[18:37:02][EntityPickupItemEvent]: PLAYER picked up COBBLESTONE
[18:37:03][EntityPickupItemEvent]: PLAYER picked up COBBLESTONE
[18:37:04][EntityPickupItemEvent]: PLAYER picked up COBBLESTONE
[18:37:06][EntityPickupItemEvent]: PLAYER picked up COBBLESTONE
[18:37:07][EntityPickupItemEvent]: PLAYER picked up COBBLESTONE
[18:37:09][EntityPickupItemEvent]: PLAYER picked up COBBLESTONE
[18:37:10][EntityPickupItemEvent]: PLAYER picked up COBBLESTONE
[18:37:14][EntityPickupItemEvent]: PLAYER picked up COBBLESTONE
[18:37:14][EntityPickupItemEvent]: PLAYER picked up COBBLESTONE
[18:37:15][EntityPickupItemEvent]: PLAYER picked up COBBLESTONE
[18:37:16][EntityPickupItemEvent]: PLAYER picked up ANDESITE
[18:37:17][EntityPickupItemEvent]: PLAYER picked up COBBLESTONE
[18:37:19][EntityPickupItemEvent]: PLAYER picked up ANDESITE
[18:37:21][EntityPickupItemEvent]: PLAYER picked up COBBLESTONE
[18:37:21][EntityPickupItemEvent]: PLAYER picked up COBBLESTONE
[18:37:22][EntityPickupItemEvent]: PLAYER picked up ANDESITE
[18:37:24][EntityPickupItemEvent]: PLAYER picked up IRON_ORE
[18:37:25][EntityPickupItemEvent]: PLAYER picked up IRON_ORE
[18:37:27][EntityPickupItemEvent]: PLAYER picked up IRON_ORE
[18:37:29][EntityPickupItemEvent]: PLAYER picked up COBBLESTONE
[18:37:31][EntityPickupItemEvent]: PLAYER picked up STONE_PICKAXE
[18:37:33][EntityPickupItemEvent]: PLAYER picked up IRON_ORE
[18:37:36][EntityPickupItemEvent]: PLAYER picked up ANDESITE
[18:37:37][EntityPickupItemEvent]: PLAYER picked up ANDESITE
[18:37:38][EntityPickupItemEvent]: PLAYER picked up ANDESITE
[18:37:39][EntityPickupItemEvent]: PLAYER picked up ANDESITE
[18:37:40][EntityPickupItemEvent]: PLAYER picked up ANDESITE
[18:37:41][EntityPickupItemEvent]: PLAYER picked up ANDESITE
[18:37:42][EntityPickupItemEvent]: PLAYER picked up ANDESITE
[18:37:43][EntityPickupItemEvent]: PLAYER picked up ANDESITE
[18:37:45][EntityPickupItemEvent]: PLAYER picked up ANDESITE
[18:37:45][EntityPickupItemEvent]: PLAYER picked up ANDESITE
[18:37:46][EntityPickupItemEvent]: PLAYER picked up ANDESITE
[18:37:47][EntityPickupItemEvent]: PLAYER picked up ANDESITE
[18:37:56][EntityPickupItemEvent]: PLAYER picked up ANDESITE
[18:37:58][EntityPickupItemEvent]: PLAYER picked up ANDESITE
[18:37:58][EntityPickupItemEvent]: PLAYER picked up ANDESITE
[18:37:59][EntityPickupItemEvent]: PLAYER picked up COBBLESTONE
[18:38:03][EntityPickupItemEvent]: PLAYER picked up ANDESITE
[18:38:03][EntityPickupItemEvent]: PLAYER picked up ANDESITE
[18:38:04][EntityPickupItemEvent]: PLAYER picked up ANDESITE
[18:38:04][EntityPickupItemEvent]: PLAYER picked up COBBLESTONE
[18:38:05][EntityPickupItemEvent]: PLAYER picked up COBBLESTONE
[18:38:06][EntityPickupItemEvent]: PLAYER picked up COBBLESTONE
[18:38:09][EntityPickupItemEvent]: PLAYER picked up COBBLESTONE
[18:38:10][EntityPickupItemEvent]: PLAYER picked up COBBLESTONE
[18:38:13][EntityPickupItemEvent]: PLAYER picked up COBBLESTONE
[18:38:13][EntityPickupItemEvent]: PLAYER picked up COBBLESTONE
[18:38:14][EntityPickupItemEvent]: PLAYER picked up ANDESITE
[18:38:26][EntityPickupItemEvent]: PLAYER picked up COBBLESTONE
[18:38:28][EntityPickupItemEvent]: PLAYER picked up TORCH
[18:38:28][EntityPickupItemEvent]: PLAYER picked up COBBLESTONE
[18:39:00][EntityPickupItemEvent]: PLAYER picked up TORCH
[18:39:01][EntityPickupItemEvent]: PLAYER picked up COAL
[18:39:02][EntityPickupItemEvent]: PLAYER picked up FURNACE
[18:39:02][EntityPickupItemEvent]: PLAYER picked up COAL
[18:39:03][EntityPickupItemEvent]: PLAYER picked up COAL
[18:39:07][EntityPickupItemEvent]: PLAYER picked up COBBLESTONE
[18:39:11][EntityPickupItemEvent]: PLAYER picked up COAL
[18:39:12][EntityPickupItemEvent]: PLAYER picked up COAL
[18:39:14][EntityPickupItemEvent]: PLAYER picked up COBBLESTONE
[18:39:14][EntityPickupItemEvent]: PLAYER picked up COAL
[18:39:16][EntityPickupItemEvent]: PLAYER picked up COAL
[18:39:17][EntityPickupItemEvent]: PLAYER picked up COAL
[18:39:17][EntityPickupItemEvent]: PLAYER picked up COAL
[18:39:24][EntityPickupItemEvent]: PLAYER picked up COAL
[18:39:26][EntityPickupItemEvent]: PLAYER picked up COAL
[18:39:28][EntityPickupItemEvent]: PLAYER picked up COAL
[18:39:30][EntityPickupItemEvent]: PLAYER picked up COAL
[18:39:32][EntityPickupItemEvent]: PLAYER picked up COAL
[18:39:33][EntityPickupItemEvent]: PLAYER picked up COAL
[18:39:35][EntityPickupItemEvent]: PLAYER picked up GRAVEL
[18:39:35][EntityPickupItemEvent]: PLAYER picked up COBBLESTONE
[18:39:38][EntityPickupItemEvent]: PLAYER picked up COAL
[18:39:38][EntityPickupItemEvent]: PLAYER picked up COAL
[18:39:39][EntityPickupItemEvent]: PLAYER picked up COAL
[18:39:41][EntityPickupItemEvent]: PLAYER picked up COAL
[18:39:42][EntityPickupItemEvent]: PLAYER picked up COAL
[18:39:46][EntityPickupItemEvent]: PLAYER picked up COAL
[18:40:02][EntityPickupItemEvent]: PLAYER picked up COBBLESTONE
[18:40:03][EntityPickupItemEvent]: PLAYER picked up COBBLESTONE
[18:40:04][EntityPickupItemEvent]: PLAYER picked up COBBLESTONE
[18:40:05][EntityPickupItemEvent]: PLAYER picked up COBBLESTONE
[18:40:06][EntityPickupItemEvent]: PLAYER picked up COBBLESTONE
[18:40:07][EntityPickupItemEvent]: PLAYER picked up COBBLESTONE
[18:40:08][EntityPickupItemEvent]: PLAYER picked up COBBLESTONE
[18:40:09][EntityPickupItemEvent]: PLAYER picked up COBBLESTONE
[18:40:10][EntityPickupItemEvent]: PLAYER picked up COBBLESTONE
[18:40:11][EntityPickupItemEvent]: PLAYER picked up COBBLESTONE
[18:40:12][EntityPickupItemEvent]: PLAYER picked up COBBLESTONE
[18:40:13][EntityPickupItemEvent]: PLAYER picked up COBBLESTONE
[18:40:14][EntityPickupItemEvent]: PLAYER picked up COBBLESTONE
[18:40:14][EntityPickupItemEvent]: PLAYER picked up GRANITE
[18:40:19][EntityPickupItemEvent]: PLAYER picked up GRANITE
[18:40:19][EntityPickupItemEvent]: PLAYER picked up COBBLESTONE
[18:40:20][EntityPickupItemEvent]: PLAYER picked up COBBLESTONE
[18:40:20][EntityPickupItemEvent]: PLAYER picked up COBBLESTONE
[18:40:21][EntityPickupItemEvent]: PLAYER picked up GRANITE
[18:40:23][EntityPickupItemEvent]: PLAYER picked up COBBLESTONE
[18:40:23][EntityPickupItemEvent]: PLAYER picked up GRANITE
[18:40:24][EntityPickupItemEvent]: PLAYER picked up ANDESITE
[18:40:27][EntityPickupItemEvent]: PLAYER picked up ANDESITE
[18:40:31][EntityPickupItemEvent]: PLAYER picked up ANDESITE
[18:40:31][EntityPickupItemEvent]: PLAYER picked up ANDESITE
[18:40:31][EntityPickupItemEvent]: PLAYER picked up ANDESITE
[18:40:32][EntityPickupItemEvent]: PLAYER picked up ANDESITE
[18:40:33][EntityPickupItemEvent]: PLAYER picked up ANDESITE
[18:40:34][EntityPickupItemEvent]: PLAYER picked up ANDESITE
[18:40:34][EntityPickupItemEvent]: PLAYER picked up ANDESITE
[18:40:35][EntityPickupItemEvent]: PLAYER picked up ANDESITE
[18:40:36][EntityPickupItemEvent]: PLAYER picked up ANDESITE
[18:40:36][EntityPickupItemEvent]: PLAYER picked up ANDESITE
[18:40:37][EntityPickupItemEvent]: PLAYER picked up COBBLESTONE
[18:40:39][EntityPickupItemEvent]: PLAYER picked up ANDESITE
[18:40:40][EntityPickupItemEvent]: PLAYER picked up COBBLESTONE
[18:40:42][EntityPickupItemEvent]: PLAYER picked up COBBLESTONE
[18:40:45][EntityPickupItemEvent]: PLAYER picked up ANDESITE
[18:40:46][EntityPickupItemEvent]: PLAYER picked up COBBLESTONE
[18:40:47][EntityPickupItemEvent]: PLAYER picked up COBBLESTONE
[18:40:48][EntityPickupItemEvent]: PLAYER picked up COBBLESTONE
[18:40:55][EntityPickupItemEvent]: PLAYER picked up COBBLESTONE
[18:40:55][EntityPickupItemEvent]: PLAYER picked up COBBLESTONE
[18:40:55][EntityPickupItemEvent]: PLAYER picked up COBBLESTONE
[18:40:56][EntityPickupItemEvent]: PLAYER picked up COBBLESTONE
[18:40:57][EntityPickupItemEvent]: PLAYER picked up COBBLESTONE
[18:40:58][EntityPickupItemEvent]: PLAYER picked up COBBLESTONE
[18:41:03][EntityPickupItemEvent]: PLAYER picked up COBBLESTONE
[18:41:03][EntityPickupItemEvent]: PLAYER picked up COBBLESTONE
[18:41:04][EntityPickupItemEvent]: PLAYER picked up COBBLESTONE
[18:41:05][EntityPickupItemEvent]: PLAYER picked up COBBLESTONE
[18:41:06][EntityPickupItemEvent]: PLAYER picked up COBBLESTONE
[18:41:06][EntityPickupItemEvent]: PLAYER picked up COBBLESTONE
[18:41:07][EntityPickupItemEvent]: PLAYER picked up COBBLESTONE
[18:41:10][EntityPickupItemEvent]: PLAYER picked up COBBLESTONE
[18:41:11][EntityPickupItemEvent]: PLAYER picked up COBBLESTONE
[18:41:11][EntityPickupItemEvent]: PLAYER picked up COBBLESTONE
[18:41:12][EntityPickupItemEvent]: PLAYER picked up COBBLESTONE
[18:41:13][EntityPickupItemEvent]: PLAYER picked up COBBLESTONE
[18:41:14][EntityPickupItemEvent]: PLAYER picked up COBBLESTONE
[18:41:16][EntityPickupItemEvent]: PLAYER picked up COBBLESTONE
[18:41:17][EntityPickupItemEvent]: PLAYER picked up COBBLESTONE
[18:41:17][EntityPickupItemEvent]: PLAYER picked up COBBLESTONE
[18:41:19][EntityPickupItemEvent]: PLAYER picked up COBBLESTONE
[18:41:20][EntityPickupItemEvent]: PLAYER picked up GRANITE
[18:42:19][EntityPickupItemEvent]: PLAYER picked up CRAFTING_TABLE
[18:42:47][EntityPickupItemEvent]: PLAYER picked up TORCH
[18:42:50][EntityPickupItemEvent]: PLAYER picked up TORCH
[18:43:17][EntityPickupItemEvent]: PLAYER picked up ROTTEN_FLESH
[18:46:28][EntityPickupItemEvent]: PLAYER picked up OAK_LOG
[18:46:38][EntityPickupItemEvent]: PLAYER picked up OAK_LOG
[18:46:41][EntityPickupItemEvent]: PLAYER picked up TORCH
[18:48:38][EntityPickupItemEvent]: PLAYER picked up TORCH
[18:51:42][EntityPickupItemEvent]: PLAYER picked up OAK_LOG
[18:51:43][EntityPickupItemEvent]: PLAYER picked up OAK_LOG
[18:51:44][EntityPickupItemEvent]: PLAYER picked up OAK_LOG
[18:51:45][EntityPickupItemEvent]: PLAYER picked up OAK_LOG
[18:51:50][EntityPickupItemEvent]: PLAYER picked up OAK_LOG
[18:51:53][EntityPickupItemEvent]: PLAYER picked up OAK_LOG
[18:52:00][EntityPickupItemEvent]: PLAYER picked up OAK_LOG
[18:52:04][EntityPickupItemEvent]: PLAYER picked up OAK_LOG
[18:52:07][EntityPickupItemEvent]: PLAYER picked up OAK_LOG
[18:52:09][EntityPickupItemEvent]: PLAYER picked up OAK_LOG
[18:52:13][EntityPickupItemEvent]: PLAYER picked up OAK_LOG
[18:52:16][EntityPickupItemEvent]: PLAYER picked up OAK_SAPLING
[18:52:23][EntityPickupItemEvent]: PLAYER picked up OAK_LOG
[18:52:33][EntityPickupItemEvent]: PLAYER picked up OAK_LOG
[18:52:34][EntityPickupItemEvent]: PLAYER picked up OAK_LOG
[18:52:35][EntityPickupItemEvent]: PLAYER picked up OAK_LOG
[18:52:37][EntityPickupItemEvent]: PLAYER picked up OAK_LOG
[18:52:38][EntityPickupItemEvent]: PLAYER picked up OAK_LOG
[18:52:46][EntityPickupItemEvent]: PLAYER picked up OAK_LOG
[18:52:48][EntityPickupItemEvent]: PLAYER picked up OAK_LOG
[18:52:49][EntityPickupItemEvent]: PLAYER picked up OAK_LOG
[18:52:51][EntityPickupItemEvent]: PLAYER picked up OAK_LOG
[18:52:58][EntityPickupItemEvent]: PLAYER picked up OAK_LOG
[18:53:00][EntityPickupItemEvent]: PLAYER picked up OAK_LOG
[18:53:02][EntityPickupItemEvent]: PLAYER picked up OAK_LOG
[18:53:03][EntityPickupItemEvent]: PLAYER picked up OAK_LOG
[18:53:04][EntityPickupItemEvent]: PLAYER picked up OAK_LOG
[18:53:13][EntityPickupItemEvent]: PLAYER picked up OAK_SAPLING
[18:53:50][EntityPickupItemEvent]: PLAYER picked up OAK_LOG
[18:53:51][EntityPickupItemEvent]: PLAYER picked up OAK_LOG
[18:53:52][EntityPickupItemEvent]: PLAYER picked up OAK_LOG
[18:53:53][EntityPickupItemEvent]: PLAYER picked up OAK_LOG
[18:53:54][EntityPickupItemEvent]: PLAYER picked up OAK_LOG
[18:53:57][EntityPickupItemEvent]: PLAYER picked up OAK_LOG
[18:53:59][EntityPickupItemEvent]: PLAYER picked up OAK_LOG
[18:54:01][EntityPickupItemEvent]: PLAYER picked up OAK_LOG
[18:54:01][EntityPickupItemEvent]: PLAYER picked up OAK_LOG
[18:54:02][EntityPickupItemEvent]: PLAYER picked up OAK_LOG
[18:54:07][EntityPickupItemEvent]: PLAYER picked up OAK_LOG
[18:54:08][EntityPickupItemEvent]: PLAYER picked up OAK_LOG
[18:54:09][EntityPickupItemEvent]: PLAYER picked up OAK_LOG
[18:54:13][EntityPickupItemEvent]: PLAYER picked up OAK_LOG
[18:54:14][EntityPickupItemEvent]: PLAYER picked up OAK_LOG
[18:54:15][EntityPickupItemEvent]: PLAYER picked up OAK_LOG
[18:54:16][EntityPickupItemEvent]: PLAYER picked up OAK_LOG
[18:54:17][EntityPickupItemEvent]: PLAYER picked up OAK_LOG
[18:54:17][EntityPickupItemEvent]: PLAYER picked up OAK_LOG
[18:54:56][EntityPickupItemEvent]: PLAYER picked up OAK_LOG
[18:54:57][EntityPickupItemEvent]: PLAYER picked up OAK_LOG
[18:54:58][EntityPickupItemEvent]: PLAYER picked up OAK_LOG
[18:54:59][EntityPickupItemEvent]: PLAYER picked up OAK_LOG
[18:55:00][EntityPickupItemEvent]: PLAYER picked up OAK_LOG
[18:55:02][EntityPickupItemEvent]: PLAYER picked up OAK_LOG
[18:55:03][EntityPickupItemEvent]: PLAYER picked up OAK_LOG
[18:55:05][EntityPickupItemEvent]: PLAYER picked up OAK_LOG
[18:55:06][EntityPickupItemEvent]: PLAYER picked up OAK_LOG
[18:55:07][EntityPickupItemEvent]: PLAYER picked up OAK_LOG
[18:55:14][EntityPickupItemEvent]: PLAYER picked up OAK_LOG
[18:55:15][EntityPickupItemEvent]: PLAYER picked up OAK_LOG
[18:55:16][EntityPickupItemEvent]: PLAYER picked up OAK_LOG
[18:55:17][EntityPickupItemEvent]: PLAYER picked up OAK_LOG
[18:55:18][EntityPickupItemEvent]: PLAYER picked up OAK_LOG
[18:55:24][EntityPickupItemEvent]: PLAYER picked up OAK_LOG
[18:55:25][EntityPickupItemEvent]: PLAYER picked up OAK_LOG
[18:55:26][EntityPickupItemEvent]: PLAYER picked up OAK_LOG
[18:55:27][EntityPickupItemEvent]: PLAYER picked up OAK_LOG
[18:55:28][EntityPickupItemEvent]: PLAYER picked up OAK_LOG
[18:55:30][EntityPickupItemEvent]: PLAYER picked up OAK_LOG
[18:56:57][EntityPickupItemEvent]: PLAYER picked up ROTTEN_FLESH
[18:56:57][EntityPickupItemEvent]: PLAYER picked up STICK
[18:57:07][EntityPickupItemEvent]: PLAYER picked up OAK_LOG
[18:57:07][EntityPickupItemEvent]: PLAYER picked up OAK_LOG
[18:57:09][EntityPickupItemEvent]: PLAYER picked up OAK_LOG
[18:57:11][EntityPickupItemEvent]: PLAYER picked up OAK_LOG
[18:57:11][EntityPickupItemEvent]: PLAYER picked up OAK_LOG
[18:57:11][EntityPickupItemEvent]: PLAYER picked up OAK_LOG
[18:57:14][EntityPickupItemEvent]: PLAYER picked up OAK_LOG
[18:57:15][EntityPickupItemEvent]: PLAYER picked up OAK_LOG
[18:57:17][EntityPickupItemEvent]: PLAYER picked up OAK_LOG
[18:57:19][EntityPickupItemEvent]: PLAYER picked up OAK_LOG
[18:57:21][EntityPickupItemEvent]: PLAYER picked up OAK_LOG
[18:57:22][EntityPickupItemEvent]: PLAYER picked up OAK_LOG
[18:57:23][EntityPickupItemEvent]: PLAYER picked up OAK_LOG
[18:57:27][EntityPickupItemEvent]: PLAYER picked up OAK_LOG
[18:57:29][EntityPickupItemEvent]: PLAYER picked up OAK_LOG
[18:57:32][EntityPickupItemEvent]: PLAYER picked up OAK_LOG
[18:57:33][EntityPickupItemEvent]: PLAYER picked up OAK_LOG
[18:57:34][EntityPickupItemEvent]: PLAYER picked up OAK_LOG
[18:57:51][EntityPickupItemEvent]: PLAYER picked up OAK_LOG
[18:58:13][EntityPickupItemEvent]: PLAYER picked up OAK_LOG
[18:58:17][EntityPickupItemEvent]: PLAYER picked up OAK_LOG
[18:58:18][EntityPickupItemEvent]: PLAYER picked up OAK_LOG
[18:58:19][EntityPickupItemEvent]: PLAYER picked up OAK_LOG
[18:58:20][EntityPickupItemEvent]: PLAYER picked up OAK_LOG
[18:58:22][EntityPickupItemEvent]: PLAYER picked up OAK_LOG
[18:58:23][EntityPickupItemEvent]: PLAYER picked up OAK_LOG
[18:58:27][EntityPickupItemEvent]: PLAYER picked up OAK_LOG
[18:58:29][EntityPickupItemEvent]: PLAYER picked up OAK_LOG
[18:58:31][EntityPickupItemEvent]: PLAYER picked up STICK
[18:58:36][EntityPickupItemEvent]: PLAYER picked up OAK_LOG
[18:58:36][EntityPickupItemEvent]: PLAYER picked up OAK_LOG
[18:58:36][EntityPickupItemEvent]: PLAYER picked up OAK_LOG
[18:58:39][EntityPickupItemEvent]: PLAYER picked up OAK_LOG
[18:58:40][EntityPickupItemEvent]: PLAYER picked up OAK_LOG
[18:58:41][EntityPickupItemEvent]: PLAYER picked up OAK_LOG
[18:59:24][EntityPickupItemEvent]: PLAYER picked up OAK_SAPLING
[18:59:28][EntityPickupItemEvent]: PLAYER picked up OAK_LOG
[18:59:29][EntityPickupItemEvent]: PLAYER picked up OAK_LOG
[18:59:30][EntityPickupItemEvent]: PLAYER picked up OAK_LOG
[18:59:31][EntityPickupItemEvent]: PLAYER picked up OAK_LOG
[18:59:33][EntityPickupItemEvent]: PLAYER picked up STICK
[18:59:35][EntityPickupItemEvent]: PLAYER picked up OAK_SAPLING
[18:59:36][EntityPickupItemEvent]: PLAYER picked up STICK
[18:59:38][EntityPickupItemEvent]: PLAYER picked up OAK_LOG
[18:59:40][EntityPickupItemEvent]: PLAYER picked up OAK_LOG
[18:59:42][EntityPickupItemEvent]: PLAYER picked up OAK_LOG
[18:59:48][EntityPickupItemEvent]: PLAYER picked up OAK_LOG
[18:59:50][EntityPickupItemEvent]: PLAYER picked up OAK_LOG
[18:59:51][EntityPickupItemEvent]: PLAYER picked up OAK_LOG
[18:59:52][EntityPickupItemEvent]: PLAYER picked up OAK_SAPLING
[18:59:55][EntityPickupItemEvent]: PLAYER picked up OAK_LOG
[18:59:56][EntityPickupItemEvent]: PLAYER picked up OAK_LOG
[18:59:56][EntityPickupItemEvent]: PLAYER picked up OAK_LOG
[18:59:57][EntityPickupItemEvent]: PLAYER picked up OAK_LOG
[18:59:58][EntityPickupItemEvent]: PLAYER picked up OAK_LOG
[19:00:01][EntityPickupItemEvent]: PLAYER picked up OAK_LOG
[19:00:02][EntityPickupItemEvent]: PLAYER picked up OAK_LOG
[19:00:03][EntityPickupItemEvent]: PLAYER picked up OAK_LOG
[19:00:04][EntityPickupItemEvent]: PLAYER picked up OAK_LOG
[19:00:06][EntityPickupItemEvent]: PLAYER picked up OAK_LOG
[19:02:41][EntityPickupItemEvent]: PLAYER picked up DIRT
[19:03:12][EntityPickupItemEvent]: PLAYER picked up OAK_LOG
[19:03:13][EntityPickupItemEvent]: PLAYER picked up OAK_LOG
[19:03:15][EntityPickupItemEvent]: PLAYER picked up IRON_AXE
[19:03:17][EntityPickupItemEvent]: PLAYER picked up OAK_LOG
[19:03:18][EntityPickupItemEvent]: PLAYER picked up OAK_LOG
[19:03:24][EntityPickupItemEvent]: PLAYER picked up OAK_LOG
[19:03:25][EntityPickupItemEvent]: PLAYER picked up OAK_LOG
[19:03:26][EntityPickupItemEvent]: PLAYER picked up OAK_LOG
[19:03:27][EntityPickupItemEvent]: PLAYER picked up OAK_LOG
[19:03:28][EntityPickupItemEvent]: PLAYER picked up OAK_LOG
[19:03:28][EntityPickupItemEvent]: PLAYER picked up OAK_LOG
[19:03:31][EntityPickupItemEvent]: PLAYER picked up OAK_LOG
[19:03:31][EntityPickupItemEvent]: PLAYER picked up OAK_LOG
[19:03:31][EntityPickupItemEvent]: PLAYER picked up OAK_LOG
[19:03:32][EntityPickupItemEvent]: PLAYER picked up OAK_LOG
[19:03:33][EntityPickupItemEvent]: PLAYER picked up OAK_LOG
[19:03:34][EntityPickupItemEvent]: PLAYER picked up OAK_LOG
[19:03:36][EntityPickupItemEvent]: PLAYER picked up OAK_LOG
[19:03:36][EntityPickupItemEvent]: PLAYER picked up OAK_LOG
[19:03:37][EntityPickupItemEvent]: PLAYER picked up OAK_LOG
[19:03:38][EntityPickupItemEvent]: PLAYER picked up OAK_LOG
[19:03:39][EntityPickupItemEvent]: PLAYER picked up OAK_LOG
[19:03:40][EntityPickupItemEvent]: PLAYER picked up OAK_LOG
[19:03:41][EntityPickupItemEvent]: PLAYER picked up OAK_LOG
[19:03:42][EntityPickupItemEvent]: PLAYER picked up OAK_LOG
[19:03:45][EntityPickupItemEvent]: PLAYER picked up OAK_LOG
[19:03:45][EntityPickupItemEvent]: PLAYER picked up OAK_LOG
[19:03:46][EntityPickupItemEvent]: PLAYER picked up OAK_LOG
[19:03:47][EntityPickupItemEvent]: PLAYER picked up OAK_LOG
[19:03:48][EntityPickupItemEvent]: PLAYER picked up OAK_LOG
[19:03:48][EntityPickupItemEvent]: PLAYER picked up OAK_LOG
[19:03:52][EntityPickupItemEvent]: PLAYER picked up OAK_LOG
[19:03:54][EntityPickupItemEvent]: PLAYER picked up OAK_LOG
[19:03:54][EntityPickupItemEvent]: PLAYER picked up OAK_LOG
[19:03:55][EntityPickupItemEvent]: PLAYER picked up OAK_LOG
[19:05:20][EntityPickupItemEvent]: PLAYER picked up OAK_LOG
[19:05:21][EntityPickupItemEvent]: PLAYER picked up OAK_LOG
[19:05:25][EntityPickupItemEvent]: PLAYER picked up OAK_LOG
[19:05:27][EntityPickupItemEvent]: PLAYER picked up OAK_LOG
[19:05:28][EntityPickupItemEvent]: PLAYER picked up OAK_LOG
[19:05:30][EntityPickupItemEvent]: PLAYER picked up OAK_LOG
[19:05:31][EntityPickupItemEvent]: PLAYER picked up OAK_LOG
[19:05:35][EntityPickupItemEvent]: PLAYER picked up OAK_LOG
[19:05:35][EntityPickupItemEvent]: PLAYER picked up OAK_LOG
[19:05:37][EntityPickupItemEvent]: PLAYER picked up OAK_LOG
[19:05:38][EntityPickupItemEvent]: PLAYER picked up OAK_LOG
[19:05:39][EntityPickupItemEvent]: PLAYER picked up OAK_LOG
[19:05:40][EntityPickupItemEvent]: PLAYER picked up OAK_LOG
[19:05:40][EntityPickupItemEvent]: PLAYER picked up OAK_LOG
[19:05:41][EntityPickupItemEvent]: PLAYER picked up OAK_LOG
[19:05:42][EntityPickupItemEvent]: PLAYER picked up OAK_LOG
[19:05:49][EntityPickupItemEvent]: PLAYER picked up OAK_LOG
[19:05:49][EntityPickupItemEvent]: PLAYER picked up OAK_LOG
[19:05:57][EntityPickupItemEvent]: PLAYER picked up COBBLESTONE
[19:05:58][EntityPickupItemEvent]: PLAYER picked up OAK_LOG
[19:07:08][EntityPickupItemEvent]: PLAYER picked up OAK_LOG
[19:23:58][EntityPickupItemEvent]: PLAYER picked up ARROW
[19:23:58][EntityPickupItemEvent]: PLAYER picked up BONE
[19:24:44][EntityPickupItemEvent]: PLAYER picked up OAK_LOG
[19:24:47][EntityPickupItemEvent]: PLAYER picked up OAK_LOG
[19:24:52][EntityPickupItemEvent]: PLAYER picked up OAK_LOG
[19:24:55][EntityPickupItemEvent]: PLAYER picked up OAK_LOG
[19:24:57][EntityPickupItemEvent]: PLAYER picked up OAK_LOG
[19:24:58][EntityPickupItemEvent]: PLAYER picked up OAK_LOG
[19:24:59][EntityPickupItemEvent]: PLAYER picked up OAK_LOG
[19:25:01][EntityPickupItemEvent]: PLAYER picked up OAK_LOG
[19:25:02][EntityPickupItemEvent]: PLAYER picked up OAK_LOG
[19:25:03][EntityPickupItemEvent]: PLAYER picked up OAK_LOG
[19:25:04][EntityPickupItemEvent]: PLAYER picked up OAK_LOG
[19:25:05][EntityPickupItemEvent]: PLAYER picked up OAK_LOG
[19:25:07][EntityPickupItemEvent]: PLAYER picked up OAK_LOG
[19:25:08][EntityPickupItemEvent]: PLAYER picked up OAK_LOG
[19:25:09][EntityPickupItemEvent]: PLAYER picked up DIRT
[19:25:12][EntityPickupItemEvent]: PLAYER picked up DIRT
[19:25:13][EntityPickupItemEvent]: PLAYER picked up DIRT
[19:25:15][EntityPickupItemEvent]: PLAYER picked up DIRT
[19:25:17][EntityPickupItemEvent]: PLAYER picked up OAK_LOG
[19:25:21][EntityPickupItemEvent]: PLAYER picked up OAK_LOG
[19:25:24][EntityPickupItemEvent]: PLAYER picked up OAK_LOG
[19:25:28][EntityPickupItemEvent]: PLAYER picked up OAK_LOG
[19:25:31][EntityPickupItemEvent]: PLAYER picked up OAK_LOG
[19:25:32][EntityPickupItemEvent]: PLAYER picked up OAK_LOG
[19:25:33][EntityPickupItemEvent]: PLAYER picked up OAK_LOG
[19:25:35][EntityPickupItemEvent]: PLAYER picked up OAK_LOG
[19:25:36][EntityPickupItemEvent]: PLAYER picked up OAK_LOG
[19:25:37][EntityPickupItemEvent]: PLAYER picked up OAK_LOG
[19:25:38][EntityPickupItemEvent]: PLAYER picked up OAK_LOG
[19:25:44][EntityPickupItemEvent]: PLAYER picked up OAK_LOG
[19:25:51][EntityPickupItemEvent]: PLAYER picked up COBBLESTONE
[19:26:03][EntityPickupItemEvent]: PLAYER picked up OAK_LOG
[19:26:05][EntityPickupItemEvent]: PLAYER picked up OAK_LOG
[19:26:06][EntityPickupItemEvent]: PLAYER picked up OAK_LOG
[19:26:07][EntityPickupItemEvent]: PLAYER picked up OAK_LOG
[19:26:08][EntityPickupItemEvent]: PLAYER picked up OAK_LOG
[19:26:11][EntityPickupItemEvent]: PLAYER picked up OAK_LOG
[19:26:12][EntityPickupItemEvent]: PLAYER picked up OAK_LOG
[19:26:17][EntityPickupItemEvent]: PLAYER picked up OAK_LOG
[19:26:18][EntityPickupItemEvent]: PLAYER picked up OAK_LOG
[19:26:21][EntityPickupItemEvent]: PLAYER picked up OAK_LOG
[19:26:22][EntityPickupItemEvent]: PLAYER picked up OAK_LOG
[19:26:28][EntityPickupItemEvent]: PLAYER picked up OAK_LOG
[19:26:35][EntityPickupItemEvent]: PLAYER picked up OAK_LOG
[19:26:46][EntityPickupItemEvent]: PLAYER picked up TORCH
[19:26:47][EntityPickupItemEvent]: PLAYER picked up TORCH
[19:27:03][EntityPickupItemEvent]: PLAYER picked up OAK_LOG
[19:27:03][EntityPickupItemEvent]: PLAYER picked up STONE_AXE
[19:27:12][EntityPickupItemEvent]: PLAYER picked up OAK_LOG
[19:28:37][EntityPickupItemEvent]: PLAYER picked up OAK_LOG
[19:28:42][EntityPickupItemEvent]: PLAYER picked up OAK_LOG
[19:29:13][EntityPickupItemEvent]: PLAYER picked up OAK_LOG
[19:29:19][EntityPickupItemEvent]: PLAYER picked up OAK_LOG
[19:29:26][EntityPickupItemEvent]: PLAYER picked up OAK_LOG
[19:29:32][EntityPickupItemEvent]: PLAYER picked up OAK_LOG
[19:29:35][EntityPickupItemEvent]: PLAYER picked up OAK_LOG
[19:29:57][EntityPickupItemEvent]: PLAYER picked up OAK_LOG
[19:30:08][EntityPickupItemEvent]: PLAYER picked up OAK_LOG
[19:30:11][EntityPickupItemEvent]: PLAYER picked up OAK_LOG
[19:30:15][EntityPickupItemEvent]: PLAYER picked up OAK_LOG
[19:30:33][EntityPickupItemEvent]: PLAYER picked up OAK_LOG
[19:30:37][EntityPickupItemEvent]: PLAYER picked up OAK_LOG
[19:30:43][EntityPickupItemEvent]: PLAYER picked up COBBLESTONE
[19:30:45][EntityPickupItemEvent]: PLAYER picked up COBBLESTONE
[19:30:46][EntityPickupItemEvent]: PLAYER picked up COBBLESTONE
[19:30:47][EntityPickupItemEvent]: PLAYER picked up COBBLESTONE
[19:30:48][EntityPickupItemEvent]: PLAYER picked up COBBLESTONE
[19:30:48][EntityPickupItemEvent]: PLAYER picked up COBBLESTONE
[19:30:49][EntityPickupItemEvent]: PLAYER picked up COBBLESTONE
[19:30:50][EntityPickupItemEvent]: PLAYER picked up COBBLESTONE
[19:30:51][EntityPickupItemEvent]: PLAYER picked up COBBLESTONE
[19:30:52][EntityPickupItemEvent]: PLAYER picked up COBBLESTONE
[19:30:52][EntityPickupItemEvent]: PLAYER picked up COBBLESTONE
[19:30:55][EntityPickupItemEvent]: PLAYER picked up COBBLESTONE
[19:30:56][EntityPickupItemEvent]: PLAYER picked up COBBLESTONE
[19:30:57][EntityPickupItemEvent]: PLAYER picked up COBBLESTONE
[19:30:58][EntityPickupItemEvent]: PLAYER picked up COBBLESTONE
[19:30:59][EntityPickupItemEvent]: PLAYER picked up COBBLESTONE
[19:31:01][EntityPickupItemEvent]: PLAYER picked up COBBLESTONE
[19:31:01][EntityPickupItemEvent]: PLAYER picked up COBBLESTONE
[19:31:02][EntityPickupItemEvent]: PLAYER picked up COBBLESTONE
[19:31:05][EntityPickupItemEvent]: PLAYER picked up COBBLESTONE
[19:31:24][EntityPickupItemEvent]: PLAYER picked up COBBLESTONE
[19:31:26][EntityPickupItemEvent]: PLAYER picked up COBBLESTONE
[19:31:27][EntityPickupItemEvent]: PLAYER picked up COBBLESTONE
[19:31:28][EntityPickupItemEvent]: PLAYER picked up COBBLESTONE
[19:31:28][EntityPickupItemEvent]: PLAYER picked up COBBLESTONE
[19:31:29][EntityPickupItemEvent]: PLAYER picked up COBBLESTONE
[19:31:30][EntityPickupItemEvent]: PLAYER picked up COBBLESTONE
[19:31:31][EntityPickupItemEvent]: PLAYER picked up COBBLESTONE
[19:31:31][EntityPickupItemEvent]: PLAYER picked up COBBLESTONE
[19:31:32][EntityPickupItemEvent]: PLAYER picked up COBBLESTONE
[19:31:33][EntityPickupItemEvent]: PLAYER picked up COBBLESTONE
[19:31:34][EntityPickupItemEvent]: PLAYER picked up COBBLESTONE
[19:31:35][EntityPickupItemEvent]: PLAYER picked up COBBLESTONE
[19:31:36][EntityPickupItemEvent]: PLAYER picked up COBBLESTONE
[19:31:37][EntityPickupItemEvent]: PLAYER picked up COBBLESTONE
[19:31:37][EntityPickupItemEvent]: PLAYER picked up COBBLESTONE
[19:31:39][EntityPickupItemEvent]: PLAYER picked up COBBLESTONE
[19:31:39][EntityPickupItemEvent]: PLAYER picked up COBBLESTONE
[19:31:40][EntityPickupItemEvent]: PLAYER picked up COBBLESTONE
[19:31:41][EntityPickupItemEvent]: PLAYER picked up COBBLESTONE
[19:31:42][EntityPickupItemEvent]: PLAYER picked up COBBLESTONE
[19:31:42][EntityPickupItemEvent]: PLAYER picked up COBBLESTONE
[19:31:43][EntityPickupItemEvent]: PLAYER picked up COBBLESTONE
[19:31:44][EntityPickupItemEvent]: PLAYER picked up COBBLESTONE
[19:31:46][EntityPickupItemEvent]: PLAYER picked up COBBLESTONE
[19:31:46][EntityPickupItemEvent]: PLAYER picked up COBBLESTONE
[19:31:48][EntityPickupItemEvent]: PLAYER picked up COBBLESTONE
[19:31:50][EntityPickupItemEvent]: PLAYER picked up COBBLESTONE
[19:31:53][EntityPickupItemEvent]: PLAYER picked up COBBLESTONE
[19:31:54][EntityPickupItemEvent]: PLAYER picked up COBBLESTONE
[19:31:55][EntityPickupItemEvent]: PLAYER picked up COBBLESTONE
[19:31:56][EntityPickupItemEvent]: PLAYER picked up COBBLESTONE
[19:31:58][EntityPickupItemEvent]: PLAYER picked up COBBLESTONE
[19:31:58][EntityPickupItemEvent]: PLAYER picked up COBBLESTONE
[19:32:07][EntityPickupItemEvent]: PLAYER picked up COBBLESTONE
[19:32:08][EntityPickupItemEvent]: PLAYER picked up COBBLESTONE
[19:32:10][EntityPickupItemEvent]: PLAYER picked up COBBLESTONE
[19:32:11][EntityPickupItemEvent]: PLAYER picked up COBBLESTONE
[19:32:11][EntityPickupItemEvent]: PLAYER picked up COBBLESTONE
[19:32:14][EntityPickupItemEvent]: PLAYER picked up COBBLESTONE
[19:32:15][EntityPickupItemEvent]: PLAYER picked up COBBLESTONE
[19:32:17][EntityPickupItemEvent]: PLAYER picked up COBBLESTONE
[19:32:21][EntityPickupItemEvent]: PLAYER picked up COBBLESTONE
[19:32:23][EntityPickupItemEvent]: PLAYER picked up COBBLESTONE
[19:32:24][EntityPickupItemEvent]: PLAYER picked up COBBLESTONE
[19:33:22][EntityPickupItemEvent]: PLAYER picked up COBBLESTONE
[19:33:23][EntityPickupItemEvent]: PLAYER picked up COBBLESTONE
[19:33:24][EntityPickupItemEvent]: PLAYER picked up COBBLESTONE
[19:33:25][EntityPickupItemEvent]: PLAYER picked up COBBLESTONE
[19:33:30][EntityPickupItemEvent]: PLAYER picked up COBBLESTONE
[19:33:33][EntityPickupItemEvent]: PLAYER picked up COBBLESTONE
[19:33:33][EntityPickupItemEvent]: PLAYER picked up COBBLESTONE
[19:33:44][EntityPickupItemEvent]: PLAYER picked up COBBLESTONE
[19:43:13][EntityPickupItemEvent]: PLAYER picked up COBBLESTONE
[19:43:14][EntityPickupItemEvent]: PLAYER picked up COBBLESTONE
[19:43:15][EntityPickupItemEvent]: PLAYER picked up COBBLESTONE
[19:43:30][EntityPickupItemEvent]: PLAYER picked up COBBLESTONE
[19:43:54][EntityPickupItemEvent]: PLAYER picked up COBBLESTONE
[19:43:56][EntityPickupItemEvent]: PLAYER picked up COBBLESTONE
[19:43:59][EntityPickupItemEvent]: PLAYER picked up COBBLESTONE
[19:44:17][EntityPickupItemEvent]: PLAYER picked up COBBLESTONE
[19:46:11][EntityPickupItemEvent]: PLAYER picked up OAK_LOG
[19:46:13][EntityPickupItemEvent]: PLAYER picked up OAK_PLANKS
[19:47:17][EntityPickupItemEvent]: PLAYER picked up OAK_PLANKS
[19:54:05][EntityPickupItemEvent]: PLAYER picked up COBBLESTONE
[19:54:07][EntityPickupItemEvent]: PLAYER picked up COBBLESTONE
[19:54:16][EntityPickupItemEvent]: PLAYER picked up TORCH
[19:54:29][EntityPickupItemEvent]: PLAYER picked up COBBLESTONE
[19:54:32][EntityPickupItemEvent]: PLAYER picked up COBBLESTONE
[19:55:01][EntityPickupItemEvent]: PLAYER picked up COBBLESTONE
[19:56:20][EntityPickupItemEvent]: PLAYER picked up OAK_PLANKS
[19:58:51][EntityPickupItemEvent]: PLAYER picked up OAK_PLANKS
[19:59:42][EntityPickupItemEvent]: PLAYER picked up CROSSBOW
[19:59:56][EntityPickupItemEvent]: PLAYER picked up WHITE_BANNER
[20:01:37][EntityPickupItemEvent]: PLAYER picked up OAK_PLANKS
[20:02:48][EntityPickupItemEvent]: PLAYER picked up OAK_PLANKS
[20:03:41][EntityPickupItemEvent]: PLAYER picked up OAK_PLANKS
[20:07:55][EntityPickupItemEvent]: PLAYER picked up OAK_PLANKS
[20:08:54][EntityPickupItemEvent]: PLAYER picked up OAK_PLANKS
[20:10:08][EntityPickupItemEvent]: PLAYER picked up OAK_PLANKS
[20:11:22][EntityPickupItemEvent]: PLAYER picked up OAK_PLANKS
[20:12:36][EntityPickupItemEvent]: PLAYER picked up OAK_PLANKS
[20:12:52][EntityPickupItemEvent]: PLAYER picked up OAK_PLANKS
[20:13:37][EntityPickupItemEvent]: PLAYER picked up OAK_PLANKS
[20:14:02][EntityPickupItemEvent]: PLAYER picked up OAK_PLANKS
[20:14:51][EntityPickupItemEvent]: PLAYER picked up OAK_PLANKS
[20:14:52][EntityPickupItemEvent]: PLAYER picked up OAK_PLANKS
[20:14:53][EntityPickupItemEvent]: PLAYER picked up OAK_PLANKS
[20:14:54][EntityPickupItemEvent]: PLAYER picked up OAK_PLANKS
[20:14:55][EntityPickupItemEvent]: PLAYER picked up OAK_PLANKS
[20:14:56][EntityPickupItemEvent]: PLAYER picked up OAK_PLANKS
[20:14:57][EntityPickupItemEvent]: PLAYER picked up OAK_PLANKS
[20:14:58][EntityPickupItemEvent]: PLAYER picked up OAK_PLANKS
[20:14:59][EntityPickupItemEvent]: PLAYER picked up OAK_PLANKS
[20:15:00][EntityPickupItemEvent]: PLAYER picked up OAK_PLANKS
[20:15:01][EntityPickupItemEvent]: PLAYER picked up OAK_PLANKS
[20:15:03][EntityPickupItemEvent]: PLAYER picked up OAK_PLANKS
[20:15:05][EntityPickupItemEvent]: PLAYER picked up OAK_PLANKS
[20:15:07][EntityPickupItemEvent]: PLAYER picked up OAK_PLANKS
[20:15:15][EntityPickupItemEvent]: PLAYER picked up TORCH
[20:15:17][EntityPickupItemEvent]: PLAYER picked up TORCH
[20:15:18][EntityPickupItemEvent]: PLAYER picked up OAK_PLANKS
[20:15:23][EntityPickupItemEvent]: PLAYER picked up OAK_PLANKS
[20:15:25][EntityPickupItemEvent]: PLAYER picked up OAK_PLANKS
[20:15:26][EntityPickupItemEvent]: PLAYER picked up OAK_PLANKS
[20:15:28][EntityPickupItemEvent]: PLAYER picked up OAK_PLANKS
[20:15:30][EntityPickupItemEvent]: PLAYER picked up OAK_PLANKS
[20:15:31][EntityPickupItemEvent]: PLAYER picked up OAK_PLANKS
[20:15:31][EntityPickupItemEvent]: PLAYER picked up OAK_PLANKS
[20:15:32][EntityPickupItemEvent]: PLAYER picked up OAK_PLANKS
[20:15:34][EntityPickupItemEvent]: PLAYER picked up OAK_PLANKS
[20:15:35][EntityPickupItemEvent]: PLAYER picked up OAK_PLANKS
[20:15:36][EntityPickupItemEvent]: PLAYER picked up OAK_PLANKS
[20:15:37][EntityPickupItemEvent]: PLAYER picked up OAK_PLANKS
[20:15:47][EntityPickupItemEvent]: PLAYER picked up OAK_PLANKS
[20:15:49][EntityPickupItemEvent]: PLAYER picked up OAK_PLANKS
[20:15:52][EntityPickupItemEvent]: PLAYER picked up OAK_PLANKS
[20:15:53][EntityPickupItemEvent]: PLAYER picked up OAK_PLANKS
[20:15:55][EntityPickupItemEvent]: PLAYER picked up OAK_PLANKS
[20:15:57][EntityPickupItemEvent]: PLAYER picked up OAK_PLANKS
[20:15:59][EntityPickupItemEvent]: PLAYER picked up OAK_PLANKS
[20:16:11][EntityPickupItemEvent]: PLAYER picked up OAK_PLANKS
[20:16:14][EntityPickupItemEvent]: PLAYER picked up OAK_PLANKS
[20:16:25][EntityPickupItemEvent]: PLAYER picked up OAK_PLANKS
[20:16:29][EntityPickupItemEvent]: PLAYER picked up OAK_PLANKS
[20:16:32][EntityPickupItemEvent]: PLAYER picked up OAK_PLANKS
[20:16:36][EntityPickupItemEvent]: PLAYER picked up OAK_PLANKS
[20:16:45][EntityPickupItemEvent]: PLAYER picked up OAK_PLANKS
[20:16:46][EntityPickupItemEvent]: PLAYER picked up OAK_PLANKS
[20:16:47][EntityPickupItemEvent]: PLAYER picked up OAK_PLANKS
[20:16:48][EntityPickupItemEvent]: PLAYER picked up OAK_PLANKS
[20:16:52][EntityPickupItemEvent]: PLAYER picked up OAK_PLANKS
[20:16:52][EntityPickupItemEvent]: PLAYER picked up OAK_PLANKS
[20:16:54][EntityPickupItemEvent]: PLAYER picked up OAK_PLANKS
[20:16:55][EntityPickupItemEvent]: PLAYER picked up OAK_PLANKS
[20:16:56][EntityPickupItemEvent]: PLAYER picked up OAK_PLANKS
[20:16:57][EntityPickupItemEvent]: PLAYER picked up OAK_PLANKS
[20:16:59][EntityPickupItemEvent]: PLAYER picked up OAK_PLANKS
[20:17:01][EntityPickupItemEvent]: PLAYER picked up OAK_PLANKS
[20:17:02][EntityPickupItemEvent]: PLAYER picked up OAK_PLANKS
[20:17:49][EntityPickupItemEvent]: PLAYER picked up COBBLESTONE
[20:18:50][EntityPickupItemEvent]: PLAYER picked up OAK_PLANKS
[20:20:57][EntityPickupItemEvent]: PLAYER picked up ROTTEN_FLESH
[20:21:04][EntityPickupItemEvent]: PLAYER picked up STRING
[20:21:14][EntityPickupItemEvent]: PLAYER picked up TORCH
[20:21:15][EntityPickupItemEvent]: PLAYER picked up TORCH
[20:21:21][EntityPickupItemEvent]: PLAYER picked up TORCH
[20:21:30][EntityPickupItemEvent]: PLAYER picked up TORCH
[20:21:39][EntityPickupItemEvent]: PLAYER picked up TORCH
[20:21:42][EntityPickupItemEvent]: PLAYER picked up TORCH
[20:21:46][EntityPickupItemEvent]: PLAYER picked up TORCH
[20:21:54][EntityPickupItemEvent]: PLAYER picked up COBBLESTONE
[20:22:00][EntityPickupItemEvent]: PLAYER picked up TORCH
[20:22:35][EntityPickupItemEvent]: PLAYER picked up TORCH
[20:22:36][EntityPickupItemEvent]: PLAYER picked up TORCH
[20:22:39][EntityPickupItemEvent]: PLAYER picked up TORCH
[20:24:07][EntityPickupItemEvent]: PLAYER picked up OAK_PLANKS
[20:25:09][EntityPickupItemEvent]: PLAYER picked up OAK_SLAB
[20:25:10][EntityPickupItemEvent]: PLAYER picked up OAK_SLAB
[20:25:11][EntityPickupItemEvent]: PLAYER picked up OAK_SLAB
[20:25:12][EntityPickupItemEvent]: PLAYER picked up OAK_SLAB
[20:29:22][EntityPickupItemEvent]: PLAYER picked up WHEAT_SEEDS
[20:29:45][EntityPickupItemEvent]: PLAYER picked up TORCH
[20:29:55][EntityPickupItemEvent]: PLAYER picked up TORCH
[20:30:09][EntityPickupItemEvent]: PLAYER picked up TORCH
[20:30:58][EntityPickupItemEvent]: PLAYER picked up SAND
[20:30:59][EntityPickupItemEvent]: PLAYER picked up SAND
[20:31:01][EntityPickupItemEvent]: PLAYER picked up SAND
[20:31:02][EntityPickupItemEvent]: PLAYER picked up SAND
[20:31:04][EntityPickupItemEvent]: PLAYER picked up SAND
[20:31:05][EntityPickupItemEvent]: PLAYER picked up SAND
[20:31:06][EntityPickupItemEvent]: PLAYER picked up CLAY_BALL
[20:31:07][EntityPickupItemEvent]: PLAYER picked up CLAY_BALL
[20:31:09][EntityPickupItemEvent]: PLAYER picked up SAND
[20:31:12][EntityPickupItemEvent]: PLAYER picked up SAND
[20:31:12][EntityPickupItemEvent]: PLAYER picked up SAND
[20:31:16][EntityPickupItemEvent]: PLAYER picked up SAND
[20:32:51][EntityPickupItemEvent]: PLAYER picked up SWEET_BERRIES
[20:34:56][EntityPickupItemEvent]: PLAYER picked up OAK_PLANKS
[20:34:57][EntityPickupItemEvent]: PLAYER picked up OAK_PLANKS
[20:35:30][EntityPickupItemEvent]: PLAYER picked up COBBLESTONE
[20:35:47][EntityPickupItemEvent]: PLAYER picked up OAK_PLANKS
[20:37:36][EntityPickupItemEvent]: PLAYER picked up OAK_PLANKS
[20:38:46][EntityPickupItemEvent]: PLAYER picked up OAK_PLANKS
[20:38:54][EntityPickupItemEvent]: PLAYER picked up OAK_PLANKS
[20:39:46][EntityPickupItemEvent]: PLAYER picked up OAK_PLANKS
[20:40:20][EntityPickupItemEvent]: PLAYER picked up OAK_PLANKS
[20:40:44][EntityPickupItemEvent]: PLAYER picked up OAK_PLANKS
[20:41:07][EntityPickupItemEvent]: PLAYER picked up OAK_PLANKS
[20:41:21][EntityPickupItemEvent]: PLAYER picked up OAK_PLANKS
[20:47:06][EntityPickupItemEvent]: PLAYER picked up OAK_SLAB
[20:47:07][EntityPickupItemEvent]: PLAYER picked up OAK_SLAB
[20:47:11][EntityPickupItemEvent]: PLAYER picked up OAK_SLAB
[20:47:14][EntityPickupItemEvent]: PLAYER picked up OAK_SLAB
[20:47:15][EntityPickupItemEvent]: PLAYER picked up OAK_SLAB
[20:47:17][EntityPickupItemEvent]: PLAYER picked up OAK_SLAB
[20:47:18][EntityPickupItemEvent]: PLAYER picked up OAK_SLAB
[20:47:19][EntityPickupItemEvent]: PLAYER picked up OAK_SLAB
[20:47:22][EntityPickupItemEvent]: PLAYER picked up OAK_SLAB
[20:48:11][EntityPickupItemEvent]: PLAYER picked up OAK_STAIRS
[20:48:58][EntityPickupItemEvent]: PLAYER picked up OAK_STAIRS
[20:52:02][EntityPickupItemEvent]: PLAYER picked up OAK_STAIRS
[20:58:13][EntityPickupItemEvent]: PLAYER picked up CHEST
[21:03:04][EntityPickupItemEvent]: PLAYER picked up TORCH
[21:04:08][EntityPickupItemEvent]: PLAYER picked up IRON_SWORD
[21:08:20][EntityPickupItemEvent]: PLAYER picked up WHITE_BED
[21:08:28][EntityPickupItemEvent]: PLAYER picked up ROTTEN_FLESH
[21:10:00][EntityPickupItemEvent]: PLAYER picked up TORCH
[21:13:28][EntityPickupItemEvent]: PLAYER picked up STONE_SWORD
