[01:26:33][EntityPickupItemEvent]: PLAYER picked up WHEAT_SEEDS
[01:31:10][EntityPickupItemEvent]: PLAYER picked up ROTTEN_FLESH
[01:31:37][EntityPickupItemEvent]: PLAYER picked up ROTTEN_FLESH
[01:31:57][EntityPickupItemEvent]: PLAYER picked up DIRT
[01:31:58][EntityPickupItemEvent]: PLAYER picked up DIRT
[01:33:02][EntityPickupItemEvent]: PLAYER picked up DIRT
[01:33:21][EntityPickupItemEvent]: PLAYER picked up ROTTEN_FLESH
[01:34:49][EntityPickupItemEvent]: PLAYER picked up ROTTEN_FLESH
[01:34:49][EntityPickupItemEvent]: PLAYER picked up LEATHER_LEGGINGS
[01:34:56][EntityPickupItemEvent]: PLAYER picked up DIRT
[01:34:57][EntityPickupItemEvent]: PLAYER picked up DIRT
[01:34:58][EntityPickupItemEvent]: PLAYER picked up DIRT
[01:37:30][EntityPickupItemEvent]: PLAYER picked up CARROT
[01:40:53][EntityPickupItemEvent]: PLAYER picked up COBBLESTONE
[01:42:23][EntityPickupItemEvent]: PLAYER picked up EGG
[01:43:02][EntityPickupItemEvent]: PLAYER picked up OAK_LOG
[01:43:06][EntityPickupItemEvent]: PLAYER picked up OAK_LOG
[01:43:10][EntityPickupItemEvent]: PLAYER picked up OAK_LOG
[01:43:14][EntityPickupItemEvent]: PLAYER picked up OAK_LOG
[01:43:17][EntityPickupItemEvent]: PLAYER picked up OAK_LOG
[01:43:21][EntityPickupItemEvent]: PLAYER picked up OAK_LOG
[01:43:23][EntityPickupItemEvent]: PLAYER picked up STICK
[01:44:20][EntityPickupItemEvent]: PLAYER picked up STRIPPED_OAK_LOG
[01:44:22][EntityPickupItemEvent]: PLAYER picked up OAK_LOG
[01:44:24][EntityPickupItemEvent]: PLAYER picked up OAK_LOG
[01:44:26][EntityPickupItemEvent]: PLAYER picked up OAK_LOG
[01:44:28][EntityPickupItemEvent]: PLAYER picked up OAK_LOG
[01:44:30][EntityPickupItemEvent]: PLAYER picked up OAK_LOG
[01:44:33][EntityPickupItemEvent]: PLAYER picked up OAK_LOG
[01:44:35][EntityPickupItemEvent]: PLAYER picked up OAK_LOG
[01:44:37][EntityPickupItemEvent]: PLAYER picked up OAK_LOG
[01:44:39][EntityPickupItemEvent]: PLAYER picked up OAK_LOG
[01:44:41][EntityPickupItemEvent]: PLAYER picked up OAK_LOG
[01:44:46][EntityPickupItemEvent]: PLAYER picked up OAK_LOG
[01:44:47][EntityPickupItemEvent]: PLAYER picked up OAK_LOG
[01:45:38][EntityPickupItemEvent]: PLAYER picked up STRIPPED_OAK_LOG
[01:45:57][EntityPickupItemEvent]: PLAYER picked up OAK_SAPLING
[01:46:12][EntityPickupItemEvent]: PLAYER picked up SUGAR_CANE
[01:46:18][EntityPickupItemEvent]: PLAYER picked up SUGAR_CANE
[01:47:27][EntityPickupItemEvent]: PLAYER picked up ROTTEN_FLESH
[01:47:50][EntityPickupItemEvent]: PLAYER picked up COAL
[01:53:46][EntityPickupItemEvent]: PLAYER picked up SWEET_BERRIES
