[01:26:21][BlockBreakEvent]: breaked minecraft:large_fern[half=lower] on [world;70;70;52]
[01:26:32][BlockBreakEvent]: breaked minecraft:grass on [world;102;84;93]
[01:26:33][BlockBreakEvent]: breaked minecraft:grass on [world;103;85;93]
[01:26:49][BlockBreakEvent]: breaked minecraft:spruce_leaves[distance=2,persistent=false] on [world;121;82;68]
[01:26:50][BlockBreakEvent]: breaked minecraft:spruce_leaves[distance=2,persistent=false] on [world;122;79;68]
[01:31:57][BlockBreakEvent]: breaked minecraft:grass_block[snowy=false] on [world;32;73;-20]
[01:31:58][BlockBreakEvent]: breaked minecraft:dirt on [world;32;72;-20]
[01:31:59][BlockPlaceEvent]: placed minecraft:dirt on [world;32;74;-20]
[01:33:01][BlockBreakEvent]: breaked minecraft:dirt on [world;32;74;-20]
[01:33:02][BlockPlaceEvent]: placed minecraft:dirt on [world;32;72;-20]
[01:33:03][BlockPlaceEvent]: placed minecraft:dirt on [world;32;73;-20]
[01:34:55][BlockBreakEvent]: breaked minecraft:grass_block[snowy=false] on [world;59;76;3]
[01:34:57][BlockBreakEvent]: breaked minecraft:dirt on [world;59;75;3]
[01:34:58][BlockBreakEvent]: breaked minecraft:dirt on [world;59;74;3]
[01:34:59][BlockPlaceEvent]: placed minecraft:dirt on [world;59;76;3]
[01:42:49][BlockBreakEvent]: breaked minecraft:tall_seagrass[half=lower] on [world;-317;60;949]
[01:42:49][BlockBreakEvent]: breaked minecraft:seagrass on [world;-318;62;950]
[01:43:02][BlockBreakEvent]: breaked minecraft:oak_log[axis=y] on [world;-339;64;971]
[01:43:06][BlockBreakEvent]: breaked minecraft:oak_log[axis=y] on [world;-339;63;971]
[01:43:10][BlockBreakEvent]: breaked minecraft:oak_log[axis=y] on [world;-339;65;971]
[01:43:13][BlockBreakEvent]: breaked minecraft:oak_log[axis=y] on [world;-339;66;971]
[01:43:16][BlockBreakEvent]: breaked minecraft:oak_log[axis=y] on [world;-339;67;971]
[01:43:20][BlockBreakEvent]: breaked minecraft:oak_log[axis=y] on [world;-339;68;971]
[01:43:29][BlockBreakEvent]: breaked minecraft:oak_leaves[distance=7,persistent=false] on [world;-341;66;973]
[01:44:07][BlockPlaceEvent]: placed minecraft:crafting_table on [world;-332;65;1083]
[01:44:17][BlockPlaceEvent]: placed minecraft:stripped_oak_log[axis=y] on [world;-324;65;1090]
[01:44:19][BlockBreakEvent]: breaked minecraft:stripped_oak_log[axis=y] on [world;-324;65;1090]
[01:44:21][BlockBreakEvent]: breaked minecraft:oak_log[axis=y] on [world;-324;64;1090]
[01:44:22][BlockBreakEvent]: breaked minecraft:grass on [world;-322;64;1092]
[01:44:23][BlockBreakEvent]: breaked minecraft:oak_log[axis=y] on [world;-324;66;1090]
[01:44:25][BlockBreakEvent]: breaked minecraft:oak_log[axis=y] on [world;-324;67;1090]
[01:44:27][BlockBreakEvent]: breaked minecraft:oak_log[axis=y] on [world;-324;68;1090]
[01:44:29][BlockBreakEvent]: breaked minecraft:oak_log[axis=y] on [world;-324;69;1090]
[01:44:32][BlockBreakEvent]: breaked minecraft:oak_log[axis=y] on [world;-323;65;1084]
[01:44:34][BlockBreakEvent]: breaked minecraft:oak_log[axis=y] on [world;-323;64;1084]
[01:44:36][BlockBreakEvent]: breaked minecraft:oak_log[axis=y] on [world;-323;66;1084]
[01:44:38][BlockBreakEvent]: breaked minecraft:oak_log[axis=y] on [world;-323;67;1084]
[01:44:40][BlockBreakEvent]: breaked minecraft:oak_log[axis=y] on [world;-323;68;1084]
[01:44:45][BlockBreakEvent]: breaked minecraft:oak_log[axis=y] on [world;-332;65;1090]
[01:44:47][BlockBreakEvent]: breaked minecraft:oak_log[axis=y] on [world;-332;64;1090]
[01:45:35][BlockPlaceEvent]: placed minecraft:stripped_oak_log[axis=y] on [world;-346;69;1071]
[01:45:37][BlockBreakEvent]: breaked minecraft:stripped_oak_log[axis=y] on [world;-346;69;1071]
[01:45:56][BlockBreakEvent]: breaked minecraft:oak_leaves[distance=3,persistent=false] on [world;-378;76;1091]
[01:45:57][BlockBreakEvent]: breaked minecraft:oak_leaves[distance=2,persistent=false] on [world;-378;76;1092]
[01:45:57][BlockBreakEvent]: breaked minecraft:oak_leaves[distance=3,persistent=false] on [world;-378;76;1093]
[01:45:59][BlockPlaceEvent]: placed minecraft:oak_sapling[stage=0] on [world;-378;70;1104]
[01:46:11][BlockBreakEvent]: breaked minecraft:sugar_cane[age=0] on [world;-406;64;1130]
[01:46:14][BlockPlaceEvent]: placed minecraft:sugar_cane[age=0] on [world;-405;63;1131]
[01:46:15][BlockPlaceEvent]: placed minecraft:sugar_cane[age=0] on [world;-405;63;1132]
[01:46:18][BlockBreakEvent]: breaked minecraft:sugar_cane[age=0] on [world;-410;64;1129]
[01:46:19][BlockPlaceEvent]: placed minecraft:sugar_cane[age=0] on [world;-409;63;1129]
[01:46:20][BlockPlaceEvent]: placed minecraft:sugar_cane[age=0] on [world;-408;63;1129]
[01:47:16][BlockBreakEvent]: breaked minecraft:oak_leaves[distance=3,persistent=false] on [world;-347;67;1260]
[01:47:17][BlockBreakEvent]: breaked minecraft:oak_leaves[distance=4,persistent=false] on [world;-346;67;1260]
[01:47:18][BlockBreakEvent]: breaked minecraft:oak_leaves[distance=3,persistent=false] on [world;-346;67;1259]
[01:47:50][BlockBreakEvent]: breaked minecraft:coal_ore on [world;-316;61;1294]
[01:49:50][BlockBreakEvent]: breaked minecraft:grass on [world;-266;70;817]
[01:49:50][BlockBreakEvent]: breaked minecraft:grass on [world;-267;70;817]
[01:50:32][BlockBreakEvent]: breaked minecraft:grass on [world;-358;63;848]
[01:50:48][BlockBreakEvent]: breaked minecraft:grass on [world;-376;63;896]
[01:54:04][BlockPlaceEvent]: placed minecraft:sweet_berry_bush[age=0] on [world;-290;68;545]
[01:54:06][BlockBreakEvent]: breaked minecraft:sweet_berry_bush[age=0] on [world;-290;68;545]
[01:54:06][BlockPlaceEvent]: placed minecraft:sweet_berry_bush[age=0] on [world;-290;68;545]
[01:54:07][BlockBreakEvent]: breaked minecraft:sweet_berry_bush[age=0] on [world;-290;68;545]
