[05:03:40][AsyncPlayerChatEvent]: said اهلا
[05:10:55][AsyncPlayerChatEvent]: said حص
[05:11:29][PlayerInteractEvent]: right clicked minecraft:stone_button[face=wall,facing=north,powered=false] at [world;-1047;66;1974]
[05:11:33][PlayerInteractEvent]: right clicked minecraft:stone_button[face=wall,facing=north,powered=false] at [world;-1047;66;1974]
[05:28:30][AsyncPlayerChatEvent]: said tttttttttttttt
[05:28:44][AsyncPlayerChatEvent]: said ttttttttttt
[05:28:48][AsyncPlayerChatEvent]: said tttttttttttttt
[05:32:19][AsyncPlayerChatEvent]: said tttt
[05:34:13][PlayerBucketFillEvent]: used BUCKET on [world;-47;40;34]
[05:36:18][AsyncPlayerChatEvent]: said tttttttttttt
[05:36:58][AsyncPlayerChatEvent]: said ttttttttttttttt
[06:04:52][PlayerBucketEmptyEvent]: used LAVA_BUCKET on [world;-333;67;537]
[06:04:52][PlayerBucketFillEvent]: used BUCKET on [world;-332;67;537]
[06:04:53][PlayerBucketEmptyEvent]: used LAVA_BUCKET on [world;-332;67;538]
[06:04:54][PlayerBucketFillEvent]: used BUCKET on [world;-334;67;542]
[06:04:55][PlayerBucketEmptyEvent]: used LAVA_BUCKET on [world;-341;68;541]
[06:04:59][PlayerBucketFillEvent]: used BUCKET on [world;-337;68;540]
[06:07:16][AsyncPlayerChatEvent]: said ZZZZZZZZZZZZ
[06:10:33][PlayerBucketEmptyEvent]: used LAVA_BUCKET on [world;-441;11;526]
[06:10:44][PlayerBucketFillEvent]: used BUCKET on [world;-441;11;526]
[06:31:55][PlayerInteractEvent]: right clicked minecraft:stone_button[face=wall,facing=east,powered=false] at [world;-365;65;486]
[06:32:16][PlayerInteractEvent]: right clicked minecraft:stone_button[face=wall,facing=west,powered=false] at [world;-367;65;486]
[06:32:20][PlayerInteractEvent]: right clicked minecraft:stone_button[face=wall,facing=west,powered=false] at [world;-367;65;486]
[06:34:05][AsyncPlayerChatEvent]: said pw
[06:36:06][AsyncPlayerChatEvent]: said w
[07:43:56][PlayerBucketFillEvent]: used BUCKET on [world;-283;66;516]
[07:47:31][AsyncPlayerChatEvent]: said ttttttttttttt
[07:49:59][PlayerBucketEmptyEvent]: used WATER_BUCKET on [world_the_end;30;64;17]
[07:49:59][PlayerBucketFillEvent]: used BUCKET on [world_the_end;30;64;17]
[07:50:31][PlayerBucketEmptyEvent]: used WATER_BUCKET on [world_the_end;10;63;34]
[07:50:32][PlayerBucketFillEvent]: used BUCKET on [world_the_end;10;62;34]
[07:52:27][AsyncPlayerChatEvent]: said اسهم
[07:52:56][PlayerBucketEmptyEvent]: used WATER_BUCKET on [world_the_end;-42;64;-42]
[07:52:56][PlayerBucketFillEvent]: used BUCKET on [world_the_end;-42;62;-42]
[08:10:51][PlayerBucketEmptyEvent]: used WATER_BUCKET on [world_the_end;-540;78;-1215]
[08:12:13][PlayerBucketFillEvent]: used BUCKET on [world_the_end;-540;77;-1215]
[08:14:42][PlayerBucketEmptyEvent]: used WATER_BUCKET on [world_the_end;-521;122;-1204]
[08:14:42][PlayerBucketFillEvent]: used BUCKET on [world_the_end;-521;121;-1204]
[08:16:18][PlayerBucketEmptyEvent]: used WATER_BUCKET on [world_the_end;-537;100;-1204]
[08:16:19][PlayerBucketFillEvent]: used BUCKET on [world_the_end;-538;98;-1204]
[08:17:07][AsyncPlayerChatEvent]: said لقيت ميندينج علي هيلمت ايرون
[08:17:14][AsyncPlayerChatEvent]: said 2 منها
[08:17:23][AsyncPlayerChatEvent]: said ميندينج علي خوزة ايرون
[08:18:38][AsyncPlayerChatEvent]: said ايش
[08:18:56][AsyncPlayerChatEvent]: said ايش تبغا
[08:21:55][AsyncPlayerChatEvent]: said تمام
[08:42:19][AsyncPlayerChatEvent]: said اشطا يا يسطااا
[08:43:03][AsyncPlayerChatEvent]: said حلوة الفكرة
[08:43:23][AsyncPlayerChatEvent]: said ندوق متنقل
[08:43:28][AsyncPlayerChatEvent]: said صندوق متنقل
[09:23:18][PlayerInteractEvent]: right clicked minecraft:stone_button[face=wall,facing=south,powered=false] at [world;-604;72;690]
[09:38:24][AsyncPlayerChatEvent]: said back
[09:38:34][AsyncPlayerChatEvent]: said ففففففففففف
[09:39:56][AsyncPlayerChatEvent]: said فففففففففف
[09:45:20][AsyncPlayerChatEvent]: said مين لسا هنا
[09:45:48][AsyncPlayerChatEvent]: said بتعمل اية
[09:45:56][AsyncPlayerChatEvent]: said اية
[09:46:28][AsyncPlayerChatEvent]: said انا فوق هرمك
[09:47:27][AsyncPlayerChatEvent]: said هتلاقيني واقف
[09:47:58][AsyncPlayerChatEvent]: said ترا جبت سكن
[09:48:24][AsyncPlayerChatEvent]: said دا انجليزييا مرسي
[09:49:05][AsyncPlayerChatEvent]: said فوق بلوك الجولد بالظبط
[09:49:11][AsyncPlayerChatEvent]: said -414
[09:49:14][AsyncPlayerChatEvent]: said 550
[09:49:59][AsyncPlayerChatEvent]: said لا ارك
[09:51:06][AsyncPlayerChatEvent]: said اووووووووووف
[09:51:12][AsyncPlayerChatEvent]: said 20000
[09:51:16][AsyncPlayerChatEvent]: said ليييييييييييش
[09:51:31][AsyncPlayerChatEvent]: said باخد من المنزرعة
[09:51:54][AsyncPlayerChatEvent]: said اسف
[09:51:57][AsyncPlayerChatEvent]: said لا تضرب بس
[09:52:37][AsyncPlayerChatEvent]: said اوك
[09:52:55][AsyncPlayerChatEvent]: said ايش اسك
[09:52:59][AsyncPlayerChatEvent]: said اسمك
[09:54:03][AsyncPlayerChatEvent]: said ظ
[10:15:29][AsyncPlayerChatEvent]: said الووو
[10:16:57][AsyncPlayerChatEvent]: said hg,,,,,
[10:17:03][AsyncPlayerChatEvent]: said الوو
[10:48:06][PlayerInteractEvent]: right clicked minecraft:stone_button[face=wall,facing=east,powered=false] at [world;-365;65;486]
[10:48:07][PlayerInteractEvent]: right clicked minecraft:stone_button[face=wall,facing=east,powered=true] at [world;-365;65;486]
[10:48:08][PlayerInteractEvent]: right clicked minecraft:stone_button[face=wall,facing=east,powered=false] at [world;-365;65;486]
[10:48:08][PlayerInteractEvent]: right clicked minecraft:stone_button[face=wall,facing=east,powered=true] at [world;-365;65;486]
[10:48:11][PlayerInteractEvent]: right clicked minecraft:stone_button[face=wall,facing=east,powered=false] at [world;-365;65;486]
[10:48:13][PlayerInteractEvent]: right clicked minecraft:stone_button[face=wall,facing=east,powered=false] at [world;-365;65;486]
[10:48:48][PlayerInteractEvent]: right clicked minecraft:stone_button[face=wall,facing=east,powered=false] at [world;-365;65;486]
[10:56:55][AsyncPlayerChatEvent]: said ttttttttttt
[10:58:56][AsyncPlayerChatEvent]: said tttttttttttttt
[11:18:23][AsyncPlayerChatEvent]: said دقيقة وأجي
[11:18:27][AsyncPlayerChatEvent]: said بصلييي
[11:18:41][AsyncPlayerChatEvent]: said بروح الجامع وأجي
[11:18:50][AsyncPlayerChatEvent]: said روح انت كمان
[11:19:00][AsyncPlayerChatEvent]: said بروح المسجد
[11:19:07][AsyncPlayerChatEvent]: said ادن ندكم
[11:19:16][AsyncPlayerChatEvent]: said تعال اقفل علي نفسك في العيط وروح
[11:19:27][AsyncPlayerChatEvent]: said الحيط
[11:19:36][AsyncPlayerChatEvent]: said afk
[11:43:55][AsyncPlayerChatEvent]: said ttttttttt
[11:48:00][PlayerBucketFillEvent]: used BUCKET on [world;-275;11;976]
[11:49:25][PlayerBucketEmptyEvent]: used WATER_BUCKET on [world;-266;11;974]
[11:49:26][PlayerBucketFillEvent]: used BUCKET on [world;-266;11;974]
[11:54:47][PlayerBucketFillEvent]: used BUCKET on [world;-262;23;971]
[11:55:20][PlayerBucketEmptyEvent]: used WATER_BUCKET on [world;-284;26;953]
[11:55:23][PlayerBucketFillEvent]: used BUCKET on [world;-284;29;951]
[11:55:23][PlayerBucketEmptyEvent]: used WATER_BUCKET on [world;-284;30;951]
[11:55:24][PlayerBucketFillEvent]: used BUCKET on [world;-284;34;951]
[11:55:24][PlayerBucketEmptyEvent]: used WATER_BUCKET on [world;-284;33;951]
[11:55:27][PlayerBucketFillEvent]: used BUCKET on [world;-284;35;951]
[11:55:27][PlayerBucketEmptyEvent]: used WATER_BUCKET on [world;-284;35;951]
[11:55:28][PlayerBucketFillEvent]: used BUCKET on [world;-284;37;951]
[11:55:28][PlayerBucketEmptyEvent]: used WATER_BUCKET on [world;-284;37;951]
[11:55:29][PlayerBucketFillEvent]: used BUCKET on [world;-284;39;951]
[11:55:29][PlayerBucketEmptyEvent]: used WATER_BUCKET on [world;-284;40;950]
[11:55:32][PlayerBucketFillEvent]: used BUCKET on [world;-283;41;947]
[11:55:43][PlayerBucketEmptyEvent]: used LAVA_BUCKET on [world;-284;41;951]
[11:55:44][PlayerBucketFillEvent]: used BUCKET on [world;-284;41;951]
[11:55:52][PlayerBucketFillEvent]: used BUCKET on [world;-285;40;947]
[11:56:11][PlayerBucketEmptyEvent]: used LAVA_BUCKET on [world;-278;45;965]
[11:56:22][PlayerBucketFillEvent]: used BUCKET on [world;-278;45;964]
[11:56:45][PlayerBucketEmptyEvent]: used WATER_BUCKET on [world;-279;42;966]
[11:56:47][PlayerBucketFillEvent]: used BUCKET on [world;-279;42;966]
[12:04:52][AsyncPlayerChatEvent]: said ttttttttt
[12:10:44][PlayerInteractEvent]: right clicked minecraft:stone_button[face=wall,facing=south,powered=false] at [world;-604;72;690]
[12:10:49][AsyncPlayerChatEvent]: said ttttttttttt
[12:11:55][PlayerInteractEvent]: right clicked minecraft:stone_button[face=wall,facing=south,powered=false] at [world;-604;72;690]
[12:12:03][PlayerInteractEvent]: right clicked minecraft:stone_button[face=wall,facing=south,powered=false] at [world;-604;72;690]
[12:12:54][PlayerInteractEvent]: right clicked minecraft:stone_button[face=wall,facing=south,powered=false] at [world;-604;72;690]
[12:13:16][PlayerInteractEvent]: right clicked minecraft:stone_button[face=wall,facing=south,powered=false] at [world;-604;72;690]
[12:13:40][PlayerInteractEvent]: right clicked minecraft:stone_button[face=wall,facing=south,powered=false] at [world;-604;72;690]
[12:13:43][PlayerInteractEvent]: right clicked minecraft:stone_button[face=wall,facing=south,powered=false] at [world;-604;72;690]
[12:13:43][PlayerInteractEvent]: right clicked minecraft:stone_button[face=wall,facing=south,powered=true] at [world;-604;72;690]
[12:13:44][PlayerInteractEvent]: right clicked minecraft:stone_button[face=wall,facing=south,powered=false] at [world;-604;72;690]
[12:16:38][PlayerInteractEvent][Cancelled]: right clicked minecraft:stone_button[face=wall,facing=east,powered=false] at [world;-365;65;486]
[12:16:39][PlayerInteractEvent]: right clicked minecraft:stone_button[face=wall,facing=east,powered=false] at [world;-365;65;486]
[13:02:20][AsyncPlayerChatEvent]: said WWWWWWWWWWWWWWWWWW
[17:39:25][PlayerBucketFillEvent]: used BUCKET on [world;-386;18;441]
[17:52:29][PlayerBucketEmptyEvent]: used WATER_BUCKET on [world;-306;11;559]
[17:52:30][PlayerBucketFillEvent]: used BUCKET on [world;-306;11;559]
[17:52:43][PlayerBucketEmptyEvent]: used WATER_BUCKET on [world;-305;11;555]
[17:52:44][PlayerBucketFillEvent]: used BUCKET on [world;-305;11;554]
[17:53:28][PlayerBucketEmptyEvent]: used WATER_BUCKET on [world;-299;11;530]
[17:53:29][PlayerBucketFillEvent]: used BUCKET on [world;-299;11;530]
[17:53:31][PlayerBucketEmptyEvent]: used WATER_BUCKET on [world;-305;11;531]
[17:53:50][PlayerBucketFillEvent]: used BUCKET on [world;-297;24;540]
[17:55:33][PlayerBucketEmptyEvent]: used WATER_BUCKET on [world;-322;11;515]
[17:55:34][PlayerBucketFillEvent]: used BUCKET on [world;-322;11;515]
[17:55:46][PlayerBucketEmptyEvent]: used WATER_BUCKET on [world;-329;11;517]
[17:55:47][PlayerBucketFillEvent]: used BUCKET on [world;-329;11;517]
[17:55:49][PlayerBucketEmptyEvent]: used WATER_BUCKET on [world;-329;11;519]
[17:55:50][PlayerBucketFillEvent]: used BUCKET on [world;-329;11;519]
[17:56:15][PlayerBucketEmptyEvent]: used WATER_BUCKET on [world;-331;11;526]
[17:56:16][PlayerBucketFillEvent]: used BUCKET on [world;-331;11;526]
[17:58:01][PlayerBucketEmptyEvent]: used WATER_BUCKET on [world;-323;11;508]
[17:58:03][PlayerBucketFillEvent]: used BUCKET on [world;-323;11;508]
[18:00:41][PlayerBucketEmptyEvent]: used WATER_BUCKET on [world;-273;11;513]
[18:00:42][PlayerBucketFillEvent]: used BUCKET on [world;-273;11;513]
[18:00:49][PlayerBucketEmptyEvent]: used WATER_BUCKET on [world;-265;11;514]
[18:00:51][PlayerBucketFillEvent]: used BUCKET on [world;-265;11;514]
[18:01:09][PlayerBucketEmptyEvent]: used WATER_BUCKET on [world;-261;12;522]
[18:01:10][PlayerBucketFillEvent]: used BUCKET on [world;-261;12;522]
[18:01:11][PlayerBucketEmptyEvent]: used WATER_BUCKET on [world;-261;12;522]
[18:01:12][PlayerBucketFillEvent]: used BUCKET on [world;-261;12;522]
[18:01:18][PlayerBucketEmptyEvent]: used WATER_BUCKET on [world;-265;11;521]
[18:01:19][PlayerBucketFillEvent]: used BUCKET on [world;-265;11;521]
[18:01:20][PlayerBucketEmptyEvent]: used WATER_BUCKET on [world;-266;11;522]
[18:01:20][PlayerBucketFillEvent]: used BUCKET on [world;-266;11;521]
[21:56:37][AsyncPlayerChatEvent]: said ttttttttttttttt
[21:56:41][AsyncPlayerChatEvent]: said ttttttttttttt
[21:56:46][AsyncPlayerChatEvent]: said فففففففففففففف
[21:56:53][AsyncPlayerChatEvent]: said ففففففففففف
[21:56:57][AsyncPlayerChatEvent]: said ففففففففففف
[21:56:59][AsyncPlayerChatEvent]: said فيشي
[21:57:30][PlayerBucketEmptyEvent]: used WATER_BUCKET on [world;-275;11;519]
[21:57:31][PlayerBucketFillEvent]: used BUCKET on [world;-275;11;519]
[22:09:49][PlayerBucketEmptyEvent]: used WATER_BUCKET on [world;-118;13;572]
[22:09:51][PlayerBucketFillEvent]: used BUCKET on [world;-118;13;572]
[22:11:06][AsyncPlayerChatEvent]: said ففففففففففففففففف
[22:13:58][PlayerBucketEmptyEvent]: used WATER_BUCKET on [world;-118;10;595]
[22:13:59][PlayerBucketFillEvent]: used BUCKET on [world;-118;10;595]
[22:17:47][PlayerBucketEmptyEvent]: used WATER_BUCKET on [world;-89;11;578]
[22:17:48][PlayerBucketFillEvent]: used BUCKET on [world;-89;11;578]
[22:17:52][PlayerBucketEmptyEvent]: used WATER_BUCKET on [world;-85;11;577]
[22:17:54][PlayerBucketFillEvent]: used BUCKET on [world;-85;11;577]
[22:18:08][PlayerBucketEmptyEvent]: used WATER_BUCKET on [world;-75;11;577]
[22:18:08][PlayerBucketFillEvent]: used BUCKET on [world;-75;11;577]
[22:18:12][PlayerBucketEmptyEvent]: used WATER_BUCKET on [world;-70;11;575]
[22:18:13][PlayerBucketFillEvent]: used BUCKET on [world;-70;11;575]
[22:18:34][PlayerBucketEmptyEvent]: used WATER_BUCKET on [world;-69;11;582]
[22:18:35][PlayerBucketFillEvent]: used BUCKET on [world;-69;11;582]
[22:18:43][PlayerBucketEmptyEvent]: used WATER_BUCKET on [world;-69;11;586]
[22:18:56][PlayerBucketFillEvent]: used BUCKET on [world;-69;11;588]
[22:19:13][PlayerBucketEmptyEvent]: used WATER_BUCKET on [world;-69;11;592]
[22:19:14][PlayerBucketFillEvent]: used BUCKET on [world;-69;11;592]
[22:19:23][PlayerBucketEmptyEvent]: used WATER_BUCKET on [world;-69;10;595]
[22:19:24][PlayerBucketFillEvent]: used BUCKET on [world;-69;10;594]
[22:19:33][PlayerBucketEmptyEvent]: used WATER_BUCKET on [world;-69;11;599]
[22:19:34][PlayerBucketFillEvent]: used BUCKET on [world;-69;11;599]
[22:19:47][PlayerBucketEmptyEvent]: used WATER_BUCKET on [world;-69;11;601]
[22:19:48][PlayerBucketFillEvent]: used BUCKET on [world;-69;11;601]
[22:20:03][PlayerBucketEmptyEvent]: used WATER_BUCKET on [world;-68;11;606]
[22:20:03][PlayerBucketFillEvent]: used BUCKET on [world;-68;11;606]
[22:20:20][PlayerBucketEmptyEvent]: used WATER_BUCKET on [world;-66;11;605]
[22:20:27][PlayerBucketFillEvent]: used BUCKET on [world;-54;11;600]
[22:25:23][PlayerBucketEmptyEvent]: used WATER_BUCKET on [world;-43;11;491]
[22:25:23][PlayerBucketFillEvent]: used BUCKET on [world;-43;11;491]
[22:25:25][PlayerBucketEmptyEvent]: used WATER_BUCKET on [world;-42;11;490]
[22:25:26][PlayerBucketFillEvent]: used BUCKET on [world;-42;11;490]
[22:25:29][PlayerBucketEmptyEvent]: used WATER_BUCKET on [world;-40;11;487]
[22:25:30][PlayerBucketFillEvent]: used BUCKET on [world;-40;11;487]
[22:25:31][PlayerBucketEmptyEvent]: used WATER_BUCKET on [world;-41;11;484]
[22:25:32][PlayerBucketFillEvent]: used BUCKET on [world;-41;11;484]
[22:25:44][PlayerBucketEmptyEvent]: used WATER_BUCKET on [world;-33;11;489]
[22:25:45][PlayerBucketFillEvent]: used BUCKET on [world;-33;11;489]
[22:25:47][PlayerBucketEmptyEvent]: used WATER_BUCKET on [world;-30;11;487]
[22:25:49][PlayerBucketFillEvent]: used BUCKET on [world;-30;11;487]
[22:33:31][PlayerBucketEmptyEvent]: used WATER_BUCKET on [world;-64;11;531]
[22:33:31][PlayerBucketFillEvent]: used BUCKET on [world;-64;11;531]
[22:34:08][PlayerBucketEmptyEvent]: used WATER_BUCKET on [world;-63;11;535]
[22:34:10][PlayerBucketFillEvent]: used BUCKET on [world;-63;11;536]
[22:34:13][PlayerBucketEmptyEvent]: used WATER_BUCKET on [world;-63;11;544]
[22:34:14][PlayerBucketFillEvent]: used BUCKET on [world;-63;11;544]
[22:36:07][PlayerBucketEmptyEvent]: used WATER_BUCKET on [world;-63;11;549]
[22:36:08][PlayerBucketFillEvent]: used BUCKET on [world;-63;11;549]
[22:36:28][PlayerBucketEmptyEvent]: used WATER_BUCKET on [world;-58;11;552]
[22:36:45][PlayerBucketFillEvent]: used BUCKET on [world;-56;11;552]
[22:41:51][PlayerBucketEmptyEvent]: used WATER_BUCKET on [world;16;27;561]
[22:41:52][PlayerBucketFillEvent]: used BUCKET on [world;16;27;561]
[22:41:54][PlayerBucketEmptyEvent]: used WATER_BUCKET on [world;14;26;563]
[22:41:56][PlayerBucketFillEvent]: used BUCKET on [world;14;26;563]
[22:47:51][PlayerBucketEmptyEvent]: used WATER_BUCKET on [world;9;29;550]
[22:47:51][PlayerBucketFillEvent]: used BUCKET on [world;9;29;550]
[22:55:37][AsyncPlayerChatEvent]: said وات
[22:55:40][AsyncPlayerChatEvent]: said متي جيت
[23:04:29][PlayerBucketEmptyEvent]: used WATER_BUCKET on [world;-5;12;579]
[23:04:31][PlayerBucketFillEvent]: used BUCKET on [world;-5;12;579]
[23:05:43][PlayerBucketEmptyEvent]: used WATER_BUCKET on [world;-9;11;611]
[23:05:47][PlayerBucketFillEvent]: used BUCKET on [world;-10;11;613]
[23:09:03][AsyncPlayerChatEvent]: said انتم فين
[23:09:33][AsyncPlayerChatEvent]: said ليية
[23:10:05][AsyncPlayerChatEvent]: said بتحصل عادي
[23:10:09][AsyncPlayerChatEvent]: said مش في مصر برضو
[23:10:26][AsyncPlayerChatEvent]: said انا عند بيتي
[23:10:31][AsyncPlayerChatEvent]: said جمعت كمية موارد يسطا
[23:10:46][AsyncPlayerChatEvent]: said 7 حديد
[23:10:51][AsyncPlayerChatEvent]: said 13 دايموند
[23:10:58][AsyncPlayerChatEvent]: said 42 بلوك ريدستون
[23:11:05][AsyncPlayerChatEvent]: said كسرت 3 بيكاكسات دايموند
[23:11:15][AsyncPlayerChatEvent]: said منين النيزر رايت
[23:11:27][AsyncPlayerChatEvent]: said خد وهات
[23:11:37][AsyncPlayerChatEvent]: said معاك كام حبة
[23:12:13][AsyncPlayerChatEvent]: said كدا نحتاج اكتر
[23:12:17][AsyncPlayerChatEvent]: said لسا لازم 3
[23:12:20][AsyncPlayerChatEvent]: said يلا بينا للنيزر
[23:12:24][AsyncPlayerChatEvent]: said انا جاهز
[23:12:29][AsyncPlayerChatEvent]: said طيب
[23:12:32][AsyncPlayerChatEvent]: said هنزل وأجيلك
[23:12:47][AsyncPlayerChatEvent]: said اي روم
[23:50:57][AsyncPlayerChatEvent]: said alooooooooooo
[23:51:02][AsyncPlayerChatEvent]: said سامعيني
