[00:09:03][AsyncPlayerChatEvent]: said ,DDIOIJODNOAAM
[00:32:20][AsyncPlayerChatEvent]: said TTTTTTTTTT
[00:32:24][AsyncPlayerChatEvent]: said ttttttttt
[00:32:45][AsyncPlayerChatEvent]: said tttttttt
[00:36:01][AsyncPlayerChatEvent]: said ttttttttttttttttt
[01:35:56][AsyncPlayerChatEvent][Cancelled]: said alawdiv
[01:35:59][AsyncPlayerChatEvent]: said Darkussnull
[01:58:17][PlayerInteractEvent]: right clicked minecraft:stone_button[face=wall,facing=east,powered=false] at [world;-365;65;486]
[01:58:17][PlayerInteractEvent]: right clicked minecraft:stone_button[face=wall,facing=east,powered=true] at [world;-365;65;486]
[02:10:01][PlayerInteractEvent]: right clicked minecraft:stone_button[face=wall,facing=east,powered=false] at [world;-365;65;486]
[02:10:09][PlayerInteractEvent]: right clicked minecraft:stone_button[face=ceiling,facing=west,powered=false] at [world;-396;69;489]
[02:10:13][PlayerInteractEvent]: right clicked minecraft:stone_button[face=floor,facing=west,powered=false] at [world;-398;69;489]
[02:59:29][PlayerInteractEvent]: right clicked minecraft:oak_button[face=ceiling,facing=north,powered=false] at [world;-254;65;538]
[03:00:15][PlayerInteractEvent]: right clicked minecraft:oak_button[face=ceiling,facing=north,powered=false] at [world;-253;65;538]
[03:00:18][PlayerInteractEvent]: right clicked minecraft:oak_button[face=ceiling,facing=north,powered=false] at [world;-253;65;538]
[03:07:32][PlayerInteractEvent]: right clicked minecraft:oak_button[face=ceiling,facing=north,powered=false] at [world;-254;65;538]
[03:11:17][PlayerInteractEvent]: right clicked minecraft:oak_button[face=ceiling,facing=north,powered=false] at [world;-253;65;538]
[03:11:47][PlayerInteractEvent]: right clicked minecraft:stone_button[face=wall,facing=east,powered=false] at [world;-365;65;486]
[03:13:28][PlayerInteractEvent]: right clicked minecraft:oak_button[face=ceiling,facing=north,powered=false] at [world;-253;65;538]
[03:14:54][PlayerInteractEvent]: right clicked minecraft:oak_button[face=ceiling,facing=north,powered=false] at [world;-253;65;538]
[03:17:33][PlayerInteractEvent]: right clicked minecraft:oak_button[face=ceiling,facing=north,powered=false] at [world;-253;65;538]
[03:19:01][PlayerInteractEvent]: right clicked minecraft:oak_button[face=ceiling,facing=north,powered=false] at [world;-253;65;538]
[03:24:51][PlayerInteractEvent]: right clicked minecraft:oak_button[face=ceiling,facing=north,powered=false] at [world;-253;65;538]
[03:25:11][PlayerInteractEvent]: right clicked minecraft:oak_button[face=ceiling,facing=north,powered=false] at [world;-254;65;538]
[03:26:05][PlayerInteractEvent]: right clicked minecraft:oak_button[face=ceiling,facing=north,powered=false] at [world;-253;65;538]
[03:27:06][PlayerInteractEvent]: right clicked minecraft:oak_button[face=ceiling,facing=north,powered=false] at [world;-254;65;538]
[03:27:27][PlayerInteractEvent]: right clicked minecraft:oak_button[face=ceiling,facing=north,powered=false] at [world;-254;65;538]
[03:28:23][PlayerInteractEvent]: right clicked minecraft:oak_button[face=ceiling,facing=north,powered=false] at [world;-253;65;538]
[03:30:01][PlayerInteractEvent]: right clicked minecraft:oak_button[face=ceiling,facing=north,powered=false] at [world;-253;65;538]
[03:33:56][PlayerInteractEvent]: right clicked minecraft:oak_button[face=ceiling,facing=north,powered=false] at [world;-253;65;538]
[03:54:15][AsyncPlayerChatEvent]: said ttt
[03:54:53][PlayerInteractEvent]: right clicked minecraft:oak_button[face=ceiling,facing=north,powered=false] at [world;-253;65;538]
[03:58:54][PlayerInteractEvent]: right clicked minecraft:oak_button[face=ceiling,facing=north,powered=false] at [world;-253;65;538]
