[09:34:19][EntityPickupItemEvent]: PLAYER picked up SPRUCE_LOG
[09:35:20][EntityPickupItemEvent]: PLAYER picked up SPRUCE_LOG
[09:35:40][EntityPickupItemEvent]: PLAYER picked up SPRUCE_LOG
[09:35:44][EntityPickupItemEvent]: PLAYER picked up SPRUCE_LOG
[09:36:31][EntityPickupItemEvent]: PLAYER picked up SPRUCE_LOG
[09:36:38][EntityPickupItemEvent]: PLAYER picked up SPRUCE_LOG
[09:37:13][EntityPickupItemEvent]: PLAYER picked up COBBLESTONE
[09:37:14][EntityPickupItemEvent]: PLAYER picked up COBBLESTONE
[09:37:16][EntityPickupItemEvent]: PLAYER picked up COBBLESTONE
[09:37:17][EntityPickupItemEvent]: PLAYER picked up COBBLESTONE
[09:37:19][EntityPickupItemEvent]: PLAYER picked up COBBLESTONE
[09:37:20][EntityPickupItemEvent]: PLAYER picked up COBBLESTONE
[09:37:22][EntityPickupItemEvent]: PLAYER picked up COBBLESTONE
[09:37:23][EntityPickupItemEvent]: PLAYER picked up COBBLESTONE
[09:37:24][EntityPickupItemEvent]: PLAYER picked up COBBLESTONE
[09:37:26][EntityPickupItemEvent]: PLAYER picked up COBBLESTONE
[09:37:29][EntityPickupItemEvent]: PLAYER picked up COBBLESTONE
[09:37:57][EntityPickupItemEvent]: PLAYER picked up COAL
[09:38:01][EntityPickupItemEvent]: PLAYER picked up COAL
[09:38:02][EntityPickupItemEvent]: PLAYER picked up COBBLESTONE
[09:38:07][EntityPickupItemEvent]: PLAYER picked up COAL
[09:38:07][EntityPickupItemEvent]: PLAYER picked up COBBLESTONE
[09:38:10][EntityPickupItemEvent]: PLAYER picked up COAL
[09:38:14][EntityPickupItemEvent]: PLAYER picked up COAL
[09:38:16][EntityPickupItemEvent]: PLAYER picked up COAL
[09:38:50][EntityPickupItemEvent]: PLAYER picked up COAL
[09:38:51][EntityPickupItemEvent]: PLAYER picked up COAL
[09:38:53][EntityPickupItemEvent]: PLAYER picked up COBBLESTONE
[09:38:54][EntityPickupItemEvent]: PLAYER picked up COAL
[09:39:21][EntityPickupItemEvent]: PLAYER picked up COBBLESTONE
[09:39:22][EntityPickupItemEvent]: PLAYER picked up COBBLESTONE
[09:39:23][EntityPickupItemEvent]: PLAYER picked up COBBLESTONE
[09:39:24][EntityPickupItemEvent]: PLAYER picked up COBBLESTONE
[09:39:25][EntityPickupItemEvent]: PLAYER picked up COBBLESTONE
[09:39:26][EntityPickupItemEvent]: PLAYER picked up COBBLESTONE
[09:39:26][EntityPickupItemEvent]: PLAYER picked up COBBLESTONE
[09:39:28][EntityPickupItemEvent]: PLAYER picked up COAL
[09:39:31][EntityPickupItemEvent]: PLAYER picked up COAL
[09:39:33][EntityPickupItemEvent]: PLAYER picked up COAL
[09:39:57][EntityPickupItemEvent]: PLAYER picked up CRAFTING_TABLE
[09:40:00][EntityPickupItemEvent]: PLAYER picked up SPRUCE_LOG
[09:40:01][EntityPickupItemEvent]: PLAYER picked up SPRUCE_LOG
[09:40:02][EntityPickupItemEvent]: PLAYER picked up SPRUCE_LOG
[09:40:03][EntityPickupItemEvent]: PLAYER picked up SPRUCE_LOG
[09:40:05][EntityPickupItemEvent]: PLAYER picked up SPRUCE_LOG
[09:40:08][EntityPickupItemEvent]: PLAYER picked up SPRUCE_LOG
[09:41:28][EntityPickupItemEvent]: PLAYER picked up SPRUCE_LOG
[09:41:29][EntityPickupItemEvent]: PLAYER picked up SPRUCE_LOG
[09:41:37][EntityPickupItemEvent]: PLAYER picked up SPRUCE_LOG
[09:41:38][EntityPickupItemEvent]: PLAYER picked up SPRUCE_LOG
[09:42:09][EntityPickupItemEvent]: PLAYER picked up PORKCHOP
[09:43:06][EntityPickupItemEvent]: PLAYER picked up ARROW
[09:43:06][EntityPickupItemEvent]: PLAYER picked up BONE
[09:43:24][EntityPickupItemEvent]: PLAYER picked up SAND
[09:43:26][EntityPickupItemEvent]: PLAYER picked up IRON_ORE
[09:43:28][EntityPickupItemEvent]: PLAYER picked up COBBLESTONE
[09:43:28][EntityPickupItemEvent]: PLAYER picked up COBBLESTONE
[09:43:31][EntityPickupItemEvent]: PLAYER picked up IRON_ORE
[09:43:32][EntityPickupItemEvent]: PLAYER picked up IRON_ORE
[09:44:10][EntityPickupItemEvent]: PLAYER picked up DIRT
[09:44:11][EntityPickupItemEvent]: PLAYER picked up DIRT
[09:44:12][EntityPickupItemEvent]: PLAYER picked up DIRT
[09:44:18][EntityPickupItemEvent]: PLAYER picked up DIRT
[09:44:19][EntityPickupItemEvent]: PLAYER picked up DIRT
[09:45:11][EntityPickupItemEvent]: PLAYER picked up GLASS
[09:45:17][EntityPickupItemEvent]: PLAYER picked up SPRUCE_PLANKS
[09:55:36][EntityPickupItemEvent]: PLAYER picked up STONE_SWORD
[09:58:12][EntityPickupItemEvent]: PLAYER picked up COOKED_BEEF
[09:58:45][EntityPickupItemEvent]: PLAYER picked up WHITE_WOOL
[09:58:45][EntityPickupItemEvent]: PLAYER picked up MUTTON
[09:58:59][EntityPickupItemEvent]: PLAYER picked up LEATHER
[09:58:59][EntityPickupItemEvent]: PLAYER picked up BEEF
[09:59:38][EntityPickupItemEvent]: PLAYER picked up PORKCHOP
[09:59:50][EntityPickupItemEvent]: PLAYER picked up WHEAT_SEEDS
[09:59:51][EntityPickupItemEvent]: PLAYER picked up WHEAT
[09:59:55][EntityPickupItemEvent]: PLAYER picked up WHEAT
[09:59:56][EntityPickupItemEvent]: PLAYER picked up WHEAT
[09:59:57][EntityPickupItemEvent]: PLAYER picked up WHEAT_SEEDS
[09:59:57][EntityPickupItemEvent]: PLAYER picked up WHEAT_SEEDS
[09:59:58][EntityPickupItemEvent]: PLAYER picked up WHEAT
[09:59:59][EntityPickupItemEvent]: PLAYER picked up WHEAT
[10:00:00][EntityPickupItemEvent]: PLAYER picked up WHEAT
[10:00:00][EntityPickupItemEvent]: PLAYER picked up WHEAT_SEEDS
[10:00:01][EntityPickupItemEvent]: PLAYER picked up WHEAT_SEEDS
[10:00:03][EntityPickupItemEvent]: PLAYER picked up WHEAT
[10:00:43][EntityPickupItemEvent]: PLAYER picked up WHEAT_SEEDS
[10:00:43][EntityPickupItemEvent]: PLAYER picked up WHEAT
[10:00:44][EntityPickupItemEvent]: PLAYER picked up WHEAT_SEEDS
[10:00:45][EntityPickupItemEvent]: PLAYER picked up WHEAT_SEEDS
[10:00:47][EntityPickupItemEvent]: PLAYER picked up WHEAT_SEEDS
[10:00:47][EntityPickupItemEvent]: PLAYER picked up WHEAT
[10:00:47][EntityPickupItemEvent]: PLAYER picked up WHEAT_SEEDS
[10:00:47][EntityPickupItemEvent]: PLAYER picked up WHEAT_SEEDS
[10:00:47][EntityPickupItemEvent]: PLAYER picked up WHEAT
[10:01:01][EntityPickupItemEvent]: PLAYER picked up WHEAT
[10:01:02][EntityPickupItemEvent]: PLAYER picked up WHEAT
[10:01:02][EntityPickupItemEvent]: PLAYER picked up WHEAT_SEEDS
[10:01:03][EntityPickupItemEvent]: PLAYER picked up WHEAT
[10:01:03][EntityPickupItemEvent]: PLAYER picked up WHEAT
[10:01:03][EntityPickupItemEvent]: PLAYER picked up WHEAT_SEEDS
[10:01:03][EntityPickupItemEvent]: PLAYER picked up WHEAT
[10:01:03][EntityPickupItemEvent]: PLAYER picked up WHEAT
[10:01:03][EntityPickupItemEvent]: PLAYER picked up WHEAT_SEEDS
[10:01:05][EntityPickupItemEvent]: PLAYER picked up WHEAT_SEEDS
[10:01:05][EntityPickupItemEvent]: PLAYER picked up WHEAT_SEEDS
[10:01:06][EntityPickupItemEvent]: PLAYER picked up WHEAT
[10:01:06][EntityPickupItemEvent]: PLAYER picked up WHEAT
[10:01:06][EntityPickupItemEvent]: PLAYER picked up WHEAT_SEEDS
[10:01:09][EntityPickupItemEvent]: PLAYER picked up WHEAT
[10:01:10][EntityPickupItemEvent]: PLAYER picked up WHEAT
[10:01:10][EntityPickupItemEvent]: PLAYER picked up WHEAT_SEEDS
[10:01:10][EntityPickupItemEvent]: PLAYER picked up WHEAT
[10:01:10][EntityPickupItemEvent]: PLAYER picked up WHEAT_SEEDS
[10:01:11][EntityPickupItemEvent]: PLAYER picked up WHEAT
[10:01:11][EntityPickupItemEvent]: PLAYER picked up WHEAT_SEEDS
[10:01:12][EntityPickupItemEvent]: PLAYER picked up WHEAT
[10:01:13][EntityPickupItemEvent]: PLAYER picked up WHEAT
[10:01:13][EntityPickupItemEvent]: PLAYER picked up WHEAT
[10:01:13][EntityPickupItemEvent]: PLAYER picked up WHEAT_SEEDS
[10:01:13][EntityPickupItemEvent]: PLAYER picked up WHEAT
[10:01:14][EntityPickupItemEvent]: PLAYER picked up WHEAT_SEEDS
[10:01:15][EntityPickupItemEvent]: PLAYER picked up WHEAT_SEEDS
[10:01:15][EntityPickupItemEvent]: PLAYER picked up WHEAT
[10:01:35][EntityPickupItemEvent]: PLAYER picked up WHEAT
[10:02:18][EntityPickupItemEvent]: PLAYER picked up WHEAT
[10:02:47][EntityPickupItemEvent]: PLAYER picked up LEATHER
[10:02:47][EntityPickupItemEvent]: PLAYER picked up BEEF
[10:03:36][EntityPickupItemEvent]: PLAYER picked up LEATHER
[10:03:36][EntityPickupItemEvent]: PLAYER picked up BEEF
[10:04:11][EntityPickupItemEvent]: PLAYER picked up STONE_PICKAXE
[10:04:31][EntityPickupItemEvent]: PLAYER picked up COAL
[10:04:34][EntityPickupItemEvent]: PLAYER picked up COAL
[10:04:37][EntityPickupItemEvent]: PLAYER picked up COAL
[10:04:39][EntityPickupItemEvent]: PLAYER picked up COAL
[10:04:40][EntityPickupItemEvent]: PLAYER picked up COAL
[10:04:46][EntityPickupItemEvent]: PLAYER picked up COAL
[10:04:57][EntityPickupItemEvent]: PLAYER picked up COAL
[10:04:59][EntityPickupItemEvent]: PLAYER picked up COAL
[10:05:00][EntityPickupItemEvent]: PLAYER picked up COAL
[10:05:07][EntityPickupItemEvent]: PLAYER picked up COAL
[10:05:09][EntityPickupItemEvent]: PLAYER picked up COAL
[10:05:10][EntityPickupItemEvent]: PLAYER picked up COAL
[10:05:22][EntityPickupItemEvent]: PLAYER picked up TORCH
[10:05:22][EntityPickupItemEvent]: PLAYER picked up COBBLESTONE
[10:05:25][EntityPickupItemEvent]: PLAYER picked up WOODEN_PICKAXE
[10:05:44][EntityPickupItemEvent]: PLAYER picked up COBBLESTONE
[10:06:25][EntityPickupItemEvent]: PLAYER picked up ROTTEN_FLESH
[10:06:27][EntityPickupItemEvent]: PLAYER picked up COBBLESTONE
[10:06:29][EntityPickupItemEvent]: PLAYER picked up IRON_ORE
[10:06:30][EntityPickupItemEvent]: PLAYER picked up IRON_ORE
[10:06:31][EntityPickupItemEvent]: PLAYER picked up COBBLESTONE
[10:06:35][EntityPickupItemEvent]: PLAYER picked up IRON_ORE
[10:06:36][EntityPickupItemEvent]: PLAYER picked up IRON_ORE
[10:06:36][EntityPickupItemEvent]: PLAYER picked up COBBLESTONE
[10:06:38][EntityPickupItemEvent]: PLAYER picked up IRON_ORE
[10:06:41][EntityPickupItemEvent]: PLAYER picked up IRON_ORE
[10:06:45][EntityPickupItemEvent]: PLAYER picked up IRON_ORE
[10:06:46][EntityPickupItemEvent]: PLAYER picked up IRON_ORE
[10:06:48][EntityPickupItemEvent]: PLAYER picked up IRON_ORE
[10:06:49][EntityPickupItemEvent]: PLAYER picked up IRON_ORE
[10:06:51][EntityPickupItemEvent]: PLAYER picked up IRON_ORE
[10:06:57][EntityPickupItemEvent]: PLAYER picked up IRON_ORE
[10:06:59][EntityPickupItemEvent]: PLAYER picked up IRON_ORE
[10:07:01][EntityPickupItemEvent]: PLAYER picked up IRON_ORE
[10:07:06][EntityPickupItemEvent]: PLAYER picked up TORCH
[10:07:08][EntityPickupItemEvent]: PLAYER picked up IRON_ORE
[10:07:12][EntityPickupItemEvent]: PLAYER picked up IRON_ORE
[10:07:24][EntityPickupItemEvent]: PLAYER picked up IRON_ORE
[10:07:25][EntityPickupItemEvent]: PLAYER picked up IRON_ORE
[10:07:25][EntityPickupItemEvent]: PLAYER picked up IRON_ORE
[10:07:33][EntityPickupItemEvent]: PLAYER picked up COAL
[10:07:35][EntityPickupItemEvent]: PLAYER picked up COAL
[10:07:39][EntityPickupItemEvent]: PLAYER picked up COAL
[10:07:50][EntityPickupItemEvent]: PLAYER picked up ANDESITE
[10:07:51][EntityPickupItemEvent]: PLAYER picked up ANDESITE
[10:07:51][EntityPickupItemEvent]: PLAYER picked up TORCH
[10:07:53][EntityPickupItemEvent]: PLAYER picked up TORCH
[10:07:54][EntityPickupItemEvent]: PLAYER picked up TORCH
[10:08:00][EntityPickupItemEvent]: PLAYER picked up TORCH
[10:08:01][EntityPickupItemEvent]: PLAYER picked up TORCH
[10:08:23][EntityPickupItemEvent]: PLAYER picked up TORCH
[10:08:55][EntityPickupItemEvent]: PLAYER picked up DIRT
[10:08:56][EntityPickupItemEvent]: PLAYER picked up DIRT
[10:08:58][EntityPickupItemEvent]: PLAYER picked up DIRT
[10:13:08][EntityPickupItemEvent]: PLAYER picked up SWEET_BERRIES
[10:13:21][EntityPickupItemEvent]: PLAYER picked up PORKCHOP
[10:13:48][EntityPickupItemEvent]: PLAYER picked up SALMON
[10:14:08][EntityPickupItemEvent]: PLAYER picked up SWEET_BERRIES
[10:14:08][EntityPickupItemEvent]: PLAYER picked up SWEET_BERRIES
[10:14:37][EntityPickupItemEvent]: PLAYER picked up PORKCHOP
[10:14:40][EntityPickupItemEvent]: PLAYER picked up SWEET_BERRIES
[10:20:12][EntityPickupItemEvent]: PLAYER picked up MUTTON
[10:20:13][EntityPickupItemEvent]: PLAYER picked up WHITE_WOOL
[10:20:18][EntityPickupItemEvent]: PLAYER picked up MUTTON
[10:20:18][EntityPickupItemEvent]: PLAYER picked up WHITE_WOOL
[10:22:43][EntityPickupItemEvent]: PLAYER picked up PORKCHOP
[10:22:55][EntityPickupItemEvent]: PLAYER picked up PORKCHOP
[10:23:37][EntityPickupItemEvent]: PLAYER picked up WHITE_WOOL
[10:23:37][EntityPickupItemEvent]: PLAYER picked up MUTTON
[10:24:41][EntityPickupItemEvent]: PLAYER picked up MUTTON
[10:24:42][EntityPickupItemEvent]: PLAYER picked up WHITE_WOOL
[10:24:47][EntityPickupItemEvent]: PLAYER picked up WHITE_WOOL
[10:24:47][EntityPickupItemEvent]: PLAYER picked up MUTTON
[21:12:03][EntityPickupItemEvent]: PLAYER picked up DIRT
[21:12:05][EntityPickupItemEvent]: PLAYER picked up DIRT
[21:15:11][EntityPickupItemEvent]: PLAYER picked up DIRT
[21:17:17][EntityPickupItemEvent]: PLAYER picked up DIRT
[21:19:08][EntityPickupItemEvent]: PLAYER picked up DIRT
[21:19:11][EntityPickupItemEvent]: PLAYER picked up DIRT
[21:19:28][EntityPickupItemEvent]: PLAYER picked up SPRUCE_LOG
[21:19:31][EntityPickupItemEvent]: PLAYER picked up SPRUCE_LOG
[21:19:35][EntityPickupItemEvent]: PLAYER picked up SPRUCE_LOG
[21:19:38][EntityPickupItemEvent]: PLAYER picked up SPRUCE_LOG
[21:19:41][EntityPickupItemEvent]: PLAYER picked up SPRUCE_LOG
[21:20:32][EntityPickupItemEvent]: PLAYER picked up DIRT
[21:20:55][EntityPickupItemEvent]: PLAYER picked up ANDESITE
[21:20:56][EntityPickupItemEvent]: PLAYER picked up COBBLESTONE
[21:20:58][EntityPickupItemEvent]: PLAYER picked up COBBLESTONE
[21:20:59][EntityPickupItemEvent]: PLAYER picked up COBBLESTONE
[21:21:01][EntityPickupItemEvent]: PLAYER picked up COBBLESTONE
[21:21:03][EntityPickupItemEvent]: PLAYER picked up COBBLESTONE
[21:21:05][EntityPickupItemEvent]: PLAYER picked up COBBLESTONE
[21:21:07][EntityPickupItemEvent]: PLAYER picked up COBBLESTONE
[21:21:08][EntityPickupItemEvent]: PLAYER picked up COBBLESTONE
[21:21:11][EntityPickupItemEvent]: PLAYER picked up COBBLESTONE
[21:21:12][EntityPickupItemEvent]: PLAYER picked up COBBLESTONE
[21:21:14][EntityPickupItemEvent]: PLAYER picked up COBBLESTONE
[21:21:15][EntityPickupItemEvent]: PLAYER picked up COBBLESTONE
[21:21:17][EntityPickupItemEvent]: PLAYER picked up COBBLESTONE
[21:21:18][EntityPickupItemEvent]: PLAYER picked up COBBLESTONE
[21:21:21][EntityPickupItemEvent]: PLAYER picked up COBBLESTONE
[21:21:55][EntityPickupItemEvent]: PLAYER picked up COBBLESTONE
[21:21:55][EntityPickupItemEvent]: PLAYER picked up COBBLESTONE
[21:21:56][EntityPickupItemEvent]: PLAYER picked up COBBLESTONE
[21:21:58][EntityPickupItemEvent]: PLAYER picked up COBBLESTONE
[21:22:02][EntityPickupItemEvent]: PLAYER picked up COBBLESTONE
[21:22:03][EntityPickupItemEvent]: PLAYER picked up ANDESITE
[21:22:03][EntityPickupItemEvent]: PLAYER picked up COBBLESTONE
[21:22:22][EntityPickupItemEvent]: PLAYER picked up COBBLESTONE
[21:22:27][EntityPickupItemEvent]: PLAYER picked up COBBLESTONE
[21:22:28][EntityPickupItemEvent]: PLAYER picked up COBBLESTONE
[21:22:29][EntityPickupItemEvent]: PLAYER picked up COBBLESTONE
[21:22:34][EntityPickupItemEvent]: PLAYER picked up COBBLESTONE
[21:22:35][EntityPickupItemEvent]: PLAYER picked up COBBLESTONE
[21:22:36][EntityPickupItemEvent]: PLAYER picked up COBBLESTONE
[21:22:41][EntityPickupItemEvent]: PLAYER picked up COBBLESTONE
[21:22:46][EntityPickupItemEvent]: PLAYER picked up COBBLESTONE
[21:22:49][EntityPickupItemEvent]: PLAYER picked up COBBLESTONE
[21:23:33][EntityPickupItemEvent]: PLAYER picked up DIRT
[21:23:38][EntityPickupItemEvent]: PLAYER picked up INK_SAC
[21:23:45][EntityPickupItemEvent]: PLAYER picked up INK_SAC
[21:23:51][EntityPickupItemEvent]: PLAYER picked up SALMON
[21:24:46][EntityPickupItemEvent]: PLAYER picked up SWEET_BERRIES
[21:24:51][EntityPickupItemEvent]: PLAYER picked up SWEET_BERRIES
[21:36:34][EntityPickupItemEvent]: PLAYER picked up DIRT
[21:36:45][EntityPickupItemEvent]: PLAYER picked up PORKCHOP
[21:36:49][EntityPickupItemEvent]: PLAYER picked up PORKCHOP
[21:37:08][EntityPickupItemEvent]: PLAYER picked up COAL
[21:37:08][EntityPickupItemEvent]: PLAYER picked up COAL
[21:37:10][EntityPickupItemEvent]: PLAYER picked up COAL
[21:37:13][EntityPickupItemEvent]: PLAYER picked up COAL
[21:37:14][EntityPickupItemEvent]: PLAYER picked up COAL
[21:37:16][EntityPickupItemEvent]: PLAYER picked up COAL
[21:37:17][EntityPickupItemEvent]: PLAYER picked up COAL
[21:37:40][EntityPickupItemEvent]: PLAYER picked up COAL
[21:37:44][EntityPickupItemEvent]: PLAYER picked up COAL
[21:37:45][EntityPickupItemEvent]: PLAYER picked up COAL
[21:37:46][EntityPickupItemEvent]: PLAYER picked up COAL
[21:37:48][EntityPickupItemEvent]: PLAYER picked up IRON_ORE
[21:37:58][EntityPickupItemEvent]: PLAYER picked up COBBLESTONE
[21:38:00][EntityPickupItemEvent]: PLAYER picked up IRON_ORE
[21:38:00][EntityPickupItemEvent]: PLAYER picked up IRON_ORE
[21:38:02][EntityPickupItemEvent]: PLAYER picked up COBBLESTONE
[21:38:03][EntityPickupItemEvent]: PLAYER picked up IRON_ORE
[21:38:04][EntityPickupItemEvent]: PLAYER picked up IRON_ORE
[21:38:06][EntityPickupItemEvent]: PLAYER picked up IRON_ORE
[21:38:11][EntityPickupItemEvent]: PLAYER picked up IRON_ORE
[21:38:12][EntityPickupItemEvent]: PLAYER picked up IRON_ORE
[21:38:25][EntityPickupItemEvent]: PLAYER picked up IRON_ORE
[21:38:26][EntityPickupItemEvent]: PLAYER picked up COBBLESTONE
[21:38:28][EntityPickupItemEvent]: PLAYER picked up IRON_ORE
[21:38:29][EntityPickupItemEvent]: PLAYER picked up IRON_ORE
[21:38:31][EntityPickupItemEvent]: PLAYER picked up IRON_ORE
[21:38:32][EntityPickupItemEvent]: PLAYER picked up COBBLESTONE
[21:38:35][EntityPickupItemEvent]: PLAYER picked up COAL
[21:38:36][EntityPickupItemEvent]: PLAYER picked up COAL
[21:38:38][EntityPickupItemEvent]: PLAYER picked up COAL
[21:38:39][EntityPickupItemEvent]: PLAYER picked up COAL
[21:38:43][EntityPickupItemEvent]: PLAYER picked up COAL
[21:38:46][EntityPickupItemEvent]: PLAYER picked up COAL
[21:38:48][EntityPickupItemEvent]: PLAYER picked up COAL
[21:38:49][EntityPickupItemEvent]: PLAYER picked up COAL
[21:38:51][EntityPickupItemEvent]: PLAYER picked up COAL
[21:38:52][EntityPickupItemEvent]: PLAYER picked up COAL
[21:39:03][EntityPickupItemEvent]: PLAYER picked up COAL
[21:39:05][EntityPickupItemEvent]: PLAYER picked up COAL
[21:39:06][EntityPickupItemEvent]: PLAYER picked up COAL
[21:39:08][EntityPickupItemEvent]: PLAYER picked up COAL
[21:39:10][EntityPickupItemEvent]: PLAYER picked up COAL
[21:39:13][EntityPickupItemEvent]: PLAYER picked up COAL
[21:39:14][EntityPickupItemEvent]: PLAYER picked up COAL
[21:39:15][EntityPickupItemEvent]: PLAYER picked up COAL
[21:39:15][EntityPickupItemEvent]: PLAYER picked up COAL
[21:39:17][EntityPickupItemEvent]: PLAYER picked up COAL
[21:39:31][EntityPickupItemEvent]: PLAYER picked up COBBLESTONE
[21:39:57][EntityPickupItemEvent]: PLAYER picked up IRON_ORE
[21:39:58][EntityPickupItemEvent]: PLAYER picked up IRON_ORE
[21:40:00][EntityPickupItemEvent]: PLAYER picked up IRON_ORE
[21:40:05][EntityPickupItemEvent]: PLAYER picked up IRON_ORE
[21:42:07][EntityPickupItemEvent]: PLAYER picked up INK_SAC
[21:43:14][EntityPickupItemEvent]: PLAYER picked up SWEET_BERRIES
[21:43:28][EntityPickupItemEvent]: PLAYER picked up SWEET_BERRIES
[21:43:37][EntityPickupItemEvent]: PLAYER picked up PORKCHOP
[21:43:46][EntityPickupItemEvent]: PLAYER picked up PORKCHOP
[21:44:09][EntityPickupItemEvent]: PLAYER picked up DIRT
[21:44:49][EntityPickupItemEvent]: PLAYER picked up SWEET_BERRIES
[21:45:02][EntityPickupItemEvent]: PLAYER picked up SPRUCE_LOG
[21:45:05][EntityPickupItemEvent]: PLAYER picked up SPRUCE_LOG
[21:45:09][EntityPickupItemEvent]: PLAYER picked up SPRUCE_LOG
[21:45:22][EntityPickupItemEvent]: PLAYER picked up DIRT
[21:45:23][EntityPickupItemEvent]: PLAYER picked up DIRT
[21:45:36][EntityPickupItemEvent]: PLAYER picked up CRAFTING_TABLE
[21:46:38][EntityPickupItemEvent]: PLAYER picked up DIRT
[21:46:39][EntityPickupItemEvent]: PLAYER picked up DIRT
[21:46:40][EntityPickupItemEvent]: PLAYER picked up DIRT
[21:46:41][EntityPickupItemEvent]: PLAYER picked up DIRT
[21:46:42][EntityPickupItemEvent]: PLAYER picked up DIRT
[21:46:43][EntityPickupItemEvent]: PLAYER picked up GRANITE
[21:46:45][EntityPickupItemEvent]: PLAYER picked up GRANITE
[21:46:46][EntityPickupItemEvent]: PLAYER picked up COBBLESTONE
[21:46:48][EntityPickupItemEvent]: PLAYER picked up COBBLESTONE
[21:46:49][EntityPickupItemEvent]: PLAYER picked up COBBLESTONE
[21:46:51][EntityPickupItemEvent]: PLAYER picked up COBBLESTONE
[21:46:52][EntityPickupItemEvent]: PLAYER picked up COBBLESTONE
[21:46:55][EntityPickupItemEvent]: PLAYER picked up COBBLESTONE
[21:46:57][EntityPickupItemEvent]: PLAYER picked up COBBLESTONE
[21:47:07][EntityPickupItemEvent]: PLAYER picked up DIRT
[21:47:08][EntityPickupItemEvent]: PLAYER picked up DIRT
[21:47:12][EntityPickupItemEvent]: PLAYER picked up DIRT
[21:47:13][EntityPickupItemEvent]: PLAYER picked up DIRT
[21:47:15][EntityPickupItemEvent]: PLAYER picked up DIRT
[21:47:19][EntityPickupItemEvent]: PLAYER picked up STICK
[21:47:23][EntityPickupItemEvent]: PLAYER picked up SPRUCE_LOG
[21:47:46][EntityPickupItemEvent]: PLAYER picked up DIRT
[21:47:46][EntityPickupItemEvent]: PLAYER picked up DIRT
[21:47:47][EntityPickupItemEvent]: PLAYER picked up DIRT
[21:47:47][EntityPickupItemEvent]: PLAYER picked up DIRT
[21:47:48][EntityPickupItemEvent]: PLAYER picked up DIRT
[21:47:48][EntityPickupItemEvent]: PLAYER picked up DIRT
[21:47:49][EntityPickupItemEvent]: PLAYER picked up DIRT
[21:47:49][EntityPickupItemEvent]: PLAYER picked up DIRT
[21:47:52][EntityPickupItemEvent]: PLAYER picked up IRON_ORE
[21:47:54][EntityPickupItemEvent]: PLAYER picked up IRON_ORE
[21:47:55][EntityPickupItemEvent]: PLAYER picked up IRON_ORE
[21:47:57][EntityPickupItemEvent]: PLAYER picked up IRON_ORE
[21:48:02][EntityPickupItemEvent]: PLAYER picked up IRON_ORE
[21:48:03][EntityPickupItemEvent]: PLAYER picked up IRON_ORE
[21:48:04][EntityPickupItemEvent]: PLAYER picked up COBBLESTONE
[21:48:05][EntityPickupItemEvent]: PLAYER picked up COBBLESTONE
[21:48:06][EntityPickupItemEvent]: PLAYER picked up COBBLESTONE
[21:48:07][EntityPickupItemEvent]: PLAYER picked up COBBLESTONE
[21:48:08][EntityPickupItemEvent]: PLAYER picked up COBBLESTONE
[21:48:08][EntityPickupItemEvent]: PLAYER picked up COBBLESTONE
[21:48:09][EntityPickupItemEvent]: PLAYER picked up COBBLESTONE
[21:48:10][EntityPickupItemEvent]: PLAYER picked up ANDESITE
[21:48:11][EntityPickupItemEvent]: PLAYER picked up ANDESITE
[21:48:12][EntityPickupItemEvent]: PLAYER picked up ANDESITE
[21:48:12][EntityPickupItemEvent]: PLAYER picked up COBBLESTONE
[21:48:13][EntityPickupItemEvent]: PLAYER picked up COBBLESTONE
[21:48:14][EntityPickupItemEvent]: PLAYER picked up COBBLESTONE
[21:48:15][EntityPickupItemEvent]: PLAYER picked up COBBLESTONE
[21:48:16][EntityPickupItemEvent]: PLAYER picked up COBBLESTONE
[21:48:17][EntityPickupItemEvent]: PLAYER picked up COBBLESTONE
[21:48:18][EntityPickupItemEvent]: PLAYER picked up COBBLESTONE
[21:48:19][EntityPickupItemEvent]: PLAYER picked up COBBLESTONE
[21:48:20][EntityPickupItemEvent]: PLAYER picked up COBBLESTONE
[21:48:20][EntityPickupItemEvent]: PLAYER picked up COBBLESTONE
[21:48:50][EntityPickupItemEvent]: PLAYER picked up COBBLESTONE
[21:49:18][EntityPickupItemEvent]: PLAYER picked up SWEET_BERRIES
[21:49:45][EntityPickupItemEvent]: PLAYER picked up PORKCHOP
[21:49:49][EntityPickupItemEvent]: PLAYER picked up SWEET_BERRIES
[21:50:22][EntityPickupItemEvent]: PLAYER picked up DIRT
[21:50:23][EntityPickupItemEvent]: PLAYER picked up DIRT
[21:50:23][EntityPickupItemEvent]: PLAYER picked up DIRT
[21:50:26][EntityPickupItemEvent]: PLAYER picked up DIRT
[21:50:28][EntityPickupItemEvent]: PLAYER picked up COBBLESTONE
[21:50:29][EntityPickupItemEvent]: PLAYER picked up COBBLESTONE
[21:50:31][EntityPickupItemEvent]: PLAYER picked up COBBLESTONE
[21:50:32][EntityPickupItemEvent]: PLAYER picked up COBBLESTONE
[21:50:33][EntityPickupItemEvent]: PLAYER picked up COBBLESTONE
[21:50:34][EntityPickupItemEvent]: PLAYER picked up COBBLESTONE
[21:50:35][EntityPickupItemEvent]: PLAYER picked up COBBLESTONE
[21:50:36][EntityPickupItemEvent]: PLAYER picked up COBBLESTONE
[21:50:37][EntityPickupItemEvent]: PLAYER picked up COBBLESTONE
[21:50:37][EntityPickupItemEvent]: PLAYER picked up COBBLESTONE
[21:50:38][EntityPickupItemEvent]: PLAYER picked up COBBLESTONE
[21:50:38][EntityPickupItemEvent]: PLAYER picked up COBBLESTONE
[21:50:39][EntityPickupItemEvent]: PLAYER picked up COBBLESTONE
[21:50:40][EntityPickupItemEvent]: PLAYER picked up COBBLESTONE
[21:50:42][EntityPickupItemEvent]: PLAYER picked up COBBLESTONE
[21:50:42][EntityPickupItemEvent]: PLAYER picked up COBBLESTONE
[21:51:02][EntityPickupItemEvent]: PLAYER picked up COBBLESTONE
[21:51:03][EntityPickupItemEvent]: PLAYER picked up COBBLESTONE
[21:51:06][EntityPickupItemEvent]: PLAYER picked up COBBLESTONE
[21:51:06][EntityPickupItemEvent]: PLAYER picked up COBBLESTONE
[21:51:09][EntityPickupItemEvent]: PLAYER picked up COBBLESTONE
[21:51:10][EntityPickupItemEvent]: PLAYER picked up COBBLESTONE
[21:51:11][EntityPickupItemEvent]: PLAYER picked up COBBLESTONE
[21:51:13][EntityPickupItemEvent]: PLAYER picked up COBBLESTONE
[21:51:16][EntityPickupItemEvent]: PLAYER picked up COBBLESTONE
[21:51:16][EntityPickupItemEvent]: PLAYER picked up COBBLESTONE
[21:51:26][EntityPickupItemEvent]: PLAYER picked up COBBLESTONE
[21:51:29][EntityPickupItemEvent]: PLAYER picked up COBBLESTONE
[21:51:29][EntityPickupItemEvent]: PLAYER picked up COBBLESTONE
[21:51:30][EntityPickupItemEvent]: PLAYER picked up COBBLESTONE
[21:51:31][EntityPickupItemEvent]: PLAYER picked up COBBLESTONE
[21:51:33][EntityPickupItemEvent]: PLAYER picked up COBBLESTONE
[21:51:33][EntityPickupItemEvent]: PLAYER picked up COBBLESTONE
[21:51:34][EntityPickupItemEvent]: PLAYER picked up COBBLESTONE
[21:51:34][EntityPickupItemEvent]: PLAYER picked up COBBLESTONE
[21:51:35][EntityPickupItemEvent]: PLAYER picked up COBBLESTONE
[21:51:36][EntityPickupItemEvent]: PLAYER picked up COBBLESTONE
[21:51:37][EntityPickupItemEvent]: PLAYER picked up COBBLESTONE
[21:51:38][EntityPickupItemEvent]: PLAYER picked up COBBLESTONE
[21:51:39][EntityPickupItemEvent]: PLAYER picked up COBBLESTONE
[21:51:40][EntityPickupItemEvent]: PLAYER picked up COBBLESTONE
[21:51:41][EntityPickupItemEvent]: PLAYER picked up COBBLESTONE
[21:51:45][EntityPickupItemEvent]: PLAYER picked up COBBLESTONE
[21:51:46][EntityPickupItemEvent]: PLAYER picked up COBBLESTONE
[21:51:50][EntityPickupItemEvent]: PLAYER picked up COBBLESTONE
[21:51:50][EntityPickupItemEvent]: PLAYER picked up COBBLESTONE
[21:51:52][EntityPickupItemEvent]: PLAYER picked up ANDESITE
[21:51:53][EntityPickupItemEvent]: PLAYER picked up COBBLESTONE
[21:51:53][EntityPickupItemEvent]: PLAYER picked up COBBLESTONE
[21:51:54][EntityPickupItemEvent]: PLAYER picked up ANDESITE
[21:51:55][EntityPickupItemEvent]: PLAYER picked up COBBLESTONE
[21:51:56][EntityPickupItemEvent]: PLAYER picked up COBBLESTONE
[21:51:57][EntityPickupItemEvent]: PLAYER picked up DIRT
[21:51:58][EntityPickupItemEvent]: PLAYER picked up DIRT
[21:52:01][EntityPickupItemEvent]: PLAYER picked up COBBLESTONE
[21:52:02][EntityPickupItemEvent]: PLAYER picked up COBBLESTONE
[21:52:03][EntityPickupItemEvent]: PLAYER picked up COBBLESTONE
[21:52:04][EntityPickupItemEvent]: PLAYER picked up COBBLESTONE
[21:52:05][EntityPickupItemEvent]: PLAYER picked up COBBLESTONE
[21:52:05][EntityPickupItemEvent]: PLAYER picked up COBBLESTONE
[21:52:06][EntityPickupItemEvent]: PLAYER picked up COBBLESTONE
[21:52:07][EntityPickupItemEvent]: PLAYER picked up COBBLESTONE
[21:52:08][EntityPickupItemEvent]: PLAYER picked up COBBLESTONE
[21:52:09][EntityPickupItemEvent]: PLAYER picked up COBBLESTONE
[21:52:10][EntityPickupItemEvent]: PLAYER picked up COBBLESTONE
[21:52:11][EntityPickupItemEvent]: PLAYER picked up COBBLESTONE
[21:52:12][EntityPickupItemEvent]: PLAYER picked up COBBLESTONE
[21:52:13][EntityPickupItemEvent]: PLAYER picked up COBBLESTONE
[21:52:14][EntityPickupItemEvent]: PLAYER picked up COBBLESTONE
[21:52:14][EntityPickupItemEvent]: PLAYER picked up COBBLESTONE
[21:52:15][EntityPickupItemEvent]: PLAYER picked up COBBLESTONE
[21:52:16][EntityPickupItemEvent]: PLAYER picked up COBBLESTONE
[21:52:17][EntityPickupItemEvent]: PLAYER picked up COBBLESTONE
[21:52:18][EntityPickupItemEvent]: PLAYER picked up COBBLESTONE
[21:52:19][EntityPickupItemEvent]: PLAYER picked up COBBLESTONE
[21:52:20][EntityPickupItemEvent]: PLAYER picked up COBBLESTONE
[21:52:21][EntityPickupItemEvent]: PLAYER picked up COBBLESTONE
[21:52:21][EntityPickupItemEvent]: PLAYER picked up COBBLESTONE
[21:52:22][EntityPickupItemEvent]: PLAYER picked up COBBLESTONE
[21:52:23][EntityPickupItemEvent]: PLAYER picked up COBBLESTONE
[21:52:26][EntityPickupItemEvent]: PLAYER picked up COBBLESTONE
[21:52:28][EntityPickupItemEvent]: PLAYER picked up ANDESITE
[21:52:29][EntityPickupItemEvent]: PLAYER picked up ANDESITE
[21:52:30][EntityPickupItemEvent]: PLAYER picked up ANDESITE
[21:52:31][EntityPickupItemEvent]: PLAYER picked up ANDESITE
[21:52:32][EntityPickupItemEvent]: PLAYER picked up ANDESITE
[21:52:34][EntityPickupItemEvent]: PLAYER picked up ANDESITE
[21:53:10][EntityPickupItemEvent]: PLAYER picked up FURNACE
[21:55:35][EntityPickupItemEvent]: PLAYER picked up COBBLESTONE
[21:55:36][EntityPickupItemEvent]: PLAYER picked up COBBLESTONE
[21:55:37][EntityPickupItemEvent]: PLAYER picked up COBBLESTONE
[21:55:37][EntityPickupItemEvent]: PLAYER picked up COBBLESTONE
[21:55:39][EntityPickupItemEvent]: PLAYER picked up IRON_ORE
[21:55:40][EntityPickupItemEvent]: PLAYER picked up COBBLESTONE
[21:55:41][EntityPickupItemEvent]: PLAYER picked up IRON_ORE
[21:55:43][EntityPickupItemEvent]: PLAYER picked up IRON_ORE
[21:55:46][EntityPickupItemEvent]: PLAYER picked up IRON_ORE
[21:55:47][EntityPickupItemEvent]: PLAYER picked up IRON_ORE
[21:55:49][EntityPickupItemEvent]: PLAYER picked up COBBLESTONE
[21:55:50][EntityPickupItemEvent]: PLAYER picked up COBBLESTONE
[21:55:51][EntityPickupItemEvent]: PLAYER picked up GRANITE
