[09:34:13][BlockBreakEvent]: breaked minecraft:spruce_leaves[distance=2,persistent=false] on [world;9;77;-29]
[09:34:13][BlockBreakEvent]: breaked minecraft:spruce_leaves[distance=1,persistent=false] on [world;9;77;-30]
[09:34:17][BlockBreakEvent]: breaked minecraft:spruce_log[axis=y] on [world;9;77;-31]
[09:35:20][BlockBreakEvent]: breaked minecraft:spruce_log[axis=y] on [world;9;76;-31]
[09:35:40][BlockBreakEvent]: breaked minecraft:spruce_log[axis=y] on [world;9;78;-31]
[09:35:43][BlockBreakEvent]: breaked minecraft:spruce_log[axis=y] on [world;9;79;-31]
[09:36:31][BlockBreakEvent]: breaked minecraft:spruce_log[axis=y] on [world;-34;77;-81]
[09:36:38][BlockBreakEvent]: breaked minecraft:spruce_log[axis=y] on [world;-34;76;-81]
[09:36:52][BlockPlaceEvent]: placed minecraft:crafting_table on [world;-44;72;-136]
[09:37:12][BlockBreakEvent]: breaked minecraft:stone on [world;-45;73;-137]
[09:37:14][BlockBreakEvent]: breaked minecraft:stone on [world;-45;72;-137]
[09:37:15][BlockBreakEvent]: breaked minecraft:stone on [world;-45;73;-138]
[09:37:17][BlockBreakEvent]: breaked minecraft:stone on [world;-45;72;-138]
[09:37:18][BlockBreakEvent]: breaked minecraft:stone on [world;-45;72;-139]
[09:37:20][BlockBreakEvent]: breaked minecraft:stone on [world;-45;73;-139]
[09:37:21][BlockBreakEvent]: breaked minecraft:stone on [world;-46;73;-139]
[09:37:23][BlockBreakEvent]: breaked minecraft:stone on [world;-46;72;-139]
[09:37:24][BlockBreakEvent]: breaked minecraft:stone on [world;-46;72;-138]
[09:37:25][BlockBreakEvent]: breaked minecraft:stone on [world;-46;73;-138]
[09:37:27][BlockBreakEvent]: breaked minecraft:stone on [world;-46;72;-137]
[09:37:28][BlockBreakEvent]: breaked minecraft:stone on [world;-46;73;-137]
[09:37:57][BlockBreakEvent]: breaked minecraft:coal_ore on [world;-46;71;-139]
[09:38:00][BlockBreakEvent]: breaked minecraft:coal_ore on [world;-46;71;-140]
[09:38:01][BlockBreakEvent]: breaked minecraft:stone on [world;-46;72;-140]
[09:38:03][BlockBreakEvent]: breaked minecraft:coal_ore on [world;-45;71;-140]
[09:38:04][BlockBreakEvent]: breaked minecraft:coal_ore on [world;-46;71;-141]
[09:38:06][BlockBreakEvent]: breaked minecraft:coal_ore on [world;-45;71;-141]
[09:38:07][BlockBreakEvent]: breaked minecraft:stone on [world;-46;72;-141]
[09:38:09][BlockBreakEvent]: breaked minecraft:coal_ore on [world;-46;70;-141]
[09:38:11][BlockBreakEvent]: breaked minecraft:coal_ore on [world;-45;70;-141]
[09:38:14][BlockBreakEvent]: breaked minecraft:coal_ore on [world;-45;72;-141]
[09:38:15][BlockBreakEvent]: breaked minecraft:coal_ore on [world;-44;71;-141]
[09:38:49][BlockBreakEvent]: breaked minecraft:coal_ore on [world;-45;71;-142]
[09:38:51][BlockBreakEvent]: breaked minecraft:coal_ore on [world;-45;70;-142]
[09:38:52][BlockBreakEvent]: breaked minecraft:stone on [world;-45;70;-143]
[09:38:53][BlockBreakEvent]: breaked minecraft:coal_ore on [world;-44;71;-142]
[09:39:20][BlockBreakEvent]: breaked minecraft:stone on [world;-44;73;-139]
[09:39:21][BlockBreakEvent]: breaked minecraft:stone on [world;-44;72;-139]
[09:39:22][BlockBreakEvent]: breaked minecraft:stone on [world;-44;72;-140]
[09:39:23][BlockBreakEvent]: breaked minecraft:stone on [world;-44;73;-140]
[09:39:24][BlockBreakEvent]: breaked minecraft:stone on [world;-45;73;-140]
[09:39:25][BlockBreakEvent]: breaked minecraft:stone on [world;-45;72;-140]
[09:39:26][BlockBreakEvent]: breaked minecraft:stone on [world;-46;73;-140]
[09:39:28][BlockBreakEvent]: breaked minecraft:coal_ore on [world;-45;72;-142]
[09:39:29][BlockBreakEvent]: breaked minecraft:coal_ore on [world;-44;71;-143]
[09:39:31][BlockBreakEvent]: breaked minecraft:coal_ore on [world;-44;72;-142]
[09:39:32][BlockBreakEvent]: breaked minecraft:coal_ore on [world;-44;72;-143]
[09:39:57][BlockBreakEvent]: breaked minecraft:crafting_table on [world;-44;72;-136]
[09:39:58][BlockBreakEvent]: breaked minecraft:spruce_log[axis=y] on [world;-43;72;-133]
[09:39:59][BlockBreakEvent]: breaked minecraft:spruce_log[axis=y] on [world;-43;73;-133]
[09:40:01][BlockBreakEvent]: breaked minecraft:spruce_log[axis=y] on [world;-43;74;-133]
[09:40:02][BlockBreakEvent]: breaked minecraft:spruce_log[axis=y] on [world;-43;75;-133]
[09:40:03][BlockBreakEvent]: breaked minecraft:spruce_log[axis=y] on [world;-43;76;-133]
[09:40:04][BlockBreakEvent]: breaked minecraft:spruce_log[axis=y] on [world;-43;77;-133]
[09:40:07][BlockBreakEvent]: breaked minecraft:spruce_log[axis=y] on [world;-43;78;-133]
[09:41:26][BlockBreakEvent]: breaked minecraft:spruce_log[axis=y] on [world;-29;86;-153]
[09:41:27][BlockBreakEvent]: breaked minecraft:spruce_log[axis=y] on [world;-29;85;-153]
[09:41:29][BlockBreakEvent]: breaked minecraft:spruce_log[axis=y] on [world;-29;87;-153]
[09:41:37][BlockBreakEvent]: breaked minecraft:spruce_log[axis=y] on [world;-29;88;-153]
[09:41:38][BlockBreakEvent]: breaked minecraft:spruce_log[axis=y] on [world;-29;89;-153]
[09:42:53][BlockBreakEvent]: breaked minecraft:sand on [world;-132;62;-318]
[09:43:23][BlockBreakEvent]: breaked minecraft:sand on [world;-133;62;-319]
[09:43:26][BlockBreakEvent]: breaked minecraft:iron_ore on [world;-134;59;-321]
[09:43:27][BlockBreakEvent]: breaked minecraft:stone on [world;-134;58;-320]
[09:43:28][BlockBreakEvent]: breaked minecraft:stone on [world;-134;58;-321]
[09:43:30][BlockBreakEvent]: breaked minecraft:iron_ore on [world;-134;59;-322]
[09:43:31][BlockBreakEvent]: breaked minecraft:iron_ore on [world;-133;59;-322]
[09:43:54][BlockPlaceEvent]: placed minecraft:cobblestone on [world;-131;74;-246]
[09:43:54][BlockPlaceEvent]: placed minecraft:cobblestone on [world;-131;75;-246]
[09:43:55][BlockPlaceEvent]: placed minecraft:cobblestone on [world;-132;77;-245]
[09:44:10][BlockBreakEvent]: breaked minecraft:grass_block[snowy=false] on [world;-144;77;-213]
[09:44:11][BlockBreakEvent]: breaked minecraft:dirt on [world;-144;76;-213]
[09:44:12][BlockBreakEvent]: breaked minecraft:dirt on [world;-144;75;-213]
[09:44:15][BlockPlaceEvent]: placed minecraft:spruce_planks on [world;-144;77;-213]
[09:44:17][BlockBreakEvent]: breaked minecraft:dirt on [world;-144;75;-214]
[09:44:19][BlockBreakEvent]: breaked minecraft:dirt on [world;-144;76;-214]
[09:44:22][BlockPlaceEvent]: placed minecraft:crafting_table on [world;-144;75;-214]
[09:44:36][BlockPlaceEvent]: placed minecraft:furnace[facing=south,lit=false] on [world;-144;76;-214]
[09:45:08][FurnaceExtractEvent]: breaked minecraft:furnace[facing=south,lit=true] on [world;-144;76;-214]
[09:45:17][BlockBreakEvent]: breaked minecraft:spruce_planks on [world;-144;77;-213]
[09:45:18][BlockPlaceEvent]: placed minecraft:glass on [world;-144;77;-213]
[09:46:09][FurnaceExtractEvent]: breaked minecraft:furnace[facing=south,lit=false] on [world;-144;76;-214]
[09:53:14][BlockBreakEvent]: breaked minecraft:glass on [world;-144;77;-213]
[09:53:17][BlockPlaceEvent]: placed minecraft:spruce_planks on [world;-144;75;-213]
[09:53:20][BlockPlaceEvent]: placed minecraft:dirt on [world;-144;76;-213]
[09:53:20][BlockPlaceEvent]: placed minecraft:dirt on [world;-144;77;-213]
[09:59:50][BlockBreakEvent]: breaked minecraft:wheat[age=7] on [world;-1041;63;1995]
[09:59:50][BlockBreakEvent]: breaked minecraft:wheat[age=7] on [world;-1043;63;1995]
[09:59:50][BlockBreakEvent]: breaked minecraft:wheat[age=7] on [world;-1044;63;1995]
[09:59:51][BlockBreakEvent]: breaked minecraft:wheat[age=7] on [world;-1043;63;1996]
[09:59:51][BlockBreakEvent]: breaked minecraft:wheat[age=7] on [world;-1044;63;1996]
[09:59:51][BlockBreakEvent]: breaked minecraft:wheat[age=7] on [world;-1043;63;1997]
[09:59:51][BlockBreakEvent]: breaked minecraft:wheat[age=7] on [world;-1044;63;1997]
[09:59:51][BlockBreakEvent]: breaked minecraft:wheat[age=7] on [world;-1043;63;1998]
[09:59:51][BlockBreakEvent]: breaked minecraft:wheat[age=7] on [world;-1044;63;1998]
[09:59:52][BlockBreakEvent]: breaked minecraft:wheat[age=7] on [world;-1044;63;1999]
[09:59:52][BlockBreakEvent]: breaked minecraft:wheat[age=7] on [world;-1044;63;2000]
[09:59:52][BlockBreakEvent]: breaked minecraft:wheat[age=7] on [world;-1044;63;2001]
[09:59:52][BlockBreakEvent]: breaked minecraft:wheat[age=7] on [world;-1044;63;2002]
[09:59:54][BlockBreakEvent]: breaked minecraft:wheat[age=7] on [world;-1043;63;1999]
[09:59:54][BlockBreakEvent]: breaked minecraft:wheat[age=7] on [world;-1043;63;2000]
[09:59:54][BlockBreakEvent]: breaked minecraft:wheat[age=7] on [world;-1043;63;2001]
[09:59:55][BlockBreakEvent]: breaked minecraft:wheat[age=7] on [world;-1043;63;2002]
[09:59:55][BlockBreakEvent]: breaked minecraft:wheat[age=7] on [world;-1043;63;2003]
[09:59:55][BlockBreakEvent]: breaked minecraft:wheat[age=7] on [world;-1043;63;2004]
[09:59:55][BlockBreakEvent]: breaked minecraft:wheat[age=7] on [world;-1044;63;2004]
[09:59:55][BlockBreakEvent]: breaked minecraft:wheat[age=7] on [world;-1044;63;2003]
[09:59:55][BlockBreakEvent]: breaked minecraft:wheat[age=7] on [world;-1044;63;2005]
[09:59:56][BlockBreakEvent]: breaked minecraft:wheat[age=7] on [world;-1043;63;2005]
[09:59:56][BlockBreakEvent]: breaked minecraft:wheat[age=7] on [world;-1043;63;2006]
[09:59:56][BlockBreakEvent]: breaked minecraft:wheat[age=7] on [world;-1044;63;2006]
[09:59:56][BlockBreakEvent]: breaked minecraft:wheat[age=7] on [world;-1044;63;2007]
[09:59:56][BlockBreakEvent]: breaked minecraft:wheat[age=7] on [world;-1043;63;2007]
[09:59:56][BlockBreakEvent]: breaked minecraft:wheat[age=7] on [world;-1043;63;2008]
[09:59:57][BlockBreakEvent]: breaked minecraft:wheat[age=7] on [world;-1043;63;2009]
[09:59:57][BlockBreakEvent]: breaked minecraft:wheat[age=7] on [world;-1044;63;2008]
[09:59:57][BlockBreakEvent]: breaked minecraft:wheat[age=7] on [world;-1044;63;2009]
[09:59:57][BlockBreakEvent]: breaked minecraft:wheat[age=7] on [world;-1044;63;2010]
[09:59:57][BlockBreakEvent]: breaked minecraft:wheat[age=7] on [world;-1044;63;2011]
[09:59:58][BlockBreakEvent]: breaked minecraft:wheat[age=7] on [world;-1043;63;2010]
[09:59:58][BlockBreakEvent]: breaked minecraft:wheat[age=7] on [world;-1043;63;2011]
[09:59:58][BlockBreakEvent]: breaked minecraft:wheat[age=7] on [world;-1043;63;2012]
[09:59:58][BlockBreakEvent]: breaked minecraft:wheat[age=7] on [world;-1043;63;2013]
[09:59:58][BlockBreakEvent]: breaked minecraft:wheat[age=7] on [world;-1044;63;2012]
[09:59:58][BlockBreakEvent]: breaked minecraft:wheat[age=7] on [world;-1044;63;2013]
[09:59:58][BlockBreakEvent]: breaked minecraft:wheat[age=7] on [world;-1044;63;2014]
[09:59:58][BlockBreakEvent]: breaked minecraft:wheat[age=7] on [world;-1043;63;2014]
[09:59:59][BlockBreakEvent]: breaked minecraft:wheat[age=7] on [world;-1043;63;2015]
[09:59:59][BlockBreakEvent]: breaked minecraft:wheat[age=7] on [world;-1043;63;2016]
[09:59:59][BlockBreakEvent]: breaked minecraft:wheat[age=7] on [world;-1044;63;2015]
[09:59:59][BlockBreakEvent]: breaked minecraft:wheat[age=7] on [world;-1044;63;2016]
[09:59:59][BlockBreakEvent]: breaked minecraft:wheat[age=7] on [world;-1044;63;2017]
[09:59:59][BlockBreakEvent]: breaked minecraft:wheat[age=7] on [world;-1043;63;2017]
[09:59:59][BlockBreakEvent]: breaked minecraft:wheat[age=7] on [world;-1044;63;2018]
[09:59:59][BlockBreakEvent]: breaked minecraft:wheat[age=7] on [world;-1043;63;2018]
[10:00:00][BlockBreakEvent]: breaked minecraft:wheat[age=7] on [world;-1043;63;2019]
[10:00:00][BlockBreakEvent]: breaked minecraft:wheat[age=7] on [world;-1044;63;2019]
[10:00:00][BlockBreakEvent]: breaked minecraft:wheat[age=7] on [world;-1044;63;2020]
[10:00:00][BlockBreakEvent]: breaked minecraft:wheat[age=7] on [world;-1043;63;2020]
[10:00:02][BlockPlaceEvent]: placed minecraft:wheat[age=0] on [world;-1043;63;2020]
[10:00:02][BlockPlaceEvent]: placed minecraft:wheat[age=0] on [world;-1044;63;2020]
[10:00:03][BlockPlaceEvent]: placed minecraft:wheat[age=0] on [world;-1044;63;2019]
[10:00:03][BlockPlaceEvent]: placed minecraft:wheat[age=0] on [world;-1043;63;2019]
[10:00:03][BlockPlaceEvent]: placed minecraft:wheat[age=0] on [world;-1044;63;2018]
[10:00:04][BlockPlaceEvent]: placed minecraft:wheat[age=0] on [world;-1044;63;2017]
[10:00:04][BlockPlaceEvent]: placed minecraft:wheat[age=0] on [world;-1043;63;2017]
[10:00:05][BlockPlaceEvent]: placed minecraft:wheat[age=0] on [world;-1043;63;2018]
[10:00:06][BlockPlaceEvent]: placed minecraft:wheat[age=0] on [world;-1043;63;2016]
[10:00:06][BlockPlaceEvent]: placed minecraft:wheat[age=0] on [world;-1043;63;2015]
[10:00:06][BlockPlaceEvent]: placed minecraft:wheat[age=0] on [world;-1043;63;2014]
[10:00:07][BlockPlaceEvent]: placed minecraft:wheat[age=0] on [world;-1043;63;2013]
[10:00:07][BlockPlaceEvent]: placed minecraft:wheat[age=0] on [world;-1043;63;2012]
[10:00:07][BlockPlaceEvent]: placed minecraft:wheat[age=0] on [world;-1043;63;2011]
[10:00:07][BlockPlaceEvent]: placed minecraft:wheat[age=0] on [world;-1043;63;2010]
[10:00:07][BlockPlaceEvent]: placed minecraft:wheat[age=0] on [world;-1043;63;2009]
[10:00:08][BlockPlaceEvent]: placed minecraft:wheat[age=0] on [world;-1043;63;2008]
[10:00:08][BlockPlaceEvent]: placed minecraft:wheat[age=0] on [world;-1043;63;2007]
[10:00:08][BlockPlaceEvent]: placed minecraft:wheat[age=0] on [world;-1043;63;2006]
[10:00:08][BlockPlaceEvent]: placed minecraft:wheat[age=0] on [world;-1043;63;2005]
[10:00:09][BlockPlaceEvent]: placed minecraft:wheat[age=0] on [world;-1043;63;2004]
[10:00:09][BlockPlaceEvent]: placed minecraft:wheat[age=0] on [world;-1043;63;2003]
[10:00:09][BlockPlaceEvent]: placed minecraft:wheat[age=0] on [world;-1043;63;2002]
[10:00:09][BlockPlaceEvent]: placed minecraft:wheat[age=0] on [world;-1043;63;2000]
[10:00:10][BlockPlaceEvent]: placed minecraft:wheat[age=0] on [world;-1043;63;1999]
[10:00:10][BlockPlaceEvent]: placed minecraft:wheat[age=0] on [world;-1043;63;1998]
[10:00:10][BlockPlaceEvent]: placed minecraft:wheat[age=0] on [world;-1043;63;1997]
[10:00:10][BlockPlaceEvent]: placed minecraft:wheat[age=0] on [world;-1043;63;1996]
[10:00:11][BlockPlaceEvent]: placed minecraft:wheat[age=0] on [world;-1043;63;1995]
[10:00:11][BlockPlaceEvent]: placed minecraft:wheat[age=0] on [world;-1044;63;1995]
[10:00:11][BlockPlaceEvent]: placed minecraft:wheat[age=0] on [world;-1044;63;1996]
[10:00:12][BlockPlaceEvent]: placed minecraft:wheat[age=0] on [world;-1044;63;1998]
[10:00:13][BlockPlaceEvent]: placed minecraft:wheat[age=0] on [world;-1044;63;1997]
[10:00:14][BlockPlaceEvent]: placed minecraft:wheat[age=0] on [world;-1044;63;2000]
[10:00:14][BlockPlaceEvent]: placed minecraft:wheat[age=0] on [world;-1044;63;2001]
[10:00:14][BlockPlaceEvent]: placed minecraft:wheat[age=0] on [world;-1043;63;2001]
[10:00:15][BlockPlaceEvent]: placed minecraft:wheat[age=0] on [world;-1044;63;1999]
[10:00:16][BlockPlaceEvent]: placed minecraft:wheat[age=0] on [world;-1046;63;1999]
[10:00:18][BlockPlaceEvent]: placed minecraft:wheat[age=0] on [world;-1041;63;1995]
[10:00:19][BlockPlaceEvent]: placed minecraft:wheat[age=0] on [world;-1044;63;2002]
[10:00:19][BlockPlaceEvent]: placed minecraft:wheat[age=0] on [world;-1044;63;2003]
[10:00:20][BlockPlaceEvent]: placed minecraft:wheat[age=0] on [world;-1044;63;2004]
[10:00:20][BlockPlaceEvent]: placed minecraft:wheat[age=0] on [world;-1044;63;2005]
[10:00:20][BlockPlaceEvent]: placed minecraft:wheat[age=0] on [world;-1044;63;2006]
[10:00:21][BlockPlaceEvent]: placed minecraft:wheat[age=0] on [world;-1044;63;2007]
[10:00:21][BlockPlaceEvent]: placed minecraft:wheat[age=0] on [world;-1044;63;2008]
[10:00:21][BlockPlaceEvent]: placed minecraft:wheat[age=0] on [world;-1044;63;2009]
[10:00:21][BlockPlaceEvent]: placed minecraft:wheat[age=0] on [world;-1044;63;2010]
[10:00:21][BlockPlaceEvent]: placed minecraft:wheat[age=0] on [world;-1044;63;2011]
[10:00:22][BlockPlaceEvent]: placed minecraft:wheat[age=0] on [world;-1044;63;2012]
[10:00:22][BlockPlaceEvent]: placed minecraft:wheat[age=0] on [world;-1044;63;2014]
[10:00:22][BlockPlaceEvent]: placed minecraft:wheat[age=0] on [world;-1044;63;2015]
[10:00:24][BlockPlaceEvent]: placed minecraft:wheat[age=0] on [world;-1044;63;2016]
[10:00:27][BlockPlaceEvent]: placed minecraft:wheat[age=0] on [world;-1044;63;2013]
[10:00:29][BlockPlaceEvent]: placed minecraft:wheat[age=0] on [world;-1046;63;2008]
[10:00:30][BlockPlaceEvent]: placed minecraft:wheat[age=0] on [world;-1046;63;2013]
[10:00:31][BlockPlaceEvent]: placed minecraft:wheat[age=0] on [world;-1046;63;2016]
[10:00:41][BlockBreakEvent]: breaked minecraft:wheat[age=7] on [world;-1041;63;1996]
[10:00:41][BlockBreakEvent]: breaked minecraft:wheat[age=7] on [world;-1041;63;1997]
[10:00:41][BlockBreakEvent]: breaked minecraft:wheat[age=7] on [world;-1041;63;1998]
[10:00:42][BlockBreakEvent]: breaked minecraft:wheat[age=7] on [world;-1041;63;1999]
[10:00:42][BlockBreakEvent]: breaked minecraft:wheat[age=7] on [world;-1041;63;2000]
[10:00:42][BlockBreakEvent]: breaked minecraft:wheat[age=7] on [world;-1041;63;2001]
[10:00:42][BlockBreakEvent]: breaked minecraft:wheat[age=7] on [world;-1041;63;2002]
[10:00:43][BlockBreakEvent]: breaked minecraft:wheat[age=7] on [world;-1041;63;2003]
[10:00:43][BlockBreakEvent]: breaked minecraft:wheat[age=7] on [world;-1041;63;2004]
[10:00:43][BlockBreakEvent]: breaked minecraft:wheat[age=7] on [world;-1041;63;2005]
[10:00:43][BlockBreakEvent]: breaked minecraft:wheat[age=7] on [world;-1041;63;2006]
[10:00:44][BlockBreakEvent]: breaked minecraft:wheat[age=7] on [world;-1041;63;2007]
[10:00:44][BlockBreakEvent]: breaked minecraft:wheat[age=7] on [world;-1041;63;2008]
[10:00:44][BlockBreakEvent]: breaked minecraft:wheat[age=7] on [world;-1041;63;2009]
[10:00:44][BlockBreakEvent]: breaked minecraft:wheat[age=7] on [world;-1041;63;2010]
[10:00:44][BlockBreakEvent]: breaked minecraft:wheat[age=7] on [world;-1041;63;2011]
[10:00:45][BlockBreakEvent]: breaked minecraft:wheat[age=7] on [world;-1041;63;2012]
[10:00:45][BlockBreakEvent]: breaked minecraft:wheat[age=7] on [world;-1041;63;2013]
[10:00:45][BlockBreakEvent]: breaked minecraft:wheat[age=7] on [world;-1041;63;2014]
[10:00:45][BlockBreakEvent]: breaked minecraft:wheat[age=7] on [world;-1041;63;2015]
[10:00:46][BlockBreakEvent]: breaked minecraft:wheat[age=7] on [world;-1041;63;2016]
[10:00:46][BlockBreakEvent]: breaked minecraft:wheat[age=7] on [world;-1041;63;2017]
[10:00:46][BlockBreakEvent]: breaked minecraft:wheat[age=7] on [world;-1041;63;2018]
[10:00:46][BlockBreakEvent]: breaked minecraft:wheat[age=7] on [world;-1041;63;2019]
[10:00:47][BlockBreakEvent]: breaked minecraft:wheat[age=7] on [world;-1041;63;2020]
[10:00:48][BlockPlaceEvent]: placed minecraft:wheat[age=0] on [world;-1041;63;2020]
[10:00:48][BlockPlaceEvent]: placed minecraft:wheat[age=0] on [world;-1041;63;2019]
[10:00:49][BlockPlaceEvent]: placed minecraft:wheat[age=0] on [world;-1041;63;2018]
[10:00:49][BlockPlaceEvent]: placed minecraft:wheat[age=0] on [world;-1041;63;2017]
[10:00:49][BlockPlaceEvent]: placed minecraft:wheat[age=0] on [world;-1041;63;2015]
[10:00:50][BlockPlaceEvent]: placed minecraft:wheat[age=0] on [world;-1041;63;2014]
[10:00:50][BlockPlaceEvent]: placed minecraft:wheat[age=0] on [world;-1041;63;2013]
[10:00:50][BlockPlaceEvent]: placed minecraft:wheat[age=0] on [world;-1041;63;2012]
[10:00:50][BlockPlaceEvent]: placed minecraft:wheat[age=0] on [world;-1041;63;2011]
[10:00:51][BlockPlaceEvent]: placed minecraft:wheat[age=0] on [world;-1041;63;2010]
[10:00:51][BlockPlaceEvent]: placed minecraft:wheat[age=0] on [world;-1041;63;2009]
[10:00:51][BlockPlaceEvent]: placed minecraft:wheat[age=0] on [world;-1041;63;2008]
[10:00:51][BlockPlaceEvent]: placed minecraft:wheat[age=0] on [world;-1041;63;2007]
[10:00:51][BlockPlaceEvent]: placed minecraft:wheat[age=0] on [world;-1041;63;2006]
[10:00:52][BlockPlaceEvent]: placed minecraft:wheat[age=0] on [world;-1041;63;2005]
[10:00:52][BlockPlaceEvent]: placed minecraft:wheat[age=0] on [world;-1041;63;2004]
[10:00:52][BlockPlaceEvent]: placed minecraft:wheat[age=0] on [world;-1041;63;2003]
[10:00:52][BlockPlaceEvent]: placed minecraft:wheat[age=0] on [world;-1041;63;2002]
[10:00:53][BlockPlaceEvent]: placed minecraft:wheat[age=0] on [world;-1041;63;2001]
[10:00:53][BlockPlaceEvent]: placed minecraft:wheat[age=0] on [world;-1041;63;2000]
[10:00:53][BlockPlaceEvent]: placed minecraft:wheat[age=0] on [world;-1041;63;1999]
[10:00:53][BlockPlaceEvent]: placed minecraft:wheat[age=0] on [world;-1041;63;1998]
[10:00:53][BlockPlaceEvent]: placed minecraft:wheat[age=0] on [world;-1041;63;1997]
[10:00:54][BlockPlaceEvent]: placed minecraft:wheat[age=0] on [world;-1041;63;1996]
[10:00:58][BlockPlaceEvent]: placed minecraft:wheat[age=0] on [world;-1041;63;2016]
[10:01:01][BlockBreakEvent]: breaked minecraft:wheat[age=7] on [world;-1046;63;2020]
[10:01:01][BlockBreakEvent]: breaked minecraft:wheat[age=7] on [world;-1046;63;2019]
[10:01:01][BlockBreakEvent]: breaked minecraft:wheat[age=7] on [world;-1047;63;2020]
[10:01:01][BlockBreakEvent]: breaked minecraft:wheat[age=7] on [world;-1047;63;2019]
[10:01:01][BlockBreakEvent]: breaked minecraft:wheat[age=7] on [world;-1047;63;2018]
[10:01:02][BlockBreakEvent]: breaked minecraft:wheat[age=7] on [world;-1046;63;2018]
[10:01:02][BlockBreakEvent]: breaked minecraft:wheat[age=7] on [world;-1046;63;2017]
[10:01:03][BlockBreakEvent]: breaked minecraft:wheat[age=7] on [world;-1047;63;2017]
[10:01:03][BlockBreakEvent]: breaked minecraft:wheat[age=7] on [world;-1047;63;2016]
[10:01:03][BlockBreakEvent]: breaked minecraft:wheat[age=7] on [world;-1047;63;2015]
[10:01:04][BlockBreakEvent]: breaked minecraft:wheat[age=7] on [world;-1046;63;2015]
[10:01:04][BlockBreakEvent]: breaked minecraft:wheat[age=7] on [world;-1046;63;2014]
[10:01:04][BlockBreakEvent]: breaked minecraft:wheat[age=7] on [world;-1047;63;2014]
[10:01:04][BlockBreakEvent]: breaked minecraft:wheat[age=7] on [world;-1047;63;2013]
[10:01:05][BlockBreakEvent]: breaked minecraft:wheat[age=7] on [world;-1046;63;2012]
[10:01:05][BlockBreakEvent]: breaked minecraft:wheat[age=7] on [world;-1046;63;2011]
[10:01:06][BlockBreakEvent]: breaked minecraft:wheat[age=7] on [world;-1047;63;2012]
[10:01:07][BlockPlaceEvent]: placed minecraft:wheat[age=0] on [world;-1046;63;2011]
[10:01:07][BlockPlaceEvent]: placed minecraft:wheat[age=0] on [world;-1047;63;2011]
[10:01:08][BlockPlaceEvent]: placed minecraft:wheat[age=0] on [world;-1047;63;2012]
[10:01:08][BlockPlaceEvent]: placed minecraft:wheat[age=0] on [world;-1046;63;2012]
[10:01:09][BlockBreakEvent]: breaked minecraft:wheat[age=7] on [world;-1046;63;2010]
[10:01:09][BlockBreakEvent]: breaked minecraft:wheat[age=7] on [world;-1046;63;2009]
[10:01:09][BlockBreakEvent]: breaked minecraft:wheat[age=7] on [world;-1047;63;2010]
[10:01:09][BlockBreakEvent]: breaked minecraft:wheat[age=7] on [world;-1047;63;2009]
[10:01:09][BlockBreakEvent]: breaked minecraft:wheat[age=7] on [world;-1047;63;2008]
[10:01:10][BlockBreakEvent]: breaked minecraft:wheat[age=7] on [world;-1047;63;2007]
[10:01:10][BlockBreakEvent]: breaked minecraft:wheat[age=7] on [world;-1047;63;2006]
[10:01:11][BlockBreakEvent]: breaked minecraft:wheat[age=7] on [world;-1046;63;2007]
[10:01:11][BlockBreakEvent]: breaked minecraft:wheat[age=7] on [world;-1046;63;2006]
[10:01:11][BlockBreakEvent]: breaked minecraft:wheat[age=7] on [world;-1046;63;2005]
[10:01:12][BlockBreakEvent]: breaked minecraft:wheat[age=7] on [world;-1047;63;2005]
[10:01:12][BlockBreakEvent]: breaked minecraft:wheat[age=7] on [world;-1047;63;2004]
[10:01:12][BlockBreakEvent]: breaked minecraft:wheat[age=7] on [world;-1047;63;2003]
[10:01:12][BlockBreakEvent]: breaked minecraft:wheat[age=7] on [world;-1046;63;2003]
[10:01:12][BlockBreakEvent]: breaked minecraft:wheat[age=7] on [world;-1046;63;2004]
[10:01:12][BlockBreakEvent]: breaked minecraft:wheat[age=7] on [world;-1046;63;2002]
[10:01:13][BlockBreakEvent]: breaked minecraft:wheat[age=7] on [world;-1046;63;2001]
[10:01:13][BlockBreakEvent]: breaked minecraft:wheat[age=7] on [world;-1047;63;2002]
[10:01:13][BlockBreakEvent]: breaked minecraft:wheat[age=7] on [world;-1047;63;2001]
[10:01:13][BlockBreakEvent]: breaked minecraft:wheat[age=7] on [world;-1047;63;2000]
[10:01:13][BlockBreakEvent]: breaked minecraft:wheat[age=7] on [world;-1047;63;1999]
[10:01:13][BlockBreakEvent]: breaked minecraft:wheat[age=7] on [world;-1046;63;2000]
[10:01:13][BlockBreakEvent]: breaked minecraft:wheat[age=1] on [world;-1046;63;1999]
[10:01:13][BlockBreakEvent]: breaked minecraft:wheat[age=7] on [world;-1046;63;1998]
[10:01:14][BlockBreakEvent]: breaked minecraft:wheat[age=7] on [world;-1046;63;1997]
[10:01:14][BlockBreakEvent]: breaked minecraft:wheat[age=7] on [world;-1047;63;1998]
[10:01:14][BlockBreakEvent]: breaked minecraft:wheat[age=7] on [world;-1047;63;1997]
[10:01:14][BlockBreakEvent]: breaked minecraft:wheat[age=7] on [world;-1047;63;1996]
[10:01:14][BlockBreakEvent]: breaked minecraft:wheat[age=7] on [world;-1046;63;1996]
[10:01:14][BlockBreakEvent]: breaked minecraft:wheat[age=7] on [world;-1046;63;1995]
[10:01:15][BlockBreakEvent]: breaked minecraft:wheat[age=7] on [world;-1047;63;1995]
[10:01:16][BlockPlaceEvent]: placed minecraft:wheat[age=0] on [world;-1046;63;1995]
[10:01:17][BlockPlaceEvent]: placed minecraft:wheat[age=0] on [world;-1047;63;1995]
[10:01:18][BlockPlaceEvent]: placed minecraft:wheat[age=0] on [world;-1047;63;1996]
[10:01:18][BlockPlaceEvent]: placed minecraft:wheat[age=0] on [world;-1046;63;1996]
[10:01:19][BlockPlaceEvent]: placed minecraft:wheat[age=0] on [world;-1046;63;1997]
[10:01:19][BlockPlaceEvent]: placed minecraft:wheat[age=0] on [world;-1047;63;1998]
[10:01:21][BlockPlaceEvent]: placed minecraft:wheat[age=0] on [world;-1047;63;1997]
[10:01:21][BlockPlaceEvent]: placed minecraft:wheat[age=0] on [world;-1046;63;1998]
[10:01:21][BlockPlaceEvent]: placed minecraft:wheat[age=0] on [world;-1046;63;1999]
[10:01:22][BlockPlaceEvent]: placed minecraft:wheat[age=0] on [world;-1047;63;2000]
[10:01:22][BlockPlaceEvent]: placed minecraft:wheat[age=0] on [world;-1047;63;1999]
[10:01:23][BlockPlaceEvent]: placed minecraft:wheat[age=0] on [world;-1046;63;2000]
[10:01:23][BlockPlaceEvent]: placed minecraft:wheat[age=0] on [world;-1046;63;2001]
[10:01:24][BlockPlaceEvent]: placed minecraft:wheat[age=0] on [world;-1047;63;2002]
[10:01:24][BlockPlaceEvent]: placed minecraft:wheat[age=0] on [world;-1047;63;2001]
[10:01:34][BlockPlaceEvent]: placed minecraft:wheat[age=0] on [world;-1046;63;2002]
[10:01:35][BlockPlaceEvent]: placed minecraft:wheat[age=0] on [world;-1046;63;2003]
[10:01:35][BlockPlaceEvent]: placed minecraft:wheat[age=0] on [world;-1047;63;2003]
[10:01:36][BlockPlaceEvent]: placed minecraft:wheat[age=0] on [world;-1047;63;2004]
[10:01:36][BlockPlaceEvent]: placed minecraft:wheat[age=0] on [world;-1046;63;2004]
[10:01:37][BlockPlaceEvent]: placed minecraft:wheat[age=0] on [world;-1046;63;2005]
[10:01:37][BlockPlaceEvent]: placed minecraft:wheat[age=0] on [world;-1047;63;2005]
[10:01:38][BlockPlaceEvent]: placed minecraft:wheat[age=0] on [world;-1047;63;2006]
[10:01:38][BlockPlaceEvent]: placed minecraft:wheat[age=0] on [world;-1046;63;2006]
[10:01:39][BlockPlaceEvent]: placed minecraft:wheat[age=0] on [world;-1046;63;2007]
[10:01:39][BlockPlaceEvent]: placed minecraft:wheat[age=0] on [world;-1047;63;2007]
[10:01:39][BlockPlaceEvent]: placed minecraft:wheat[age=0] on [world;-1047;63;2008]
[10:01:39][BlockPlaceEvent]: placed minecraft:wheat[age=0] on [world;-1046;63;2009]
[10:01:40][BlockPlaceEvent]: placed minecraft:wheat[age=0] on [world;-1047;63;2010]
[10:01:40][BlockPlaceEvent]: placed minecraft:wheat[age=0] on [world;-1047;63;2009]
[10:01:41][BlockPlaceEvent]: placed minecraft:wheat[age=0] on [world;-1046;63;2010]
[10:01:42][BlockPlaceEvent]: placed minecraft:wheat[age=0] on [world;-1047;63;2013]
[10:01:42][BlockPlaceEvent]: placed minecraft:wheat[age=0] on [world;-1047;63;2014]
[10:01:43][BlockPlaceEvent]: placed minecraft:wheat[age=0] on [world;-1046;63;2014]
[10:02:13][BlockPlaceEvent]: placed minecraft:wheat[age=0] on [world;-1047;63;2015]
[10:02:13][BlockPlaceEvent]: placed minecraft:wheat[age=0] on [world;-1046;63;2015]
[10:02:16][BlockPlaceEvent]: placed minecraft:wheat[age=0] on [world;-1047;63;2017]
[10:02:16][BlockPlaceEvent]: placed minecraft:wheat[age=0] on [world;-1046;63;2017]
[10:02:17][BlockPlaceEvent]: placed minecraft:wheat[age=0] on [world;-1047;63;2016]
[10:02:18][BlockPlaceEvent]: placed minecraft:wheat[age=0] on [world;-1046;63;2019]
[10:02:19][BlockPlaceEvent]: placed minecraft:wheat[age=0] on [world;-1047;63;2018]
[10:02:19][BlockPlaceEvent]: placed minecraft:wheat[age=0] on [world;-1046;63;2018]
[10:02:20][BlockPlaceEvent]: placed minecraft:wheat[age=0] on [world;-1047;63;2019]
[10:02:21][BlockPlaceEvent]: placed minecraft:wheat[age=0] on [world;-1047;63;2020]
[10:02:21][BlockPlaceEvent]: placed minecraft:wheat[age=0] on [world;-1046;63;2020]
[10:04:23][BlockPlaceEvent]: placed minecraft:torch on [world;-958;60;2123]
[10:04:26][BlockPlaceEvent]: placed minecraft:torch on [world;-959;57;2127]
[10:04:31][BlockBreakEvent]: breaked minecraft:coal_ore on [world;-963;54;2128]
[10:04:32][BlockBreakEvent]: breaked minecraft:coal_ore on [world;-962;54;2128]
[10:04:34][BlockBreakEvent]: breaked minecraft:coal_ore on [world;-963;53;2128]
[10:04:35][BlockBreakEvent]: breaked minecraft:coal_ore on [world;-962;53;2128]
[10:04:37][BlockBreakEvent]: breaked minecraft:coal_ore on [world;-963;54;2129]
[10:04:38][BlockBreakEvent]: breaked minecraft:coal_ore on [world;-963;53;2129]
[10:04:40][BlockBreakEvent]: breaked minecraft:coal_ore on [world;-962;54;2129]
[10:04:41][BlockBreakEvent]: breaked minecraft:coal_ore on [world;-963;54;2130]
[10:04:44][BlockBreakEvent]: breaked minecraft:coal_ore on [world;-963;55;2130]
[10:04:46][BlockBreakEvent]: breaked minecraft:coal_ore on [world;-963;56;2130]
[10:04:47][BlockBreakEvent]: breaked minecraft:coal_ore on [world;-964;55;2130]
[10:04:51][BlockBreakEvent]: breaked minecraft:coal_ore on [world;-964;54;2129]
[10:04:53][BlockBreakEvent]: breaked minecraft:coal_ore on [world;-964;54;2130]
[10:04:54][BlockBreakEvent]: breaked minecraft:coal_ore on [world;-964;53;2130]
[10:04:57][BlockBreakEvent]: breaked minecraft:coal_ore on [world;-964;53;2129]
[10:04:58][BlockBreakEvent]: breaked minecraft:coal_ore on [world;-963;53;2130]
[10:05:00][BlockBreakEvent]: breaked minecraft:coal_ore on [world;-963;54;2131]
[10:05:01][BlockBreakEvent]: breaked minecraft:coal_ore on [world;-964;54;2131]
[10:05:03][BlockBreakEvent]: breaked minecraft:coal_ore on [world;-964;55;2131]
[10:05:05][BlockBreakEvent]: breaked minecraft:coal_ore on [world;-964;56;2130]
[10:05:07][BlockBreakEvent]: breaked minecraft:coal_ore on [world;-965;54;2130]
[10:05:08][BlockBreakEvent]: breaked minecraft:coal_ore on [world;-965;55;2130]
[10:05:10][BlockBreakEvent]: breaked minecraft:coal_ore on [world;-965;56;2130]
[10:05:13][BlockPlaceEvent]: placed minecraft:torch on [world;-968;55;2132]
[10:05:16][BlockPlaceEvent]: placed minecraft:wall_torch[facing=west] on [world;-965;56;2134]
[10:05:19][BlockBreakEvent]: breaked minecraft:torch on [world;-958;60;2123]
[10:05:21][BlockBreakEvent]: breaked minecraft:stone on [world;-958;58;2125]
[10:05:44][BlockBreakEvent]: breaked minecraft:stone on [world;-960;59;2158]
[10:06:12][BlockPlaceEvent]: placed minecraft:torch on [world;-903;63;2195]
[10:06:13][BlockPlaceEvent]: placed minecraft:torch on [world;-907;60;2197]
[10:06:15][BlockPlaceEvent]: placed minecraft:torch on [world;-909;56;2200]
[10:06:27][BlockBreakEvent]: breaked minecraft:stone on [world;-912;54;2197]
[10:06:28][BlockBreakEvent]: breaked minecraft:iron_ore on [world;-912;55;2196]
[10:06:30][BlockBreakEvent]: breaked minecraft:iron_ore on [world;-912;55;2195]
[10:06:31][BlockBreakEvent]: breaked minecraft:stone on [world;-912;54;2196]
[10:06:32][BlockBreakEvent]: breaked minecraft:iron_ore on [world;-912;54;2195]
[10:06:33][BlockBreakEvent]: breaked minecraft:stone on [world;-912;54;2194]
[10:06:35][BlockBreakEvent]: breaked minecraft:iron_ore on [world;-912;55;2194]
[10:06:37][BlockBreakEvent]: breaked minecraft:iron_ore on [world;-911;55;2195]
[10:06:41][BlockBreakEvent]: breaked minecraft:iron_ore on [world;-912;55;2193]
[10:06:44][BlockBreakEvent]: breaked minecraft:iron_ore on [world;-913;55;2194]
[10:06:46][BlockBreakEvent]: breaked minecraft:iron_ore on [world;-912;56;2194]
[10:06:47][BlockBreakEvent]: breaked minecraft:iron_ore on [world;-913;55;2193]
[10:06:49][BlockBreakEvent]: breaked minecraft:iron_ore on [world;-913;54;2194]
[10:06:50][BlockBreakEvent]: breaked minecraft:iron_ore on [world;-914;55;2194]
[10:06:55][BlockPlaceEvent]: placed minecraft:torch on [world;-916;50;2198]
[10:06:57][BlockBreakEvent]: breaked minecraft:iron_ore on [world;-917;49;2198]
[10:06:59][BlockBreakEvent]: breaked minecraft:iron_ore on [world;-917;49;2199]
[10:07:00][BlockBreakEvent]: breaked minecraft:iron_ore on [world;-918;49;2199]
[10:07:02][BlockPlaceEvent]: placed minecraft:torch on [world;-921;48;2195]
[10:07:05][BlockPlaceEvent]: placed minecraft:torch on [world;-927;49;2199]
[10:07:05][BlockBreakEvent]: breaked minecraft:torch on [world;-927;49;2199]
[10:07:06][BlockPlaceEvent]: placed minecraft:torch on [world;-927;49;2200]
[10:07:07][BlockBreakEvent]: breaked minecraft:iron_ore on [world;-928;48;2200]
[10:07:09][BlockBreakEvent]: breaked minecraft:iron_ore on [world;-928;48;2201]
[10:07:10][BlockBreakEvent]: breaked minecraft:iron_ore on [world;-927;48;2201]
[10:07:12][BlockBreakEvent]: breaked minecraft:iron_ore on [world;-929;48;2201]
[10:07:14][BlockBreakEvent]: breaked minecraft:iron_ore on [world;-929;48;2200]
[10:07:17][BlockBreakEvent]: breaked minecraft:iron_ore on [world;-929;47;2201]
[10:07:19][BlockBreakEvent]: breaked minecraft:iron_ore on [world;-928;47;2200]
[10:07:23][BlockBreakEvent]: breaked minecraft:iron_ore on [world;-929;47;2200]
[10:07:25][BlockBreakEvent]: breaked minecraft:iron_ore on [world;-928;47;2201]
[10:07:33][BlockBreakEvent]: breaked minecraft:coal_ore on [world;-921;47;2192]
[10:07:35][BlockBreakEvent]: breaked minecraft:coal_ore on [world;-922;47;2192]
[10:07:39][BlockBreakEvent]: breaked minecraft:coal_ore on [world;-922;47;2193]
[10:07:41][BlockPlaceEvent]: placed minecraft:torch on [world;-918;49;2188]
[10:07:43][BlockPlaceEvent]: placed minecraft:torch on [world;-915;50;2182]
[10:07:46][BlockPlaceEvent]: placed minecraft:torch on [world;-908;49;2186]
[10:07:49][BlockBreakEvent]: breaked minecraft:andesite on [world;-908;48;2184]
[10:07:50][BlockBreakEvent]: breaked minecraft:andesite on [world;-907;48;2184]
[10:07:51][BlockBreakEvent]: breaked minecraft:torch on [world;-908;49;2186]
[10:07:52][BlockPlaceEvent]: placed minecraft:wall_torch[facing=south] on [world;-908;49;2184]
[10:07:53][BlockPlaceEvent]: placed minecraft:wall_torch[facing=south] on [world;-908;49;2184]
[10:07:54][BlockPlaceEvent]: placed minecraft:wall_torch[facing=south] on [world;-908;49;2184]
[10:07:59][BlockPlaceEvent]: placed minecraft:wall_torch[facing=south] on [world;-908;49;2184]
[10:08:00][BlockPlaceEvent]: placed minecraft:wall_torch[facing=south] on [world;-908;49;2184]
[10:08:15][BlockPlaceEvent]: placed minecraft:cobblestone on [world;-929;49;2201]
[10:08:16][BlockPlaceEvent]: placed minecraft:cobblestone on [world;-928;49;2201]
[10:08:17][BlockPlaceEvent]: placed minecraft:cobblestone on [world;-928;49;2200]
[10:08:21][BlockPlaceEvent]: placed minecraft:wall_torch[facing=east] on [world;-937;53;2208]
[10:08:22][BlockBreakEvent]: breaked minecraft:wall_torch[facing=east] on [world;-937;53;2208]
[10:08:55][BlockBreakEvent]: breaked minecraft:dirt on [world;-899;66;2189]
[10:08:56][BlockBreakEvent]: breaked minecraft:grass_block[snowy=false] on [world;-899;67;2189]
[10:08:57][BlockBreakEvent]: breaked minecraft:grass_block[snowy=false] on [world;-899;67;2188]
[10:09:10][BlockPlaceEvent]: placed minecraft:torch on [world;-888;53;2178]
[10:09:11][BlockPlaceEvent]: placed minecraft:wall_torch[facing=west] on [world;-888;50;2179]
[10:09:14][BlockPlaceEvent]: placed minecraft:torch on [world;-890;40;2183]
[10:09:16][BlockPlaceEvent]: placed minecraft:torch on [world;-888;36;2184]
[10:09:17][BlockPlaceEvent]: placed minecraft:torch on [world;-885;33;2184]
[10:09:18][BlockPlaceEvent]: placed minecraft:torch on [world;-881;31;2179]
[10:09:28][BlockPlaceEvent]: placed minecraft:cobblestone on [world;-883;32;2183]
[10:09:29][BlockPlaceEvent]: placed minecraft:cobblestone on [world;-883;32;2184]
[10:14:22][BlockBreakEvent]: breaked minecraft:spruce_leaves[distance=2,persistent=false] on [world;-353;80;-249]
[10:14:22][BlockBreakEvent]: breaked minecraft:spruce_leaves[distance=3,persistent=false] on [world;-354;80;-249]
[10:14:23][BlockBreakEvent]: breaked minecraft:spruce_leaves[distance=2,persistent=false] on [world;-354;80;-250]
[10:14:23][BlockBreakEvent]: breaked minecraft:spruce_leaves[distance=1,persistent=false] on [world;-354;80;-251]
[10:14:24][BlockBreakEvent]: breaked minecraft:spruce_leaves[distance=2,persistent=false] on [world;-354;80;-252]
[10:14:25][BlockBreakEvent]: breaked minecraft:spruce_leaves[distance=4,persistent=false] on [world;-355;79;-252]
[10:14:26][BlockBreakEvent]: breaked minecraft:spruce_leaves[distance=3,persistent=false] on [world;-356;79;-252]
[10:14:27][BlockBreakEvent]: breaked minecraft:spruce_leaves[distance=2,persistent=false] on [world;-357;79;-252]
[10:14:27][BlockBreakEvent]: breaked minecraft:spruce_leaves[distance=1,persistent=false] on [world;-358;79;-252]
[10:14:28][BlockBreakEvent]: breaked minecraft:spruce_leaves[distance=2,persistent=false] on [world;-359;79;-252]
[10:14:30][BlockBreakEvent]: breaked minecraft:fern on [world;-357;76;-258]
[10:14:49][BlockBreakEvent]: breaked minecraft:spruce_leaves[distance=3,persistent=false] on [world;-361;76;-282]
[10:14:49][BlockBreakEvent]: breaked minecraft:spruce_leaves[distance=2,persistent=false] on [world;-361;76;-283]
[10:14:50][BlockBreakEvent]: breaked minecraft:spruce_leaves[distance=3,persistent=false] on [world;-361;76;-284]
[10:15:04][BlockPlaceEvent]: placed minecraft:sweet_berry_bush[age=0] on [world;-349;64;-318]
[10:15:07][BlockBreakEvent]: breaked minecraft:sweet_berry_bush[age=0] on [world;-349;64;-318]
[10:22:41][BlockBreakEvent]: breaked minecraft:grass on [world;-865;77;-839]
[10:25:03][BlockPlaceEvent]: placed minecraft:sweet_berry_bush[age=0] on [world;-933;81;-1248]
[10:25:03][BlockPlaceEvent]: placed minecraft:sweet_berry_bush[age=0] on [world;-932;81;-1249]
[10:25:03][BlockPlaceEvent]: placed minecraft:sweet_berry_bush[age=0] on [world;-933;82;-1249]
[10:25:04][BlockBreakEvent]: breaked minecraft:sweet_berry_bush[age=0] on [world;-933;82;-1249]
[10:25:04][BlockBreakEvent]: breaked minecraft:sweet_berry_bush[age=0] on [world;-932;81;-1249]
[10:25:05][BlockBreakEvent]: breaked minecraft:sweet_berry_bush[age=0] on [world;-933;81;-1248]
[21:12:03][BlockBreakEvent]: breaked minecraft:grass_block[snowy=false] on [world;8;75;-1]
[21:12:04][BlockBreakEvent]: breaked minecraft:dirt on [world;8;74;-1]
[21:12:05][BlockPlaceEvent]: placed minecraft:dirt on [world;8;76;-1]
[21:15:11][BlockBreakEvent]: breaked minecraft:dirt on [world;8;76;-1]
[21:15:11][BlockPlaceEvent]: placed minecraft:dirt on [world;8;76;-1]
[21:15:13][BlockBreakEvent]: breaked minecraft:dirt on [world;8;76;-1]
[21:15:13][BlockPlaceEvent]: placed minecraft:dirt on [world;8;76;-1]
[21:17:11][BlockBreakEvent]: breaked minecraft:dirt on [world;8;76;-1]
[21:17:16][BlockBreakEvent]: breaked minecraft:dirt on [world;9;74;-1]
[21:17:17][BlockPlaceEvent]: placed minecraft:dirt on [world;8;76;-1]
[21:19:07][BlockBreakEvent]: breaked minecraft:dirt on [world;8;76;-1]
[21:19:12][BlockPlaceEvent]: placed minecraft:dirt on [world;8;74;-1]
[21:19:13][BlockPlaceEvent]: placed minecraft:dirt on [world;8;75;-1]
[21:19:22][BlockBreakEvent]: breaked minecraft:spruce_leaves[distance=2,persistent=false] on [world;35;74;34]
[21:19:22][BlockBreakEvent]: breaked minecraft:spruce_leaves[distance=1,persistent=false] on [world;35;74;35]
[21:19:23][BlockBreakEvent]: breaked minecraft:spruce_leaves[distance=1,persistent=false] on [world;35;75;35]
[21:19:26][BlockBreakEvent]: breaked minecraft:spruce_log[axis=y] on [world;35;75;36]
[21:19:31][BlockBreakEvent]: breaked minecraft:spruce_log[axis=y] on [world;35;74;36]
[21:19:34][BlockBreakEvent]: breaked minecraft:spruce_log[axis=y] on [world;35;73;36]
[21:19:38][BlockBreakEvent]: breaked minecraft:spruce_log[axis=y] on [world;35;72;36]
[21:19:41][BlockBreakEvent]: breaked minecraft:spruce_log[axis=y] on [world;35;71;36]
[21:19:42][BlockBreakEvent]: breaked minecraft:spruce_leaves[distance=7,persistent=false] on [world;33;72;36]
[21:20:31][BlockBreakEvent]: breaked minecraft:grass_block[snowy=false] on [world;-73;66;-47]
[21:20:33][BlockPlaceEvent]: placed minecraft:crafting_table on [world;-74;66;-47]
[21:20:53][BlockBreakEvent]: breaked minecraft:andesite on [world;-73;66;-48]
[21:20:54][BlockBreakEvent]: breaked minecraft:andesite on [world;-73;65;-48]
[21:20:56][BlockBreakEvent]: breaked minecraft:stone on [world;-73;66;-49]
[21:20:57][BlockBreakEvent]: breaked minecraft:stone on [world;-73;65;-49]
[21:20:59][BlockBreakEvent]: breaked minecraft:stone on [world;-73;65;-50]
[21:21:00][BlockBreakEvent]: breaked minecraft:stone on [world;-73;66;-50]
[21:21:03][BlockBreakEvent]: breaked minecraft:stone on [world;-74;66;-50]
[21:21:04][BlockBreakEvent]: breaked minecraft:stone on [world;-74;65;-50]
[21:21:06][BlockBreakEvent]: breaked minecraft:stone on [world;-74;65;-49]
[21:21:07][BlockBreakEvent]: breaked minecraft:stone on [world;-74;66;-49]
[21:21:10][BlockBreakEvent]: breaked minecraft:stone on [world;-72;65;-50]
[21:21:12][BlockBreakEvent]: breaked minecraft:stone on [world;-72;66;-50]
[21:21:13][BlockBreakEvent]: breaked minecraft:stone on [world;-72;66;-51]
[21:21:15][BlockBreakEvent]: breaked minecraft:stone on [world;-72;65;-51]
[21:21:16][BlockBreakEvent]: breaked minecraft:stone on [world;-73;66;-51]
[21:21:18][BlockBreakEvent]: breaked minecraft:stone on [world;-73;65;-51]
[21:21:20][BlockBreakEvent]: breaked minecraft:stone on [world;-74;66;-51]
[21:21:22][BlockBreakEvent]: breaked minecraft:stone on [world;-74;65;-51]
[21:21:51][BlockBreakEvent]: breaked minecraft:stone on [world;-71;65;-51]
[21:21:53][BlockBreakEvent]: breaked minecraft:stone on [world;-71;66;-51]
[21:21:54][BlockBreakEvent]: breaked minecraft:stone on [world;-70;65;-51]
[21:21:56][BlockBreakEvent]: breaked minecraft:stone on [world;-70;66;-51]
[21:21:57][BlockBreakEvent]: breaked minecraft:stone on [world;-71;66;-50]
[21:21:59][BlockBreakEvent]: breaked minecraft:andesite on [world;-70;66;-50]
[21:22:00][BlockBreakEvent]: breaked minecraft:andesite on [world;-70;65;-50]
[21:22:02][BlockBreakEvent]: breaked minecraft:stone on [world;-71;65;-50]
[21:22:05][BlockBreakEvent]: breaked minecraft:stone on [world;-75;65;-50]
[21:22:06][BlockBreakEvent]: breaked minecraft:stone on [world;-76;65;-50]
[21:22:08][BlockBreakEvent]: breaked minecraft:stone on [world;-75;66;-50]
[21:22:10][BlockBreakEvent]: breaked minecraft:stone on [world;-76;66;-50]
[21:22:13][BlockBreakEvent]: breaked minecraft:stone on [world;-75;66;-51]
[21:22:15][BlockBreakEvent]: breaked minecraft:stone on [world;-75;65;-51]
[21:22:17][BlockBreakEvent]: breaked minecraft:stone on [world;-76;66;-51]
[21:22:21][BlockBreakEvent]: breaked minecraft:stone on [world;-76;65;-51]
[21:22:23][BlockBreakEvent]: breaked minecraft:stone on [world;-77;65;-51]
[21:22:25][BlockBreakEvent]: breaked minecraft:stone on [world;-77;65;-50]
[21:22:26][BlockBreakEvent]: breaked minecraft:stone on [world;-77;66;-50]
[21:22:28][BlockBreakEvent]: breaked minecraft:stone on [world;-77;66;-51]
[21:22:33][BlockBreakEvent]: breaked minecraft:stone on [world;-73;67;-48]
[21:22:35][BlockBreakEvent]: breaked minecraft:stone on [world;-73;67;-49]
[21:22:36][BlockBreakEvent]: breaked minecraft:stone on [world;-73;67;-50]
[21:22:37][BlockBreakEvent]: breaked minecraft:stone on [world;-73;67;-51]
[21:22:39][BlockBreakEvent]: breaked minecraft:stone on [world;-74;67;-49]
[21:22:41][BlockBreakEvent]: breaked minecraft:stone on [world;-74;67;-50]
[21:22:43][BlockBreakEvent]: breaked minecraft:stone on [world;-74;67;-51]
[21:22:44][BlockBreakEvent]: breaked minecraft:stone on [world;-75;67;-51]
[21:22:46][BlockBreakEvent]: breaked minecraft:stone on [world;-75;67;-50]
[21:22:48][BlockBreakEvent]: breaked minecraft:stone on [world;-72;67;-50]
[21:22:49][BlockBreakEvent]: breaked minecraft:stone on [world;-72;67;-51]
[21:23:58][BlockBreakEvent]: breaked minecraft:spruce_leaves[distance=3,persistent=false] on [world;-128;67;-54]
[21:23:59][BlockBreakEvent]: breaked minecraft:spruce_leaves[distance=2,persistent=false] on [world;-129;67;-54]
[21:24:00][BlockBreakEvent]: breaked minecraft:spruce_leaves[distance=3,persistent=false] on [world;-130;67;-54]
[21:24:19][BlockBreakEvent]: breaked minecraft:spruce_leaves[distance=1,persistent=false] on [world;-175;71;-60]
[21:36:34][BlockBreakEvent]: breaked minecraft:grass_block[snowy=false] on [world;-242;73;-35]
[21:36:59][BlockBreakEvent]: breaked minecraft:coal_ore on [world;-226;58;-9]
[21:37:00][BlockBreakEvent]: breaked minecraft:coal_ore on [world;-226;59;-8]
[21:37:02][BlockBreakEvent]: breaked minecraft:coal_ore on [world;-226;58;-8]
[21:37:04][BlockBreakEvent]: breaked minecraft:coal_ore on [world;-225;59;-8]
[21:37:06][BlockBreakEvent]: breaked minecraft:coal_ore on [world;-225;58;-8]
[21:37:07][BlockBreakEvent]: breaked minecraft:coal_ore on [world;-225;59;-7]
[21:37:10][BlockBreakEvent]: breaked minecraft:coal_ore on [world;-224;59;-8]
[21:37:12][BlockBreakEvent]: breaked minecraft:coal_ore on [world;-224;58;-8]
[21:37:14][BlockBreakEvent]: breaked minecraft:coal_ore on [world;-224;58;-7]
[21:37:15][BlockBreakEvent]: breaked minecraft:coal_ore on [world;-224;59;-7]
[21:37:17][BlockBreakEvent]: breaked minecraft:coal_ore on [world;-225;58;-7]
[21:37:19][BlockBreakEvent]: breaked minecraft:coal_ore on [world;-226;59;-7]
[21:37:38][BlockBreakEvent]: breaked minecraft:coal_ore on [world;-225;59;-9]
[21:37:40][BlockBreakEvent]: breaked minecraft:coal_ore on [world;-225;58;-9]
[21:37:42][BlockBreakEvent]: breaked minecraft:coal_ore on [world;-227;58;-9]
[21:37:44][BlockBreakEvent]: breaked minecraft:coal_ore on [world;-226;58;-10]
[21:37:45][BlockBreakEvent]: breaked minecraft:coal_ore on [world;-227;58;-10]
[21:37:48][BlockBreakEvent]: breaked minecraft:iron_ore on [world;-230;58;-12]
[21:37:57][BlockBreakEvent]: breaked minecraft:stone on [world;-213;51;-18]
[21:37:59][BlockBreakEvent]: breaked minecraft:iron_ore on [world;-214;52;-18]
[21:38:01][BlockBreakEvent]: breaked minecraft:iron_ore on [world;-215;52;-18]
[21:38:02][BlockBreakEvent]: breaked minecraft:stone on [world;-214;51;-18]
[21:38:04][BlockBreakEvent]: breaked minecraft:iron_ore on [world;-214;53;-18]
[21:38:05][BlockBreakEvent]: breaked minecraft:iron_ore on [world;-215;53;-18]
[21:38:07][BlockBreakEvent]: breaked minecraft:iron_ore on [world;-215;53;-17]
[21:38:08][BlockBreakEvent]: breaked minecraft:iron_ore on [world;-215;52;-17]
[21:38:10][BlockBreakEvent]: breaked minecraft:iron_ore on [world;-214;53;-17]
[21:38:11][BlockBreakEvent]: breaked minecraft:iron_ore on [world;-214;52;-17]
[21:38:23][BlockBreakEvent]: breaked minecraft:iron_ore on [world;-237;44;-35]
[21:38:24][BlockBreakEvent]: breaked minecraft:iron_ore on [world;-236;44;-35]
[21:38:26][BlockBreakEvent]: breaked minecraft:stone on [world;-236;43;-34]
[21:38:27][BlockBreakEvent]: breaked minecraft:iron_ore on [world;-236;43;-35]
[21:38:29][BlockBreakEvent]: breaked minecraft:iron_ore on [world;-236;44;-36]
[21:38:30][BlockBreakEvent]: breaked minecraft:iron_ore on [world;-237;44;-36]
[21:38:32][BlockBreakEvent]: breaked minecraft:stone on [world;-237;43;-35]
[21:38:34][BlockBreakEvent]: breaked minecraft:coal_ore on [world;-238;40;-33]
[21:38:36][BlockBreakEvent]: breaked minecraft:coal_ore on [world;-237;41;-33]
[21:38:37][BlockBreakEvent]: breaked minecraft:coal_ore on [world;-237;40;-33]
[21:38:39][BlockBreakEvent]: breaked minecraft:coal_ore on [world;-237;41;-32]
[21:38:42][BlockBreakEvent]: breaked minecraft:coal_ore on [world;-236;40;-33]
[21:38:43][BlockBreakEvent]: breaked minecraft:coal_ore on [world;-236;41;-33]
[21:38:45][BlockBreakEvent]: breaked minecraft:coal_ore on [world;-236;40;-32]
[21:38:46][BlockBreakEvent]: breaked minecraft:coal_ore on [world;-237;40;-32]
[21:38:47][BlockBreakEvent]: breaked minecraft:coal_ore on [world;-237;40;-34]
[21:38:49][BlockBreakEvent]: breaked minecraft:coal_ore on [world;-237;41;-34]
[21:38:50][BlockBreakEvent]: breaked minecraft:coal_ore on [world;-236;41;-34]
[21:38:52][BlockBreakEvent]: breaked minecraft:coal_ore on [world;-236;40;-34]
[21:39:03][BlockBreakEvent]: breaked minecraft:coal_ore on [world;-236;39;-34]
[21:39:04][BlockBreakEvent]: breaked minecraft:coal_ore on [world;-237;39;-34]
[21:39:06][BlockBreakEvent]: breaked minecraft:coal_ore on [world;-236;39;-33]
[21:39:07][BlockBreakEvent]: breaked minecraft:coal_ore on [world;-237;39;-33]
[21:39:09][BlockBreakEvent]: breaked minecraft:coal_ore on [world;-236;40;-35]
[21:39:11][BlockBreakEvent]: breaked minecraft:coal_ore on [world;-236;39;-35]
[21:39:12][BlockBreakEvent]: breaked minecraft:coal_ore on [world;-235;40;-34]
[21:39:14][BlockBreakEvent]: breaked minecraft:coal_ore on [world;-235;40;-35]
[21:39:15][BlockBreakEvent]: breaked minecraft:coal_ore on [world;-235;39;-34]
[21:39:16][BlockBreakEvent]: breaked minecraft:coal_ore on [world;-235;39;-35]
[21:39:30][BlockBreakEvent]: breaked minecraft:stone on [world;-238;39;-32]
[21:39:38][BlockPlaceEvent]: placed minecraft:torch on [world;-235;39;-35]
[21:39:42][BlockPlaceEvent]: placed minecraft:andesite on [world;-238;40;-33]
[21:39:48][BlockPlaceEvent]: placed minecraft:torch on [world;-226;47;-28]
[21:39:56][BlockBreakEvent]: breaked minecraft:iron_ore on [world;-215;53;-23]
[21:39:57][BlockBreakEvent]: breaked minecraft:iron_ore on [world;-215;53;-22]
[21:39:59][BlockBreakEvent]: breaked minecraft:iron_ore on [world;-214;53;-22]
[21:40:00][BlockBreakEvent]: breaked minecraft:iron_ore on [world;-214;53;-23]
[21:40:04][BlockBreakEvent]: breaked minecraft:iron_ore on [world;-215;54;-22]
[21:44:08][BlockBreakEvent]: breaked minecraft:grass_block[snowy=false] on [world;-217;61;81]
[21:45:01][BlockBreakEvent]: breaked minecraft:spruce_log[axis=y] on [world;-219;68;56]
[21:45:05][BlockBreakEvent]: breaked minecraft:spruce_log[axis=y] on [world;-219;67;56]
[21:45:08][BlockBreakEvent]: breaked minecraft:spruce_log[axis=y] on [world;-219;69;56]
[21:45:21][BlockBreakEvent]: breaked minecraft:dirt on [world;-209;62;86]
[21:45:23][BlockBreakEvent]: breaked minecraft:grass_block[snowy=false] on [world;-209;63;86]
[21:45:37][BlockPlaceEvent]: placed minecraft:crafting_table on [world;-204;63;88]
[21:46:12][BlockBreakEvent]: breaked minecraft:spruce_leaves[distance=3,persistent=false] on [world;-220;67;83]
[21:46:37][BlockBreakEvent]: breaked minecraft:grass_block[snowy=false] on [world;-215;65;53]
[21:46:38][BlockBreakEvent]: breaked minecraft:dirt on [world;-215;64;53]
[21:46:39][BlockBreakEvent]: breaked minecraft:dirt on [world;-215;63;53]
[21:46:40][BlockBreakEvent]: breaked minecraft:dirt on [world;-215;62;53]
[21:46:41][BlockBreakEvent]: breaked minecraft:dirt on [world;-215;61;53]
[21:46:43][BlockBreakEvent]: breaked minecraft:granite on [world;-215;60;53]
[21:46:44][BlockBreakEvent]: breaked minecraft:granite on [world;-215;59;53]
[21:46:46][BlockBreakEvent]: breaked minecraft:stone on [world;-215;58;53]
[21:46:47][BlockBreakEvent]: breaked minecraft:stone on [world;-215;57;53]
[21:46:49][BlockBreakEvent]: breaked minecraft:stone on [world;-215;56;53]
[21:46:50][BlockBreakEvent]: breaked minecraft:stone on [world;-215;55;53]
[21:46:52][BlockBreakEvent]: breaked minecraft:stone on [world;-215;54;53]
[21:46:55][BlockBreakEvent]: breaked minecraft:stone on [world;-216;55;53]
[21:46:56][BlockBreakEvent]: breaked minecraft:stone on [world;-216;54;53]
[21:47:00][BlockPlaceEvent]: placed minecraft:dirt on [world;-215;54;53]
[21:47:00][BlockPlaceEvent]: placed minecraft:dirt on [world;-215;55;53]
[21:47:01][BlockPlaceEvent]: placed minecraft:dirt on [world;-215;56;53]
[21:47:01][BlockPlaceEvent]: placed minecraft:dirt on [world;-215;57;53]
[21:47:02][BlockPlaceEvent]: placed minecraft:dirt on [world;-215;58;53]
[21:47:03][BlockPlaceEvent]: placed minecraft:dirt on [world;-215;59;53]
[21:47:04][BlockPlaceEvent]: placed minecraft:dirt on [world;-215;60;53]
[21:47:04][BlockPlaceEvent]: placed minecraft:dirt on [world;-215;61;53]
[21:47:07][BlockBreakEvent]: breaked minecraft:dirt on [world;-215;63;52]
[21:47:08][BlockBreakEvent]: breaked minecraft:dirt on [world;-215;64;52]
[21:47:11][BlockBreakEvent]: breaked minecraft:dirt on [world;-214;64;52]
[21:47:12][BlockBreakEvent]: breaked minecraft:dirt on [world;-215;65;52]
[21:47:13][BlockBreakEvent]: breaked minecraft:grass_block[snowy=false] on [world;-214;65;52]
[21:47:14][BlockBreakEvent]: breaked minecraft:grass_block[snowy=false] on [world;-213;65;52]
[21:47:16][BlockBreakEvent]: breaked minecraft:spruce_leaves[distance=2,persistent=false] on [world;-213;67;54]
[21:47:17][BlockBreakEvent]: breaked minecraft:spruce_leaves[distance=3,persistent=false] on [world;-212;67;54]
[21:47:18][BlockBreakEvent]: breaked minecraft:spruce_leaves[distance=2,persistent=false] on [world;-212;67;55]
[21:47:18][BlockBreakEvent]: breaked minecraft:spruce_leaves[distance=1,persistent=false] on [world;-212;68;56]
[21:47:19][BlockBreakEvent]: breaked minecraft:spruce_leaves[distance=1,persistent=false] on [world;-212;67;56]
[21:47:22][BlockBreakEvent]: breaked minecraft:spruce_log[axis=y] on [world;-213;68;56]
[21:47:30][BlockPlaceEvent]: placed minecraft:crafting_table on [world;-213;65;52]
[21:47:46][BlockBreakEvent]: breaked minecraft:dirt on [world;-215;61;53]
[21:47:46][BlockBreakEvent]: breaked minecraft:dirt on [world;-215;60;53]
[21:47:47][BlockBreakEvent]: breaked minecraft:dirt on [world;-215;59;53]
[21:47:47][BlockBreakEvent]: breaked minecraft:dirt on [world;-215;58;53]
[21:47:48][BlockBreakEvent]: breaked minecraft:dirt on [world;-215;57;53]
[21:47:48][BlockBreakEvent]: breaked minecraft:dirt on [world;-215;56;53]
[21:47:49][BlockBreakEvent]: breaked minecraft:dirt on [world;-215;55;53]
[21:47:49][BlockBreakEvent]: breaked minecraft:dirt on [world;-215;54;53]
[21:47:52][BlockBreakEvent]: breaked minecraft:iron_ore on [world;-215;55;54]
[21:47:53][BlockBreakEvent]: breaked minecraft:iron_ore on [world;-215;54;54]
[21:47:55][BlockBreakEvent]: breaked minecraft:iron_ore on [world;-216;55;54]
[21:47:56][BlockBreakEvent]: breaked minecraft:iron_ore on [world;-216;54;54]
[21:47:58][BlockBreakEvent]: breaked minecraft:iron_ore on [world;-217;54;54]
[21:47:59][BlockBreakEvent]: breaked minecraft:iron_ore on [world;-217;55;54]
[21:48:01][BlockBreakEvent]: breaked minecraft:iron_ore on [world;-217;55;53]
[21:48:02][BlockBreakEvent]: breaked minecraft:iron_ore on [world;-217;54;53]
[21:48:04][BlockBreakEvent]: breaked minecraft:stone on [world;-215;53;53]
[21:48:05][BlockBreakEvent]: breaked minecraft:stone on [world;-215;52;53]
[21:48:06][BlockBreakEvent]: breaked minecraft:stone on [world;-215;51;53]
[21:48:07][BlockBreakEvent]: breaked minecraft:stone on [world;-215;50;53]
[21:48:08][BlockBreakEvent]: breaked minecraft:stone on [world;-215;49;53]
[21:48:08][BlockBreakEvent]: breaked minecraft:stone on [world;-215;48;53]
[21:48:09][BlockBreakEvent]: breaked minecraft:andesite on [world;-215;47;53]
[21:48:10][BlockBreakEvent]: breaked minecraft:andesite on [world;-215;46;53]
[21:48:11][BlockBreakEvent]: breaked minecraft:andesite on [world;-215;45;53]
[21:48:12][BlockBreakEvent]: breaked minecraft:stone on [world;-215;44;53]
[21:48:13][BlockBreakEvent]: breaked minecraft:stone on [world;-215;43;53]
[21:48:14][BlockBreakEvent]: breaked minecraft:stone on [world;-215;42;53]
[21:48:15][BlockBreakEvent]: breaked minecraft:stone on [world;-215;41;53]
[21:48:16][BlockBreakEvent]: breaked minecraft:stone on [world;-215;40;53]
[21:48:17][BlockBreakEvent]: breaked minecraft:stone on [world;-215;39;53]
[21:48:17][BlockBreakEvent]: breaked minecraft:stone on [world;-215;38;53]
[21:48:19][BlockBreakEvent]: breaked minecraft:stone on [world;-215;37;53]
[21:48:20][BlockBreakEvent]: breaked minecraft:stone on [world;-215;36;53]
[21:48:33][BlockPlaceEvent]: placed minecraft:dirt on [world;-215;36;53]
[21:48:33][BlockPlaceEvent]: placed minecraft:dirt on [world;-215;37;53]
[21:48:34][BlockPlaceEvent]: placed minecraft:dirt on [world;-215;38;53]
[21:48:34][BlockPlaceEvent]: placed minecraft:dirt on [world;-215;39;53]
[21:48:34][BlockPlaceEvent]: placed minecraft:dirt on [world;-215;40;53]
[21:48:35][BlockPlaceEvent]: placed minecraft:dirt on [world;-215;41;53]
[21:48:36][BlockPlaceEvent]: placed minecraft:dirt on [world;-215;42;53]
[21:48:36][BlockPlaceEvent]: placed minecraft:dirt on [world;-215;43;53]
[21:48:37][BlockPlaceEvent]: placed minecraft:dirt on [world;-215;44;53]
[21:48:37][BlockPlaceEvent]: placed minecraft:dirt on [world;-215;45;53]
[21:48:38][BlockPlaceEvent]: placed minecraft:dirt on [world;-215;46;53]
[21:48:39][BlockPlaceEvent]: placed minecraft:dirt on [world;-215;47;53]
[21:48:40][BlockPlaceEvent]: placed minecraft:dirt on [world;-215;48;53]
[21:48:40][BlockPlaceEvent]: placed minecraft:dirt on [world;-215;49;53]
[21:48:43][BlockPlaceEvent]: placed minecraft:cobblestone on [world;-215;50;53]
[21:48:43][BlockPlaceEvent]: placed minecraft:cobblestone on [world;-215;51;53]
[21:48:44][BlockPlaceEvent]: placed minecraft:cobblestone on [world;-215;52;53]
[21:48:46][BlockPlaceEvent]: placed minecraft:cobblestone on [world;-215;54;53]
[21:48:49][BlockBreakEvent]: breaked minecraft:stone on [world;-216;56;53]
[21:48:51][BlockPlaceEvent]: placed minecraft:cobblestone on [world;-215;55;53]
[21:48:51][BlockPlaceEvent]: placed minecraft:cobblestone on [world;-215;56;53]
[21:48:52][BlockPlaceEvent]: placed minecraft:cobblestone on [world;-215;57;53]
[21:48:53][BlockPlaceEvent]: placed minecraft:cobblestone on [world;-215;58;53]
[21:48:54][BlockPlaceEvent]: placed minecraft:cobblestone on [world;-215;59;53]
[21:48:54][BlockPlaceEvent]: placed minecraft:cobblestone on [world;-215;60;53]
[21:48:55][BlockPlaceEvent]: placed minecraft:cobblestone on [world;-215;61;53]
[21:48:56][BlockPlaceEvent]: placed minecraft:cobblestone on [world;-215;62;53]
[21:48:58][BlockPlaceEvent]: placed minecraft:cobblestone on [world;-214;64;52]
[21:50:21][BlockBreakEvent]: breaked minecraft:grass_block[snowy=false] on [world;-247;73;-17]
[21:50:22][BlockBreakEvent]: breaked minecraft:dirt on [world;-247;72;-17]
[21:50:23][BlockBreakEvent]: breaked minecraft:dirt on [world;-247;71;-17]
[21:50:24][BlockPlaceEvent]: placed minecraft:granite on [world;-247;73;-17]
[21:50:25][BlockBreakEvent]: breaked minecraft:dirt on [world;-247;70;-17]
[21:50:28][BlockBreakEvent]: breaked minecraft:stone on [world;-247;69;-17]
[21:50:29][BlockBreakEvent]: breaked minecraft:stone on [world;-247;68;-17]
[21:50:31][BlockBreakEvent]: breaked minecraft:stone on [world;-247;67;-17]
[21:50:32][BlockBreakEvent]: breaked minecraft:stone on [world;-247;66;-17]
[21:50:33][BlockBreakEvent]: breaked minecraft:stone on [world;-247;65;-17]
[21:50:33][BlockBreakEvent]: breaked minecraft:stone on [world;-247;64;-17]
[21:50:34][BlockBreakEvent]: breaked minecraft:stone on [world;-247;63;-17]
[21:50:35][BlockBreakEvent]: breaked minecraft:stone on [world;-247;62;-17]
[21:50:36][BlockBreakEvent]: breaked minecraft:stone on [world;-247;61;-17]
[21:50:37][BlockBreakEvent]: breaked minecraft:stone on [world;-247;60;-17]
[21:50:38][BlockBreakEvent]: breaked minecraft:stone on [world;-247;59;-17]
[21:50:39][BlockBreakEvent]: breaked minecraft:stone on [world;-247;58;-17]
[21:50:40][BlockBreakEvent]: breaked minecraft:stone on [world;-247;57;-17]
[21:50:41][BlockBreakEvent]: breaked minecraft:stone on [world;-247;56;-17]
[21:50:42][BlockBreakEvent]: breaked minecraft:stone on [world;-247;55;-17]
[21:51:02][BlockBreakEvent]: breaked minecraft:stone on [world;-247;54;-17]
[21:51:03][BlockBreakEvent]: breaked minecraft:stone on [world;-247;53;-17]
[21:51:05][BlockBreakEvent]: breaked minecraft:stone on [world;-247;54;-18]
[21:51:06][BlockBreakEvent]: breaked minecraft:stone on [world;-247;53;-18]
[21:51:08][BlockBreakEvent]: breaked minecraft:stone on [world;-247;54;-19]
[21:51:10][BlockBreakEvent]: breaked minecraft:stone on [world;-248;54;-18]
[21:51:10][BlockBreakEvent]: breaked minecraft:stone on [world;-248;53;-18]
[21:51:11][BlockBreakEvent]: breaked minecraft:stone on [world;-249;54;-18]
[21:51:13][BlockBreakEvent]: breaked minecraft:stone on [world;-246;54;-18]
[21:51:13][BlockBreakEvent]: breaked minecraft:stone on [world;-246;53;-18]
[21:51:15][BlockBreakEvent]: breaked minecraft:stone on [world;-245;53;-18]
[21:51:15][BlockBreakEvent]: breaked minecraft:stone on [world;-245;54;-18]
[21:51:26][BlockBreakEvent]: breaked minecraft:stone on [world;-249;53;-18]
[21:51:28][BlockBreakEvent]: breaked minecraft:stone on [world;-244;54;-18]
[21:51:29][BlockBreakEvent]: breaked minecraft:stone on [world;-244;53;-18]
[21:51:30][BlockBreakEvent]: breaked minecraft:stone on [world;-243;53;-18]
[21:51:31][BlockBreakEvent]: breaked minecraft:stone on [world;-243;54;-18]
[21:51:32][BlockBreakEvent]: breaked minecraft:stone on [world;-242;53;-18]
[21:51:33][BlockBreakEvent]: breaked minecraft:stone on [world;-242;54;-18]
[21:51:34][BlockBreakEvent]: breaked minecraft:stone on [world;-241;54;-18]
[21:51:35][BlockBreakEvent]: breaked minecraft:stone on [world;-241;53;-18]
[21:51:36][BlockBreakEvent]: breaked minecraft:stone on [world;-240;53;-18]
[21:51:37][BlockBreakEvent]: breaked minecraft:stone on [world;-240;54;-18]
[21:51:38][BlockBreakEvent]: breaked minecraft:stone on [world;-239;54;-18]
[21:51:38][BlockBreakEvent]: breaked minecraft:stone on [world;-239;53;-18]
[21:51:39][BlockBreakEvent]: breaked minecraft:stone on [world;-238;54;-18]
[21:51:40][BlockBreakEvent]: breaked minecraft:stone on [world;-238;53;-18]
[21:51:45][BlockBreakEvent]: breaked minecraft:stone on [world;-237;54;-18]
[21:51:46][BlockBreakEvent]: breaked minecraft:stone on [world;-237;53;-18]
[21:51:49][BlockBreakEvent]: breaked minecraft:stone on [world;-236;53;-18]
[21:51:50][BlockBreakEvent]: breaked minecraft:stone on [world;-236;54;-18]
[21:51:51][BlockBreakEvent]: breaked minecraft:andesite on [world;-235;53;-18]
[21:51:52][BlockBreakEvent]: breaked minecraft:stone on [world;-235;54;-18]
[21:51:53][BlockBreakEvent]: breaked minecraft:stone on [world;-234;54;-18]
[21:51:54][BlockBreakEvent]: breaked minecraft:andesite on [world;-234;53;-18]
[21:51:55][BlockBreakEvent]: breaked minecraft:stone on [world;-233;54;-18]
[21:51:56][BlockBreakEvent]: breaked minecraft:stone on [world;-233;53;-18]
[21:51:57][BlockBreakEvent]: breaked minecraft:dirt on [world;-232;54;-18]
[21:51:58][BlockBreakEvent]: breaked minecraft:dirt on [world;-232;54;-19]
[21:52:00][BlockBreakEvent]: breaked minecraft:stone on [world;-232;53;-18]
[21:52:01][BlockBreakEvent]: breaked minecraft:stone on [world;-231;54;-18]
[21:52:02][BlockBreakEvent]: breaked minecraft:stone on [world;-231;53;-18]
[21:52:03][BlockBreakEvent]: breaked minecraft:stone on [world;-230;53;-18]
[21:52:04][BlockBreakEvent]: breaked minecraft:stone on [world;-230;54;-18]
[21:52:05][BlockBreakEvent]: breaked minecraft:stone on [world;-229;54;-18]
[21:52:06][BlockBreakEvent]: breaked minecraft:stone on [world;-229;53;-18]
[21:52:07][BlockBreakEvent]: breaked minecraft:stone on [world;-228;54;-18]
[21:52:08][BlockBreakEvent]: breaked minecraft:stone on [world;-228;53;-18]
[21:52:09][BlockBreakEvent]: breaked minecraft:stone on [world;-227;54;-18]
[21:52:09][BlockBreakEvent]: breaked minecraft:stone on [world;-227;53;-18]
[21:52:10][BlockBreakEvent]: breaked minecraft:stone on [world;-226;54;-18]
[21:52:11][BlockBreakEvent]: breaked minecraft:stone on [world;-226;53;-18]
[21:52:12][BlockBreakEvent]: breaked minecraft:stone on [world;-225;54;-18]
[21:52:13][BlockBreakEvent]: breaked minecraft:stone on [world;-225;53;-18]
[21:52:14][BlockBreakEvent]: breaked minecraft:stone on [world;-224;53;-18]
[21:52:15][BlockBreakEvent]: breaked minecraft:stone on [world;-224;54;-18]
[21:52:16][BlockBreakEvent]: breaked minecraft:stone on [world;-223;54;-18]
[21:52:17][BlockBreakEvent]: breaked minecraft:stone on [world;-223;53;-18]
[21:52:18][BlockBreakEvent]: breaked minecraft:stone on [world;-222;53;-18]
[21:52:18][BlockBreakEvent]: breaked minecraft:stone on [world;-222;54;-18]
[21:52:19][BlockBreakEvent]: breaked minecraft:stone on [world;-221;54;-18]
[21:52:20][BlockBreakEvent]: breaked minecraft:stone on [world;-221;53;-18]
[21:52:21][BlockBreakEvent]: breaked minecraft:stone on [world;-220;54;-18]
[21:52:22][BlockBreakEvent]: breaked minecraft:stone on [world;-220;53;-18]
[21:52:23][BlockBreakEvent]: breaked minecraft:stone on [world;-219;54;-18]
[21:52:24][BlockBreakEvent]: breaked minecraft:stone on [world;-219;53;-18]
[21:52:27][BlockBreakEvent]: breaked minecraft:andesite on [world;-218;54;-18]
[21:52:28][BlockBreakEvent]: breaked minecraft:andesite on [world;-218;53;-18]
[21:52:29][BlockBreakEvent]: breaked minecraft:andesite on [world;-217;53;-18]
[21:52:30][BlockBreakEvent]: breaked minecraft:andesite on [world;-217;54;-18]
[21:52:31][BlockBreakEvent]: breaked minecraft:andesite on [world;-216;54;-18]
[21:52:32][BlockBreakEvent]: breaked minecraft:andesite on [world;-215;54;-18]
[21:52:33][BlockBreakEvent]: breaked minecraft:andesite on [world;-216;53;-18]
[21:52:40][BlockPlaceEvent]: placed minecraft:granite on [world;-224;53;-18]
[21:52:50][BlockPlaceEvent]: placed minecraft:crafting_table on [world;-226;53;-18]
[21:53:14][BlockPlaceEvent]: placed minecraft:furnace[facing=west,lit=false] on [world;-226;54;-18]
[21:53:26][BlockPlaceEvent]: placed minecraft:andesite on [world;-247;56;-17]
[21:54:55][FurnaceExtractEvent]: breaked minecraft:furnace[facing=west,lit=true] on [world;-226;54;-18]
[21:55:34][BlockBreakEvent]: breaked minecraft:stone on [world;-227;54;-17]
[21:55:35][BlockBreakEvent]: breaked minecraft:stone on [world;-227;53;-17]
[21:55:36][BlockBreakEvent]: breaked minecraft:stone on [world;-226;54;-17]
[21:55:37][BlockBreakEvent]: breaked minecraft:stone on [world;-226;53;-17]
[21:55:38][BlockBreakEvent]: breaked minecraft:iron_ore on [world;-227;53;-16]
[21:55:39][BlockBreakEvent]: breaked minecraft:stone on [world;-227;54;-16]
[21:55:41][BlockBreakEvent]: breaked minecraft:iron_ore on [world;-227;53;-15]
[21:55:43][BlockBreakEvent]: breaked minecraft:iron_ore on [world;-227;52;-16]
[21:55:45][BlockBreakEvent]: breaked minecraft:iron_ore on [world;-228;53;-15]
[21:55:47][BlockBreakEvent]: breaked minecraft:iron_ore on [world;-228;53;-16]
[21:55:49][BlockBreakEvent]: breaked minecraft:stone on [world;-225;53;-17]
[21:55:49][BlockBreakEvent]: breaked minecraft:stone on [world;-225;54;-17]
[21:55:50][BlockBreakEvent]: breaked minecraft:granite on [world;-224;53;-18]
