[00:38:08][EntityPickupItemEvent]: PLAYER picked up ANDESITE
[00:39:10][EntityPickupItemEvent]: PLAYER picked up COBBLESTONE
[00:51:32][EntityPickupItemEvent]: PLAYER picked up COBBLESTONE
[23:09:16][EntityPickupItemEvent]: PLAYER picked up GRANITE
[23:09:44][EntityPickupItemEvent]: PLAYER picked up ROTTEN_FLESH
[23:10:33][EntityPickupItemEvent]: PLAYER picked up DIRT
[23:12:18][EntityPickupItemEvent]: PLAYER picked up DIAMOND
[23:12:32][EntityPickupItemEvent]: PLAYER picked up IRON_INGOT
[23:13:05][EntityPickupItemEvent]: PLAYER picked up OAK_LOG
[23:13:08][EntityPickupItemEvent]: PLAYER picked up OAK_LOG
[23:13:14][EntityPickupItemEvent]: PLAYER picked up OAK_LOG
[23:15:35][EntityPickupItemEvent]: PLAYER picked up IRON_LEGGINGS
[23:16:20][EntityPickupItemEvent]: PLAYER picked up SWEET_BERRIES
[23:16:21][EntityPickupItemEvent]: PLAYER picked up SWEET_BERRIES
[23:16:27][EntityPickupItemEvent]: PLAYER picked up SWEET_BERRIES
[23:16:38][EntityPickupItemEvent]: PLAYER picked up SALMON
[23:16:51][EntityPickupItemEvent]: PLAYER picked up SWEET_BERRIES
[23:16:54][EntityPickupItemEvent]: PLAYER picked up SWEET_BERRIES
[23:17:22][EntityPickupItemEvent]: PLAYER picked up SWEET_BERRIES
[23:17:39][EntityPickupItemEvent]: PLAYER picked up OAK_LOG
[23:17:43][EntityPickupItemEvent]: PLAYER picked up OAK_LOG
[23:17:46][EntityPickupItemEvent]: PLAYER picked up OAK_LOG
[23:17:50][EntityPickupItemEvent]: PLAYER picked up OAK_LOG
[23:17:56][EntityPickupItemEvent]: PLAYER picked up OAK_LOG
[23:17:58][EntityPickupItemEvent]: PLAYER picked up DIAMOND_PICKAXE
[23:18:15][EntityPickupItemEvent]: PLAYER picked up GRANITE
[23:18:16][EntityPickupItemEvent]: PLAYER picked up COBBLESTONE
[23:18:17][EntityPickupItemEvent]: PLAYER picked up ANDESITE
[23:18:18][EntityPickupItemEvent]: PLAYER picked up COAL
[23:18:19][EntityPickupItemEvent]: PLAYER picked up COAL
[23:18:20][EntityPickupItemEvent]: PLAYER picked up COAL
[23:18:21][EntityPickupItemEvent]: PLAYER picked up COAL
[23:18:22][EntityPickupItemEvent]: PLAYER picked up COAL
[23:18:23][EntityPickupItemEvent]: PLAYER picked up COAL
[23:18:24][EntityPickupItemEvent]: PLAYER picked up ANDESITE
[23:18:25][EntityPickupItemEvent]: PLAYER picked up COAL
[23:18:26][EntityPickupItemEvent]: PLAYER picked up COAL
[23:18:28][EntityPickupItemEvent]: PLAYER picked up COAL
[23:18:29][EntityPickupItemEvent]: PLAYER picked up COAL
[23:19:03][EntityPickupItemEvent]: PLAYER picked up GRANITE
[23:19:04][EntityPickupItemEvent]: PLAYER picked up GRANITE
[23:19:16][EntityPickupItemEvent]: PLAYER picked up COBBLESTONE
[23:19:20][EntityPickupItemEvent]: PLAYER picked up IRON_ORE
[23:19:21][EntityPickupItemEvent]: PLAYER picked up IRON_ORE
[23:19:26][EntityPickupItemEvent]: PLAYER picked up IRON_ORE
[23:19:27][EntityPickupItemEvent]: PLAYER picked up IRON_ORE
[23:19:27][EntityPickupItemEvent]: PLAYER picked up COBBLESTONE
[23:19:28][EntityPickupItemEvent]: PLAYER picked up IRON_ORE
[23:19:43][EntityPickupItemEvent]: PLAYER picked up IRON_ORE
[23:19:46][EntityPickupItemEvent]: PLAYER picked up IRON_ORE
[23:19:46][EntityPickupItemEvent]: PLAYER picked up COBBLESTONE
[23:19:46][EntityPickupItemEvent]: PLAYER picked up COBBLESTONE
[23:19:50][EntityPickupItemEvent]: PLAYER picked up IRON_ORE
[23:19:51][EntityPickupItemEvent]: PLAYER picked up IRON_ORE
[23:19:52][EntityPickupItemEvent]: PLAYER picked up IRON_ORE
[23:19:58][EntityPickupItemEvent]: PLAYER picked up STRING
[23:19:58][EntityPickupItemEvent]: PLAYER picked up SPIDER_EYE
[23:20:05][EntityPickupItemEvent]: PLAYER picked up COAL
[23:20:06][EntityPickupItemEvent]: PLAYER picked up COAL
[23:20:06][EntityPickupItemEvent]: PLAYER picked up COAL
[23:20:07][EntityPickupItemEvent]: PLAYER picked up COAL
[23:20:08][EntityPickupItemEvent]: PLAYER picked up COAL
[23:20:15][EntityPickupItemEvent]: PLAYER picked up COAL
[23:20:16][EntityPickupItemEvent]: PLAYER picked up COAL
[23:20:17][EntityPickupItemEvent]: PLAYER picked up COAL
[23:20:18][EntityPickupItemEvent]: PLAYER picked up COAL
[23:20:19][EntityPickupItemEvent]: PLAYER picked up COAL
[23:20:21][EntityPickupItemEvent]: PLAYER picked up COBBLESTONE
[23:20:23][EntityPickupItemEvent]: PLAYER picked up COAL
[23:21:55][EntityPickupItemEvent]: PLAYER picked up ARROW
[23:22:57][EntityPickupItemEvent]: PLAYER picked up PORKCHOP
[23:23:18][EntityPickupItemEvent]: PLAYER picked up SALMON
[23:23:19][EntityPickupItemEvent]: PLAYER picked up SALMON
[23:24:10][EntityPickupItemEvent]: PLAYER picked up PORKCHOP
[23:24:19][EntityPickupItemEvent]: PLAYER picked up COAL
[23:24:19][EntityPickupItemEvent]: PLAYER picked up COAL
[23:24:20][EntityPickupItemEvent]: PLAYER picked up COAL
[23:24:21][EntityPickupItemEvent]: PLAYER picked up COAL
[23:24:22][EntityPickupItemEvent]: PLAYER picked up COAL
[23:24:23][EntityPickupItemEvent]: PLAYER picked up COAL
[23:24:24][EntityPickupItemEvent]: PLAYER picked up COAL
[23:24:48][EntityPickupItemEvent]: PLAYER picked up COBBLESTONE
[23:25:38][EntityPickupItemEvent]: PLAYER picked up COBBLESTONE
[23:25:38][EntityPickupItemEvent]: PLAYER picked up COBBLESTONE
[23:25:39][EntityPickupItemEvent]: PLAYER picked up COBBLESTONE
[23:25:39][EntityPickupItemEvent]: PLAYER picked up COBBLESTONE
[23:25:40][EntityPickupItemEvent]: PLAYER picked up COBBLESTONE
[23:25:41][EntityPickupItemEvent]: PLAYER picked up COBBLESTONE
[23:34:26][EntityPickupItemEvent]: PLAYER picked up COBBLESTONE
[23:34:26][EntityPickupItemEvent]: PLAYER picked up COBBLESTONE
[23:34:39][EntityPickupItemEvent]: PLAYER picked up LEAD
[23:34:40][EntityPickupItemEvent]: PLAYER picked up LEATHER
[23:34:40][EntityPickupItemEvent]: PLAYER picked up LEAD
[23:35:26][EntityPickupItemEvent]: PLAYER picked up IRON_ORE
[23:35:26][EntityPickupItemEvent]: PLAYER picked up COAL
[23:35:26][EntityPickupItemEvent]: PLAYER picked up COAL
[23:35:26][EntityPickupItemEvent]: PLAYER picked up FURNACE
[23:35:28][EntityPickupItemEvent]: PLAYER picked up CRAFTING_TABLE
[23:35:50][EntityPickupItemEvent]: PLAYER picked up ARROW
[23:37:20][EntityPickupItemEvent]: PLAYER picked up DIRT
[23:37:55][EntityPickupItemEvent]: PLAYER picked up STICK
[23:39:42][EntityPickupItemEvent]: PLAYER picked up COBBLESTONE
[23:39:43][EntityPickupItemEvent]: PLAYER picked up IRON_ORE
[23:39:44][EntityPickupItemEvent]: PLAYER picked up IRON_ORE
[23:39:46][EntityPickupItemEvent]: PLAYER picked up IRON_ORE
[23:39:47][EntityPickupItemEvent]: PLAYER picked up COBBLESTONE
[23:39:48][EntityPickupItemEvent]: PLAYER picked up COBBLESTONE
[23:39:49][EntityPickupItemEvent]: PLAYER picked up COBBLESTONE
[23:39:52][EntityPickupItemEvent]: PLAYER picked up COBBLESTONE
[23:39:52][EntityPickupItemEvent]: PLAYER picked up COBBLESTONE
[23:39:53][EntityPickupItemEvent]: PLAYER picked up COBBLESTONE
[23:39:54][EntityPickupItemEvent]: PLAYER picked up COBBLESTONE
[23:39:54][EntityPickupItemEvent]: PLAYER picked up COBBLESTONE
[23:39:55][EntityPickupItemEvent]: PLAYER picked up COBBLESTONE
[23:39:56][EntityPickupItemEvent]: PLAYER picked up COBBLESTONE
[23:39:56][EntityPickupItemEvent]: PLAYER picked up COBBLESTONE
[23:39:57][EntityPickupItemEvent]: PLAYER picked up COBBLESTONE
[23:39:57][EntityPickupItemEvent]: PLAYER picked up COBBLESTONE
[23:39:58][EntityPickupItemEvent]: PLAYER picked up COBBLESTONE
[23:39:59][EntityPickupItemEvent]: PLAYER picked up COBBLESTONE
[23:39:59][EntityPickupItemEvent]: PLAYER picked up COBBLESTONE
[23:40:00][EntityPickupItemEvent]: PLAYER picked up COBBLESTONE
[23:40:01][EntityPickupItemEvent]: PLAYER picked up COBBLESTONE
[23:40:02][EntityPickupItemEvent]: PLAYER picked up COBBLESTONE
[23:40:02][EntityPickupItemEvent]: PLAYER picked up COBBLESTONE
[23:40:03][EntityPickupItemEvent]: PLAYER picked up COBBLESTONE
[23:40:04][EntityPickupItemEvent]: PLAYER picked up COBBLESTONE
[23:40:04][EntityPickupItemEvent]: PLAYER picked up COBBLESTONE
[23:40:05][EntityPickupItemEvent]: PLAYER picked up COBBLESTONE
[23:40:06][EntityPickupItemEvent]: PLAYER picked up COBBLESTONE
[23:40:06][EntityPickupItemEvent]: PLAYER picked up COBBLESTONE
[23:40:07][EntityPickupItemEvent]: PLAYER picked up COBBLESTONE
[23:40:08][EntityPickupItemEvent]: PLAYER picked up COBBLESTONE
[23:40:08][EntityPickupItemEvent]: PLAYER picked up COBBLESTONE
[23:40:09][EntityPickupItemEvent]: PLAYER picked up COBBLESTONE
[23:40:09][EntityPickupItemEvent]: PLAYER picked up COBBLESTONE
[23:40:10][EntityPickupItemEvent]: PLAYER picked up COBBLESTONE
[23:40:15][EntityPickupItemEvent]: PLAYER picked up COBBLESTONE
[23:40:16][EntityPickupItemEvent]: PLAYER picked up COBBLESTONE
[23:40:16][EntityPickupItemEvent]: PLAYER picked up COBBLESTONE
[23:40:17][EntityPickupItemEvent]: PLAYER picked up COBBLESTONE
[23:40:18][EntityPickupItemEvent]: PLAYER picked up COBBLESTONE
[23:40:18][EntityPickupItemEvent]: PLAYER picked up COBBLESTONE
[23:40:19][EntityPickupItemEvent]: PLAYER picked up COBBLESTONE
[23:40:19][EntityPickupItemEvent]: PLAYER picked up COBBLESTONE
[23:40:20][EntityPickupItemEvent]: PLAYER picked up COBBLESTONE
[23:40:21][EntityPickupItemEvent]: PLAYER picked up COBBLESTONE
[23:40:21][EntityPickupItemEvent]: PLAYER picked up COBBLESTONE
[23:40:22][EntityPickupItemEvent]: PLAYER picked up COBBLESTONE
[23:40:22][EntityPickupItemEvent]: PLAYER picked up COBBLESTONE
[23:40:23][EntityPickupItemEvent]: PLAYER picked up COBBLESTONE
[23:40:28][EntityPickupItemEvent]: PLAYER picked up COBBLESTONE
[23:40:29][EntityPickupItemEvent]: PLAYER picked up COBBLESTONE
[23:40:29][EntityPickupItemEvent]: PLAYER picked up COBBLESTONE
[23:40:30][EntityPickupItemEvent]: PLAYER picked up COBBLESTONE
[23:40:30][EntityPickupItemEvent]: PLAYER picked up COBBLESTONE
[23:40:31][EntityPickupItemEvent]: PLAYER picked up COBBLESTONE
[23:40:32][EntityPickupItemEvent]: PLAYER picked up COBBLESTONE
[23:40:32][EntityPickupItemEvent]: PLAYER picked up COBBLESTONE
[23:40:33][EntityPickupItemEvent]: PLAYER picked up COBBLESTONE
[23:40:34][EntityPickupItemEvent]: PLAYER picked up COBBLESTONE
[23:40:34][EntityPickupItemEvent]: PLAYER picked up COBBLESTONE
[23:40:35][EntityPickupItemEvent]: PLAYER picked up COBBLESTONE
[23:40:36][EntityPickupItemEvent]: PLAYER picked up COBBLESTONE
[23:40:37][EntityPickupItemEvent]: PLAYER picked up COBBLESTONE
[23:40:37][EntityPickupItemEvent]: PLAYER picked up COBBLESTONE
[23:40:38][EntityPickupItemEvent]: PLAYER picked up COBBLESTONE
[23:40:39][EntityPickupItemEvent]: PLAYER picked up COBBLESTONE
[23:40:39][EntityPickupItemEvent]: PLAYER picked up COBBLESTONE
[23:40:40][EntityPickupItemEvent]: PLAYER picked up COBBLESTONE
[23:40:41][EntityPickupItemEvent]: PLAYER picked up COBBLESTONE
[23:40:41][EntityPickupItemEvent]: PLAYER picked up COBBLESTONE
[23:40:42][EntityPickupItemEvent]: PLAYER picked up COBBLESTONE
[23:40:42][EntityPickupItemEvent]: PLAYER picked up COBBLESTONE
[23:40:43][EntityPickupItemEvent]: PLAYER picked up COBBLESTONE
[23:40:43][EntityPickupItemEvent]: PLAYER picked up COBBLESTONE
[23:40:44][EntityPickupItemEvent]: PLAYER picked up COBBLESTONE
[23:40:45][EntityPickupItemEvent]: PLAYER picked up COBBLESTONE
[23:40:50][EntityPickupItemEvent]: PLAYER picked up COBBLESTONE
[23:40:50][EntityPickupItemEvent]: PLAYER picked up COBBLESTONE
[23:41:03][EntityPickupItemEvent]: PLAYER picked up COBBLESTONE
[23:41:04][EntityPickupItemEvent]: PLAYER picked up DIORITE
[23:41:04][EntityPickupItemEvent]: PLAYER picked up DIORITE
[23:41:06][EntityPickupItemEvent]: PLAYER picked up DIORITE
[23:41:06][EntityPickupItemEvent]: PLAYER picked up DIORITE
[23:41:07][EntityPickupItemEvent]: PLAYER picked up DIORITE
[23:41:08][EntityPickupItemEvent]: PLAYER picked up DIORITE
[23:41:08][EntityPickupItemEvent]: PLAYER picked up DIORITE
[23:41:09][EntityPickupItemEvent]: PLAYER picked up COBBLESTONE
[23:41:09][EntityPickupItemEvent]: PLAYER picked up COBBLESTONE
[23:41:10][EntityPickupItemEvent]: PLAYER picked up COBBLESTONE
[23:41:11][EntityPickupItemEvent]: PLAYER picked up COBBLESTONE
[23:41:11][EntityPickupItemEvent]: PLAYER picked up COBBLESTONE
[23:41:12][EntityPickupItemEvent]: PLAYER picked up COBBLESTONE
[23:41:12][EntityPickupItemEvent]: PLAYER picked up COBBLESTONE
[23:41:13][EntityPickupItemEvent]: PLAYER picked up COBBLESTONE
[23:41:14][EntityPickupItemEvent]: PLAYER picked up COBBLESTONE
[23:41:14][EntityPickupItemEvent]: PLAYER picked up COBBLESTONE
[23:41:15][EntityPickupItemEvent]: PLAYER picked up ANDESITE
[23:41:16][EntityPickupItemEvent]: PLAYER picked up ANDESITE
[23:41:16][EntityPickupItemEvent]: PLAYER picked up ANDESITE
[23:41:17][EntityPickupItemEvent]: PLAYER picked up ANDESITE
[23:41:18][EntityPickupItemEvent]: PLAYER picked up ANDESITE
[23:41:21][EntityPickupItemEvent]: PLAYER picked up REDSTONE
[23:41:22][EntityPickupItemEvent]: PLAYER picked up REDSTONE
[23:41:24][EntityPickupItemEvent]: PLAYER picked up REDSTONE
[23:41:27][EntityPickupItemEvent]: PLAYER picked up REDSTONE
[23:41:27][EntityPickupItemEvent]: PLAYER picked up GRANITE
[23:41:28][EntityPickupItemEvent]: PLAYER picked up COBBLESTONE
[23:41:28][EntityPickupItemEvent]: PLAYER picked up COBBLESTONE
[23:41:29][EntityPickupItemEvent]: PLAYER picked up COBBLESTONE
[23:41:30][EntityPickupItemEvent]: PLAYER picked up COBBLESTONE
[23:41:30][EntityPickupItemEvent]: PLAYER picked up COBBLESTONE
[23:41:31][EntityPickupItemEvent]: PLAYER picked up COBBLESTONE
[23:41:32][EntityPickupItemEvent]: PLAYER picked up COBBLESTONE
[23:41:32][EntityPickupItemEvent]: PLAYER picked up COBBLESTONE
[23:41:33][EntityPickupItemEvent]: PLAYER picked up COBBLESTONE
[23:41:33][EntityPickupItemEvent]: PLAYER picked up COBBLESTONE
[23:41:34][EntityPickupItemEvent]: PLAYER picked up COBBLESTONE
[23:41:35][EntityPickupItemEvent]: PLAYER picked up COAL
[23:41:36][EntityPickupItemEvent]: PLAYER picked up COBBLESTONE
[23:41:36][EntityPickupItemEvent]: PLAYER picked up COBBLESTONE
[23:41:37][EntityPickupItemEvent]: PLAYER picked up DIORITE
[23:41:37][EntityPickupItemEvent]: PLAYER picked up COBBLESTONE
[23:41:38][EntityPickupItemEvent]: PLAYER picked up DIORITE
[23:41:40][EntityPickupItemEvent]: PLAYER picked up COBBLESTONE
[23:41:40][EntityPickupItemEvent]: PLAYER picked up ANDESITE
[23:41:41][EntityPickupItemEvent]: PLAYER picked up ANDESITE
[23:41:42][EntityPickupItemEvent]: PLAYER picked up ANDESITE
[23:41:43][EntityPickupItemEvent]: PLAYER picked up ANDESITE
[23:41:43][EntityPickupItemEvent]: PLAYER picked up ANDESITE
[23:41:44][EntityPickupItemEvent]: PLAYER picked up ANDESITE
[23:41:44][EntityPickupItemEvent]: PLAYER picked up ANDESITE
[23:41:45][EntityPickupItemEvent]: PLAYER picked up ANDESITE
[23:41:46][EntityPickupItemEvent]: PLAYER picked up ANDESITE
[23:41:46][EntityPickupItemEvent]: PLAYER picked up ANDESITE
[23:41:47][EntityPickupItemEvent]: PLAYER picked up ANDESITE
[23:41:50][EntityPickupItemEvent]: PLAYER picked up COBBLESTONE
[23:41:50][EntityPickupItemEvent]: PLAYER picked up ANDESITE
[23:41:50][EntityPickupItemEvent]: PLAYER picked up DIORITE
[23:41:51][EntityPickupItemEvent]: PLAYER picked up COBBLESTONE
[23:41:51][EntityPickupItemEvent]: PLAYER picked up DIORITE
[23:41:52][EntityPickupItemEvent]: PLAYER picked up DIORITE
[23:41:52][EntityPickupItemEvent]: PLAYER picked up COBBLESTONE
[23:41:53][EntityPickupItemEvent]: PLAYER picked up COBBLESTONE
[23:41:54][EntityPickupItemEvent]: PLAYER picked up COBBLESTONE
[23:41:54][EntityPickupItemEvent]: PLAYER picked up COBBLESTONE
[23:41:55][EntityPickupItemEvent]: PLAYER picked up ANDESITE
[23:41:56][EntityPickupItemEvent]: PLAYER picked up REDSTONE
[23:41:57][EntityPickupItemEvent]: PLAYER picked up REDSTONE
[23:41:58][EntityPickupItemEvent]: PLAYER picked up REDSTONE
[23:41:59][EntityPickupItemEvent]: PLAYER picked up REDSTONE
[23:42:01][EntityPickupItemEvent]: PLAYER picked up REDSTONE
[23:42:03][EntityPickupItemEvent]: PLAYER picked up REDSTONE
[23:42:03][EntityPickupItemEvent]: PLAYER picked up COBBLESTONE
[23:42:04][EntityPickupItemEvent]: PLAYER picked up COBBLESTONE
[23:42:04][EntityPickupItemEvent]: PLAYER picked up COBBLESTONE
[23:42:05][EntityPickupItemEvent]: PLAYER picked up COBBLESTONE
[23:42:06][EntityPickupItemEvent]: PLAYER picked up COBBLESTONE
[23:42:07][EntityPickupItemEvent]: PLAYER picked up COBBLESTONE
[23:42:07][EntityPickupItemEvent]: PLAYER picked up COBBLESTONE
[23:42:08][EntityPickupItemEvent]: PLAYER picked up ANDESITE
[23:42:08][EntityPickupItemEvent]: PLAYER picked up ANDESITE
[23:42:08][EntityPickupItemEvent]: PLAYER picked up ANDESITE
[23:42:09][EntityPickupItemEvent]: PLAYER picked up ANDESITE
[23:42:10][EntityPickupItemEvent]: PLAYER picked up COBBLESTONE
[23:42:11][EntityPickupItemEvent]: PLAYER picked up COBBLESTONE
[23:42:13][EntityPickupItemEvent]: PLAYER picked up COBBLESTONE
[23:42:13][EntityPickupItemEvent]: PLAYER picked up COBBLESTONE
[23:42:14][EntityPickupItemEvent]: PLAYER picked up COBBLESTONE
[23:42:14][EntityPickupItemEvent]: PLAYER picked up COBBLESTONE
[23:42:15][EntityPickupItemEvent]: PLAYER picked up COBBLESTONE
[23:42:15][EntityPickupItemEvent]: PLAYER picked up COBBLESTONE
[23:42:16][EntityPickupItemEvent]: PLAYER picked up COBBLESTONE
[23:42:17][EntityPickupItemEvent]: PLAYER picked up COBBLESTONE
[23:42:17][EntityPickupItemEvent]: PLAYER picked up COBBLESTONE
[23:42:18][EntityPickupItemEvent]: PLAYER picked up ANDESITE
[23:42:19][EntityPickupItemEvent]: PLAYER picked up COBBLESTONE
[23:42:20][EntityPickupItemEvent]: PLAYER picked up ANDESITE
[23:42:21][EntityPickupItemEvent]: PLAYER picked up COBBLESTONE
[23:42:21][EntityPickupItemEvent]: PLAYER picked up ANDESITE
[23:42:22][EntityPickupItemEvent]: PLAYER picked up ANDESITE
[23:42:22][EntityPickupItemEvent]: PLAYER picked up COBBLESTONE
[23:42:23][EntityPickupItemEvent]: PLAYER picked up COBBLESTONE
[23:42:24][EntityPickupItemEvent]: PLAYER picked up COBBLESTONE
[23:42:25][EntityPickupItemEvent]: PLAYER picked up COBBLESTONE
[23:42:26][EntityPickupItemEvent]: PLAYER picked up COBBLESTONE
[23:42:26][EntityPickupItemEvent]: PLAYER picked up COBBLESTONE
[23:42:26][EntityPickupItemEvent]: PLAYER picked up COBBLESTONE
[23:42:27][EntityPickupItemEvent]: PLAYER picked up COBBLESTONE
[23:42:28][EntityPickupItemEvent]: PLAYER picked up COBBLESTONE
[23:42:28][EntityPickupItemEvent]: PLAYER picked up COBBLESTONE
[23:42:29][EntityPickupItemEvent]: PLAYER picked up COBBLESTONE
[23:42:29][EntityPickupItemEvent]: PLAYER picked up GRANITE
[23:42:30][EntityPickupItemEvent]: PLAYER picked up GRANITE
[23:42:31][EntityPickupItemEvent]: PLAYER picked up GRANITE
[23:42:31][EntityPickupItemEvent]: PLAYER picked up GRANITE
[23:42:31][EntityPickupItemEvent]: PLAYER picked up GRANITE
[23:42:32][EntityPickupItemEvent]: PLAYER picked up GRANITE
[23:42:33][EntityPickupItemEvent]: PLAYER picked up GRANITE
[23:42:33][EntityPickupItemEvent]: PLAYER picked up GRANITE
[23:42:34][EntityPickupItemEvent]: PLAYER picked up GRANITE
[23:42:35][EntityPickupItemEvent]: PLAYER picked up GRANITE
[23:42:36][EntityPickupItemEvent]: PLAYER picked up GRANITE
[23:42:36][EntityPickupItemEvent]: PLAYER picked up GRANITE
[23:42:37][EntityPickupItemEvent]: PLAYER picked up GRANITE
[23:42:37][EntityPickupItemEvent]: PLAYER picked up COBBLESTONE
[23:42:38][EntityPickupItemEvent]: PLAYER picked up COBBLESTONE
[23:42:39][EntityPickupItemEvent]: PLAYER picked up COBBLESTONE
[23:42:39][EntityPickupItemEvent]: PLAYER picked up COBBLESTONE
[23:42:40][EntityPickupItemEvent]: PLAYER picked up COBBLESTONE
[23:42:40][EntityPickupItemEvent]: PLAYER picked up COBBLESTONE
[23:42:41][EntityPickupItemEvent]: PLAYER picked up COBBLESTONE
[23:42:42][EntityPickupItemEvent]: PLAYER picked up COBBLESTONE
[23:42:42][EntityPickupItemEvent]: PLAYER picked up COBBLESTONE
[23:42:43][EntityPickupItemEvent]: PLAYER picked up COBBLESTONE
[23:42:44][EntityPickupItemEvent]: PLAYER picked up COBBLESTONE
[23:42:44][EntityPickupItemEvent]: PLAYER picked up COBBLESTONE
[23:42:45][EntityPickupItemEvent]: PLAYER picked up COBBLESTONE
[23:42:45][EntityPickupItemEvent]: PLAYER picked up COBBLESTONE
[23:42:46][EntityPickupItemEvent]: PLAYER picked up COBBLESTONE
[23:42:46][EntityPickupItemEvent]: PLAYER picked up COBBLESTONE
[23:42:47][EntityPickupItemEvent]: PLAYER picked up COBBLESTONE
[23:42:47][EntityPickupItemEvent]: PLAYER picked up COBBLESTONE
[23:42:48][EntityPickupItemEvent]: PLAYER picked up COBBLESTONE
[23:42:48][EntityPickupItemEvent]: PLAYER picked up COBBLESTONE
[23:42:49][EntityPickupItemEvent]: PLAYER picked up COBBLESTONE
[23:42:50][EntityPickupItemEvent]: PLAYER picked up COBBLESTONE
[23:42:50][EntityPickupItemEvent]: PLAYER picked up COBBLESTONE
[23:42:51][EntityPickupItemEvent]: PLAYER picked up COBBLESTONE
[23:42:51][EntityPickupItemEvent]: PLAYER picked up ANDESITE
[23:42:52][EntityPickupItemEvent]: PLAYER picked up ANDESITE
[23:42:53][EntityPickupItemEvent]: PLAYER picked up ANDESITE
[23:42:53][EntityPickupItemEvent]: PLAYER picked up ANDESITE
[23:42:54][EntityPickupItemEvent]: PLAYER picked up ANDESITE
[23:42:54][EntityPickupItemEvent]: PLAYER picked up COBBLESTONE
[23:42:55][EntityPickupItemEvent]: PLAYER picked up COBBLESTONE
[23:42:56][EntityPickupItemEvent]: PLAYER picked up COBBLESTONE
[23:42:56][EntityPickupItemEvent]: PLAYER picked up COBBLESTONE
[23:42:57][EntityPickupItemEvent]: PLAYER picked up COAL
[23:42:58][EntityPickupItemEvent]: PLAYER picked up COBBLESTONE
[23:42:59][EntityPickupItemEvent]: PLAYER picked up COBBLESTONE
[23:43:00][EntityPickupItemEvent]: PLAYER picked up COAL
[23:43:01][EntityPickupItemEvent]: PLAYER picked up COBBLESTONE
[23:43:01][EntityPickupItemEvent]: PLAYER picked up COBBLESTONE
[23:43:01][EntityPickupItemEvent]: PLAYER picked up COBBLESTONE
[23:43:02][EntityPickupItemEvent]: PLAYER picked up COBBLESTONE
[23:43:03][EntityPickupItemEvent]: PLAYER picked up COBBLESTONE
[23:43:04][EntityPickupItemEvent]: PLAYER picked up COBBLESTONE
[23:43:04][EntityPickupItemEvent]: PLAYER picked up COBBLESTONE
[23:43:05][EntityPickupItemEvent]: PLAYER picked up COBBLESTONE
[23:43:06][EntityPickupItemEvent]: PLAYER picked up COBBLESTONE
[23:43:06][EntityPickupItemEvent]: PLAYER picked up COBBLESTONE
[23:43:07][EntityPickupItemEvent]: PLAYER picked up COBBLESTONE
[23:43:07][EntityPickupItemEvent]: PLAYER picked up COBBLESTONE
[23:43:09][EntityPickupItemEvent]: PLAYER picked up COBBLESTONE
[23:46:26][EntityPickupItemEvent]: PLAYER picked up COBBLESTONE
[23:46:27][EntityPickupItemEvent]: PLAYER picked up COBBLESTONE
[23:46:28][EntityPickupItemEvent]: PLAYER picked up REDSTONE
[23:46:29][EntityPickupItemEvent]: PLAYER picked up REDSTONE
[23:46:30][EntityPickupItemEvent]: PLAYER picked up REDSTONE
[23:46:30][EntityPickupItemEvent]: PLAYER picked up COBBLESTONE
[23:46:31][EntityPickupItemEvent]: PLAYER picked up COBBLESTONE
[23:46:32][EntityPickupItemEvent]: PLAYER picked up COBBLESTONE
[23:46:32][EntityPickupItemEvent]: PLAYER picked up COBBLESTONE
[23:46:33][EntityPickupItemEvent]: PLAYER picked up COBBLESTONE
[23:46:33][EntityPickupItemEvent]: PLAYER picked up COBBLESTONE
[23:46:34][EntityPickupItemEvent]: PLAYER picked up COBBLESTONE
[23:46:35][EntityPickupItemEvent]: PLAYER picked up COBBLESTONE
[23:46:36][EntityPickupItemEvent]: PLAYER picked up COBBLESTONE
[23:46:36][EntityPickupItemEvent]: PLAYER picked up COBBLESTONE
[23:46:37][EntityPickupItemEvent]: PLAYER picked up COBBLESTONE
[23:46:37][EntityPickupItemEvent]: PLAYER picked up COBBLESTONE
[23:46:38][EntityPickupItemEvent]: PLAYER picked up COBBLESTONE
[23:46:39][EntityPickupItemEvent]: PLAYER picked up COBBLESTONE
[23:46:40][EntityPickupItemEvent]: PLAYER picked up COBBLESTONE
[23:46:40][EntityPickupItemEvent]: PLAYER picked up COBBLESTONE
[23:46:41][EntityPickupItemEvent]: PLAYER picked up COBBLESTONE
[23:46:41][EntityPickupItemEvent]: PLAYER picked up COBBLESTONE
[23:46:42][EntityPickupItemEvent]: PLAYER picked up REDSTONE
[23:46:43][EntityPickupItemEvent]: PLAYER picked up COBBLESTONE
[23:46:43][EntityPickupItemEvent]: PLAYER picked up REDSTONE
[23:46:44][EntityPickupItemEvent]: PLAYER picked up REDSTONE
[23:46:45][EntityPickupItemEvent]: PLAYER picked up COBBLESTONE
[23:46:45][EntityPickupItemEvent]: PLAYER picked up COBBLESTONE
[23:46:46][EntityPickupItemEvent]: PLAYER picked up COBBLESTONE
[23:46:47][EntityPickupItemEvent]: PLAYER picked up REDSTONE
[23:46:53][EntityPickupItemEvent]: PLAYER picked up COBBLESTONE
[23:46:54][EntityPickupItemEvent]: PLAYER picked up REDSTONE
[23:46:55][EntityPickupItemEvent]: PLAYER picked up COBBLESTONE
[23:46:56][EntityPickupItemEvent]: PLAYER picked up COBBLESTONE
[23:46:56][EntityPickupItemEvent]: PLAYER picked up COBBLESTONE
[23:46:57][EntityPickupItemEvent]: PLAYER picked up IRON_ORE
[23:46:58][EntityPickupItemEvent]: PLAYER picked up IRON_ORE
[23:46:59][EntityPickupItemEvent]: PLAYER picked up IRON_ORE
[23:47:00][EntityPickupItemEvent]: PLAYER picked up IRON_ORE
[23:47:01][EntityPickupItemEvent]: PLAYER picked up IRON_ORE
[23:47:02][EntityPickupItemEvent]: PLAYER picked up IRON_ORE
[23:47:05][EntityPickupItemEvent]: PLAYER picked up COBBLESTONE
[23:47:06][EntityPickupItemEvent]: PLAYER picked up COBBLESTONE
[23:47:06][EntityPickupItemEvent]: PLAYER picked up COBBLESTONE
[23:47:07][EntityPickupItemEvent]: PLAYER picked up COBBLESTONE
[23:47:08][EntityPickupItemEvent]: PLAYER picked up COBBLESTONE
[23:47:09][EntityPickupItemEvent]: PLAYER picked up COBBLESTONE
[23:47:09][EntityPickupItemEvent]: PLAYER picked up COBBLESTONE
[23:47:10][EntityPickupItemEvent]: PLAYER picked up COBBLESTONE
[23:47:11][EntityPickupItemEvent]: PLAYER picked up GRANITE
[23:47:11][EntityPickupItemEvent]: PLAYER picked up COBBLESTONE
[23:47:13][EntityPickupItemEvent]: PLAYER picked up COBBLESTONE
[23:47:13][EntityPickupItemEvent]: PLAYER picked up GRANITE
[23:47:13][EntityPickupItemEvent]: PLAYER picked up COBBLESTONE
[23:47:13][EntityPickupItemEvent]: PLAYER picked up COBBLESTONE
[23:47:14][EntityPickupItemEvent]: PLAYER picked up GRANITE
[23:47:15][EntityPickupItemEvent]: PLAYER picked up GRANITE
[23:47:15][EntityPickupItemEvent]: PLAYER picked up COBBLESTONE
[23:47:16][EntityPickupItemEvent]: PLAYER picked up COBBLESTONE
[23:47:18][EntityPickupItemEvent]: PLAYER picked up REDSTONE
[23:47:19][EntityPickupItemEvent]: PLAYER picked up COBBLESTONE
[23:47:20][EntityPickupItemEvent]: PLAYER picked up COBBLESTONE
[23:47:20][EntityPickupItemEvent]: PLAYER picked up REDSTONE
[23:47:20][EntityPickupItemEvent]: PLAYER picked up COBBLESTONE
[23:47:21][EntityPickupItemEvent]: PLAYER picked up COBBLESTONE
[23:47:23][EntityPickupItemEvent]: PLAYER picked up COBBLESTONE
[23:47:23][EntityPickupItemEvent]: PLAYER picked up COBBLESTONE
[23:47:24][EntityPickupItemEvent]: PLAYER picked up COBBLESTONE
[23:47:24][EntityPickupItemEvent]: PLAYER picked up COBBLESTONE
[23:47:25][EntityPickupItemEvent]: PLAYER picked up COBBLESTONE
[23:47:26][EntityPickupItemEvent]: PLAYER picked up COBBLESTONE
[23:47:31][EntityPickupItemEvent]: PLAYER picked up COBBLESTONE
[23:47:32][EntityPickupItemEvent]: PLAYER picked up DIRT
[23:47:32][EntityPickupItemEvent]: PLAYER picked up COBBLESTONE
[23:47:33][EntityPickupItemEvent]: PLAYER picked up COBBLESTONE
[23:47:34][EntityPickupItemEvent]: PLAYER picked up COBBLESTONE
[23:47:35][EntityPickupItemEvent]: PLAYER picked up COBBLESTONE
[23:47:37][EntityPickupItemEvent]: PLAYER picked up COBBLESTONE
[23:47:38][EntityPickupItemEvent]: PLAYER picked up REDSTONE
[23:47:38][EntityPickupItemEvent]: PLAYER picked up REDSTONE
[23:47:39][EntityPickupItemEvent]: PLAYER picked up REDSTONE
[23:47:42][EntityPickupItemEvent]: PLAYER picked up COBBLESTONE
[23:47:42][EntityPickupItemEvent]: PLAYER picked up COBBLESTONE
[23:47:44][EntityPickupItemEvent]: PLAYER picked up COBBLESTONE
[23:47:44][EntityPickupItemEvent]: PLAYER picked up COBBLESTONE
[23:47:45][EntityPickupItemEvent]: PLAYER picked up COBBLESTONE
[23:47:45][EntityPickupItemEvent]: PLAYER picked up COBBLESTONE
[23:47:46][EntityPickupItemEvent]: PLAYER picked up COBBLESTONE
[23:47:47][EntityPickupItemEvent]: PLAYER picked up COBBLESTONE
[23:47:47][EntityPickupItemEvent]: PLAYER picked up COBBLESTONE
[23:47:48][EntityPickupItemEvent]: PLAYER picked up COBBLESTONE
[23:47:48][EntityPickupItemEvent]: PLAYER picked up COBBLESTONE
[23:47:48][EntityPickupItemEvent]: PLAYER picked up COBBLESTONE
[23:47:49][EntityPickupItemEvent]: PLAYER picked up COBBLESTONE
[23:47:49][EntityPickupItemEvent]: PLAYER picked up COBBLESTONE
[23:47:50][EntityPickupItemEvent]: PLAYER picked up COBBLESTONE
[23:47:50][EntityPickupItemEvent]: PLAYER picked up COBBLESTONE
[23:47:51][EntityPickupItemEvent]: PLAYER picked up COBBLESTONE
[23:47:53][EntityPickupItemEvent]: PLAYER picked up COBBLESTONE
[23:47:54][EntityPickupItemEvent]: PLAYER picked up COBBLESTONE
[23:47:54][EntityPickupItemEvent]: PLAYER picked up COBBLESTONE
[23:47:57][EntityPickupItemEvent]: PLAYER picked up COBBLESTONE
[23:47:59][EntityPickupItemEvent]: PLAYER picked up COBBLESTONE
[23:48:00][EntityPickupItemEvent]: PLAYER picked up COBBLESTONE
[23:48:02][EntityPickupItemEvent]: PLAYER picked up COBBLESTONE
[23:48:03][EntityPickupItemEvent]: PLAYER picked up COBBLESTONE
[23:48:04][EntityPickupItemEvent]: PLAYER picked up COBBLESTONE
[23:48:05][EntityPickupItemEvent]: PLAYER picked up COBBLESTONE
[23:48:05][EntityPickupItemEvent]: PLAYER picked up COBBLESTONE
[23:48:06][EntityPickupItemEvent]: PLAYER picked up COBBLESTONE
[23:48:07][EntityPickupItemEvent]: PLAYER picked up COBBLESTONE
[23:48:07][EntityPickupItemEvent]: PLAYER picked up COBBLESTONE
[23:48:08][EntityPickupItemEvent]: PLAYER picked up COBBLESTONE
[23:48:08][EntityPickupItemEvent]: PLAYER picked up COBBLESTONE
[23:48:09][EntityPickupItemEvent]: PLAYER picked up COBBLESTONE
[23:48:10][EntityPickupItemEvent]: PLAYER picked up COBBLESTONE
[23:48:12][EntityPickupItemEvent]: PLAYER picked up COBBLESTONE
[23:48:13][EntityPickupItemEvent]: PLAYER picked up COBBLESTONE
[23:48:13][EntityPickupItemEvent]: PLAYER picked up COBBLESTONE
[23:48:14][EntityPickupItemEvent]: PLAYER picked up COBBLESTONE
[23:48:17][EntityPickupItemEvent]: PLAYER picked up COBBLESTONE
[23:48:18][EntityPickupItemEvent]: PLAYER picked up COBBLESTONE
[23:48:19][EntityPickupItemEvent]: PLAYER picked up COBBLESTONE
[23:48:19][EntityPickupItemEvent]: PLAYER picked up COBBLESTONE
[23:48:20][EntityPickupItemEvent]: PLAYER picked up COBBLESTONE
[23:48:20][EntityPickupItemEvent]: PLAYER picked up COBBLESTONE
[23:48:21][EntityPickupItemEvent]: PLAYER picked up COBBLESTONE
[23:48:22][EntityPickupItemEvent]: PLAYER picked up COBBLESTONE
[23:48:22][EntityPickupItemEvent]: PLAYER picked up GRANITE
[23:48:24][EntityPickupItemEvent]: PLAYER picked up COBBLESTONE
[23:48:24][EntityPickupItemEvent]: PLAYER picked up COBBLESTONE
[23:48:27][EntityPickupItemEvent]: PLAYER picked up COBBLESTONE
[23:48:27][EntityPickupItemEvent]: PLAYER picked up COBBLESTONE
[23:48:28][EntityPickupItemEvent]: PLAYER picked up COBBLESTONE
[23:48:29][EntityPickupItemEvent]: PLAYER picked up COBBLESTONE
[23:48:29][EntityPickupItemEvent]: PLAYER picked up COBBLESTONE
[23:48:30][EntityPickupItemEvent]: PLAYER picked up COBBLESTONE
[23:48:31][EntityPickupItemEvent]: PLAYER picked up COBBLESTONE
[23:48:32][EntityPickupItemEvent]: PLAYER picked up COBBLESTONE
[23:48:32][EntityPickupItemEvent]: PLAYER picked up COBBLESTONE
[23:48:33][EntityPickupItemEvent]: PLAYER picked up COBBLESTONE
[23:48:35][EntityPickupItemEvent]: PLAYER picked up COBBLESTONE
[23:48:36][EntityPickupItemEvent]: PLAYER picked up COBBLESTONE
[23:48:36][EntityPickupItemEvent]: PLAYER picked up COBBLESTONE
[23:48:36][EntityPickupItemEvent]: PLAYER picked up COBBLESTONE
[23:48:37][EntityPickupItemEvent]: PLAYER picked up COBBLESTONE
[23:48:38][EntityPickupItemEvent]: PLAYER picked up COBBLESTONE
[23:48:39][EntityPickupItemEvent]: PLAYER picked up COBBLESTONE
[23:48:41][EntityPickupItemEvent]: PLAYER picked up COBBLESTONE
[23:48:41][EntityPickupItemEvent]: PLAYER picked up COBBLESTONE
[23:48:43][EntityPickupItemEvent]: PLAYER picked up COBBLESTONE
[23:48:44][EntityPickupItemEvent]: PLAYER picked up COBBLESTONE
[23:48:45][EntityPickupItemEvent]: PLAYER picked up COBBLESTONE
[23:48:45][EntityPickupItemEvent]: PLAYER picked up COBBLESTONE
[23:48:45][EntityPickupItemEvent]: PLAYER picked up COBBLESTONE
[23:48:47][EntityPickupItemEvent]: PLAYER picked up COBBLESTONE
[23:48:47][EntityPickupItemEvent]: PLAYER picked up COBBLESTONE
[23:48:47][EntityPickupItemEvent]: PLAYER picked up COBBLESTONE
[23:48:47][EntityPickupItemEvent]: PLAYER picked up COBBLESTONE
[23:48:48][EntityPickupItemEvent]: PLAYER picked up COBBLESTONE
[23:48:49][EntityPickupItemEvent]: PLAYER picked up COBBLESTONE
[23:48:50][EntityPickupItemEvent]: PLAYER picked up COBBLESTONE
[23:48:50][EntityPickupItemEvent]: PLAYER picked up COBBLESTONE
[23:48:51][EntityPickupItemEvent]: PLAYER picked up COBBLESTONE
[23:48:51][EntityPickupItemEvent]: PLAYER picked up COBBLESTONE
[23:48:51][EntityPickupItemEvent]: PLAYER picked up COBBLESTONE
[23:48:52][EntityPickupItemEvent]: PLAYER picked up COBBLESTONE
[23:48:53][EntityPickupItemEvent]: PLAYER picked up COBBLESTONE
[23:48:54][EntityPickupItemEvent]: PLAYER picked up COBBLESTONE
[23:48:54][EntityPickupItemEvent]: PLAYER picked up COBBLESTONE
[23:48:55][EntityPickupItemEvent]: PLAYER picked up COBBLESTONE
[23:48:55][EntityPickupItemEvent]: PLAYER picked up COBBLESTONE
[23:48:55][EntityPickupItemEvent]: PLAYER picked up COBBLESTONE
[23:48:57][EntityPickupItemEvent]: PLAYER picked up ANDESITE
[23:48:57][EntityPickupItemEvent]: PLAYER picked up ANDESITE
[23:48:58][EntityPickupItemEvent]: PLAYER picked up ANDESITE
[23:48:58][EntityPickupItemEvent]: PLAYER picked up COBBLESTONE
[23:48:59][EntityPickupItemEvent]: PLAYER picked up ANDESITE
[23:49:00][EntityPickupItemEvent]: PLAYER picked up COBBLESTONE
[23:49:23][EntityPickupItemEvent]: PLAYER picked up ARROW
[23:49:23][EntityPickupItemEvent]: PLAYER picked up BONE
[23:50:20][EntityPickupItemEvent]: PLAYER picked up COBBLESTONE
[23:50:21][EntityPickupItemEvent]: PLAYER picked up COBBLESTONE
[23:50:22][EntityPickupItemEvent]: PLAYER picked up DIORITE
[23:50:22][EntityPickupItemEvent]: PLAYER picked up COBBLESTONE
[23:50:28][EntityPickupItemEvent]: PLAYER picked up DIAMOND_PICKAXE
[23:50:33][EntityPickupItemEvent]: PLAYER picked up DIAMOND_PICKAXE
[23:51:03][EntityPickupItemEvent]: PLAYER picked up COBBLESTONE
[23:51:03][EntityPickupItemEvent]: PLAYER picked up COBBLESTONE
[23:51:04][EntityPickupItemEvent]: PLAYER picked up COBBLESTONE
[23:51:05][EntityPickupItemEvent]: PLAYER picked up COBBLESTONE
[23:51:06][EntityPickupItemEvent]: PLAYER picked up COBBLESTONE
[23:51:08][EntityPickupItemEvent]: PLAYER picked up COBBLESTONE
[23:51:09][EntityPickupItemEvent]: PLAYER picked up COBBLESTONE
[23:51:09][EntityPickupItemEvent]: PLAYER picked up COBBLESTONE
[23:51:10][EntityPickupItemEvent]: PLAYER picked up COBBLESTONE
[23:51:11][EntityPickupItemEvent]: PLAYER picked up COBBLESTONE
[23:51:12][EntityPickupItemEvent]: PLAYER picked up COBBLESTONE
[23:51:12][EntityPickupItemEvent]: PLAYER picked up COBBLESTONE
[23:51:13][EntityPickupItemEvent]: PLAYER picked up COBBLESTONE
[23:51:14][EntityPickupItemEvent]: PLAYER picked up COBBLESTONE
[23:51:16][EntityPickupItemEvent]: PLAYER picked up COBBLESTONE
[23:51:17][EntityPickupItemEvent]: PLAYER picked up COBBLESTONE
[23:51:19][EntityPickupItemEvent]: PLAYER picked up COBBLESTONE
[23:51:19][EntityPickupItemEvent]: PLAYER picked up COBBLESTONE
[23:51:20][EntityPickupItemEvent]: PLAYER picked up COBBLESTONE
[23:51:21][EntityPickupItemEvent]: PLAYER picked up COBBLESTONE
[23:51:21][EntityPickupItemEvent]: PLAYER picked up COBBLESTONE
[23:51:22][EntityPickupItemEvent]: PLAYER picked up COBBLESTONE
[23:51:24][EntityPickupItemEvent]: PLAYER picked up COBBLESTONE
[23:51:24][EntityPickupItemEvent]: PLAYER picked up COBBLESTONE
[23:51:24][EntityPickupItemEvent]: PLAYER picked up COBBLESTONE
[23:51:24][EntityPickupItemEvent]: PLAYER picked up ANDESITE
[23:51:26][EntityPickupItemEvent]: PLAYER picked up REDSTONE
[23:51:27][EntityPickupItemEvent]: PLAYER picked up COBBLESTONE
[23:51:31][EntityPickupItemEvent]: PLAYER picked up IRON_ORE
[23:51:31][EntityPickupItemEvent]: PLAYER picked up IRON_ORE
[23:51:31][EntityPickupItemEvent]: PLAYER picked up ANDESITE
[23:51:31][EntityPickupItemEvent]: PLAYER picked up REDSTONE
[23:51:32][EntityPickupItemEvent]: PLAYER picked up IRON_ORE
[23:51:34][EntityPickupItemEvent]: PLAYER picked up ANDESITE
[23:51:35][EntityPickupItemEvent]: PLAYER picked up ANDESITE
[23:51:36][EntityPickupItemEvent]: PLAYER picked up ANDESITE
[23:51:36][EntityPickupItemEvent]: PLAYER picked up GRANITE
[23:51:37][EntityPickupItemEvent]: PLAYER picked up GRANITE
[23:51:37][EntityPickupItemEvent]: PLAYER picked up GRANITE
[23:51:38][EntityPickupItemEvent]: PLAYER picked up GRANITE
[23:51:38][EntityPickupItemEvent]: PLAYER picked up GRANITE
[23:51:39][EntityPickupItemEvent]: PLAYER picked up ANDESITE
[23:51:40][EntityPickupItemEvent]: PLAYER picked up ANDESITE
[23:51:40][EntityPickupItemEvent]: PLAYER picked up ANDESITE
[23:51:41][EntityPickupItemEvent]: PLAYER picked up ANDESITE
[23:51:41][EntityPickupItemEvent]: PLAYER picked up ANDESITE
[23:51:42][EntityPickupItemEvent]: PLAYER picked up ANDESITE
[23:51:43][EntityPickupItemEvent]: PLAYER picked up ANDESITE
[23:51:44][EntityPickupItemEvent]: PLAYER picked up COBBLESTONE
[23:51:44][EntityPickupItemEvent]: PLAYER picked up COBBLESTONE
[23:51:45][EntityPickupItemEvent]: PLAYER picked up COBBLESTONE
[23:51:46][EntityPickupItemEvent]: PLAYER picked up COBBLESTONE
[23:51:46][EntityPickupItemEvent]: PLAYER picked up COBBLESTONE
[23:51:47][EntityPickupItemEvent]: PLAYER picked up COBBLESTONE
[23:51:47][EntityPickupItemEvent]: PLAYER picked up COBBLESTONE
[23:51:49][EntityPickupItemEvent]: PLAYER picked up COBBLESTONE
[23:51:50][EntityPickupItemEvent]: PLAYER picked up COBBLESTONE
[23:51:51][EntityPickupItemEvent]: PLAYER picked up COBBLESTONE
[23:51:51][EntityPickupItemEvent]: PLAYER picked up COBBLESTONE
[23:51:52][EntityPickupItemEvent]: PLAYER picked up COBBLESTONE
[23:51:53][EntityPickupItemEvent]: PLAYER picked up COBBLESTONE
[23:51:54][EntityPickupItemEvent]: PLAYER picked up COBBLESTONE
[23:51:54][EntityPickupItemEvent]: PLAYER picked up COBBLESTONE
[23:51:55][EntityPickupItemEvent]: PLAYER picked up COBBLESTONE
[23:51:55][EntityPickupItemEvent]: PLAYER picked up COBBLESTONE
[23:51:56][EntityPickupItemEvent]: PLAYER picked up COBBLESTONE
[23:51:58][EntityPickupItemEvent]: PLAYER picked up COBBLESTONE
[23:51:58][EntityPickupItemEvent]: PLAYER picked up COBBLESTONE
[23:51:59][EntityPickupItemEvent]: PLAYER picked up COBBLESTONE
[23:51:59][EntityPickupItemEvent]: PLAYER picked up COBBLESTONE
[23:51:59][EntityPickupItemEvent]: PLAYER picked up COBBLESTONE
[23:52:00][EntityPickupItemEvent]: PLAYER picked up COBBLESTONE
[23:52:03][EntityPickupItemEvent]: PLAYER picked up COBBLESTONE
[23:52:03][EntityPickupItemEvent]: PLAYER picked up COBBLESTONE
[23:52:03][EntityPickupItemEvent]: PLAYER picked up COBBLESTONE
[23:52:04][EntityPickupItemEvent]: PLAYER picked up LAPIS_LAZULI
[23:52:06][EntityPickupItemEvent]: PLAYER picked up COBBLESTONE
[23:52:08][EntityPickupItemEvent]: PLAYER picked up COBBLESTONE
[23:52:10][EntityPickupItemEvent]: PLAYER picked up COBBLESTONE
[23:52:10][EntityPickupItemEvent]: PLAYER picked up COBBLESTONE
[23:52:11][EntityPickupItemEvent]: PLAYER picked up COBBLESTONE
[23:52:12][EntityPickupItemEvent]: PLAYER picked up COBBLESTONE
[23:52:13][EntityPickupItemEvent]: PLAYER picked up COBBLESTONE
[23:52:14][EntityPickupItemEvent]: PLAYER picked up COBBLESTONE
[23:52:15][EntityPickupItemEvent]: PLAYER picked up COBBLESTONE
[23:52:16][EntityPickupItemEvent]: PLAYER picked up COBBLESTONE
[23:52:16][EntityPickupItemEvent]: PLAYER picked up COBBLESTONE
[23:52:18][EntityPickupItemEvent]: PLAYER picked up COBBLESTONE
[23:52:36][EntityPickupItemEvent]: PLAYER picked up LAPIS_LAZULI
[23:52:38][EntityPickupItemEvent]: PLAYER picked up LAPIS_LAZULI
[23:52:39][EntityPickupItemEvent]: PLAYER picked up LAPIS_LAZULI
[23:52:44][EntityPickupItemEvent]: PLAYER picked up LAPIS_LAZULI
[23:52:45][EntityPickupItemEvent]: PLAYER picked up LAPIS_LAZULI
[23:55:25][EntityPickupItemEvent]: PLAYER picked up COBBLESTONE
[23:55:26][EntityPickupItemEvent]: PLAYER picked up COBBLESTONE
[23:56:01][EntityPickupItemEvent]: PLAYER picked up DIAMOND
