[00:33:14][FurnaceExtractEvent]: breaked minecraft:furnace[facing=west,lit=true] on [world;-226;54;-18]
[00:33:28][BlockPlaceEvent]: placed minecraft:furnace[facing=west,lit=false] on [world;-225;54;-17]
[00:33:39][FurnaceExtractEvent]: breaked minecraft:furnace[facing=west,lit=true] on [world;-226;54;-18]
[00:36:46][BlockPlaceEvent]: placed minecraft:andesite on [world;-225;53;-17]
[00:36:48][FurnaceExtractEvent]: breaked minecraft:furnace[facing=west,lit=false] on [world;-225;54;-17]
[00:36:54][FurnaceExtractEvent]: breaked minecraft:furnace[facing=west,lit=false] on [world;-226;54;-18]
[00:38:07][BlockBreakEvent]: breaked minecraft:andesite on [world;-247;56;-17]
[00:38:10][BlockPlaceEvent]: placed minecraft:cobblestone on [world;-247;53;-17]
[00:38:10][BlockPlaceEvent]: placed minecraft:cobblestone on [world;-247;54;-17]
[00:38:11][BlockPlaceEvent]: placed minecraft:cobblestone on [world;-247;55;-17]
[00:38:11][BlockPlaceEvent]: placed minecraft:cobblestone on [world;-247;56;-17]
[00:38:12][BlockPlaceEvent]: placed minecraft:cobblestone on [world;-247;57;-17]
[00:38:12][BlockPlaceEvent]: placed minecraft:cobblestone on [world;-247;58;-17]
[00:38:13][BlockPlaceEvent]: placed minecraft:cobblestone on [world;-247;59;-17]
[00:38:13][BlockPlaceEvent]: placed minecraft:cobblestone on [world;-247;60;-17]
[00:38:13][BlockPlaceEvent]: placed minecraft:cobblestone on [world;-247;61;-17]
[00:38:14][BlockPlaceEvent]: placed minecraft:cobblestone on [world;-247;62;-17]
[00:38:15][BlockPlaceEvent]: placed minecraft:cobblestone on [world;-247;63;-17]
[00:38:16][BlockPlaceEvent]: placed minecraft:cobblestone on [world;-247;67;-17]
[00:39:07][BlockPlaceEvent]: placed minecraft:cobblestone on [world;-247;64;-17]
[00:51:32][BlockBreakEvent]: breaked minecraft:cobblestone on [world;-247;67;-17]
[23:09:09][BlockPlaceEvent]: placed minecraft:cobblestone on [world;-247;65;-17]
[23:09:09][BlockPlaceEvent]: placed minecraft:cobblestone on [world;-247;66;-17]
[23:09:10][BlockPlaceEvent]: placed minecraft:cobblestone on [world;-247;67;-17]
[23:09:10][BlockPlaceEvent]: placed minecraft:cobblestone on [world;-247;68;-17]
[23:09:11][BlockPlaceEvent]: placed minecraft:cobblestone on [world;-247;69;-17]
[23:09:11][BlockPlaceEvent]: placed minecraft:cobblestone on [world;-247;70;-17]
[23:09:15][BlockBreakEvent]: breaked minecraft:granite on [world;-247;73;-17]
[23:09:17][BlockPlaceEvent]: placed minecraft:cobblestone on [world;-247;71;-17]
[23:09:17][BlockPlaceEvent]: placed minecraft:cobblestone on [world;-247;72;-17]
[23:09:18][BlockPlaceEvent]: placed minecraft:cobblestone on [world;-247;73;-17]
[23:10:32][BlockBreakEvent]: breaked minecraft:grass_block[snowy=false] on [world;-7;78;-31]
[23:10:36][BlockPlaceEvent]: placed minecraft:dirt on [world;-10;78;-28]
[23:10:40][BlockBreakEvent]: breaked minecraft:spruce_leaves[distance=2,persistent=false] on [world;-12;82;-29]
[23:13:04][BlockBreakEvent]: breaked minecraft:oak_log[axis=y] on [world;-359;69;541]
[23:13:08][BlockBreakEvent]: breaked minecraft:oak_log[axis=y] on [world;-359;70;541]
[23:13:09][BlockBreakEvent]: breaked minecraft:oak_leaves[distance=2,persistent=false] on [world;-358;70;541]
[23:13:13][BlockBreakEvent]: breaked minecraft:oak_log[axis=y] on [world;-359;71;541]
[23:13:14][BlockBreakEvent]: breaked minecraft:oak_leaves[distance=3,persistent=false] on [world;-360;70;541]
[23:17:18][BlockPlaceEvent]: placed minecraft:sweet_berry_bush[age=0] on [world;-238;68;548]
[23:17:22][BlockBreakEvent]: breaked minecraft:sweet_berry_bush[age=0] on [world;-238;68;548]
[23:17:39][BlockBreakEvent]: breaked minecraft:oak_log[axis=y] on [world;-178;67;533]
[23:17:42][BlockBreakEvent]: breaked minecraft:oak_log[axis=y] on [world;-178;66;533]
[23:17:46][BlockBreakEvent]: breaked minecraft:oak_log[axis=y] on [world;-178;68;533]
[23:17:49][BlockBreakEvent]: breaked minecraft:oak_log[axis=y] on [world;-178;69;533]
[23:17:50][BlockBreakEvent]: breaked minecraft:oak_leaves[distance=2,persistent=false] on [world;-177;69;533]
[23:17:50][BlockBreakEvent]: breaked minecraft:oak_leaves[distance=1,persistent=false] on [world;-177;70;533]
[23:17:51][BlockBreakEvent]: breaked minecraft:oak_leaves[distance=1,persistent=false] on [world;-177;71;533]
[23:17:55][BlockBreakEvent]: breaked minecraft:oak_log[axis=y] on [world;-178;70;533]
[23:18:14][BlockBreakEvent]: breaked minecraft:granite on [world;-136;63;498]
[23:18:15][BlockBreakEvent]: breaked minecraft:andesite on [world;-136;64;498]
[23:18:16][BlockBreakEvent]: breaked minecraft:stone on [world;-136;64;499]
[23:18:18][BlockBreakEvent]: breaked minecraft:coal_ore on [world;-135;64;498]
[23:18:19][BlockBreakEvent]: breaked minecraft:coal_ore on [world;-135;63;498]
[23:18:20][BlockBreakEvent]: breaked minecraft:coal_ore on [world;-135;64;497]
[23:18:21][BlockBreakEvent]: breaked minecraft:coal_ore on [world;-135;63;497]
[23:18:22][BlockBreakEvent]: breaked minecraft:coal_ore on [world;-135;64;496]
[23:18:23][BlockBreakEvent]: breaked minecraft:coal_ore on [world;-135;63;496]
[23:18:23][BlockBreakEvent]: breaked minecraft:andesite on [world;-134;64;496]
[23:18:24][BlockBreakEvent]: breaked minecraft:coal_ore on [world;-134;64;497]
[23:18:25][BlockBreakEvent]: breaked minecraft:coal_ore on [world;-134;63;497]
[23:18:27][BlockBreakEvent]: breaked minecraft:coal_ore on [world;-136;64;496]
[23:18:28][BlockBreakEvent]: breaked minecraft:coal_ore on [world;-136;63;496]
[23:19:02][BlockBreakEvent]: breaked minecraft:granite on [world;-136;61;499]
[23:19:03][BlockBreakEvent]: breaked minecraft:granite on [world;-136;60;499]
[23:19:04][BlockBreakEvent]: breaked minecraft:stone on [world;-136;59;499]
[23:19:20][BlockBreakEvent]: breaked minecraft:iron_ore on [world;-128;58;506]
[23:19:21][BlockBreakEvent]: breaked minecraft:iron_ore on [world;-128;58;507]
[23:19:23][BlockBreakEvent]: breaked minecraft:stone on [world;-133;58;506]
[23:19:24][BlockBreakEvent]: breaked minecraft:iron_ore on [world;-132;59;506]
[23:19:25][BlockBreakEvent]: breaked minecraft:iron_ore on [world;-133;59;506]
[23:19:26][BlockBreakEvent]: breaked minecraft:iron_ore on [world;-133;59;505]
[23:19:28][BlockBreakEvent]: breaked minecraft:iron_ore on [world;-133;60;506]
[23:19:42][BlockBreakEvent]: breaked minecraft:iron_ore on [world;-126;60;489]
[23:19:43][BlockBreakEvent]: breaked minecraft:iron_ore on [world;-126;61;489]
[23:19:44][BlockBreakEvent]: breaked minecraft:iron_ore on [world;-125;60;489]
[23:19:45][BlockBreakEvent]: breaked minecraft:iron_ore on [world;-125;61;489]
[23:19:45][BlockBreakEvent]: breaked minecraft:stone on [world;-127;61;489]
[23:19:49][BlockBreakEvent]: breaked minecraft:iron_ore on [world;-125;57;497]
[23:19:51][BlockBreakEvent]: breaked minecraft:iron_ore on [world;-124;56;498]
[23:19:52][BlockBreakEvent]: breaked minecraft:iron_ore on [world;-125;57;498]
[23:20:04][BlockBreakEvent]: breaked minecraft:coal_ore on [world;-110;46;496]
[23:20:05][BlockBreakEvent]: breaked minecraft:coal_ore on [world;-110;46;495]
[23:20:06][BlockBreakEvent]: breaked minecraft:coal_ore on [world;-110;47;495]
[23:20:07][BlockBreakEvent]: breaked minecraft:coal_ore on [world;-110;45;495]
[23:20:08][BlockBreakEvent]: breaked minecraft:coal_ore on [world;-110;47;494]
[23:20:09][BlockBreakEvent]: breaked minecraft:coal_ore on [world;-110;46;494]
[23:20:10][BlockBreakEvent]: breaked minecraft:coal_ore on [world;-110;45;494]
[23:20:11][BlockBreakEvent]: breaked minecraft:coal_ore on [world;-110;46;493]
[23:20:11][BlockBreakEvent]: breaked minecraft:coal_ore on [world;-110;47;493]
[23:20:13][BlockBreakEvent]: breaked minecraft:coal_ore on [world;-109;47;494]
[23:20:14][BlockBreakEvent]: breaked minecraft:coal_ore on [world;-109;46;494]
[23:20:15][BlockBreakEvent]: breaked minecraft:coal_ore on [world;-111;46;494]
[23:20:16][BlockBreakEvent]: breaked minecraft:coal_ore on [world;-111;45;495]
[23:20:18][BlockBreakEvent]: breaked minecraft:coal_ore on [world;-110;45;496]
[23:20:19][BlockBreakEvent]: breaked minecraft:coal_ore on [world;-109;46;495]
[23:20:20][BlockBreakEvent]: breaked minecraft:stone on [world;-110;46;497]
[23:20:22][BlockBreakEvent]: breaked minecraft:coal_ore on [world;-110;45;497]
[23:22:11][BlockPlaceEvent]: placed minecraft:granite on [world;-135;57;499]
[23:22:14][BlockPlaceEvent]: placed minecraft:granite on [world;-136;59;499]
[23:22:24][BlockBreakEvent]: breaked minecraft:oak_leaves[distance=2,persistent=false] on [world;-130;76;512]
[23:22:25][BlockBreakEvent]: breaked minecraft:oak_leaves[distance=2,persistent=false] on [world;-130;76;510]
[23:22:26][BlockBreakEvent]: breaked minecraft:oak_leaves[distance=1,persistent=false] on [world;-130;76;511]
[23:22:27][BlockBreakEvent]: breaked minecraft:oak_leaves[distance=3,persistent=false] on [world;-130;76;509]
[23:23:41][BlockPlaceEvent]: placed minecraft:granite on [world;-63;65;409]
[23:23:43][BlockPlaceEvent]: placed minecraft:andesite on [world;-63;66;409]
[23:23:54][BlockPlaceEvent]: placed minecraft:andesite on [world;-59;76;415]
[23:23:57][BlockPlaceEvent]: placed minecraft:cobblestone on [world;-58;78;415]
[23:23:57][BlockPlaceEvent]: placed minecraft:cobblestone on [world;-58;79;415]
[23:24:18][BlockBreakEvent]: breaked minecraft:coal_ore on [world;-48;65;396]
[23:24:19][BlockBreakEvent]: breaked minecraft:coal_ore on [world;-48;66;396]
[23:24:20][BlockBreakEvent]: breaked minecraft:coal_ore on [world;-48;66;397]
[23:24:20][BlockBreakEvent]: breaked minecraft:coal_ore on [world;-48;65;397]
[23:24:21][BlockBreakEvent]: breaked minecraft:coal_ore on [world;-49;65;397]
[23:24:22][BlockBreakEvent]: breaked minecraft:coal_ore on [world;-49;66;397]
[23:24:23][BlockBreakEvent]: breaked minecraft:coal_ore on [world;-49;66;396]
[23:24:48][BlockBreakEvent]: breaked minecraft:stone on [world;-42;69;401]
[23:25:37][BlockBreakEvent]: breaked minecraft:stone on [world;-125;72;399]
[23:25:38][BlockBreakEvent]: breaked minecraft:stone on [world;-125;73;399]
[23:25:38][BlockBreakEvent]: breaked minecraft:stone on [world;-124;73;399]
[23:25:39][BlockBreakEvent]: breaked minecraft:stone on [world;-124;72;399]
[23:25:40][BlockBreakEvent]: breaked minecraft:stone on [world;-124;73;400]
[23:25:40][BlockBreakEvent]: breaked minecraft:stone on [world;-124;72;400]
[23:25:43][BlockPlaceEvent]: placed minecraft:cobblestone on [world;-125;72;399]
[23:25:43][BlockPlaceEvent]: placed minecraft:cobblestone on [world;-125;73;399]
[23:26:09][BlockPlaceEvent]: placed minecraft:crafting_table on [world;-124;72;400]
[23:26:25][BlockPlaceEvent]: placed minecraft:furnace[facing=north,lit=false] on [world;-124;73;400]
[23:34:03][FurnaceExtractEvent]: breaked minecraft:furnace[facing=north,lit=true] on [world;-124;73;400]
[23:34:09][FurnaceExtractEvent]: breaked minecraft:furnace[facing=north,lit=true] on [world;-124;73;400]
[23:34:25][BlockBreakEvent]: breaked minecraft:cobblestone on [world;-125;73;399]
[23:34:26][BlockBreakEvent]: breaked minecraft:cobblestone on [world;-125;72;399]
[23:34:50][FurnaceExtractEvent]: breaked minecraft:furnace[facing=north,lit=true] on [world;-124;73;400]
[23:35:22][FurnaceExtractEvent]: breaked minecraft:furnace[facing=north,lit=true] on [world;-124;73;400]
[23:35:26][BlockBreakEvent]: breaked minecraft:furnace[facing=north,lit=true] on [world;-124;73;400]
[23:35:28][BlockBreakEvent]: breaked minecraft:crafting_table on [world;-124;72;400]
[23:37:19][BlockBreakEvent]: breaked minecraft:grass_block[snowy=false] on [world;-189;62;460]
[23:37:53][BlockBreakEvent]: breaked minecraft:oak_leaves[distance=4,persistent=false] on [world;-193;69;556]
[23:37:53][BlockBreakEvent]: breaked minecraft:oak_leaves[distance=3,persistent=false] on [world;-193;69;557]
[23:37:54][BlockBreakEvent]: breaked minecraft:oak_leaves[distance=2,persistent=false] on [world;-193;69;558]
[23:37:54][BlockBreakEvent]: breaked minecraft:oak_leaves[distance=3,persistent=false] on [world;-193;69;559]
[23:37:55][BlockBreakEvent]: breaked minecraft:oak_leaves[distance=4,persistent=false] on [world;-193;69;560]
[23:39:39][BlockBreakEvent]: breaked minecraft:stone on [world;-204;11;642]
[23:39:39][BlockBreakEvent]: breaked minecraft:stone on [world;-204;12;642]
[23:39:40][BlockBreakEvent]: breaked minecraft:stone on [world;-203;12;642]
[23:39:41][BlockBreakEvent]: breaked minecraft:stone on [world;-206;12;638]
[23:39:42][BlockBreakEvent]: breaked minecraft:iron_ore on [world;-208;12;639]
[23:39:43][BlockBreakEvent]: breaked minecraft:iron_ore on [world;-208;13;638]
[23:39:45][BlockBreakEvent]: breaked minecraft:iron_ore on [world;-207;13;638]
[23:39:46][BlockBreakEvent]: breaked minecraft:diorite on [world;-206;13;638]
[23:39:47][BlockBreakEvent]: breaked minecraft:stone on [world;-209;12;638]
[23:39:48][BlockBreakEvent]: breaked minecraft:stone on [world;-210;12;638]
[23:39:48][BlockBreakEvent]: breaked minecraft:stone on [world;-211;12;637]
[23:39:51][BlockBreakEvent]: breaked minecraft:stone on [world;-218;12;639]
[23:39:52][BlockBreakEvent]: breaked minecraft:stone on [world;-218;11;639]
[23:39:53][BlockBreakEvent]: breaked minecraft:stone on [world;-218;12;640]
[23:39:53][BlockBreakEvent]: breaked minecraft:stone on [world;-218;11;640]
[23:39:54][BlockBreakEvent]: breaked minecraft:stone on [world;-218;11;641]
[23:39:54][BlockBreakEvent]: breaked minecraft:stone on [world;-218;12;641]
[23:39:55][BlockBreakEvent]: breaked minecraft:stone on [world;-218;12;642]
[23:39:56][BlockBreakEvent]: breaked minecraft:stone on [world;-218;11;642]
[23:39:56][BlockBreakEvent]: breaked minecraft:stone on [world;-218;11;643]
[23:39:57][BlockBreakEvent]: breaked minecraft:stone on [world;-218;12;643]
[23:39:58][BlockBreakEvent]: breaked minecraft:stone on [world;-218;11;644]
[23:39:58][BlockBreakEvent]: breaked minecraft:stone on [world;-218;12;644]
[23:39:59][BlockBreakEvent]: breaked minecraft:stone on [world;-218;11;645]
[23:39:59][BlockBreakEvent]: breaked minecraft:stone on [world;-218;12;645]
[23:40:01][BlockBreakEvent]: breaked minecraft:stone on [world;-218;12;646]
[23:40:01][BlockBreakEvent]: breaked minecraft:stone on [world;-218;11;646]
[23:40:02][BlockBreakEvent]: breaked minecraft:stone on [world;-218;12;647]
[23:40:03][BlockBreakEvent]: breaked minecraft:stone on [world;-218;11;647]
[23:40:03][BlockBreakEvent]: breaked minecraft:stone on [world;-218;12;648]
[23:40:04][BlockBreakEvent]: breaked minecraft:stone on [world;-218;11;648]
[23:40:05][BlockBreakEvent]: breaked minecraft:stone on [world;-218;12;649]
[23:40:05][BlockBreakEvent]: breaked minecraft:stone on [world;-218;11;649]
[23:40:06][BlockBreakEvent]: breaked minecraft:stone on [world;-218;12;650]
[23:40:07][BlockBreakEvent]: breaked minecraft:stone on [world;-218;11;650]
[23:40:07][BlockBreakEvent]: breaked minecraft:stone on [world;-218;12;651]
[23:40:08][BlockBreakEvent]: breaked minecraft:stone on [world;-218;11;651]
[23:40:08][BlockBreakEvent]: breaked minecraft:stone on [world;-218;12;652]
[23:40:09][BlockBreakEvent]: breaked minecraft:stone on [world;-218;11;652]
[23:40:10][BlockBreakEvent]: breaked minecraft:stone on [world;-218;10;653]
[23:40:12][BlockPlaceEvent]: placed minecraft:cobblestone on [world;-218;10;653]
[23:40:15][BlockBreakEvent]: breaked minecraft:stone on [world;-220;12;659]
[23:40:15][BlockBreakEvent]: breaked minecraft:stone on [world;-220;11;659]
[23:40:16][BlockBreakEvent]: breaked minecraft:stone on [world;-220;12;660]
[23:40:16][BlockBreakEvent]: breaked minecraft:stone on [world;-220;11;660]
[23:40:17][BlockBreakEvent]: breaked minecraft:stone on [world;-220;12;661]
[23:40:18][BlockBreakEvent]: breaked minecraft:stone on [world;-220;11;661]
[23:40:18][BlockBreakEvent]: breaked minecraft:stone on [world;-220;12;662]
[23:40:19][BlockBreakEvent]: breaked minecraft:stone on [world;-220;11;662]
[23:40:19][BlockBreakEvent]: breaked minecraft:stone on [world;-220;12;663]
[23:40:20][BlockBreakEvent]: breaked minecraft:stone on [world;-220;11;663]
[23:40:21][BlockBreakEvent]: breaked minecraft:stone on [world;-220;12;664]
[23:40:21][BlockBreakEvent]: breaked minecraft:stone on [world;-220;11;664]
[23:40:22][BlockBreakEvent]: breaked minecraft:stone on [world;-220;12;665]
[23:40:22][BlockBreakEvent]: breaked minecraft:stone on [world;-220;11;665]
[23:40:27][BlockBreakEvent]: breaked minecraft:stone on [world;-210;12;693]
[23:40:28][BlockBreakEvent]: breaked minecraft:stone on [world;-210;12;694]
[23:40:29][BlockBreakEvent]: breaked minecraft:stone on [world;-210;11;694]
[23:40:29][BlockBreakEvent]: breaked minecraft:stone on [world;-210;12;695]
[23:40:30][BlockBreakEvent]: breaked minecraft:stone on [world;-210;11;695]
[23:40:30][BlockBreakEvent]: breaked minecraft:stone on [world;-210;12;696]
[23:40:31][BlockBreakEvent]: breaked minecraft:stone on [world;-210;11;696]
[23:40:32][BlockBreakEvent]: breaked minecraft:stone on [world;-210;12;697]
[23:40:32][BlockBreakEvent]: breaked minecraft:stone on [world;-210;11;697]
[23:40:33][BlockBreakEvent]: breaked minecraft:stone on [world;-210;12;698]
[23:40:34][BlockBreakEvent]: breaked minecraft:stone on [world;-210;11;698]
[23:40:35][BlockBreakEvent]: breaked minecraft:stone on [world;-210;11;699]
[23:40:36][BlockBreakEvent]: breaked minecraft:stone on [world;-210;12;699]
[23:40:36][BlockBreakEvent]: breaked minecraft:stone on [world;-210;12;700]
[23:40:37][BlockBreakEvent]: breaked minecraft:stone on [world;-210;11;700]
[23:40:37][BlockBreakEvent]: breaked minecraft:stone on [world;-210;12;701]
[23:40:38][BlockBreakEvent]: breaked minecraft:stone on [world;-210;11;701]
[23:40:39][BlockBreakEvent]: breaked minecraft:stone on [world;-210;12;702]
[23:40:39][BlockBreakEvent]: breaked minecraft:stone on [world;-210;11;702]
[23:40:40][BlockBreakEvent]: breaked minecraft:stone on [world;-210;12;703]
[23:40:41][BlockBreakEvent]: breaked minecraft:stone on [world;-210;11;703]
[23:40:41][BlockBreakEvent]: breaked minecraft:stone on [world;-210;12;704]
[23:40:42][BlockBreakEvent]: breaked minecraft:stone on [world;-210;11;704]
[23:40:42][BlockBreakEvent]: breaked minecraft:stone on [world;-210;12;705]
[23:40:43][BlockBreakEvent]: breaked minecraft:stone on [world;-210;11;705]
[23:40:44][BlockBreakEvent]: breaked minecraft:stone on [world;-210;11;706]
[23:40:44][BlockBreakEvent]: breaked minecraft:stone on [world;-210;12;706]
[23:40:47][BlockPlaceEvent]: placed minecraft:cobblestone on [world;-210;10;706]
[23:40:49][BlockBreakEvent]: breaked minecraft:stone on [world;-210;12;707]
[23:40:50][BlockBreakEvent]: breaked minecraft:stone on [world;-210;11;707]
[23:40:51][BlockBreakEvent]: breaked minecraft:diorite on [world;-210;11;708]
[23:40:51][BlockBreakEvent]: breaked minecraft:stone on [world;-210;12;708]
[23:40:52][BlockBreakEvent]: breaked minecraft:diorite on [world;-210;11;709]
[23:40:52][BlockBreakEvent]: breaked minecraft:stone on [world;-210;12;709]
[23:40:53][BlockBreakEvent]: breaked minecraft:diorite on [world;-210;11;710]
[23:40:54][BlockBreakEvent]: breaked minecraft:diorite on [world;-210;11;711]
[23:40:54][BlockBreakEvent]: breaked minecraft:stone on [world;-210;12;710]
[23:40:58][BlockPlaceEvent]: placed minecraft:cobblestone on [world;-210;10;710]
[23:40:59][BlockPlaceEvent]: placed minecraft:cobblestone on [world;-210;10;709]
[23:40:59][BlockPlaceEvent]: placed minecraft:cobblestone on [world;-210;10;708]
[23:41:00][BlockPlaceEvent]: placed minecraft:cobblestone on [world;-210;10;707]
[23:41:00][BlockPlaceEvent]: placed minecraft:cobblestone on [world;-211;11;708]
[23:41:03][BlockBreakEvent]: breaked minecraft:stone on [world;-210;12;711]
[23:41:03][BlockBreakEvent]: breaked minecraft:diorite on [world;-210;12;712]
[23:41:04][BlockBreakEvent]: breaked minecraft:diorite on [world;-210;11;712]
[23:41:05][BlockBreakEvent]: breaked minecraft:diorite on [world;-210;11;713]
[23:41:05][BlockBreakEvent]: breaked minecraft:diorite on [world;-210;11;714]
[23:41:06][BlockBreakEvent]: breaked minecraft:diorite on [world;-210;12;713]
[23:41:06][BlockBreakEvent]: breaked minecraft:diorite on [world;-210;12;714]
[23:41:07][BlockBreakEvent]: breaked minecraft:diorite on [world;-210;12;715]
[23:41:08][BlockBreakEvent]: breaked minecraft:diorite on [world;-210;11;715]
[23:41:08][BlockBreakEvent]: breaked minecraft:stone on [world;-210;12;716]
[23:41:09][BlockBreakEvent]: breaked minecraft:stone on [world;-210;11;716]
[23:41:09][BlockBreakEvent]: breaked minecraft:stone on [world;-210;11;717]
[23:41:10][BlockBreakEvent]: breaked minecraft:stone on [world;-210;12;717]
[23:41:11][BlockBreakEvent]: breaked minecraft:stone on [world;-210;12;718]
[23:41:11][BlockBreakEvent]: breaked minecraft:stone on [world;-210;11;718]
[23:41:12][BlockBreakEvent]: breaked minecraft:stone on [world;-210;12;719]
[23:41:12][BlockBreakEvent]: breaked minecraft:stone on [world;-210;11;719]
[23:41:13][BlockBreakEvent]: breaked minecraft:stone on [world;-210;12;720]
[23:41:14][BlockBreakEvent]: breaked minecraft:stone on [world;-210;11;720]
[23:41:15][BlockBreakEvent]: breaked minecraft:andesite on [world;-210;12;721]
[23:41:15][BlockBreakEvent]: breaked minecraft:andesite on [world;-210;11;721]
[23:41:16][BlockBreakEvent]: breaked minecraft:andesite on [world;-210;12;722]
[23:41:16][BlockBreakEvent]: breaked minecraft:andesite on [world;-210;11;722]
[23:41:17][BlockBreakEvent]: breaked minecraft:andesite on [world;-210;11;723]
[23:41:18][BlockBreakEvent]: breaked minecraft:andesite on [world;-210;12;723]
[23:41:20][BlockBreakEvent]: breaked minecraft:redstone_ore[lit=true] on [world;-211;12;723]
[23:41:21][BlockBreakEvent]: breaked minecraft:redstone_ore[lit=true] on [world;-211;11;723]
[23:41:24][BlockBreakEvent]: breaked minecraft:redstone_ore[lit=true] on [world;-211;12;724]
[23:41:25][BlockBreakEvent]: breaked minecraft:redstone_ore[lit=true] on [world;-212;12;723]
[23:41:26][BlockBreakEvent]: breaked minecraft:redstone_ore[lit=true] on [world;-212;11;723]
[23:41:27][BlockBreakEvent]: breaked minecraft:granite on [world;-213;12;723]
[23:41:27][BlockBreakEvent]: breaked minecraft:stone on [world;-213;11;723]
[23:41:28][BlockBreakEvent]: breaked minecraft:stone on [world;-214;11;723]
[23:41:29][BlockBreakEvent]: breaked minecraft:stone on [world;-214;12;723]
[23:41:29][BlockBreakEvent]: breaked minecraft:stone on [world;-215;12;723]
[23:41:30][BlockBreakEvent]: breaked minecraft:stone on [world;-215;11;723]
[23:41:31][BlockBreakEvent]: breaked minecraft:stone on [world;-216;11;723]
[23:41:31][BlockBreakEvent]: breaked minecraft:stone on [world;-216;12;723]
[23:41:32][BlockBreakEvent]: breaked minecraft:stone on [world;-217;12;723]
[23:41:32][BlockBreakEvent]: breaked minecraft:stone on [world;-217;11;723]
[23:41:33][BlockBreakEvent]: breaked minecraft:stone on [world;-218;12;723]
[23:41:34][BlockBreakEvent]: breaked minecraft:stone on [world;-218;11;723]
[23:41:35][BlockBreakEvent]: breaked minecraft:coal_ore on [world;-219;12;723]
[23:41:35][BlockBreakEvent]: breaked minecraft:stone on [world;-219;11;723]
[23:41:36][BlockBreakEvent]: breaked minecraft:stone on [world;-220;12;723]
[23:41:36][BlockBreakEvent]: breaked minecraft:diorite on [world;-220;11;723]
[23:41:37][BlockBreakEvent]: breaked minecraft:stone on [world;-221;12;723]
[23:41:38][BlockBreakEvent]: breaked minecraft:diorite on [world;-221;11;723]
[23:41:38][BlockBreakEvent]: breaked minecraft:stone on [world;-222;12;723]
[23:41:39][BlockBreakEvent]: breaked minecraft:stone on [world;-222;11;723]
[23:41:40][BlockBreakEvent]: breaked minecraft:andesite on [world;-223;12;723]
[23:41:40][BlockBreakEvent]: breaked minecraft:andesite on [world;-223;11;723]
[23:41:41][BlockBreakEvent]: breaked minecraft:andesite on [world;-224;11;723]
[23:41:41][BlockBreakEvent]: breaked minecraft:andesite on [world;-225;11;723]
[23:41:42][BlockBreakEvent]: breaked minecraft:andesite on [world;-224;12;723]
[23:41:43][BlockBreakEvent]: breaked minecraft:andesite on [world;-225;12;723]
[23:41:43][BlockBreakEvent]: breaked minecraft:andesite on [world;-226;12;723]
[23:41:44][BlockBreakEvent]: breaked minecraft:andesite on [world;-226;11;723]
[23:41:45][BlockBreakEvent]: breaked minecraft:andesite on [world;-227;12;723]
[23:41:45][BlockBreakEvent]: breaked minecraft:andesite on [world;-227;11;723]
[23:41:46][BlockBreakEvent]: breaked minecraft:andesite on [world;-228;12;723]
[23:41:47][BlockBreakEvent]: breaked minecraft:andesite on [world;-228;11;723]
[23:41:47][BlockBreakEvent]: breaked minecraft:andesite on [world;-229;12;723]
[23:41:48][BlockBreakEvent]: breaked minecraft:andesite on [world;-229;11;723]
[23:41:48][BlockBreakEvent]: breaked minecraft:stone on [world;-230;11;723]
[23:41:49][BlockBreakEvent]: breaked minecraft:stone on [world;-231;11;723]
[23:41:50][BlockBreakEvent]: breaked minecraft:diorite on [world;-230;12;723]
[23:41:51][BlockBreakEvent]: breaked minecraft:diorite on [world;-231;12;723]
[23:41:51][BlockBreakEvent]: breaked minecraft:diorite on [world;-232;12;723]
[23:41:52][BlockBreakEvent]: breaked minecraft:stone on [world;-232;11;723]
[23:41:52][BlockBreakEvent]: breaked minecraft:stone on [world;-233;11;723]
[23:41:53][BlockBreakEvent]: breaked minecraft:stone on [world;-233;12;723]
[23:41:54][BlockBreakEvent]: breaked minecraft:stone on [world;-234;11;723]
[23:41:54][BlockBreakEvent]: breaked minecraft:andesite on [world;-234;12;723]
[23:41:56][BlockBreakEvent]: breaked minecraft:redstone_ore[lit=true] on [world;-235;12;723]
[23:41:57][BlockBreakEvent]: breaked minecraft:redstone_ore[lit=true] on [world;-235;11;723]
[23:41:58][BlockBreakEvent]: breaked minecraft:redstone_ore[lit=true] on [world;-236;12;723]
[23:41:59][BlockBreakEvent]: breaked minecraft:redstone_ore[lit=true] on [world;-236;11;723]
[23:41:59][BlockBreakEvent]: breaked minecraft:redstone_ore[lit=true] on [world;-236;11;724]
[23:42:00][BlockBreakEvent]: breaked minecraft:redstone_ore[lit=true] on [world;-236;12;724]
[23:42:01][BlockBreakEvent]: breaked minecraft:redstone_ore[lit=true] on [world;-235;12;724]
[23:42:02][BlockBreakEvent]: breaked minecraft:redstone_ore[lit=true] on [world;-235;11;724]
[23:42:03][BlockBreakEvent]: breaked minecraft:stone on [world;-235;11;725]
[23:42:03][BlockBreakEvent]: breaked minecraft:stone on [world;-235;12;725]
[23:42:04][BlockBreakEvent]: breaked minecraft:stone on [world;-235;12;726]
[23:42:05][BlockBreakEvent]: breaked minecraft:stone on [world;-235;11;726]
[23:42:06][BlockBreakEvent]: breaked minecraft:stone on [world;-235;12;727]
[23:42:06][BlockBreakEvent]: breaked minecraft:stone on [world;-235;11;727]
[23:42:07][BlockBreakEvent]: breaked minecraft:andesite on [world;-235;12;728]
[23:42:07][BlockBreakEvent]: breaked minecraft:andesite on [world;-235;11;728]
[23:42:08][BlockBreakEvent]: breaked minecraft:andesite on [world;-235;11;730]
[23:42:09][BlockBreakEvent]: breaked minecraft:andesite on [world;-235;12;730]
[23:42:10][BlockBreakEvent]: breaked minecraft:stone on [world;-235;12;731]
[23:42:10][BlockBreakEvent]: breaked minecraft:stone on [world;-235;11;731]
[23:42:11][BlockBreakEvent]: breaked minecraft:stone on [world;-235;12;732]
[23:42:11][BlockBreakEvent]: breaked minecraft:stone on [world;-235;11;732]
[23:42:13][BlockBreakEvent]: breaked minecraft:stone on [world;-235;11;733]
[23:42:13][BlockBreakEvent]: breaked minecraft:stone on [world;-235;12;733]
[23:42:14][BlockBreakEvent]: breaked minecraft:stone on [world;-235;12;734]
[23:42:14][BlockBreakEvent]: breaked minecraft:stone on [world;-235;11;734]
[23:42:15][BlockBreakEvent]: breaked minecraft:stone on [world;-235;11;735]
[23:42:16][BlockBreakEvent]: breaked minecraft:stone on [world;-235;12;735]
[23:42:16][BlockBreakEvent]: breaked minecraft:stone on [world;-235;12;736]
[23:42:17][BlockBreakEvent]: breaked minecraft:stone on [world;-235;11;736]
[23:42:17][BlockBreakEvent]: breaked minecraft:stone on [world;-235;11;737]
[23:42:18][BlockBreakEvent]: breaked minecraft:andesite on [world;-235;12;737]
[23:42:19][BlockBreakEvent]: breaked minecraft:stone on [world;-235;11;738]
[23:42:19][BlockBreakEvent]: breaked minecraft:stone on [world;-235;11;739]
[23:42:20][BlockBreakEvent]: breaked minecraft:andesite on [world;-235;12;738]
[23:42:21][BlockBreakEvent]: breaked minecraft:andesite on [world;-235;12;739]
[23:42:21][BlockBreakEvent]: breaked minecraft:andesite on [world;-235;12;740]
[23:42:22][BlockBreakEvent]: breaked minecraft:stone on [world;-235;11;740]
[23:42:23][BlockBreakEvent]: breaked minecraft:stone on [world;-235;12;741]
[23:42:23][BlockBreakEvent]: breaked minecraft:stone on [world;-235;11;741]
[23:42:24][BlockBreakEvent]: breaked minecraft:stone on [world;-235;11;742]
[23:42:24][BlockBreakEvent]: breaked minecraft:stone on [world;-235;12;742]
[23:42:25][BlockBreakEvent]: breaked minecraft:stone on [world;-235;11;743]
[23:42:26][BlockBreakEvent]: breaked minecraft:stone on [world;-235;12;743]
[23:42:26][BlockBreakEvent]: breaked minecraft:stone on [world;-235;12;744]
[23:42:27][BlockBreakEvent]: breaked minecraft:stone on [world;-235;11;744]
[23:42:28][BlockBreakEvent]: breaked minecraft:stone on [world;-235;12;745]
[23:42:28][BlockBreakEvent]: breaked minecraft:stone on [world;-235;11;745]
[23:42:29][BlockBreakEvent]: breaked minecraft:granite on [world;-235;11;746]
[23:42:29][BlockBreakEvent]: breaked minecraft:granite on [world;-235;12;746]
[23:42:30][BlockBreakEvent]: breaked minecraft:granite on [world;-235;12;747]
[23:42:31][BlockBreakEvent]: breaked minecraft:granite on [world;-235;11;747]
[23:42:32][BlockBreakEvent]: breaked minecraft:granite on [world;-235;12;748]
[23:42:32][BlockBreakEvent]: breaked minecraft:granite on [world;-235;11;748]
[23:42:33][BlockBreakEvent]: breaked minecraft:granite on [world;-235;12;749]
[23:42:34][BlockBreakEvent]: breaked minecraft:granite on [world;-235;11;749]
[23:42:35][BlockBreakEvent]: breaked minecraft:granite on [world;-235;12;750]
[23:42:35][BlockBreakEvent]: breaked minecraft:granite on [world;-235;11;750]
[23:42:36][BlockBreakEvent]: breaked minecraft:granite on [world;-235;12;751]
[23:42:36][BlockBreakEvent]: breaked minecraft:granite on [world;-235;11;751]
[23:42:37][BlockBreakEvent]: breaked minecraft:stone on [world;-235;11;752]
[23:42:38][BlockBreakEvent]: breaked minecraft:stone on [world;-235;12;752]
[23:42:38][BlockBreakEvent]: breaked minecraft:stone on [world;-235;12;753]
[23:42:39][BlockBreakEvent]: breaked minecraft:stone on [world;-235;11;753]
[23:42:39][BlockBreakEvent]: breaked minecraft:stone on [world;-235;12;754]
[23:42:40][BlockBreakEvent]: breaked minecraft:stone on [world;-235;11;754]
[23:42:41][BlockBreakEvent]: breaked minecraft:stone on [world;-235;12;755]
[23:42:41][BlockBreakEvent]: breaked minecraft:stone on [world;-235;11;755]
[23:42:42][BlockBreakEvent]: breaked minecraft:stone on [world;-235;12;756]
[23:42:43][BlockBreakEvent]: breaked minecraft:stone on [world;-235;11;756]
[23:42:43][BlockBreakEvent]: breaked minecraft:stone on [world;-235;11;757]
[23:42:44][BlockBreakEvent]: breaked minecraft:stone on [world;-235;12;757]
[23:42:44][BlockBreakEvent]: breaked minecraft:stone on [world;-235;12;758]
[23:42:45][BlockBreakEvent]: breaked minecraft:stone on [world;-235;11;758]
[23:42:46][BlockBreakEvent]: breaked minecraft:stone on [world;-235;12;759]
[23:42:46][BlockBreakEvent]: breaked minecraft:stone on [world;-235;11;759]
[23:42:47][BlockBreakEvent]: breaked minecraft:stone on [world;-235;12;760]
[23:42:47][BlockBreakEvent]: breaked minecraft:stone on [world;-235;11;760]
[23:42:48][BlockBreakEvent]: breaked minecraft:stone on [world;-235;11;761]
[23:42:49][BlockBreakEvent]: breaked minecraft:stone on [world;-235;12;761]
[23:42:49][BlockBreakEvent]: breaked minecraft:stone on [world;-235;12;762]
[23:42:50][BlockBreakEvent]: breaked minecraft:stone on [world;-235;11;762]
[23:42:50][BlockBreakEvent]: breaked minecraft:stone on [world;-235;12;763]
[23:42:51][BlockBreakEvent]: breaked minecraft:andesite on [world;-235;11;763]
[23:42:52][BlockBreakEvent]: breaked minecraft:andesite on [world;-235;12;764]
[23:42:52][BlockBreakEvent]: breaked minecraft:andesite on [world;-235;12;765]
[23:42:53][BlockBreakEvent]: breaked minecraft:andesite on [world;-235;11;764]
[23:42:53][BlockBreakEvent]: breaked minecraft:andesite on [world;-235;11;765]
[23:42:54][BlockBreakEvent]: breaked minecraft:stone on [world;-235;11;766]
[23:42:55][BlockBreakEvent]: breaked minecraft:stone on [world;-235;12;766]
[23:42:55][BlockBreakEvent]: breaked minecraft:stone on [world;-235;12;767]
[23:42:56][BlockBreakEvent]: breaked minecraft:stone on [world;-235;11;767]
[23:42:57][BlockBreakEvent]: breaked minecraft:coal_ore on [world;-235;12;768]
[23:42:57][BlockBreakEvent]: breaked minecraft:stone on [world;-235;11;768]
[23:42:58][BlockBreakEvent]: breaked minecraft:stone on [world;-235;11;769]
[23:42:59][BlockBreakEvent]: breaked minecraft:coal_ore on [world;-235;12;769]
[23:43:00][BlockBreakEvent]: breaked minecraft:stone on [world;-235;11;770]
[23:43:00][BlockBreakEvent]: breaked minecraft:stone on [world;-235;12;770]
[23:43:01][BlockBreakEvent]: breaked minecraft:stone on [world;-235;12;771]
[23:43:02][BlockBreakEvent]: breaked minecraft:stone on [world;-235;11;771]
[23:43:03][BlockBreakEvent]: breaked minecraft:stone on [world;-236;12;771]
[23:43:03][BlockBreakEvent]: breaked minecraft:stone on [world;-236;11;771]
[23:43:04][BlockBreakEvent]: breaked minecraft:stone on [world;-237;11;771]
[23:43:05][BlockBreakEvent]: breaked minecraft:stone on [world;-237;12;771]
[23:43:05][BlockBreakEvent]: breaked minecraft:stone on [world;-238;12;771]
[23:43:06][BlockBreakEvent]: breaked minecraft:stone on [world;-238;11;771]
[23:43:06][BlockBreakEvent]: breaked minecraft:stone on [world;-239;11;771]
[23:43:07][BlockBreakEvent]: breaked minecraft:stone on [world;-239;12;771]
[23:43:08][BlockBreakEvent]: breaked minecraft:stone on [world;-240;12;771]
[23:43:08][BlockBreakEvent]: breaked minecraft:stone on [world;-240;11;771]
[23:43:09][BlockBreakEvent]: breaked minecraft:stone on [world;-241;11;771]
[23:46:26][BlockBreakEvent]: breaked minecraft:stone on [world;-241;12;771]
[23:46:27][BlockBreakEvent]: breaked minecraft:stone on [world;-241;12;772]
[23:46:27][BlockBreakEvent]: breaked minecraft:redstone_ore[lit=true] on [world;-241;11;772]
[23:46:28][BlockBreakEvent]: breaked minecraft:redstone_ore[lit=true] on [world;-241;12;773]
[23:46:29][BlockBreakEvent]: breaked minecraft:redstone_ore[lit=true] on [world;-241;11;773]
[23:46:30][BlockBreakEvent]: breaked minecraft:stone on [world;-241;12;774]
[23:46:30][BlockBreakEvent]: breaked minecraft:stone on [world;-241;11;774]
[23:46:31][BlockBreakEvent]: breaked minecraft:stone on [world;-241;12;775]
[23:46:32][BlockBreakEvent]: breaked minecraft:stone on [world;-241;11;775]
[23:46:32][BlockBreakEvent]: breaked minecraft:stone on [world;-241;11;776]
[23:46:33][BlockBreakEvent]: breaked minecraft:stone on [world;-241;12;776]
[23:46:34][BlockBreakEvent]: breaked minecraft:stone on [world;-241;11;777]
[23:46:34][BlockBreakEvent]: breaked minecraft:stone on [world;-241;12;777]
[23:46:35][BlockBreakEvent]: breaked minecraft:stone on [world;-241;12;778]
[23:46:36][BlockBreakEvent]: breaked minecraft:stone on [world;-241;11;778]
[23:46:36][BlockBreakEvent]: breaked minecraft:stone on [world;-241;11;779]
[23:46:37][BlockBreakEvent]: breaked minecraft:stone on [world;-241;12;779]
[23:46:38][BlockBreakEvent]: breaked minecraft:stone on [world;-241;12;780]
[23:46:38][BlockBreakEvent]: breaked minecraft:stone on [world;-241;11;780]
[23:46:39][BlockBreakEvent]: breaked minecraft:stone on [world;-241;12;781]
[23:46:39][BlockBreakEvent]: breaked minecraft:stone on [world;-241;11;781]
[23:46:40][BlockBreakEvent]: breaked minecraft:stone on [world;-241;11;782]
[23:46:41][BlockBreakEvent]: breaked minecraft:stone on [world;-241;12;782]
[23:46:42][BlockBreakEvent]: breaked minecraft:redstone_ore[lit=true] on [world;-240;11;782]
[23:46:43][BlockBreakEvent]: breaked minecraft:stone on [world;-240;12;782]
[23:46:43][BlockBreakEvent]: breaked minecraft:redstone_ore[lit=true] on [world;-240;10;782]
[23:46:44][BlockBreakEvent]: breaked minecraft:stone on [world;-239;11;782]
[23:46:45][BlockBreakEvent]: breaked minecraft:stone on [world;-239;10;782]
[23:46:46][BlockBreakEvent]: breaked minecraft:stone on [world;-238;10;782]
[23:46:46][BlockBreakEvent]: breaked minecraft:redstone_ore[lit=true] on [world;-239;9;782]
[23:46:53][BlockBreakEvent]: breaked minecraft:stone on [world;-239;10;783]
[23:46:54][BlockBreakEvent]: breaked minecraft:redstone_ore[lit=true] on [world;-239;9;783]
[23:46:54][BlockBreakEvent]: breaked minecraft:stone on [world;-239;9;784]
[23:46:55][BlockBreakEvent]: breaked minecraft:stone on [world;-239;10;784]
[23:46:57][BlockBreakEvent]: breaked minecraft:iron_ore on [world;-240;10;784]
[23:46:58][BlockBreakEvent]: breaked minecraft:iron_ore on [world;-240;9;784]
[23:46:59][BlockBreakEvent]: breaked minecraft:iron_ore on [world;-240;10;785]
[23:46:59][BlockBreakEvent]: breaked minecraft:iron_ore on [world;-240;9;785]
[23:47:00][BlockBreakEvent]: breaked minecraft:iron_ore on [world;-241;10;785]
[23:47:01][BlockBreakEvent]: breaked minecraft:iron_ore on [world;-241;10;784]
[23:47:05][BlockBreakEvent]: breaked minecraft:stone on [world;-241;11;783]
[23:47:05][BlockBreakEvent]: breaked minecraft:stone on [world;-241;12;783]
[23:47:06][BlockBreakEvent]: breaked minecraft:stone on [world;-241;12;784]
[23:47:06][BlockBreakEvent]: breaked minecraft:stone on [world;-241;11;784]
[23:47:07][BlockBreakEvent]: breaked minecraft:stone on [world;-241;11;785]
[23:47:08][BlockBreakEvent]: breaked minecraft:stone on [world;-241;11;786]
[23:47:09][BlockBreakEvent]: breaked minecraft:stone on [world;-241;12;785]
[23:47:10][BlockBreakEvent]: breaked minecraft:stone on [world;-241;12;786]
[23:47:10][BlockBreakEvent]: breaked minecraft:granite on [world;-241;12;787]
[23:47:11][BlockBreakEvent]: breaked minecraft:stone on [world;-241;11;787]
[23:47:12][BlockBreakEvent]: breaked minecraft:stone on [world;-241;11;788]
[23:47:12][BlockBreakEvent]: breaked minecraft:stone on [world;-241;11;789]
[23:47:13][BlockBreakEvent]: breaked minecraft:granite on [world;-241;12;788]
[23:47:13][BlockBreakEvent]: breaked minecraft:granite on [world;-241;12;789]
[23:47:14][BlockBreakEvent]: breaked minecraft:granite on [world;-241;12;790]
[23:47:15][BlockBreakEvent]: breaked minecraft:stone on [world;-241;11;790]
[23:47:16][BlockBreakEvent]: breaked minecraft:stone on [world;-241;12;791]
[23:47:16][BlockBreakEvent]: breaked minecraft:stone on [world;-241;11;791]
[23:47:17][BlockBreakEvent]: breaked minecraft:redstone_ore[lit=true] on [world;-241;11;792]
[23:47:18][BlockBreakEvent]: breaked minecraft:stone on [world;-241;12;792]
[23:47:19][BlockBreakEvent]: breaked minecraft:redstone_ore[lit=true] on [world;-241;11;793]
[23:47:20][BlockBreakEvent]: breaked minecraft:stone on [world;-241;12;793]
[23:47:21][BlockBreakEvent]: breaked minecraft:stone on [world;-241;12;794]
[23:47:21][BlockBreakEvent]: breaked minecraft:stone on [world;-241;11;794]
[23:47:22][BlockBreakEvent]: breaked minecraft:stone on [world;-241;11;795]
[23:47:23][BlockBreakEvent]: breaked minecraft:stone on [world;-241;12;795]
[23:47:23][BlockBreakEvent]: breaked minecraft:stone on [world;-241;12;796]
[23:47:24][BlockBreakEvent]: breaked minecraft:stone on [world;-241;11;796]
[23:47:24][BlockBreakEvent]: breaked minecraft:stone on [world;-241;12;797]
[23:47:25][BlockBreakEvent]: breaked minecraft:stone on [world;-241;11;797]
[23:47:28][BlockBreakEvent]: breaked minecraft:dirt on [world;-241;11;798]
[23:47:29][BlockBreakEvent]: breaked minecraft:dirt on [world;-241;11;799]
[23:47:31][BlockBreakEvent]: breaked minecraft:stone on [world;-241;12;798]
[23:47:31][BlockBreakEvent]: breaked minecraft:stone on [world;-241;12;799]
[23:47:32][BlockBreakEvent]: breaked minecraft:stone on [world;-241;12;800]
[23:47:33][BlockBreakEvent]: breaked minecraft:stone on [world;-241;12;801]
[23:47:34][BlockBreakEvent]: breaked minecraft:stone on [world;-242;12;799]
[23:47:34][BlockBreakEvent]: breaked minecraft:stone on [world;-242;12;798]
[23:47:36][BlockBreakEvent]: breaked minecraft:stone on [world;-242;12;793]
[23:47:37][BlockBreakEvent]: breaked minecraft:redstone_ore[lit=true] on [world;-242;12;792]
[23:47:38][BlockBreakEvent]: breaked minecraft:redstone_ore[lit=true] on [world;-242;11;792]
[23:47:39][BlockBreakEvent]: breaked minecraft:redstone_ore[lit=true] on [world;-242;11;793]
[23:47:39][BlockBreakEvent]: breaked minecraft:stone on [world;-243;11;793]
[23:47:40][BlockBreakEvent]: breaked minecraft:stone on [world;-243;12;793]
[23:47:41][BlockBreakEvent]: breaked minecraft:stone on [world;-244;12;793]
[23:47:41][BlockBreakEvent]: breaked minecraft:stone on [world;-244;11;793]
[23:47:42][BlockBreakEvent]: breaked minecraft:stone on [world;-245;12;793]
[23:47:43][BlockBreakEvent]: breaked minecraft:stone on [world;-245;11;793]
[23:47:44][BlockBreakEvent]: breaked minecraft:stone on [world;-246;12;793]
[23:47:44][BlockBreakEvent]: breaked minecraft:stone on [world;-246;11;793]
[23:47:45][BlockBreakEvent]: breaked minecraft:stone on [world;-247;11;793]
[23:47:45][BlockBreakEvent]: breaked minecraft:stone on [world;-247;12;793]
[23:47:46][BlockBreakEvent]: breaked minecraft:stone on [world;-248;12;793]
[23:47:47][BlockBreakEvent]: breaked minecraft:stone on [world;-248;11;793]
[23:47:47][BlockBreakEvent]: breaked minecraft:stone on [world;-249;12;793]
[23:47:48][BlockBreakEvent]: breaked minecraft:stone on [world;-249;11;793]
[23:47:49][BlockBreakEvent]: breaked minecraft:stone on [world;-250;12;793]
[23:47:49][BlockBreakEvent]: breaked minecraft:stone on [world;-250;11;793]
[23:47:50][BlockBreakEvent]: breaked minecraft:stone on [world;-251;11;793]
[23:47:50][BlockBreakEvent]: breaked minecraft:stone on [world;-251;12;793]
[23:47:51][BlockBreakEvent]: breaked minecraft:stone on [world;-252;12;793]
[23:47:52][BlockBreakEvent]: breaked minecraft:stone on [world;-252;11;793]
[23:47:52][BlockBreakEvent]: breaked minecraft:stone on [world;-253;11;793]
[23:47:53][BlockBreakEvent]: breaked minecraft:stone on [world;-254;11;793]
[23:47:53][BlockBreakEvent]: breaked minecraft:stone on [world;-253;12;793]
[23:47:54][BlockBreakEvent]: breaked minecraft:stone on [world;-254;12;793]
[23:47:55][BlockBreakEvent]: breaked minecraft:stone on [world;-255;12;793]
[23:47:55][BlockBreakEvent]: breaked minecraft:stone on [world;-255;11;793]
[23:47:58][BlockBreakEvent]: breaked minecraft:stone on [world;-256;12;793]
[23:47:59][BlockBreakEvent]: breaked minecraft:stone on [world;-257;12;793]
[23:48:00][BlockBreakEvent]: breaked minecraft:stone on [world;-256;13;793]
[23:48:01][BlockBreakEvent]: breaked minecraft:stone on [world;-257;13;793]
[23:48:02][BlockBreakEvent]: breaked minecraft:stone on [world;-255;13;793]
[23:48:03][BlockBreakEvent]: breaked minecraft:stone on [world;-258;13;793]
[23:48:04][BlockBreakEvent]: breaked minecraft:stone on [world;-258;12;793]
[23:48:05][BlockBreakEvent]: breaked minecraft:stone on [world;-259;13;793]
[23:48:06][BlockBreakEvent]: breaked minecraft:stone on [world;-259;12;793]
[23:48:06][BlockBreakEvent]: breaked minecraft:stone on [world;-260;13;793]
[23:48:07][BlockBreakEvent]: breaked minecraft:stone on [world;-260;12;793]
[23:48:07][BlockBreakEvent]: breaked minecraft:stone on [world;-261;13;793]
[23:48:08][BlockBreakEvent]: breaked minecraft:stone on [world;-261;12;793]
[23:48:09][BlockBreakEvent]: breaked minecraft:stone on [world;-262;13;793]
[23:48:09][BlockBreakEvent]: breaked minecraft:stone on [world;-262;12;793]
[23:48:10][BlockBreakEvent]: breaked minecraft:stone on [world;-263;12;793]
[23:48:10][BlockBreakEvent]: breaked minecraft:stone on [world;-263;13;793]
[23:48:11][BlockBreakEvent]: breaked minecraft:stone on [world;-264;12;793]
[23:48:12][BlockBreakEvent]: breaked minecraft:stone on [world;-265;12;793]
[23:48:12][BlockBreakEvent]: breaked minecraft:stone on [world;-264;13;793]
[23:48:13][BlockBreakEvent]: breaked minecraft:stone on [world;-265;13;793]
[23:48:13][BlockBreakEvent]: breaked minecraft:stone on [world;-266;12;793]
[23:48:17][BlockBreakEvent]: breaked minecraft:stone on [world;-266;13;793]
[23:48:17][BlockBreakEvent]: breaked minecraft:stone on [world;-267;13;793]
[23:48:18][BlockBreakEvent]: breaked minecraft:stone on [world;-267;12;793]
[23:48:19][BlockBreakEvent]: breaked minecraft:stone on [world;-268;13;793]
[23:48:19][BlockBreakEvent]: breaked minecraft:stone on [world;-268;12;793]
[23:48:20][BlockBreakEvent]: breaked minecraft:stone on [world;-267;12;794]
[23:48:21][BlockBreakEvent]: breaked minecraft:stone on [world;-269;13;793]
[23:48:21][BlockBreakEvent]: breaked minecraft:stone on [world;-269;12;793]
[23:48:22][BlockBreakEvent]: breaked minecraft:granite on [world;-270;12;793]
[23:48:23][BlockBreakEvent]: breaked minecraft:stone on [world;-269;13;794]
[23:48:24][BlockBreakEvent]: breaked minecraft:stone on [world;-269;12;794]
[23:48:25][BlockBreakEvent]: breaked minecraft:stone on [world;-269;13;795]
[23:48:25][BlockBreakEvent]: breaked minecraft:stone on [world;-269;12;795]
[23:48:26][BlockBreakEvent]: breaked minecraft:stone on [world;-269;12;796]
[23:48:27][BlockBreakEvent]: breaked minecraft:stone on [world;-269;13;796]
[23:48:27][BlockBreakEvent]: breaked minecraft:stone on [world;-269;13;797]
[23:48:28][BlockBreakEvent]: breaked minecraft:stone on [world;-269;12;797]
[23:48:29][BlockBreakEvent]: breaked minecraft:stone on [world;-269;12;798]
[23:48:30][BlockBreakEvent]: breaked minecraft:stone on [world;-269;13;798]
[23:48:30][BlockBreakEvent]: breaked minecraft:stone on [world;-269;12;799]
[23:48:31][BlockBreakEvent]: breaked minecraft:stone on [world;-269;13;799]
[23:48:31][BlockBreakEvent]: breaked minecraft:stone on [world;-269;12;800]
[23:48:32][BlockBreakEvent]: breaked minecraft:stone on [world;-269;13;800]
[23:48:33][BlockBreakEvent]: breaked minecraft:stone on [world;-269;13;801]
[23:48:33][BlockBreakEvent]: breaked minecraft:stone on [world;-269;12;801]
[23:48:34][BlockBreakEvent]: breaked minecraft:stone on [world;-269;12;802]
[23:48:35][BlockBreakEvent]: breaked minecraft:stone on [world;-269;13;802]
[23:48:35][BlockBreakEvent]: breaked minecraft:stone on [world;-269;12;803]
[23:48:36][BlockBreakEvent]: breaked minecraft:stone on [world;-269;13;803]
[23:48:37][BlockBreakEvent]: breaked minecraft:stone on [world;-269;13;804]
[23:48:37][BlockBreakEvent]: breaked minecraft:stone on [world;-269;12;804]
[23:48:38][BlockBreakEvent]: breaked minecraft:stone on [world;-269;12;805]
[23:48:38][BlockBreakEvent]: breaked minecraft:stone on [world;-269;13;805]
[23:48:40][BlockBreakEvent]: breaked minecraft:stone on [world;-269;12;807]
[23:48:41][BlockBreakEvent]: breaked minecraft:stone on [world;-269;13;807]
[23:48:43][BlockBreakEvent]: breaked minecraft:stone on [world;-269;13;808]
[23:48:43][BlockBreakEvent]: breaked minecraft:stone on [world;-269;12;808]
[23:48:44][BlockBreakEvent]: breaked minecraft:stone on [world;-269;12;809]
[23:48:44][BlockBreakEvent]: breaked minecraft:stone on [world;-269;12;810]
[23:48:45][BlockBreakEvent]: breaked minecraft:stone on [world;-269;13;809]
[23:48:46][BlockBreakEvent]: breaked minecraft:stone on [world;-269;12;811]
[23:48:46][BlockBreakEvent]: breaked minecraft:stone on [world;-269;13;810]
[23:48:47][BlockBreakEvent]: breaked minecraft:stone on [world;-269;13;811]
[23:48:48][BlockBreakEvent]: breaked minecraft:stone on [world;-269;13;812]
[23:48:48][BlockBreakEvent]: breaked minecraft:stone on [world;-269;12;812]
[23:48:49][BlockBreakEvent]: breaked minecraft:stone on [world;-270;13;812]
[23:48:50][BlockBreakEvent]: breaked minecraft:stone on [world;-270;12;812]
[23:48:50][BlockBreakEvent]: breaked minecraft:stone on [world;-271;12;812]
[23:48:51][BlockBreakEvent]: breaked minecraft:stone on [world;-270;13;813]
[23:48:52][BlockBreakEvent]: breaked minecraft:stone on [world;-270;12;813]
[23:48:52][BlockBreakEvent]: breaked minecraft:stone on [world;-271;13;813]
[23:48:53][BlockBreakEvent]: breaked minecraft:stone on [world;-271;12;813]
[23:48:54][BlockBreakEvent]: breaked minecraft:stone on [world;-271;13;814]
[23:48:54][BlockBreakEvent]: breaked minecraft:stone on [world;-271;12;814]
[23:48:55][BlockBreakEvent]: breaked minecraft:stone on [world;-272;13;814]
[23:48:56][BlockBreakEvent]: breaked minecraft:andesite on [world;-273;13;814]
[23:48:56][BlockBreakEvent]: breaked minecraft:andesite on [world;-272;12;814]
[23:48:57][BlockBreakEvent]: breaked minecraft:andesite on [world;-273;12;814]
[23:48:58][BlockBreakEvent]: breaked minecraft:stone on [world;-274;13;814]
[23:48:58][BlockBreakEvent]: breaked minecraft:andesite on [world;-274;12;814]
[23:48:59][BlockBreakEvent]: breaked minecraft:stone on [world;-275;12;814]
[23:49:00][BlockBreakEvent]: breaked minecraft:stone on [world;-275;13;814]
[23:50:20][BlockBreakEvent]: breaked minecraft:stone on [world;-439;10;833]
[23:50:20][BlockBreakEvent]: breaked minecraft:stone on [world;-439;11;833]
[23:50:21][BlockBreakEvent]: breaked minecraft:diorite on [world;-439;10;832]
[23:50:21][BlockBreakEvent]: breaked minecraft:stone on [world;-439;11;832]
[23:51:02][BlockBreakEvent]: breaked minecraft:stone on [world;-368;12;907]
[23:51:03][BlockBreakEvent]: breaked minecraft:stone on [world;-368;11;907]
[23:51:04][BlockBreakEvent]: breaked minecraft:stone on [world;-368;12;906]
[23:51:04][BlockBreakEvent]: breaked minecraft:stone on [world;-368;11;906]
[23:51:05][BlockBreakEvent]: breaked minecraft:stone on [world;-368;11;905]
[23:51:05][BlockBreakEvent]: breaked minecraft:stone on [world;-368;12;905]
[23:51:06][BlockBreakEvent]: breaked minecraft:stone on [world;-368;11;904]
[23:51:08][BlockBreakEvent]: breaked minecraft:stone on [world;-368;12;904]
[23:51:08][BlockBreakEvent]: breaked minecraft:stone on [world;-368;11;903]
[23:51:09][BlockBreakEvent]: breaked minecraft:stone on [world;-368;12;903]
[23:51:10][BlockBreakEvent]: breaked minecraft:stone on [world;-368;12;902]
[23:51:11][BlockBreakEvent]: breaked minecraft:stone on [world;-368;11;902]
[23:51:11][BlockBreakEvent]: breaked minecraft:stone on [world;-368;11;901]
[23:51:12][BlockBreakEvent]: breaked minecraft:stone on [world;-368;12;901]
[23:51:12][BlockBreakEvent]: breaked minecraft:stone on [world;-368;12;900]
[23:51:13][BlockBreakEvent]: breaked minecraft:stone on [world;-368;11;900]
[23:51:14][BlockBreakEvent]: breaked minecraft:stone on [world;-368;11;899]
[23:51:14][BlockBreakEvent]: breaked minecraft:stone on [world;-368;12;899]
[23:51:15][BlockBreakEvent]: breaked minecraft:stone on [world;-368;11;898]
[23:51:16][BlockBreakEvent]: breaked minecraft:stone on [world;-368;11;897]
[23:51:17][BlockBreakEvent]: breaked minecraft:stone on [world;-368;12;898]
[23:51:17][BlockBreakEvent]: breaked minecraft:stone on [world;-368;11;896]
[23:51:18][BlockBreakEvent]: breaked minecraft:stone on [world;-368;12;897]
[23:51:19][BlockBreakEvent]: breaked minecraft:stone on [world;-368;12;896]
[23:51:20][BlockBreakEvent]: breaked minecraft:stone on [world;-368;12;895]
[23:51:20][BlockBreakEvent]: breaked minecraft:stone on [world;-368;11;895]
[23:51:21][BlockBreakEvent]: breaked minecraft:stone on [world;-368;12;894]
[23:51:21][BlockBreakEvent]: breaked minecraft:stone on [world;-368;11;894]
[23:51:22][BlockBreakEvent]: breaked minecraft:stone on [world;-368;11;893]
[23:51:23][BlockBreakEvent]: breaked minecraft:stone on [world;-368;12;893]
[23:51:23][BlockBreakEvent]: breaked minecraft:stone on [world;-368;11;892]
[23:51:24][BlockBreakEvent]: breaked minecraft:andesite on [world;-368;12;892]
[23:51:25][BlockBreakEvent]: breaked minecraft:iron_ore on [world;-369;12;893]
[23:51:26][BlockBreakEvent]: breaked minecraft:redstone_ore[lit=true] on [world;-369;12;892]
[23:51:26][BlockBreakEvent]: breaked minecraft:andesite on [world;-369;11;892]
[23:51:27][BlockBreakEvent]: breaked minecraft:stone on [world;-369;11;893]
[23:51:28][BlockBreakEvent]: breaked minecraft:redstone_ore[lit=true] on [world;-370;12;893]
[23:51:30][BlockBreakEvent]: breaked minecraft:iron_ore on [world;-369;13;893]
[23:51:31][BlockBreakEvent]: breaked minecraft:iron_ore on [world;-370;13;893]
[23:51:32][BlockBreakEvent]: breaked minecraft:redstone_ore[lit=true] on [world;-370;12;892]
[23:51:33][BlockBreakEvent]: breaked minecraft:redstone_ore[lit=true] on [world;-370;11;893]
[23:51:34][BlockBreakEvent]: breaked minecraft:andesite on [world;-369;11;891]
[23:51:34][BlockBreakEvent]: breaked minecraft:andesite on [world;-369;12;891]
[23:51:35][BlockBreakEvent]: breaked minecraft:andesite on [world;-369;12;890]
[23:51:35][BlockBreakEvent]: breaked minecraft:granite on [world;-369;11;890]
[23:51:36][BlockBreakEvent]: breaked minecraft:granite on [world;-369;12;889]
[23:51:37][BlockBreakEvent]: breaked minecraft:granite on [world;-369;11;889]
[23:51:37][BlockBreakEvent]: breaked minecraft:granite on [world;-369;11;888]
[23:51:38][BlockBreakEvent]: breaked minecraft:granite on [world;-369;12;888]
[23:51:39][BlockBreakEvent]: breaked minecraft:andesite on [world;-369;12;887]
[23:51:39][BlockBreakEvent]: breaked minecraft:andesite on [world;-369;11;887]
[23:51:40][BlockBreakEvent]: breaked minecraft:andesite on [world;-369;12;886]
[23:51:40][BlockBreakEvent]: breaked minecraft:andesite on [world;-369;11;886]
[23:51:41][BlockBreakEvent]: breaked minecraft:andesite on [world;-369;11;885]
[23:51:42][BlockBreakEvent]: breaked minecraft:andesite on [world;-369;12;885]
[23:51:42][BlockBreakEvent]: breaked minecraft:andesite on [world;-369;12;884]
[23:51:43][BlockBreakEvent]: breaked minecraft:stone on [world;-369;11;884]
[23:51:44][BlockBreakEvent]: breaked minecraft:stone on [world;-369;12;883]
[23:51:45][BlockBreakEvent]: breaked minecraft:stone on [world;-369;11;883]
[23:51:45][BlockBreakEvent]: breaked minecraft:stone on [world;-369;12;882]
[23:51:46][BlockBreakEvent]: breaked minecraft:stone on [world;-369;11;882]
[23:51:46][BlockBreakEvent]: breaked minecraft:stone on [world;-369;12;881]
[23:51:47][BlockBreakEvent]: breaked minecraft:stone on [world;-369;11;881]
[23:51:48][BlockBreakEvent]: breaked minecraft:stone on [world;-369;11;880]
[23:51:48][BlockBreakEvent]: breaked minecraft:stone on [world;-369;12;880]
[23:51:49][BlockBreakEvent]: breaked minecraft:stone on [world;-369;11;879]
[23:51:50][BlockBreakEvent]: breaked minecraft:stone on [world;-369;12;879]
[23:51:50][BlockBreakEvent]: breaked minecraft:stone on [world;-369;12;878]
[23:51:51][BlockBreakEvent]: breaked minecraft:stone on [world;-369;11;878]
[23:51:52][BlockBreakEvent]: breaked minecraft:stone on [world;-369;12;877]
[23:51:52][BlockBreakEvent]: breaked minecraft:stone on [world;-369;11;877]
[23:51:53][BlockBreakEvent]: breaked minecraft:stone on [world;-369;11;876]
[23:51:53][BlockBreakEvent]: breaked minecraft:stone on [world;-369;12;876]
[23:51:54][BlockBreakEvent]: breaked minecraft:stone on [world;-369;11;875]
[23:51:55][BlockBreakEvent]: breaked minecraft:stone on [world;-369;12;875]
[23:51:55][BlockBreakEvent]: breaked minecraft:stone on [world;-369;12;874]
[23:51:56][BlockBreakEvent]: breaked minecraft:stone on [world;-369;11;874]
[23:51:57][BlockBreakEvent]: breaked minecraft:stone on [world;-369;11;873]
[23:51:57][BlockBreakEvent]: breaked minecraft:stone on [world;-369;11;872]
[23:51:58][BlockBreakEvent]: breaked minecraft:stone on [world;-369;12;873]
[23:51:59][BlockBreakEvent]: breaked minecraft:stone on [world;-369;12;872]
[23:51:59][BlockBreakEvent]: breaked minecraft:stone on [world;-369;12;871]
[23:52:00][BlockBreakEvent]: breaked minecraft:stone on [world;-369;11;871]
[23:52:01][BlockBreakEvent]: breaked minecraft:stone on [world;-369;12;870]
[23:52:01][BlockBreakEvent]: breaked minecraft:stone on [world;-369;11;870]
[23:52:02][BlockBreakEvent]: breaked minecraft:stone on [world;-369;11;869]
[23:52:03][BlockBreakEvent]: breaked minecraft:stone on [world;-370;12;870]
[23:52:04][BlockBreakEvent]: breaked minecraft:lapis_ore on [world;-370;11;870]
[23:52:06][BlockBreakEvent]: breaked minecraft:stone on [world;-370;12;869]
[23:52:07][BlockBreakEvent]: breaked minecraft:stone on [world;-370;12;868]
[23:52:08][BlockBreakEvent]: breaked minecraft:stone on [world;-370;13;869]
[23:52:08][BlockBreakEvent]: breaked minecraft:stone on [world;-370;13;870]
[23:52:09][BlockBreakEvent]: breaked minecraft:stone on [world;-370;13;868]
[23:52:10][BlockBreakEvent]: breaked minecraft:stone on [world;-369;13;869]
[23:52:11][BlockBreakEvent]: breaked minecraft:stone on [world;-368;13;869]
[23:52:11][BlockBreakEvent]: breaked minecraft:stone on [world;-369;14;869]
[23:52:12][BlockBreakEvent]: breaked minecraft:stone on [world;-370;14;869]
[23:52:13][BlockBreakEvent]: breaked minecraft:stone on [world;-368;14;869]
[23:52:15][BlockBreakEvent]: breaked minecraft:stone on [world;-369;14;868]
[23:52:15][BlockBreakEvent]: breaked minecraft:stone on [world;-368;14;868]
[23:52:16][BlockBreakEvent]: breaked minecraft:stone on [world;-368;13;868]
[23:52:18][BlockBreakEvent]: breaked minecraft:stone on [world;-368;14;867]
[23:52:19][BlockBreakEvent]: breaked minecraft:stone on [world;-368;13;867]
[23:52:20][BlockBreakEvent]: breaked minecraft:stone on [world;-368;12;867]
[23:52:20][BlockBreakEvent]: breaked minecraft:stone on [world;-369;13;867]
[23:52:21][BlockBreakEvent]: breaked minecraft:stone on [world;-369;14;867]
[23:52:36][BlockBreakEvent]: breaked minecraft:lapis_ore on [world;-370;11;869]
[23:52:37][BlockBreakEvent]: breaked minecraft:lapis_ore on [world;-371;12;870]
[23:52:38][BlockBreakEvent]: breaked minecraft:lapis_ore on [world;-371;11;870]
[23:52:43][BlockBreakEvent]: breaked minecraft:lapis_ore on [world;-370;10;869]
[23:52:44][BlockBreakEvent]: breaked minecraft:lapis_ore on [world;-371;11;869]
[23:53:02][BlockBreakEvent]: breaked minecraft:stone on [world;-370;11;868]
[23:53:03][BlockBreakEvent]: breaked minecraft:stone on [world;-370;10;868]
[23:53:03][BlockBreakEvent]: breaked minecraft:stone on [world;-370;11;867]
[23:53:05][BlockBreakEvent]: breaked minecraft:stone on [world;-369;11;868]
[23:53:06][BlockBreakEvent]: breaked minecraft:stone on [world;-368;11;868]
[23:53:07][BlockBreakEvent]: breaked minecraft:stone on [world;-367;11;868]
[23:53:08][BlockBreakEvent]: breaked minecraft:stone on [world;-368;11;870]
[23:53:09][BlockBreakEvent]: breaked minecraft:stone on [world;-368;12;870]
[23:53:10][BlockBreakEvent]: breaked minecraft:stone on [world;-367;12;870]
[23:53:11][BlockBreakEvent]: breaked minecraft:stone on [world;-368;13;870]
[23:53:11][BlockBreakEvent]: breaked minecraft:stone on [world;-367;13;870]
[23:53:12][BlockBreakEvent]: breaked minecraft:stone on [world;-367;13;869]
[23:53:13][BlockBreakEvent]: breaked minecraft:stone on [world;-367;12;869]
[23:53:14][BlockBreakEvent]: breaked minecraft:stone on [world;-367;13;868]
[23:53:14][BlockBreakEvent]: breaked minecraft:stone on [world;-367;12;868]
[23:53:15][BlockBreakEvent]: breaked minecraft:stone on [world;-367;12;867]
[23:53:16][BlockBreakEvent]: breaked minecraft:stone on [world;-367;11;869]
[23:53:17][BlockBreakEvent]: breaked minecraft:stone on [world;-367;11;870]
[23:53:20][BlockBreakEvent]: breaked minecraft:stone on [world;-371;12;869]
[23:53:20][BlockBreakEvent]: breaked minecraft:stone on [world;-371;12;868]
[23:53:21][BlockBreakEvent]: breaked minecraft:stone on [world;-371;11;868]
[23:53:22][BlockBreakEvent]: breaked minecraft:stone on [world;-371;11;867]
[23:53:22][BlockBreakEvent]: breaked minecraft:stone on [world;-371;12;867]
[23:53:23][BlockBreakEvent]: breaked minecraft:stone on [world;-370;12;867]
[23:53:23][BlockBreakEvent]: breaked minecraft:stone on [world;-369;12;867]
[23:53:24][BlockBreakEvent]: breaked minecraft:stone on [world;-369;11;867]
[23:53:25][BlockBreakEvent]: breaked minecraft:stone on [world;-368;11;867]
[23:53:25][BlockBreakEvent]: breaked minecraft:stone on [world;-367;11;867]
[23:53:27][BlockBreakEvent]: breaked minecraft:stone on [world;-368;12;871]
[23:53:28][BlockBreakEvent]: breaked minecraft:stone on [world;-368;13;871]
[23:53:29][BlockBreakEvent]: breaked minecraft:stone on [world;-367;13;871]
[23:53:37][BlockBreakEvent]: breaked minecraft:stone on [world;-370;12;866]
[23:53:38][BlockBreakEvent]: breaked minecraft:stone on [world;-370;11;866]
[23:53:38][BlockBreakEvent]: breaked minecraft:stone on [world;-370;11;865]
[23:53:39][BlockBreakEvent]: breaked minecraft:stone on [world;-370;12;865]
[23:53:39][BlockBreakEvent]: breaked minecraft:stone on [world;-370;12;864]
[23:53:40][BlockBreakEvent]: breaked minecraft:stone on [world;-370;11;864]
[23:53:41][BlockBreakEvent]: breaked minecraft:stone on [world;-370;12;863]
[23:53:41][BlockBreakEvent]: breaked minecraft:stone on [world;-370;11;863]
[23:53:42][BlockBreakEvent]: breaked minecraft:stone on [world;-370;12;862]
[23:53:43][BlockBreakEvent]: breaked minecraft:stone on [world;-370;11;862]
[23:53:43][BlockBreakEvent]: breaked minecraft:stone on [world;-370;11;861]
[23:53:44][BlockBreakEvent]: breaked minecraft:stone on [world;-370;12;861]
[23:53:45][BlockBreakEvent]: breaked minecraft:stone on [world;-370;12;860]
[23:53:45][BlockBreakEvent]: breaked minecraft:stone on [world;-370;11;860]
[23:53:46][BlockBreakEvent]: breaked minecraft:stone on [world;-370;12;859]
[23:53:46][BlockBreakEvent]: breaked minecraft:stone on [world;-370;11;859]
[23:53:47][BlockBreakEvent]: breaked minecraft:stone on [world;-370;11;858]
[23:53:48][BlockBreakEvent]: breaked minecraft:stone on [world;-370;12;858]
[23:53:48][BlockBreakEvent]: breaked minecraft:stone on [world;-370;12;857]
[23:53:49][BlockBreakEvent]: breaked minecraft:stone on [world;-370;11;857]
[23:53:50][BlockBreakEvent]: breaked minecraft:stone on [world;-370;12;856]
[23:53:50][BlockBreakEvent]: breaked minecraft:stone on [world;-370;12;855]
[23:53:51][BlockBreakEvent]: breaked minecraft:stone on [world;-370;11;855]
[23:53:56][BlockBreakEvent]: breaked minecraft:stone on [world;-370;11;854]
[23:53:56][BlockBreakEvent]: breaked minecraft:stone on [world;-370;11;856]
[23:53:57][BlockBreakEvent]: breaked minecraft:stone on [world;-370;12;854]
[23:53:58][BlockBreakEvent]: breaked minecraft:stone on [world;-370;12;853]
[23:53:58][BlockBreakEvent]: breaked minecraft:stone on [world;-370;11;853]
[23:53:59][BlockBreakEvent]: breaked minecraft:stone on [world;-370;12;852]
[23:53:59][BlockBreakEvent]: breaked minecraft:stone on [world;-370;11;852]
[23:54:00][BlockBreakEvent]: breaked minecraft:stone on [world;-370;11;851]
[23:54:01][BlockBreakEvent]: breaked minecraft:stone on [world;-370;12;851]
[23:54:01][BlockBreakEvent]: breaked minecraft:stone on [world;-370;11;850]
[23:54:02][BlockBreakEvent]: breaked minecraft:stone on [world;-370;12;850]
[23:54:03][BlockBreakEvent]: breaked minecraft:stone on [world;-370;12;849]
[23:54:03][BlockBreakEvent]: breaked minecraft:stone on [world;-370;11;849]
[23:54:04][BlockBreakEvent]: breaked minecraft:stone on [world;-370;11;848]
[23:54:04][BlockBreakEvent]: breaked minecraft:stone on [world;-370;12;848]
[23:54:05][BlockBreakEvent]: breaked minecraft:stone on [world;-370;12;847]
[23:54:06][BlockBreakEvent]: breaked minecraft:stone on [world;-370;11;847]
[23:54:06][BlockBreakEvent]: breaked minecraft:stone on [world;-370;11;846]
[23:54:07][BlockBreakEvent]: breaked minecraft:stone on [world;-370;12;846]
[23:54:08][BlockBreakEvent]: breaked minecraft:stone on [world;-370;11;845]
[23:54:08][BlockBreakEvent]: breaked minecraft:stone on [world;-370;12;845]
[23:54:09][BlockBreakEvent]: breaked minecraft:stone on [world;-370;12;844]
[23:54:10][BlockBreakEvent]: breaked minecraft:stone on [world;-370;11;844]
[23:54:10][BlockBreakEvent]: breaked minecraft:stone on [world;-370;12;843]
[23:54:11][BlockBreakEvent]: breaked minecraft:stone on [world;-370;11;843]
[23:54:12][BlockBreakEvent]: breaked minecraft:stone on [world;-370;11;842]
[23:54:12][BlockBreakEvent]: breaked minecraft:stone on [world;-370;12;842]
[23:54:13][BlockBreakEvent]: breaked minecraft:stone on [world;-370;12;841]
[23:54:15][BlockBreakEvent]: breaked minecraft:stone on [world;-371;12;842]
[23:54:15][BlockBreakEvent]: breaked minecraft:stone on [world;-371;11;842]
[23:54:16][BlockBreakEvent]: breaked minecraft:stone on [world;-371;12;841]
[23:54:16][BlockBreakEvent]: breaked minecraft:stone on [world;-371;11;841]
[23:54:17][BlockBreakEvent]: breaked minecraft:stone on [world;-370;11;841]
[23:54:18][BlockBreakEvent]: breaked minecraft:stone on [world;-370;12;840]
[23:54:18][BlockBreakEvent]: breaked minecraft:stone on [world;-370;11;840]
[23:54:19][BlockBreakEvent]: breaked minecraft:stone on [world;-370;11;839]
[23:54:19][BlockBreakEvent]: breaked minecraft:stone on [world;-370;12;839]
[23:54:20][BlockBreakEvent]: breaked minecraft:stone on [world;-370;12;838]
[23:54:21][BlockBreakEvent]: breaked minecraft:stone on [world;-370;11;838]
[23:54:21][BlockBreakEvent]: breaked minecraft:stone on [world;-370;11;837]
[23:54:22][BlockBreakEvent]: breaked minecraft:stone on [world;-370;12;837]
[23:54:23][BlockBreakEvent]: breaked minecraft:stone on [world;-370;12;836]
[23:54:23][BlockBreakEvent]: breaked minecraft:stone on [world;-370;11;836]
[23:54:24][BlockBreakEvent]: breaked minecraft:stone on [world;-370;11;835]
[23:54:24][BlockBreakEvent]: breaked minecraft:stone on [world;-370;12;835]
[23:54:25][BlockBreakEvent]: breaked minecraft:stone on [world;-370;12;834]
[23:54:26][BlockBreakEvent]: breaked minecraft:stone on [world;-370;11;834]
[23:54:26][BlockBreakEvent]: breaked minecraft:stone on [world;-370;12;833]
[23:54:27][BlockBreakEvent]: breaked minecraft:stone on [world;-370;11;833]
[23:54:28][BlockBreakEvent]: breaked minecraft:stone on [world;-370;12;832]
[23:54:28][BlockBreakEvent]: breaked minecraft:stone on [world;-370;11;832]
[23:54:29][BlockBreakEvent]: breaked minecraft:stone on [world;-370;12;831]
[23:54:30][BlockBreakEvent]: breaked minecraft:stone on [world;-370;11;831]
[23:54:30][BlockBreakEvent]: breaked minecraft:stone on [world;-370;11;830]
[23:54:31][BlockBreakEvent]: breaked minecraft:stone on [world;-370;12;830]
[23:54:32][BlockBreakEvent]: breaked minecraft:stone on [world;-370;12;829]
[23:54:32][BlockBreakEvent]: breaked minecraft:stone on [world;-370;11;829]
[23:55:11][BlockBreakEvent]: breaked minecraft:stone on [world;-370;14;868]
[23:55:12][BlockBreakEvent]: breaked minecraft:stone on [world;-370;15;868]
[23:55:13][BlockBreakEvent]: breaked minecraft:stone on [world;-370;16;868]
[23:55:16][BlockPlaceEvent]: placed minecraft:cobblestone on [world;-370;10;868]
[23:55:17][BlockPlaceEvent]: placed minecraft:cobblestone on [world;-370;11;868]
[23:55:17][BlockPlaceEvent]: placed minecraft:cobblestone on [world;-370;12;868]
[23:55:18][BlockPlaceEvent]: placed minecraft:cobblestone on [world;-370;13;868]
[23:55:18][BlockPlaceEvent]: placed minecraft:cobblestone on [world;-370;14;868]
[23:55:25][BlockBreakEvent]: breaked minecraft:cobblestone on [world;-370;14;868]
[23:55:25][BlockBreakEvent]: breaked minecraft:cobblestone on [world;-370;13;868]
[23:55:26][BlockBreakEvent]: breaked minecraft:cobblestone on [world;-370;12;868]
[23:55:27][BlockBreakEvent]: breaked minecraft:cobblestone on [world;-370;11;868]
[23:55:31][BlockBreakEvent]: breaked minecraft:stone on [world;-370;17;868]
[23:55:56][BlockBreakEvent]: breaked minecraft:redstone_ore[lit=true] on [world;-366;12;870]
[23:55:57][BlockBreakEvent]: breaked minecraft:redstone_ore[lit=true] on [world;-366;13;870]
[23:56:10][BlockBreakEvent]: breaked minecraft:redstone_ore[lit=true] on [world;-366;12;871]
[23:56:11][BlockBreakEvent]: breaked minecraft:redstone_ore[lit=true] on [world;-366;13;871]
[23:56:13][BlockBreakEvent]: breaked minecraft:redstone_ore[lit=true] on [world;-365;12;870]
[23:56:13][BlockBreakEvent]: breaked minecraft:redstone_ore[lit=true] on [world;-365;13;870]
[23:56:15][BlockBreakEvent]: breaked minecraft:redstone_ore[lit=true] on [world;-365;13;871]
[23:56:15][BlockBreakEvent]: breaked minecraft:redstone_ore[lit=true] on [world;-365;12;871]
[23:56:37][BlockBreakEvent]: breaked minecraft:stone on [world;-371;12;853]
[23:56:38][BlockBreakEvent]: breaked minecraft:stone on [world;-371;11;853]
[23:56:39][BlockBreakEvent]: breaked minecraft:stone on [world;-372;12;853]
[23:56:39][BlockBreakEvent]: breaked minecraft:stone on [world;-372;11;853]
[23:56:40][BlockBreakEvent]: breaked minecraft:stone on [world;-373;12;853]
[23:56:41][BlockBreakEvent]: breaked minecraft:stone on [world;-373;11;853]
[23:56:41][BlockBreakEvent]: breaked minecraft:stone on [world;-374;11;853]
[23:56:42][BlockBreakEvent]: breaked minecraft:stone on [world;-374;12;853]
[23:56:42][BlockBreakEvent]: breaked minecraft:stone on [world;-375;12;853]
[23:56:43][BlockBreakEvent]: breaked minecraft:stone on [world;-375;11;853]
