[00:09:37][BlockPlaceEvent]: placed minecraft:furnace[facing=south,lit=false] on [world;-310;70;575]
[00:09:50][BlockBreakEvent]: breaked minecraft:furnace[facing=south,lit=false] on [world;-310;70;575]
[00:10:37][BlockBreakEvent]: breaked minecraft:oak_leaves[distance=2,persistent=false] on [world;-328;77;431]
[00:10:41][BlockBreakEvent]: breaked minecraft:oak_leaves[distance=2,persistent=false] on [world;-336;79;432]
[00:10:51][BlockBreakEvent]: breaked minecraft:oak_leaves[distance=3,persistent=false] on [world;-358;81;437]
[01:30:08][BlockPlaceEvent]: placed minecraft:furnace[facing=south,lit=false] on [world;-340;24;543]
[01:38:21][FurnaceExtractEvent]: breaked minecraft:furnace[facing=south,lit=true] on [world;-340;24;543]
[01:38:59][BlockPlaceEvent]: placed minecraft:crafting_table on [world;-340;23;543]
[01:39:05][BlockBreakEvent]: breaked minecraft:stone on [world;-342;23;542]
[01:39:05][BlockBreakEvent]: breaked minecraft:stone on [world;-342;23;541]
[01:39:06][BlockBreakEvent]: breaked minecraft:andesite on [world;-343;23;542]
[01:39:07][BlockBreakEvent]: breaked minecraft:stone on [world;-343;24;542]
[01:39:08][BlockBreakEvent]: breaked minecraft:stone on [world;-342;24;542]
[01:39:09][BlockBreakEvent]: breaked minecraft:stone on [world;-342;24;541]
[01:39:10][BlockBreakEvent]: breaked minecraft:stone on [world;-342;22;541]
[01:39:30][BlockPlaceEvent]: placed minecraft:stone_bricks on [world;-339;22;547]
[01:39:31][BlockPlaceEvent]: placed minecraft:stone_bricks on [world;-340;22;547]
[01:39:31][BlockPlaceEvent]: placed minecraft:stone_bricks on [world;-339;23;547]
[01:39:32][BlockPlaceEvent]: placed minecraft:stone_bricks on [world;-340;23;547]
[01:39:32][BlockPlaceEvent]: placed minecraft:stone_bricks on [world;-340;24;547]
[01:39:33][BlockPlaceEvent]: placed minecraft:stone_bricks on [world;-341;24;547]
[01:39:34][BlockPlaceEvent]: placed minecraft:stone_bricks on [world;-343;22;547]
[01:39:35][BlockPlaceEvent]: placed minecraft:stone_bricks on [world;-343;23;547]
[01:39:36][BlockPlaceEvent]: placed minecraft:stone_bricks on [world;-343;24;547]
[01:39:37][BlockBreakEvent]: breaked minecraft:stone on [world;-344;24;548]
[01:39:38][BlockBreakEvent]: breaked minecraft:stone on [world;-344;24;547]
[01:39:39][BlockPlaceEvent]: placed minecraft:stone_bricks on [world;-344;22;547]
[01:39:39][BlockPlaceEvent]: placed minecraft:stone_bricks on [world;-344;23;547]
[01:39:40][BlockPlaceEvent]: placed minecraft:stone_bricks on [world;-344;24;547]
[01:39:42][BlockPlaceEvent]: placed minecraft:stone_bricks on [world;-342;24;547]
[01:39:45][BlockBreakEvent]: breaked minecraft:stone on [world;-344;23;546]
[01:39:47][BlockBreakEvent]: breaked minecraft:stone on [world;-344;24;545]
[01:39:47][BlockBreakEvent]: breaked minecraft:stone on [world;-344;24;546]
[01:39:48][BlockBreakEvent]: breaked minecraft:stone on [world;-345;23;546]
[01:39:49][BlockBreakEvent]: breaked minecraft:stone on [world;-345;24;546]
[01:39:49][BlockBreakEvent]: breaked minecraft:stone on [world;-345;22;546]
[01:39:50][BlockBreakEvent]: breaked minecraft:gravel on [world;-345;22;545]
[01:39:52][BlockBreakEvent]: breaked minecraft:gravel on [world;-345;23;545]
[01:39:53][BlockBreakEvent]: breaked minecraft:gravel on [world;-345;22;545]
[01:39:54][BlockBreakEvent]: breaked minecraft:gravel on [world;-345;22;544]
[01:39:56][BlockBreakEvent]: breaked minecraft:gravel on [world;-345;23;544]
[01:39:57][BlockBreakEvent]: breaked minecraft:gravel on [world;-345;22;544]
[01:39:58][BlockBreakEvent]: breaked minecraft:stone on [world;-344;24;544]
[01:39:59][BlockBreakEvent]: breaked minecraft:stone on [world;-344;24;543]
[01:39:59][BlockBreakEvent]: breaked minecraft:stone on [world;-344;23;543]
[01:40:00][BlockBreakEvent]: breaked minecraft:stone on [world;-344;22;543]
[01:40:01][BlockBreakEvent]: breaked minecraft:gravel on [world;-344;23;542]
[01:40:02][BlockBreakEvent]: breaked minecraft:gravel on [world;-344;22;542]
[01:40:04][BlockBreakEvent]: breaked minecraft:gravel on [world;-345;23;543]
[01:40:05][BlockBreakEvent]: breaked minecraft:gravel on [world;-345;23;543]
[01:40:07][BlockBreakEvent]: breaked minecraft:gravel on [world;-345;22;543]
[01:40:08][BlockBreakEvent]: breaked minecraft:gravel on [world;-345;22;542]
[01:40:11][BlockBreakEvent]: breaked minecraft:gravel on [world;-345;22;542]
[01:40:12][BlockBreakEvent]: breaked minecraft:gravel on [world;-345;22;542]
[01:40:14][BlockBreakEvent]: breaked minecraft:gravel on [world;-345;23;541]
[01:40:40][BlockBreakEvent]: breaked minecraft:gravel on [world;-344;23;541]
[01:40:41][BlockBreakEvent]: breaked minecraft:gravel on [world;-344;23;541]
[01:40:41][BlockBreakEvent]: breaked minecraft:gravel on [world;-345;23;541]
[01:40:45][BlockBreakEvent]: breaked minecraft:gravel on [world;-346;24;545]
[01:40:45][BlockBreakEvent]: breaked minecraft:gravel on [world;-346;23;545]
[01:40:46][BlockBreakEvent]: breaked minecraft:gravel on [world;-346;23;546]
[01:40:46][BlockBreakEvent]: breaked minecraft:gravel on [world;-346;22;545]
[01:40:49][BlockBreakEvent]: breaked minecraft:gravel on [world;-346;24;544]
[01:40:49][BlockBreakEvent]: breaked minecraft:gravel on [world;-346;23;544]
[01:40:49][BlockBreakEvent]: breaked minecraft:gravel on [world;-346;22;544]
[01:40:50][BlockBreakEvent]: breaked minecraft:gravel on [world;-346;22;546]
[01:40:52][BlockBreakEvent]: breaked minecraft:gravel on [world;-346;24;543]
[01:40:52][BlockBreakEvent]: breaked minecraft:gravel on [world;-346;23;543]
[01:40:53][BlockBreakEvent]: breaked minecraft:gravel on [world;-346;23;542]
[01:40:53][BlockBreakEvent]: breaked minecraft:gravel on [world;-346;23;542]
[01:40:54][BlockBreakEvent]: breaked minecraft:gravel on [world;-346;23;541]
[01:40:55][BlockBreakEvent]: breaked minecraft:gravel on [world;-346;23;541]
[01:40:55][BlockBreakEvent]: breaked minecraft:gravel on [world;-346;22;543]
[01:40:56][BlockBreakEvent]: breaked minecraft:gravel on [world;-346;22;542]
[01:40:56][BlockBreakEvent]: breaked minecraft:gravel on [world;-346;22;541]
[01:40:56][BlockBreakEvent]: breaked minecraft:gravel on [world;-345;22;541]
[01:40:57][BlockBreakEvent]: breaked minecraft:gravel on [world;-344;22;542]
[01:40:57][BlockBreakEvent]: breaked minecraft:gravel on [world;-344;22;541]
[01:40:58][BlockBreakEvent]: breaked minecraft:gravel on [world;-343;22;542]
[01:40:58][BlockBreakEvent]: breaked minecraft:gravel on [world;-343;22;541]
[01:40:59][BlockBreakEvent]: breaked minecraft:gravel on [world;-343;22;541]
[01:41:01][BlockBreakEvent]: breaked minecraft:stone on [world;-342;22;542]
[01:41:01][BlockBreakEvent]: breaked minecraft:stone on [world;-341;23;542]
[01:41:02][BlockBreakEvent]: breaked minecraft:stone on [world;-341;22;542]
[01:41:03][BlockBreakEvent]: breaked minecraft:stone on [world;-341;22;541]
[01:41:04][BlockBreakEvent]: breaked minecraft:stone on [world;-341;23;541]
[01:41:05][BlockBreakEvent]: breaked minecraft:stone on [world;-341;24;542]
[01:41:06][BlockBreakEvent]: breaked minecraft:stone on [world;-341;24;541]
[01:41:06][BlockBreakEvent]: breaked minecraft:andesite on [world;-340;23;542]
[01:41:07][BlockBreakEvent]: breaked minecraft:andesite on [world;-339;23;542]
[01:41:08][BlockBreakEvent]: breaked minecraft:stone on [world;-340;22;542]
[01:41:08][BlockBreakEvent]: breaked minecraft:andesite on [world;-340;22;541]
[01:41:09][BlockBreakEvent]: breaked minecraft:andesite on [world;-340;23;541]
[01:41:10][BlockBreakEvent]: breaked minecraft:andesite on [world;-340;24;542]
[01:41:10][BlockBreakEvent]: breaked minecraft:andesite on [world;-340;24;541]
[01:41:11][BlockBreakEvent]: breaked minecraft:andesite on [world;-339;24;541]
[01:41:11][BlockBreakEvent]: breaked minecraft:andesite on [world;-339;23;541]
[01:41:16][BlockBreakEvent]: breaked minecraft:andesite on [world;-339;24;542]
[01:41:17][BlockBreakEvent]: breaked minecraft:andesite on [world;-339;22;541]
[01:41:18][BlockBreakEvent]: breaked minecraft:andesite on [world;-339;22;542]
[01:41:19][BlockBreakEvent]: breaked minecraft:stone on [world;-339;22;543]
[01:41:20][BlockBreakEvent]: breaked minecraft:stone on [world;-339;23;543]
[01:41:20][BlockBreakEvent]: breaked minecraft:stone on [world;-339;24;544]
[01:41:22][BlockBreakEvent]: breaked minecraft:andesite on [world;-339;24;543]
[01:41:22][BlockBreakEvent]: breaked minecraft:stone on [world;-339;24;545]
[01:41:23][BlockBreakEvent]: breaked minecraft:stone on [world;-339;24;546]
[01:41:24][BlockBreakEvent]: breaked minecraft:stone on [world;-339;22;546]
[01:41:26][BlockBreakEvent]: breaked minecraft:stone on [world;-339;23;546]
[01:41:28][BlockBreakEvent]: breaked minecraft:stone_bricks on [world;-339;23;547]
[01:41:28][BlockBreakEvent]: breaked minecraft:stone_bricks on [world;-339;22;547]
[01:41:31][BlockPlaceEvent]: placed minecraft:stone_bricks on [world;-339;22;546]
[01:41:31][BlockPlaceEvent]: placed minecraft:stone_bricks on [world;-339;23;546]
[01:41:32][BlockPlaceEvent]: placed minecraft:stone_bricks on [world;-339;24;546]
[01:41:35][BlockPlaceEvent]: placed minecraft:stone_bricks on [world;-339;22;545]
[01:41:36][BlockPlaceEvent]: placed minecraft:stone_bricks on [world;-339;23;545]
[01:41:37][BlockPlaceEvent]: placed minecraft:stone_bricks on [world;-339;24;545]
[01:41:37][BlockPlaceEvent]: placed minecraft:stone_bricks on [world;-339;22;544]
[01:41:38][BlockPlaceEvent]: placed minecraft:stone_bricks on [world;-339;23;544]
[01:41:38][BlockPlaceEvent]: placed minecraft:stone_bricks on [world;-339;24;544]
[01:41:42][BlockBreakEvent]: breaked minecraft:stone_bricks on [world;-343;23;547]
[01:41:43][BlockBreakEvent]: breaked minecraft:stone_bricks on [world;-343;22;547]
[01:41:45][BlockPlaceEvent]: placed minecraft:stone_bricks on [world;-341;22;547]
[01:41:46][BlockPlaceEvent]: placed minecraft:stone_bricks on [world;-341;23;547]
[01:41:50][BlockBreakEvent]: breaked minecraft:stone on [world;-345;23;547]
[01:41:50][BlockBreakEvent]: breaked minecraft:stone on [world;-345;24;547]
[01:41:51][BlockBreakEvent]: breaked minecraft:stone on [world;-345;22;547]
[01:41:53][BlockBreakEvent]: breaked minecraft:stone on [world;-346;23;547]
[01:41:53][BlockBreakEvent]: breaked minecraft:stone on [world;-346;24;546]
[01:41:54][BlockBreakEvent]: breaked minecraft:stone on [world;-346;24;547]
[01:41:55][BlockBreakEvent]: breaked minecraft:stone on [world;-346;22;547]
[01:42:01][BlockPlaceEvent]: placed minecraft:stone_bricks on [world;-345;22;547]
[01:42:01][BlockPlaceEvent]: placed minecraft:stone_bricks on [world;-345;23;547]
[01:42:01][BlockPlaceEvent]: placed minecraft:stone_bricks on [world;-345;24;547]
[01:42:02][BlockPlaceEvent]: placed minecraft:stone_bricks on [world;-346;22;547]
[01:42:03][BlockPlaceEvent]: placed minecraft:stone_bricks on [world;-346;22;546]
[01:42:03][BlockPlaceEvent]: placed minecraft:stone_bricks on [world;-346;23;546]
[01:42:04][BlockPlaceEvent]: placed minecraft:stone_bricks on [world;-346;24;546]
[01:42:04][BlockPlaceEvent]: placed minecraft:stone_bricks on [world;-346;24;545]
[01:42:04][BlockPlaceEvent]: placed minecraft:stone_bricks on [world;-346;23;545]
[01:42:05][BlockPlaceEvent]: placed minecraft:stone_bricks on [world;-346;22;545]
[01:42:05][BlockPlaceEvent]: placed minecraft:stone_bricks on [world;-346;22;544]
[01:42:05][BlockPlaceEvent]: placed minecraft:stone_bricks on [world;-346;23;544]
[01:42:06][BlockPlaceEvent]: placed minecraft:stone_bricks on [world;-346;24;544]
[01:42:06][BlockPlaceEvent]: placed minecraft:stone_bricks on [world;-346;22;543]
[01:42:07][BlockPlaceEvent]: placed minecraft:stone_bricks on [world;-346;23;543]
[01:42:07][BlockPlaceEvent]: placed minecraft:stone_bricks on [world;-345;24;543]
[01:42:08][BlockPlaceEvent]: placed minecraft:stone_bricks on [world;-346;24;543]
[01:42:10][BlockBreakEvent]: breaked minecraft:stone_bricks on [world;-345;24;543]
[01:42:14][BlockBreakEvent]: breaked minecraft:crafting_table on [world;-340;23;543]
[01:42:21][BlockPlaceEvent]: placed minecraft:stone_bricks on [world;-346;22;542]
[01:42:22][BlockPlaceEvent]: placed minecraft:stone_bricks on [world;-346;23;542]
[01:42:22][BlockPlaceEvent]: placed minecraft:stone_bricks on [world;-346;24;542]
[01:42:23][BlockPlaceEvent]: placed minecraft:stone_bricks on [world;-346;22;541]
[01:42:26][BlockBreakEvent]: breaked minecraft:gravel on [world;-344;24;540]
[01:42:27][BlockBreakEvent]: breaked minecraft:gravel on [world;-344;23;540]
[01:42:27][BlockBreakEvent]: breaked minecraft:gravel on [world;-345;24;540]
[01:42:28][BlockBreakEvent]: breaked minecraft:gravel on [world;-345;23;540]
[01:42:28][BlockBreakEvent]: breaked minecraft:gravel on [world;-346;24;540]
[01:42:34][BlockBreakEvent]: breaked minecraft:granite on [world;-344;25;541]
[01:42:35][BlockBreakEvent]: breaked minecraft:granite on [world;-344;25;540]
[01:42:35][BlockBreakEvent]: breaked minecraft:stone on [world;-344;25;542]
[01:42:36][BlockBreakEvent]: breaked minecraft:stone on [world;-344;25;543]
[01:42:36][BlockBreakEvent]: breaked minecraft:stone on [world;-342;25;542]
[01:42:37][BlockBreakEvent]: breaked minecraft:stone on [world;-342;24;540]
[01:42:38][BlockBreakEvent]: breaked minecraft:stone on [world;-342;25;540]
[01:42:38][BlockBreakEvent]: breaked minecraft:stone on [world;-342;25;541]
[01:42:39][BlockBreakEvent]: breaked minecraft:stone on [world;-341;24;540]
[01:42:39][BlockBreakEvent]: breaked minecraft:stone on [world;-342;23;540]
[01:42:40][BlockBreakEvent]: breaked minecraft:stone on [world;-341;23;540]
[01:42:41][BlockBreakEvent]: breaked minecraft:andesite on [world;-340;24;540]
[01:42:41][BlockBreakEvent]: breaked minecraft:andesite on [world;-340;23;540]
[01:42:42][BlockBreakEvent]: breaked minecraft:andesite on [world;-339;24;540]
[01:42:42][BlockBreakEvent]: breaked minecraft:andesite on [world;-339;23;540]
[01:42:43][BlockBreakEvent]: breaked minecraft:stone on [world;-341;25;540]
[01:42:44][BlockBreakEvent]: breaked minecraft:stone on [world;-341;25;541]
[01:42:44][BlockBreakEvent]: breaked minecraft:stone on [world;-343;25;543]
[01:42:45][BlockBreakEvent]: breaked minecraft:granite on [world;-345;25;540]
[01:42:46][BlockBreakEvent]: breaked minecraft:granite on [world;-345;25;541]
[01:42:47][BlockBreakEvent]: breaked minecraft:granite on [world;-345;25;542]
[01:42:47][BlockBreakEvent]: breaked minecraft:stone on [world;-345;25;543]
[01:42:48][BlockBreakEvent]: breaked minecraft:stone on [world;-345;25;544]
[01:42:48][BlockBreakEvent]: breaked minecraft:stone on [world;-345;25;545]
[01:42:49][BlockBreakEvent]: breaked minecraft:stone on [world;-345;25;546]
[01:42:50][BlockBreakEvent]: breaked minecraft:stone on [world;-344;25;545]
[01:42:50][BlockBreakEvent]: breaked minecraft:stone on [world;-344;25;546]
[01:42:51][BlockBreakEvent]: breaked minecraft:stone on [world;-344;25;544]
[01:42:51][BlockBreakEvent]: breaked minecraft:stone on [world;-343;25;544]
[01:42:52][BlockBreakEvent]: breaked minecraft:stone on [world;-343;25;545]
[01:42:53][BlockBreakEvent]: breaked minecraft:stone on [world;-342;25;544]
[01:42:54][BlockBreakEvent]: breaked minecraft:stone on [world;-341;25;544]
[01:42:54][BlockBreakEvent]: breaked minecraft:stone on [world;-342;25;543]
[01:42:55][BlockBreakEvent]: breaked minecraft:stone on [world;-341;25;543]
[01:42:56][BlockBreakEvent]: breaked minecraft:stone on [world;-343;25;546]
[01:42:57][BlockBreakEvent]: breaked minecraft:stone on [world;-341;25;542]
[01:42:58][BlockBreakEvent]: breaked minecraft:stone on [world;-340;25;546]
[01:42:59][BlockBreakEvent]: breaked minecraft:stone on [world;-340;25;545]
[01:42:59][BlockBreakEvent]: breaked minecraft:stone on [world;-340;25;544]
[01:43:00][BlockBreakEvent]: breaked minecraft:stone on [world;-340;25;543]
[01:43:01][BlockBreakEvent]: breaked minecraft:stone on [world;-340;25;542]
[01:43:01][BlockBreakEvent]: breaked minecraft:stone on [world;-340;25;541]
[01:43:03][BlockBreakEvent]: breaked minecraft:stone on [world;-340;25;540]
[01:43:05][BlockBreakEvent]: breaked minecraft:gold_ore on [world;-339;23;539]
[01:43:08][BlockBreakEvent]: breaked minecraft:andesite on [world;-339;24;539]
[01:43:09][BlockBreakEvent]: breaked minecraft:gold_ore on [world;-339;23;538]
[01:43:10][BlockBreakEvent]: breaked minecraft:gold_ore on [world;-338;24;539]
[01:43:27][BlockBreakEvent]: breaked minecraft:gravel on [world;-344;22;540]
[01:43:28][BlockBreakEvent]: breaked minecraft:gravel on [world;-345;22;540]
[01:43:31][BlockBreakEvent]: breaked minecraft:cobblestone on [world;-343;22;540]
[01:43:31][BlockBreakEvent]: breaked minecraft:stone on [world;-342;22;540]
[01:43:32][BlockBreakEvent]: breaked minecraft:stone on [world;-341;22;540]
[01:43:33][BlockBreakEvent]: breaked minecraft:andesite on [world;-340;22;540]
[01:43:33][BlockBreakEvent]: breaked minecraft:andesite on [world;-339;22;540]
[01:43:36][BlockBreakEvent]: breaked minecraft:gravel on [world;-344;24;539]
[01:43:37][BlockBreakEvent]: breaked minecraft:gravel on [world;-345;24;539]
[01:43:37][BlockBreakEvent]: breaked minecraft:gravel on [world;-345;23;539]
[01:43:38][BlockBreakEvent]: breaked minecraft:gravel on [world;-344;23;539]
[01:43:39][BlockBreakEvent]: breaked minecraft:gravel on [world;-344;22;539]
[01:43:40][BlockBreakEvent]: breaked minecraft:gravel on [world;-345;22;539]
[01:43:51][FurnaceExtractEvent]: breaked minecraft:furnace[facing=south,lit=true] on [world;-340;24;543]
[01:45:35][FurnaceExtractEvent]: breaked minecraft:furnace[facing=south,lit=true] on [world;-340;24;543]
[01:45:52][BlockBreakEvent]: breaked minecraft:gravel on [world;-346;23;540]
[01:45:52][BlockBreakEvent]: breaked minecraft:gravel on [world;-346;22;540]
[01:45:53][BlockBreakEvent]: breaked minecraft:gravel on [world;-346;23;539]
[01:45:53][BlockBreakEvent]: breaked minecraft:gravel on [world;-346;22;539]
[01:45:56][BlockBreakEvent]: breaked minecraft:granite on [world;-342;24;539]
[01:45:57][BlockBreakEvent]: breaked minecraft:granite on [world;-342;25;539]
[01:45:57][BlockBreakEvent]: breaked minecraft:stone on [world;-341;24;539]
[01:45:58][BlockBreakEvent]: breaked minecraft:stone on [world;-341;25;539]
[01:45:58][BlockBreakEvent]: breaked minecraft:andesite on [world;-340;24;539]
[01:46:00][BlockBreakEvent]: breaked minecraft:stone on [world;-342;23;539]
[01:46:00][BlockBreakEvent]: breaked minecraft:stone on [world;-341;23;539]
[01:46:01][BlockBreakEvent]: breaked minecraft:andesite on [world;-340;23;539]
[01:46:01][BlockBreakEvent]: breaked minecraft:stone on [world;-342;22;539]
[01:46:02][BlockBreakEvent]: breaked minecraft:stone on [world;-341;22;539]
[01:46:03][BlockBreakEvent]: breaked minecraft:andesite on [world;-340;22;539]
[01:46:03][BlockBreakEvent]: breaked minecraft:andesite on [world;-339;25;539]
[01:46:04][BlockBreakEvent]: breaked minecraft:stone on [world;-340;25;539]
[01:46:06][BlockBreakEvent]: breaked minecraft:andesite on [world;-339;22;539]
[01:46:07][BlockBreakEvent]: breaked minecraft:andesite on [world;-339;25;540]
[01:46:07][BlockBreakEvent]: breaked minecraft:stone on [world;-339;25;542]
[01:46:08][BlockBreakEvent]: breaked minecraft:andesite on [world;-339;25;541]
[01:46:09][BlockBreakEvent]: breaked minecraft:andesite on [world;-339;25;543]
[01:46:11][BlockBreakEvent]: breaked minecraft:andesite on [world;-339;25;544]
[01:46:14][BlockBreakEvent]: breaked minecraft:stone on [world;-339;25;545]
[01:46:16][BlockBreakEvent]: breaked minecraft:stone on [world;-344;26;544]
[01:46:17][BlockBreakEvent]: breaked minecraft:stone on [world;-345;26;544]
[01:46:17][BlockBreakEvent]: breaked minecraft:stone on [world;-344;26;543]
[01:46:18][BlockBreakEvent]: breaked minecraft:stone on [world;-345;26;543]
[01:46:19][BlockBreakEvent]: breaked minecraft:stone on [world;-343;26;544]
[01:46:20][BlockBreakEvent]: breaked minecraft:stone on [world;-345;26;545]
[01:46:20][BlockBreakEvent]: breaked minecraft:stone on [world;-344;26;545]
[01:46:21][BlockBreakEvent]: breaked minecraft:stone on [world;-343;26;545]
[01:46:21][BlockBreakEvent]: breaked minecraft:stone on [world;-343;26;546]
[01:46:22][BlockBreakEvent]: breaked minecraft:stone on [world;-344;26;546]
[01:46:23][BlockBreakEvent]: breaked minecraft:stone on [world;-345;26;546]
[01:46:24][BlockBreakEvent]: breaked minecraft:stone on [world;-342;26;545]
[01:46:24][BlockBreakEvent]: breaked minecraft:stone on [world;-342;26;546]
[01:46:25][BlockBreakEvent]: breaked minecraft:stone on [world;-341;26;545]
[01:46:25][BlockBreakEvent]: breaked minecraft:stone on [world;-341;26;546]
[01:46:26][BlockBreakEvent]: breaked minecraft:stone on [world;-340;26;545]
[01:46:27][BlockBreakEvent]: breaked minecraft:stone on [world;-342;26;544]
[01:46:28][BlockBreakEvent]: breaked minecraft:stone on [world;-341;26;544]
[01:46:28][BlockBreakEvent]: breaked minecraft:stone on [world;-340;26;544]
[01:46:30][BlockBreakEvent]: breaked minecraft:stone on [world;-341;26;543]
[01:46:31][BlockBreakEvent]: breaked minecraft:stone on [world;-340;26;546]
[01:46:32][BlockBreakEvent]: breaked minecraft:stone on [world;-340;26;543]
[01:46:33][BlockBreakEvent]: breaked minecraft:stone on [world;-342;26;543]
[01:46:34][BlockBreakEvent]: breaked minecraft:stone on [world;-342;26;542]
[01:46:34][BlockBreakEvent]: breaked minecraft:stone on [world;-342;26;541]
[01:46:35][BlockBreakEvent]: breaked minecraft:stone on [world;-342;26;540]
[01:46:36][BlockBreakEvent]: breaked minecraft:stone on [world;-342;26;539]
[01:46:37][BlockBreakEvent]: breaked minecraft:stone on [world;-344;26;542]
[01:46:38][BlockBreakEvent]: breaked minecraft:stone on [world;-345;26;542]
[01:46:38][BlockBreakEvent]: breaked minecraft:granite on [world;-345;26;541]
[01:46:39][BlockBreakEvent]: breaked minecraft:granite on [world;-344;26;541]
[01:46:40][BlockBreakEvent]: breaked minecraft:granite on [world;-345;26;540]
[01:46:41][BlockBreakEvent]: breaked minecraft:granite on [world;-343;26;540]
[01:46:41][BlockBreakEvent]: breaked minecraft:granite on [world;-344;26;540]
[01:46:42][BlockBreakEvent]: breaked minecraft:granite on [world;-344;26;539]
[01:46:43][BlockBreakEvent]: breaked minecraft:granite on [world;-343;26;539]
[01:46:44][BlockBreakEvent]: breaked minecraft:granite on [world;-345;26;539]
[01:46:45][BlockBreakEvent]: breaked minecraft:granite on [world;-345;25;539]
[01:46:46][BlockBreakEvent]: breaked minecraft:granite on [world;-344;25;539]
[01:46:47][BlockBreakEvent]: breaked minecraft:granite on [world;-343;25;539]
[01:46:48][BlockBreakEvent]: breaked minecraft:stone on [world;-341;26;542]
[01:46:48][BlockBreakEvent]: breaked minecraft:stone on [world;-340;26;542]
[01:46:49][BlockBreakEvent]: breaked minecraft:stone on [world;-339;26;542]
[01:46:50][BlockBreakEvent]: breaked minecraft:stone on [world;-339;26;544]
[01:46:51][BlockBreakEvent]: breaked minecraft:stone on [world;-339;26;545]
[01:46:52][BlockBreakEvent]: breaked minecraft:stone on [world;-339;26;546]
[01:46:52][BlockBreakEvent]: breaked minecraft:stone on [world;-339;25;546]
[01:46:53][BlockBreakEvent]: breaked minecraft:stone on [world;-339;26;543]
[01:46:54][BlockBreakEvent]: breaked minecraft:stone on [world;-340;26;541]
[01:46:54][BlockBreakEvent]: breaked minecraft:stone on [world;-341;26;541]
[01:46:55][BlockBreakEvent]: breaked minecraft:stone on [world;-341;26;540]
[01:46:56][BlockBreakEvent]: breaked minecraft:stone on [world;-341;26;539]
[01:46:56][BlockBreakEvent]: breaked minecraft:stone on [world;-340;26;540]
[01:46:57][BlockBreakEvent]: breaked minecraft:stone on [world;-340;26;539]
[01:46:58][BlockBreakEvent]: breaked minecraft:stone on [world;-339;26;541]
[01:46:58][BlockBreakEvent]: breaked minecraft:stone on [world;-339;26;540]
[01:47:00][BlockBreakEvent]: breaked minecraft:stone on [world;-339;26;539]
[01:47:02][BlockBreakEvent]: breaked minecraft:granite on [world;-346;24;539]
[01:47:02][BlockBreakEvent]: breaked minecraft:granite on [world;-346;25;539]
[01:47:03][BlockBreakEvent]: breaked minecraft:granite on [world;-346;26;539]
[01:47:04][BlockBreakEvent]: breaked minecraft:granite on [world;-346;25;540]
[01:47:04][BlockBreakEvent]: breaked minecraft:granite on [world;-346;26;540]
[01:47:05][BlockBreakEvent]: breaked minecraft:granite on [world;-346;25;541]
[01:47:05][BlockBreakEvent]: breaked minecraft:granite on [world;-346;26;541]
[01:47:06][BlockBreakEvent]: breaked minecraft:granite on [world;-346;25;542]
[01:47:07][BlockBreakEvent]: breaked minecraft:stone on [world;-346;26;542]
[01:47:08][BlockBreakEvent]: breaked minecraft:granite on [world;-346;25;543]
[01:47:09][BlockBreakEvent]: breaked minecraft:stone on [world;-346;26;543]
[01:47:10][BlockBreakEvent]: breaked minecraft:stone on [world;-346;25;544]
[01:47:11][BlockBreakEvent]: breaked minecraft:stone on [world;-346;26;544]
[01:47:11][BlockBreakEvent]: breaked minecraft:stone on [world;-346;25;545]
[01:47:13][BlockBreakEvent]: breaked minecraft:stone on [world;-346;25;546]
[01:47:14][BlockBreakEvent]: breaked minecraft:stone on [world;-345;25;547]
[01:47:15][BlockBreakEvent]: breaked minecraft:stone on [world;-344;25;547]
[01:47:16][BlockBreakEvent]: breaked minecraft:stone on [world;-343;25;547]
[01:47:16][BlockBreakEvent]: breaked minecraft:stone on [world;-342;25;547]
[01:47:17][BlockBreakEvent]: breaked minecraft:stone on [world;-341;25;547]
[01:47:17][BlockBreakEvent]: breaked minecraft:stone on [world;-340;25;547]
[01:47:21][BlockBreakEvent]: breaked minecraft:stone on [world;-339;25;547]
[01:47:52][BlockPlaceEvent]: placed minecraft:stone_bricks on [world;-346;23;541]
[01:47:53][BlockPlaceEvent]: placed minecraft:stone_bricks on [world;-346;25;545]
[01:47:54][BlockPlaceEvent]: placed minecraft:stone_bricks on [world;-346;25;546]
[01:47:55][BlockPlaceEvent]: placed minecraft:stone_bricks on [world;-345;25;547]
[01:47:55][BlockPlaceEvent]: placed minecraft:stone_bricks on [world;-344;25;547]
[01:47:55][BlockPlaceEvent]: placed minecraft:stone_bricks on [world;-343;25;547]
[01:47:56][BlockPlaceEvent]: placed minecraft:stone_bricks on [world;-342;25;547]
[01:47:56][BlockPlaceEvent]: placed minecraft:stone_bricks on [world;-341;25;547]
[01:47:57][BlockPlaceEvent]: placed minecraft:stone_bricks on [world;-340;25;547]
[01:47:58][BlockPlaceEvent]: placed minecraft:stone_bricks on [world;-339;25;546]
[01:48:01][BlockPlaceEvent]: placed minecraft:stone_bricks on [world;-339;25;545]
[01:48:02][BlockPlaceEvent]: placed minecraft:stone_bricks on [world;-339;25;544]
[01:48:02][BlockPlaceEvent]: placed minecraft:stone_bricks on [world;-339;25;543]
[01:48:03][BlockPlaceEvent]: placed minecraft:stone_bricks on [world;-339;25;542]
[01:48:04][BlockPlaceEvent]: placed minecraft:stone_bricks on [world;-339;25;541]
[01:48:05][BlockPlaceEvent]: placed minecraft:stone_bricks on [world;-339;25;539]
[01:48:06][BlockPlaceEvent]: placed minecraft:stone_bricks on [world;-339;25;540]
[01:48:11][BlockPlaceEvent]: placed minecraft:stone_bricks on [world;-340;25;539]
[01:48:50][BlockPlaceEvent]: placed minecraft:stone_bricks on [world;-346;25;544]
[01:48:52][BlockPlaceEvent]: placed minecraft:stone_bricks on [world;-346;25;543]
[01:48:52][BlockPlaceEvent]: placed minecraft:stone_bricks on [world;-346;25;542]
[01:48:54][BlockPlaceEvent]: placed minecraft:stone_bricks on [world;-346;25;541]
[01:48:54][BlockPlaceEvent]: placed minecraft:stone_bricks on [world;-346;24;541]
[01:48:55][BlockPlaceEvent]: placed minecraft:stone_bricks on [world;-346;24;540]
[01:48:56][BlockPlaceEvent]: placed minecraft:stone_bricks on [world;-346;25;540]
[01:48:56][BlockPlaceEvent]: placed minecraft:stone_bricks on [world;-346;23;540]
[01:48:57][BlockPlaceEvent]: placed minecraft:stone_bricks on [world;-346;22;540]
[01:48:58][BlockPlaceEvent]: placed minecraft:stone_bricks on [world;-346;22;539]
[01:48:58][BlockPlaceEvent]: placed minecraft:stone_bricks on [world;-346;23;539]
[01:49:04][BlockPlaceEvent]: placed minecraft:stone_bricks on [world;-346;24;539]
[01:49:07][BlockPlaceEvent]: placed minecraft:stone_bricks on [world;-346;25;539]
[01:49:10][BlockPlaceEvent]: placed minecraft:stone_bricks on [world;-339;24;543]
[01:49:16][BlockPlaceEvent]: placed minecraft:gravel on [world;-342;22;542]
[01:49:18][BlockBreakEvent]: breaked minecraft:gravel on [world;-342;22;542]
[01:49:30][BlockBreakEvent]: breaked minecraft:gravel on [world;-344;23;538]
[01:49:30][BlockBreakEvent]: breaked minecraft:gravel on [world;-345;23;538]
[01:49:31][BlockBreakEvent]: breaked minecraft:gravel on [world;-344;22;538]
[01:49:31][BlockBreakEvent]: breaked minecraft:gravel on [world;-345;22;538]
[01:49:33][BlockBreakEvent]: breaked minecraft:granite on [world;-345;24;538]
[01:49:33][BlockBreakEvent]: breaked minecraft:granite on [world;-345;25;538]
[01:49:34][BlockBreakEvent]: breaked minecraft:granite on [world;-344;24;538]
[01:49:35][BlockBreakEvent]: breaked minecraft:granite on [world;-344;25;538]
[01:49:35][BlockBreakEvent]: breaked minecraft:granite on [world;-343;24;538]
[01:49:36][BlockBreakEvent]: breaked minecraft:granite on [world;-343;25;538]
[01:49:36][BlockBreakEvent]: breaked minecraft:granite on [world;-342;25;538]
[01:49:37][BlockBreakEvent]: breaked minecraft:granite on [world;-342;24;538]
[01:49:38][BlockBreakEvent]: breaked minecraft:stone on [world;-342;23;538]
[01:49:38][BlockBreakEvent]: breaked minecraft:stone on [world;-342;22;538]
[01:49:39][BlockBreakEvent]: breaked minecraft:stone on [world;-341;23;538]
[01:49:39][BlockBreakEvent]: breaked minecraft:stone on [world;-341;24;538]
[01:49:40][BlockBreakEvent]: breaked minecraft:andesite on [world;-340;24;538]
[01:49:41][BlockBreakEvent]: breaked minecraft:stone_bricks on [world;-340;25;539]
[01:49:44][BlockBreakEvent]: breaked minecraft:andesite on [world;-340;23;538]
[01:49:44][BlockBreakEvent]: breaked minecraft:stone on [world;-341;22;538]
[01:49:45][BlockBreakEvent]: breaked minecraft:andesite on [world;-340;22;538]
[01:49:46][BlockBreakEvent]: breaked minecraft:andesite on [world;-339;24;538]
[01:49:46][BlockBreakEvent]: breaked minecraft:andesite on [world;-339;22;538]
[01:49:47][BlockBreakEvent]: breaked minecraft:stone on [world;-340;25;538]
[01:49:48][BlockBreakEvent]: breaked minecraft:stone on [world;-341;25;538]
[01:49:50][FurnaceExtractEvent]: breaked minecraft:furnace[facing=south,lit=true] on [world;-340;24;543]
[01:50:04][BlockPlaceEvent]: placed minecraft:stone_bricks on [world;-339;23;543]
[01:50:04][BlockPlaceEvent]: placed minecraft:stone_bricks on [world;-339;22;543]
[01:50:04][BlockPlaceEvent]: placed minecraft:stone_bricks on [world;-339;22;542]
[01:50:05][BlockPlaceEvent]: placed minecraft:stone_bricks on [world;-339;23;542]
[01:50:05][BlockPlaceEvent]: placed minecraft:stone_bricks on [world;-339;24;542]
[01:50:06][BlockPlaceEvent]: placed minecraft:stone_bricks on [world;-339;22;541]
[01:50:06][BlockPlaceEvent]: placed minecraft:stone_bricks on [world;-339;24;541]
[01:50:06][BlockPlaceEvent]: placed minecraft:stone_bricks on [world;-339;23;541]
[01:50:07][BlockPlaceEvent]: placed minecraft:stone_bricks on [world;-339;22;540]
[01:50:07][BlockPlaceEvent]: placed minecraft:stone_bricks on [world;-339;23;540]
[01:50:08][BlockPlaceEvent]: placed minecraft:stone_bricks on [world;-339;24;540]
[01:50:08][BlockPlaceEvent]: placed minecraft:stone_bricks on [world;-339;24;538]
[01:50:09][BlockPlaceEvent]: placed minecraft:stone_bricks on [world;-338;24;539]
[01:50:09][BlockPlaceEvent]: placed minecraft:stone_bricks on [world;-339;24;539]
[01:50:10][BlockPlaceEvent]: placed minecraft:stone_bricks on [world;-339;23;538]
[01:50:10][BlockPlaceEvent]: placed minecraft:stone_bricks on [world;-339;23;539]
[01:50:11][BlockPlaceEvent]: placed minecraft:stone_bricks on [world;-339;22;538]
[01:50:11][BlockPlaceEvent]: placed minecraft:stone_bricks on [world;-339;22;539]
[01:50:12][BlockPlaceEvent]: placed minecraft:stone_bricks on [world;-345;24;538]
[01:50:13][BlockPlaceEvent]: placed minecraft:stone_bricks on [world;-345;25;538]
[01:50:14][BlockPlaceEvent]: placed minecraft:stone_bricks on [world;-344;25;538]
[01:50:14][BlockPlaceEvent]: placed minecraft:stone_bricks on [world;-344;24;538]
[01:50:14][BlockPlaceEvent]: placed minecraft:stone_bricks on [world;-344;23;538]
[01:50:15][BlockPlaceEvent]: placed minecraft:stone_bricks on [world;-345;22;539]
[01:50:16][BlockPlaceEvent]: placed minecraft:stone_bricks on [world;-345;22;538]
[01:50:16][BlockPlaceEvent]: placed minecraft:stone_bricks on [world;-345;23;538]
[01:50:17][BlockPlaceEvent]: placed minecraft:stone_bricks on [world;-344;22;538]
[01:50:18][BlockBreakEvent]: breaked minecraft:stone_bricks on [world;-345;22;539]
[01:50:20][BlockPlaceEvent]: placed minecraft:stone_bricks on [world;-340;22;538]
[01:50:21][BlockPlaceEvent]: placed minecraft:stone_bricks on [world;-341;22;538]
[01:50:43][BlockPlaceEvent]: placed minecraft:stone_bricks on [world;-340;23;538]
[01:50:54][BlockBreakEvent]: breaked minecraft:stone on [world;-342;22;537]
[01:50:54][BlockBreakEvent]: breaked minecraft:stone on [world;-342;21;537]
[01:50:55][BlockBreakEvent]: breaked minecraft:stone on [world;-342;21;538]
[01:50:56][BlockBreakEvent]: breaked minecraft:stone on [world;-342;20;537]
[01:50:56][BlockBreakEvent]: breaked minecraft:stone on [world;-342;21;536]
[01:50:57][BlockBreakEvent]: breaked minecraft:stone on [world;-342;20;536]
[01:51:31][BlockBreakEvent]: breaked minecraft:stone on [world;-340;21;546]
[01:51:32][BlockBreakEvent]: breaked minecraft:stone on [world;-340;21;545]
[01:51:32][BlockBreakEvent]: breaked minecraft:stone on [world;-340;21;544]
[01:51:34][BlockPlaceEvent]: placed minecraft:oak_log[axis=y] on [world;-340;21;544]
[01:51:35][BlockPlaceEvent]: placed minecraft:oak_log[axis=y] on [world;-340;21;545]
[01:51:35][BlockPlaceEvent]: placed minecraft:oak_log[axis=y] on [world;-340;21;546]
[01:51:37][BlockBreakEvent]: breaked minecraft:stone on [world;-341;21;546]
[01:51:38][BlockBreakEvent]: breaked minecraft:stone on [world;-341;21;545]
[01:51:38][BlockBreakEvent]: breaked minecraft:stone on [world;-341;21;544]
[01:51:39][BlockPlaceEvent]: placed minecraft:oak_log[axis=y] on [world;-341;21;544]
[01:51:40][BlockPlaceEvent]: placed minecraft:oak_log[axis=y] on [world;-341;21;545]
[01:51:41][BlockPlaceEvent]: placed minecraft:oak_log[axis=y] on [world;-341;21;546]
[01:51:42][BlockBreakEvent]: breaked minecraft:stone on [world;-342;21;545]
[01:51:43][BlockBreakEvent]: breaked minecraft:stone on [world;-342;21;544]
[01:51:44][BlockBreakEvent]: breaked minecraft:stone on [world;-342;21;546]
[01:51:46][BlockPlaceEvent]: placed minecraft:oak_log[axis=y] on [world;-342;21;546]
[01:51:46][BlockPlaceEvent]: placed minecraft:oak_log[axis=y] on [world;-342;21;545]
[01:51:46][BlockPlaceEvent]: placed minecraft:oak_log[axis=y] on [world;-342;21;544]
[01:51:49][BlockBreakEvent]: breaked minecraft:stone on [world;-343;21;546]
[01:51:49][BlockBreakEvent]: breaked minecraft:stone on [world;-343;21;544]
[01:51:50][BlockBreakEvent]: breaked minecraft:stone on [world;-343;21;545]
[01:51:51][BlockBreakEvent]: breaked minecraft:stone on [world;-344;21;546]
[01:51:51][BlockBreakEvent]: breaked minecraft:stone on [world;-345;21;546]
[01:51:52][BlockBreakEvent]: breaked minecraft:stone on [world;-344;21;545]
[01:51:53][BlockBreakEvent]: breaked minecraft:stone on [world;-344;21;544]
[01:51:54][BlockBreakEvent]: breaked minecraft:gravel on [world;-345;21;545]
[01:51:55][BlockBreakEvent]: breaked minecraft:gravel on [world;-345;21;544]
[01:51:55][BlockBreakEvent]: breaked minecraft:gravel on [world;-345;21;543]
[01:51:56][BlockBreakEvent]: breaked minecraft:gravel on [world;-345;21;542]
[01:51:56][BlockBreakEvent]: breaked minecraft:gravel on [world;-345;21;541]
[01:51:57][BlockBreakEvent]: breaked minecraft:gravel on [world;-345;21;540]
[01:51:57][BlockBreakEvent]: breaked minecraft:gravel on [world;-345;21;539]
[01:51:58][BlockBreakEvent]: breaked minecraft:gravel on [world;-344;21;540]
[01:51:58][BlockBreakEvent]: breaked minecraft:gravel on [world;-344;21;539]
[01:51:59][BlockBreakEvent]: breaked minecraft:gravel on [world;-344;21;541]
[01:51:59][BlockBreakEvent]: breaked minecraft:gravel on [world;-344;21;542]
[01:52:02][BlockPlaceEvent]: placed minecraft:oak_log[axis=y] on [world;-343;21;546]
[01:52:04][BlockBreakEvent]: breaked minecraft:stone on [world;-343;21;547]
[01:52:05][BlockBreakEvent]: breaked minecraft:stone on [world;-342;21;547]
[01:52:07][BlockPlaceEvent]: placed minecraft:andesite on [world;-342;21;547]
[01:52:09][BlockBreakEvent]: breaked minecraft:andesite on [world;-342;21;547]
[01:52:11][BlockPlaceEvent]: placed minecraft:oak_log[axis=y] on [world;-342;21;547]
[01:52:11][BlockPlaceEvent]: placed minecraft:oak_log[axis=y] on [world;-343;21;547]
[01:54:27][BlockBreakEvent]: breaked minecraft:stone on [world;-343;21;543]
[01:54:28][BlockBreakEvent]: breaked minecraft:stone on [world;-344;21;543]
[01:54:29][BlockBreakEvent]: breaked minecraft:stone on [world;-343;21;542]
[01:54:30][BlockBreakEvent]: breaked minecraft:stone on [world;-342;21;542]
[01:54:30][BlockBreakEvent]: breaked minecraft:stone on [world;-341;21;542]
[01:54:31][BlockBreakEvent]: breaked minecraft:stone on [world;-340;21;542]
[01:54:32][BlockBreakEvent]: breaked minecraft:stone on [world;-340;21;543]
[01:54:32][BlockBreakEvent]: breaked minecraft:stone on [world;-341;21;543]
[01:54:33][BlockBreakEvent]: breaked minecraft:stone on [world;-342;21;543]
[01:54:34][BlockBreakEvent]: breaked minecraft:stone on [world;-343;21;541]
[01:54:34][BlockBreakEvent]: breaked minecraft:stone on [world;-343;21;540]
[01:54:35][BlockBreakEvent]: breaked minecraft:stone on [world;-343;21;539]
[01:54:36][BlockBreakEvent]: breaked minecraft:stone on [world;-342;21;539]
[01:54:36][BlockBreakEvent]: breaked minecraft:stone on [world;-341;21;539]
[01:54:37][BlockBreakEvent]: breaked minecraft:stone on [world;-340;21;539]
[01:54:38][BlockBreakEvent]: breaked minecraft:stone on [world;-340;21;540]
[01:54:38][BlockBreakEvent]: breaked minecraft:stone on [world;-340;21;541]
[01:54:39][BlockBreakEvent]: breaked minecraft:stone on [world;-341;21;541]
[01:54:40][BlockBreakEvent]: breaked minecraft:stone on [world;-341;21;540]
[01:54:40][BlockBreakEvent]: breaked minecraft:stone on [world;-342;21;540]
[01:54:41][BlockBreakEvent]: breaked minecraft:stone on [world;-342;21;541]
[01:54:43][BlockPlaceEvent]: placed minecraft:oak_log[axis=y] on [world;-343;21;544]
[01:54:43][BlockPlaceEvent]: placed minecraft:oak_log[axis=y] on [world;-343;21;545]
[01:54:45][BlockPlaceEvent]: placed minecraft:oak_log[axis=y] on [world;-344;21;546]
[01:54:45][BlockPlaceEvent]: placed minecraft:oak_log[axis=y] on [world;-345;21;546]
[01:54:46][BlockPlaceEvent]: placed minecraft:oak_log[axis=y] on [world;-345;21;545]
[01:54:47][BlockPlaceEvent]: placed minecraft:oak_log[axis=y] on [world;-344;21;545]
[01:54:47][BlockPlaceEvent]: placed minecraft:oak_log[axis=y] on [world;-344;21;544]
[01:54:47][BlockPlaceEvent]: placed minecraft:oak_log[axis=y] on [world;-345;21;544]
[01:54:48][BlockPlaceEvent]: placed minecraft:oak_log[axis=y] on [world;-345;21;543]
[01:54:49][BlockPlaceEvent]: placed minecraft:oak_log[axis=y] on [world;-344;21;543]
[01:54:49][BlockPlaceEvent]: placed minecraft:oak_log[axis=y] on [world;-344;21;542]
[01:54:50][BlockPlaceEvent]: placed minecraft:oak_log[axis=y] on [world;-344;21;541]
[01:54:51][BlockPlaceEvent]: placed minecraft:oak_log[axis=y] on [world;-344;21;540]
[01:54:51][BlockPlaceEvent]: placed minecraft:oak_log[axis=y] on [world;-344;21;539]
[01:54:52][BlockPlaceEvent]: placed minecraft:oak_log[axis=y] on [world;-345;21;539]
[01:54:52][BlockPlaceEvent]: placed minecraft:oak_log[axis=y] on [world;-345;21;540]
[01:54:52][BlockPlaceEvent]: placed minecraft:oak_log[axis=y] on [world;-345;21;542]
[01:54:53][BlockPlaceEvent]: placed minecraft:oak_log[axis=y] on [world;-345;21;541]
[01:54:54][BlockPlaceEvent]: placed minecraft:oak_log[axis=y] on [world;-343;21;543]
[01:54:55][BlockPlaceEvent]: placed minecraft:oak_log[axis=y] on [world;-343;21;542]
[01:54:56][BlockPlaceEvent]: placed minecraft:oak_log[axis=y] on [world;-343;21;541]
[01:54:56][BlockPlaceEvent]: placed minecraft:oak_log[axis=y] on [world;-343;21;540]
[01:54:56][BlockPlaceEvent]: placed minecraft:oak_log[axis=y] on [world;-343;21;539]
[01:54:57][BlockPlaceEvent]: placed minecraft:oak_log[axis=y] on [world;-342;21;539]
[01:54:57][BlockPlaceEvent]: placed minecraft:oak_log[axis=y] on [world;-342;21;540]
[01:54:58][BlockPlaceEvent]: placed minecraft:oak_log[axis=y] on [world;-342;21;541]
[01:54:58][BlockPlaceEvent]: placed minecraft:oak_log[axis=y] on [world;-342;21;542]
[01:54:59][BlockPlaceEvent]: placed minecraft:oak_log[axis=y] on [world;-341;21;542]
[01:54:59][BlockPlaceEvent]: placed minecraft:oak_log[axis=y] on [world;-340;21;542]
[01:55:02][BlockPlaceEvent]: placed minecraft:oak_log[axis=y] on [world;-341;21;543]
[01:55:04][BlockBreakEvent]: breaked minecraft:oak_log[axis=y] on [world;-341;21;542]
[01:55:05][BlockBreakEvent]: breaked minecraft:oak_log[axis=y] on [world;-341;21;543]
[01:55:07][BlockBreakEvent]: breaked minecraft:chest[facing=south,type=left,waterlogged=false] on [world;-342;22;543]
[01:55:08][BlockBreakEvent]: breaked minecraft:chest[facing=south,type=single,waterlogged=false] on [world;-343;22;543]
[01:55:21][BlockPlaceEvent]: placed minecraft:chest[facing=east,type=single,waterlogged=false] on [world;-345;22;539]
[01:55:22][BlockPlaceEvent]: placed minecraft:chest[facing=east,type=right,waterlogged=false] on [world;-345;22;540]
[01:55:45][BlockBreakEvent]: breaked minecraft:chest[facing=south,type=right,waterlogged=false] on [world;-341;22;543]
[01:55:46][BlockBreakEvent]: breaked minecraft:chest[facing=south,type=single,waterlogged=false] on [world;-340;22;543]
[01:55:52][BlockPlaceEvent]: placed minecraft:chest[facing=east,type=single,waterlogged=false] on [world;-345;23;539]
[01:55:53][BlockPlaceEvent]: placed minecraft:chest[facing=east,type=right,waterlogged=false] on [world;-345;23;540]
[02:02:07][FurnaceExtractEvent]: breaked minecraft:furnace[facing=south,lit=false] on [world;-340;24;543]
[02:03:00][BlockBreakEvent]: breaked minecraft:oak_leaves[distance=6,persistent=false] on [world;-233;72;551]
[02:03:01][BlockBreakEvent]: breaked minecraft:oak_leaves[distance=6,persistent=false] on [world;-233;73;552]
[02:03:01][BlockBreakEvent]: breaked minecraft:oak_leaves[distance=5,persistent=false] on [world;-233;72;552]
[02:03:01][BlockBreakEvent]: breaked minecraft:oak_leaves[distance=4,persistent=false] on [world;-232;72;552]
[02:03:01][BlockBreakEvent]: breaked minecraft:oak_leaves[distance=3,persistent=false] on [world;-232;72;553]
[02:03:01][BlockBreakEvent]: breaked minecraft:oak_leaves[distance=2,persistent=false] on [world;-231;72;553]
[02:03:01][BlockBreakEvent]: breaked minecraft:oak_leaves[distance=1,persistent=false] on [world;-231;73;554]
[02:03:01][BlockBreakEvent]: breaked minecraft:oak_leaves[distance=1,persistent=false] on [world;-231;72;554]
[02:03:02][BlockBreakEvent]: breaked minecraft:oak_leaves[distance=2,persistent=false] on [world;-232;72;554]
[02:03:02][BlockBreakEvent]: breaked minecraft:oak_leaves[distance=3,persistent=false] on [world;-232;71;553]
[02:03:02][BlockBreakEvent]: breaked minecraft:oak_leaves[distance=4,persistent=false] on [world;-233;71;553]
[02:03:02][BlockBreakEvent]: breaked minecraft:oak_leaves[distance=2,persistent=false] on [world;-232;71;554]
[02:03:02][BlockBreakEvent]: breaked minecraft:oak_leaves[distance=1,persistent=false] on [world;-232;72;555]
[02:03:02][BlockBreakEvent]: breaked minecraft:oak_leaves[distance=3,persistent=false] on [world;-233;71;554]
[02:03:02][BlockBreakEvent]: breaked minecraft:oak_leaves[distance=2,persistent=false] on [world;-232;72;556]
[02:03:02][BlockBreakEvent]: breaked minecraft:oak_leaves[distance=3,persistent=false] on [world;-232;72;557]
[02:03:02][BlockBreakEvent]: breaked minecraft:oak_leaves[distance=4,persistent=false] on [world;-233;72;554]
[02:03:02][BlockBreakEvent]: breaked minecraft:oak_leaves[distance=3,persistent=false] on [world;-233;72;555]
[02:03:02][BlockBreakEvent]: breaked minecraft:oak_leaves[distance=2,persistent=false] on [world;-233;71;555]
[02:03:02][BlockBreakEvent]: breaked minecraft:oak_leaves[distance=4,persistent=false] on [world;-233;72;556]
[02:03:03][BlockBreakEvent]: breaked minecraft:oak_leaves[distance=3,persistent=false] on [world;-233;71;556]
[02:03:03][BlockBreakEvent]: breaked minecraft:oak_leaves[distance=1,persistent=false] on [world;-232;71;555]
[02:03:03][BlockBreakEvent]: breaked minecraft:oak_leaves[distance=2,persistent=false] on [world;-232;71;556]
[02:03:03][BlockBreakEvent]: breaked minecraft:oak_leaves[distance=1,persistent=false] on [world;-231;72;556]
[02:03:03][BlockBreakEvent]: breaked minecraft:oak_leaves[distance=1,persistent=false] on [world;-231;71;556]
[02:03:03][BlockBreakEvent]: breaked minecraft:oak_leaves[distance=3,persistent=false] on [world;-231;72;557]
[02:03:03][BlockBreakEvent]: breaked minecraft:oak_leaves[distance=3,persistent=false] on [world;-230;72;557]
[02:03:03][BlockBreakEvent]: breaked minecraft:oak_leaves[distance=4,persistent=false] on [world;-231;71;557]
[02:03:03][BlockBreakEvent]: breaked minecraft:oak_leaves[distance=7,persistent=false] on [world;-232;71;557]
[02:03:04][BlockBreakEvent]: breaked minecraft:oak_leaves[distance=7,persistent=false] on [world;-233;71;557]
[02:03:05][BlockBreakEvent]: breaked minecraft:oak_leaves[distance=1,persistent=false] on [world;-232;73;555]
[02:03:05][BlockBreakEvent]: breaked minecraft:oak_leaves[distance=1,persistent=false] on [world;-231;73;556]
[02:03:06][BlockBreakEvent]: breaked minecraft:oak_leaves[distance=2,persistent=false] on [world;-231;74;556]
[02:03:06][BlockBreakEvent]: breaked minecraft:oak_leaves[distance=2,persistent=false] on [world;-232;74;555]
[02:03:06][BlockBreakEvent]: breaked minecraft:oak_leaves[distance=1,persistent=false] on [world;-231;74;555]
[02:03:06][BlockBreakEvent]: breaked minecraft:oak_leaves[distance=7,persistent=false] on [world;-231;74;554]
[02:03:06][BlockBreakEvent]: breaked minecraft:oak_leaves[distance=2,persistent=false] on [world;-230;72;554]
[02:03:06][BlockBreakEvent]: breaked minecraft:oak_leaves[distance=1,persistent=false] on [world;-231;71;554]
[02:03:07][BlockBreakEvent]: breaked minecraft:oak_leaves[distance=4,persistent=false] on [world;-230;72;553]
[02:03:07][BlockBreakEvent]: breaked minecraft:oak_leaves[distance=4,persistent=false] on [world;-231;71;553]
[02:03:07][BlockBreakEvent]: breaked minecraft:oak_leaves[distance=6,persistent=false] on [world;-231;72;552]
[02:03:07][BlockBreakEvent]: breaked minecraft:oak_leaves[distance=5,persistent=false] on [world;-230;72;552]
[02:03:07][BlockBreakEvent]: breaked minecraft:oak_leaves[distance=7,persistent=false] on [world;-230;72;551]
[02:03:07][BlockBreakEvent]: breaked minecraft:oak_leaves[distance=7,persistent=false] on [world;-230;73;551]
[02:03:07][BlockBreakEvent]: breaked minecraft:oak_leaves[distance=7,persistent=false] on [world;-231;72;551]
[02:03:07][BlockBreakEvent]: breaked minecraft:oak_leaves[distance=7,persistent=false] on [world;-231;73;551]
[02:03:07][BlockBreakEvent]: breaked minecraft:oak_leaves[distance=7,persistent=false] on [world;-231;73;550]
[02:03:07][BlockBreakEvent]: breaked minecraft:oak_leaves[distance=7,persistent=false] on [world;-232;72;551]
[02:03:08][BlockBreakEvent]: breaked minecraft:oak_leaves[distance=6,persistent=false] on [world;-229;72;551]
[02:03:08][BlockBreakEvent]: breaked minecraft:oak_leaves[distance=7,persistent=false] on [world;-230;72;550]
[02:03:08][BlockBreakEvent]: breaked minecraft:oak_leaves[distance=5,persistent=false] on [world;-229;72;552]
[02:03:08][BlockBreakEvent]: breaked minecraft:oak_leaves[distance=4,persistent=false] on [world;-230;71;552]
[02:03:08][BlockBreakEvent]: breaked minecraft:oak_leaves[distance=5,persistent=false] on [world;-229;71;552]
[02:03:08][BlockBreakEvent]: breaked minecraft:oak_leaves[distance=4,persistent=false] on [world;-229;71;553]
[02:03:08][BlockBreakEvent]: breaked minecraft:oak_leaves[distance=4,persistent=false] on [world;-229;72;553]
[02:03:08][BlockBreakEvent]: breaked minecraft:oak_leaves[distance=7,persistent=false] on [world;-231;73;552]
[02:03:09][BlockBreakEvent]: breaked minecraft:oak_leaves[distance=7,persistent=false] on [world;-232;73;552]
[02:03:09][BlockBreakEvent]: breaked minecraft:oak_leaves[distance=3,persistent=false] on [world;-230;71;553]
[02:03:09][BlockBreakEvent]: breaked minecraft:oak_leaves[distance=3,persistent=false] on [world;-229;72;554]
[02:03:09][BlockBreakEvent]: breaked minecraft:oak_leaves[distance=7,persistent=false] on [world;-228;72;553]
[02:03:09][BlockBreakEvent]: breaked minecraft:oak_leaves[distance=7,persistent=false] on [world;-229;73;552]
[02:03:09][BlockBreakEvent]: breaked minecraft:oak_leaves[distance=7,persistent=false] on [world;-228;73;553]
[02:03:10][BlockBreakEvent]: breaked minecraft:oak_leaves[distance=7,persistent=false] on [world;-227;72;553]
[02:03:10][BlockBreakEvent]: breaked minecraft:oak_leaves[distance=2,persistent=false] on [world;-229;71;555]
[02:03:10][BlockBreakEvent]: breaked minecraft:oak_leaves[distance=3,persistent=false] on [world;-229;71;554]
[02:03:10][BlockBreakEvent]: breaked minecraft:oak_leaves[distance=1,persistent=false] on [world;-230;71;555]
[02:03:10][BlockBreakEvent]: breaked minecraft:oak_leaves[distance=3,persistent=false] on [world;-230;71;556]
[02:03:11][BlockBreakEvent]: breaked minecraft:oak_leaves[distance=1,persistent=false] on [world;-230;72;555]
[02:03:11][BlockBreakEvent]: breaked minecraft:oak_leaves[distance=4,persistent=false] on [world;-230;72;556]
[02:03:11][BlockBreakEvent]: breaked minecraft:oak_leaves[distance=6,persistent=false] on [world;-229;72;555]
[02:03:11][BlockBreakEvent]: breaked minecraft:oak_leaves[distance=7,persistent=false] on [world;-229;71;556]
[02:03:11][BlockBreakEvent]: breaked minecraft:oak_leaves[distance=7,persistent=false] on [world;-230;71;557]
[02:03:11][BlockBreakEvent]: breaked minecraft:oak_leaves[distance=7,persistent=false] on [world;-229;72;556]
[02:03:12][BlockBreakEvent]: breaked minecraft:oak_leaves[distance=1,persistent=false] on [world;-230;73;555]
[02:03:12][BlockBreakEvent]: breaked minecraft:oak_leaves[distance=7,persistent=false] on [world;-230;74;555]
[02:03:52][BlockPlaceEvent]: placed minecraft:oak_leaves[distance=7,persistent=true] on [world;-344;26;540]
[02:03:53][BlockPlaceEvent]: placed minecraft:oak_leaves[distance=7,persistent=true] on [world;-344;26;541]
[02:03:53][BlockPlaceEvent]: placed minecraft:oak_leaves[distance=7,persistent=true] on [world;-345;26;539]
[02:03:54][BlockPlaceEvent]: placed minecraft:oak_leaves[distance=7,persistent=true] on [world;-345;26;540]
[02:03:54][BlockPlaceEvent]: placed minecraft:oak_leaves[distance=7,persistent=true] on [world;-345;26;541]
[02:03:54][BlockPlaceEvent]: placed minecraft:oak_leaves[distance=7,persistent=true] on [world;-345;26;542]
[02:03:55][BlockPlaceEvent]: placed minecraft:oak_leaves[distance=7,persistent=true] on [world;-345;26;543]
[02:03:55][BlockPlaceEvent]: placed minecraft:oak_leaves[distance=7,persistent=true] on [world;-345;26;544]
[02:03:55][BlockPlaceEvent]: placed minecraft:oak_leaves[distance=7,persistent=true] on [world;-345;26;545]
[02:03:55][BlockPlaceEvent]: placed minecraft:oak_leaves[distance=7,persistent=true] on [world;-345;26;546]
[02:03:56][BlockPlaceEvent]: placed minecraft:oak_leaves[distance=7,persistent=true] on [world;-344;26;546]
[02:03:57][BlockPlaceEvent]: placed minecraft:oak_leaves[distance=7,persistent=true] on [world;-344;26;545]
[02:03:58][BlockPlaceEvent]: placed minecraft:oak_leaves[distance=7,persistent=true] on [world;-344;26;544]
[02:03:58][BlockPlaceEvent]: placed minecraft:oak_leaves[distance=7,persistent=true] on [world;-344;26;543]
[02:03:58][BlockPlaceEvent]: placed minecraft:oak_leaves[distance=7,persistent=true] on [world;-344;26;542]
[02:03:59][BlockPlaceEvent]: placed minecraft:oak_leaves[distance=7,persistent=true] on [world;-344;25;540]
[02:04:00][BlockPlaceEvent]: placed minecraft:oak_leaves[distance=7,persistent=true] on [world;-343;26;539]
[02:04:00][BlockPlaceEvent]: placed minecraft:oak_leaves[distance=7,persistent=true] on [world;-343;25;539]
[02:04:01][BlockPlaceEvent]: placed minecraft:oak_leaves[distance=7,persistent=true] on [world;-344;26;539]
[02:04:02][BlockBreakEvent]: breaked minecraft:oak_leaves[distance=7,persistent=true] on [world;-344;25;540]
[02:04:02][BlockBreakEvent]: breaked minecraft:oak_leaves[distance=7,persistent=true] on [world;-343;25;539]
[02:04:03][BlockPlaceEvent]: placed minecraft:oak_leaves[distance=7,persistent=true] on [world;-343;26;540]
[02:04:03][BlockPlaceEvent]: placed minecraft:oak_leaves[distance=7,persistent=true] on [world;-342;26;541]
[02:04:03][BlockPlaceEvent]: placed minecraft:oak_leaves[distance=7,persistent=true] on [world;-343;26;541]
[02:04:04][BlockPlaceEvent]: placed minecraft:oak_leaves[distance=7,persistent=true] on [world;-343;26;542]
[02:04:06][BlockPlaceEvent]: placed minecraft:oak_leaves[distance=7,persistent=true] on [world;-343;26;543]
[02:04:06][BlockPlaceEvent]: placed minecraft:oak_leaves[distance=7,persistent=true] on [world;-343;26;544]
[02:04:06][BlockPlaceEvent]: placed minecraft:oak_leaves[distance=7,persistent=true] on [world;-343;26;545]
[02:04:07][BlockPlaceEvent]: placed minecraft:oak_leaves[distance=7,persistent=true] on [world;-342;26;546]
[02:04:08][BlockPlaceEvent]: placed minecraft:oak_leaves[distance=7,persistent=true] on [world;-343;26;546]
[02:04:08][BlockPlaceEvent]: placed minecraft:oak_leaves[distance=7,persistent=true] on [world;-341;26;544]
[02:04:09][BlockPlaceEvent]: placed minecraft:oak_leaves[distance=7,persistent=true] on [world;-341;26;545]
[02:04:09][BlockPlaceEvent]: placed minecraft:oak_leaves[distance=7,persistent=true] on [world;-342;26;545]
[02:04:10][BlockPlaceEvent]: placed minecraft:oak_leaves[distance=7,persistent=true] on [world;-342;26;544]
[02:04:10][BlockPlaceEvent]: placed minecraft:oak_leaves[distance=7,persistent=true] on [world;-342;26;543]
[02:04:10][BlockPlaceEvent]: placed minecraft:oak_leaves[distance=7,persistent=true] on [world;-342;25;543]
[02:04:11][BlockPlaceEvent]: placed minecraft:oak_leaves[distance=7,persistent=true] on [world;-342;24;543]
[02:04:12][BlockBreakEvent]: breaked minecraft:oak_leaves[distance=7,persistent=true] on [world;-342;24;543]
[02:04:12][BlockBreakEvent]: breaked minecraft:oak_leaves[distance=7,persistent=true] on [world;-342;25;543]
[02:04:13][BlockPlaceEvent]: placed minecraft:oak_leaves[distance=7,persistent=true] on [world;-341;26;543]
[02:04:14][BlockPlaceEvent]: placed minecraft:oak_leaves[distance=7,persistent=true] on [world;-340;26;542]
[02:04:15][BlockPlaceEvent]: placed minecraft:oak_leaves[distance=7,persistent=true] on [world;-342;26;542]
[02:04:15][BlockPlaceEvent]: placed minecraft:oak_leaves[distance=7,persistent=true] on [world;-341;26;542]
[02:04:16][BlockPlaceEvent]: placed minecraft:oak_leaves[distance=7,persistent=true] on [world;-341;26;539]
[02:04:17][BlockPlaceEvent]: placed minecraft:oak_leaves[distance=7,persistent=true] on [world;-341;26;540]
[02:04:17][BlockPlaceEvent]: placed minecraft:oak_leaves[distance=7,persistent=true] on [world;-342;26;540]
[02:04:18][BlockPlaceEvent]: placed minecraft:oak_leaves[distance=7,persistent=true] on [world;-342;26;539]
[02:04:18][BlockPlaceEvent]: placed minecraft:oak_leaves[distance=7,persistent=true] on [world;-341;25;540]
[02:04:18][BlockPlaceEvent]: placed minecraft:oak_leaves[distance=7,persistent=true] on [world;-340;26;541]
[02:04:19][BlockPlaceEvent]: placed minecraft:oak_leaves[distance=7,persistent=true] on [world;-341;26;541]
[02:04:20][BlockBreakEvent]: breaked minecraft:oak_leaves[distance=7,persistent=true] on [world;-341;25;540]
[02:04:20][BlockPlaceEvent]: placed minecraft:oak_leaves[distance=7,persistent=true] on [world;-340;26;540]
[02:04:23][BlockPlaceEvent]: placed minecraft:oak_leaves[distance=7,persistent=true] on [world;-340;26;539]
[02:04:26][BlockPlaceEvent]: placed minecraft:oak_leaves[distance=7,persistent=true] on [world;-341;26;546]
[02:04:26][BlockPlaceEvent]: placed minecraft:oak_leaves[distance=7,persistent=true] on [world;-340;26;546]
[02:04:27][BlockPlaceEvent]: placed minecraft:oak_leaves[distance=7,persistent=true] on [world;-340;26;545]
[02:04:29][BlockPlaceEvent]: placed minecraft:oak_leaves[distance=7,persistent=true] on [world;-340;26;543]
[02:04:29][BlockPlaceEvent]: placed minecraft:oak_leaves[distance=7,persistent=true] on [world;-340;26;544]
[02:04:43][BlockPlaceEvent]: placed minecraft:stone_bricks on [world;-340;24;538]
[02:04:43][BlockPlaceEvent]: placed minecraft:stone_bricks on [world;-340;25;538]
[02:04:43][BlockPlaceEvent]: placed minecraft:stone_bricks on [world;-341;25;538]
[02:04:44][BlockPlaceEvent]: placed minecraft:stone_bricks on [world;-341;24;538]
[02:04:44][BlockPlaceEvent]: placed minecraft:stone_bricks on [world;-341;23;538]
[02:04:44][BlockPlaceEvent]: placed minecraft:stone_bricks on [world;-342;25;538]
[02:04:45][BlockPlaceEvent]: placed minecraft:stone_bricks on [world;-343;25;538]
[02:04:45][BlockPlaceEvent]: placed minecraft:stone_bricks on [world;-343;24;538]
[02:04:46][BlockPlaceEvent]: placed minecraft:stone_bricks on [world;-342;24;538]
[02:04:46][BlockPlaceEvent]: placed minecraft:stone_bricks on [world;-342;23;538]
[02:04:46][BlockPlaceEvent]: placed minecraft:stone_bricks on [world;-343;23;538]
[02:04:51][BlockBreakEvent]: breaked minecraft:stone_bricks on [world;-342;23;538]
[02:04:51][BlockBreakEvent]: breaked minecraft:stone_bricks on [world;-343;23;538]
[02:05:07][BlockPlaceEvent]: placed minecraft:oak_log[axis=y] on [world;-340;21;543]
[02:05:07][BlockPlaceEvent]: placed minecraft:oak_log[axis=y] on [world;-341;21;543]
[02:05:07][BlockPlaceEvent]: placed minecraft:oak_log[axis=y] on [world;-342;21;543]
[02:05:08][BlockPlaceEvent]: placed minecraft:oak_log[axis=y] on [world;-341;21;542]
[02:05:08][BlockPlaceEvent]: placed minecraft:oak_log[axis=y] on [world;-341;21;541]
[02:05:09][BlockPlaceEvent]: placed minecraft:oak_log[axis=y] on [world;-340;21;541]
[02:05:09][BlockPlaceEvent]: placed minecraft:oak_log[axis=y] on [world;-341;21;540]
[02:05:10][BlockPlaceEvent]: placed minecraft:oak_log[axis=y] on [world;-340;21;540]
[02:05:10][BlockPlaceEvent]: placed minecraft:oak_log[axis=y] on [world;-340;21;539]
[02:05:10][BlockPlaceEvent]: placed minecraft:oak_log[axis=y] on [world;-340;22;539]
[02:05:10][BlockPlaceEvent]: placed minecraft:oak_log[axis=z] on [world;-341;21;539]
[02:05:15][BlockBreakEvent]: breaked minecraft:oak_log[axis=z] on [world;-341;21;539]
[02:05:19][BlockBreakEvent]: breaked minecraft:oak_log[axis=y] on [world;-340;22;539]
[02:05:21][BlockPlaceEvent]: placed minecraft:oak_log[axis=y] on [world;-341;21;539]
[02:06:11][BlockPlaceEvent]: placed minecraft:oak_leaves[distance=7,persistent=true] on [world;-343;23;538]
[02:06:11][BlockPlaceEvent]: placed minecraft:oak_leaves[distance=7,persistent=true] on [world;-342;23;538]
[02:06:12][BlockPlaceEvent]: placed minecraft:oak_leaves[distance=7,persistent=true] on [world;-342;22;538]
[02:06:13][BlockPlaceEvent]: placed minecraft:oak_leaves[distance=7,persistent=true] on [world;-343;22;538]
[02:06:17][BlockPlaceEvent]: placed minecraft:oak_leaves[distance=7,persistent=true] on [world;-339;23;548]
[02:06:17][BlockPlaceEvent]: placed minecraft:oak_leaves[distance=7,persistent=true] on [world;-339;22;548]
[02:06:18][BlockPlaceEvent]: placed minecraft:oak_leaves[distance=7,persistent=true] on [world;-340;24;548]
[02:06:19][BlockPlaceEvent]: placed minecraft:oak_leaves[distance=7,persistent=true] on [world;-340;23;548]
[02:06:19][BlockPlaceEvent]: placed minecraft:oak_leaves[distance=7,persistent=true] on [world;-340;22;548]
[02:06:20][BlockBreakEvent]: breaked minecraft:oak_leaves[distance=7,persistent=true] on [world;-340;23;548]
[02:06:21][BlockBreakEvent]: breaked minecraft:oak_leaves[distance=7,persistent=true] on [world;-340;22;548]
[02:06:31][BlockBreakEvent]: breaked minecraft:stone on [world;-345;23;548]
[02:06:32][BlockBreakEvent]: breaked minecraft:stone on [world;-345;24;548]
[02:06:33][BlockBreakEvent]: breaked minecraft:stone on [world;-345;22;548]
[02:06:47][BlockBreakEvent]: breaked minecraft:stone on [world;-346;23;548]
[02:06:48][BlockBreakEvent]: breaked minecraft:stone on [world;-346;22;548]
[02:06:48][BlockBreakEvent]: breaked minecraft:stone on [world;-346;24;548]
[02:06:50][BlockPlaceEvent]: placed minecraft:oak_leaves[distance=7,persistent=true] on [world;-346;22;548]
[02:06:50][BlockPlaceEvent]: placed minecraft:oak_leaves[distance=7,persistent=true] on [world;-346;23;548]
[02:06:50][BlockPlaceEvent]: placed minecraft:oak_leaves[distance=7,persistent=true] on [world;-345;24;548]
[02:06:51][BlockBreakEvent]: breaked minecraft:oak_leaves[distance=7,persistent=true] on [world;-345;24;548]
[02:06:53][BlockPlaceEvent]: placed minecraft:oak_leaves[distance=7,persistent=true] on [world;-346;24;548]
[02:07:18][BlockBreakEvent]: breaked minecraft:oak_leaves[distance=7,persistent=true] on [world;-340;24;548]
[02:07:20][BlockBreakEvent]: breaked minecraft:stone on [world;-339;24;548]
[02:07:21][BlockPlaceEvent]: placed minecraft:oak_leaves[distance=7,persistent=true] on [world;-339;24;548]
[02:08:27][BlockPlaceEvent]: placed minecraft:oak_leaves[distance=7,persistent=true] on [world;-344;21;549]
[02:08:28][BlockPlaceEvent]: placed minecraft:oak_leaves[distance=7,persistent=true] on [world;-344;21;550]
[02:08:34][BlockPlaceEvent]: placed minecraft:crafting_table on [world;-340;22;539]
