[00:01:13][EntityPickupItemEvent]: PLAYER picked up DIAMOND_PICKAXE
[00:08:31][EntityPickupItemEvent]: PLAYER picked up GUNPOWDER
[00:09:10][EntityPickupItemEvent]: PLAYER picked up BONE
[00:09:10][EntityPickupItemEvent]: PLAYER picked up ARROW
[00:09:31][EntityPickupItemEvent]: PLAYER picked up ARROW
[00:09:31][EntityPickupItemEvent]: PLAYER picked up BONE
[00:09:51][EntityPickupItemEvent]: PLAYER picked up FURNACE
[01:27:12][EntityPickupItemEvent]: PLAYER picked up IRON_SWORD
[01:27:45][EntityPickupItemEvent]: PLAYER picked up DIAMOND
[01:29:23][EntityPickupItemEvent]: PLAYER picked up CARROT
[01:37:39][EntityPickupItemEvent]: PLAYER picked up CARROT
[01:37:55][EntityPickupItemEvent]: PLAYER picked up CARROT
[01:38:05][EntityPickupItemEvent]: PLAYER picked up CARROT
[01:39:08][EntityPickupItemEvent]: PLAYER picked up COBBLESTONE
[01:39:08][EntityPickupItemEvent]: PLAYER picked up ANDESITE
[01:39:08][EntityPickupItemEvent]: PLAYER picked up COBBLESTONE
[01:39:09][EntityPickupItemEvent]: PLAYER picked up COBBLESTONE
[01:39:10][EntityPickupItemEvent]: PLAYER picked up COBBLESTONE
[01:39:10][EntityPickupItemEvent]: PLAYER picked up COBBLESTONE
[01:39:37][EntityPickupItemEvent]: PLAYER picked up COBBLESTONE
[01:39:43][EntityPickupItemEvent]: PLAYER picked up COBBLESTONE
[01:39:48][EntityPickupItemEvent]: PLAYER picked up TORCH
[01:39:48][EntityPickupItemEvent]: PLAYER picked up COBBLESTONE
[01:39:48][EntityPickupItemEvent]: PLAYER picked up COBBLESTONE
[01:39:49][EntityPickupItemEvent]: PLAYER picked up COBBLESTONE
[01:39:50][EntityPickupItemEvent]: PLAYER picked up COBBLESTONE
[01:39:51][EntityPickupItemEvent]: PLAYER picked up FLINT
[01:40:00][EntityPickupItemEvent]: PLAYER picked up COBBLESTONE
[01:40:12][EntityPickupItemEvent]: PLAYER picked up COBBLESTONE
[01:40:51][EntityPickupItemEvent]: PLAYER picked up FLINT
[01:40:57][EntityPickupItemEvent]: PLAYER picked up FLINT
[01:40:57][EntityPickupItemEvent]: PLAYER picked up FLINT
[01:40:59][EntityPickupItemEvent]: PLAYER picked up FLINT
[01:41:08][EntityPickupItemEvent]: PLAYER picked up COBBLESTONE
[01:41:11][EntityPickupItemEvent]: PLAYER picked up ANDESITE
[01:41:11][EntityPickupItemEvent]: PLAYER picked up ANDESITE
[01:41:11][EntityPickupItemEvent]: PLAYER picked up ANDESITE
[01:41:17][EntityPickupItemEvent]: PLAYER picked up ANDESITE
[01:41:18][EntityPickupItemEvent]: PLAYER picked up ANDESITE
[01:41:19][EntityPickupItemEvent]: PLAYER picked up COBBLESTONE
[01:41:20][EntityPickupItemEvent]: PLAYER picked up COBBLESTONE
[01:41:22][EntityPickupItemEvent]: PLAYER picked up COBBLESTONE
[01:41:23][EntityPickupItemEvent]: PLAYER picked up COBBLESTONE
[01:41:24][EntityPickupItemEvent]: PLAYER picked up TORCH
[01:41:26][EntityPickupItemEvent]: PLAYER picked up COBBLESTONE
[01:41:27][EntityPickupItemEvent]: PLAYER picked up COBBLESTONE
[01:41:28][EntityPickupItemEvent]: PLAYER picked up STONE_BRICKS
[01:41:29][EntityPickupItemEvent]: PLAYER picked up STONE_BRICKS
[01:41:43][EntityPickupItemEvent]: PLAYER picked up STONE_BRICKS
[01:41:43][EntityPickupItemEvent]: PLAYER picked up STONE_BRICKS
[01:41:58][EntityPickupItemEvent]: PLAYER picked up COBBLESTONE
[01:42:10][EntityPickupItemEvent]: PLAYER picked up STONE_BRICKS
[01:42:23][EntityPickupItemEvent]: PLAYER picked up GRAVEL
[01:42:27][EntityPickupItemEvent]: PLAYER picked up GRAVEL
[01:42:27][EntityPickupItemEvent]: PLAYER picked up GRAVEL
[01:42:28][EntityPickupItemEvent]: PLAYER picked up GRAVEL
[01:42:29][EntityPickupItemEvent]: PLAYER picked up FLINT
[01:42:35][EntityPickupItemEvent]: PLAYER picked up GRANITE
[01:42:35][EntityPickupItemEvent]: PLAYER picked up GRANITE
[01:42:39][EntityPickupItemEvent]: PLAYER picked up COBBLESTONE
[01:42:40][EntityPickupItemEvent]: PLAYER picked up COBBLESTONE
[01:42:41][EntityPickupItemEvent]: PLAYER picked up COBBLESTONE
[01:42:44][EntityPickupItemEvent]: PLAYER picked up COBBLESTONE
[01:42:44][EntityPickupItemEvent]: PLAYER picked up COBBLESTONE
[01:42:46][EntityPickupItemEvent]: PLAYER picked up GRAVEL
[01:42:47][EntityPickupItemEvent]: PLAYER picked up GRANITE
[01:42:48][EntityPickupItemEvent]: PLAYER picked up COBBLESTONE
[01:42:49][EntityPickupItemEvent]: PLAYER picked up COBBLESTONE
[01:42:56][EntityPickupItemEvent]: PLAYER picked up COBBLESTONE
[01:43:13][EntityPickupItemEvent]: PLAYER picked up ANDESITE
[01:43:15][EntityPickupItemEvent]: PLAYER picked up GOLD_ORE
[01:46:03][EntityPickupItemEvent]: PLAYER picked up GRANITE
[01:46:07][EntityPickupItemEvent]: PLAYER picked up STONE
[01:46:59][EntityPickupItemEvent]: PLAYER picked up GRANITE
[01:47:14][EntityPickupItemEvent]: PLAYER picked up GRANITE
[01:49:10][EntityPickupItemEvent]: PLAYER picked up ANDESITE
[01:49:19][EntityPickupItemEvent]: PLAYER picked up GRAVEL
[01:49:28][EntityPickupItemEvent]: PLAYER picked up GRAVEL
[01:49:33][EntityPickupItemEvent]: PLAYER picked up GRANITE
[01:49:35][EntityPickupItemEvent]: PLAYER picked up GRANITE
[01:49:37][EntityPickupItemEvent]: PLAYER picked up GRANITE
[01:49:38][EntityPickupItemEvent]: PLAYER picked up GRAVEL
[01:49:43][EntityPickupItemEvent]: PLAYER picked up ANDESITE
[01:49:44][EntityPickupItemEvent]: PLAYER picked up ANDESITE
[01:49:45][EntityPickupItemEvent]: PLAYER picked up ANDESITE
[01:49:53][EntityPickupItemEvent]: PLAYER picked up STONE
[01:50:18][EntityPickupItemEvent]: PLAYER picked up STONE_BRICKS
[01:50:42][EntityPickupItemEvent]: PLAYER picked up STONE_BRICKS
[01:50:42][EntityPickupItemEvent]: PLAYER picked up ANDESITE
[01:50:55][EntityPickupItemEvent]: PLAYER picked up COBBLESTONE
[01:50:55][EntityPickupItemEvent]: PLAYER picked up COBBLESTONE
[01:50:57][EntityPickupItemEvent]: PLAYER picked up GRANITE
[01:50:58][EntityPickupItemEvent]: PLAYER picked up COBBLESTONE
[01:51:32][EntityPickupItemEvent]: PLAYER picked up COBBLESTONE
[01:51:32][EntityPickupItemEvent]: PLAYER picked up COBBLESTONE
[01:51:33][EntityPickupItemEvent]: PLAYER picked up COBBLESTONE
[01:51:37][EntityPickupItemEvent]: PLAYER picked up COBBLESTONE
[01:51:38][EntityPickupItemEvent]: PLAYER picked up COBBLESTONE
[01:51:39][EntityPickupItemEvent]: PLAYER picked up COBBLESTONE
[01:51:43][EntityPickupItemEvent]: PLAYER picked up COBBLESTONE
[01:51:44][EntityPickupItemEvent]: PLAYER picked up COBBLESTONE
[01:51:44][EntityPickupItemEvent]: PLAYER picked up COBBLESTONE
[01:51:51][EntityPickupItemEvent]: PLAYER picked up COBBLESTONE
[01:51:52][EntityPickupItemEvent]: PLAYER picked up COBBLESTONE
[01:51:54][EntityPickupItemEvent]: PLAYER picked up COBBLESTONE
[01:51:55][EntityPickupItemEvent]: PLAYER picked up GRAVEL
[01:51:55][EntityPickupItemEvent]: PLAYER picked up GRAVEL
[01:51:56][EntityPickupItemEvent]: PLAYER picked up GRAVEL
[01:51:56][EntityPickupItemEvent]: PLAYER picked up GRAVEL
[01:51:56][EntityPickupItemEvent]: PLAYER picked up GRAVEL
[01:51:57][EntityPickupItemEvent]: PLAYER picked up GRAVEL
[01:51:58][EntityPickupItemEvent]: PLAYER picked up GRAVEL
[01:51:58][EntityPickupItemEvent]: PLAYER picked up GRAVEL
[01:52:05][EntityPickupItemEvent]: PLAYER picked up COBBLESTONE
[01:52:06][EntityPickupItemEvent]: PLAYER picked up COBBLESTONE
[01:52:06][EntityPickupItemEvent]: PLAYER picked up COBBLESTONE
[01:52:10][EntityPickupItemEvent]: PLAYER picked up ANDESITE
[01:53:25][EntityPickupItemEvent]: PLAYER picked up OAK_LOG
[01:54:28][EntityPickupItemEvent]: PLAYER picked up COBBLESTONE
[01:54:28][EntityPickupItemEvent]: PLAYER picked up COBBLESTONE
[01:54:30][EntityPickupItemEvent]: PLAYER picked up COBBLESTONE
[01:54:30][EntityPickupItemEvent]: PLAYER picked up COBBLESTONE
[01:54:31][EntityPickupItemEvent]: PLAYER picked up COBBLESTONE
[01:54:31][EntityPickupItemEvent]: PLAYER picked up COBBLESTONE
[01:54:33][EntityPickupItemEvent]: PLAYER picked up COBBLESTONE
[01:54:33][EntityPickupItemEvent]: PLAYER picked up COBBLESTONE
[01:54:33][EntityPickupItemEvent]: PLAYER picked up COBBLESTONE
[01:54:34][EntityPickupItemEvent]: PLAYER picked up COBBLESTONE
[01:54:35][EntityPickupItemEvent]: PLAYER picked up COBBLESTONE
[01:54:35][EntityPickupItemEvent]: PLAYER picked up COBBLESTONE
[01:54:35][EntityPickupItemEvent]: PLAYER picked up COBBLESTONE
[01:54:36][EntityPickupItemEvent]: PLAYER picked up COBBLESTONE
[01:54:37][EntityPickupItemEvent]: PLAYER picked up COBBLESTONE
[01:54:37][EntityPickupItemEvent]: PLAYER picked up COBBLESTONE
[01:54:37][EntityPickupItemEvent]: PLAYER picked up COBBLESTONE
[01:54:38][EntityPickupItemEvent]: PLAYER picked up COBBLESTONE
[01:54:39][EntityPickupItemEvent]: PLAYER picked up COBBLESTONE
[01:54:39][EntityPickupItemEvent]: PLAYER picked up COBBLESTONE
[01:54:40][EntityPickupItemEvent]: PLAYER picked up COBBLESTONE
[01:54:41][EntityPickupItemEvent]: PLAYER picked up COBBLESTONE
[01:54:41][EntityPickupItemEvent]: PLAYER picked up COBBLESTONE
[01:54:41][EntityPickupItemEvent]: PLAYER picked up COBBLESTONE
[01:55:05][EntityPickupItemEvent]: PLAYER picked up OAK_LOG
[01:55:06][EntityPickupItemEvent]: PLAYER picked up OAK_LOG
[01:55:10][EntityPickupItemEvent]: PLAYER picked up CHEST
[01:55:12][EntityPickupItemEvent]: PLAYER picked up LEATHER
[01:55:23][EntityPickupItemEvent]: PLAYER picked up ANDESITE
[01:55:45][EntityPickupItemEvent]: PLAYER picked up DIRT
[01:55:45][EntityPickupItemEvent]: PLAYER picked up DIRT
[01:55:45][EntityPickupItemEvent]: PLAYER picked up DIRT
[01:55:45][EntityPickupItemEvent]: PLAYER picked up DIRT
[01:55:45][EntityPickupItemEvent]: PLAYER picked up DIRT
[01:55:45][EntityPickupItemEvent]: PLAYER picked up COBBLESTONE
[01:55:45][EntityPickupItemEvent]: PLAYER picked up COBBLESTONE
[01:55:45][EntityPickupItemEvent]: PLAYER picked up COBBLESTONE
[01:55:45][EntityPickupItemEvent]: PLAYER picked up COBBLESTONE
[01:55:45][EntityPickupItemEvent]: PLAYER picked up COBBLESTONE
[01:55:45][EntityPickupItemEvent]: PLAYER picked up COBBLESTONE
[01:55:45][EntityPickupItemEvent]: PLAYER picked up COBBLESTONE
[01:55:45][EntityPickupItemEvent]: PLAYER picked up COBBLESTONE
[01:55:45][EntityPickupItemEvent]: PLAYER picked up SALMON
[01:55:45][EntityPickupItemEvent]: PLAYER picked up BIRCH_LOG
[01:55:45][EntityPickupItemEvent]: PLAYER picked up BIRCH_LOG
[01:55:45][EntityPickupItemEvent]: PLAYER picked up OAK_LOG
[01:55:45][EntityPickupItemEvent]: PLAYER picked up OAK_LOG
[01:55:45][EntityPickupItemEvent]: PLAYER picked up OAK_LOG
[01:55:45][EntityPickupItemEvent]: PLAYER picked up APPLE
[01:55:45][EntityPickupItemEvent]: PLAYER picked up COBBLESTONE
[01:55:45][EntityPickupItemEvent]: PLAYER picked up COBBLESTONE
[01:55:45][EntityPickupItemEvent]: PLAYER picked up COBBLESTONE
[01:55:45][EntityPickupItemEvent]: PLAYER picked up COAL
[01:55:45][EntityPickupItemEvent]: PLAYER picked up COBBLESTONE
[01:55:45][EntityPickupItemEvent]: PLAYER picked up COBBLESTONE
[01:55:45][EntityPickupItemEvent]: PLAYER picked up COBBLESTONE
[01:55:45][EntityPickupItemEvent]: PLAYER picked up COBBLESTONE
[01:55:45][EntityPickupItemEvent]: PLAYER picked up OAK_LOG
[01:55:45][EntityPickupItemEvent]: PLAYER picked up OAK_LOG
[01:55:45][EntityPickupItemEvent]: PLAYER picked up OAK_LOG
[01:55:45][EntityPickupItemEvent]: PLAYER picked up OAK_LOG
[01:55:45][EntityPickupItemEvent]: PLAYER picked up COBBLESTONE
[01:55:45][EntityPickupItemEvent]: PLAYER picked up REDSTONE
[01:55:45][EntityPickupItemEvent]: PLAYER picked up REDSTONE
[01:55:45][EntityPickupItemEvent]: PLAYER picked up REDSTONE
[01:55:45][EntityPickupItemEvent]: PLAYER picked up REDSTONE
[01:55:45][EntityPickupItemEvent]: PLAYER picked up GOLD_INGOT
[01:55:46][EntityPickupItemEvent]: PLAYER picked up CHEST
[01:55:46][EntityPickupItemEvent]: PLAYER picked up LAPIS_LAZULI
[01:55:46][EntityPickupItemEvent]: PLAYER picked up LAPIS_LAZULI
[01:55:46][EntityPickupItemEvent]: PLAYER picked up OAK_FENCE
[01:55:46][EntityPickupItemEvent]: PLAYER picked up SPIDER_EYE
[01:55:46][EntityPickupItemEvent]: PLAYER picked up OAK_PLANKS
[01:55:46][EntityPickupItemEvent]: PLAYER picked up OAK_PLANKS
[01:55:46][EntityPickupItemEvent]: PLAYER picked up OAK_PLANKS
[01:55:46][EntityPickupItemEvent]: PLAYER picked up ROTTEN_FLESH
[01:55:46][EntityPickupItemEvent]: PLAYER picked up GOLD_ORE
[01:55:46][EntityPickupItemEvent]: PLAYER picked up DIRT
[01:55:46][EntityPickupItemEvent]: PLAYER picked up DIRT
[01:55:46][EntityPickupItemEvent]: PLAYER picked up ANDESITE
[01:55:46][EntityPickupItemEvent]: PLAYER picked up WHITE_WOOL
[01:55:46][EntityPickupItemEvent]: PLAYER picked up POPPY
[01:55:46][EntityPickupItemEvent]: PLAYER picked up STICK
[01:55:46][EntityPickupItemEvent]: PLAYER picked up OAK_BUTTON
[01:55:46][EntityPickupItemEvent]: PLAYER picked up COBBLESTONE
[01:55:46][EntityPickupItemEvent]: PLAYER picked up COBBLESTONE
[01:55:46][EntityPickupItemEvent]: PLAYER picked up COBBLESTONE
[01:55:46][EntityPickupItemEvent]: PLAYER picked up COBBLESTONE
[01:55:46][EntityPickupItemEvent]: PLAYER picked up OAK_FENCE
[01:55:46][EntityPickupItemEvent]: PLAYER picked up LAPIS_LAZULI
[01:55:46][EntityPickupItemEvent]: PLAYER picked up LAPIS_LAZULI
[01:55:46][EntityPickupItemEvent]: PLAYER picked up LAPIS_LAZULI
[01:55:47][EntityPickupItemEvent]: PLAYER picked up CHEST
[01:56:05][EntityPickupItemEvent]: PLAYER picked up SWEET_BERRIES
[01:56:05][EntityPickupItemEvent]: PLAYER picked up IRON_DOOR
[01:56:05][EntityPickupItemEvent]: PLAYER picked up COD
[01:56:05][EntityPickupItemEvent]: PLAYER picked up LEATHER
[01:56:05][EntityPickupItemEvent]: PLAYER picked up BIRCH_SAPLING
[01:56:05][EntityPickupItemEvent]: PLAYER picked up SADDLE
[01:56:05][EntityPickupItemEvent]: PLAYER picked up BEETROOT_SEEDS
[01:56:05][EntityPickupItemEvent]: PLAYER picked up POTATO
[01:56:05][EntityPickupItemEvent]: PLAYER picked up WHEAT_SEEDS
[01:56:05][EntityPickupItemEvent]: PLAYER picked up PUMPKIN
[01:56:07][EntityPickupItemEvent]: PLAYER picked up GRAVEL
[02:02:17][EntityPickupItemEvent]: PLAYER picked up STONE
[02:03:01][EntityPickupItemEvent]: PLAYER picked up OAK_LEAVES
[02:03:06][EntityPickupItemEvent]: PLAYER picked up OAK_LEAVES
[02:03:07][EntityPickupItemEvent]: PLAYER picked up STICK
[02:03:10][EntityPickupItemEvent]: PLAYER picked up OAK_LEAVES
[02:03:11][EntityPickupItemEvent]: PLAYER picked up OAK_LEAVES
[02:03:13][EntityPickupItemEvent]: PLAYER picked up OAK_LEAVES
[02:04:52][EntityPickupItemEvent]: PLAYER picked up STONE_BRICKS
[02:05:16][EntityPickupItemEvent]: PLAYER picked up OAK_LOG
[02:05:19][EntityPickupItemEvent]: PLAYER picked up OAK_LOG
[02:06:43][EntityPickupItemEvent]: PLAYER picked up COBBLESTONE
[02:06:48][EntityPickupItemEvent]: PLAYER picked up COBBLESTONE
[02:06:49][EntityPickupItemEvent]: PLAYER picked up COBBLESTONE
[02:07:24][EntityPickupItemEvent]: PLAYER picked up COBBLESTONE
[02:08:18][EntityPickupItemEvent]: PLAYER picked up CARROT
