[12:30:48][EntityPickupItemEvent]: PLAYER picked up SPRUCE_LOG
[12:30:52][EntityPickupItemEvent]: PLAYER picked up SPRUCE_LOG
[12:30:55][EntityPickupItemEvent]: PLAYER picked up SPRUCE_LOG
[12:30:59][EntityPickupItemEvent]: PLAYER picked up SPRUCE_LOG
[12:31:02][EntityPickupItemEvent]: PLAYER picked up SPRUCE_LOG
[12:31:06][EntityPickupItemEvent]: PLAYER picked up SPRUCE_LOG
[12:31:09][EntityPickupItemEvent]: PLAYER picked up SPRUCE_LOG
[12:31:13][EntityPickupItemEvent]: PLAYER picked up SPRUCE_LOG
[12:31:16][EntityPickupItemEvent]: PLAYER picked up SPRUCE_LOG
[12:31:49][EntityPickupItemEvent]: PLAYER picked up DIRT
[12:31:51][EntityPickupItemEvent]: PLAYER picked up DIRT
[12:31:52][EntityPickupItemEvent]: PLAYER picked up DIRT
[12:31:53][EntityPickupItemEvent]: PLAYER picked up DIRT
[12:31:56][EntityPickupItemEvent]: PLAYER picked up COBBLESTONE
[12:31:58][EntityPickupItemEvent]: PLAYER picked up COBBLESTONE
[12:32:04][EntityPickupItemEvent]: PLAYER picked up COBBLESTONE
[12:32:05][EntityPickupItemEvent]: PLAYER picked up COBBLESTONE
[12:32:07][EntityPickupItemEvent]: PLAYER picked up COBBLESTONE
[12:32:08][EntityPickupItemEvent]: PLAYER picked up COBBLESTONE
[12:32:13][EntityPickupItemEvent]: PLAYER picked up COBBLESTONE
[12:32:13][EntityPickupItemEvent]: PLAYER picked up COBBLESTONE
[12:32:15][EntityPickupItemEvent]: PLAYER picked up COBBLESTONE
[12:32:16][EntityPickupItemEvent]: PLAYER picked up COBBLESTONE
[12:32:18][EntityPickupItemEvent]: PLAYER picked up COBBLESTONE
[12:32:45][EntityPickupItemEvent]: PLAYER picked up COBBLESTONE
[12:32:46][EntityPickupItemEvent]: PLAYER picked up COBBLESTONE
[12:32:47][EntityPickupItemEvent]: PLAYER picked up COBBLESTONE
[12:32:52][EntityPickupItemEvent]: PLAYER picked up COBBLESTONE
[12:32:54][EntityPickupItemEvent]: PLAYER picked up COBBLESTONE
[12:32:55][EntityPickupItemEvent]: PLAYER picked up COBBLESTONE
[12:33:19][EntityPickupItemEvent]: PLAYER picked up CRAFTING_TABLE
[12:33:24][EntityPickupItemEvent]: PLAYER picked up DIRT
[12:33:47][EntityPickupItemEvent]: PLAYER picked up ARROW
[12:34:06][EntityPickupItemEvent]: PLAYER picked up SWEET_BERRIES
[12:35:26][EntityPickupItemEvent]: PLAYER picked up LEATHER
[12:35:27][EntityPickupItemEvent]: PLAYER picked up BEEF
[12:35:50][EntityPickupItemEvent]: PLAYER picked up COAL
[12:36:02][EntityPickupItemEvent]: PLAYER picked up DIORITE
[12:36:04][EntityPickupItemEvent]: PLAYER picked up DIORITE
[12:36:05][EntityPickupItemEvent]: PLAYER picked up COAL
[12:36:05][EntityPickupItemEvent]: PLAYER picked up DIORITE
[12:36:11][EntityPickupItemEvent]: PLAYER picked up IRON_ORE
[12:36:16][EntityPickupItemEvent]: PLAYER picked up IRON_ORE
[12:36:16][EntityPickupItemEvent]: PLAYER picked up COBBLESTONE
[12:36:18][EntityPickupItemEvent]: PLAYER picked up IRON_ORE
[12:36:21][EntityPickupItemEvent]: PLAYER picked up IRON_ORE
[12:36:22][EntityPickupItemEvent]: PLAYER picked up COBBLESTONE
[12:36:40][EntityPickupItemEvent]: PLAYER picked up CRAFTING_TABLE
[12:36:47][EntityPickupItemEvent]: PLAYER picked up DIRT
[12:36:53][EntityPickupItemEvent]: PLAYER picked up WHEAT_SEEDS
[12:36:58][EntityPickupItemEvent]: PLAYER picked up WHEAT_SEEDS
[12:36:59][EntityPickupItemEvent]: PLAYER picked up WHEAT_SEEDS
[12:37:01][EntityPickupItemEvent]: PLAYER picked up WHEAT_SEEDS
[12:37:02][EntityPickupItemEvent]: PLAYER picked up WHEAT_SEEDS
[12:37:04][EntityPickupItemEvent]: PLAYER picked up WHEAT_SEEDS
[12:37:05][EntityPickupItemEvent]: PLAYER picked up WHEAT_SEEDS
[12:37:07][EntityPickupItemEvent]: PLAYER picked up WHEAT_SEEDS
[12:37:12][EntityPickupItemEvent]: PLAYER picked up WHEAT_SEEDS
[12:37:17][EntityPickupItemEvent]: PLAYER picked up WHEAT_SEEDS
[12:37:25][EntityPickupItemEvent]: PLAYER picked up WHEAT_SEEDS
[12:37:49][EntityPickupItemEvent]: PLAYER picked up FURNACE
[12:38:25][EntityPickupItemEvent]: PLAYER picked up CRAFTING_TABLE
[12:38:42][EntityPickupItemEvent]: PLAYER picked up OAK_LOG
[12:38:43][EntityPickupItemEvent]: PLAYER picked up OAK_LOG
[12:38:44][EntityPickupItemEvent]: PLAYER picked up OAK_LOG
[12:38:45][EntityPickupItemEvent]: PLAYER picked up OAK_LOG
[12:38:47][EntityPickupItemEvent]: PLAYER picked up OAK_LOG
[12:38:48][EntityPickupItemEvent]: PLAYER picked up OAK_SAPLING
[12:38:49][EntityPickupItemEvent]: PLAYER picked up OAK_LOG
[12:38:52][EntityPickupItemEvent]: PLAYER picked up OAK_LOG
[12:38:53][EntityPickupItemEvent]: PLAYER picked up OAK_LOG
[12:38:54][EntityPickupItemEvent]: PLAYER picked up OAK_LOG
[12:38:56][EntityPickupItemEvent]: PLAYER picked up OAK_LOG
[12:38:58][EntityPickupItemEvent]: PLAYER picked up OAK_LOG
[12:38:59][EntityPickupItemEvent]: PLAYER picked up OAK_LOG
[12:39:03][EntityPickupItemEvent]: PLAYER picked up OAK_LOG
[12:39:04][EntityPickupItemEvent]: PLAYER picked up OAK_LOG
[12:39:06][EntityPickupItemEvent]: PLAYER picked up OAK_LOG
[12:39:09][EntityPickupItemEvent]: PLAYER picked up OAK_LOG
[12:39:14][EntityPickupItemEvent]: PLAYER picked up OAK_LOG
[12:39:16][EntityPickupItemEvent]: PLAYER picked up STICK
[12:39:20][EntityPickupItemEvent]: PLAYER picked up OAK_LOG
[12:39:23][EntityPickupItemEvent]: PLAYER picked up OAK_LOG
[12:39:24][EntityPickupItemEvent]: PLAYER picked up OAK_LOG
[12:39:25][EntityPickupItemEvent]: PLAYER picked up OAK_LOG
[12:39:27][EntityPickupItemEvent]: PLAYER picked up OAK_LOG
[12:39:28][EntityPickupItemEvent]: PLAYER picked up OAK_LOG
[12:39:32][EntityPickupItemEvent]: PLAYER picked up OAK_LOG
[12:39:33][EntityPickupItemEvent]: PLAYER picked up OAK_LOG
[12:39:34][EntityPickupItemEvent]: PLAYER picked up OAK_LOG
[12:39:36][EntityPickupItemEvent]: PLAYER picked up OAK_LOG
[12:39:37][EntityPickupItemEvent]: PLAYER picked up OAK_LOG
[12:39:39][EntityPickupItemEvent]: PLAYER picked up OAK_LOG
[12:40:06][EntityPickupItemEvent]: PLAYER picked up SPRUCE_BOAT
[12:40:12][EntityPickupItemEvent]: PLAYER picked up CRAFTING_TABLE
[12:40:13][EntityPickupItemEvent]: PLAYER picked up OAK_LOG
[12:40:15][EntityPickupItemEvent]: PLAYER picked up OAK_LOG
[12:40:16][EntityPickupItemEvent]: PLAYER picked up OAK_LOG
[12:40:18][EntityPickupItemEvent]: PLAYER picked up OAK_LOG
[12:40:19][EntityPickupItemEvent]: PLAYER picked up OAK_LOG
[12:40:20][EntityPickupItemEvent]: PLAYER picked up OAK_LOG
[12:40:22][EntityPickupItemEvent]: PLAYER picked up OAK_LOG
[12:40:24][EntityPickupItemEvent]: PLAYER picked up OAK_LOG
[12:40:26][EntityPickupItemEvent]: PLAYER picked up OAK_LOG
[12:40:28][EntityPickupItemEvent]: PLAYER picked up OAK_LOG
[12:41:30][EntityPickupItemEvent]: PLAYER picked up COBBLESTONE
[12:41:38][EntityPickupItemEvent]: PLAYER picked up COBBLESTONE
[12:41:39][EntityPickupItemEvent]: PLAYER picked up COBBLESTONE
[12:43:45][EntityPickupItemEvent]: PLAYER picked up DIRT
[12:46:10][EntityPickupItemEvent]: PLAYER picked up SWEET_BERRIES
[12:46:31][EntityPickupItemEvent]: PLAYER picked up WHEAT_SEEDS
[12:46:32][EntityPickupItemEvent]: PLAYER picked up DIRT
[12:46:35][EntityPickupItemEvent]: PLAYER picked up DIRT
[12:46:41][EntityPickupItemEvent]: PLAYER picked up SWEET_BERRIES
[12:46:46][EntityPickupItemEvent]: PLAYER picked up DIRT
[12:47:24][EntityPickupItemEvent]: PLAYER picked up SWEET_BERRIES
[12:47:39][EntityPickupItemEvent]: PLAYER picked up WHEAT_SEEDS
[12:48:06][EntityPickupItemEvent]: PLAYER picked up SWEET_BERRIES
[12:48:15][EntityPickupItemEvent]: PLAYER picked up DIRT
[12:48:16][EntityPickupItemEvent]: PLAYER picked up DIRT
[12:48:18][EntityPickupItemEvent]: PLAYER picked up DIRT
[12:48:21][EntityPickupItemEvent]: PLAYER picked up DIRT
[12:48:22][EntityPickupItemEvent]: PLAYER picked up DIRT
[12:49:03][EntityPickupItemEvent]: PLAYER picked up SWEET_BERRIES
[12:49:04][EntityPickupItemEvent]: PLAYER picked up SWEET_BERRIES
[12:49:06][EntityPickupItemEvent]: PLAYER picked up SWEET_BERRIES
[12:49:08][EntityPickupItemEvent]: PLAYER picked up SWEET_BERRIES
[12:49:10][EntityPickupItemEvent]: PLAYER picked up BEEF
[12:49:23][EntityPickupItemEvent]: PLAYER picked up LEATHER
[12:49:23][EntityPickupItemEvent]: PLAYER picked up BEEF
[12:49:51][EntityPickupItemEvent]: PLAYER picked up SWEET_BERRIES
[12:50:26][EntityPickupItemEvent]: PLAYER picked up DIRT
[12:50:27][EntityPickupItemEvent]: PLAYER picked up DIRT
[12:50:30][EntityPickupItemEvent]: PLAYER picked up DIRT
[12:50:34][EntityPickupItemEvent]: PLAYER picked up DIRT
[12:50:36][EntityPickupItemEvent]: PLAYER picked up DIRT
[12:50:37][EntityPickupItemEvent]: PLAYER picked up DIRT
[12:56:44][EntityPickupItemEvent]: PLAYER picked up COBBLESTONE
[12:56:58][EntityPickupItemEvent]: PLAYER picked up FLINT
[13:00:42][EntityPickupItemEvent]: PLAYER picked up DIRT
[13:01:01][EntityPickupItemEvent]: PLAYER picked up SPRUCE_BOAT
[13:01:24][EntityPickupItemEvent]: PLAYER picked up CRAFTING_TABLE
[13:01:26][EntityPickupItemEvent]: PLAYER picked up SNOWBALL
[13:01:27][EntityPickupItemEvent]: PLAYER picked up SNOWBALL
[13:01:28][EntityPickupItemEvent]: PLAYER picked up SNOWBALL
[13:01:29][EntityPickupItemEvent]: PLAYER picked up SNOWBALL
[13:01:34][EntityPickupItemEvent]: PLAYER picked up SNOWBALL
[13:01:35][EntityPickupItemEvent]: PLAYER picked up SNOWBALL
[13:01:35][EntityPickupItemEvent]: PLAYER picked up SNOWBALL
[13:01:36][EntityPickupItemEvent]: PLAYER picked up SNOWBALL
[13:01:36][EntityPickupItemEvent]: PLAYER picked up SNOWBALL
[13:01:37][EntityPickupItemEvent]: PLAYER picked up SNOWBALL
[13:01:37][EntityPickupItemEvent]: PLAYER picked up SNOWBALL
[13:01:38][EntityPickupItemEvent]: PLAYER picked up SNOWBALL
[13:01:38][EntityPickupItemEvent]: PLAYER picked up SNOWBALL
[13:01:39][EntityPickupItemEvent]: PLAYER picked up SNOWBALL
[13:01:40][EntityPickupItemEvent]: PLAYER picked up SNOWBALL
[13:01:40][EntityPickupItemEvent]: PLAYER picked up SNOWBALL
[13:01:41][EntityPickupItemEvent]: PLAYER picked up SNOWBALL
[13:01:43][EntityPickupItemEvent]: PLAYER picked up SNOWBALL
[13:01:43][EntityPickupItemEvent]: PLAYER picked up SNOWBALL
[13:01:43][EntityPickupItemEvent]: PLAYER picked up SNOWBALL
[13:01:46][EntityPickupItemEvent]: PLAYER picked up SNOWBALL
[13:01:46][EntityPickupItemEvent]: PLAYER picked up SNOWBALL
[13:01:47][EntityPickupItemEvent]: PLAYER picked up SNOWBALL
[13:01:48][EntityPickupItemEvent]: PLAYER picked up SNOWBALL
[13:01:48][EntityPickupItemEvent]: PLAYER picked up SNOWBALL
[13:01:49][EntityPickupItemEvent]: PLAYER picked up SNOWBALL
[13:01:59][EntityPickupItemEvent]: PLAYER picked up SNOWBALL
[13:02:00][EntityPickupItemEvent]: PLAYER picked up SNOWBALL
[13:02:00][EntityPickupItemEvent]: PLAYER picked up SNOWBALL
[13:02:01][EntityPickupItemEvent]: PLAYER picked up SNOWBALL
[13:02:01][EntityPickupItemEvent]: PLAYER picked up SNOWBALL
[13:02:02][EntityPickupItemEvent]: PLAYER picked up SNOWBALL
[13:02:02][EntityPickupItemEvent]: PLAYER picked up SNOWBALL
[13:03:07][EntityPickupItemEvent]: PLAYER picked up DIRT
[13:03:10][EntityPickupItemEvent]: PLAYER picked up BEEF
[13:04:00][EntityPickupItemEvent]: PLAYER picked up BEEF
[13:05:13][EntityPickupItemEvent]: PLAYER picked up SPRUCE_LOG
[13:05:17][EntityPickupItemEvent]: PLAYER picked up SPRUCE_LOG
[13:07:38][EntityPickupItemEvent]: PLAYER picked up SPRUCE_LOG
[13:07:38][EntityPickupItemEvent]: PLAYER picked up SPRUCE_LOG
[13:07:42][EntityPickupItemEvent]: PLAYER picked up SPRUCE_LOG
[13:07:45][EntityPickupItemEvent]: PLAYER picked up SPRUCE_LOG
[13:07:57][EntityPickupItemEvent]: PLAYER picked up DIRT
[13:07:57][EntityPickupItemEvent]: PLAYER picked up DIRT
[13:08:08][EntityPickupItemEvent]: PLAYER picked up COBBLESTONE
[13:08:10][EntityPickupItemEvent]: PLAYER picked up COBBLESTONE
[13:08:11][EntityPickupItemEvent]: PLAYER picked up COBBLESTONE
[13:08:16][EntityPickupItemEvent]: PLAYER picked up COBBLESTONE
[13:08:22][EntityPickupItemEvent]: PLAYER picked up COBBLESTONE
[13:08:23][EntityPickupItemEvent]: PLAYER picked up COBBLESTONE
[13:08:25][EntityPickupItemEvent]: PLAYER picked up COBBLESTONE
[13:08:38][EntityPickupItemEvent]: PLAYER picked up COBBLESTONE
[13:08:40][EntityPickupItemEvent]: PLAYER picked up COBBLESTONE
[13:08:43][EntityPickupItemEvent]: PLAYER picked up COBBLESTONE
[13:08:44][EntityPickupItemEvent]: PLAYER picked up COBBLESTONE
[13:08:46][EntityPickupItemEvent]: PLAYER picked up COBBLESTONE
[13:08:50][EntityPickupItemEvent]: PLAYER picked up COBBLESTONE
[13:08:51][EntityPickupItemEvent]: PLAYER picked up COBBLESTONE
[13:08:53][EntityPickupItemEvent]: PLAYER picked up COBBLESTONE
[13:08:54][EntityPickupItemEvent]: PLAYER picked up COBBLESTONE
[13:08:56][EntityPickupItemEvent]: PLAYER picked up COBBLESTONE
[13:08:57][EntityPickupItemEvent]: PLAYER picked up COBBLESTONE
[13:09:00][EntityPickupItemEvent]: PLAYER picked up COBBLESTONE
[13:09:02][EntityPickupItemEvent]: PLAYER picked up COBBLESTONE
[13:09:04][EntityPickupItemEvent]: PLAYER picked up COBBLESTONE
[13:09:06][EntityPickupItemEvent]: PLAYER picked up COBBLESTONE
[13:09:08][EntityPickupItemEvent]: PLAYER picked up COBBLESTONE
[13:09:12][EntityPickupItemEvent]: PLAYER picked up COBBLESTONE
[13:09:15][EntityPickupItemEvent]: PLAYER picked up COBBLESTONE
[13:09:18][EntityPickupItemEvent]: PLAYER picked up COBBLESTONE
[13:09:20][EntityPickupItemEvent]: PLAYER picked up COBBLESTONE
[13:09:21][EntityPickupItemEvent]: PLAYER picked up COBBLESTONE
[13:09:25][EntityPickupItemEvent]: PLAYER picked up COBBLESTONE
[13:09:26][EntityPickupItemEvent]: PLAYER picked up COBBLESTONE
[13:09:29][EntityPickupItemEvent]: PLAYER picked up COBBLESTONE
[13:09:58][EntityPickupItemEvent]: PLAYER picked up DIRT
[13:10:03][EntityPickupItemEvent]: PLAYER picked up CRAFTING_TABLE
[13:10:35][EntityPickupItemEvent]: PLAYER picked up WHEAT_SEEDS
[13:10:39][EntityPickupItemEvent]: PLAYER picked up WHEAT_SEEDS
[13:11:15][EntityPickupItemEvent]: PLAYER picked up SPRUCE_LOG
[13:11:16][EntityPickupItemEvent]: PLAYER picked up SPRUCE_LOG
[13:11:27][EntityPickupItemEvent]: PLAYER picked up CRAFTING_TABLE
[13:11:45][EntityPickupItemEvent]: PLAYER picked up SPRUCE_BOAT
[13:11:56][EntityPickupItemEvent]: PLAYER picked up SPRUCE_BOAT
[13:12:43][EntityPickupItemEvent]: PLAYER picked up KELP
[13:12:47][EntityPickupItemEvent]: PLAYER picked up KELP
[13:12:48][EntityPickupItemEvent]: PLAYER picked up KELP
[13:12:51][EntityPickupItemEvent]: PLAYER picked up KELP
[13:13:13][EntityPickupItemEvent]: PLAYER picked up SPRUCE_BOAT
[13:13:20][EntityPickupItemEvent]: PLAYER picked up SPRUCE_LOG
[13:13:24][EntityPickupItemEvent]: PLAYER picked up SPRUCE_LOG
[13:13:25][EntityPickupItemEvent]: PLAYER picked up SPRUCE_LOG
[13:13:26][EntityPickupItemEvent]: PLAYER picked up SPRUCE_LOG
[13:13:27][EntityPickupItemEvent]: PLAYER picked up SPRUCE_LOG
[13:13:28][EntityPickupItemEvent]: PLAYER picked up SPRUCE_LOG
[13:13:30][EntityPickupItemEvent]: PLAYER picked up SPRUCE_LOG
[13:13:31][EntityPickupItemEvent]: PLAYER picked up SPRUCE_LOG
[13:13:32][EntityPickupItemEvent]: PLAYER picked up SPRUCE_LOG
[13:13:33][EntityPickupItemEvent]: PLAYER picked up SPRUCE_SAPLING
[13:13:36][EntityPickupItemEvent]: PLAYER picked up SPRUCE_LOG
[13:13:37][EntityPickupItemEvent]: PLAYER picked up SPRUCE_LOG
[13:13:38][EntityPickupItemEvent]: PLAYER picked up SPRUCE_LOG
[13:13:39][EntityPickupItemEvent]: PLAYER picked up SPRUCE_LOG
[13:13:40][EntityPickupItemEvent]: PLAYER picked up SPRUCE_LOG
[13:13:41][EntityPickupItemEvent]: PLAYER picked up SPRUCE_LOG
[13:13:43][EntityPickupItemEvent]: PLAYER picked up SPRUCE_LOG
[13:13:44][EntityPickupItemEvent]: PLAYER picked up SWEET_BERRIES
[13:13:49][EntityPickupItemEvent]: PLAYER picked up SPRUCE_LOG
[13:13:49][EntityPickupItemEvent]: PLAYER picked up SPRUCE_SAPLING
[13:13:49][EntityPickupItemEvent]: PLAYER picked up SPRUCE_LOG
[13:13:53][EntityPickupItemEvent]: PLAYER picked up SPRUCE_LOG
[13:13:54][EntityPickupItemEvent]: PLAYER picked up SPRUCE_LOG
[13:13:55][EntityPickupItemEvent]: PLAYER picked up SPRUCE_LOG
[13:13:57][EntityPickupItemEvent]: PLAYER picked up SPRUCE_LOG
[13:13:58][EntityPickupItemEvent]: PLAYER picked up SPRUCE_LOG
[13:13:59][EntityPickupItemEvent]: PLAYER picked up SPRUCE_LOG
[13:14:03][EntityPickupItemEvent]: PLAYER picked up STICK
[13:14:07][EntityPickupItemEvent]: PLAYER picked up WHEAT_SEEDS
[13:14:16][EntityPickupItemEvent]: PLAYER picked up SPRUCE_LOG
[13:14:18][EntityPickupItemEvent]: PLAYER picked up SPRUCE_LOG
[13:14:20][EntityPickupItemEvent]: PLAYER picked up SPRUCE_LOG
[13:14:21][EntityPickupItemEvent]: PLAYER picked up SPRUCE_LOG
[13:14:22][EntityPickupItemEvent]: PLAYER picked up SPRUCE_LOG
[13:14:24][EntityPickupItemEvent]: PLAYER picked up SPRUCE_LOG
[13:14:25][EntityPickupItemEvent]: PLAYER picked up SPRUCE_LOG
[13:14:27][EntityPickupItemEvent]: PLAYER picked up SPRUCE_LOG
[13:14:28][EntityPickupItemEvent]: PLAYER picked up SPRUCE_LOG
[13:14:31][EntityPickupItemEvent]: PLAYER picked up SPRUCE_LOG
[13:14:32][EntityPickupItemEvent]: PLAYER picked up SPRUCE_LOG
[13:14:34][EntityPickupItemEvent]: PLAYER picked up SPRUCE_LOG
[13:14:35][EntityPickupItemEvent]: PLAYER picked up SPRUCE_LOG
[13:14:36][EntityPickupItemEvent]: PLAYER picked up SPRUCE_LOG
[13:14:37][EntityPickupItemEvent]: PLAYER picked up SPRUCE_LOG
[13:14:38][EntityPickupItemEvent]: PLAYER picked up SPRUCE_LOG
[13:14:43][EntityPickupItemEvent]: PLAYER picked up SPRUCE_LOG
[13:14:44][EntityPickupItemEvent]: PLAYER picked up SPRUCE_LOG
[13:14:49][EntityPickupItemEvent]: PLAYER picked up SPRUCE_LOG
[13:14:51][EntityPickupItemEvent]: PLAYER picked up SPRUCE_LOG
[13:14:52][EntityPickupItemEvent]: PLAYER picked up SPRUCE_LOG
[13:14:53][EntityPickupItemEvent]: PLAYER picked up SPRUCE_LOG
[13:14:54][EntityPickupItemEvent]: PLAYER picked up SPRUCE_LOG
[13:14:55][EntityPickupItemEvent]: PLAYER picked up SPRUCE_LOG
[13:15:05][EntityPickupItemEvent]: PLAYER picked up SPRUCE_LOG
[13:15:08][EntityPickupItemEvent]: PLAYER picked up SPRUCE_LOG
[13:15:10][EntityPickupItemEvent]: PLAYER picked up SPRUCE_LOG
[13:15:11][EntityPickupItemEvent]: PLAYER picked up SPRUCE_LOG
[13:15:12][EntityPickupItemEvent]: PLAYER picked up SPRUCE_LOG
[13:15:13][EntityPickupItemEvent]: PLAYER picked up SPRUCE_SAPLING
[13:15:28][EntityPickupItemEvent]: PLAYER picked up KELP
[13:15:52][EntityPickupItemEvent]: PLAYER picked up SPRUCE_BOAT
[13:16:27][EntityPickupItemEvent]: PLAYER picked up SAND
[13:16:29][EntityPickupItemEvent]: PLAYER picked up SAND
[13:16:30][EntityPickupItemEvent]: PLAYER picked up SAND
[13:16:31][EntityPickupItemEvent]: PLAYER picked up SAND
[13:16:32][EntityPickupItemEvent]: PLAYER picked up SAND
[13:16:35][EntityPickupItemEvent]: PLAYER picked up SAND
[13:16:36][EntityPickupItemEvent]: PLAYER picked up SAND
[13:16:37][EntityPickupItemEvent]: PLAYER picked up SAND
[13:16:38][EntityPickupItemEvent]: PLAYER picked up SAND
[13:16:39][EntityPickupItemEvent]: PLAYER picked up SAND
[13:16:43][EntityPickupItemEvent]: PLAYER picked up SAND
[13:16:44][EntityPickupItemEvent]: PLAYER picked up SAND
[13:16:45][EntityPickupItemEvent]: PLAYER picked up SAND
[13:16:47][EntityPickupItemEvent]: PLAYER picked up SAND
[13:16:49][EntityPickupItemEvent]: PLAYER picked up SAND
[13:16:50][EntityPickupItemEvent]: PLAYER picked up SAND
[13:18:22][EntityPickupItemEvent]: PLAYER picked up SAND
[13:18:36][EntityPickupItemEvent]: PLAYER picked up SPRUCE_PLANKS
[13:18:41][EntityPickupItemEvent]: PLAYER picked up SPRUCE_BOAT
[13:20:53][EntityPickupItemEvent]: PLAYER picked up WHITE_CARPET
[13:21:21][EntityPickupItemEvent]: PLAYER picked up ROTTEN_FLESH
[13:27:53][EntityPickupItemEvent]: PLAYER picked up STONE_PICKAXE
[13:27:53][EntityPickupItemEvent]: PLAYER picked up STONE_AXE
[13:27:53][EntityPickupItemEvent]: PLAYER picked up DIRT
[13:27:53][EntityPickupItemEvent]: PLAYER picked up SPRUCE_BOAT
[13:27:53][EntityPickupItemEvent]: PLAYER picked up SAND
[13:27:53][EntityPickupItemEvent]: PLAYER picked up SPRUCE_DOOR
[13:27:53][EntityPickupItemEvent]: PLAYER picked up CRAFTING_TABLE
[13:27:53][EntityPickupItemEvent]: PLAYER picked up KELP
[13:27:53][EntityPickupItemEvent]: PLAYER picked up SPRUCE_PLANKS
[13:27:53][EntityPickupItemEvent]: PLAYER picked up SPRUCE_LOG
[13:27:53][EntityPickupItemEvent]: PLAYER picked up STICK
[15:30:16][EntityPickupItemEvent]: PLAYER picked up DIRT
[15:30:23][EntityPickupItemEvent]: PLAYER picked up DIRT
[15:30:50][EntityPickupItemEvent]: PLAYER picked up SPRUCE_BOAT
[15:31:26][EntityPickupItemEvent]: PLAYER picked up SPRUCE_LOG
[15:31:30][EntityPickupItemEvent]: PLAYER picked up SPRUCE_LOG
[15:31:33][EntityPickupItemEvent]: PLAYER picked up SPRUCE_LOG
[15:31:37][EntityPickupItemEvent]: PLAYER picked up SPRUCE_LOG
[15:31:40][EntityPickupItemEvent]: PLAYER picked up SPRUCE_LOG
[15:31:44][EntityPickupItemEvent]: PLAYER picked up SPRUCE_LOG
[15:32:05][EntityPickupItemEvent]: PLAYER picked up DIRT
[15:32:07][EntityPickupItemEvent]: PLAYER picked up DIRT
[15:32:08][EntityPickupItemEvent]: PLAYER picked up DIRT
[15:32:11][EntityPickupItemEvent]: PLAYER picked up COBBLESTONE
[15:32:11][EntityPickupItemEvent]: PLAYER picked up COBBLESTONE
[15:32:13][EntityPickupItemEvent]: PLAYER picked up COBBLESTONE
[15:32:18][EntityPickupItemEvent]: PLAYER picked up COBBLESTONE
[15:32:19][EntityPickupItemEvent]: PLAYER picked up COBBLESTONE
[15:32:21][EntityPickupItemEvent]: PLAYER picked up COBBLESTONE
[15:32:22][EntityPickupItemEvent]: PLAYER picked up COBBLESTONE
[15:32:23][EntityPickupItemEvent]: PLAYER picked up COBBLESTONE
[15:32:27][EntityPickupItemEvent]: PLAYER picked up COBBLESTONE
[15:32:29][EntityPickupItemEvent]: PLAYER picked up COBBLESTONE
[15:32:30][EntityPickupItemEvent]: PLAYER picked up COBBLESTONE
[15:32:37][EntityPickupItemEvent]: PLAYER picked up COBBLESTONE
[15:32:37][EntityPickupItemEvent]: PLAYER picked up COBBLESTONE
[15:32:42][EntityPickupItemEvent]: PLAYER picked up CLAY_BALL
[15:32:44][EntityPickupItemEvent]: PLAYER picked up CLAY_BALL
[15:32:48][EntityPickupItemEvent]: PLAYER picked up CLAY_BALL
[15:33:34][EntityPickupItemEvent]: PLAYER picked up CRAFTING_TABLE
[15:33:44][EntityPickupItemEvent]: PLAYER picked up COBBLESTONE
[15:33:50][EntityPickupItemEvent]: PLAYER picked up CRAFTING_TABLE
[15:33:52][EntityPickupItemEvent]: PLAYER picked up SPRUCE_LOG
[15:33:52][EntityPickupItemEvent]: PLAYER picked up SPRUCE_LOG
[15:33:53][EntityPickupItemEvent]: PLAYER picked up SPRUCE_LOG
[15:33:54][EntityPickupItemEvent]: PLAYER picked up SPRUCE_LOG
[15:33:56][EntityPickupItemEvent]: PLAYER picked up SPRUCE_LOG
[15:34:00][EntityPickupItemEvent]: PLAYER picked up SPRUCE_LOG
[15:34:01][EntityPickupItemEvent]: PLAYER picked up SPRUCE_LOG
[15:34:02][EntityPickupItemEvent]: PLAYER picked up SPRUCE_LOG
[15:34:03][EntityPickupItemEvent]: PLAYER picked up SPRUCE_LOG
[15:34:04][EntityPickupItemEvent]: PLAYER picked up SPRUCE_LOG
[15:34:05][EntityPickupItemEvent]: PLAYER picked up SPRUCE_LOG
[15:34:08][EntityPickupItemEvent]: PLAYER picked up SPRUCE_SAPLING
[15:34:55][EntityPickupItemEvent]: PLAYER picked up GRAVEL
[15:35:07][EntityPickupItemEvent]: PLAYER picked up FEATHER
[15:35:10][EntityPickupItemEvent]: PLAYER picked up CHICKEN
[15:35:10][EntityPickupItemEvent]: PLAYER picked up DIRT
[15:35:17][EntityPickupItemEvent]: PLAYER picked up DIRT
[15:35:37][EntityPickupItemEvent]: PLAYER picked up PORKCHOP
[15:35:50][EntityPickupItemEvent]: PLAYER picked up FEATHER
[15:35:50][EntityPickupItemEvent]: PLAYER picked up CHICKEN
[15:35:54][EntityPickupItemEvent]: PLAYER picked up BEEF
[15:36:07][EntityPickupItemEvent]: PLAYER picked up DIRT
[15:36:10][EntityPickupItemEvent]: PLAYER picked up OAK_LOG
[15:36:12][EntityPickupItemEvent]: PLAYER picked up OAK_LOG
[15:36:13][EntityPickupItemEvent]: PLAYER picked up OAK_LOG
[15:36:15][EntityPickupItemEvent]: PLAYER picked up OAK_LOG
[15:36:16][EntityPickupItemEvent]: PLAYER picked up OAK_LOG
[15:36:18][EntityPickupItemEvent]: PLAYER picked up OAK_LOG
[15:37:05][EntityPickupItemEvent]: PLAYER picked up OAK_LOG
[15:37:06][EntityPickupItemEvent]: PLAYER picked up OAK_LOG
[15:37:08][EntityPickupItemEvent]: PLAYER picked up OAK_LOG
[15:37:09][EntityPickupItemEvent]: PLAYER picked up OAK_LOG
[15:37:10][EntityPickupItemEvent]: PLAYER picked up OAK_LOG
[15:37:11][EntityPickupItemEvent]: PLAYER picked up OAK_LOG
[15:37:12][EntityPickupItemEvent]: PLAYER picked up OAK_LOG
[15:37:13][EntityPickupItemEvent]: PLAYER picked up OAK_LOG
[15:37:14][EntityPickupItemEvent]: PLAYER picked up OAK_LOG
[15:37:17][EntityPickupItemEvent]: PLAYER picked up OAK_LOG
[15:37:18][EntityPickupItemEvent]: PLAYER picked up OAK_LOG
[15:37:21][EntityPickupItemEvent]: PLAYER picked up OAK_LOG
[15:37:22][EntityPickupItemEvent]: PLAYER picked up OAK_LOG
[15:37:23][EntityPickupItemEvent]: PLAYER picked up OAK_LOG
[15:37:25][EntityPickupItemEvent]: PLAYER picked up OAK_LOG
[15:37:26][EntityPickupItemEvent]: PLAYER picked up OAK_LOG
[15:37:27][EntityPickupItemEvent]: PLAYER picked up OAK_LOG
[15:37:59][EntityPickupItemEvent]: PLAYER picked up FURNACE
[15:38:02][EntityPickupItemEvent]: PLAYER picked up CRAFTING_TABLE
[15:38:29][EntityPickupItemEvent]: PLAYER picked up PORKCHOP
[15:39:02][EntityPickupItemEvent]: PLAYER picked up TORCH
[15:39:17][EntityPickupItemEvent]: PLAYER picked up IRON_ORE
[15:39:18][EntityPickupItemEvent]: PLAYER picked up COBBLESTONE
[15:39:22][EntityPickupItemEvent]: PLAYER picked up IRON_ORE
[15:39:24][EntityPickupItemEvent]: PLAYER picked up IRON_ORE
[15:39:27][EntityPickupItemEvent]: PLAYER picked up IRON_ORE
[15:39:28][EntityPickupItemEvent]: PLAYER picked up IRON_ORE
[15:39:30][EntityPickupItemEvent]: PLAYER picked up IRON_ORE
[15:39:30][EntityPickupItemEvent]: PLAYER picked up TORCH
[15:40:18][EntityPickupItemEvent]: PLAYER picked up IRON_ORE
[15:40:39][EntityPickupItemEvent]: PLAYER picked up COAL
[15:40:41][EntityPickupItemEvent]: PLAYER picked up COAL
[15:40:42][EntityPickupItemEvent]: PLAYER picked up COAL
[15:40:44][EntityPickupItemEvent]: PLAYER picked up COAL
[15:40:46][EntityPickupItemEvent]: PLAYER picked up COAL
[15:40:47][EntityPickupItemEvent]: PLAYER picked up COAL
[15:40:49][EntityPickupItemEvent]: PLAYER picked up COAL
[15:40:50][EntityPickupItemEvent]: PLAYER picked up COAL
[15:40:53][EntityPickupItemEvent]: PLAYER picked up COAL
[15:40:55][EntityPickupItemEvent]: PLAYER picked up COAL
[15:40:56][EntityPickupItemEvent]: PLAYER picked up COAL
[15:41:01][EntityPickupItemEvent]: PLAYER picked up COAL
[15:41:01][EntityPickupItemEvent]: PLAYER picked up COAL
[15:41:02][EntityPickupItemEvent]: PLAYER picked up COAL
[15:41:04][EntityPickupItemEvent]: PLAYER picked up COAL
[15:41:05][EntityPickupItemEvent]: PLAYER picked up COAL
[15:41:07][EntityPickupItemEvent]: PLAYER picked up COAL
[15:41:13][EntityPickupItemEvent]: PLAYER picked up COAL
[15:41:18][EntityPickupItemEvent]: PLAYER picked up COAL
[15:41:19][EntityPickupItemEvent]: PLAYER picked up COAL
[15:41:21][EntityPickupItemEvent]: PLAYER picked up COAL
[15:41:22][EntityPickupItemEvent]: PLAYER picked up COAL
[15:41:24][EntityPickupItemEvent]: PLAYER picked up COAL
[15:41:25][EntityPickupItemEvent]: PLAYER picked up COAL
[15:41:28][EntityPickupItemEvent]: PLAYER picked up COBBLESTONE
[15:41:28][EntityPickupItemEvent]: PLAYER picked up COAL
[15:41:30][EntityPickupItemEvent]: PLAYER picked up COAL
[15:41:36][EntityPickupItemEvent]: PLAYER picked up COBBLESTONE
[15:42:09][EntityPickupItemEvent]: PLAYER picked up TORCH
[15:42:22][EntityPickupItemEvent]: PLAYER picked up CRAFTING_TABLE
[15:42:22][EntityPickupItemEvent]: PLAYER picked up FURNACE
[15:42:32][EntityPickupItemEvent]: PLAYER picked up COBBLESTONE
[15:42:54][EntityPickupItemEvent]: PLAYER picked up COAL
[15:42:56][EntityPickupItemEvent]: PLAYER picked up COAL
[15:42:58][EntityPickupItemEvent]: PLAYER picked up COAL
[15:42:59][EntityPickupItemEvent]: PLAYER picked up COAL
[15:43:01][EntityPickupItemEvent]: PLAYER picked up COAL
[15:43:03][EntityPickupItemEvent]: PLAYER picked up COAL
[15:43:04][EntityPickupItemEvent]: PLAYER picked up COAL
[15:43:06][EntityPickupItemEvent]: PLAYER picked up COAL
[15:43:07][EntityPickupItemEvent]: PLAYER picked up COAL
[15:43:12][EntityPickupItemEvent]: PLAYER picked up COAL
[15:43:12][EntityPickupItemEvent]: PLAYER picked up COAL
[15:43:14][EntityPickupItemEvent]: PLAYER picked up COAL
[15:43:18][EntityPickupItemEvent]: PLAYER picked up COAL
[15:43:19][EntityPickupItemEvent]: PLAYER picked up COAL
[15:43:28][EntityPickupItemEvent]: PLAYER picked up IRON_ORE
[15:43:30][EntityPickupItemEvent]: PLAYER picked up IRON_ORE
[15:43:31][EntityPickupItemEvent]: PLAYER picked up IRON_ORE
[15:43:33][EntityPickupItemEvent]: PLAYER picked up IRON_ORE
[15:43:35][EntityPickupItemEvent]: PLAYER picked up IRON_ORE
[15:43:37][EntityPickupItemEvent]: PLAYER picked up IRON_ORE
[15:43:40][EntityPickupItemEvent]: PLAYER picked up IRON_ORE
[15:43:57][EntityPickupItemEvent]: PLAYER picked up TORCH
[15:45:02][EntityPickupItemEvent]: PLAYER picked up IRON_ORE
[15:45:03][EntityPickupItemEvent]: PLAYER picked up STRING
[15:45:09][EntityPickupItemEvent]: PLAYER picked up IRON_ORE
[15:45:11][EntityPickupItemEvent]: PLAYER picked up IRON_ORE
[15:45:58][EntityPickupItemEvent]: PLAYER picked up IRON_ORE
[15:46:00][EntityPickupItemEvent]: PLAYER picked up IRON_ORE
[15:46:02][EntityPickupItemEvent]: PLAYER picked up COBBLESTONE
[15:46:03][EntityPickupItemEvent]: PLAYER picked up IRON_ORE
[15:46:04][EntityPickupItemEvent]: PLAYER picked up COBBLESTONE
[15:46:06][EntityPickupItemEvent]: PLAYER picked up IRON_ORE
[15:46:08][EntityPickupItemEvent]: PLAYER picked up IRON_ORE
[15:47:24][EntityPickupItemEvent]: PLAYER picked up IRON_ORE
[15:47:25][EntityPickupItemEvent]: PLAYER picked up IRON_ORE
[15:47:26][EntityPickupItemEvent]: PLAYER picked up IRON_ORE
[15:47:28][EntityPickupItemEvent]: PLAYER picked up IRON_ORE
[15:47:28][EntityPickupItemEvent]: PLAYER picked up IRON_ORE
[15:47:30][EntityPickupItemEvent]: PLAYER picked up IRON_ORE
[15:47:31][EntityPickupItemEvent]: PLAYER picked up IRON_ORE
[15:47:35][EntityPickupItemEvent]: PLAYER picked up IRON_ORE
[15:47:39][EntityPickupItemEvent]: PLAYER picked up COAL
[15:47:41][EntityPickupItemEvent]: PLAYER picked up COAL
[15:47:43][EntityPickupItemEvent]: PLAYER picked up COBBLESTONE
[15:47:45][EntityPickupItemEvent]: PLAYER picked up COAL
[15:47:47][EntityPickupItemEvent]: PLAYER picked up COAL
[15:47:48][EntityPickupItemEvent]: PLAYER picked up COAL
[15:47:50][EntityPickupItemEvent]: PLAYER picked up COAL
[15:47:53][EntityPickupItemEvent]: PLAYER picked up COAL
[15:47:54][EntityPickupItemEvent]: PLAYER picked up COAL
[15:47:56][EntityPickupItemEvent]: PLAYER picked up COAL
[15:47:58][EntityPickupItemEvent]: PLAYER picked up COAL
[15:47:59][EntityPickupItemEvent]: PLAYER picked up COAL
[15:48:01][EntityPickupItemEvent]: PLAYER picked up COAL
[15:48:11][EntityPickupItemEvent]: PLAYER picked up COBBLESTONE
[15:48:42][EntityPickupItemEvent]: PLAYER picked up COBBLESTONE
[15:50:26][EntityPickupItemEvent]: PLAYER picked up IRON_ORE
[15:50:28][EntityPickupItemEvent]: PLAYER picked up IRON_ORE
[15:50:28][EntityPickupItemEvent]: PLAYER picked up IRON_ORE
[15:50:28][EntityPickupItemEvent]: PLAYER picked up IRON_ORE
[15:50:29][EntityPickupItemEvent]: PLAYER picked up IRON_ORE
[15:50:35][EntityPickupItemEvent]: PLAYER picked up COBBLESTONE
[15:50:53][EntityPickupItemEvent]: PLAYER picked up COBBLESTONE
[15:51:03][EntityPickupItemEvent]: PLAYER picked up IRON_ORE
[15:51:12][EntityPickupItemEvent]: PLAYER picked up BONE
[15:51:18][EntityPickupItemEvent]: PLAYER picked up IRON_ORE
[15:51:54][EntityPickupItemEvent]: PLAYER picked up COBBLESTONE
[15:51:55][EntityPickupItemEvent]: PLAYER picked up COBBLESTONE
[15:51:56][EntityPickupItemEvent]: PLAYER picked up COBBLESTONE
[15:52:02][EntityPickupItemEvent]: PLAYER picked up COBBLESTONE
[15:52:30][EntityPickupItemEvent]: PLAYER picked up COAL
[15:52:31][EntityPickupItemEvent]: PLAYER picked up COAL
[15:52:31][EntityPickupItemEvent]: PLAYER picked up COBBLESTONE
[15:52:32][EntityPickupItemEvent]: PLAYER picked up COBBLESTONE
[15:52:33][EntityPickupItemEvent]: PLAYER picked up COBBLESTONE
[15:52:34][EntityPickupItemEvent]: PLAYER picked up COBBLESTONE
[15:52:34][EntityPickupItemEvent]: PLAYER picked up COBBLESTONE
[15:52:35][EntityPickupItemEvent]: PLAYER picked up COBBLESTONE
[15:52:36][EntityPickupItemEvent]: PLAYER picked up COBBLESTONE
[15:52:37][EntityPickupItemEvent]: PLAYER picked up COBBLESTONE
[15:52:37][EntityPickupItemEvent]: PLAYER picked up COBBLESTONE
[15:52:38][EntityPickupItemEvent]: PLAYER picked up COBBLESTONE
[15:52:52][EntityPickupItemEvent]: PLAYER picked up CLAY_BALL
[15:53:10][EntityPickupItemEvent]: PLAYER picked up ARROW
[15:53:24][EntityPickupItemEvent]: PLAYER picked up IRON_ORE
[15:53:26][EntityPickupItemEvent]: PLAYER picked up IRON_ORE
[15:53:27][EntityPickupItemEvent]: PLAYER picked up IRON_ORE
[15:53:28][EntityPickupItemEvent]: PLAYER picked up RAIL
[15:53:28][EntityPickupItemEvent]: PLAYER picked up IRON_ORE
[15:53:33][EntityPickupItemEvent]: PLAYER picked up COBBLESTONE
[15:53:35][EntityPickupItemEvent]: PLAYER picked up COBBLESTONE
[15:53:37][EntityPickupItemEvent]: PLAYER picked up COBBLESTONE
[15:54:10][EntityPickupItemEvent]: PLAYER picked up CRAFTING_TABLE
[15:54:12][EntityPickupItemEvent]: PLAYER picked up FURNACE
[15:54:34][EntityPickupItemEvent]: PLAYER picked up ANDESITE
[15:54:35][EntityPickupItemEvent]: PLAYER picked up ANDESITE
[15:54:37][EntityPickupItemEvent]: PLAYER picked up ANDESITE
[15:54:38][EntityPickupItemEvent]: PLAYER picked up COBBLESTONE
[15:54:39][EntityPickupItemEvent]: PLAYER picked up COBBLESTONE
[15:54:41][EntityPickupItemEvent]: PLAYER picked up TORCH
[15:54:51][EntityPickupItemEvent]: PLAYER picked up COBBLESTONE
[15:54:51][EntityPickupItemEvent]: PLAYER picked up COBBLESTONE
[15:54:52][EntityPickupItemEvent]: PLAYER picked up COBBLESTONE
[15:54:52][EntityPickupItemEvent]: PLAYER picked up GRANITE
[15:54:53][EntityPickupItemEvent]: PLAYER picked up GRANITE
[15:54:54][EntityPickupItemEvent]: PLAYER picked up GRANITE
[15:55:00][EntityPickupItemEvent]: PLAYER picked up TORCH
[15:55:01][EntityPickupItemEvent]: PLAYER picked up COBBLESTONE
[15:55:02][EntityPickupItemEvent]: PLAYER picked up COBBLESTONE
[15:55:03][EntityPickupItemEvent]: PLAYER picked up COBBLESTONE
[15:55:03][EntityPickupItemEvent]: PLAYER picked up COBBLESTONE
[15:55:04][EntityPickupItemEvent]: PLAYER picked up COBBLESTONE
[15:55:07][EntityPickupItemEvent]: PLAYER picked up TORCH
[15:55:13][EntityPickupItemEvent]: PLAYER picked up COBBLESTONE
[15:55:14][EntityPickupItemEvent]: PLAYER picked up COBBLESTONE
[15:55:14][EntityPickupItemEvent]: PLAYER picked up COBBLESTONE
[15:55:15][EntityPickupItemEvent]: PLAYER picked up COBBLESTONE
[15:55:17][EntityPickupItemEvent]: PLAYER picked up COBBLESTONE
[15:55:18][EntityPickupItemEvent]: PLAYER picked up TORCH
[15:55:22][EntityPickupItemEvent]: PLAYER picked up IRON_ORE
[15:55:22][EntityPickupItemEvent]: PLAYER picked up COBBLESTONE
[15:55:23][EntityPickupItemEvent]: PLAYER picked up IRON_ORE
[15:55:25][EntityPickupItemEvent]: PLAYER picked up IRON_ORE
[15:55:26][EntityPickupItemEvent]: PLAYER picked up IRON_ORE
[15:55:27][EntityPickupItemEvent]: PLAYER picked up IRON_ORE
[15:55:29][EntityPickupItemEvent]: PLAYER picked up TORCH
[15:55:37][EntityPickupItemEvent]: PLAYER picked up TORCH
[15:55:38][EntityPickupItemEvent]: PLAYER picked up TORCH
[15:55:39][EntityPickupItemEvent]: PLAYER picked up TORCH
[15:55:47][EntityPickupItemEvent]: PLAYER picked up COBBLESTONE
[15:55:49][EntityPickupItemEvent]: PLAYER picked up COBBLESTONE
[15:55:49][EntityPickupItemEvent]: PLAYER picked up COBBLESTONE
[15:55:49][EntityPickupItemEvent]: PLAYER picked up ANDESITE
[15:55:50][EntityPickupItemEvent]: PLAYER picked up COBBLESTONE
[15:55:54][EntityPickupItemEvent]: PLAYER picked up TORCH
[15:56:01][EntityPickupItemEvent]: PLAYER picked up COBBLESTONE
[15:56:02][EntityPickupItemEvent]: PLAYER picked up COBBLESTONE
[15:56:03][EntityPickupItemEvent]: PLAYER picked up COBBLESTONE
[15:56:04][EntityPickupItemEvent]: PLAYER picked up COBBLESTONE
[15:56:05][EntityPickupItemEvent]: PLAYER picked up COBBLESTONE
[15:56:10][EntityPickupItemEvent]: PLAYER picked up COBBLESTONE
[15:56:10][EntityPickupItemEvent]: PLAYER picked up COBBLESTONE
[15:56:11][EntityPickupItemEvent]: PLAYER picked up COBBLESTONE
[15:56:12][EntityPickupItemEvent]: PLAYER picked up COBBLESTONE
[15:56:13][EntityPickupItemEvent]: PLAYER picked up DIRT
[15:56:18][EntityPickupItemEvent]: PLAYER picked up DIRT
[15:56:19][EntityPickupItemEvent]: PLAYER picked up DIRT
[15:57:44][EntityPickupItemEvent]: PLAYER picked up CARROT
[15:57:48][EntityPickupItemEvent]: PLAYER picked up CARROT
[15:57:48][EntityPickupItemEvent]: PLAYER picked up CARROT
[15:58:30][EntityPickupItemEvent]: PLAYER picked up OAK_LOG
[15:58:31][EntityPickupItemEvent]: PLAYER picked up OAK_LOG
[15:58:35][EntityPickupItemEvent]: PLAYER picked up OAK_LOG
[15:58:36][EntityPickupItemEvent]: PLAYER picked up OAK_LOG
[15:58:38][EntityPickupItemEvent]: PLAYER picked up OAK_LOG
[15:58:49][EntityPickupItemEvent]: PLAYER picked up OAK_LOG
[15:58:50][EntityPickupItemEvent]: PLAYER picked up OAK_LOG
[15:58:51][EntityPickupItemEvent]: PLAYER picked up OAK_LOG
[15:58:54][EntityPickupItemEvent]: PLAYER picked up OAK_LOG
[15:58:55][EntityPickupItemEvent]: PLAYER picked up OAK_LOG
[15:59:08][EntityPickupItemEvent]: PLAYER picked up OAK_SAPLING
[15:59:08][EntityPickupItemEvent]: PLAYER picked up APPLE
[15:59:27][EntityPickupItemEvent]: PLAYER picked up SPRUCE_PLANKS
[15:59:48][EntityPickupItemEvent]: PLAYER picked up SPRUCE_PLANKS
[16:01:31][EntityPickupItemEvent]: PLAYER picked up SPRUCE_PLANKS
[16:02:06][EntityPickupItemEvent]: PLAYER picked up SPRUCE_PLANKS
[16:02:07][EntityPickupItemEvent]: PLAYER picked up SPRUCE_PLANKS
[16:02:13][EntityPickupItemEvent]: PLAYER picked up SPRUCE_PLANKS
[16:02:16][EntityPickupItemEvent]: PLAYER picked up SPRUCE_PLANKS
[16:02:19][EntityPickupItemEvent]: PLAYER picked up SPRUCE_PLANKS
[16:02:27][EntityPickupItemEvent]: PLAYER picked up SPRUCE_PLANKS
[16:02:53][EntityPickupItemEvent]: PLAYER picked up SPRUCE_PLANKS
[16:02:55][EntityPickupItemEvent]: PLAYER picked up SPRUCE_PLANKS
[16:02:57][EntityPickupItemEvent]: PLAYER picked up SPRUCE_PLANKS
[16:07:48][EntityPickupItemEvent]: PLAYER picked up FURNACE
[16:07:48][EntityPickupItemEvent]: PLAYER picked up CRAFTING_TABLE
[16:07:48][EntityPickupItemEvent]: PLAYER picked up TORCH
[16:07:49][EntityPickupItemEvent]: PLAYER picked up SPRUCE_PLANKS
[16:07:52][EntityPickupItemEvent]: PLAYER picked up SPRUCE_PLANKS
[16:07:55][EntityPickupItemEvent]: PLAYER picked up SPRUCE_PLANKS
[16:07:57][EntityPickupItemEvent]: PLAYER picked up SPRUCE_PLANKS
[16:07:58][EntityPickupItemEvent]: PLAYER picked up SPRUCE_PLANKS
[16:08:38][EntityPickupItemEvent]: PLAYER picked up OAK_LOG
[16:08:39][EntityPickupItemEvent]: PLAYER picked up OAK_LOG
[16:08:41][EntityPickupItemEvent]: PLAYER picked up OAK_LOG
[16:08:44][EntityPickupItemEvent]: PLAYER picked up OAK_LOG
[16:09:29][EntityPickupItemEvent]: PLAYER picked up GRANITE
[16:09:37][EntityPickupItemEvent]: PLAYER picked up OAK_SLAB
[16:09:41][EntityPickupItemEvent]: PLAYER picked up OAK_SLAB
[16:10:00][EntityPickupItemEvent]: PLAYER picked up OAK_SLAB
[16:10:03][EntityPickupItemEvent]: PLAYER picked up GRANITE
[16:10:22][EntityPickupItemEvent]: PLAYER picked up OAK_SLAB
[16:10:23][EntityPickupItemEvent]: PLAYER picked up OAK_LOG
[16:10:32][EntityPickupItemEvent]: PLAYER picked up OAK_SLAB
[16:11:04][EntityPickupItemEvent]: PLAYER picked up OAK_SLAB
[16:11:13][EntityPickupItemEvent]: PLAYER picked up SPRUCE_PLANKS
[16:11:17][EntityPickupItemEvent]: PLAYER picked up OAK_SLAB
[16:11:31][EntityPickupItemEvent]: PLAYER picked up OAK_LOG
[16:11:32][EntityPickupItemEvent]: PLAYER picked up OAK_LOG
[16:11:33][EntityPickupItemEvent]: PLAYER picked up OAK_LOG
[16:11:39][EntityPickupItemEvent]: PLAYER picked up OAK_SLAB
[16:11:41][EntityPickupItemEvent]: PLAYER picked up OAK_SLAB
[16:11:49][EntityPickupItemEvent]: PLAYER picked up OAK_SLAB
[16:11:50][EntityPickupItemEvent]: PLAYER picked up OAK_LOG
[16:11:52][EntityPickupItemEvent]: PLAYER picked up OAK_LOG
[16:11:53][EntityPickupItemEvent]: PLAYER picked up OAK_LOG
[16:11:55][EntityPickupItemEvent]: PLAYER picked up OAK_LOG
[16:12:00][EntityPickupItemEvent]: PLAYER picked up OAK_LOG
[16:12:19][EntityPickupItemEvent]: PLAYER picked up OAK_SLAB
[16:12:26][EntityPickupItemEvent]: PLAYER picked up OAK_SLAB
[16:12:28][EntityPickupItemEvent]: PLAYER picked up SPRUCE_PLANKS
[16:12:51][EntityPickupItemEvent]: PLAYER picked up OAK_SLAB
[16:12:59][EntityPickupItemEvent]: PLAYER picked up OAK_SLAB
[16:13:01][EntityPickupItemEvent]: PLAYER picked up OAK_SLAB
[16:13:09][EntityPickupItemEvent]: PLAYER picked up OAK_SLAB
[16:13:10][EntityPickupItemEvent]: PLAYER picked up OAK_LOG
[16:13:20][EntityPickupItemEvent]: PLAYER picked up OAK_SLAB
[16:13:28][EntityPickupItemEvent]: PLAYER picked up SPRUCE_PLANKS
[16:13:31][EntityPickupItemEvent]: PLAYER picked up SPRUCE_PLANKS
[16:14:27][EntityPickupItemEvent]: PLAYER picked up SPRUCE_PLANKS
[16:14:28][EntityPickupItemEvent]: PLAYER picked up SPRUCE_PLANKS
[16:14:29][EntityPickupItemEvent]: PLAYER picked up SPRUCE_PLANKS
[16:14:43][EntityPickupItemEvent]: PLAYER picked up OAK_PLANKS
[16:14:44][EntityPickupItemEvent]: PLAYER picked up OAK_PLANKS
[16:14:45][EntityPickupItemEvent]: PLAYER picked up OAK_PLANKS
[16:15:10][EntityPickupItemEvent]: PLAYER picked up OAK_LOG
[16:15:11][EntityPickupItemEvent]: PLAYER picked up OAK_LOG
[16:15:12][EntityPickupItemEvent]: PLAYER picked up OAK_LOG
[16:15:14][EntityPickupItemEvent]: PLAYER picked up OAK_LOG
[16:15:15][EntityPickupItemEvent]: PLAYER picked up OAK_LOG
[16:15:16][EntityPickupItemEvent]: PLAYER picked up OAK_LOG
[16:15:20][EntityPickupItemEvent]: PLAYER picked up OAK_LOG
[16:15:21][EntityPickupItemEvent]: PLAYER picked up OAK_LOG
[16:15:22][EntityPickupItemEvent]: PLAYER picked up OAK_LOG
[16:15:24][EntityPickupItemEvent]: PLAYER picked up OAK_LOG
[16:15:25][EntityPickupItemEvent]: PLAYER picked up OAK_LOG
[16:16:03][EntityPickupItemEvent]: PLAYER picked up OAK_PLANKS
[16:16:04][EntityPickupItemEvent]: PLAYER picked up OAK_PLANKS
[16:16:17][EntityPickupItemEvent]: PLAYER picked up OAK_SLAB
[16:16:17][EntityPickupItemEvent]: PLAYER picked up OAK_SLAB
[16:16:51][EntityPickupItemEvent]: PLAYER picked up DIRT
[16:16:53][EntityPickupItemEvent]: PLAYER picked up DIRT
[16:16:57][EntityPickupItemEvent]: PLAYER picked up CHEST
[16:17:04][EntityPickupItemEvent]: PLAYER picked up DIRT
[16:17:05][EntityPickupItemEvent]: PLAYER picked up DIRT
[16:17:07][EntityPickupItemEvent]: PLAYER picked up DIRT
[16:17:08][EntityPickupItemEvent]: PLAYER picked up DIRT
[16:17:12][EntityPickupItemEvent]: PLAYER picked up DIRT
[16:17:17][EntityPickupItemEvent]: PLAYER picked up OAK_SLAB
[16:17:19][EntityPickupItemEvent]: PLAYER picked up OAK_SLAB
[16:17:43][EntityPickupItemEvent]: PLAYER picked up OAK_DOOR
[16:18:40][EntityPickupItemEvent]: PLAYER picked up OAK_LOG
[16:18:41][EntityPickupItemEvent]: PLAYER picked up OAK_LOG
[16:18:42][EntityPickupItemEvent]: PLAYER picked up OAK_LOG
[16:18:43][EntityPickupItemEvent]: PLAYER picked up OAK_LOG
[16:18:45][EntityPickupItemEvent]: PLAYER picked up OAK_LOG
[16:19:03][EntityPickupItemEvent]: PLAYER picked up CRAFTING_TABLE
[16:19:12][EntityPickupItemEvent]: PLAYER picked up FURNACE
[16:19:50][EntityPickupItemEvent]: PLAYER picked up WHEAT_SEEDS
[16:19:55][EntityPickupItemEvent]: PLAYER picked up WHEAT_SEEDS
[16:19:57][EntityPickupItemEvent]: PLAYER picked up TORCH
[16:19:58][EntityPickupItemEvent]: PLAYER picked up TORCH
[16:20:04][EntityPickupItemEvent]: PLAYER picked up DIRT
[16:20:08][EntityPickupItemEvent]: PLAYER picked up TORCH
[16:20:08][EntityPickupItemEvent]: PLAYER picked up DIRT
[16:20:18][EntityPickupItemEvent]: PLAYER picked up DIRT
[16:20:21][EntityPickupItemEvent]: PLAYER picked up DIRT
[16:24:49][EntityPickupItemEvent]: PLAYER picked up WHEAT
[16:24:49][EntityPickupItemEvent]: PLAYER picked up WHEAT_SEEDS
[16:29:59][EntityPickupItemEvent]: PLAYER picked up WHEAT
[16:29:59][EntityPickupItemEvent]: PLAYER picked up WHEAT_SEEDS
[16:31:29][EntityPickupItemEvent]: PLAYER picked up DIRT
[16:31:31][EntityPickupItemEvent]: PLAYER picked up DIRT
[16:31:35][EntityPickupItemEvent]: PLAYER picked up WHEAT_SEEDS
[16:33:24][EntityPickupItemEvent]: PLAYER picked up DIRT
[16:33:44][EntityPickupItemEvent]: PLAYER picked up ROTTEN_FLESH
[16:34:15][EntityPickupItemEvent]: PLAYER picked up SPIDER_EYE
[16:34:27][EntityPickupItemEvent]: PLAYER picked up ARROW
[16:34:35][EntityPickupItemEvent]: PLAYER picked up WHEAT_SEEDS
[16:34:37][EntityPickupItemEvent]: PLAYER picked up WHEAT
[16:34:41][EntityPickupItemEvent]: PLAYER picked up DIRT
[16:34:42][EntityPickupItemEvent]: PLAYER picked up DIRT
[16:34:47][EntityPickupItemEvent]: PLAYER picked up DIRT
[16:34:48][EntityPickupItemEvent]: PLAYER picked up DIRT
[16:34:49][EntityPickupItemEvent]: PLAYER picked up DIRT
[16:34:50][EntityPickupItemEvent]: PLAYER picked up DIRT
[16:34:51][EntityPickupItemEvent]: PLAYER picked up DIRT
[16:39:07][EntityPickupItemEvent]: PLAYER picked up WHEAT_SEEDS
[16:39:08][EntityPickupItemEvent]: PLAYER picked up WHEAT_SEEDS
[16:39:09][EntityPickupItemEvent]: PLAYER picked up WHEAT
[16:39:10][EntityPickupItemEvent]: PLAYER picked up WHEAT
[16:39:10][EntityPickupItemEvent]: PLAYER picked up WHEAT_SEEDS
[17:00:48][EntityPickupItemEvent]: PLAYER picked up WHEAT_SEEDS
[17:00:48][EntityPickupItemEvent]: PLAYER picked up WHEAT_SEEDS
[17:00:53][EntityPickupItemEvent]: PLAYER picked up WHEAT
[17:00:53][EntityPickupItemEvent]: PLAYER picked up WHEAT_SEEDS
[17:00:53][EntityPickupItemEvent]: PLAYER picked up WHEAT_SEEDS
[17:00:53][EntityPickupItemEvent]: PLAYER picked up WHEAT_SEEDS
[17:00:53][EntityPickupItemEvent]: PLAYER picked up WHEAT
[17:00:53][EntityPickupItemEvent]: PLAYER picked up WHEAT_SEEDS
[17:00:53][EntityPickupItemEvent]: PLAYER picked up WHEAT
[17:00:53][EntityPickupItemEvent]: PLAYER picked up WHEAT_SEEDS
[17:00:58][EntityPickupItemEvent]: PLAYER picked up WHEAT
[17:02:30][EntityPickupItemEvent]: PLAYER picked up BONE
[17:02:31][EntityPickupItemEvent]: PLAYER picked up ARROW
[17:02:53][EntityPickupItemEvent]: PLAYER picked up DIRT
[17:02:56][EntityPickupItemEvent]: PLAYER picked up WHEAT
[17:02:56][EntityPickupItemEvent]: PLAYER picked up WHEAT_SEEDS
[17:02:56][EntityPickupItemEvent]: PLAYER picked up WHEAT
[17:02:56][EntityPickupItemEvent]: PLAYER picked up WHEAT_SEEDS
[17:02:57][EntityPickupItemEvent]: PLAYER picked up WHEAT
[17:02:57][EntityPickupItemEvent]: PLAYER picked up WHEAT_SEEDS
[17:04:24][EntityPickupItemEvent]: PLAYER picked up DIRT
[17:04:29][EntityPickupItemEvent]: PLAYER picked up DIRT
[17:04:36][EntityPickupItemEvent]: PLAYER picked up OAK_SLAB
[17:04:37][EntityPickupItemEvent]: PLAYER picked up OAK_SLAB
[17:04:44][EntityPickupItemEvent]: PLAYER picked up OAK_SLAB
[17:05:13][EntityPickupItemEvent]: PLAYER picked up OAK_PLANKS
[17:05:22][EntityPickupItemEvent]: PLAYER picked up OAK_PLANKS
[17:05:43][EntityPickupItemEvent]: PLAYER picked up LEATHER_HELMET
[17:05:45][EntityPickupItemEvent]: PLAYER picked up ROTTEN_FLESH
[17:10:33][EntityPickupItemEvent]: PLAYER picked up WHEAT_SEEDS
[17:10:33][EntityPickupItemEvent]: PLAYER picked up WHEAT_SEEDS
[17:10:33][EntityPickupItemEvent]: PLAYER picked up WHEAT_SEEDS
[17:10:34][EntityPickupItemEvent]: PLAYER picked up WHEAT_SEEDS
[17:10:35][EntityPickupItemEvent]: PLAYER picked up WHEAT_SEEDS
[17:10:35][EntityPickupItemEvent]: PLAYER picked up WHEAT
[17:10:36][EntityPickupItemEvent]: PLAYER picked up WHEAT
[17:10:36][EntityPickupItemEvent]: PLAYER picked up WHEAT
[17:10:36][EntityPickupItemEvent]: PLAYER picked up WHEAT_SEEDS
[17:10:37][EntityPickupItemEvent]: PLAYER picked up WHEAT
[17:10:37][EntityPickupItemEvent]: PLAYER picked up WHEAT
[17:10:37][EntityPickupItemEvent]: PLAYER picked up WHEAT_SEEDS
[17:10:39][EntityPickupItemEvent]: PLAYER picked up WHEAT_SEEDS
[17:10:39][EntityPickupItemEvent]: PLAYER picked up WHEAT_SEEDS
[17:10:39][EntityPickupItemEvent]: PLAYER picked up WHEAT
[17:10:39][EntityPickupItemEvent]: PLAYER picked up WHEAT
[17:10:39][EntityPickupItemEvent]: PLAYER picked up WHEAT_SEEDS
[17:12:14][EntityPickupItemEvent]: PLAYER picked up WHEAT
[17:12:14][EntityPickupItemEvent]: PLAYER picked up WHEAT_SEEDS
[17:12:14][EntityPickupItemEvent]: PLAYER picked up WHEAT
[17:12:14][EntityPickupItemEvent]: PLAYER picked up WHEAT_SEEDS
[17:12:23][EntityPickupItemEvent]: PLAYER picked up STRING
[17:14:08][EntityPickupItemEvent]: PLAYER picked up IRON_ORE
[17:14:09][EntityPickupItemEvent]: PLAYER picked up IRON_ORE
[17:14:10][EntityPickupItemEvent]: PLAYER picked up IRON_ORE
[17:14:19][EntityPickupItemEvent]: PLAYER picked up COAL
[17:14:19][EntityPickupItemEvent]: PLAYER picked up COAL
[17:14:19][EntityPickupItemEvent]: PLAYER picked up COBBLESTONE
[17:14:20][EntityPickupItemEvent]: PLAYER picked up COAL
[17:14:21][EntityPickupItemEvent]: PLAYER picked up COAL
[17:14:22][EntityPickupItemEvent]: PLAYER picked up COAL
[17:14:24][EntityPickupItemEvent]: PLAYER picked up COAL
[17:15:00][EntityPickupItemEvent]: PLAYER picked up WHEAT_SEEDS
[17:19:52][EntityPickupItemEvent]: PLAYER picked up ROTTEN_FLESH
[17:19:52][EntityPickupItemEvent]: PLAYER picked up IRON_AXE
[17:21:09][EntityPickupItemEvent]: PLAYER picked up STICK
[17:22:17][EntityPickupItemEvent]: PLAYER picked up ROTTEN_FLESH
[17:22:17][EntityPickupItemEvent]: PLAYER picked up IRON_AXE
[17:23:49][EntityPickupItemEvent]: PLAYER picked up DIRT
[17:23:51][EntityPickupItemEvent]: PLAYER picked up DIRT
[17:26:42][EntityPickupItemEvent]: PLAYER picked up DIRT
[17:26:49][EntityPickupItemEvent]: PLAYER picked up IRON_SWORD
[17:26:49][EntityPickupItemEvent]: PLAYER picked up SHIELD
[17:26:49][EntityPickupItemEvent]: PLAYER picked up IRON_BOOTS
[17:26:49][EntityPickupItemEvent]: PLAYER picked up IRON_LEGGINGS
[17:26:49][EntityPickupItemEvent]: PLAYER picked up IRON_CHESTPLATE
[17:26:49][EntityPickupItemEvent]: PLAYER picked up IRON_HELMET
[17:26:50][EntityPickupItemEvent]: PLAYER picked up STICK
[17:26:50][EntityPickupItemEvent]: PLAYER picked up ROTTEN_FLESH
[17:26:50][EntityPickupItemEvent]: PLAYER picked up IRON_AXE
[17:27:03][EntityPickupItemEvent]: PLAYER picked up DIRT
[17:27:22][EntityPickupItemEvent]: PLAYER picked up ROTTEN_FLESH
[17:27:27][EntityPickupItemEvent]: PLAYER picked up CARROT
