[12:40:35][PlayerBucketFillEvent]: used BUCKET on [world;-318;63;337]
[12:41:27][PlayerBucketEmptyEvent]: used WATER_BUCKET on [world;-384;62;390]
[12:41:27][PlayerBucketFillEvent]: used BUCKET on [world;-384;62;390]
[12:41:29][PlayerBucketEmptyEvent]: used WATER_BUCKET on [world;-384;62;390]
[12:41:32][PlayerBucketFillEvent]: used BUCKET on [world;-384;62;390]
[12:54:25][PlayerBucketEmptyEvent]: used WATER_BUCKET on [world;-384;62;389]
[12:54:30][PlayerBucketFillEvent]: used BUCKET on [world;-387;62;387]
[12:54:32][PlayerBucketEmptyEvent]: used LAVA_BUCKET on [world;-386;62;387]
[12:54:33][PlayerBucketFillEvent]: used BUCKET on [world;-386;62;387]
[12:54:34][PlayerBucketEmptyEvent]: used LAVA_BUCKET on [world;-386;62;387]
[12:54:45][PlayerBucketFillEvent]: used BUCKET on [world;-387;62;387]
[12:54:46][PlayerBucketEmptyEvent]: used LAVA_BUCKET on [world;-386;62;387]
[12:54:47][PlayerBucketFillEvent]: used BUCKET on [world;-387;62;387]
[12:54:48][PlayerBucketEmptyEvent]: used LAVA_BUCKET on [world;-386;62;387]
[12:54:49][PlayerBucketFillEvent]: used BUCKET on [world;-386;62;389]
[12:54:53][PlayerBucketEmptyEvent]: used LAVA_BUCKET on [world;-385;62;389]
[12:54:55][PlayerBucketFillEvent]: used BUCKET on [world;-388;62;390]
[12:55:00][PlayerBucketEmptyEvent]: used LAVA_BUCKET on [world;-384;62;389]
[12:55:16][PlayerBucketFillEvent]: used BUCKET on [world;-388;63;392]
[12:55:17][PlayerBucketEmptyEvent]: used LAVA_BUCKET on [world;-387;62;392]
[12:55:24][PlayerBucketFillEvent]: used BUCKET on [world;-387;62;388]
[12:55:24][PlayerBucketEmptyEvent]: used WATER_BUCKET on [world;-386;62;388]
[12:55:27][PlayerBucketFillEvent]: used BUCKET on [world;-388;63;393]
[12:55:29][PlayerBucketEmptyEvent]: used LAVA_BUCKET on [world;-387;63;393]
[12:55:31][PlayerBucketFillEvent]: used BUCKET on [world;-388;63;393]
[12:55:34][PlayerBucketEmptyEvent]: used LAVA_BUCKET on [world;-387;63;392]
[12:55:45][PlayerBucketFillEvent]: used BUCKET on [world;-392;63;391]
[12:55:52][PlayerBucketEmptyEvent]: used LAVA_BUCKET on [world;-387;63;388]
[12:55:54][PlayerBucketFillEvent]: used BUCKET on [world;-391;63;391]
[12:55:58][PlayerBucketEmptyEvent]: used LAVA_BUCKET on [world;-387;63;388]
[12:56:02][PlayerBucketFillEvent]: used BUCKET on [world;-387;63;388]
[12:56:05][PlayerBucketEmptyEvent]: used WATER_BUCKET on [world;-386;64;389]
[12:56:12][PlayerBucketFillEvent]: used BUCKET on [world;-379;64;392]
[12:56:13][PlayerBucketEmptyEvent]: used WATER_BUCKET on [world;-380;64;392]
[12:56:19][PlayerBucketFillEvent]: used BUCKET on [world;-390;63;394]
[12:56:28][PlayerBucketEmptyEvent]: used LAVA_BUCKET on [world;-387;64;388]
[12:56:30][PlayerBucketFillEvent]: used BUCKET on [world;-389;63;392]
[12:56:33][PlayerBucketEmptyEvent]: used LAVA_BUCKET on [world;-387;63;388]
[12:56:35][PlayerBucketFillEvent]: used BUCKET on [world;-387;63;388]
[12:56:36][PlayerBucketEmptyEvent]: used LAVA_BUCKET on [world;-387;63;388]
[12:56:36][PlayerBucketFillEvent]: used BUCKET on [world;-387;63;388]
[12:56:37][PlayerBucketEmptyEvent]: used WATER_BUCKET on [world;-387;63;388]
[12:56:37][PlayerBucketFillEvent]: used BUCKET on [world;-387;63;388]
[13:01:31][PlayerBucketEmptyEvent]: used WATER_BUCKET on [world;-534;98;501]
[13:01:31][PlayerBucketFillEvent]: used BUCKET on [world;-534;98;501]
[13:03:33][PlayerBucketEmptyEvent]: used WATER_BUCKET on [world;-556;97;413]
[13:03:33][PlayerBucketFillEvent]: used BUCKET on [world;-556;97;412]
[13:03:42][PlayerBucketEmptyEvent]: used WATER_BUCKET on [world;-562;82;387]
[13:03:43][PlayerBucketFillEvent]: used BUCKET on [world;-562;80;387]
[13:27:35][AsyncPlayerChatEvent]: said t
[15:58:22][PlayerBucketFillEvent]: used BUCKET on [world;-128;62;238]
[16:09:49][PlayerBucketEmptyEvent]: used WATER_BUCKET on [world;-178;63;229]
[16:09:51][PlayerBucketFillEvent]: used BUCKET on [world;-176;66;232]
[16:10:00][PlayerBucketEmptyEvent]: used WATER_BUCKET on [world;-176;64;236]
[16:10:01][PlayerBucketFillEvent]: used BUCKET on [world;-176;63;236]
[16:10:59][PlayerBucketEmptyEvent]: used WATER_BUCKET on [world;-178;64;229]
[16:11:24][PlayerBucketFillEvent]: used BUCKET on [world;-176;66;232]
[16:12:36][PlayerBucketEmptyEvent]: used WATER_BUCKET on [world;-178;63;229]
[16:12:37][PlayerBucketFillEvent]: used BUCKET on [world;-176;64;231]
[16:12:38][PlayerBucketFillEvent]: used BUCKET on [world;-176;64;231]
[16:12:38][PlayerBucketFillEvent]: used BUCKET on [world;-176;66;232]
[16:12:39][PlayerBucketFillEvent]: used BUCKET on [world;-176;66;233]
[16:12:40][PlayerBucketFillEvent]: used BUCKET on [world;-176;65;232]
[16:13:33][PlayerBucketEmptyEvent]: used WATER_BUCKET on [world;-178;63;233]
[16:13:33][PlayerBucketFillEvent]: used BUCKET on [world;-180;63;233]
[16:13:47][PlayerBucketEmptyEvent]: used WATER_BUCKET on [world;-177;64;229]
[16:13:48][PlayerBucketFillEvent]: used BUCKET on [world;-176;66;232]
[16:16:27][PlayerBucketEmptyEvent]: used WATER_BUCKET on [world;-177;64;229]
[16:16:28][PlayerBucketFillEvent]: used BUCKET on [world;-176;65;231]
[16:18:27][AsyncPlayerChatEvent]: said X= -176 Z= 229
