[08:45:48][AsyncPlayerChatEvent]: said i can give u bread
[09:04:51][AsyncPlayerChatEvent]: said what
[09:05:50][AsyncPlayerChatEvent]: said fy spawner te8dr tswy tp by 100 credits
[09:06:28][AsyncPlayerChatEvent]: said m3rf whenh bs fyh
[09:32:56][AsyncPlayerChatEvent]: said o
[09:33:32][AsyncPlayerChatEvent]: said i dont know
[09:35:50][AsyncPlayerChatEvent]: said i think u have to list it
[09:35:55][AsyncPlayerChatEvent]: said i dont know how
[09:37:51][AsyncPlayerChatEvent]: said i know where the spawn is
[09:39:04][AsyncPlayerChatEvent]: said am broke
[09:39:26][AsyncPlayerChatEvent]: said idk how to get money
[09:39:30][AsyncPlayerChatEvent]: said i have 0
[09:39:46][AsyncPlayerChatEvent]: said then
[09:40:21][AsyncPlayerChatEvent]: said i have 0 balance and 0 credits
[09:40:52][AsyncPlayerChatEvent]: said unlucky
[09:44:53][AsyncPlayerChatEvent]: said np
[09:46:08][AsyncPlayerChatEvent]: said what
[09:46:40][AsyncPlayerChatEvent]: said home
[09:47:16][AsyncPlayerChatEvent]: said u have bone ?
[09:47:30][AsyncPlayerChatEvent]: said there is more
[09:54:09][AsyncPlayerChatEvent]: said what
[09:55:00][AsyncPlayerChatEvent]: said where are u
[09:55:33][AsyncPlayerChatEvent]: said i cant run
[09:56:30][AsyncPlayerChatEvent]: said t
[09:58:18][AsyncPlayerChatEvent]: said 1600 :)
[10:00:02][AsyncPlayerChatEvent]: said can some1 sleep
[10:00:48][AsyncPlayerChatEvent]: said 7xgb did u get ur stuff
[10:01:38][AsyncPlayerChatEvent]: said wait
[10:08:53][AsyncPlayerChatEvent]: said no money
