[19:22:32][EntityPickupItemEvent]: PLAYER picked up OAK_LOG
[19:22:38][EntityPickupItemEvent]: PLAYER picked up OAK_LOG
[19:22:41][EntityPickupItemEvent]: PLAYER picked up OAK_LOG
[19:22:45][EntityPickupItemEvent]: PLAYER picked up OAK_LOG
[19:22:48][EntityPickupItemEvent]: PLAYER picked up OAK_LOG
[19:22:52][EntityPickupItemEvent]: PLAYER picked up OAK_LOG
[19:22:56][EntityPickupItemEvent]: PLAYER picked up OAK_LOG
[19:23:44][EntityPickupItemEvent]: PLAYER picked up CRAFTING_TABLE
[19:23:59][EntityPickupItemEvent]: PLAYER picked up COAL
[19:23:59][EntityPickupItemEvent]: PLAYER picked up COAL
[19:24:01][EntityPickupItemEvent]: PLAYER picked up COAL
[19:24:08][EntityPickupItemEvent]: PLAYER picked up COAL
[19:24:08][EntityPickupItemEvent]: PLAYER picked up COAL
[19:24:16][EntityPickupItemEvent]: PLAYER picked up COAL
[19:24:25][EntityPickupItemEvent]: PLAYER picked up COBBLESTONE
[19:24:27][EntityPickupItemEvent]: PLAYER picked up COBBLESTONE
[19:24:29][EntityPickupItemEvent]: PLAYER picked up COBBLESTONE
[19:24:31][EntityPickupItemEvent]: PLAYER picked up COBBLESTONE
[19:24:34][EntityPickupItemEvent]: PLAYER picked up COBBLESTONE
[19:24:37][EntityPickupItemEvent]: PLAYER picked up COAL
[19:24:53][EntityPickupItemEvent]: PLAYER picked up COBBLESTONE
[19:24:56][EntityPickupItemEvent]: PLAYER picked up COBBLESTONE
[19:24:57][EntityPickupItemEvent]: PLAYER picked up COBBLESTONE
[19:24:58][EntityPickupItemEvent]: PLAYER picked up COBBLESTONE
[19:24:59][EntityPickupItemEvent]: PLAYER picked up COBBLESTONE
[19:25:00][EntityPickupItemEvent]: PLAYER picked up COBBLESTONE
[19:25:13][EntityPickupItemEvent]: PLAYER picked up CRAFTING_TABLE
[19:26:14][EntityPickupItemEvent]: PLAYER picked up CARROT
[19:26:17][EntityPickupItemEvent]: PLAYER picked up CARROT
[19:26:18][EntityPickupItemEvent]: PLAYER picked up CARROT
[19:26:28][EntityPickupItemEvent]: PLAYER picked up POTATO
[19:28:41][EntityPickupItemEvent]: PLAYER picked up STICK
[19:31:31][EntityPickupItemEvent]: PLAYER picked up TORCH
[19:31:36][EntityPickupItemEvent]: PLAYER picked up COBBLESTONE
[19:31:38][EntityPickupItemEvent]: PLAYER picked up COBBLESTONE
[19:31:40][EntityPickupItemEvent]: PLAYER picked up COBBLESTONE
[19:31:46][EntityPickupItemEvent]: PLAYER picked up COBBLESTONE
[19:31:47][EntityPickupItemEvent]: PLAYER picked up COBBLESTONE
[19:31:57][EntityPickupItemEvent]: PLAYER picked up ARROW
[19:32:54][EntityPickupItemEvent]: PLAYER picked up ARROW
[19:35:59][EntityPickupItemEvent]: PLAYER picked up DIRT
[19:36:03][EntityPickupItemEvent]: PLAYER picked up DIRT
[19:37:11][EntityPickupItemEvent]: PLAYER picked up COBBLESTONE
[19:37:54][EntityPickupItemEvent]: PLAYER picked up LAPIS_LAZULI
[19:37:57][EntityPickupItemEvent]: PLAYER picked up LAPIS_LAZULI
[19:38:06][EntityPickupItemEvent]: PLAYER picked up LAPIS_LAZULI
[19:38:08][EntityPickupItemEvent]: PLAYER picked up LAPIS_LAZULI
[19:38:09][EntityPickupItemEvent]: PLAYER picked up LAPIS_LAZULI
[19:38:10][EntityPickupItemEvent]: PLAYER picked up DIRT
[19:38:11][EntityPickupItemEvent]: PLAYER picked up DIRT
[19:38:32][EntityPickupItemEvent]: PLAYER picked up ARROW
[19:38:32][EntityPickupItemEvent]: PLAYER picked up DIRT
[19:38:32][EntityPickupItemEvent]: PLAYER picked up BOW
[19:38:32][EntityPickupItemEvent]: PLAYER picked up BONE
[19:38:59][EntityPickupItemEvent]: PLAYER picked up DIRT
[19:39:03][EntityPickupItemEvent]: PLAYER picked up TORCH
[19:39:14][EntityPickupItemEvent]: PLAYER picked up TORCH
[19:39:15][EntityPickupItemEvent]: PLAYER picked up TORCH
[19:39:27][EntityPickupItemEvent]: PLAYER picked up DIRT
[19:39:54][EntityPickupItemEvent]: PLAYER picked up COBBLESTONE
[20:16:44][EntityPickupItemEvent]: PLAYER picked up ZOMBIE_HEAD
[20:16:44][EntityPickupItemEvent]: PLAYER picked up ROTTEN_FLESH
[20:18:27][EntityPickupItemEvent]: PLAYER picked up OAK_LOG
[20:18:32][EntityPickupItemEvent]: PLAYER picked up OAK_LOG
[20:18:35][EntityPickupItemEvent]: PLAYER picked up OAK_LOG
[20:18:41][EntityPickupItemEvent]: PLAYER picked up OAK_LOG
[20:22:39][EntityPickupItemEvent]: PLAYER picked up FEATHER
[20:22:39][EntityPickupItemEvent]: PLAYER picked up CHICKEN
[20:23:16][EntityPickupItemEvent]: PLAYER picked up CARROT
[20:23:18][EntityPickupItemEvent]: PLAYER picked up POTATO
[20:23:20][EntityPickupItemEvent]: PLAYER picked up POTATO
[20:24:22][EntityPickupItemEvent]: PLAYER picked up SHIELD
[20:24:36][EntityPickupItemEvent]: PLAYER picked up ARROW
[20:24:36][EntityPickupItemEvent]: PLAYER picked up BONE
[20:24:36][EntityPickupItemEvent]: PLAYER picked up BOW
[20:27:36][EntityPickupItemEvent]: PLAYER picked up GRANITE
[20:29:50][EntityPickupItemEvent]: PLAYER picked up COBBLESTONE
[20:30:02][EntityPickupItemEvent]: PLAYER picked up DIRT
[20:30:10][EntityPickupItemEvent]: PLAYER picked up COBBLESTONE
[20:31:09][EntityPickupItemEvent]: PLAYER picked up COBBLESTONE
[20:31:46][EntityPickupItemEvent]: PLAYER picked up COAL
[20:31:48][EntityPickupItemEvent]: PLAYER picked up COAL
[20:31:48][EntityPickupItemEvent]: PLAYER picked up COAL
[20:31:50][EntityPickupItemEvent]: PLAYER picked up COAL
[20:32:48][EntityPickupItemEvent]: PLAYER picked up COAL
[20:32:50][EntityPickupItemEvent]: PLAYER picked up COAL
[20:33:01][EntityPickupItemEvent]: PLAYER picked up COBBLESTONE
[20:33:08][EntityPickupItemEvent]: PLAYER picked up COAL
[20:33:08][EntityPickupItemEvent]: PLAYER picked up GRANITE
[20:33:09][EntityPickupItemEvent]: PLAYER picked up GRANITE
[20:33:17][EntityPickupItemEvent]: PLAYER picked up COAL
[20:33:18][EntityPickupItemEvent]: PLAYER picked up COAL
[20:33:36][EntityPickupItemEvent]: PLAYER picked up GRAVEL
[20:33:37][EntityPickupItemEvent]: PLAYER picked up GRAVEL
[20:33:47][EntityPickupItemEvent]: PLAYER picked up GRAVEL
[20:33:54][EntityPickupItemEvent]: PLAYER picked up ANDESITE
[20:33:59][EntityPickupItemEvent]: PLAYER picked up COAL
[20:34:01][EntityPickupItemEvent]: PLAYER picked up COAL
[20:34:05][EntityPickupItemEvent]: PLAYER picked up COAL
[20:34:05][EntityPickupItemEvent]: PLAYER picked up COAL
[20:34:07][EntityPickupItemEvent]: PLAYER picked up COAL
[20:34:08][EntityPickupItemEvent]: PLAYER picked up COAL
[20:34:09][EntityPickupItemEvent]: PLAYER picked up COAL
[20:34:10][EntityPickupItemEvent]: PLAYER picked up COAL
[20:34:11][EntityPickupItemEvent]: PLAYER picked up COAL
[20:34:38][EntityPickupItemEvent]: PLAYER picked up REDSTONE
[20:34:39][EntityPickupItemEvent]: PLAYER picked up REDSTONE
[20:34:39][EntityPickupItemEvent]: PLAYER picked up ANDESITE
[20:34:40][EntityPickupItemEvent]: PLAYER picked up REDSTONE
[20:34:41][EntityPickupItemEvent]: PLAYER picked up ANDESITE
