[19:22:28][BlockBreakEvent]: breaked minecraft:grass on [world;-629;63;842]
[19:22:32][BlockBreakEvent]: breaked minecraft:oak_log[axis=y] on [world;-627;64;842]
[19:22:37][BlockBreakEvent]: breaked minecraft:oak_log[axis=y] on [world;-627;63;842]
[19:22:41][BlockBreakEvent]: breaked minecraft:oak_log[axis=y] on [world;-627;65;842]
[19:22:44][BlockBreakEvent]: breaked minecraft:oak_log[axis=y] on [world;-627;66;842]
[19:22:48][BlockBreakEvent]: breaked minecraft:oak_log[axis=y] on [world;-627;67;842]
[19:22:51][BlockBreakEvent]: breaked minecraft:oak_log[axis=y] on [world;-627;68;842]
[19:22:55][BlockBreakEvent]: breaked minecraft:oak_log[axis=z] on [world;-627;69;842]
[19:23:18][BlockPlaceEvent]: placed minecraft:crafting_table on [world;-639;64;845]
[19:23:43][BlockBreakEvent]: breaked minecraft:crafting_table on [world;-639;64;845]
[19:23:58][BlockBreakEvent]: breaked minecraft:coal_ore on [world;-614;63;834]
[19:23:59][BlockBreakEvent]: breaked minecraft:coal_ore on [world;-614;63;833]
[19:23:59][BlockBreakEvent]: breaked minecraft:coal_ore on [world;-615;63;832]
[19:24:00][BlockBreakEvent]: breaked minecraft:coal_ore on [world;-614;63;832]
[19:24:00][BlockBreakEvent]: breaked minecraft:coal_ore on [world;-615;63;831]
[19:24:03][BlockBreakEvent]: breaked minecraft:coal_ore on [world;-616;63;831]
[19:24:07][BlockBreakEvent]: breaked minecraft:coal_ore on [world;-615;64;832]
[19:24:11][BlockBreakEvent]: breaked minecraft:coal_ore on [world;-614;64;832]
[19:24:13][BlockBreakEvent]: breaked minecraft:coal_ore on [world;-614;63;831]
[19:24:24][BlockBreakEvent]: breaked minecraft:stone on [world;-615;62;832]
[19:24:27][BlockBreakEvent]: breaked minecraft:stone on [world;-613;63;832]
[19:24:28][BlockBreakEvent]: breaked minecraft:stone on [world;-614;62;832]
[19:24:30][BlockBreakEvent]: breaked minecraft:stone on [world;-613;63;831]
[19:24:34][BlockBreakEvent]: breaked minecraft:stone on [world;-614;62;831]
[19:24:36][BlockBreakEvent]: breaked minecraft:coal_ore on [world;-614;63;830]
[19:24:40][BlockPlaceEvent]: placed minecraft:crafting_table on [world;-613;63;831]
[19:24:53][BlockBreakEvent]: breaked minecraft:stone on [world;-615;62;831]
[19:24:55][BlockBreakEvent]: breaked minecraft:stone on [world;-613;63;830]
[19:24:56][BlockBreakEvent]: breaked minecraft:stone on [world;-614;62;830]
[19:24:57][BlockBreakEvent]: breaked minecraft:stone on [world;-613;62;830]
[19:24:59][BlockBreakEvent]: breaked minecraft:stone on [world;-613;63;829]
[19:24:59][BlockBreakEvent]: breaked minecraft:stone on [world;-614;63;829]
[19:25:12][BlockBreakEvent]: breaked minecraft:crafting_table on [world;-613;63;831]
[19:26:13][BlockBreakEvent]: breaked minecraft:carrots[age=7] on [world;-570;63;800]
[19:26:13][BlockBreakEvent]: breaked minecraft:carrots[age=7] on [world;-571;63;800]
[19:26:14][BlockBreakEvent]: breaked minecraft:carrots[age=7] on [world;-572;63;801]
[19:26:14][BlockBreakEvent]: breaked minecraft:carrots[age=7] on [world;-571;63;802]
[19:26:14][BlockBreakEvent]: breaked minecraft:carrots[age=7] on [world;-572;63;802]
[19:26:14][BlockBreakEvent]: breaked minecraft:carrots[age=7] on [world;-570;63;802]
[19:26:15][BlockBreakEvent]: breaked minecraft:carrots[age=7] on [world;-570;63;801]
[19:26:17][BlockBreakEvent]: breaked minecraft:carrots[age=7] on [world;-572;63;800]
[19:26:20][BlockPlaceEvent]: placed minecraft:carrots[age=0] on [world;-572;63;802]
[19:26:20][BlockPlaceEvent]: placed minecraft:carrots[age=0] on [world;-571;63;802]
[19:26:22][BlockPlaceEvent]: placed minecraft:carrots[age=0] on [world;-570;63;800]
[19:26:22][BlockPlaceEvent]: placed minecraft:carrots[age=0] on [world;-570;63;801]
[19:26:22][BlockPlaceEvent]: placed minecraft:carrots[age=0] on [world;-570;63;802]
[19:26:23][BlockPlaceEvent]: placed minecraft:carrots[age=0] on [world;-571;63;800]
[19:26:23][BlockPlaceEvent]: placed minecraft:carrots[age=0] on [world;-572;63;800]
[19:26:24][BlockPlaceEvent]: placed minecraft:carrots[age=0] on [world;-572;63;801]
[19:26:27][BlockBreakEvent]: breaked minecraft:potatoes[age=7] on [world;-568;63;800]
[19:26:27][BlockBreakEvent]: breaked minecraft:potatoes[age=7] on [world;-568;63;801]
[19:26:27][BlockBreakEvent]: breaked minecraft:potatoes[age=7] on [world;-568;63;802]
[19:26:27][BlockBreakEvent]: breaked minecraft:potatoes[age=7] on [world;-567;63;802]
[19:26:27][BlockBreakEvent]: breaked minecraft:potatoes[age=7] on [world;-566;63;802]
[19:26:27][BlockBreakEvent]: breaked minecraft:potatoes[age=7] on [world;-566;63;801]
[19:26:28][BlockBreakEvent]: breaked minecraft:potatoes[age=7] on [world;-567;63;800]
[19:26:28][BlockBreakEvent]: breaked minecraft:potatoes[age=7] on [world;-566;63;800]
[19:26:30][BlockPlaceEvent]: placed minecraft:potatoes[age=0] on [world;-566;63;802]
[19:26:30][BlockPlaceEvent]: placed minecraft:potatoes[age=0] on [world;-567;63;802]
[19:26:30][BlockPlaceEvent]: placed minecraft:potatoes[age=0] on [world;-567;63;800]
[19:26:31][BlockPlaceEvent]: placed minecraft:potatoes[age=0] on [world;-568;63;802]
[19:26:32][BlockPlaceEvent]: placed minecraft:potatoes[age=0] on [world;-568;63;801]
[19:26:32][BlockPlaceEvent]: placed minecraft:potatoes[age=0] on [world;-568;63;800]
[19:26:33][BlockPlaceEvent]: placed minecraft:potatoes[age=0] on [world;-566;63;801]
[19:26:34][BlockPlaceEvent]: placed minecraft:potatoes[age=0] on [world;-566;63;800]
[19:28:07][FurnaceExtractEvent]: breaked minecraft:furnace[facing=east,lit=true] on [world;-597;80;691]
[19:28:08][FurnaceExtractEvent]: breaked minecraft:furnace[facing=east,lit=true] on [world;-597;80;693]
[19:28:21][FurnaceExtractEvent]: breaked minecraft:furnace[facing=east,lit=true] on [world;-597;80;693]
[19:28:23][FurnaceExtractEvent]: breaked minecraft:furnace[facing=east,lit=true] on [world;-597;80;691]
[19:28:48][FurnaceExtractEvent]: breaked minecraft:furnace[facing=east,lit=true] on [world;-597;80;691]
[19:28:53][FurnaceExtractEvent]: breaked minecraft:furnace[facing=east,lit=false] on [world;-597;80;693]
[19:29:18][FurnaceExtractEvent]: breaked minecraft:furnace[facing=east,lit=true] on [world;-597;80;693]
[19:29:19][FurnaceExtractEvent]: breaked minecraft:furnace[facing=east,lit=false] on [world;-597;80;691]
[19:29:25][FurnaceExtractEvent]: breaked minecraft:furnace[facing=east,lit=true] on [world;-597;80;693]
[19:29:35][FurnaceExtractEvent]: breaked minecraft:furnace[facing=east,lit=true] on [world;-597;80;693]
[19:29:45][FurnaceExtractEvent]: breaked minecraft:furnace[facing=east,lit=true] on [world;-597;80;693]
[19:31:30][BlockPlaceEvent]: placed minecraft:wall_torch[facing=north] on [world;-625;13;606]
[19:31:30][BlockBreakEvent]: breaked minecraft:wall_torch[facing=north] on [world;-625;13;606]
[19:31:35][BlockBreakEvent]: breaked minecraft:stone on [world;-625;13;607]
[19:31:35][BlockBreakEvent]: breaked minecraft:stone on [world;-625;14;607]
[19:31:36][BlockBreakEvent]: breaked minecraft:stone on [world;-625;12;607]
[19:31:37][BlockBreakEvent]: breaked minecraft:stone on [world;-626;14;607]
[19:31:39][BlockBreakEvent]: breaked minecraft:stone on [world;-626;13;607]
[19:31:45][BlockBreakEvent]: breaked minecraft:stone on [world;-627;15;607]
[19:31:46][BlockBreakEvent]: breaked minecraft:stone on [world;-627;14;607]
[19:35:59][BlockBreakEvent]: breaked minecraft:dirt on [world;-618;25;636]
[19:36:03][BlockBreakEvent]: breaked minecraft:dirt on [world;-618;25;635]
[19:36:17][BlockBreakEvent]: breaked minecraft:stone on [world;-613;26;630]
[19:37:02][BlockBreakEvent]: breaked minecraft:redstone_ore[lit=true] on [world;-627;10;618]
[19:37:03][BlockBreakEvent]: breaked minecraft:redstone_ore[lit=true] on [world;-626;10;618]
[19:37:08][BlockBreakEvent]: breaked minecraft:redstone_ore[lit=false] on [world;-631;8;616]
[19:37:10][BlockBreakEvent]: breaked minecraft:stone on [world;-631;7;617]
[19:37:15][BlockBreakEvent]: breaked minecraft:redstone_ore[lit=true] on [world;-631;7;616]
[19:37:19][BlockBreakEvent]: breaked minecraft:redstone_ore[lit=true] on [world;-631;6;616]
[19:37:54][BlockBreakEvent]: breaked minecraft:lapis_ore on [world;-603;6;630]
[19:37:57][BlockBreakEvent]: breaked minecraft:lapis_ore on [world;-603;7;630]
[19:38:00][BlockPlaceEvent]: placed minecraft:dirt on [world;-603;4;630]
[19:38:00][BlockPlaceEvent]: placed minecraft:dirt on [world;-603;5;630]
[19:38:06][BlockBreakEvent]: breaked minecraft:lapis_ore on [world;-603;7;629]
[19:38:07][BlockBreakEvent]: breaked minecraft:lapis_ore on [world;-602;7;630]
[19:38:09][BlockBreakEvent]: breaked minecraft:lapis_ore on [world;-602;7;629]
[19:38:10][BlockBreakEvent]: breaked minecraft:dirt on [world;-603;5;630]
[19:38:11][BlockBreakEvent]: breaked minecraft:dirt on [world;-603;4;630]
[19:38:26][BlockPlaceEvent]: placed minecraft:dirt on [world;-602;4;624]
[19:38:32][BlockBreakEvent]: breaked minecraft:dirt on [world;-602;4;624]
[19:38:56][BlockPlaceEvent]: placed minecraft:dirt on [world;-602;3;625]
[19:38:59][BlockBreakEvent]: breaked minecraft:dirt on [world;-602;3;625]
[19:39:00][BlockPlaceEvent]: placed minecraft:dirt on [world;-602;2;625]
[19:39:01][BlockPlaceEvent]: placed minecraft:dirt on [world;-602;3;625]
[19:39:01][BlockPlaceEvent]: placed minecraft:torch on [world;-602;4;625]
[19:39:03][BlockBreakEvent]: breaked minecraft:torch on [world;-602;4;625]
[19:39:12][BlockPlaceEvent]: placed minecraft:torch on [world;-614;5;637]
[19:39:12][BlockPlaceEvent]: placed minecraft:wall_torch[facing=west] on [world;-613;5;637]
[19:39:14][BlockBreakEvent]: breaked minecraft:torch on [world;-614;5;637]
[19:39:15][BlockBreakEvent]: breaked minecraft:wall_torch[facing=west] on [world;-613;5;637]
[19:39:26][BlockBreakEvent]: breaked minecraft:dirt on [world;-628;8;620]
[19:39:44][BlockPlaceEvent]: placed minecraft:dirt on [world;-645;9;634]
[19:39:49][BlockPlaceEvent]: placed minecraft:oak_planks on [world;-644;9;635]
[19:39:54][BlockBreakEvent]: breaked minecraft:stone on [world;-644;7;634]
[20:16:47][BlockPlaceEvent]: placed minecraft:zombie_head[rotation=6] on [world;-590;59;639]
[20:18:26][BlockBreakEvent]: breaked minecraft:oak_log[axis=y] on [world;-494;77;714]
[20:18:31][BlockBreakEvent]: breaked minecraft:oak_log[axis=y] on [world;-494;78;714]
[20:18:35][BlockBreakEvent]: breaked minecraft:oak_log[axis=y] on [world;-494;79;714]
[20:18:36][BlockBreakEvent]: breaked minecraft:oak_leaves[distance=1,persistent=false] on [world;-494;80;715]
[20:18:40][BlockBreakEvent]: breaked minecraft:oak_log[axis=y] on [world;-494;80;714]
[20:22:37][BlockBreakEvent]: breaked minecraft:grass on [world;-634;67;759]
[20:22:38][BlockBreakEvent]: breaked minecraft:grass on [world;-632;67;757]
[20:23:15][BlockBreakEvent]: breaked minecraft:carrots[age=7] on [world;-570;63;800]
[20:23:15][BlockBreakEvent]: breaked minecraft:carrots[age=7] on [world;-571;63;800]
[20:23:16][BlockBreakEvent]: breaked minecraft:carrots[age=7] on [world;-572;63;800]
[20:23:16][BlockBreakEvent]: breaked minecraft:carrots[age=7] on [world;-572;63;801]
[20:23:16][BlockBreakEvent]: breaked minecraft:carrots[age=7] on [world;-572;63;802]
[20:23:16][BlockBreakEvent]: breaked minecraft:carrots[age=7] on [world;-570;63;801]
[20:23:16][BlockBreakEvent]: breaked minecraft:carrots[age=7] on [world;-570;63;802]
[20:23:16][BlockBreakEvent]: breaked minecraft:carrots[age=7] on [world;-571;63;802]
[20:23:17][BlockBreakEvent]: breaked minecraft:potatoes[age=7] on [world;-568;63;801]
[20:23:17][BlockBreakEvent]: breaked minecraft:potatoes[age=7] on [world;-568;63;802]
[20:23:17][BlockBreakEvent]: breaked minecraft:potatoes[age=7] on [world;-566;63;802]
[20:23:17][BlockBreakEvent]: breaked minecraft:potatoes[age=7] on [world;-567;63;800]
[20:23:17][BlockBreakEvent]: breaked minecraft:potatoes[age=7] on [world;-568;63;800]
[20:23:18][BlockBreakEvent]: breaked minecraft:potatoes[age=7] on [world;-567;63;802]
[20:23:18][BlockBreakEvent]: breaked minecraft:potatoes[age=7] on [world;-566;63;801]
[20:23:19][BlockBreakEvent]: breaked minecraft:potatoes[age=7] on [world;-566;63;800]
[20:23:24][BlockPlaceEvent]: placed minecraft:carrots[age=0] on [world;-570;63;800]
[20:23:24][BlockPlaceEvent]: placed minecraft:carrots[age=0] on [world;-572;63;800]
[20:23:24][BlockPlaceEvent]: placed minecraft:carrots[age=0] on [world;-570;63;802]
[20:23:26][BlockPlaceEvent]: placed minecraft:carrots[age=0] on [world;-571;63;800]
[20:23:27][BlockPlaceEvent]: placed minecraft:carrots[age=0] on [world;-572;63;802]
[20:23:27][BlockPlaceEvent]: placed minecraft:carrots[age=0] on [world;-572;63;801]
[20:23:28][BlockPlaceEvent]: placed minecraft:carrots[age=0] on [world;-571;63;802]
[20:23:28][BlockPlaceEvent]: placed minecraft:carrots[age=0] on [world;-570;63;801]
[20:23:29][BlockPlaceEvent]: placed minecraft:carrots[age=0] on [world;-568;63;802]
[20:23:29][BlockPlaceEvent]: placed minecraft:carrots[age=0] on [world;-568;63;801]
[20:23:29][BlockPlaceEvent]: placed minecraft:carrots[age=0] on [world;-568;63;800]
[20:23:29][BlockPlaceEvent]: placed minecraft:carrots[age=0] on [world;-567;63;800]
[20:23:30][BlockPlaceEvent]: placed minecraft:carrots[age=0] on [world;-567;63;802]
[20:23:31][BlockPlaceEvent]: placed minecraft:carrots[age=0] on [world;-566;63;802]
[20:23:31][BlockPlaceEvent]: placed minecraft:carrots[age=0] on [world;-566;63;800]
[20:23:32][BlockPlaceEvent]: placed minecraft:carrots[age=0] on [world;-566;63;801]
[20:26:21][FurnaceExtractEvent]: breaked minecraft:furnace[facing=east,lit=false] on [world;-597;80;691]
[20:27:36][BlockBreakEvent]: breaked minecraft:granite on [world;-675;66;760]
[20:29:40][BlockPlaceEvent]: placed minecraft:granite on [world;-644;7;634]
[20:29:50][BlockBreakEvent]: breaked minecraft:stone on [world;-644;12;613]
[20:30:01][BlockBreakEvent]: breaked minecraft:dirt on [world;-645;9;634]
[20:30:07][BlockPlaceEvent]: placed minecraft:cobblestone on [world;-645;13;640]
[20:30:09][BlockBreakEvent]: breaked minecraft:cobblestone on [world;-645;13;640]
[20:30:11][BlockPlaceEvent]: placed minecraft:cobblestone on [world;-645;12;640]
[20:30:34][BlockPlaceEvent]: placed minecraft:dirt on [world;-644;49;677]
[20:31:09][BlockBreakEvent]: breaked minecraft:stone on [world;-644;11;618]
[20:31:46][BlockBreakEvent]: breaked minecraft:coal_ore on [world;-616;16;603]
[20:31:47][BlockBreakEvent]: breaked minecraft:coal_ore on [world;-616;17;603]
[20:31:48][BlockBreakEvent]: breaked minecraft:coal_ore on [world;-617;16;604]
[20:31:48][BlockBreakEvent]: breaked minecraft:infested_stone on [world;-617;17;604]
[20:31:48][BlockBreakEvent]: breaked minecraft:infested_stone on [world;-617;18;604]
[20:31:49][BlockBreakEvent]: breaked minecraft:coal_ore on [world;-617;16;603]
[20:31:50][BlockBreakEvent]: breaked minecraft:infested_stone on [world;-618;17;604]
[20:32:36][BlockPlaceEvent]: placed minecraft:cobblestone on [world;-617;12;604]
[20:32:38][BlockBreakEvent]: breaked minecraft:infested_stone on [world;-618;18;604]
[20:32:48][BlockBreakEvent]: breaked minecraft:coal_ore on [world;-616;16;604]
[20:32:49][BlockBreakEvent]: breaked minecraft:coal_ore on [world;-616;17;604]
[20:32:50][BlockBreakEvent]: breaked minecraft:coal_ore on [world;-616;16;605]
[20:32:51][BlockBreakEvent]: breaked minecraft:coal_ore on [world;-615;16;604]
[20:32:52][BlockBreakEvent]: breaked minecraft:coal_ore on [world;-615;16;603]
[20:32:53][BlockBreakEvent]: breaked minecraft:coal_ore on [world;-615;17;604]
[20:32:54][BlockBreakEvent]: breaked minecraft:coal_ore on [world;-615;17;603]
[20:32:59][BlockBreakEvent]: breaked minecraft:stone on [world;-620;12;609]
[20:33:07][BlockBreakEvent]: breaked minecraft:granite on [world;-615;15;603]
[20:33:08][BlockBreakEvent]: breaked minecraft:granite on [world;-615;15;604]
[20:33:10][BlockPlaceEvent]: placed minecraft:cobblestone on [world;-615;12;604]
[20:33:14][BlockPlaceEvent]: placed minecraft:granite on [world;-615;13;604]
[20:33:15][BlockPlaceEvent]: placed minecraft:granite on [world;-615;14;604]
[20:33:17][BlockBreakEvent]: breaked minecraft:coal_ore on [world;-614;16;604]
[20:33:18][BlockBreakEvent]: breaked minecraft:coal_ore on [world;-614;17;604]
[20:33:26][BlockPlaceEvent]: placed minecraft:granite on [world;-616;11;604]
[20:33:36][BlockBreakEvent]: breaked minecraft:gravel on [world;-622;13;611]
[20:33:37][BlockBreakEvent]: breaked minecraft:gravel on [world;-622;13;611]
[20:33:37][BlockPlaceEvent]: placed minecraft:gravel on [world;-622;13;611]
[20:33:45][BlockPlaceEvent]: placed minecraft:gravel on [world;-627;16;608]
[20:33:47][BlockBreakEvent]: breaked minecraft:gravel on [world;-627;15;608]
[20:33:48][BlockPlaceEvent]: placed minecraft:gravel on [world;-627;14;607]
[20:33:53][BlockBreakEvent]: breaked minecraft:andesite on [world;-626;16;612]
[20:33:56][BlockPlaceEvent]: placed minecraft:andesite on [world;-626;16;612]
[20:33:59][BlockBreakEvent]: breaked minecraft:coal_ore on [world;-627;18;616]
[20:34:00][BlockBreakEvent]: breaked minecraft:coal_ore on [world;-627;19;616]
[20:34:01][BlockBreakEvent]: breaked minecraft:coal_ore on [world;-627;18;617]
[20:34:03][BlockBreakEvent]: breaked minecraft:coal_ore on [world;-626;18;617]
[20:34:04][BlockBreakEvent]: breaked minecraft:coal_ore on [world;-627;19;617]
[20:34:05][BlockBreakEvent]: breaked minecraft:coal_ore on [world;-628;19;617]
[20:34:06][BlockBreakEvent]: breaked minecraft:coal_ore on [world;-627;19;618]
[20:34:08][BlockBreakEvent]: breaked minecraft:coal_ore on [world;-628;19;618]
[20:34:09][BlockBreakEvent]: breaked minecraft:coal_ore on [world;-628;18;617]
[20:34:10][BlockBreakEvent]: breaked minecraft:coal_ore on [world;-628;18;618]
[20:34:11][BlockBreakEvent]: breaked minecraft:coal_ore on [world;-627;18;618]
[20:34:37][BlockBreakEvent]: breaked minecraft:redstone_ore[lit=true] on [world;-667;10;608]
[20:34:38][BlockBreakEvent]: breaked minecraft:redstone_ore[lit=true] on [world;-668;10;608]
[20:34:38][BlockBreakEvent]: breaked minecraft:redstone_ore[lit=true] on [world;-668;11;609]
[20:34:39][BlockBreakEvent]: breaked minecraft:redstone_ore[lit=true] on [world;-667;11;609]
[20:34:39][BlockBreakEvent]: breaked minecraft:andesite on [world;-667;10;609]
[20:34:39][BlockBreakEvent]: breaked minecraft:redstone_ore[lit=true] on [world;-668;10;609]
[20:34:41][BlockBreakEvent]: breaked minecraft:andesite on [world;-670;11;608]
[20:34:43][BlockBreakEvent]: breaked minecraft:stone on [world;-672;12;608]
