[00:36:40][BlockBreakEvent][Cancelled]: breaked minecraft:chest[facing=south,type=left,waterlogged=false] on [world;28;77;-11]
[00:43:29][BlockPlaceEvent]: placed minecraft:chest[facing=west,type=single,waterlogged=false] on [world;-339;42;553]
[00:43:53][BlockBreakEvent]: breaked minecraft:chest[facing=west,type=single,waterlogged=false] on [world;-339;42;553]
[00:43:56][BlockPlaceEvent]: placed minecraft:chest[facing=west,type=single,waterlogged=false] on [world;-339;42;553]
[00:44:17][BlockBreakEvent]: breaked minecraft:chest[facing=west,type=single,waterlogged=false] on [world;-339;42;553]
[00:44:42][BlockPlaceEvent]: placed minecraft:chest[facing=west,type=single,waterlogged=false] on [world;-339;42;553]
[00:44:56][BlockBreakEvent]: breaked minecraft:chest[facing=west,type=single,waterlogged=false] on [world;-339;42;553]
[00:48:48][BlockPlaceEvent]: placed minecraft:grass_block[snowy=false] on [world;-250;69;512]
[00:50:36][BlockBreakEvent]: breaked minecraft:oak_leaves[distance=3,persistent=false] on [world;-276;73;474]
[00:52:22][BlockBreakEvent]: breaked minecraft:stone on [world;-202;60;442]
[00:52:23][BlockBreakEvent]: breaked minecraft:diorite on [world;-202;59;442]
[00:52:25][BlockBreakEvent]: breaked minecraft:stone on [world;-201;58;442]
[00:52:25][BlockBreakEvent]: breaked minecraft:stone on [world;-201;57;442]
[00:52:26][BlockBreakEvent]: breaked minecraft:stone on [world;-201;56;442]
[00:52:26][BlockBreakEvent]: breaked minecraft:stone on [world;-201;55;442]
[00:52:27][BlockBreakEvent]: breaked minecraft:stone on [world;-201;54;442]
[00:52:28][BlockBreakEvent]: breaked minecraft:stone on [world;-201;53;442]
[00:52:28][BlockBreakEvent]: breaked minecraft:stone on [world;-201;52;442]
[00:52:30][BlockBreakEvent]: breaked minecraft:dirt on [world;-201;51;442]
[00:52:31][BlockBreakEvent]: breaked minecraft:dirt on [world;-201;50;442]
[00:52:31][BlockBreakEvent]: breaked minecraft:dirt on [world;-201;49;442]
[00:52:34][BlockBreakEvent]: breaked minecraft:andesite on [world;-201;48;442]
[00:52:34][BlockBreakEvent]: breaked minecraft:stone on [world;-201;47;442]
[00:52:36][BlockBreakEvent]: breaked minecraft:stone on [world;-201;46;442]
[00:52:36][BlockBreakEvent]: breaked minecraft:stone on [world;-201;45;442]
[00:52:39][BlockBreakEvent]: breaked minecraft:stone on [world;-201;44;442]
[00:52:40][BlockBreakEvent]: breaked minecraft:stone on [world;-201;43;442]
[00:52:41][BlockBreakEvent]: breaked minecraft:stone on [world;-201;42;442]
[00:52:42][BlockBreakEvent]: breaked minecraft:stone on [world;-201;41;442]
[00:52:42][BlockBreakEvent]: breaked minecraft:andesite on [world;-201;40;442]
[00:52:44][BlockBreakEvent]: breaked minecraft:iron_ore on [world;-201;39;442]
[00:52:45][BlockBreakEvent]: breaked minecraft:andesite on [world;-201;38;442]
[00:52:46][BlockBreakEvent]: breaked minecraft:stone on [world;-201;37;442]
[00:52:47][BlockBreakEvent]: breaked minecraft:stone on [world;-201;36;442]
[00:52:50][BlockBreakEvent]: breaked minecraft:granite on [world;-201;35;442]
[00:52:51][BlockBreakEvent]: breaked minecraft:granite on [world;-201;34;442]
[00:53:01][BlockBreakEvent]: breaked minecraft:stone on [world;-201;33;442]
[00:53:01][BlockBreakEvent]: breaked minecraft:stone on [world;-201;32;442]
[00:53:02][BlockBreakEvent]: breaked minecraft:stone on [world;-201;31;442]
[00:53:03][BlockBreakEvent]: breaked minecraft:stone on [world;-201;30;442]
[00:53:03][BlockBreakEvent]: breaked minecraft:stone on [world;-201;29;442]
[00:53:05][BlockBreakEvent]: breaked minecraft:stone on [world;-201;28;442]
[00:53:05][BlockBreakEvent]: breaked minecraft:stone on [world;-201;27;442]
[00:53:06][BlockBreakEvent]: breaked minecraft:stone on [world;-201;26;442]
[00:53:07][BlockBreakEvent]: breaked minecraft:stone on [world;-201;25;442]
[00:53:07][BlockBreakEvent]: breaked minecraft:stone on [world;-201;24;442]
[00:53:20][BlockBreakEvent]: breaked minecraft:lapis_ore on [world;-206;20;406]
[00:53:21][BlockBreakEvent]: breaked minecraft:lapis_ore on [world;-206;19;406]
[00:53:23][BlockBreakEvent]: breaked minecraft:lapis_ore on [world;-206;19;407]
[00:53:24][BlockBreakEvent]: breaked minecraft:lapis_ore on [world;-207;19;406]
[00:53:25][BlockBreakEvent]: breaked minecraft:lapis_ore on [world;-207;19;407]
[00:53:40][BlockBreakEvent]: breaked minecraft:redstone_ore[lit=true] on [world;-204;14;398]
[00:53:53][BlockBreakEvent]: breaked minecraft:stone on [world;-206;14;396]
[00:53:53][BlockBreakEvent]: breaked minecraft:stone on [world;-206;13;396]
[00:53:54][BlockBreakEvent]: breaked minecraft:stone on [world;-207;14;396]
[00:54:07][BlockBreakEvent]: breaked minecraft:stone on [world;-206;13;395]
[00:54:08][BlockBreakEvent]: breaked minecraft:stone on [world;-206;12;395]
[00:54:09][BlockBreakEvent]: breaked minecraft:stone on [world;-207;13;395]
[00:54:09][BlockBreakEvent]: breaked minecraft:stone on [world;-207;12;395]
[00:54:11][BlockBreakEvent]: breaked minecraft:stone on [world;-208;13;395]
[00:54:11][BlockBreakEvent]: breaked minecraft:stone on [world;-208;12;395]
[00:54:12][BlockBreakEvent]: breaked minecraft:stone on [world;-209;12;395]
[00:54:12][BlockBreakEvent]: breaked minecraft:stone on [world;-209;13;395]
[00:54:14][BlockBreakEvent]: breaked minecraft:stone on [world;-210;13;395]
[00:54:15][BlockBreakEvent]: breaked minecraft:stone on [world;-210;12;395]
[00:54:16][BlockBreakEvent]: breaked minecraft:stone on [world;-211;13;395]
[00:54:16][BlockBreakEvent]: breaked minecraft:stone on [world;-211;12;395]
[00:54:17][BlockBreakEvent]: breaked minecraft:stone on [world;-212;13;395]
[00:54:18][BlockBreakEvent]: breaked minecraft:stone on [world;-212;12;395]
[00:54:18][BlockBreakEvent]: breaked minecraft:stone on [world;-213;13;395]
[00:54:19][BlockBreakEvent]: breaked minecraft:stone on [world;-213;12;395]
[00:54:21][BlockBreakEvent]: breaked minecraft:stone on [world;-214;13;395]
[00:54:22][BlockBreakEvent]: breaked minecraft:stone on [world;-214;12;395]
[00:54:23][BlockBreakEvent]: breaked minecraft:stone on [world;-215;13;395]
[00:54:23][BlockBreakEvent]: breaked minecraft:stone on [world;-215;12;395]
[00:54:24][BlockBreakEvent]: breaked minecraft:stone on [world;-216;13;395]
[00:54:24][BlockBreakEvent]: breaked minecraft:stone on [world;-216;12;395]
[00:54:25][BlockBreakEvent]: breaked minecraft:stone on [world;-217;12;395]
[00:54:26][BlockBreakEvent]: breaked minecraft:stone on [world;-217;13;395]
[00:54:26][BlockBreakEvent]: breaked minecraft:stone on [world;-218;13;395]
[00:54:27][BlockBreakEvent]: breaked minecraft:stone on [world;-218;12;395]
[00:54:28][BlockBreakEvent]: breaked minecraft:stone on [world;-219;12;395]
[00:54:28][BlockBreakEvent]: breaked minecraft:stone on [world;-219;13;395]
[00:54:29][BlockBreakEvent]: breaked minecraft:stone on [world;-220;13;395]
[00:54:29][BlockBreakEvent]: breaked minecraft:stone on [world;-220;12;395]
[00:54:30][BlockBreakEvent]: breaked minecraft:stone on [world;-221;12;395]
[00:54:31][BlockBreakEvent]: breaked minecraft:stone on [world;-221;13;395]
[00:54:32][BlockBreakEvent]: breaked minecraft:gold_ore on [world;-222;13;395]
[00:54:32][BlockBreakEvent]: breaked minecraft:stone on [world;-222;12;395]
[00:54:33][BlockBreakEvent]: breaked minecraft:gold_ore on [world;-223;13;395]
[00:54:34][BlockBreakEvent]: breaked minecraft:gold_ore on [world;-222;13;394]
[00:54:35][BlockBreakEvent]: breaked minecraft:gold_ore on [world;-222;12;394]
[00:54:36][BlockBreakEvent]: breaked minecraft:gold_ore on [world;-223;13;394]
[00:54:37][BlockBreakEvent]: breaked minecraft:gold_ore on [world;-223;14;395]
[00:54:38][BlockBreakEvent]: breaked minecraft:redstone_ore[lit=true] on [world;-222;14;395]
[00:54:39][BlockBreakEvent]: breaked minecraft:redstone_ore[lit=true] on [world;-222;14;396]
[00:54:40][BlockBreakEvent]: breaked minecraft:redstone_ore[lit=true] on [world;-223;14;396]
[00:54:41][BlockBreakEvent]: breaked minecraft:redstone_ore[lit=true] on [world;-223;15;395]
[00:54:42][BlockBreakEvent]: breaked minecraft:redstone_ore[lit=true] on [world;-223;15;396]
[00:54:43][BlockBreakEvent]: breaked minecraft:redstone_ore[lit=true] on [world;-222;15;396]
[00:54:44][BlockBreakEvent]: breaked minecraft:redstone_ore[lit=true] on [world;-222;15;395]
[00:54:45][BlockBreakEvent]: breaked minecraft:stone on [world;-223;12;395]
[00:54:47][BlockBreakEvent]: breaked minecraft:stone on [world;-223;13;396]
[00:54:47][BlockBreakEvent]: breaked minecraft:stone on [world;-223;12;396]
[00:54:48][BlockBreakEvent]: breaked minecraft:stone on [world;-224;13;396]
[00:54:48][BlockBreakEvent]: breaked minecraft:stone on [world;-224;12;396]
[00:54:49][BlockBreakEvent]: breaked minecraft:stone on [world;-225;13;396]
[00:54:50][BlockBreakEvent]: breaked minecraft:stone on [world;-225;12;396]
[00:54:50][BlockBreakEvent]: breaked minecraft:stone on [world;-225;13;395]
[00:54:51][BlockBreakEvent]: breaked minecraft:dirt on [world;-225;12;395]
[00:55:00][BlockBreakEvent]: breaked minecraft:stone on [world;-195;12;394]
[00:55:00][BlockBreakEvent]: breaked minecraft:stone on [world;-195;12;393]
[00:55:01][BlockBreakEvent]: breaked minecraft:stone on [world;-195;12;392]
[00:55:01][BlockBreakEvent]: breaked minecraft:stone on [world;-195;12;391]
[00:55:02][BlockBreakEvent]: breaked minecraft:stone on [world;-195;12;390]
[00:55:03][BlockBreakEvent]: breaked minecraft:andesite on [world;-195;12;389]
[00:55:03][BlockBreakEvent]: breaked minecraft:stone on [world;-195;13;389]
[00:55:04][BlockBreakEvent]: breaked minecraft:stone on [world;-195;13;388]
[00:55:05][BlockBreakEvent]: breaked minecraft:stone on [world;-195;13;387]
[00:55:05][BlockBreakEvent]: breaked minecraft:andesite on [world;-195;12;388]
[00:55:06][BlockBreakEvent]: breaked minecraft:andesite on [world;-195;12;387]
[00:55:07][BlockBreakEvent]: breaked minecraft:stone on [world;-195;12;386]
[00:55:07][BlockBreakEvent]: breaked minecraft:stone on [world;-195;13;386]
[00:55:08][BlockBreakEvent]: breaked minecraft:stone on [world;-195;13;385]
[00:55:08][BlockBreakEvent]: breaked minecraft:stone on [world;-195;12;385]
[00:55:09][BlockBreakEvent]: breaked minecraft:stone on [world;-195;12;384]
[00:55:10][BlockBreakEvent]: breaked minecraft:stone on [world;-195;13;384]
[00:55:10][BlockBreakEvent]: breaked minecraft:stone on [world;-195;13;383]
[00:55:11][BlockBreakEvent]: breaked minecraft:stone on [world;-195;12;383]
[00:55:11][BlockBreakEvent]: breaked minecraft:stone on [world;-195;12;382]
[00:55:12][BlockBreakEvent]: breaked minecraft:stone on [world;-195;13;382]
[00:55:13][BlockBreakEvent]: breaked minecraft:stone on [world;-195;13;381]
[00:55:13][BlockBreakEvent]: breaked minecraft:stone on [world;-195;12;381]
[00:55:14][BlockBreakEvent]: breaked minecraft:stone on [world;-195;12;380]
[00:55:14][BlockBreakEvent]: breaked minecraft:stone on [world;-195;13;380]
[00:55:15][BlockBreakEvent]: breaked minecraft:stone on [world;-195;13;379]
[00:55:16][BlockBreakEvent]: breaked minecraft:stone on [world;-195;12;379]
[00:55:16][BlockBreakEvent]: breaked minecraft:stone on [world;-195;12;378]
[00:55:17][BlockBreakEvent]: breaked minecraft:stone on [world;-195;13;378]
[00:55:17][BlockBreakEvent]: breaked minecraft:stone on [world;-195;13;377]
[00:55:18][BlockBreakEvent]: breaked minecraft:stone on [world;-195;12;377]
[00:55:24][BlockBreakEvent]: breaked minecraft:stone on [world;-195;13;376]
[00:55:25][BlockBreakEvent]: breaked minecraft:stone on [world;-195;12;376]
[00:55:25][BlockBreakEvent]: breaked minecraft:stone on [world;-195;12;375]
[00:55:26][BlockBreakEvent]: breaked minecraft:stone on [world;-195;13;375]
[00:55:27][BlockBreakEvent]: breaked minecraft:stone on [world;-195;12;374]
[00:55:27][BlockBreakEvent]: breaked minecraft:stone on [world;-195;13;374]
[00:55:28][BlockBreakEvent]: breaked minecraft:stone on [world;-195;13;373]
[00:55:29][BlockBreakEvent]: breaked minecraft:stone on [world;-195;12;373]
[00:55:29][BlockBreakEvent]: breaked minecraft:stone on [world;-195;12;372]
[00:55:30][BlockBreakEvent]: breaked minecraft:stone on [world;-195;13;372]
[00:55:30][BlockBreakEvent]: breaked minecraft:stone on [world;-195;13;371]
[00:55:31][BlockBreakEvent]: breaked minecraft:stone on [world;-195;12;371]
[00:55:32][BlockBreakEvent]: breaked minecraft:stone on [world;-195;12;370]
[00:55:32][BlockBreakEvent]: breaked minecraft:stone on [world;-195;13;370]
[00:55:33][BlockBreakEvent]: breaked minecraft:stone on [world;-195;12;369]
[00:55:33][BlockBreakEvent]: breaked minecraft:stone on [world;-195;13;369]
[00:55:34][BlockBreakEvent]: breaked minecraft:stone on [world;-195;13;368]
[00:55:35][BlockBreakEvent]: breaked minecraft:stone on [world;-195;12;368]
[00:57:08][BlockBreakEvent]: breaked minecraft:stone on [world;-195;13;367]
[00:57:09][BlockBreakEvent]: breaked minecraft:stone on [world;-195;12;367]
[00:57:10][BlockBreakEvent]: breaked minecraft:stone on [world;-195;13;366]
[00:57:10][BlockBreakEvent]: breaked minecraft:stone on [world;-195;12;366]
[00:57:11][BlockBreakEvent]: breaked minecraft:stone on [world;-195;13;365]
[00:57:11][BlockBreakEvent]: breaked minecraft:stone on [world;-195;12;365]
[00:57:13][BlockBreakEvent]: breaked minecraft:dirt on [world;-195;12;364]
[00:57:14][BlockBreakEvent]: breaked minecraft:stone on [world;-195;12;363]
[00:57:14][BlockBreakEvent]: breaked minecraft:stone on [world;-195;13;364]
[00:57:15][BlockBreakEvent]: breaked minecraft:stone on [world;-195;13;363]
[00:57:16][BlockBreakEvent]: breaked minecraft:dirt on [world;-195;11;364]
[00:57:16][BlockBreakEvent]: breaked minecraft:dirt on [world;-196;11;364]
[00:57:17][BlockBreakEvent]: breaked minecraft:dirt on [world;-196;12;364]
[00:57:17][BlockBreakEvent]: breaked minecraft:dirt on [world;-196;12;363]
[00:57:18][BlockBreakEvent]: breaked minecraft:dirt on [world;-196;11;363]
[00:57:18][BlockBreakEvent]: breaked minecraft:dirt on [world;-197;11;364]
[00:57:19][BlockBreakEvent]: breaked minecraft:dirt on [world;-197;12;364]
[00:57:19][BlockBreakEvent]: breaked minecraft:dirt on [world;-197;12;363]
[00:57:21][BlockBreakEvent]: breaked minecraft:stone on [world;-195;13;362]
[00:57:21][BlockBreakEvent]: breaked minecraft:stone on [world;-195;12;362]
[00:57:22][BlockBreakEvent]: breaked minecraft:stone on [world;-195;12;361]
[00:57:23][BlockBreakEvent]: breaked minecraft:stone on [world;-195;13;361]
[00:57:24][BlockBreakEvent]: breaked minecraft:stone on [world;-195;13;360]
[00:57:24][BlockBreakEvent]: breaked minecraft:stone on [world;-195;12;360]
[00:57:25][BlockBreakEvent]: breaked minecraft:redstone_ore[lit=true] on [world;-194;13;361]
[00:57:26][BlockBreakEvent]: breaked minecraft:redstone_ore[lit=true] on [world;-194;13;360]
[00:57:27][BlockBreakEvent]: breaked minecraft:stone on [world;-194;12;361]
[00:57:28][BlockBreakEvent]: breaked minecraft:redstone_ore[lit=true] on [world;-193;13;361]
[00:57:29][BlockBreakEvent]: breaked minecraft:redstone_ore[lit=true] on [world;-193;13;360]
[00:58:33][BlockBreakEvent]: breaked minecraft:stone on [world;-195;13;359]
[00:58:34][BlockBreakEvent]: breaked minecraft:stone on [world;-195;12;359]
[00:58:34][BlockBreakEvent]: breaked minecraft:stone on [world;-195;13;358]
[00:58:35][BlockBreakEvent]: breaked minecraft:iron_ore on [world;-195;13;357]
[00:58:36][BlockBreakEvent]: breaked minecraft:stone on [world;-195;12;358]
[00:58:37][BlockBreakEvent]: breaked minecraft:diorite on [world;-195;12;357]
[00:58:38][BlockBreakEvent]: breaked minecraft:iron_ore on [world;-195;13;356]
[00:58:38][BlockBreakEvent]: breaked minecraft:diorite on [world;-195;12;356]
[00:58:39][BlockBreakEvent]: breaked minecraft:stone on [world;-195;13;355]
[00:58:40][BlockBreakEvent]: breaked minecraft:stone on [world;-195;12;355]
[00:58:40][BlockBreakEvent]: breaked minecraft:stone on [world;-195;12;354]
[00:58:41][BlockBreakEvent]: breaked minecraft:stone on [world;-195;13;354]
[00:58:42][BlockBreakEvent]: breaked minecraft:stone on [world;-195;13;353]
[00:58:42][BlockBreakEvent]: breaked minecraft:stone on [world;-195;12;353]
[00:58:43][BlockBreakEvent]: breaked minecraft:stone on [world;-195;13;352]
[00:58:44][BlockBreakEvent]: breaked minecraft:stone on [world;-195;12;352]
[00:58:44][BlockBreakEvent]: breaked minecraft:stone on [world;-195;12;351]
[00:58:45][BlockBreakEvent]: breaked minecraft:stone on [world;-195;13;351]
[00:58:56][BlockBreakEvent]: breaked minecraft:stone on [world;-195;13;350]
[00:58:56][BlockBreakEvent]: breaked minecraft:stone on [world;-195;12;350]
[00:58:57][BlockBreakEvent]: breaked minecraft:stone on [world;-195;12;349]
[00:58:58][BlockBreakEvent]: breaked minecraft:stone on [world;-195;13;349]
[00:58:58][BlockBreakEvent]: breaked minecraft:stone on [world;-195;13;348]
[00:58:59][BlockBreakEvent]: breaked minecraft:stone on [world;-195;12;348]
[00:58:59][BlockBreakEvent]: breaked minecraft:stone on [world;-195;12;347]
[00:59:00][BlockBreakEvent]: breaked minecraft:stone on [world;-195;13;347]
[00:59:01][BlockBreakEvent]: breaked minecraft:stone on [world;-195;13;346]
[00:59:01][BlockBreakEvent]: breaked minecraft:stone on [world;-195;12;346]
[00:59:02][BlockBreakEvent]: breaked minecraft:stone on [world;-195;12;345]
[00:59:02][BlockBreakEvent]: breaked minecraft:stone on [world;-195;13;345]
[00:59:03][BlockBreakEvent]: breaked minecraft:stone on [world;-195;13;344]
[00:59:04][BlockBreakEvent]: breaked minecraft:stone on [world;-195;12;344]
[00:59:05][BlockBreakEvent]: breaked minecraft:stone on [world;-195;13;343]
[00:59:05][BlockBreakEvent]: breaked minecraft:stone on [world;-195;12;343]
[00:59:07][BlockBreakEvent]: breaked minecraft:stone on [world;-195;12;342]
[00:59:08][BlockBreakEvent]: breaked minecraft:stone on [world;-195;13;342]
[00:59:08][BlockBreakEvent]: breaked minecraft:stone on [world;-195;13;341]
[00:59:09][BlockBreakEvent]: breaked minecraft:stone on [world;-195;12;341]
[00:59:10][BlockBreakEvent]: breaked minecraft:stone on [world;-195;12;340]
[00:59:10][BlockBreakEvent]: breaked minecraft:stone on [world;-195;13;340]
[00:59:11][BlockBreakEvent]: breaked minecraft:stone on [world;-195;12;339]
[00:59:12][BlockBreakEvent]: breaked minecraft:stone on [world;-195;13;339]
[00:59:13][BlockBreakEvent]: breaked minecraft:stone on [world;-195;13;338]
[00:59:13][BlockBreakEvent]: breaked minecraft:stone on [world;-195;12;338]
[00:59:17][BlockBreakEvent]: breaked minecraft:stone on [world;-196;13;339]
[00:59:24][BlockBreakEvent]: breaked minecraft:stone on [world;-195;13;337]
[00:59:25][BlockBreakEvent]: breaked minecraft:stone on [world;-195;12;337]
[00:59:26][BlockBreakEvent]: breaked minecraft:diorite on [world;-195;12;336]
[00:59:26][BlockBreakEvent]: breaked minecraft:stone on [world;-195;13;336]
[00:59:27][BlockBreakEvent]: breaked minecraft:stone on [world;-195;13;335]
[00:59:27][BlockBreakEvent]: breaked minecraft:stone on [world;-195;12;335]
[00:59:28][BlockBreakEvent]: breaked minecraft:stone on [world;-195;12;334]
[00:59:29][BlockBreakEvent]: breaked minecraft:stone on [world;-195;13;334]
[00:59:29][BlockBreakEvent]: breaked minecraft:diorite on [world;-195;13;333]
[00:59:30][BlockBreakEvent]: breaked minecraft:stone on [world;-195;12;333]
[00:59:31][BlockBreakEvent]: breaked minecraft:diorite on [world;-195;13;332]
[00:59:31][BlockBreakEvent]: breaked minecraft:diorite on [world;-195;12;332]
[00:59:32][BlockBreakEvent]: breaked minecraft:diorite on [world;-195;13;331]
[00:59:33][BlockBreakEvent]: breaked minecraft:diorite on [world;-195;12;331]
[00:59:33][BlockBreakEvent]: breaked minecraft:diorite on [world;-195;13;330]
[00:59:34][BlockBreakEvent]: breaked minecraft:diorite on [world;-195;12;330]
[00:59:34][BlockBreakEvent]: breaked minecraft:diorite on [world;-195;13;329]
[00:59:36][BlockBreakEvent]: breaked minecraft:diorite on [world;-195;12;329]
[00:59:36][BlockBreakEvent]: breaked minecraft:diorite on [world;-195;12;328]
[00:59:37][BlockBreakEvent]: breaked minecraft:diorite on [world;-195;13;328]
[00:59:37][BlockBreakEvent]: breaked minecraft:diorite on [world;-195;13;327]
[00:59:38][BlockBreakEvent]: breaked minecraft:diorite on [world;-195;12;327]
[00:59:39][BlockBreakEvent]: breaked minecraft:diorite on [world;-195;13;326]
[00:59:39][BlockBreakEvent]: breaked minecraft:stone on [world;-195;12;326]
[00:59:40][BlockBreakEvent]: breaked minecraft:diamond_ore on [world;-196;12;327]
[00:59:41][BlockBreakEvent]: breaked minecraft:diamond_ore on [world;-196;12;326]
[00:59:42][BlockBreakEvent]: breaked minecraft:stone on [world;-196;13;327]
[00:59:43][BlockBreakEvent]: breaked minecraft:stone on [world;-196;13;326]
[00:59:44][BlockBreakEvent]: breaked minecraft:diamond_ore on [world;-196;11;326]
[01:00:16][BlockBreakEvent]: breaked minecraft:stone on [world;-196;13;331]
[01:00:16][BlockBreakEvent]: breaked minecraft:stone on [world;-196;12;331]
[01:00:17][BlockBreakEvent]: breaked minecraft:stone on [world;-197;13;331]
[01:00:18][BlockBreakEvent]: breaked minecraft:stone on [world;-197;12;331]
[01:00:18][BlockBreakEvent]: breaked minecraft:stone on [world;-198;13;331]
[01:00:19][BlockBreakEvent]: breaked minecraft:stone on [world;-198;12;331]
[01:00:19][BlockBreakEvent]: breaked minecraft:stone on [world;-199;13;331]
[01:00:20][BlockBreakEvent]: breaked minecraft:stone on [world;-199;12;331]
[01:00:21][BlockBreakEvent]: breaked minecraft:stone on [world;-200;12;331]
[01:00:21][BlockBreakEvent]: breaked minecraft:stone on [world;-200;13;331]
[01:00:22][BlockBreakEvent]: breaked minecraft:diorite on [world;-201;13;331]
[01:00:23][BlockBreakEvent]: breaked minecraft:stone on [world;-200;13;330]
[01:00:24][BlockBreakEvent]: breaked minecraft:stone on [world;-200;12;330]
[01:00:24][BlockBreakEvent]: breaked minecraft:stone on [world;-200;13;329]
[01:00:25][BlockBreakEvent]: breaked minecraft:stone on [world;-200;12;329]
[01:00:26][BlockBreakEvent]: breaked minecraft:stone on [world;-200;12;328]
[01:00:27][BlockBreakEvent]: breaked minecraft:stone on [world;-200;13;328]
[01:00:29][BlockBreakEvent]: breaked minecraft:stone on [world;-200;13;327]
[01:00:31][BlockBreakEvent]: breaked minecraft:stone on [world;-196;15;326]
[01:00:32][BlockBreakEvent]: breaked minecraft:stone on [world;-196;14;326]
[01:00:34][BlockBreakEvent]: breaked minecraft:redstone_ore[lit=true] on [world;-194;12;326]
[01:00:35][BlockBreakEvent]: breaked minecraft:redstone_ore[lit=true] on [world;-194;12;325]
[01:00:38][BlockBreakEvent]: breaked minecraft:redstone_ore[lit=false] on [world;-194;13;327]
[01:00:38][BlockBreakEvent]: breaked minecraft:stone on [world;-195;11;326]
[01:00:39][BlockBreakEvent]: breaked minecraft:stone on [world;-194;11;326]
[01:00:50][BlockBreakEvent]: breaked minecraft:stone on [world;-196;12;317]
[01:00:50][BlockBreakEvent]: breaked minecraft:stone on [world;-196;13;317]
[01:00:52][BlockBreakEvent]: breaked minecraft:stone on [world;-197;12;317]
[01:00:52][BlockBreakEvent]: breaked minecraft:stone on [world;-197;13;317]
[01:00:53][BlockBreakEvent]: breaked minecraft:stone on [world;-198;13;317]
[01:00:54][BlockBreakEvent]: breaked minecraft:stone on [world;-198;12;317]
[01:00:54][BlockBreakEvent]: breaked minecraft:stone on [world;-199;12;317]
[01:00:55][BlockBreakEvent]: breaked minecraft:stone on [world;-199;13;317]
[01:00:56][BlockBreakEvent]: breaked minecraft:stone on [world;-198;13;316]
[01:00:56][BlockBreakEvent]: breaked minecraft:stone on [world;-199;13;316]
[01:01:10][BlockBreakEvent]: breaked minecraft:stone on [world;-194;13;316]
[01:01:10][BlockBreakEvent]: breaked minecraft:stone on [world;-194;12;316]
[01:01:11][BlockBreakEvent]: breaked minecraft:stone on [world;-193;13;316]
[01:01:11][BlockBreakEvent]: breaked minecraft:stone on [world;-193;12;316]
[01:01:12][BlockBreakEvent]: breaked minecraft:stone on [world;-193;13;315]
[01:01:13][BlockBreakEvent]: breaked minecraft:stone on [world;-193;12;315]
[01:01:14][BlockBreakEvent]: breaked minecraft:gold_ore on [world;-193;11;316]
[01:01:14][BlockBreakEvent]: breaked minecraft:gold_ore on [world;-193;11;315]
[01:01:15][BlockBreakEvent]: breaked minecraft:gold_ore on [world;-192;11;316]
[01:01:16][BlockBreakEvent]: breaked minecraft:gold_ore on [world;-193;10;316]
[01:01:17][BlockBreakEvent]: breaked minecraft:gold_ore on [world;-192;10;316]
[01:01:18][BlockBreakEvent]: breaked minecraft:gold_ore on [world;-193;10;315]
[01:01:20][BlockBreakEvent]: breaked minecraft:iron_ore on [world;-193;9;315]
[01:01:21][BlockBreakEvent]: breaked minecraft:stone on [world;-194;11;316]
[01:01:22][BlockBreakEvent]: breaked minecraft:iron_ore on [world;-194;10;316]
[01:01:24][BlockBreakEvent]: breaked minecraft:iron_ore on [world;-194;10;315]
[01:01:25][BlockBreakEvent]: breaked minecraft:iron_ore on [world;-194;9;315]
[01:01:26][BlockBreakEvent]: breaked minecraft:iron_ore on [world;-194;9;316]
[01:01:27][BlockBreakEvent]: breaked minecraft:iron_ore on [world;-195;10;316]
[01:01:28][BlockBreakEvent]: breaked minecraft:iron_ore on [world;-195;9;316]
[01:01:29][BlockBreakEvent]: breaked minecraft:iron_ore on [world;-196;10;316]
[01:01:30][BlockBreakEvent]: breaked minecraft:iron_ore on [world;-196;9;316]
[01:01:33][BlockBreakEvent]: breaked minecraft:stone on [world;-191;12;317]
[01:02:11][BlockBreakEvent]: breaked minecraft:stone on [world;-177;11;318]
[01:02:11][BlockBreakEvent]: breaked minecraft:stone on [world;-177;10;318]
[01:02:12][BlockBreakEvent]: breaked minecraft:stone on [world;-177;11;319]
[01:02:12][BlockBreakEvent]: breaked minecraft:stone on [world;-177;10;319]
[01:02:24][BlockBreakEvent]: breaked minecraft:lapis_ore on [world;-178;9;319]
[01:02:25][BlockBreakEvent]: breaked minecraft:lapis_ore on [world;-178;10;320]
[01:03:17][BlockBreakEvent]: breaked minecraft:stone on [world;-178;10;318]
[01:03:18][BlockBreakEvent]: breaked minecraft:stone on [world;-178;11;319]
[01:03:19][BlockBreakEvent]: breaked minecraft:stone on [world;-178;10;319]
[01:03:20][BlockBreakEvent]: breaked minecraft:stone on [world;-176;11;318]
[01:03:21][BlockBreakEvent]: breaked minecraft:stone on [world;-176;10;318]
[01:03:21][BlockBreakEvent]: breaked minecraft:stone on [world;-176;11;319]
[01:03:22][BlockBreakEvent]: breaked minecraft:stone on [world;-176;10;319]
[01:03:24][BlockBreakEvent]: breaked minecraft:stone on [world;-176;11;316]
[01:03:25][BlockBreakEvent]: breaked minecraft:stone on [world;-177;11;316]
[01:03:27][BlockBreakEvent]: breaked minecraft:stone on [world;-175;11;319]
[01:03:27][BlockBreakEvent]: breaked minecraft:stone on [world;-175;10;319]
[01:03:28][BlockBreakEvent]: breaked minecraft:stone on [world;-175;10;318]
[01:03:29][BlockBreakEvent]: breaked minecraft:stone on [world;-174;11;319]
[01:03:30][BlockBreakEvent]: breaked minecraft:stone on [world;-174;10;319]
[01:03:30][BlockBreakEvent]: breaked minecraft:stone on [world;-174;11;318]
[01:03:31][BlockBreakEvent]: breaked minecraft:stone on [world;-174;10;318]
[01:03:32][BlockBreakEvent]: breaked minecraft:stone on [world;-174;12;318]
[01:03:33][BlockBreakEvent]: breaked minecraft:stone on [world;-174;12;317]
[01:03:34][BlockBreakEvent]: breaked minecraft:stone on [world;-175;12;317]
[01:03:34][BlockBreakEvent]: breaked minecraft:stone on [world;-175;12;318]
[01:03:35][BlockBreakEvent]: breaked minecraft:stone on [world;-174;12;319]
[01:03:35][BlockBreakEvent]: breaked minecraft:stone on [world;-175;12;319]
[01:03:36][BlockBreakEvent]: breaked minecraft:stone on [world;-176;12;319]
[01:03:37][BlockBreakEvent]: breaked minecraft:stone on [world;-176;12;318]
[01:03:38][BlockBreakEvent]: breaked minecraft:stone on [world;-176;12;317]
[01:04:08][BlockBreakEvent]: breaked minecraft:stone on [world;-175;11;316]
[01:04:10][BlockBreakEvent]: breaked minecraft:stone on [world;-174;11;320]
[01:04:11][BlockBreakEvent]: breaked minecraft:stone on [world;-174;10;320]
[01:04:11][BlockBreakEvent]: breaked minecraft:stone on [world;-174;11;321]
[01:04:12][BlockBreakEvent]: breaked minecraft:stone on [world;-174;10;321]
[01:04:15][BlockBreakEvent]: breaked minecraft:stone on [world;-174;10;322]
[01:04:16][BlockBreakEvent]: breaked minecraft:stone on [world;-174;11;322]
[01:04:16][BlockBreakEvent]: breaked minecraft:stone on [world;-174;11;323]
[01:04:17][BlockBreakEvent]: breaked minecraft:stone on [world;-174;11;324]
[01:04:18][BlockBreakEvent]: breaked minecraft:stone on [world;-174;10;323]
[01:04:19][BlockBreakEvent]: breaked minecraft:stone on [world;-174;10;324]
[01:04:19][BlockBreakEvent]: breaked minecraft:stone on [world;-174;10;325]
[01:04:20][BlockBreakEvent]: breaked minecraft:stone on [world;-174;11;325]
[01:04:20][BlockBreakEvent]: breaked minecraft:stone on [world;-174;11;326]
[01:04:21][BlockBreakEvent]: breaked minecraft:iron_ore on [world;-174;10;326]
[01:04:23][BlockBreakEvent]: breaked minecraft:iron_ore on [world;-174;9;326]
[01:04:24][BlockBreakEvent]: breaked minecraft:iron_ore on [world;-174;10;327]
[01:04:25][BlockBreakEvent]: breaked minecraft:iron_ore on [world;-174;9;327]
[01:04:26][BlockBreakEvent]: breaked minecraft:iron_ore on [world;-175;10;326]
[01:04:27][BlockBreakEvent]: breaked minecraft:iron_ore on [world;-175;9;326]
[01:04:27][BlockBreakEvent]: breaked minecraft:iron_ore on [world;-175;10;327]
[01:04:28][BlockBreakEvent]: breaked minecraft:iron_ore on [world;-175;9;327]
[01:04:32][BlockBreakEvent]: breaked minecraft:stone on [world;-174;11;316]
[01:04:35][BlockPlaceEvent]: placed minecraft:blast_furnace[facing=south,lit=false] on [world;-174;11;316]
[01:04:46][BlockPlaceEvent]: placed minecraft:crafting_table on [world;-173;10;317]
[01:04:48][BlockBreakEvent]: breaked minecraft:crafting_table on [world;-173;10;317]
[01:04:50][BlockPlaceEvent]: placed minecraft:crafting_table on [world;-174;10;318]
[01:05:29][FurnaceExtractEvent]: breaked minecraft:blast_furnace[facing=south,lit=true] on [world;-174;11;316]
[01:05:41][FurnaceExtractEvent]: breaked minecraft:blast_furnace[facing=south,lit=true] on [world;-174;11;316]
[01:05:46][BlockBreakEvent]: breaked minecraft:blast_furnace[facing=south,lit=true] on [world;-174;11;316]
[01:06:22][BlockBreakEvent]: breaked minecraft:stone on [world;-186;11;316]
[01:06:23][BlockBreakEvent]: breaked minecraft:stone on [world;-186;10;316]
[01:06:24][BlockBreakEvent]: breaked minecraft:coal_ore on [world;-186;11;315]
[01:06:25][BlockBreakEvent]: breaked minecraft:coal_ore on [world;-186;10;315]
[01:06:35][BlockBreakEvent]: breaked minecraft:stone on [world;-188;10;314]
[01:06:44][BlockBreakEvent]: breaked minecraft:stone on [world;-176;11;320]
[01:06:45][BlockBreakEvent]: breaked minecraft:stone on [world;-176;10;320]
[01:06:49][BlockBreakEvent]: breaked minecraft:stone on [world;-163;11;318]
[01:06:50][BlockBreakEvent]: breaked minecraft:stone on [world;-163;10;318]
[01:06:55][BlockBreakEvent]: breaked minecraft:stone on [world;-163;11;319]
[01:06:55][BlockBreakEvent]: breaked minecraft:stone on [world;-163;10;319]
[01:06:56][BlockBreakEvent]: breaked minecraft:stone on [world;-163;11;320]
[01:06:57][BlockBreakEvent]: breaked minecraft:stone on [world;-163;10;320]
[01:06:57][BlockBreakEvent]: breaked minecraft:stone on [world;-163;11;321]
[01:06:58][BlockBreakEvent]: breaked minecraft:stone on [world;-163;10;321]
[01:06:58][BlockBreakEvent]: breaked minecraft:stone on [world;-163;11;322]
[01:06:59][BlockBreakEvent]: breaked minecraft:stone on [world;-163;10;322]
[01:07:00][BlockBreakEvent]: breaked minecraft:stone on [world;-163;11;323]
[01:07:01][BlockBreakEvent]: breaked minecraft:stone on [world;-163;10;323]
[01:07:01][BlockBreakEvent]: breaked minecraft:stone on [world;-163;11;324]
[01:07:02][BlockBreakEvent]: breaked minecraft:stone on [world;-163;10;324]
[01:07:02][BlockBreakEvent]: breaked minecraft:stone on [world;-163;11;325]
[01:07:03][BlockBreakEvent]: breaked minecraft:stone on [world;-163;10;325]
[01:07:04][BlockBreakEvent]: breaked minecraft:iron_ore on [world;-164;10;324]
[01:07:05][BlockBreakEvent]: breaked minecraft:iron_ore on [world;-164;10;325]
[01:07:06][BlockBreakEvent]: breaked minecraft:stone on [world;-164;9;325]
[01:07:06][BlockBreakEvent]: breaked minecraft:iron_ore on [world;-164;9;324]
[01:07:07][BlockBreakEvent]: breaked minecraft:stone on [world;-163;9;324]
[01:07:08][BlockBreakEvent]: breaked minecraft:iron_ore on [world;-165;10;325]
[01:07:09][BlockBreakEvent]: breaked minecraft:iron_ore on [world;-164;10;326]
[01:07:10][BlockBreakEvent]: breaked minecraft:iron_ore on [world;-165;10;326]
[01:07:12][BlockBreakEvent]: breaked minecraft:iron_ore on [world;-165;11;326]
[01:07:33][BlockBreakEvent]: breaked minecraft:stone on [world;-163;11;326]
[01:07:34][BlockBreakEvent]: breaked minecraft:stone on [world;-163;11;327]
[01:07:34][BlockBreakEvent]: breaked minecraft:stone on [world;-163;11;328]
[01:07:38][BlockBreakEvent]: breaked minecraft:stone on [world;-166;11;316]
[01:07:39][BlockBreakEvent]: breaked minecraft:stone on [world;-166;11;315]
[01:07:39][BlockBreakEvent]: breaked minecraft:stone on [world;-166;11;314]
[01:07:40][BlockBreakEvent]: breaked minecraft:redstone_ore[lit=true] on [world;-166;11;313]
[01:07:41][BlockBreakEvent]: breaked minecraft:stone on [world;-167;11;316]
[01:07:43][BlockBreakEvent]: breaked minecraft:stone on [world;-171;11;318]
[01:07:44][BlockBreakEvent]: breaked minecraft:stone on [world;-171;11;319]
[01:07:44][BlockBreakEvent]: breaked minecraft:stone on [world;-171;11;320]
[01:07:45][BlockBreakEvent]: breaked minecraft:stone on [world;-171;11;321]
[01:07:46][BlockBreakEvent]: breaked minecraft:stone on [world;-171;11;322]
[01:07:48][BlockBreakEvent]: breaked minecraft:stone on [world;-169;11;318]
[01:07:49][BlockBreakEvent]: breaked minecraft:stone on [world;-169;11;319]
[01:07:50][BlockBreakEvent]: breaked minecraft:stone on [world;-169;11;320]
[01:07:50][BlockBreakEvent]: breaked minecraft:stone on [world;-169;11;321]
[01:07:51][BlockBreakEvent]: breaked minecraft:stone on [world;-169;11;322]
[01:07:52][BlockBreakEvent]: breaked minecraft:wall_torch[facing=north] on [world;-167;11;317]
[01:07:53][BlockBreakEvent]: breaked minecraft:stone on [world;-167;11;318]
[01:07:54][BlockBreakEvent]: breaked minecraft:stone on [world;-167;11;319]
[01:07:54][BlockBreakEvent]: breaked minecraft:stone on [world;-167;11;320]
[01:07:55][BlockBreakEvent]: breaked minecraft:stone on [world;-167;11;321]
[01:07:58][BlockPlaceEvent]: placed minecraft:torch on [world;-167;11;318]
[01:07:58][BlockPlaceEvent]: placed minecraft:torch on [world;-169;11;318]
[01:08:01][BlockBreakEvent]: breaked minecraft:stone on [world;-165;11;318]
[01:08:01][BlockBreakEvent]: breaked minecraft:stone on [world;-165;11;319]
[01:08:02][BlockBreakEvent]: breaked minecraft:stone on [world;-165;11;320]
[01:08:02][BlockBreakEvent]: breaked minecraft:diorite on [world;-165;11;321]
[01:08:03][BlockBreakEvent]: breaked minecraft:stone on [world;-165;11;322]
[01:08:07][BlockBreakEvent]: breaked minecraft:stone on [world;-158;11;318]
[01:08:08][BlockBreakEvent]: breaked minecraft:stone on [world;-157;11;318]
[01:08:08][BlockBreakEvent]: breaked minecraft:stone on [world;-156;11;318]
[01:08:09][BlockBreakEvent]: breaked minecraft:stone on [world;-154;11;318]
[01:08:11][BlockBreakEvent]: breaked minecraft:stone on [world;-158;11;320]
[01:08:12][BlockBreakEvent]: breaked minecraft:stone on [world;-159;10;320]
[01:08:12][BlockBreakEvent]: breaked minecraft:stone on [world;-157;11;320]
[01:08:13][BlockBreakEvent]: breaked minecraft:stone on [world;-156;11;320]
[01:08:14][BlockBreakEvent]: breaked minecraft:stone on [world;-154;11;320]
[01:08:16][BlockBreakEvent]: breaked minecraft:stone on [world;-159;10;315]
[01:08:17][BlockBreakEvent]: breaked minecraft:stone on [world;-159;11;311]
[01:08:17][BlockBreakEvent]: breaked minecraft:stone on [world;-159;10;314]
[01:08:18][BlockBreakEvent]: breaked minecraft:stone on [world;-159;11;310]
[01:08:19][BlockBreakEvent]: breaked minecraft:stone on [world;-159;10;313]
[01:08:19][BlockBreakEvent]: breaked minecraft:stone on [world;-159;11;309]
[01:08:21][BlockBreakEvent]: breaked minecraft:gold_ore on [world;-159;11;308]
[01:08:26][BlockBreakEvent]: breaked minecraft:cobblestone on [world;-158;11;316]
[01:08:27][BlockBreakEvent]: breaked minecraft:cobblestone on [world;-158;10;316]
[01:08:30][BlockPlaceEvent]: placed minecraft:cobblestone on [world;-158;10;316]
[01:08:30][BlockPlaceEvent]: placed minecraft:cobblestone on [world;-157;10;316]
[01:08:30][BlockPlaceEvent]: placed minecraft:cobblestone on [world;-158;11;316]
[01:08:31][BlockPlaceEvent]: placed minecraft:cobblestone on [world;-157;11;316]
[01:08:37][BlockBreakEvent]: breaked minecraft:stone on [world;-156;11;328]
[01:08:37][BlockBreakEvent]: breaked minecraft:stone on [world;-157;11;328]
[01:08:38][BlockBreakEvent]: breaked minecraft:stone on [world;-158;11;328]
[01:08:38][BlockBreakEvent]: breaked minecraft:stone on [world;-159;11;328]
[01:08:39][BlockBreakEvent]: breaked minecraft:stone on [world;-160;11;328]
[01:08:41][BlockPlaceEvent]: placed minecraft:cobblestone on [world;-155;9;329]
[01:08:42][BlockPlaceEvent]: placed minecraft:cobblestone on [world;-155;10;329]
[01:08:43][BlockBreakEvent]: breaked minecraft:stone on [world;-155;11;330]
[01:08:44][BlockBreakEvent]: breaked minecraft:stone on [world;-155;11;331]
[01:08:44][BlockBreakEvent]: breaked minecraft:stone on [world;-155;11;332]
[01:08:45][BlockBreakEvent]: breaked minecraft:stone on [world;-155;11;333]
[01:08:46][BlockBreakEvent]: breaked minecraft:stone on [world;-156;12;333]
[01:08:46][BlockBreakEvent]: breaked minecraft:stone on [world;-157;12;333]
[01:08:47][BlockBreakEvent]: breaked minecraft:stone on [world;-158;12;333]
[01:08:47][BlockBreakEvent]: breaked minecraft:stone on [world;-159;12;333]
[01:08:48][BlockBreakEvent]: breaked minecraft:stone on [world;-160;12;333]
[01:08:53][BlockBreakEvent]: breaked minecraft:stone on [world;-156;10;320]
[01:08:54][BlockBreakEvent]: breaked minecraft:stone on [world;-155;10;320]
[01:08:55][BlockBreakEvent]: breaked minecraft:stone on [world;-157;10;320]
[01:08:56][BlockBreakEvent]: breaked minecraft:stone on [world;-158;10;320]
[01:09:28][BlockBreakEvent]: breaked minecraft:stone on [world;-214;11;306]
[01:09:29][BlockBreakEvent]: breaked minecraft:stone on [world;-214;12;306]
[01:09:30][BlockBreakEvent]: breaked minecraft:stone on [world;-213;12;306]
[01:09:31][BlockBreakEvent]: breaked minecraft:stone on [world;-215;12;306]
[01:09:31][BlockBreakEvent]: breaked minecraft:stone on [world;-214;13;306]
[01:09:32][BlockBreakEvent]: breaked minecraft:stone on [world;-215;13;306]
[01:09:33][BlockBreakEvent]: breaked minecraft:stone on [world;-216;13;306]
[01:09:33][BlockBreakEvent]: breaked minecraft:stone on [world;-215;14;306]
[01:09:34][BlockBreakEvent]: breaked minecraft:stone on [world;-216;14;306]
[01:09:35][BlockBreakEvent]: breaked minecraft:stone on [world;-216;14;305]
[01:09:36][BlockBreakEvent]: breaked minecraft:stone on [world;-216;15;306]
[01:09:36][BlockBreakEvent]: breaked minecraft:stone on [world;-216;15;305]
[01:09:37][BlockBreakEvent]: breaked minecraft:stone on [world;-216;15;304]
[01:09:38][BlockBreakEvent]: breaked minecraft:stone on [world;-216;16;305]
[01:09:38][BlockBreakEvent]: breaked minecraft:stone on [world;-216;16;304]
[01:09:40][BlockBreakEvent]: breaked minecraft:stone on [world;-216;16;303]
[01:09:41][BlockBreakEvent]: breaked minecraft:stone on [world;-216;17;304]
[01:09:42][BlockBreakEvent]: breaked minecraft:stone on [world;-216;17;303]
[01:09:45][BlockPlaceEvent]: placed minecraft:wall_torch[facing=east] on [world;-222;18;304]
[01:09:59][BlockBreakEvent]: breaked minecraft:stone on [world;-187;20;330]
[01:10:28][BlockBreakEvent]: breaked minecraft:stone on [world;-173;29;341]
[01:10:29][BlockBreakEvent]: breaked minecraft:stone on [world;-173;30;341]
[01:10:30][BlockBreakEvent]: breaked minecraft:stone on [world;-173;30;342]
[01:10:31][BlockBreakEvent]: breaked minecraft:stone on [world;-173;31;341]
[01:10:31][BlockBreakEvent]: breaked minecraft:stone on [world;-173;31;342]
[01:10:32][BlockBreakEvent]: breaked minecraft:stone on [world;-173;31;343]
[01:10:33][BlockBreakEvent]: breaked minecraft:andesite on [world;-173;32;342]
[01:10:33][BlockBreakEvent]: breaked minecraft:stone on [world;-173;32;343]
[01:10:34][BlockBreakEvent]: breaked minecraft:stone on [world;-174;32;343]
[01:10:35][BlockBreakEvent]: breaked minecraft:stone on [world;-173;33;343]
[01:10:35][BlockBreakEvent]: breaked minecraft:stone on [world;-174;33;343]
[01:10:36][BlockBreakEvent]: breaked minecraft:stone on [world;-175;33;343]
[01:10:37][BlockBreakEvent]: breaked minecraft:stone on [world;-174;34;343]
[01:10:37][BlockBreakEvent]: breaked minecraft:stone on [world;-175;34;343]
[01:10:38][BlockBreakEvent]: breaked minecraft:stone on [world;-176;34;343]
[01:10:39][BlockBreakEvent]: breaked minecraft:stone on [world;-175;35;343]
[01:10:39][BlockBreakEvent]: breaked minecraft:stone on [world;-176;35;343]
[01:10:41][BlockBreakEvent]: breaked minecraft:stone on [world;-177;35;343]
[01:10:42][BlockBreakEvent]: breaked minecraft:stone on [world;-177;36;343]
[01:10:42][BlockBreakEvent]: breaked minecraft:stone on [world;-176;36;343]
[01:10:43][BlockBreakEvent]: breaked minecraft:stone on [world;-177;36;342]
[01:10:44][BlockBreakEvent]: breaked minecraft:stone on [world;-177;37;343]
[01:10:45][BlockBreakEvent]: breaked minecraft:stone on [world;-177;37;342]
[01:10:46][BlockBreakEvent]: breaked minecraft:stone on [world;-176;37;342]
[01:10:46][BlockBreakEvent]: breaked minecraft:stone on [world;-176;38;342]
[01:10:47][BlockBreakEvent]: breaked minecraft:stone on [world;-177;38;342]
[01:10:48][BlockBreakEvent]: breaked minecraft:stone on [world;-175;38;342]
[01:10:48][BlockBreakEvent]: breaked minecraft:stone on [world;-175;39;342]
[01:10:49][BlockBreakEvent]: breaked minecraft:stone on [world;-176;39;342]
[01:10:52][BlockBreakEvent]: breaked minecraft:stone on [world;-174;39;342]
[01:10:53][BlockBreakEvent]: breaked minecraft:stone on [world;-174;40;342]
[01:10:53][BlockBreakEvent]: breaked minecraft:stone on [world;-175;40;342]
[01:10:54][BlockBreakEvent]: breaked minecraft:stone on [world;-174;40;343]
[01:10:55][BlockBreakEvent]: breaked minecraft:stone on [world;-174;41;343]
[01:10:55][BlockBreakEvent]: breaked minecraft:stone on [world;-174;41;342]
[01:10:57][BlockBreakEvent]: breaked minecraft:stone on [world;-174;41;344]
[01:10:57][BlockBreakEvent]: breaked minecraft:stone on [world;-174;42;343]
[01:10:58][BlockBreakEvent]: breaked minecraft:stone on [world;-174;42;344]
[01:10:59][BlockBreakEvent]: breaked minecraft:stone on [world;-175;42;344]
[01:10:59][BlockBreakEvent]: breaked minecraft:granite on [world;-175;43;344]
[01:11:00][BlockBreakEvent]: breaked minecraft:granite on [world;-174;43;344]
[01:11:01][BlockBreakEvent]: breaked minecraft:granite on [world;-175;43;343]
[01:11:01][BlockBreakEvent]: breaked minecraft:granite on [world;-175;44;343]
[01:11:02][BlockBreakEvent]: breaked minecraft:granite on [world;-175;44;344]
[01:11:03][BlockBreakEvent]: breaked minecraft:granite on [world;-174;44;343]
[01:11:04][BlockBreakEvent]: breaked minecraft:granite on [world;-174;45;343]
[01:11:05][BlockBreakEvent]: breaked minecraft:granite on [world;-175;45;343]
[01:11:06][BlockBreakEvent]: breaked minecraft:granite on [world;-174;45;344]
[01:11:07][BlockBreakEvent]: breaked minecraft:granite on [world;-174;46;343]
[01:11:07][BlockBreakEvent]: breaked minecraft:granite on [world;-174;46;344]
[01:11:08][BlockBreakEvent]: breaked minecraft:granite on [world;-175;46;344]
[01:11:09][BlockBreakEvent]: breaked minecraft:stone on [world;-175;47;344]
[01:11:09][BlockBreakEvent]: breaked minecraft:granite on [world;-174;47;344]
[01:11:10][BlockBreakEvent]: breaked minecraft:stone on [world;-175;47;343]
[01:11:11][BlockBreakEvent]: breaked minecraft:stone on [world;-175;48;343]
[01:11:12][BlockBreakEvent]: breaked minecraft:stone on [world;-175;48;344]
[01:11:13][BlockBreakEvent]: breaked minecraft:stone on [world;-174;48;343]
[01:11:13][BlockBreakEvent]: breaked minecraft:stone on [world;-175;49;343]
[01:11:14][BlockBreakEvent]: breaked minecraft:stone on [world;-174;49;343]
[01:11:15][BlockBreakEvent]: breaked minecraft:stone on [world;-174;49;344]
[01:11:15][BlockBreakEvent]: breaked minecraft:stone on [world;-174;50;344]
[01:11:16][BlockBreakEvent]: breaked minecraft:stone on [world;-174;50;343]
[01:11:17][BlockBreakEvent]: breaked minecraft:stone on [world;-175;50;344]
[01:11:18][BlockBreakEvent]: breaked minecraft:stone on [world;-175;51;344]
[01:11:18][BlockBreakEvent]: breaked minecraft:stone on [world;-174;51;344]
[01:11:20][BlockBreakEvent]: breaked minecraft:stone on [world;-175;51;343]
[01:11:20][BlockBreakEvent]: breaked minecraft:stone on [world;-175;52;343]
[01:11:21][BlockBreakEvent]: breaked minecraft:stone on [world;-175;52;344]
[01:11:22][BlockBreakEvent]: breaked minecraft:stone on [world;-174;52;343]
[01:11:23][BlockBreakEvent]: breaked minecraft:stone on [world;-174;53;343]
[01:11:23][BlockBreakEvent]: breaked minecraft:stone on [world;-175;53;343]
[01:11:24][BlockBreakEvent]: breaked minecraft:stone on [world;-174;53;344]
[01:11:25][BlockBreakEvent]: breaked minecraft:stone on [world;-174;54;343]
[01:11:26][BlockBreakEvent]: breaked minecraft:stone on [world;-174;54;344]
[01:11:26][BlockBreakEvent]: breaked minecraft:stone on [world;-175;54;344]
[01:11:27][BlockBreakEvent]: breaked minecraft:stone on [world;-175;55;344]
[01:11:28][BlockBreakEvent]: breaked minecraft:stone on [world;-174;55;344]
[01:11:28][BlockBreakEvent]: breaked minecraft:stone on [world;-175;54;343]
[01:11:29][BlockBreakEvent]: breaked minecraft:stone on [world;-175;55;343]
[01:11:30][BlockPlaceEvent]: placed minecraft:cobblestone on [world;-175;54;343]
[01:11:32][BlockBreakEvent]: breaked minecraft:stone on [world;-175;56;344]
[01:11:33][BlockBreakEvent]: breaked minecraft:stone on [world;-175;56;343]
[01:11:34][BlockBreakEvent]: breaked minecraft:stone on [world;-174;56;343]
[01:11:34][BlockBreakEvent]: breaked minecraft:stone on [world;-174;57;343]
[01:11:35][BlockBreakEvent]: breaked minecraft:stone on [world;-175;57;343]
[01:11:36][BlockBreakEvent]: breaked minecraft:stone on [world;-174;57;344]
[01:11:36][BlockBreakEvent]: breaked minecraft:stone on [world;-174;58;344]
[01:11:37][BlockBreakEvent]: breaked minecraft:stone on [world;-174;58;343]
[01:11:38][BlockBreakEvent]: breaked minecraft:stone on [world;-175;58;344]
[01:11:39][BlockBreakEvent]: breaked minecraft:stone on [world;-175;59;344]
[01:11:40][BlockBreakEvent]: breaked minecraft:stone on [world;-174;59;344]
[01:11:41][BlockBreakEvent]: breaked minecraft:stone on [world;-175;59;343]
[01:11:42][BlockBreakEvent]: breaked minecraft:stone on [world;-175;60;343]
[01:11:42][BlockBreakEvent]: breaked minecraft:stone on [world;-175;60;344]
[01:11:43][BlockBreakEvent]: breaked minecraft:stone on [world;-174;60;343]
[01:11:44][BlockBreakEvent]: breaked minecraft:stone on [world;-174;61;343]
[01:11:45][BlockBreakEvent]: breaked minecraft:stone on [world;-175;61;343]
[01:11:50][BlockBreakEvent]: breaked minecraft:stone on [world;-174;61;344]
[01:11:51][BlockBreakEvent]: breaked minecraft:stone on [world;-174;62;344]
[01:11:51][BlockBreakEvent]: breaked minecraft:stone on [world;-174;62;343]
[01:11:52][BlockBreakEvent]: breaked minecraft:stone on [world;-175;62;344]
[01:11:53][BlockBreakEvent]: breaked minecraft:stone on [world;-175;63;344]
[01:11:54][BlockBreakEvent]: breaked minecraft:stone on [world;-174;63;344]
[01:11:56][BlockBreakEvent]: breaked minecraft:stone on [world;-175;63;343]
[01:11:56][BlockBreakEvent]: breaked minecraft:stone on [world;-175;64;343]
[01:11:57][BlockBreakEvent]: breaked minecraft:stone on [world;-175;64;344]
[01:11:58][BlockBreakEvent]: breaked minecraft:stone on [world;-174;64;343]
[01:11:59][BlockBreakEvent]: breaked minecraft:granite on [world;-174;65;343]
[01:12:00][BlockBreakEvent]: breaked minecraft:dirt on [world;-175;65;343]
[01:12:00][BlockBreakEvent]: breaked minecraft:dirt on [world;-175;66;343]
[01:12:01][BlockBreakEvent]: breaked minecraft:dirt on [world;-174;66;343]
[01:12:05][BlockPlaceEvent]: placed minecraft:granite on [world;-174;64;343]
[01:12:07][BlockBreakEvent]: breaked minecraft:dirt on [world;-174;67;343]
[01:12:08][BlockBreakEvent]: breaked minecraft:dirt on [world;-174;68;343]
[01:12:08][BlockBreakEvent]: breaked minecraft:grass_block[snowy=false] on [world;-174;69;343]
[01:12:09][BlockPlaceEvent]: placed minecraft:granite on [world;-174;65;343]
[01:12:10][BlockPlaceEvent]: placed minecraft:granite on [world;-174;66;343]
[01:12:10][BlockPlaceEvent]: placed minecraft:granite on [world;-174;67;343]
[01:12:11][BlockPlaceEvent]: placed minecraft:granite on [world;-174;68;343]
[01:12:11][BlockPlaceEvent]: placed minecraft:granite on [world;-174;69;343]
[01:12:13][BlockPlaceEvent]: placed minecraft:granite on [world;-177;69;343]
[01:12:13][BlockPlaceEvent]: placed minecraft:granite on [world;-176;69;343]
[01:12:13][BlockPlaceEvent]: placed minecraft:granite on [world;-175;69;343]
[01:12:14][BlockPlaceEvent]: placed minecraft:granite on [world;-179;69;343]
[01:12:14][BlockPlaceEvent]: placed minecraft:granite on [world;-178;69;343]
[01:12:15][BlockPlaceEvent]: placed minecraft:granite on [world;-180;69;343]
[01:12:15][BlockPlaceEvent]: placed minecraft:granite on [world;-181;69;341]
[01:12:16][BlockPlaceEvent]: placed minecraft:granite on [world;-181;69;342]
[01:12:16][BlockPlaceEvent]: placed minecraft:granite on [world;-182;69;341]
[01:12:16][BlockPlaceEvent]: placed minecraft:granite on [world;-183;69;339]
[01:12:17][BlockPlaceEvent]: placed minecraft:granite on [world;-183;69;340]
[01:12:18][BlockPlaceEvent]: placed minecraft:granite on [world;-184;69;339]
[01:12:18][BlockPlaceEvent]: placed minecraft:granite on [world;-185;69;339]
