[00:37:13][EntityPickupItemEvent]: PLAYER picked up BAKED_POTATO
[00:37:16][EntityPickupItemEvent]: PLAYER picked up BAKED_POTATO
[00:39:16][EntityPickupItemEvent]: PLAYER picked up OAK_LOG
[00:39:17][EntityPickupItemEvent]: PLAYER picked up COBBLESTONE
[00:39:17][EntityPickupItemEvent]: PLAYER picked up COBBLESTONE
[00:39:49][EntityPickupItemEvent]: PLAYER picked up DIAMOND
[00:39:56][EntityPickupItemEvent]: PLAYER picked up IRON_BLOCK
[00:41:02][EntityPickupItemEvent]: PLAYER picked up DIAMOND_LEGGINGS
[00:41:02][EntityPickupItemEvent]: PLAYER picked up DIAMOND_CHESTPLATE
[00:41:03][EntityPickupItemEvent]: PLAYER picked up DIAMOND_HELMET
[00:41:04][EntityPickupItemEvent]: PLAYER picked up DIAMOND_BOOTS
[00:41:12][EntityPickupItemEvent]: PLAYER picked up DIAMOND_SWORD
[00:41:12][EntityPickupItemEvent]: PLAYER picked up DIAMOND_SHOVEL
[00:41:12][EntityPickupItemEvent]: PLAYER picked up DIAMOND_AXE
[00:41:13][EntityPickupItemEvent]: PLAYER picked up DIAMOND_PICKAXE
[00:42:41][EntityPickupItemEvent]: PLAYER picked up OAK_LOG
[00:43:34][EntityPickupItemEvent]: PLAYER picked up BOW
[00:43:53][EntityPickupItemEvent]: PLAYER picked up CHEST
[00:43:58][EntityPickupItemEvent]: PLAYER picked up SHIELD
[00:44:01][EntityPickupItemEvent]: PLAYER picked up ARROW
[00:44:05][EntityPickupItemEvent]: PLAYER picked up ARROW
[00:44:17][EntityPickupItemEvent]: PLAYER picked up CHEST
[00:44:56][EntityPickupItemEvent]: PLAYER picked up CHEST
[00:46:32][EntityPickupItemEvent]: PLAYER picked up COAL
[00:46:33][EntityPickupItemEvent]: PLAYER picked up BLAST_FURNACE
[00:48:18][EntityPickupItemEvent]: PLAYER picked up BONE
[00:48:45][EntityPickupItemEvent]: PLAYER picked up GRASS_BLOCK
[00:50:58][EntityPickupItemEvent]: PLAYER picked up ROTTEN_FLESH
[00:52:16][EntityPickupItemEvent]: PLAYER picked up DIRT
[00:52:18][EntityPickupItemEvent]: PLAYER picked up COBBLESTONE
[00:52:21][EntityPickupItemEvent]: PLAYER picked up COBBLESTONE
[00:52:21][EntityPickupItemEvent]: PLAYER picked up COBBLESTONE
[00:52:21][EntityPickupItemEvent]: PLAYER picked up COBBLESTONE
[00:52:22][EntityPickupItemEvent]: PLAYER picked up COBBLESTONE
[00:52:22][EntityPickupItemEvent]: PLAYER picked up COBBLESTONE
[00:52:22][EntityPickupItemEvent]: PLAYER picked up COBBLESTONE
[00:52:22][EntityPickupItemEvent]: PLAYER picked up COBBLESTONE
[00:52:23][EntityPickupItemEvent]: PLAYER picked up COBBLESTONE
[00:52:23][EntityPickupItemEvent]: PLAYER picked up DIORITE
[00:52:25][EntityPickupItemEvent]: PLAYER picked up COBBLESTONE
[00:52:26][EntityPickupItemEvent]: PLAYER picked up COBBLESTONE
[00:52:26][EntityPickupItemEvent]: PLAYER picked up COBBLESTONE
[00:52:27][EntityPickupItemEvent]: PLAYER picked up COBBLESTONE
[00:52:27][EntityPickupItemEvent]: PLAYER picked up COBBLESTONE
[00:52:28][EntityPickupItemEvent]: PLAYER picked up COBBLESTONE
[00:52:29][EntityPickupItemEvent]: PLAYER picked up COBBLESTONE
[00:52:29][EntityPickupItemEvent]: PLAYER picked up DIRT
[00:52:31][EntityPickupItemEvent]: PLAYER picked up DIRT
[00:52:31][EntityPickupItemEvent]: PLAYER picked up DIRT
[00:52:32][EntityPickupItemEvent]: PLAYER picked up DIRT
[00:52:34][EntityPickupItemEvent]: PLAYER picked up COAL
[00:52:34][EntityPickupItemEvent]: PLAYER picked up ANDESITE
[00:52:35][EntityPickupItemEvent]: PLAYER picked up COBBLESTONE
[00:52:36][EntityPickupItemEvent]: PLAYER picked up COBBLESTONE
[00:52:37][EntityPickupItemEvent]: PLAYER picked up COBBLESTONE
[00:52:39][EntityPickupItemEvent]: PLAYER picked up COBBLESTONE
[00:52:39][EntityPickupItemEvent]: PLAYER picked up COBBLESTONE
[00:52:40][EntityPickupItemEvent]: PLAYER picked up COBBLESTONE
[00:52:40][EntityPickupItemEvent]: PLAYER picked up COBBLESTONE
[00:52:41][EntityPickupItemEvent]: PLAYER picked up COBBLESTONE
[00:52:41][EntityPickupItemEvent]: PLAYER picked up COBBLESTONE
[00:52:42][EntityPickupItemEvent]: PLAYER picked up COBBLESTONE
[00:52:42][EntityPickupItemEvent]: PLAYER picked up COBBLESTONE
[00:52:43][EntityPickupItemEvent]: PLAYER picked up ANDESITE
[00:52:43][EntityPickupItemEvent]: PLAYER picked up IRON_ORE
[00:52:44][EntityPickupItemEvent]: PLAYER picked up IRON_ORE
[00:52:45][EntityPickupItemEvent]: PLAYER picked up ANDESITE
[00:52:46][EntityPickupItemEvent]: PLAYER picked up COBBLESTONE
[00:52:47][EntityPickupItemEvent]: PLAYER picked up IRON_ORE
[00:52:48][EntityPickupItemEvent]: PLAYER picked up COBBLESTONE
[00:52:48][EntityPickupItemEvent]: PLAYER picked up COBBLESTONE
[00:52:49][EntityPickupItemEvent]: PLAYER picked up COBBLESTONE
[00:52:50][EntityPickupItemEvent]: PLAYER picked up GRANITE
[00:52:50][EntityPickupItemEvent]: PLAYER picked up GRANITE
[00:52:51][EntityPickupItemEvent]: PLAYER picked up GRANITE
[00:52:51][EntityPickupItemEvent]: PLAYER picked up GRANITE
[00:53:01][EntityPickupItemEvent]: PLAYER picked up COBBLESTONE
[00:53:02][EntityPickupItemEvent]: PLAYER picked up COBBLESTONE
[00:53:02][EntityPickupItemEvent]: PLAYER picked up COBBLESTONE
[00:53:03][EntityPickupItemEvent]: PLAYER picked up COBBLESTONE
[00:53:04][EntityPickupItemEvent]: PLAYER picked up COBBLESTONE
[00:53:05][EntityPickupItemEvent]: PLAYER picked up COBBLESTONE
[00:53:06][EntityPickupItemEvent]: PLAYER picked up COBBLESTONE
[00:53:06][EntityPickupItemEvent]: PLAYER picked up COBBLESTONE
[00:53:07][EntityPickupItemEvent]: PLAYER picked up COBBLESTONE
[00:53:08][EntityPickupItemEvent]: PLAYER picked up COBBLESTONE
[00:53:21][EntityPickupItemEvent]: PLAYER picked up LAPIS_LAZULI
[00:53:22][EntityPickupItemEvent]: PLAYER picked up LAPIS_LAZULI
[00:53:23][EntityPickupItemEvent]: PLAYER picked up LAPIS_LAZULI
[00:53:24][EntityPickupItemEvent]: PLAYER picked up LAPIS_LAZULI
[00:53:25][EntityPickupItemEvent]: PLAYER picked up LAPIS_LAZULI
[00:53:40][EntityPickupItemEvent]: PLAYER picked up REDSTONE
[00:53:46][EntityPickupItemEvent]: PLAYER picked up ANDESITE
[00:53:46][EntityPickupItemEvent]: PLAYER picked up ANDESITE
[00:53:52][EntityPickupItemEvent]: PLAYER picked up COBBLESTONE
[00:53:54][EntityPickupItemEvent]: PLAYER picked up COBBLESTONE
[00:54:09][EntityPickupItemEvent]: PLAYER picked up COBBLESTONE
[00:54:10][EntityPickupItemEvent]: PLAYER picked up COBBLESTONE
[00:54:12][EntityPickupItemEvent]: PLAYER picked up COBBLESTONE
[00:54:12][EntityPickupItemEvent]: PLAYER picked up COBBLESTONE
[00:54:13][EntityPickupItemEvent]: PLAYER picked up COBBLESTONE
[00:54:14][EntityPickupItemEvent]: PLAYER picked up COBBLESTONE
[00:54:15][EntityPickupItemEvent]: PLAYER picked up COBBLESTONE
[00:54:16][EntityPickupItemEvent]: PLAYER picked up COBBLESTONE
[00:54:17][EntityPickupItemEvent]: PLAYER picked up COBBLESTONE
[00:54:17][EntityPickupItemEvent]: PLAYER picked up COBBLESTONE
[00:54:18][EntityPickupItemEvent]: PLAYER picked up COBBLESTONE
[00:54:20][EntityPickupItemEvent]: PLAYER picked up COBBLESTONE
[00:54:22][EntityPickupItemEvent]: PLAYER picked up COBBLESTONE
[00:54:22][EntityPickupItemEvent]: PLAYER picked up COBBLESTONE
[00:54:23][EntityPickupItemEvent]: PLAYER picked up COBBLESTONE
[00:54:24][EntityPickupItemEvent]: PLAYER picked up COBBLESTONE
[00:54:26][EntityPickupItemEvent]: PLAYER picked up COBBLESTONE
[00:54:26][EntityPickupItemEvent]: PLAYER picked up COBBLESTONE
[00:54:27][EntityPickupItemEvent]: PLAYER picked up COBBLESTONE
[00:54:27][EntityPickupItemEvent]: PLAYER picked up COBBLESTONE
[00:54:28][EntityPickupItemEvent]: PLAYER picked up COBBLESTONE
[00:54:29][EntityPickupItemEvent]: PLAYER picked up COBBLESTONE
[00:54:29][EntityPickupItemEvent]: PLAYER picked up COBBLESTONE
[00:54:30][EntityPickupItemEvent]: PLAYER picked up COBBLESTONE
[00:54:31][EntityPickupItemEvent]: PLAYER picked up COBBLESTONE
[00:54:32][EntityPickupItemEvent]: PLAYER picked up COBBLESTONE
[00:54:32][EntityPickupItemEvent]: PLAYER picked up GOLD_ORE
[00:54:33][EntityPickupItemEvent]: PLAYER picked up COBBLESTONE
[00:54:35][EntityPickupItemEvent]: PLAYER picked up GOLD_ORE
[00:54:35][EntityPickupItemEvent]: PLAYER picked up GOLD_ORE
[00:54:35][EntityPickupItemEvent]: PLAYER picked up GOLD_ORE
[00:54:36][EntityPickupItemEvent]: PLAYER picked up GOLD_ORE
[00:54:37][EntityPickupItemEvent]: PLAYER picked up GOLD_ORE
[00:54:38][EntityPickupItemEvent]: PLAYER picked up REDSTONE
[00:54:40][EntityPickupItemEvent]: PLAYER picked up REDSTONE
[00:54:41][EntityPickupItemEvent]: PLAYER picked up REDSTONE
[00:54:42][EntityPickupItemEvent]: PLAYER picked up REDSTONE
[00:54:45][EntityPickupItemEvent]: PLAYER picked up REDSTONE
[00:54:46][EntityPickupItemEvent]: PLAYER picked up COBBLESTONE
[00:54:47][EntityPickupItemEvent]: PLAYER picked up COBBLESTONE
[00:54:48][EntityPickupItemEvent]: PLAYER picked up COBBLESTONE
[00:54:48][EntityPickupItemEvent]: PLAYER picked up COBBLESTONE
[00:54:49][EntityPickupItemEvent]: PLAYER picked up COBBLESTONE
[00:54:49][EntityPickupItemEvent]: PLAYER picked up COBBLESTONE
[00:54:50][EntityPickupItemEvent]: PLAYER picked up COBBLESTONE
[00:54:51][EntityPickupItemEvent]: PLAYER picked up COBBLESTONE
[00:54:52][EntityPickupItemEvent]: PLAYER picked up DIRT
[00:55:00][EntityPickupItemEvent]: PLAYER picked up COBBLESTONE
[00:55:02][EntityPickupItemEvent]: PLAYER picked up COBBLESTONE
[00:55:03][EntityPickupItemEvent]: PLAYER picked up COBBLESTONE
[00:55:04][EntityPickupItemEvent]: PLAYER picked up ANDESITE
[00:55:04][EntityPickupItemEvent]: PLAYER picked up COBBLESTONE
[00:55:05][EntityPickupItemEvent]: PLAYER picked up COBBLESTONE
[00:55:06][EntityPickupItemEvent]: PLAYER picked up ANDESITE
[00:55:06][EntityPickupItemEvent]: PLAYER picked up COBBLESTONE
[00:55:06][EntityPickupItemEvent]: PLAYER picked up ANDESITE
[00:55:07][EntityPickupItemEvent]: PLAYER picked up COBBLESTONE
[00:55:08][EntityPickupItemEvent]: PLAYER picked up COBBLESTONE
[00:55:08][EntityPickupItemEvent]: PLAYER picked up COBBLESTONE
[00:55:09][EntityPickupItemEvent]: PLAYER picked up COBBLESTONE
[00:55:10][EntityPickupItemEvent]: PLAYER picked up COBBLESTONE
[00:55:11][EntityPickupItemEvent]: PLAYER picked up COBBLESTONE
[00:55:12][EntityPickupItemEvent]: PLAYER picked up COBBLESTONE
[00:55:12][EntityPickupItemEvent]: PLAYER picked up COBBLESTONE
[00:55:13][EntityPickupItemEvent]: PLAYER picked up COBBLESTONE
[00:55:14][EntityPickupItemEvent]: PLAYER picked up COBBLESTONE
[00:55:14][EntityPickupItemEvent]: PLAYER picked up COBBLESTONE
[00:55:15][EntityPickupItemEvent]: PLAYER picked up COBBLESTONE
[00:55:15][EntityPickupItemEvent]: PLAYER picked up COBBLESTONE
[00:55:16][EntityPickupItemEvent]: PLAYER picked up COBBLESTONE
[00:55:17][EntityPickupItemEvent]: PLAYER picked up COBBLESTONE
[00:55:17][EntityPickupItemEvent]: PLAYER picked up COBBLESTONE
[00:55:18][EntityPickupItemEvent]: PLAYER picked up COBBLESTONE
[00:55:18][EntityPickupItemEvent]: PLAYER picked up COBBLESTONE
[00:55:24][EntityPickupItemEvent]: PLAYER picked up COBBLESTONE
[00:55:26][EntityPickupItemEvent]: PLAYER picked up COBBLESTONE
[00:55:27][EntityPickupItemEvent]: PLAYER picked up COBBLESTONE
[00:55:27][EntityPickupItemEvent]: PLAYER picked up COBBLESTONE
[00:55:27][EntityPickupItemEvent]: PLAYER picked up COBBLESTONE
[00:55:28][EntityPickupItemEvent]: PLAYER picked up COBBLESTONE
[00:55:28][EntityPickupItemEvent]: PLAYER picked up COBBLESTONE
[00:55:29][EntityPickupItemEvent]: PLAYER picked up COBBLESTONE
[00:55:30][EntityPickupItemEvent]: PLAYER picked up COBBLESTONE
[00:55:30][EntityPickupItemEvent]: PLAYER picked up COBBLESTONE
[00:55:31][EntityPickupItemEvent]: PLAYER picked up COBBLESTONE
[00:55:31][EntityPickupItemEvent]: PLAYER picked up COBBLESTONE
[00:55:32][EntityPickupItemEvent]: PLAYER picked up COBBLESTONE
[00:55:33][EntityPickupItemEvent]: PLAYER picked up COBBLESTONE
[00:55:33][EntityPickupItemEvent]: PLAYER picked up COBBLESTONE
[00:55:34][EntityPickupItemEvent]: PLAYER picked up COBBLESTONE
[00:55:34][EntityPickupItemEvent]: PLAYER picked up COBBLESTONE
[00:55:35][EntityPickupItemEvent]: PLAYER picked up COBBLESTONE
[00:57:09][EntityPickupItemEvent]: PLAYER picked up COBBLESTONE
[00:57:09][EntityPickupItemEvent]: PLAYER picked up COBBLESTONE
[00:57:10][EntityPickupItemEvent]: PLAYER picked up COBBLESTONE
[00:57:11][EntityPickupItemEvent]: PLAYER picked up COBBLESTONE
[00:57:12][EntityPickupItemEvent]: PLAYER picked up COBBLESTONE
[00:57:15][EntityPickupItemEvent]: PLAYER picked up COBBLESTONE
[00:57:15][EntityPickupItemEvent]: PLAYER picked up DIRT
[00:57:16][EntityPickupItemEvent]: PLAYER picked up DIRT
[00:57:17][EntityPickupItemEvent]: PLAYER picked up DIRT
[00:57:17][EntityPickupItemEvent]: PLAYER picked up DIRT
[00:57:18][EntityPickupItemEvent]: PLAYER picked up DIRT
[00:57:19][EntityPickupItemEvent]: PLAYER picked up COBBLESTONE
[00:57:19][EntityPickupItemEvent]: PLAYER picked up DIRT
[00:57:21][EntityPickupItemEvent]: PLAYER picked up COBBLESTONE
[00:57:22][EntityPickupItemEvent]: PLAYER picked up COBBLESTONE
[00:57:23][EntityPickupItemEvent]: PLAYER picked up COBBLESTONE
[00:57:23][EntityPickupItemEvent]: PLAYER picked up COBBLESTONE
[00:57:24][EntityPickupItemEvent]: PLAYER picked up COBBLESTONE
[00:57:26][EntityPickupItemEvent]: PLAYER picked up REDSTONE
[00:57:26][EntityPickupItemEvent]: PLAYER picked up REDSTONE
[00:57:27][EntityPickupItemEvent]: PLAYER picked up COBBLESTONE
[00:57:30][EntityPickupItemEvent]: PLAYER picked up COBBLESTONE
[00:57:30][EntityPickupItemEvent]: PLAYER picked up REDSTONE
[00:57:30][EntityPickupItemEvent]: PLAYER picked up REDSTONE
[00:58:00][EntityPickupItemEvent]: PLAYER picked up IRON_ORE
[00:58:33][EntityPickupItemEvent]: PLAYER picked up COBBLESTONE
[00:58:34][EntityPickupItemEvent]: PLAYER picked up COBBLESTONE
[00:58:35][EntityPickupItemEvent]: PLAYER picked up COBBLESTONE
[00:58:37][EntityPickupItemEvent]: PLAYER picked up COBBLESTONE
[00:58:37][EntityPickupItemEvent]: PLAYER picked up DIORITE
[00:58:38][EntityPickupItemEvent]: PLAYER picked up IRON_ORE
[00:58:39][EntityPickupItemEvent]: PLAYER picked up DIORITE
[00:58:40][EntityPickupItemEvent]: PLAYER picked up COBBLESTONE
[00:58:40][EntityPickupItemEvent]: PLAYER picked up COBBLESTONE
[00:58:41][EntityPickupItemEvent]: PLAYER picked up COBBLESTONE
[00:58:41][EntityPickupItemEvent]: PLAYER picked up COBBLESTONE
[00:58:43][EntityPickupItemEvent]: PLAYER picked up COBBLESTONE
[00:58:44][EntityPickupItemEvent]: PLAYER picked up COBBLESTONE
[00:58:45][EntityPickupItemEvent]: PLAYER picked up COBBLESTONE
[00:58:45][EntityPickupItemEvent]: PLAYER picked up COBBLESTONE
[00:58:56][EntityPickupItemEvent]: PLAYER picked up COBBLESTONE
[00:58:57][EntityPickupItemEvent]: PLAYER picked up COBBLESTONE
[00:58:58][EntityPickupItemEvent]: PLAYER picked up COBBLESTONE
[00:58:59][EntityPickupItemEvent]: PLAYER picked up COBBLESTONE
[00:58:59][EntityPickupItemEvent]: PLAYER picked up COBBLESTONE
[00:59:00][EntityPickupItemEvent]: PLAYER picked up COBBLESTONE
[00:59:00][EntityPickupItemEvent]: PLAYER picked up COBBLESTONE
[00:59:01][EntityPickupItemEvent]: PLAYER picked up COBBLESTONE
[00:59:02][EntityPickupItemEvent]: PLAYER picked up COBBLESTONE
[00:59:03][EntityPickupItemEvent]: PLAYER picked up COBBLESTONE
[00:59:03][EntityPickupItemEvent]: PLAYER picked up COBBLESTONE
[00:59:03][EntityPickupItemEvent]: PLAYER picked up COBBLESTONE
[00:59:04][EntityPickupItemEvent]: PLAYER picked up COBBLESTONE
[00:59:05][EntityPickupItemEvent]: PLAYER picked up COBBLESTONE
[00:59:06][EntityPickupItemEvent]: PLAYER picked up COBBLESTONE
[00:59:08][EntityPickupItemEvent]: PLAYER picked up COBBLESTONE
[00:59:08][EntityPickupItemEvent]: PLAYER picked up COBBLESTONE
[00:59:09][EntityPickupItemEvent]: PLAYER picked up COBBLESTONE
[00:59:09][EntityPickupItemEvent]: PLAYER picked up COBBLESTONE
[00:59:10][EntityPickupItemEvent]: PLAYER picked up COBBLESTONE
[00:59:11][EntityPickupItemEvent]: PLAYER picked up COBBLESTONE
[00:59:12][EntityPickupItemEvent]: PLAYER picked up COBBLESTONE
[00:59:12][EntityPickupItemEvent]: PLAYER picked up COBBLESTONE
[00:59:13][EntityPickupItemEvent]: PLAYER picked up COBBLESTONE
[00:59:14][EntityPickupItemEvent]: PLAYER picked up COBBLESTONE
[00:59:18][EntityPickupItemEvent]: PLAYER picked up COBBLESTONE
[00:59:18][EntityPickupItemEvent]: PLAYER picked up COBBLESTONE
[00:59:25][EntityPickupItemEvent]: PLAYER picked up COBBLESTONE
[00:59:26][EntityPickupItemEvent]: PLAYER picked up DIORITE
[00:59:27][EntityPickupItemEvent]: PLAYER picked up COBBLESTONE
[00:59:28][EntityPickupItemEvent]: PLAYER picked up COBBLESTONE
[00:59:29][EntityPickupItemEvent]: PLAYER picked up COBBLESTONE
[00:59:29][EntityPickupItemEvent]: PLAYER picked up COBBLESTONE
[00:59:30][EntityPickupItemEvent]: PLAYER picked up DIORITE
[00:59:30][EntityPickupItemEvent]: PLAYER picked up COBBLESTONE
[00:59:31][EntityPickupItemEvent]: PLAYER picked up DIORITE
[00:59:32][EntityPickupItemEvent]: PLAYER picked up DIORITE
[00:59:32][EntityPickupItemEvent]: PLAYER picked up DIORITE
[00:59:33][EntityPickupItemEvent]: PLAYER picked up DIORITE
[00:59:34][EntityPickupItemEvent]: PLAYER picked up DIORITE
[00:59:34][EntityPickupItemEvent]: PLAYER picked up DIORITE
[00:59:37][EntityPickupItemEvent]: PLAYER picked up DIORITE
[00:59:37][EntityPickupItemEvent]: PLAYER picked up DIORITE
[00:59:38][EntityPickupItemEvent]: PLAYER picked up DIORITE
[00:59:38][EntityPickupItemEvent]: PLAYER picked up DIORITE
[00:59:39][EntityPickupItemEvent]: PLAYER picked up DIORITE
[00:59:40][EntityPickupItemEvent]: PLAYER picked up COBBLESTONE
[00:59:41][EntityPickupItemEvent]: PLAYER picked up DIAMOND
[00:59:43][EntityPickupItemEvent]: PLAYER picked up COBBLESTONE
[00:59:43][EntityPickupItemEvent]: PLAYER picked up DIAMOND
[00:59:43][EntityPickupItemEvent]: PLAYER picked up COBBLESTONE
[00:59:44][EntityPickupItemEvent]: PLAYER picked up DIAMOND
[00:59:45][EntityPickupItemEvent]: PLAYER picked up DIAMOND
[01:00:05][EntityPickupItemEvent]: PLAYER picked up DIAMOND
[01:00:16][EntityPickupItemEvent]: PLAYER picked up COBBLESTONE
[01:00:17][EntityPickupItemEvent]: PLAYER picked up COBBLESTONE
[01:00:18][EntityPickupItemEvent]: PLAYER picked up COBBLESTONE
[01:00:18][EntityPickupItemEvent]: PLAYER picked up COBBLESTONE
[01:00:19][EntityPickupItemEvent]: PLAYER picked up COBBLESTONE
[01:00:20][EntityPickupItemEvent]: PLAYER picked up COBBLESTONE
[01:00:20][EntityPickupItemEvent]: PLAYER picked up COBBLESTONE
[01:00:21][EntityPickupItemEvent]: PLAYER picked up COBBLESTONE
[01:00:22][EntityPickupItemEvent]: PLAYER picked up COBBLESTONE
[01:00:22][EntityPickupItemEvent]: PLAYER picked up DIORITE
[01:00:23][EntityPickupItemEvent]: PLAYER picked up COBBLESTONE
[01:00:24][EntityPickupItemEvent]: PLAYER picked up COBBLESTONE
[01:00:26][EntityPickupItemEvent]: PLAYER picked up COBBLESTONE
[01:00:26][EntityPickupItemEvent]: PLAYER picked up COBBLESTONE
[01:00:27][EntityPickupItemEvent]: PLAYER picked up COBBLESTONE
[01:00:29][EntityPickupItemEvent]: PLAYER picked up COBBLESTONE
[01:00:32][EntityPickupItemEvent]: PLAYER picked up COBBLESTONE
[01:00:33][EntityPickupItemEvent]: PLAYER picked up COBBLESTONE
[01:00:35][EntityPickupItemEvent]: PLAYER picked up REDSTONE
[01:00:35][EntityPickupItemEvent]: PLAYER picked up REDSTONE
[01:00:38][EntityPickupItemEvent]: PLAYER picked up REDSTONE
[01:00:39][EntityPickupItemEvent]: PLAYER picked up COBBLESTONE
[01:00:39][EntityPickupItemEvent]: PLAYER picked up COBBLESTONE
[01:00:40][EntityPickupItemEvent]: PLAYER picked up DIAMOND
[01:00:53][EntityPickupItemEvent]: PLAYER picked up COBBLESTONE
[01:00:53][EntityPickupItemEvent]: PLAYER picked up COBBLESTONE
[01:00:53][EntityPickupItemEvent]: PLAYER picked up COBBLESTONE
[01:00:54][EntityPickupItemEvent]: PLAYER picked up COBBLESTONE
[01:00:55][EntityPickupItemEvent]: PLAYER picked up COBBLESTONE
[01:00:55][EntityPickupItemEvent]: PLAYER picked up COBBLESTONE
[01:00:55][EntityPickupItemEvent]: PLAYER picked up COBBLESTONE
[01:00:57][EntityPickupItemEvent]: PLAYER picked up COBBLESTONE
[01:01:09][EntityPickupItemEvent]: PLAYER picked up COBBLESTONE
[01:01:10][EntityPickupItemEvent]: PLAYER picked up COBBLESTONE
[01:01:11][EntityPickupItemEvent]: PLAYER picked up COBBLESTONE
[01:01:11][EntityPickupItemEvent]: PLAYER picked up COBBLESTONE
[01:01:12][EntityPickupItemEvent]: PLAYER picked up COBBLESTONE
[01:01:12][EntityPickupItemEvent]: PLAYER picked up COBBLESTONE
[01:01:13][EntityPickupItemEvent]: PLAYER picked up COBBLESTONE
[01:01:13][EntityPickupItemEvent]: PLAYER picked up DIRT
[01:01:14][EntityPickupItemEvent]: PLAYER picked up COBBLESTONE
[01:01:15][EntityPickupItemEvent]: PLAYER picked up GOLD_ORE
[01:01:20][EntityPickupItemEvent]: PLAYER picked up COBBLESTONE
[01:01:22][EntityPickupItemEvent]: PLAYER picked up COBBLESTONE
[01:01:22][EntityPickupItemEvent]: PLAYER picked up GOLD_ORE
[01:01:23][EntityPickupItemEvent]: PLAYER picked up IRON_ORE
[01:01:25][EntityPickupItemEvent]: PLAYER picked up IRON_ORE
[01:01:26][EntityPickupItemEvent]: PLAYER picked up IRON_ORE
[01:01:26][EntityPickupItemEvent]: PLAYER picked up COBBLESTONE
[01:01:27][EntityPickupItemEvent]: PLAYER picked up IRON_ORE
[01:01:28][EntityPickupItemEvent]: PLAYER picked up IRON_ORE
[01:01:28][EntityPickupItemEvent]: PLAYER picked up IRON_ORE
[01:01:29][EntityPickupItemEvent]: PLAYER picked up IRON_ORE
[01:01:30][EntityPickupItemEvent]: PLAYER picked up IRON_ORE
[01:02:13][EntityPickupItemEvent]: PLAYER picked up COBBLESTONE
[01:02:17][EntityPickupItemEvent]: PLAYER picked up LAPIS_LAZULI
[01:02:26][EntityPickupItemEvent]: PLAYER picked up LAPIS_LAZULI
[01:02:26][EntityPickupItemEvent]: PLAYER picked up COBBLESTONE
[01:03:18][EntityPickupItemEvent]: PLAYER picked up COBBLESTONE
[01:03:19][EntityPickupItemEvent]: PLAYER picked up COBBLESTONE
[01:03:19][EntityPickupItemEvent]: PLAYER picked up COBBLESTONE
[01:03:20][EntityPickupItemEvent]: PLAYER picked up COBBLESTONE
[01:03:21][EntityPickupItemEvent]: PLAYER picked up COBBLESTONE
[01:03:22][EntityPickupItemEvent]: PLAYER picked up COBBLESTONE
[01:03:22][EntityPickupItemEvent]: PLAYER picked up COBBLESTONE
[01:03:24][EntityPickupItemEvent]: PLAYER picked up COBBLESTONE
[01:03:25][EntityPickupItemEvent]: PLAYER picked up COBBLESTONE
[01:03:28][EntityPickupItemEvent]: PLAYER picked up COBBLESTONE
[01:03:28][EntityPickupItemEvent]: PLAYER picked up COBBLESTONE
[01:03:30][EntityPickupItemEvent]: PLAYER picked up COBBLESTONE
[01:03:30][EntityPickupItemEvent]: PLAYER picked up COBBLESTONE
[01:03:31][EntityPickupItemEvent]: PLAYER picked up COBBLESTONE
[01:03:33][EntityPickupItemEvent]: PLAYER picked up COBBLESTONE
[01:03:33][EntityPickupItemEvent]: PLAYER picked up COBBLESTONE
[01:03:34][EntityPickupItemEvent]: PLAYER picked up COBBLESTONE
[01:03:35][EntityPickupItemEvent]: PLAYER picked up COBBLESTONE
[01:03:36][EntityPickupItemEvent]: PLAYER picked up COBBLESTONE
[01:03:37][EntityPickupItemEvent]: PLAYER picked up COBBLESTONE
[01:03:37][EntityPickupItemEvent]: PLAYER picked up COBBLESTONE
[01:03:38][EntityPickupItemEvent]: PLAYER picked up COBBLESTONE
[01:04:08][EntityPickupItemEvent]: PLAYER picked up COBBLESTONE
[01:04:08][EntityPickupItemEvent]: PLAYER picked up COBBLESTONE
[01:04:12][EntityPickupItemEvent]: PLAYER picked up COBBLESTONE
[01:04:12][EntityPickupItemEvent]: PLAYER picked up COBBLESTONE
[01:04:12][EntityPickupItemEvent]: PLAYER picked up COBBLESTONE
[01:04:17][EntityPickupItemEvent]: PLAYER picked up COBBLESTONE
[01:04:17][EntityPickupItemEvent]: PLAYER picked up COBBLESTONE
[01:04:18][EntityPickupItemEvent]: PLAYER picked up COBBLESTONE
[01:04:18][EntityPickupItemEvent]: PLAYER picked up COBBLESTONE
[01:04:19][EntityPickupItemEvent]: PLAYER picked up COBBLESTONE
[01:04:20][EntityPickupItemEvent]: PLAYER picked up COBBLESTONE
[01:04:20][EntityPickupItemEvent]: PLAYER picked up COBBLESTONE
[01:04:21][EntityPickupItemEvent]: PLAYER picked up COBBLESTONE
[01:04:21][EntityPickupItemEvent]: PLAYER picked up COBBLESTONE
[01:04:22][EntityPickupItemEvent]: PLAYER picked up IRON_ORE
[01:04:23][EntityPickupItemEvent]: PLAYER picked up IRON_ORE
[01:04:24][EntityPickupItemEvent]: PLAYER picked up IRON_ORE
[01:04:26][EntityPickupItemEvent]: PLAYER picked up IRON_ORE
[01:04:29][EntityPickupItemEvent]: PLAYER picked up IRON_ORE
[01:04:35][EntityPickupItemEvent]: PLAYER picked up COBBLESTONE
[01:04:45][EntityPickupItemEvent]: PLAYER picked up CRAFTING_TABLE
[01:04:49][EntityPickupItemEvent]: PLAYER picked up CRAFTING_TABLE
[01:05:06][EntityPickupItemEvent]: PLAYER picked up DIAMOND
[01:05:16][EntityPickupItemEvent]: PLAYER picked up OBSIDIAN
[01:05:46][EntityPickupItemEvent]: PLAYER picked up IRON_ORE
[01:05:46][EntityPickupItemEvent]: PLAYER picked up COAL
[01:05:46][EntityPickupItemEvent]: PLAYER picked up BLAST_FURNACE
[01:05:49][EntityPickupItemEvent]: PLAYER picked up BLAZE_POWDER
[01:06:22][EntityPickupItemEvent]: PLAYER picked up COBBLESTONE
[01:06:23][EntityPickupItemEvent]: PLAYER picked up COBBLESTONE
[01:06:24][EntityPickupItemEvent]: PLAYER picked up COAL
[01:06:25][EntityPickupItemEvent]: PLAYER picked up COAL
[01:06:25][EntityPickupItemEvent]: PLAYER picked up COAL
[01:06:27][EntityPickupItemEvent]: PLAYER picked up COAL
[01:06:28][EntityPickupItemEvent]: PLAYER picked up COAL
[01:06:44][EntityPickupItemEvent]: PLAYER picked up COBBLESTONE
[01:06:45][EntityPickupItemEvent]: PLAYER picked up COBBLESTONE
[01:06:50][EntityPickupItemEvent]: PLAYER picked up COBBLESTONE
[01:06:55][EntityPickupItemEvent]: PLAYER picked up COBBLESTONE
[01:06:56][EntityPickupItemEvent]: PLAYER picked up COBBLESTONE
[01:06:57][EntityPickupItemEvent]: PLAYER picked up COBBLESTONE
[01:06:57][EntityPickupItemEvent]: PLAYER picked up COBBLESTONE
[01:06:58][EntityPickupItemEvent]: PLAYER picked up COBBLESTONE
[01:06:58][EntityPickupItemEvent]: PLAYER picked up COBBLESTONE
[01:06:59][EntityPickupItemEvent]: PLAYER picked up COBBLESTONE
[01:06:59][EntityPickupItemEvent]: PLAYER picked up COBBLESTONE
[01:07:00][EntityPickupItemEvent]: PLAYER picked up COBBLESTONE
[01:07:01][EntityPickupItemEvent]: PLAYER picked up COBBLESTONE
[01:07:02][EntityPickupItemEvent]: PLAYER picked up COBBLESTONE
[01:07:02][EntityPickupItemEvent]: PLAYER picked up COBBLESTONE
[01:07:03][EntityPickupItemEvent]: PLAYER picked up COBBLESTONE
[01:07:03][EntityPickupItemEvent]: PLAYER picked up COBBLESTONE
[01:07:04][EntityPickupItemEvent]: PLAYER picked up IRON_ORE
[01:07:05][EntityPickupItemEvent]: PLAYER picked up IRON_ORE
[01:07:07][EntityPickupItemEvent]: PLAYER picked up COBBLESTONE
[01:07:07][EntityPickupItemEvent]: PLAYER picked up IRON_ORE
[01:07:07][EntityPickupItemEvent]: PLAYER picked up COBBLESTONE
[01:07:09][EntityPickupItemEvent]: PLAYER picked up IRON_ORE
[01:07:10][EntityPickupItemEvent]: PLAYER picked up IRON_ORE
[01:07:11][EntityPickupItemEvent]: PLAYER picked up IRON_ORE
[01:07:12][EntityPickupItemEvent]: PLAYER picked up IRON_ORE
[01:07:17][EntityPickupItemEvent]: PLAYER picked up TORCH
[01:07:22][EntityPickupItemEvent]: PLAYER picked up DIAMOND
[01:07:39][EntityPickupItemEvent]: PLAYER picked up COBBLESTONE
[01:07:39][EntityPickupItemEvent]: PLAYER picked up COBBLESTONE
[01:07:42][EntityPickupItemEvent]: PLAYER picked up COBBLESTONE
[01:07:43][EntityPickupItemEvent]: PLAYER picked up COBBLESTONE
[01:07:44][EntityPickupItemEvent]: PLAYER picked up COBBLESTONE
[01:07:49][EntityPickupItemEvent]: PLAYER picked up COBBLESTONE
[01:07:53][EntityPickupItemEvent]: PLAYER picked up TORCH
[01:07:53][EntityPickupItemEvent]: PLAYER picked up COBBLESTONE
[01:08:08][EntityPickupItemEvent]: PLAYER picked up COBBLESTONE
[01:08:08][EntityPickupItemEvent]: PLAYER picked up COBBLESTONE
[01:08:13][EntityPickupItemEvent]: PLAYER picked up COBBLESTONE
[01:08:16][EntityPickupItemEvent]: PLAYER picked up COBBLESTONE
[01:08:18][EntityPickupItemEvent]: PLAYER picked up COBBLESTONE
[01:08:19][EntityPickupItemEvent]: PLAYER picked up COBBLESTONE
[01:08:27][EntityPickupItemEvent]: PLAYER picked up COBBLESTONE
[01:08:28][EntityPickupItemEvent]: PLAYER picked up COBBLESTONE
[01:08:34][EntityPickupItemEvent]: PLAYER picked up COBBLESTONE
[01:08:37][EntityPickupItemEvent]: PLAYER picked up COBBLESTONE
[01:08:38][EntityPickupItemEvent]: PLAYER picked up COBBLESTONE
[01:08:44][EntityPickupItemEvent]: PLAYER picked up COBBLESTONE
[01:08:44][EntityPickupItemEvent]: PLAYER picked up COBBLESTONE
[01:08:45][EntityPickupItemEvent]: PLAYER picked up COBBLESTONE
[01:08:45][EntityPickupItemEvent]: PLAYER picked up COBBLESTONE
[01:08:46][EntityPickupItemEvent]: PLAYER picked up COBBLESTONE
[01:08:54][EntityPickupItemEvent]: PLAYER picked up COBBLESTONE
[01:08:55][EntityPickupItemEvent]: PLAYER picked up COBBLESTONE
[01:08:55][EntityPickupItemEvent]: PLAYER picked up COBBLESTONE
[01:08:56][EntityPickupItemEvent]: PLAYER picked up COBBLESTONE
[01:09:07][EntityPickupItemEvent]: PLAYER picked up TORCH
[01:09:29][EntityPickupItemEvent]: PLAYER picked up COBBLESTONE
[01:09:29][EntityPickupItemEvent]: PLAYER picked up COBBLESTONE
[01:09:30][EntityPickupItemEvent]: PLAYER picked up COBBLESTONE
[01:09:32][EntityPickupItemEvent]: PLAYER picked up COBBLESTONE
[01:09:32][EntityPickupItemEvent]: PLAYER picked up COBBLESTONE
[01:09:33][EntityPickupItemEvent]: PLAYER picked up COBBLESTONE
[01:09:34][EntityPickupItemEvent]: PLAYER picked up COBBLESTONE
[01:09:34][EntityPickupItemEvent]: PLAYER picked up COBBLESTONE
[01:09:35][EntityPickupItemEvent]: PLAYER picked up COBBLESTONE
[01:09:36][EntityPickupItemEvent]: PLAYER picked up COBBLESTONE
[01:09:37][EntityPickupItemEvent]: PLAYER picked up COBBLESTONE
[01:09:38][EntityPickupItemEvent]: PLAYER picked up COBBLESTONE
[01:09:38][EntityPickupItemEvent]: PLAYER picked up COBBLESTONE
[01:09:39][EntityPickupItemEvent]: PLAYER picked up COBBLESTONE
[01:09:41][EntityPickupItemEvent]: PLAYER picked up COBBLESTONE
[01:09:41][EntityPickupItemEvent]: PLAYER picked up COBBLESTONE
[01:09:42][EntityPickupItemEvent]: PLAYER picked up COBBLESTONE
[01:10:00][EntityPickupItemEvent]: PLAYER picked up COBBLESTONE
[01:10:11][EntityPickupItemEvent]: PLAYER picked up ROTTEN_FLESH
[01:10:29][EntityPickupItemEvent]: PLAYER picked up COBBLESTONE
[01:10:29][EntityPickupItemEvent]: PLAYER picked up COBBLESTONE
[01:10:30][EntityPickupItemEvent]: PLAYER picked up COBBLESTONE
[01:10:31][EntityPickupItemEvent]: PLAYER picked up COBBLESTONE
[01:10:32][EntityPickupItemEvent]: PLAYER picked up COBBLESTONE
[01:10:32][EntityPickupItemEvent]: PLAYER picked up COBBLESTONE
[01:10:33][EntityPickupItemEvent]: PLAYER picked up ANDESITE
[01:10:34][EntityPickupItemEvent]: PLAYER picked up COBBLESTONE
[01:10:34][EntityPickupItemEvent]: PLAYER picked up COBBLESTONE
[01:10:35][EntityPickupItemEvent]: PLAYER picked up COBBLESTONE
[01:10:36][EntityPickupItemEvent]: PLAYER picked up COBBLESTONE
[01:10:36][EntityPickupItemEvent]: PLAYER picked up COBBLESTONE
[01:10:37][EntityPickupItemEvent]: PLAYER picked up COBBLESTONE
[01:10:38][EntityPickupItemEvent]: PLAYER picked up COBBLESTONE
[01:10:39][EntityPickupItemEvent]: PLAYER picked up COBBLESTONE
[01:10:39][EntityPickupItemEvent]: PLAYER picked up COBBLESTONE
[01:10:40][EntityPickupItemEvent]: PLAYER picked up COBBLESTONE
[01:10:40][EntityPickupItemEvent]: PLAYER picked up COBBLESTONE
[01:10:41][EntityPickupItemEvent]: PLAYER picked up COBBLESTONE
[01:10:41][EntityPickupItemEvent]: PLAYER picked up COBBLESTONE
[01:10:42][EntityPickupItemEvent]: PLAYER picked up COBBLESTONE
[01:10:43][EntityPickupItemEvent]: PLAYER picked up COBBLESTONE
[01:10:43][EntityPickupItemEvent]: PLAYER picked up COBBLESTONE
[01:10:44][EntityPickupItemEvent]: PLAYER picked up COBBLESTONE
[01:10:45][EntityPickupItemEvent]: PLAYER picked up COBBLESTONE
[01:10:45][EntityPickupItemEvent]: PLAYER picked up COBBLESTONE
[01:10:46][EntityPickupItemEvent]: PLAYER picked up COBBLESTONE
[01:10:47][EntityPickupItemEvent]: PLAYER picked up COBBLESTONE
[01:10:47][EntityPickupItemEvent]: PLAYER picked up COBBLESTONE
[01:10:48][EntityPickupItemEvent]: PLAYER picked up COBBLESTONE
[01:10:49][EntityPickupItemEvent]: PLAYER picked up COBBLESTONE
[01:10:49][EntityPickupItemEvent]: PLAYER picked up COBBLESTONE
[01:10:52][EntityPickupItemEvent]: PLAYER picked up COBBLESTONE
[01:10:53][EntityPickupItemEvent]: PLAYER picked up COBBLESTONE
[01:10:54][EntityPickupItemEvent]: PLAYER picked up COBBLESTONE
[01:10:55][EntityPickupItemEvent]: PLAYER picked up COBBLESTONE
[01:10:55][EntityPickupItemEvent]: PLAYER picked up COBBLESTONE
[01:10:56][EntityPickupItemEvent]: PLAYER picked up COBBLESTONE
[01:10:57][EntityPickupItemEvent]: PLAYER picked up COBBLESTONE
[01:10:58][EntityPickupItemEvent]: PLAYER picked up COBBLESTONE
[01:10:58][EntityPickupItemEvent]: PLAYER picked up COBBLESTONE
[01:10:59][EntityPickupItemEvent]: PLAYER picked up COBBLESTONE
[01:11:00][EntityPickupItemEvent]: PLAYER picked up GRANITE
[01:11:00][EntityPickupItemEvent]: PLAYER picked up GRANITE
[01:11:01][EntityPickupItemEvent]: PLAYER picked up GRANITE
[01:11:02][EntityPickupItemEvent]: PLAYER picked up GRANITE
[01:11:02][EntityPickupItemEvent]: PLAYER picked up GRANITE
[01:11:04][EntityPickupItemEvent]: PLAYER picked up GRANITE
[01:11:04][EntityPickupItemEvent]: PLAYER picked up GRANITE
[01:11:05][EntityPickupItemEvent]: PLAYER picked up GRANITE
[01:11:06][EntityPickupItemEvent]: PLAYER picked up GRANITE
[01:11:07][EntityPickupItemEvent]: PLAYER picked up GRANITE
[01:11:08][EntityPickupItemEvent]: PLAYER picked up GRANITE
[01:11:10][EntityPickupItemEvent]: PLAYER picked up GRANITE
[01:11:10][EntityPickupItemEvent]: PLAYER picked up COBBLESTONE
[01:11:10][EntityPickupItemEvent]: PLAYER picked up GRANITE
[01:11:11][EntityPickupItemEvent]: PLAYER picked up COBBLESTONE
[01:11:11][EntityPickupItemEvent]: PLAYER picked up COBBLESTONE
[01:11:12][EntityPickupItemEvent]: PLAYER picked up COBBLESTONE
[01:11:12][EntityPickupItemEvent]: PLAYER picked up COBBLESTONE
[01:11:13][EntityPickupItemEvent]: PLAYER picked up COBBLESTONE
[01:11:14][EntityPickupItemEvent]: PLAYER picked up COBBLESTONE
[01:11:14][EntityPickupItemEvent]: PLAYER picked up COBBLESTONE
[01:11:16][EntityPickupItemEvent]: PLAYER picked up COBBLESTONE
[01:11:16][EntityPickupItemEvent]: PLAYER picked up COBBLESTONE
[01:11:16][EntityPickupItemEvent]: PLAYER picked up COBBLESTONE
[01:11:19][EntityPickupItemEvent]: PLAYER picked up COBBLESTONE
[01:11:20][EntityPickupItemEvent]: PLAYER picked up COBBLESTONE
[01:11:21][EntityPickupItemEvent]: PLAYER picked up COBBLESTONE
[01:11:22][EntityPickupItemEvent]: PLAYER picked up COBBLESTONE
[01:11:22][EntityPickupItemEvent]: PLAYER picked up COBBLESTONE
[01:11:23][EntityPickupItemEvent]: PLAYER picked up COBBLESTONE
[01:11:24][EntityPickupItemEvent]: PLAYER picked up COBBLESTONE
[01:11:25][EntityPickupItemEvent]: PLAYER picked up COBBLESTONE
[01:11:25][EntityPickupItemEvent]: PLAYER picked up COBBLESTONE
[01:11:26][EntityPickupItemEvent]: PLAYER picked up COBBLESTONE
[01:11:27][EntityPickupItemEvent]: PLAYER picked up COBBLESTONE
[01:11:27][EntityPickupItemEvent]: PLAYER picked up COBBLESTONE
[01:11:28][EntityPickupItemEvent]: PLAYER picked up COBBLESTONE
[01:11:29][EntityPickupItemEvent]: PLAYER picked up COBBLESTONE
[01:11:33][EntityPickupItemEvent]: PLAYER picked up COBBLESTONE
[01:11:33][EntityPickupItemEvent]: PLAYER picked up COBBLESTONE
[01:11:34][EntityPickupItemEvent]: PLAYER picked up COBBLESTONE
[01:11:35][EntityPickupItemEvent]: PLAYER picked up COBBLESTONE
[01:11:35][EntityPickupItemEvent]: PLAYER picked up COBBLESTONE
[01:11:36][EntityPickupItemEvent]: PLAYER picked up COBBLESTONE
[01:11:36][EntityPickupItemEvent]: PLAYER picked up COBBLESTONE
[01:11:37][EntityPickupItemEvent]: PLAYER picked up COBBLESTONE
[01:11:38][EntityPickupItemEvent]: PLAYER picked up COBBLESTONE
[01:11:39][EntityPickupItemEvent]: PLAYER picked up COBBLESTONE
[01:11:39][EntityPickupItemEvent]: PLAYER picked up COBBLESTONE
[01:11:40][EntityPickupItemEvent]: PLAYER picked up COBBLESTONE
[01:11:41][EntityPickupItemEvent]: PLAYER picked up COBBLESTONE
[01:11:42][EntityPickupItemEvent]: PLAYER picked up COBBLESTONE
[01:11:43][EntityPickupItemEvent]: PLAYER picked up COBBLESTONE
[01:11:44][EntityPickupItemEvent]: PLAYER picked up COBBLESTONE
[01:11:45][EntityPickupItemEvent]: PLAYER picked up COBBLESTONE
[01:11:45][EntityPickupItemEvent]: PLAYER picked up COBBLESTONE
[01:11:52][EntityPickupItemEvent]: PLAYER picked up COBBLESTONE
[01:11:52][EntityPickupItemEvent]: PLAYER picked up COBBLESTONE
[01:11:52][EntityPickupItemEvent]: PLAYER picked up COBBLESTONE
[01:11:53][EntityPickupItemEvent]: PLAYER picked up COBBLESTONE
[01:11:54][EntityPickupItemEvent]: PLAYER picked up COBBLESTONE
[01:11:54][EntityPickupItemEvent]: PLAYER picked up COBBLESTONE
[01:11:56][EntityPickupItemEvent]: PLAYER picked up COBBLESTONE
[01:11:57][EntityPickupItemEvent]: PLAYER picked up COBBLESTONE
[01:11:57][EntityPickupItemEvent]: PLAYER picked up COBBLESTONE
[01:11:58][EntityPickupItemEvent]: PLAYER picked up COBBLESTONE
[01:11:59][EntityPickupItemEvent]: PLAYER picked up GRANITE
[01:12:00][EntityPickupItemEvent]: PLAYER picked up DIRT
[01:12:01][EntityPickupItemEvent]: PLAYER picked up DIRT
[01:12:02][EntityPickupItemEvent]: PLAYER picked up DIRT
[01:12:08][EntityPickupItemEvent]: PLAYER picked up DIRT
[01:12:08][EntityPickupItemEvent]: PLAYER picked up DIRT
[01:12:10][EntityPickupItemEvent]: PLAYER picked up DIRT
[01:15:09][EntityPickupItemEvent]: PLAYER picked up ARROW
[01:17:28][EntityPickupItemEvent]: PLAYER picked up DIRT
[01:17:30][EntityPickupItemEvent]: PLAYER picked up DIRT
[01:17:31][EntityPickupItemEvent]: PLAYER picked up DIRT
[01:17:31][EntityPickupItemEvent]: PLAYER picked up DIRT
[01:17:32][EntityPickupItemEvent]: PLAYER picked up WHEAT_SEEDS
[01:17:34][EntityPickupItemEvent]: PLAYER picked up WHEAT_SEEDS
[01:17:34][EntityPickupItemEvent]: PLAYER picked up DIRT
[01:17:35][EntityPickupItemEvent]: PLAYER picked up DIRT
[01:28:23][EntityPickupItemEvent]: PLAYER picked up OAK_LOG
[01:28:25][EntityPickupItemEvent]: PLAYER picked up OAK_LOG
[01:28:26][EntityPickupItemEvent]: PLAYER picked up OAK_LOG
[01:28:27][EntityPickupItemEvent]: PLAYER picked up OAK_LOG
[01:28:30][EntityPickupItemEvent]: PLAYER picked up OAK_LOG
[01:28:36][EntityPickupItemEvent]: PLAYER picked up OAK_LOG
[01:28:37][EntityPickupItemEvent]: PLAYER picked up OAK_LOG
[01:28:39][EntityPickupItemEvent]: PLAYER picked up OAK_LOG
[01:28:46][EntityPickupItemEvent]: PLAYER picked up OAK_LOG
[01:28:47][EntityPickupItemEvent]: PLAYER picked up OAK_LOG
[01:28:48][EntityPickupItemEvent]: PLAYER picked up OAK_LOG
[01:28:49][EntityPickupItemEvent]: PLAYER picked up OAK_LOG
[01:28:55][EntityPickupItemEvent]: PLAYER picked up OAK_LOG
[01:28:56][EntityPickupItemEvent]: PLAYER picked up OAK_LOG
[01:29:03][EntityPickupItemEvent]: PLAYER picked up OAK_LOG
[01:29:03][EntityPickupItemEvent]: PLAYER picked up OAK_LOG
[01:29:05][EntityPickupItemEvent]: PLAYER picked up OAK_SAPLING
[01:29:06][EntityPickupItemEvent]: PLAYER picked up OAK_LOG
[01:29:18][EntityPickupItemEvent]: PLAYER picked up COBBLESTONE
[01:29:19][EntityPickupItemEvent]: PLAYER picked up COBBLESTONE
[01:29:19][EntityPickupItemEvent]: PLAYER picked up COBBLESTONE
[01:29:20][EntityPickupItemEvent]: PLAYER picked up COBBLESTONE
[01:29:21][EntityPickupItemEvent]: PLAYER picked up COBBLESTONE
[01:29:22][EntityPickupItemEvent]: PLAYER picked up OAK_SAPLING
[01:29:29][EntityPickupItemEvent]: PLAYER picked up COBBLESTONE
[01:29:31][EntityPickupItemEvent]: PLAYER picked up COBBLESTONE
[01:29:32][EntityPickupItemEvent]: PLAYER picked up COBBLESTONE
[01:29:33][EntityPickupItemEvent]: PLAYER picked up COBBLESTONE
[01:29:35][EntityPickupItemEvent]: PLAYER picked up COBBLESTONE
[01:29:35][EntityPickupItemEvent]: PLAYER picked up OAK_SAPLING
[01:29:35][EntityPickupItemEvent]: PLAYER picked up APPLE
[01:29:36][EntityPickupItemEvent]: PLAYER picked up STICK
[01:29:37][EntityPickupItemEvent]: PLAYER picked up OAK_SAPLING
[01:29:39][EntityPickupItemEvent]: PLAYER picked up COBBLESTONE
[01:29:40][EntityPickupItemEvent]: PLAYER picked up COBBLESTONE
[01:29:41][EntityPickupItemEvent]: PLAYER picked up COBBLESTONE
[01:30:00][EntityPickupItemEvent]: PLAYER picked up OAK_SLAB
[01:30:18][EntityPickupItemEvent]: PLAYER picked up TORCH
[01:30:45][EntityPickupItemEvent]: PLAYER picked up TORCH
[01:32:10][EntityPickupItemEvent]: PLAYER picked up OAK_PLANKS
[01:32:11][EntityPickupItemEvent]: PLAYER picked up OAK_PLANKS
[01:32:17][EntityPickupItemEvent]: PLAYER picked up COBBLESTONE
[01:32:23][EntityPickupItemEvent]: PLAYER picked up OAK_PLANKS
[01:32:25][EntityPickupItemEvent]: PLAYER picked up OAK_PLANKS
[01:32:27][EntityPickupItemEvent]: PLAYER picked up OAK_PLANKS
[01:32:29][EntityPickupItemEvent]: PLAYER picked up OAK_PLANKS
[01:32:34][EntityPickupItemEvent]: PLAYER picked up COBBLESTONE
[01:32:55][EntityPickupItemEvent]: PLAYER picked up COBBLESTONE
[01:32:56][EntityPickupItemEvent]: PLAYER picked up COBBLESTONE
[01:33:01][EntityPickupItemEvent]: PLAYER picked up OAK_PLANKS
[01:36:00][EntityPickupItemEvent]: PLAYER picked up COBBLESTONE
[01:36:01][EntityPickupItemEvent]: PLAYER picked up COBBLESTONE
[01:36:02][EntityPickupItemEvent]: PLAYER picked up COBBLESTONE
[01:36:05][EntityPickupItemEvent]: PLAYER picked up TORCH
[01:36:17][EntityPickupItemEvent]: PLAYER picked up COBBLESTONE
[01:36:27][EntityPickupItemEvent]: PLAYER picked up TORCH
[01:36:31][EntityPickupItemEvent]: PLAYER picked up TORCH
[01:37:31][EntityPickupItemEvent]: PLAYER picked up COBBLESTONE
[01:37:32][EntityPickupItemEvent]: PLAYER picked up COBBLESTONE
[01:37:33][EntityPickupItemEvent]: PLAYER picked up COBBLESTONE
[01:37:34][EntityPickupItemEvent]: PLAYER picked up COBBLESTONE
[01:37:35][EntityPickupItemEvent]: PLAYER picked up COBBLESTONE
[01:37:53][EntityPickupItemEvent]: PLAYER picked up OAK_LOG
[01:37:53][EntityPickupItemEvent]: PLAYER picked up OAK_LOG
[01:37:54][EntityPickupItemEvent]: PLAYER picked up OAK_LOG
[01:37:55][EntityPickupItemEvent]: PLAYER picked up OAK_LOG
[01:37:56][EntityPickupItemEvent]: PLAYER picked up OAK_LOG
[01:37:59][EntityPickupItemEvent]: PLAYER picked up OAK_LOG
[01:38:00][EntityPickupItemEvent]: PLAYER picked up OAK_LOG
[01:38:00][EntityPickupItemEvent]: PLAYER picked up OAK_LOG
[01:38:01][EntityPickupItemEvent]: PLAYER picked up OAK_LOG
[01:38:02][EntityPickupItemEvent]: PLAYER picked up OAK_LOG
[01:38:06][EntityPickupItemEvent]: PLAYER picked up OAK_LOG
[01:38:07][EntityPickupItemEvent]: PLAYER picked up OAK_LOG
[01:38:08][EntityPickupItemEvent]: PLAYER picked up OAK_LOG
[01:38:10][EntityPickupItemEvent]: PLAYER picked up OAK_LOG
[01:38:11][EntityPickupItemEvent]: PLAYER picked up OAK_LOG
[01:38:11][EntityPickupItemEvent]: PLAYER picked up OAK_LOG
[01:38:12][EntityPickupItemEvent]: PLAYER picked up OAK_LOG
[01:38:13][EntityPickupItemEvent]: PLAYER picked up OAK_LOG
[01:38:15][EntityPickupItemEvent]: PLAYER picked up OAK_LOG
[01:38:15][EntityPickupItemEvent]: PLAYER picked up OAK_LOG
[01:38:16][EntityPickupItemEvent]: PLAYER picked up OAK_LOG
[01:38:17][EntityPickupItemEvent]: PLAYER picked up OAK_LOG
[01:38:17][EntityPickupItemEvent]: PLAYER picked up OAK_LOG
[01:38:20][EntityPickupItemEvent]: PLAYER picked up OAK_LOG
[01:38:21][EntityPickupItemEvent]: PLAYER picked up OAK_LOG
[01:38:21][EntityPickupItemEvent]: PLAYER picked up OAK_LOG
[01:38:22][EntityPickupItemEvent]: PLAYER picked up OAK_LOG
[01:38:24][EntityPickupItemEvent]: PLAYER picked up OAK_LOG
[01:38:25][EntityPickupItemEvent]: PLAYER picked up OAK_LOG
[01:38:26][EntityPickupItemEvent]: PLAYER picked up OAK_LOG
[01:38:27][EntityPickupItemEvent]: PLAYER picked up OAK_LOG
[01:38:49][EntityPickupItemEvent]: PLAYER picked up CARROT
[01:39:13][EntityPickupItemEvent]: PLAYER picked up TORCH
[01:39:19][EntityPickupItemEvent]: PLAYER picked up COBBLESTONE
[01:39:23][EntityPickupItemEvent]: PLAYER picked up TORCH
[01:41:28][EntityPickupItemEvent]: PLAYER picked up COBBLESTONE
[01:41:30][EntityPickupItemEvent]: PLAYER picked up COBBLESTONE
[01:41:33][EntityPickupItemEvent]: PLAYER picked up COBBLESTONE
[01:42:07][EntityPickupItemEvent]: PLAYER picked up OAK_PLANKS
[01:42:16][EntityPickupItemEvent]: PLAYER picked up COBBLESTONE
[01:43:41][EntityPickupItemEvent]: PLAYER picked up COBBLESTONE
[01:44:00][EntityPickupItemEvent]: PLAYER picked up OAK_PLANKS
[01:44:00][EntityPickupItemEvent]: PLAYER picked up OAK_PLANKS
[01:44:47][EntityPickupItemEvent]: PLAYER picked up COBBLESTONE
[01:44:52][EntityPickupItemEvent]: PLAYER picked up COBBLESTONE
[01:44:53][EntityPickupItemEvent]: PLAYER picked up COBBLESTONE
[01:45:06][EntityPickupItemEvent]: PLAYER picked up COBBLESTONE
[01:45:30][EntityPickupItemEvent]: PLAYER picked up COBBLESTONE
[01:45:32][EntityPickupItemEvent]: PLAYER picked up COBBLESTONE
[01:45:33][EntityPickupItemEvent]: PLAYER picked up COBBLESTONE
[01:45:34][EntityPickupItemEvent]: PLAYER picked up COBBLESTONE
[01:45:34][EntityPickupItemEvent]: PLAYER picked up COBBLESTONE
[01:46:00][EntityPickupItemEvent]: PLAYER picked up OAK_PLANKS
[01:46:01][EntityPickupItemEvent]: PLAYER picked up OAK_PLANKS
[01:46:02][EntityPickupItemEvent]: PLAYER picked up OAK_PLANKS
[01:46:04][EntityPickupItemEvent]: PLAYER picked up OAK_PLANKS
[01:46:06][EntityPickupItemEvent]: PLAYER picked up OAK_PLANKS
[01:46:07][EntityPickupItemEvent]: PLAYER picked up OAK_PLANKS
[01:46:49][EntityPickupItemEvent]: PLAYER picked up TORCH
[01:46:49][EntityPickupItemEvent]: PLAYER picked up TORCH
[01:47:48][EntityPickupItemEvent]: PLAYER picked up COBBLESTONE
[01:47:50][EntityPickupItemEvent]: PLAYER picked up COBBLESTONE
[01:47:50][EntityPickupItemEvent]: PLAYER picked up COBBLESTONE
[01:47:57][EntityPickupItemEvent]: PLAYER picked up COBBLESTONE
[01:47:58][EntityPickupItemEvent]: PLAYER picked up COBBLESTONE
[01:47:59][EntityPickupItemEvent]: PLAYER picked up COBBLESTONE
[01:48:00][EntityPickupItemEvent]: PLAYER picked up COBBLESTONE
[01:48:00][EntityPickupItemEvent]: PLAYER picked up COBBLESTONE
[01:48:01][EntityPickupItemEvent]: PLAYER picked up COBBLESTONE
[01:48:02][EntityPickupItemEvent]: PLAYER picked up COBBLESTONE
[01:48:02][EntityPickupItemEvent]: PLAYER picked up COBBLESTONE
[01:48:03][EntityPickupItemEvent]: PLAYER picked up COBBLESTONE
[01:48:03][EntityPickupItemEvent]: PLAYER picked up COBBLESTONE
[01:48:04][EntityPickupItemEvent]: PLAYER picked up COBBLESTONE
[01:48:05][EntityPickupItemEvent]: PLAYER picked up COBBLESTONE
[01:48:05][EntityPickupItemEvent]: PLAYER picked up COBBLESTONE
[01:48:09][EntityPickupItemEvent]: PLAYER picked up COBBLESTONE
[01:48:09][EntityPickupItemEvent]: PLAYER picked up COBBLESTONE
[01:48:10][EntityPickupItemEvent]: PLAYER picked up COBBLESTONE
[01:48:11][EntityPickupItemEvent]: PLAYER picked up COBBLESTONE
[01:48:11][EntityPickupItemEvent]: PLAYER picked up COBBLESTONE
[01:48:12][EntityPickupItemEvent]: PLAYER picked up COBBLESTONE
[01:48:13][EntityPickupItemEvent]: PLAYER picked up COBBLESTONE
[01:48:13][EntityPickupItemEvent]: PLAYER picked up COBBLESTONE
[01:48:14][EntityPickupItemEvent]: PLAYER picked up COBBLESTONE
[01:48:15][EntityPickupItemEvent]: PLAYER picked up COBBLESTONE
[01:48:15][EntityPickupItemEvent]: PLAYER picked up COBBLESTONE
[01:48:16][EntityPickupItemEvent]: PLAYER picked up COBBLESTONE
[01:48:17][EntityPickupItemEvent]: PLAYER picked up COBBLESTONE
[01:48:17][EntityPickupItemEvent]: PLAYER picked up COBBLESTONE
[01:48:18][EntityPickupItemEvent]: PLAYER picked up COBBLESTONE
[01:48:18][EntityPickupItemEvent]: PLAYER picked up COBBLESTONE
[01:48:19][EntityPickupItemEvent]: PLAYER picked up COBBLESTONE
[01:48:20][EntityPickupItemEvent]: PLAYER picked up COBBLESTONE
[01:48:20][EntityPickupItemEvent]: PLAYER picked up COBBLESTONE
[01:48:21][EntityPickupItemEvent]: PLAYER picked up COBBLESTONE
[01:48:21][EntityPickupItemEvent]: PLAYER picked up COBBLESTONE
[01:48:22][EntityPickupItemEvent]: PLAYER picked up COBBLESTONE
[01:48:23][EntityPickupItemEvent]: PLAYER picked up COBBLESTONE
[01:48:23][EntityPickupItemEvent]: PLAYER picked up COBBLESTONE
[01:48:24][EntityPickupItemEvent]: PLAYER picked up COBBLESTONE
[01:48:25][EntityPickupItemEvent]: PLAYER picked up COBBLESTONE
[01:48:25][EntityPickupItemEvent]: PLAYER picked up COBBLESTONE
[01:48:26][EntityPickupItemEvent]: PLAYER picked up COBBLESTONE
[01:48:27][EntityPickupItemEvent]: PLAYER picked up COBBLESTONE
[01:48:27][EntityPickupItemEvent]: PLAYER picked up COBBLESTONE
[01:48:28][EntityPickupItemEvent]: PLAYER picked up COBBLESTONE
[01:48:28][EntityPickupItemEvent]: PLAYER picked up COBBLESTONE
[01:48:29][EntityPickupItemEvent]: PLAYER picked up COBBLESTONE
[01:48:30][EntityPickupItemEvent]: PLAYER picked up COBBLESTONE
[01:48:30][EntityPickupItemEvent]: PLAYER picked up COBBLESTONE
[01:48:31][EntityPickupItemEvent]: PLAYER picked up COBBLESTONE
[01:48:33][EntityPickupItemEvent]: PLAYER picked up COBBLESTONE
[01:48:33][EntityPickupItemEvent]: PLAYER picked up COBBLESTONE
[01:48:34][EntityPickupItemEvent]: PLAYER picked up COBBLESTONE
[01:48:34][EntityPickupItemEvent]: PLAYER picked up COBBLESTONE
[01:48:35][EntityPickupItemEvent]: PLAYER picked up COBBLESTONE
[01:48:35][EntityPickupItemEvent]: PLAYER picked up COBBLESTONE
[01:48:37][EntityPickupItemEvent]: PLAYER picked up COBBLESTONE
[01:48:38][EntityPickupItemEvent]: PLAYER picked up COBBLESTONE
[01:48:38][EntityPickupItemEvent]: PLAYER picked up COBBLESTONE
[01:48:39][EntityPickupItemEvent]: PLAYER picked up COBBLESTONE
[01:48:40][EntityPickupItemEvent]: PLAYER picked up COBBLESTONE
[01:48:41][EntityPickupItemEvent]: PLAYER picked up COBBLESTONE
[01:48:41][EntityPickupItemEvent]: PLAYER picked up COBBLESTONE
[01:48:42][EntityPickupItemEvent]: PLAYER picked up COBBLESTONE
[01:48:43][EntityPickupItemEvent]: PLAYER picked up COBBLESTONE
[01:48:43][EntityPickupItemEvent]: PLAYER picked up COBBLESTONE
[01:48:44][EntityPickupItemEvent]: PLAYER picked up COBBLESTONE
[01:48:45][EntityPickupItemEvent]: PLAYER picked up COBBLESTONE
[01:48:45][EntityPickupItemEvent]: PLAYER picked up COBBLESTONE
[01:48:46][EntityPickupItemEvent]: PLAYER picked up COBBLESTONE
[01:48:47][EntityPickupItemEvent]: PLAYER picked up COBBLESTONE
[01:48:48][EntityPickupItemEvent]: PLAYER picked up COBBLESTONE
[01:48:48][EntityPickupItemEvent]: PLAYER picked up COBBLESTONE
[01:48:48][EntityPickupItemEvent]: PLAYER picked up COBBLESTONE
[01:48:49][EntityPickupItemEvent]: PLAYER picked up COBBLESTONE
[01:48:50][EntityPickupItemEvent]: PLAYER picked up COBBLESTONE
[01:48:50][EntityPickupItemEvent]: PLAYER picked up COBBLESTONE
[01:48:51][EntityPickupItemEvent]: PLAYER picked up COBBLESTONE
[01:48:51][EntityPickupItemEvent]: PLAYER picked up COBBLESTONE
[01:48:52][EntityPickupItemEvent]: PLAYER picked up COBBLESTONE
[01:48:53][EntityPickupItemEvent]: PLAYER picked up COBBLESTONE
[01:48:54][EntityPickupItemEvent]: PLAYER picked up COBBLESTONE
[01:48:55][EntityPickupItemEvent]: PLAYER picked up COBBLESTONE
[01:48:56][EntityPickupItemEvent]: PLAYER picked up COBBLESTONE
[01:48:56][EntityPickupItemEvent]: PLAYER picked up COBBLESTONE
[01:48:57][EntityPickupItemEvent]: PLAYER picked up COBBLESTONE
[01:48:57][EntityPickupItemEvent]: PLAYER picked up COBBLESTONE
[01:48:58][EntityPickupItemEvent]: PLAYER picked up COBBLESTONE
[01:48:59][EntityPickupItemEvent]: PLAYER picked up COBBLESTONE
[01:48:59][EntityPickupItemEvent]: PLAYER picked up COBBLESTONE
[01:49:00][EntityPickupItemEvent]: PLAYER picked up COBBLESTONE
[01:49:00][EntityPickupItemEvent]: PLAYER picked up COBBLESTONE
[01:49:02][EntityPickupItemEvent]: PLAYER picked up COBBLESTONE
[01:49:02][EntityPickupItemEvent]: PLAYER picked up COBBLESTONE
[01:49:03][EntityPickupItemEvent]: PLAYER picked up COBBLESTONE
[01:49:03][EntityPickupItemEvent]: PLAYER picked up COBBLESTONE
[01:49:04][EntityPickupItemEvent]: PLAYER picked up COBBLESTONE
[01:49:06][EntityPickupItemEvent]: PLAYER picked up COBBLESTONE
[01:49:06][EntityPickupItemEvent]: PLAYER picked up COBBLESTONE
[01:49:06][EntityPickupItemEvent]: PLAYER picked up COBBLESTONE
[01:49:08][EntityPickupItemEvent]: PLAYER picked up COBBLESTONE
[01:49:09][EntityPickupItemEvent]: PLAYER picked up COBBLESTONE
[01:49:10][EntityPickupItemEvent]: PLAYER picked up COBBLESTONE
[01:49:10][EntityPickupItemEvent]: PLAYER picked up COBBLESTONE
[01:49:11][EntityPickupItemEvent]: PLAYER picked up COBBLESTONE
[01:49:11][EntityPickupItemEvent]: PLAYER picked up COBBLESTONE
[01:49:12][EntityPickupItemEvent]: PLAYER picked up COBBLESTONE
[01:49:13][EntityPickupItemEvent]: PLAYER picked up COBBLESTONE
[01:49:13][EntityPickupItemEvent]: PLAYER picked up COBBLESTONE
[01:49:14][EntityPickupItemEvent]: PLAYER picked up COBBLESTONE
[01:49:15][EntityPickupItemEvent]: PLAYER picked up COBBLESTONE
[01:49:15][EntityPickupItemEvent]: PLAYER picked up COBBLESTONE
[01:49:16][EntityPickupItemEvent]: PLAYER picked up COBBLESTONE
[01:49:16][EntityPickupItemEvent]: PLAYER picked up COBBLESTONE
[01:49:17][EntityPickupItemEvent]: PLAYER picked up COBBLESTONE
[01:49:18][EntityPickupItemEvent]: PLAYER picked up COBBLESTONE
[01:49:18][EntityPickupItemEvent]: PLAYER picked up COBBLESTONE
[01:49:19][EntityPickupItemEvent]: PLAYER picked up COBBLESTONE
[01:49:19][EntityPickupItemEvent]: PLAYER picked up COBBLESTONE
[01:49:20][EntityPickupItemEvent]: PLAYER picked up COBBLESTONE
[01:49:21][EntityPickupItemEvent]: PLAYER picked up COBBLESTONE
[01:49:21][EntityPickupItemEvent]: PLAYER picked up COBBLESTONE
[01:49:22][EntityPickupItemEvent]: PLAYER picked up COBBLESTONE
[01:49:22][EntityPickupItemEvent]: PLAYER picked up COBBLESTONE
[01:49:23][EntityPickupItemEvent]: PLAYER picked up COBBLESTONE
[01:49:24][EntityPickupItemEvent]: PLAYER picked up COBBLESTONE
[01:49:25][EntityPickupItemEvent]: PLAYER picked up COBBLESTONE
[01:49:26][EntityPickupItemEvent]: PLAYER picked up COBBLESTONE
[01:49:26][EntityPickupItemEvent]: PLAYER picked up COBBLESTONE
[01:49:26][EntityPickupItemEvent]: PLAYER picked up COBBLESTONE
[01:49:27][EntityPickupItemEvent]: PLAYER picked up COBBLESTONE
[01:49:28][EntityPickupItemEvent]: PLAYER picked up COBBLESTONE
[01:49:29][EntityPickupItemEvent]: PLAYER picked up COBBLESTONE
[01:49:30][EntityPickupItemEvent]: PLAYER picked up COBBLESTONE
[01:49:31][EntityPickupItemEvent]: PLAYER picked up COBBLESTONE
[01:49:31][EntityPickupItemEvent]: PLAYER picked up COBBLESTONE
[01:49:32][EntityPickupItemEvent]: PLAYER picked up COBBLESTONE
[01:49:36][EntityPickupItemEvent]: PLAYER picked up COBBLESTONE
[01:49:36][EntityPickupItemEvent]: PLAYER picked up COBBLESTONE
[01:49:36][EntityPickupItemEvent]: PLAYER picked up COBBLESTONE
[01:49:37][EntityPickupItemEvent]: PLAYER picked up COBBLESTONE
[01:49:38][EntityPickupItemEvent]: PLAYER picked up COBBLESTONE
[01:49:39][EntityPickupItemEvent]: PLAYER picked up COBBLESTONE
[01:49:39][EntityPickupItemEvent]: PLAYER picked up COBBLESTONE
[01:49:40][EntityPickupItemEvent]: PLAYER picked up COBBLESTONE
[01:49:40][EntityPickupItemEvent]: PLAYER picked up COBBLESTONE
[01:49:42][EntityPickupItemEvent]: PLAYER picked up COBBLESTONE
[01:49:42][EntityPickupItemEvent]: PLAYER picked up COBBLESTONE
[01:49:43][EntityPickupItemEvent]: PLAYER picked up COBBLESTONE
[01:49:43][EntityPickupItemEvent]: PLAYER picked up COBBLESTONE
[01:49:44][EntityPickupItemEvent]: PLAYER picked up COBBLESTONE
[01:49:45][EntityPickupItemEvent]: PLAYER picked up COBBLESTONE
[01:49:45][EntityPickupItemEvent]: PLAYER picked up COBBLESTONE
[01:49:47][EntityPickupItemEvent]: PLAYER picked up COBBLESTONE
[01:49:47][EntityPickupItemEvent]: PLAYER picked up COBBLESTONE
[01:49:48][EntityPickupItemEvent]: PLAYER picked up COBBLESTONE
[01:49:48][EntityPickupItemEvent]: PLAYER picked up COBBLESTONE
[01:49:49][EntityPickupItemEvent]: PLAYER picked up COBBLESTONE
[01:50:25][EntityPickupItemEvent]: PLAYER picked up COBBLESTONE
[01:50:32][EntityPickupItemEvent]: PLAYER picked up COBBLESTONE
[01:50:59][EntityPickupItemEvent]: PLAYER picked up COBBLESTONE
[01:51:11][EntityPickupItemEvent]: PLAYER picked up COBBLESTONE
[01:51:43][EntityPickupItemEvent]: PLAYER picked up OAK_PLANKS
[01:51:49][EntityPickupItemEvent]: PLAYER picked up OAK_PLANKS
[01:51:49][EntityPickupItemEvent]: PLAYER picked up OAK_PLANKS
[01:52:10][EntityPickupItemEvent]: PLAYER picked up COBBLESTONE
[01:52:11][EntityPickupItemEvent]: PLAYER picked up COBBLESTONE
[01:52:12][EntityPickupItemEvent]: PLAYER picked up COBBLESTONE
[01:52:15][EntityPickupItemEvent]: PLAYER picked up COBBLESTONE
[01:52:15][EntityPickupItemEvent]: PLAYER picked up COBBLESTONE
[01:52:16][EntityPickupItemEvent]: PLAYER picked up COBBLESTONE
[01:52:17][EntityPickupItemEvent]: PLAYER picked up COBBLESTONE
[01:52:18][EntityPickupItemEvent]: PLAYER picked up COBBLESTONE
[01:52:18][EntityPickupItemEvent]: PLAYER picked up COBBLESTONE
[01:52:19][EntityPickupItemEvent]: PLAYER picked up COBBLESTONE
[01:52:20][EntityPickupItemEvent]: PLAYER picked up COBBLESTONE
[01:52:20][EntityPickupItemEvent]: PLAYER picked up COBBLESTONE
[01:52:21][EntityPickupItemEvent]: PLAYER picked up COBBLESTONE
[01:52:25][EntityPickupItemEvent]: PLAYER picked up COBBLESTONE
[01:52:25][EntityPickupItemEvent]: PLAYER picked up COBBLESTONE
[01:52:26][EntityPickupItemEvent]: PLAYER picked up COBBLESTONE
[01:52:27][EntityPickupItemEvent]: PLAYER picked up COBBLESTONE
[01:52:28][EntityPickupItemEvent]: PLAYER picked up COBBLESTONE
[01:52:30][EntityPickupItemEvent]: PLAYER picked up COBBLESTONE
[01:52:32][EntityPickupItemEvent]: PLAYER picked up COBBLESTONE
[01:52:33][EntityPickupItemEvent]: PLAYER picked up COBBLESTONE
[01:52:35][EntityPickupItemEvent]: PLAYER picked up COBBLESTONE
[01:52:36][EntityPickupItemEvent]: PLAYER picked up COBBLESTONE
[01:52:37][EntityPickupItemEvent]: PLAYER picked up COBBLESTONE
[01:52:38][EntityPickupItemEvent]: PLAYER picked up COBBLESTONE
[01:52:38][EntityPickupItemEvent]: PLAYER picked up COBBLESTONE
[01:52:40][EntityPickupItemEvent]: PLAYER picked up COBBLESTONE
[01:52:41][EntityPickupItemEvent]: PLAYER picked up COBBLESTONE
[01:52:41][EntityPickupItemEvent]: PLAYER picked up COBBLESTONE
[01:52:42][EntityPickupItemEvent]: PLAYER picked up COBBLESTONE
[01:52:45][EntityPickupItemEvent]: PLAYER picked up COBBLESTONE
[01:52:45][EntityPickupItemEvent]: PLAYER picked up COBBLESTONE
[01:52:46][EntityPickupItemEvent]: PLAYER picked up COBBLESTONE
[01:52:47][EntityPickupItemEvent]: PLAYER picked up COBBLESTONE
[01:52:48][EntityPickupItemEvent]: PLAYER picked up COBBLESTONE
[01:52:49][EntityPickupItemEvent]: PLAYER picked up COBBLESTONE
[01:52:50][EntityPickupItemEvent]: PLAYER picked up COBBLESTONE
[01:52:51][EntityPickupItemEvent]: PLAYER picked up COBBLESTONE
[01:52:51][EntityPickupItemEvent]: PLAYER picked up COBBLESTONE
[01:52:52][EntityPickupItemEvent]: PLAYER picked up COBBLESTONE
[01:52:54][EntityPickupItemEvent]: PLAYER picked up COBBLESTONE
[01:52:55][EntityPickupItemEvent]: PLAYER picked up COBBLESTONE
[01:52:57][EntityPickupItemEvent]: PLAYER picked up COBBLESTONE
[01:52:58][EntityPickupItemEvent]: PLAYER picked up COBBLESTONE
[01:52:59][EntityPickupItemEvent]: PLAYER picked up COBBLESTONE
[01:52:59][EntityPickupItemEvent]: PLAYER picked up COBBLESTONE
[01:53:03][EntityPickupItemEvent]: PLAYER picked up COBBLESTONE
[01:53:03][EntityPickupItemEvent]: PLAYER picked up COBBLESTONE
[01:53:04][EntityPickupItemEvent]: PLAYER picked up COBBLESTONE
[01:53:05][EntityPickupItemEvent]: PLAYER picked up COBBLESTONE
[01:53:08][EntityPickupItemEvent]: PLAYER picked up COBBLESTONE
[01:53:08][EntityPickupItemEvent]: PLAYER picked up COBBLESTONE
[01:53:09][EntityPickupItemEvent]: PLAYER picked up COBBLESTONE
[01:53:10][EntityPickupItemEvent]: PLAYER picked up COBBLESTONE
[01:53:12][EntityPickupItemEvent]: PLAYER picked up COBBLESTONE
[01:53:13][EntityPickupItemEvent]: PLAYER picked up COBBLESTONE
[01:53:13][EntityPickupItemEvent]: PLAYER picked up COBBLESTONE
[01:53:14][EntityPickupItemEvent]: PLAYER picked up COBBLESTONE
[01:53:14][EntityPickupItemEvent]: PLAYER picked up COBBLESTONE
[01:53:18][EntityPickupItemEvent]: PLAYER picked up COBBLESTONE
[01:53:19][EntityPickupItemEvent]: PLAYER picked up COBBLESTONE
[01:53:19][EntityPickupItemEvent]: PLAYER picked up COBBLESTONE
[01:53:20][EntityPickupItemEvent]: PLAYER picked up COBBLESTONE
[01:53:21][EntityPickupItemEvent]: PLAYER picked up COBBLESTONE
[01:53:22][EntityPickupItemEvent]: PLAYER picked up COBBLESTONE
[01:53:22][EntityPickupItemEvent]: PLAYER picked up COBBLESTONE
[01:54:19][EntityPickupItemEvent]: PLAYER picked up BIRCH_SIGN
[01:55:49][EntityPickupItemEvent]: PLAYER picked up STRING
[01:56:06][EntityPickupItemEvent]: PLAYER picked up WHEAT
[01:56:08][EntityPickupItemEvent]: PLAYER picked up WHEAT_SEEDS
[01:56:09][EntityPickupItemEvent]: PLAYER picked up WHEAT_SEEDS
[01:56:09][EntityPickupItemEvent]: PLAYER picked up WHEAT_SEEDS
[01:56:10][EntityPickupItemEvent]: PLAYER picked up WHEAT_SEEDS
[01:56:10][EntityPickupItemEvent]: PLAYER picked up WHEAT_SEEDS
[01:56:10][EntityPickupItemEvent]: PLAYER picked up WHEAT_SEEDS
[01:56:11][EntityPickupItemEvent]: PLAYER picked up WHEAT_SEEDS
[01:56:11][EntityPickupItemEvent]: PLAYER picked up WHEAT
[01:56:11][EntityPickupItemEvent]: PLAYER picked up WHEAT
[01:56:12][EntityPickupItemEvent]: PLAYER picked up WHEAT
[01:56:13][EntityPickupItemEvent]: PLAYER picked up WHEAT_SEEDS
[01:56:15][EntityPickupItemEvent]: PLAYER picked up CARROT
[01:56:17][EntityPickupItemEvent]: PLAYER picked up CARROT
[01:56:18][EntityPickupItemEvent]: PLAYER picked up CARROT
[01:56:18][EntityPickupItemEvent]: PLAYER picked up CARROT
[01:56:18][EntityPickupItemEvent]: PLAYER picked up CARROT
[01:56:19][EntityPickupItemEvent]: PLAYER picked up CARROT
[01:56:21][EntityPickupItemEvent]: PLAYER picked up CARROT
[01:56:22][EntityPickupItemEvent]: PLAYER picked up WHEAT
[01:56:50][EntityPickupItemEvent]: PLAYER picked up CARROT
[01:56:53][EntityPickupItemEvent]: PLAYER picked up WHEAT_SEEDS
[01:58:50][EntityPickupItemEvent]: PLAYER picked up WHEAT_SEEDS
[01:59:12][EntityPickupItemEvent]: PLAYER picked up CARROT
[01:59:54][EntityPickupItemEvent]: PLAYER picked up GLASS
[02:00:55][EntityPickupItemEvent]: PLAYER picked up CRAFTING_TABLE
[02:02:53][EntityPickupItemEvent]: PLAYER picked up BIRCH_SAPLING
[02:03:39][EntityPickupItemEvent]: PLAYER picked up DIRT
[02:03:40][EntityPickupItemEvent]: PLAYER picked up SAND
[02:03:44][EntityPickupItemEvent]: PLAYER picked up SAND
[02:03:45][EntityPickupItemEvent]: PLAYER picked up SAND
[02:03:45][EntityPickupItemEvent]: PLAYER picked up SAND
[02:03:46][EntityPickupItemEvent]: PLAYER picked up SAND
[02:03:46][EntityPickupItemEvent]: PLAYER picked up SAND
[02:03:51][EntityPickupItemEvent]: PLAYER picked up SAND
[02:03:51][EntityPickupItemEvent]: PLAYER picked up SAND
[02:03:52][EntityPickupItemEvent]: PLAYER picked up SAND
[02:03:53][EntityPickupItemEvent]: PLAYER picked up SAND
[02:03:54][EntityPickupItemEvent]: PLAYER picked up SAND
[02:03:54][EntityPickupItemEvent]: PLAYER picked up SAND
[02:03:54][EntityPickupItemEvent]: PLAYER picked up SAND
[02:03:55][EntityPickupItemEvent]: PLAYER picked up SAND
[02:03:55][EntityPickupItemEvent]: PLAYER picked up SAND
[02:03:56][EntityPickupItemEvent]: PLAYER picked up SAND
[02:03:57][EntityPickupItemEvent]: PLAYER picked up SAND
[02:03:57][EntityPickupItemEvent]: PLAYER picked up SAND
[02:03:57][EntityPickupItemEvent]: PLAYER picked up SAND
[02:03:58][EntityPickupItemEvent]: PLAYER picked up SAND
[02:03:59][EntityPickupItemEvent]: PLAYER picked up SAND
[02:03:59][EntityPickupItemEvent]: PLAYER picked up SAND
[02:04:00][EntityPickupItemEvent]: PLAYER picked up SAND
[02:04:00][EntityPickupItemEvent]: PLAYER picked up SAND
[02:04:01][EntityPickupItemEvent]: PLAYER picked up SAND
[02:04:01][EntityPickupItemEvent]: PLAYER picked up SAND
[02:04:01][EntityPickupItemEvent]: PLAYER picked up SAND
[02:04:02][EntityPickupItemEvent]: PLAYER picked up SAND
[02:04:02][EntityPickupItemEvent]: PLAYER picked up SAND
[02:04:03][EntityPickupItemEvent]: PLAYER picked up SAND
[02:04:03][EntityPickupItemEvent]: PLAYER picked up SAND
[02:04:04][EntityPickupItemEvent]: PLAYER picked up SAND
[02:04:04][EntityPickupItemEvent]: PLAYER picked up SAND
[02:04:04][EntityPickupItemEvent]: PLAYER picked up SAND
[02:04:05][EntityPickupItemEvent]: PLAYER picked up SAND
[02:04:05][EntityPickupItemEvent]: PLAYER picked up SAND
[02:04:06][EntityPickupItemEvent]: PLAYER picked up SAND
[02:04:06][EntityPickupItemEvent]: PLAYER picked up SAND
[02:04:07][EntityPickupItemEvent]: PLAYER picked up SAND
[02:04:07][EntityPickupItemEvent]: PLAYER picked up SAND
[02:04:08][EntityPickupItemEvent]: PLAYER picked up SAND
[02:04:08][EntityPickupItemEvent]: PLAYER picked up SAND
[02:04:08][EntityPickupItemEvent]: PLAYER picked up SAND
[02:04:09][EntityPickupItemEvent]: PLAYER picked up SAND
[02:04:09][EntityPickupItemEvent]: PLAYER picked up SAND
[02:04:10][EntityPickupItemEvent]: PLAYER picked up SAND
[02:04:10][EntityPickupItemEvent]: PLAYER picked up SAND
[02:04:10][EntityPickupItemEvent]: PLAYER picked up SAND
[02:04:11][EntityPickupItemEvent]: PLAYER picked up SAND
[02:04:11][EntityPickupItemEvent]: PLAYER picked up SAND
[02:04:12][EntityPickupItemEvent]: PLAYER picked up SAND
[02:04:13][EntityPickupItemEvent]: PLAYER picked up SAND
[02:04:14][EntityPickupItemEvent]: PLAYER picked up SAND
[02:04:16][EntityPickupItemEvent]: PLAYER picked up SAND
[02:04:16][EntityPickupItemEvent]: PLAYER picked up SAND
[02:04:16][EntityPickupItemEvent]: PLAYER picked up SAND
[02:04:17][EntityPickupItemEvent]: PLAYER picked up SAND
[02:04:18][EntityPickupItemEvent]: PLAYER picked up SAND
[02:04:19][EntityPickupItemEvent]: PLAYER picked up SAND
[02:04:20][EntityPickupItemEvent]: PLAYER picked up SAND
[02:04:27][EntityPickupItemEvent]: PLAYER picked up STRING
[02:05:49][EntityPickupItemEvent]: PLAYER picked up FURNACE
[02:09:09][EntityPickupItemEvent]: PLAYER picked up COBBLESTONE
[02:09:38][EntityPickupItemEvent]: PLAYER picked up COBBLESTONE
[02:10:02][EntityPickupItemEvent]: PLAYER picked up ROTTEN_FLESH
[02:10:03][EntityPickupItemEvent]: PLAYER picked up OAK_DOOR
[02:10:25][EntityPickupItemEvent]: PLAYER picked up COBBLESTONE
[02:10:30][EntityPickupItemEvent]: PLAYER picked up COBBLESTONE
[02:10:31][EntityPickupItemEvent]: PLAYER picked up COBBLESTONE
[02:10:45][EntityPickupItemEvent]: PLAYER picked up COBBLESTONE
[02:11:16][EntityPickupItemEvent]: PLAYER picked up FURNACE
[02:11:25][EntityPickupItemEvent]: PLAYER picked up COBBLESTONE
[02:11:25][EntityPickupItemEvent]: PLAYER picked up COBBLESTONE
[02:11:26][EntityPickupItemEvent]: PLAYER picked up COBBLESTONE
[02:12:13][EntityPickupItemEvent]: PLAYER picked up COBBLESTONE
[02:12:15][EntityPickupItemEvent]: PLAYER picked up COBBLESTONE
[02:12:15][EntityPickupItemEvent]: PLAYER picked up COBBLESTONE
[02:12:16][EntityPickupItemEvent]: PLAYER picked up COBBLESTONE
[02:12:16][EntityPickupItemEvent]: PLAYER picked up COBBLESTONE
[02:12:17][EntityPickupItemEvent]: PLAYER picked up COBBLESTONE
[02:12:17][EntityPickupItemEvent]: PLAYER picked up COBBLESTONE
[02:12:18][EntityPickupItemEvent]: PLAYER picked up COBBLESTONE
[02:12:19][EntityPickupItemEvent]: PLAYER picked up COBBLESTONE
[02:12:19][EntityPickupItemEvent]: PLAYER picked up COBBLESTONE
[02:12:20][EntityPickupItemEvent]: PLAYER picked up COBBLESTONE
[02:12:21][EntityPickupItemEvent]: PLAYER picked up COBBLESTONE
[02:12:21][EntityPickupItemEvent]: PLAYER picked up COBBLESTONE
[02:12:22][EntityPickupItemEvent]: PLAYER picked up COBBLESTONE
[02:12:23][EntityPickupItemEvent]: PLAYER picked up COBBLESTONE
[02:12:23][EntityPickupItemEvent]: PLAYER picked up COBBLESTONE
[02:12:24][EntityPickupItemEvent]: PLAYER picked up COBBLESTONE
[02:12:25][EntityPickupItemEvent]: PLAYER picked up COBBLESTONE
[02:12:25][EntityPickupItemEvent]: PLAYER picked up COBBLESTONE
[02:12:26][EntityPickupItemEvent]: PLAYER picked up COBBLESTONE
[02:12:27][EntityPickupItemEvent]: PLAYER picked up COBBLESTONE
[02:12:27][EntityPickupItemEvent]: PLAYER picked up COBBLESTONE
[02:12:28][EntityPickupItemEvent]: PLAYER picked up COBBLESTONE
[02:12:28][EntityPickupItemEvent]: PLAYER picked up COBBLESTONE
[02:12:29][EntityPickupItemEvent]: PLAYER picked up COBBLESTONE
[02:12:30][EntityPickupItemEvent]: PLAYER picked up COBBLESTONE
[02:12:30][EntityPickupItemEvent]: PLAYER picked up COBBLESTONE
[02:12:31][EntityPickupItemEvent]: PLAYER picked up COBBLESTONE
[02:12:31][EntityPickupItemEvent]: PLAYER picked up COBBLESTONE
[02:12:32][EntityPickupItemEvent]: PLAYER picked up COBBLESTONE
[02:12:35][EntityPickupItemEvent]: PLAYER picked up COBBLESTONE
[02:12:36][EntityPickupItemEvent]: PLAYER picked up COBBLESTONE
[02:12:36][EntityPickupItemEvent]: PLAYER picked up COBBLESTONE
[02:12:37][EntityPickupItemEvent]: PLAYER picked up COBBLESTONE
[02:12:38][EntityPickupItemEvent]: PLAYER picked up COBBLESTONE
[02:12:38][EntityPickupItemEvent]: PLAYER picked up COBBLESTONE
[02:12:39][EntityPickupItemEvent]: PLAYER picked up COBBLESTONE
[02:12:39][EntityPickupItemEvent]: PLAYER picked up COBBLESTONE
[02:12:41][EntityPickupItemEvent]: PLAYER picked up COBBLESTONE
[02:12:42][EntityPickupItemEvent]: PLAYER picked up COBBLESTONE
[02:12:45][EntityPickupItemEvent]: PLAYER picked up COBBLESTONE
[02:12:45][EntityPickupItemEvent]: PLAYER picked up COBBLESTONE
[02:12:46][EntityPickupItemEvent]: PLAYER picked up COBBLESTONE
[02:12:46][EntityPickupItemEvent]: PLAYER picked up COBBLESTONE
[02:12:46][EntityPickupItemEvent]: PLAYER picked up COBBLESTONE
[02:12:47][EntityPickupItemEvent]: PLAYER picked up COBBLESTONE
[02:12:48][EntityPickupItemEvent]: PLAYER picked up COBBLESTONE
[02:12:48][EntityPickupItemEvent]: PLAYER picked up COBBLESTONE
[02:12:49][EntityPickupItemEvent]: PLAYER picked up COBBLESTONE
[02:12:50][EntityPickupItemEvent]: PLAYER picked up COBBLESTONE
[02:12:50][EntityPickupItemEvent]: PLAYER picked up COBBLESTONE
[02:12:53][EntityPickupItemEvent]: PLAYER picked up COBBLESTONE
[02:12:54][EntityPickupItemEvent]: PLAYER picked up DIRT
[02:12:54][EntityPickupItemEvent]: PLAYER picked up COBBLESTONE
[02:12:56][EntityPickupItemEvent]: PLAYER picked up COBBLESTONE
[02:12:57][EntityPickupItemEvent]: PLAYER picked up COBBLESTONE
[02:12:58][EntityPickupItemEvent]: PLAYER picked up COBBLESTONE
[02:12:58][EntityPickupItemEvent]: PLAYER picked up COBBLESTONE
[02:12:59][EntityPickupItemEvent]: PLAYER picked up COBBLESTONE
[02:12:59][EntityPickupItemEvent]: PLAYER picked up COBBLESTONE
[02:13:00][EntityPickupItemEvent]: PLAYER picked up COBBLESTONE
[02:13:01][EntityPickupItemEvent]: PLAYER picked up COBBLESTONE
[02:13:01][EntityPickupItemEvent]: PLAYER picked up COBBLESTONE
[02:13:02][EntityPickupItemEvent]: PLAYER picked up COBBLESTONE
[02:13:05][EntityPickupItemEvent]: PLAYER picked up COBBLESTONE
[02:13:06][EntityPickupItemEvent]: PLAYER picked up COBBLESTONE
[02:13:07][EntityPickupItemEvent]: PLAYER picked up COBBLESTONE
[02:13:08][EntityPickupItemEvent]: PLAYER picked up COBBLESTONE
[02:13:08][EntityPickupItemEvent]: PLAYER picked up COBBLESTONE
[02:13:09][EntityPickupItemEvent]: PLAYER picked up COBBLESTONE
[02:13:09][EntityPickupItemEvent]: PLAYER picked up COBBLESTONE
[02:13:09][EntityPickupItemEvent]: PLAYER picked up COBBLESTONE
[02:13:10][EntityPickupItemEvent]: PLAYER picked up COBBLESTONE
[02:13:11][EntityPickupItemEvent]: PLAYER picked up COBBLESTONE
[02:13:12][EntityPickupItemEvent]: PLAYER picked up COBBLESTONE
[02:13:12][EntityPickupItemEvent]: PLAYER picked up COBBLESTONE
[02:13:13][EntityPickupItemEvent]: PLAYER picked up COBBLESTONE
[02:13:13][EntityPickupItemEvent]: PLAYER picked up COBBLESTONE
[02:13:15][EntityPickupItemEvent]: PLAYER picked up COBBLESTONE
[02:13:16][EntityPickupItemEvent]: PLAYER picked up COBBLESTONE
[02:13:17][EntityPickupItemEvent]: PLAYER picked up COBBLESTONE
[02:13:18][EntityPickupItemEvent]: PLAYER picked up COBBLESTONE
[02:13:19][EntityPickupItemEvent]: PLAYER picked up COBBLESTONE
[02:13:19][EntityPickupItemEvent]: PLAYER picked up COBBLESTONE
[02:13:20][EntityPickupItemEvent]: PLAYER picked up COBBLESTONE
[02:13:21][EntityPickupItemEvent]: PLAYER picked up COBBLESTONE
[02:13:24][EntityPickupItemEvent]: PLAYER picked up DIRT
[02:13:24][EntityPickupItemEvent]: PLAYER picked up DIRT
[02:13:25][EntityPickupItemEvent]: PLAYER picked up DIRT
[02:13:26][EntityPickupItemEvent]: PLAYER picked up COBBLESTONE
[02:13:28][EntityPickupItemEvent]: PLAYER picked up COBBLESTONE
[02:13:28][EntityPickupItemEvent]: PLAYER picked up COBBLESTONE
[02:13:28][EntityPickupItemEvent]: PLAYER picked up COBBLESTONE
[02:13:29][EntityPickupItemEvent]: PLAYER picked up COBBLESTONE
[02:13:30][EntityPickupItemEvent]: PLAYER picked up COBBLESTONE
[02:13:31][EntityPickupItemEvent]: PLAYER picked up COBBLESTONE
[02:13:32][EntityPickupItemEvent]: PLAYER picked up COBBLESTONE
[02:13:32][EntityPickupItemEvent]: PLAYER picked up COBBLESTONE
[02:13:33][EntityPickupItemEvent]: PLAYER picked up COBBLESTONE
[02:13:33][EntityPickupItemEvent]: PLAYER picked up COBBLESTONE
[02:13:34][EntityPickupItemEvent]: PLAYER picked up COBBLESTONE
[02:13:35][EntityPickupItemEvent]: PLAYER picked up COBBLESTONE
[02:13:35][EntityPickupItemEvent]: PLAYER picked up COBBLESTONE
[02:13:35][EntityPickupItemEvent]: PLAYER picked up COBBLESTONE
[02:13:36][EntityPickupItemEvent]: PLAYER picked up COBBLESTONE
[02:13:36][EntityPickupItemEvent]: PLAYER picked up COBBLESTONE
[02:13:37][EntityPickupItemEvent]: PLAYER picked up COBBLESTONE
[02:13:38][EntityPickupItemEvent]: PLAYER picked up COBBLESTONE
[02:14:36][EntityPickupItemEvent]: PLAYER picked up BLAST_FURNACE
[02:14:37][EntityPickupItemEvent]: PLAYER picked up CRAFTING_TABLE
[02:15:05][EntityPickupItemEvent]: PLAYER picked up COBBLESTONE
[02:15:06][EntityPickupItemEvent]: PLAYER picked up COBBLESTONE
[02:15:07][EntityPickupItemEvent]: PLAYER picked up COBBLESTONE
[02:15:07][EntityPickupItemEvent]: PLAYER picked up COBBLESTONE
[02:15:08][EntityPickupItemEvent]: PLAYER picked up COBBLESTONE
[02:15:09][EntityPickupItemEvent]: PLAYER picked up COBBLESTONE
[02:15:09][EntityPickupItemEvent]: PLAYER picked up COBBLESTONE
[02:15:10][EntityPickupItemEvent]: PLAYER picked up COBBLESTONE
[02:15:11][EntityPickupItemEvent]: PLAYER picked up COBBLESTONE
[02:15:12][EntityPickupItemEvent]: PLAYER picked up COBBLESTONE
[02:15:12][EntityPickupItemEvent]: PLAYER picked up COBBLESTONE
[02:15:13][EntityPickupItemEvent]: PLAYER picked up COBBLESTONE
[02:15:14][EntityPickupItemEvent]: PLAYER picked up COBBLESTONE
[02:15:14][EntityPickupItemEvent]: PLAYER picked up COBBLESTONE
[02:15:15][EntityPickupItemEvent]: PLAYER picked up COBBLESTONE
[02:15:16][EntityPickupItemEvent]: PLAYER picked up COBBLESTONE
[02:15:17][EntityPickupItemEvent]: PLAYER picked up COBBLESTONE
[02:15:17][EntityPickupItemEvent]: PLAYER picked up COBBLESTONE
[02:15:18][EntityPickupItemEvent]: PLAYER picked up COBBLESTONE
[02:15:19][EntityPickupItemEvent]: PLAYER picked up COBBLESTONE
[02:15:19][EntityPickupItemEvent]: PLAYER picked up COBBLESTONE
[02:15:21][EntityPickupItemEvent]: PLAYER picked up COBBLESTONE
[02:15:21][EntityPickupItemEvent]: PLAYER picked up COBBLESTONE
[02:15:22][EntityPickupItemEvent]: PLAYER picked up COBBLESTONE
[02:15:23][EntityPickupItemEvent]: PLAYER picked up COBBLESTONE
[02:15:24][EntityPickupItemEvent]: PLAYER picked up COBBLESTONE
[02:15:47][EntityPickupItemEvent]: PLAYER picked up TORCH
[02:16:18][EntityPickupItemEvent]: PLAYER picked up DIRT
[02:16:18][EntityPickupItemEvent]: PLAYER picked up DIRT
[02:16:18][EntityPickupItemEvent]: PLAYER picked up DIRT
[02:16:19][EntityPickupItemEvent]: PLAYER picked up DIRT
[02:16:19][EntityPickupItemEvent]: PLAYER picked up DIRT
[02:16:19][EntityPickupItemEvent]: PLAYER picked up DIRT
[02:16:20][EntityPickupItemEvent]: PLAYER picked up DIRT
[02:16:21][EntityPickupItemEvent]: PLAYER picked up DIRT
[02:16:22][EntityPickupItemEvent]: PLAYER picked up DIRT
[02:16:23][EntityPickupItemEvent]: PLAYER picked up DIRT
[02:16:24][EntityPickupItemEvent]: PLAYER picked up DIRT
[02:16:24][EntityPickupItemEvent]: PLAYER picked up DIRT
[02:16:24][EntityPickupItemEvent]: PLAYER picked up DIRT
[02:16:25][EntityPickupItemEvent]: PLAYER picked up DIRT
[02:16:27][EntityPickupItemEvent]: PLAYER picked up DIRT
[02:16:28][EntityPickupItemEvent]: PLAYER picked up DIRT
[02:16:28][EntityPickupItemEvent]: PLAYER picked up DIRT
[02:16:29][EntityPickupItemEvent]: PLAYER picked up DIRT
[02:16:29][EntityPickupItemEvent]: PLAYER picked up DIRT
[02:16:30][EntityPickupItemEvent]: PLAYER picked up DIRT
[02:16:30][EntityPickupItemEvent]: PLAYER picked up DIRT
[02:16:32][EntityPickupItemEvent]: PLAYER picked up DIRT
[02:16:34][EntityPickupItemEvent]: PLAYER picked up DIRT
[02:16:34][EntityPickupItemEvent]: PLAYER picked up DIRT
[02:16:35][EntityPickupItemEvent]: PLAYER picked up DIRT
[02:16:35][EntityPickupItemEvent]: PLAYER picked up DIRT
[02:16:35][EntityPickupItemEvent]: PLAYER picked up DIRT
[02:16:36][EntityPickupItemEvent]: PLAYER picked up DIRT
[02:16:36][EntityPickupItemEvent]: PLAYER picked up DIRT
[02:16:37][EntityPickupItemEvent]: PLAYER picked up DIRT
[02:16:38][EntityPickupItemEvent]: PLAYER picked up DIRT
[02:16:38][EntityPickupItemEvent]: PLAYER picked up DIRT
[02:16:38][EntityPickupItemEvent]: PLAYER picked up DIRT
[02:16:40][EntityPickupItemEvent]: PLAYER picked up DIRT
[02:16:40][EntityPickupItemEvent]: PLAYER picked up DIRT
[02:16:40][EntityPickupItemEvent]: PLAYER picked up DIRT
[02:16:40][EntityPickupItemEvent]: PLAYER picked up DIRT
[02:16:43][EntityPickupItemEvent]: PLAYER picked up DIRT
[02:16:43][EntityPickupItemEvent]: PLAYER picked up DIRT
[02:16:43][EntityPickupItemEvent]: PLAYER picked up DIRT
[02:16:43][EntityPickupItemEvent]: PLAYER picked up DIRT
[02:16:44][EntityPickupItemEvent]: PLAYER picked up DIRT
[02:16:45][EntityPickupItemEvent]: PLAYER picked up DIRT
[02:16:47][EntityPickupItemEvent]: PLAYER picked up DIRT
[02:16:48][EntityPickupItemEvent]: PLAYER picked up DIRT
[02:16:48][EntityPickupItemEvent]: PLAYER picked up DIRT
[02:16:49][EntityPickupItemEvent]: PLAYER picked up DIRT
[02:16:52][EntityPickupItemEvent]: PLAYER picked up DIRT
[02:16:54][EntityPickupItemEvent]: PLAYER picked up COBBLESTONE
[02:16:58][EntityPickupItemEvent]: PLAYER picked up NOTE_BLOCK
[02:17:18][EntityPickupItemEvent]: PLAYER picked up DIRT
[02:17:21][EntityPickupItemEvent]: PLAYER picked up COBBLESTONE
[02:17:24][EntityPickupItemEvent]: PLAYER picked up COBBLESTONE
[02:17:33][EntityPickupItemEvent]: PLAYER picked up TORCH
[02:17:38][EntityPickupItemEvent]: PLAYER picked up TORCH
