[00:35:40][AsyncPlayerChatEvent]: said hi guys
[00:35:44][AsyncPlayerChatEvent]: said where u at
[00:36:11][AsyncPlayerChatEvent]: said what
[00:36:14][AsyncPlayerChatEvent]: said im new
[00:36:26][AsyncPlayerChatEvent]: said im at spawn wanna come help me out ?\
[00:36:55][AsyncPlayerChatEvent]: said HI
[00:37:18][AsyncPlayerChatEvent]: said thx
[00:38:02][AsyncPlayerChatEvent]: said where yall at
[00:38:11][AsyncPlayerChatEvent]: said take me to ur living state
[00:38:15][AsyncPlayerChatEvent]: said ok
[00:38:53][AsyncPlayerChatEvent]: said can i get stone pick ?
[00:39:20][AsyncPlayerChatEvent]: said woah thx
[00:39:57][AsyncPlayerChatEvent]: said thx so much
[00:40:18][AsyncPlayerChatEvent]: said k
[00:41:15][AsyncPlayerChatEvent]: said wow thc man cool
[00:41:49][AsyncPlayerChatEvent]: said no xp lmao
[00:42:34][AsyncPlayerChatEvent]: said sorry
[00:43:51][AsyncPlayerChatEvent]: said how can i lock my chest
[00:44:14][AsyncPlayerChatEvent]: said thats enough <3
[00:44:27][AsyncPlayerChatEvent]: said thx thats a lot
[00:45:23][AsyncPlayerChatEvent]: said ant ally blbth ?
[00:45:47][AsyncPlayerChatEvent]: said abody live
[00:45:51][AsyncPlayerChatEvent]: said is it u ?
[00:46:04][AsyncPlayerChatEvent]: said like his talking friend ?
[00:46:09][AsyncPlayerChatEvent]: said never mind
[00:46:55][AsyncPlayerChatEvent]: said fam stop enough thats lots of stuff <3
[00:47:02][AsyncPlayerChatEvent]: said ok
[00:49:03][AsyncPlayerChatEvent]: said i dont know where is that
[00:49:13][AsyncPlayerChatEvent]: said ill follow u
[00:50:13][AsyncPlayerChatEvent]: said ok
[00:50:43][AsyncPlayerChatEvent]: said no money
[00:53:00][AsyncPlayerChatEvent]: said Y = 12 ?
[00:53:33][AsyncPlayerChatEvent]: said 12 ?
[00:53:44][AsyncPlayerChatEvent]: said ko
[00:53:46][AsyncPlayerChatEvent]: said ok
[00:54:01][AsyncPlayerChatEvent]: said stop u 11
[00:55:20][AsyncPlayerChatEvent]: said vc >
[00:55:23][AsyncPlayerChatEvent]: said vc ?
[00:55:57][AsyncPlayerChatEvent]: said duo
[00:56:00][AsyncPlayerChatEvent]: said ok ?
[00:56:45][AsyncPlayerChatEvent]: said why no route
[00:57:00][AsyncPlayerChatEvent]: said vc III
[00:57:35][AsyncPlayerChatEvent]: said dark
[00:57:39][AsyncPlayerChatEvent]: said vc III
[00:58:01][AsyncPlayerChatEvent]: said voice chat no.3
[00:58:14][AsyncPlayerChatEvent]: said discord ?
[00:58:22][AsyncPlayerChatEvent]: said ohh no problem
[00:59:56][AsyncPlayerChatEvent]: said no
[01:00:10][AsyncPlayerChatEvent]: said u gave me like 64
[01:00:48][AsyncPlayerChatEvent]: said thx
[01:02:03][AsyncPlayerChatEvent]: said -184 10 317
[01:02:36][AsyncPlayerChatEvent]: said wow
[01:02:43][AsyncPlayerChatEvent]: said fortune
[01:03:08][AsyncPlayerChatEvent]: said w ?
[01:03:12][AsyncPlayerChatEvent]: said oh
[01:03:13][AsyncPlayerChatEvent]: said k
[01:03:48][AsyncPlayerChatEvent]: said اكسره ببكاكسك
[01:05:16][AsyncPlayerChatEvent]: said تقدر تسويلي معاك اندر تشست ؟
[01:05:40][AsyncPlayerChatEvent]: said blaze rod only
[01:05:54][AsyncPlayerChatEvent]: said nice
[01:06:08][AsyncPlayerChatEvent]: said let me get enderpealrs
[01:09:10][AsyncPlayerChatEvent]: said im going to kill some endermen
[01:10:26][AsyncPlayerChatEvent]: said can i build a house for myself ?
[01:11:47][AsyncPlayerChatEvent]: said what
