[08:38:10][AsyncPlayerChatEvent]: said abood
[08:38:33][AsyncPlayerChatEvent]: said aboood
[08:44:42][AsyncPlayerChatEvent]: said i want food
[08:45:02][AsyncPlayerChatEvent]: said adooooooooooooooood
[08:45:55][AsyncPlayerChatEvent]: said no prob
[08:46:45][AsyncPlayerChatEvent]: said yelp
[08:47:31][AsyncPlayerChatEvent]: said can i get stuf f?
[08:48:00][AsyncPlayerChatEvent]: said i want stuff
[08:49:02][AsyncPlayerChatEvent]: said i want it
[08:49:06][AsyncPlayerChatEvent]: said ender chest
[08:49:39][AsyncPlayerChatEvent]: said what
[08:49:56][AsyncPlayerChatEvent]: said this ?
[08:50:16][AsyncPlayerChatEvent]: said i want the pearl \ blaze
[08:50:40][AsyncPlayerChatEvent]: said 1 ender pearl \ 1 blaze rod
[08:51:16][AsyncPlayerChatEvent]: said not food
[08:51:24][AsyncPlayerChatEvent]: said aby zy tha
[08:52:12][AsyncPlayerChatEvent]: said 1
[08:52:26][AsyncPlayerChatEvent]: said thx <3
[09:04:45][AsyncPlayerChatEvent]: said shbab
[09:05:04][AsyncPlayerChatEvent]: said a7d y8dr y8or pickaxe ?
[09:05:09][AsyncPlayerChatEvent]: said 78y
[09:05:14][AsyncPlayerChatEvent]: said 30 lvl
[09:06:00][AsyncPlayerChatEvent]: said wyn
[09:31:18][AsyncPlayerChatEvent]: said hi
[09:32:38][AsyncPlayerChatEvent]: said i can't go home bc i dont have 100$ lmap
[09:32:40][AsyncPlayerChatEvent]: said o
[09:33:25][AsyncPlayerChatEvent]: said where is abood home
[09:33:35][AsyncPlayerChatEvent]: said i don't have minimap
[09:35:14][AsyncPlayerChatEvent]: said how i do warp for my home
[09:35:58][AsyncPlayerChatEvent]: said how so
[09:35:59][AsyncPlayerChatEvent]: said oh
[09:36:03][AsyncPlayerChatEvent]: said no problem
[09:36:11][AsyncPlayerChatEvent]: said ill ifnd out suddnly
[09:37:29][AsyncPlayerChatEvent]: said where is main city
[09:37:34][AsyncPlayerChatEvent]: said my home is there
[09:38:56][AsyncPlayerChatEvent]: said can you give me 30 money so i can go back
[09:39:11][AsyncPlayerChatEvent]: said 30 money
[09:39:22][AsyncPlayerChatEvent]: said tradw
[09:39:37][AsyncPlayerChatEvent]: said press tab
[09:39:59][AsyncPlayerChatEvent]: said it will be in the money :
[09:40:31][AsyncPlayerChatEvent]: said no problem
[09:40:36][AsyncPlayerChatEvent]: said i have 81.40
[09:44:20][AsyncPlayerChatEvent]: said sorry
[09:44:49][AsyncPlayerChatEvent]: said thx
[09:46:05][AsyncPlayerChatEvent]: said lugwed
[09:46:18][AsyncPlayerChatEvent]: said wya
[09:46:33][AsyncPlayerChatEvent]: said where you at
[09:47:19][AsyncPlayerChatEvent]: said no
[09:50:20][AsyncPlayerChatEvent]: said lmao
[09:52:09][AsyncPlayerChatEvent]: said opps lol
[09:53:08][AsyncPlayerChatEvent]: said -150 10 161
[09:54:04][AsyncPlayerChatEvent]: said lugwud
[09:55:17][AsyncPlayerChatEvent]: said -148 59 159
[09:55:25][AsyncPlayerChatEvent]: said come to me i need help
[09:58:24][AsyncPlayerChatEvent]: said whay
[09:58:27][AsyncPlayerChatEvent]: said what
[10:00:52][AsyncPlayerChatEvent]: said yes
[10:00:57][AsyncPlayerChatEvent]: said im coming for you
[10:01:23][AsyncPlayerChatEvent]: said come with me
[10:01:25][AsyncPlayerChatEvent]: said fasttt
[10:01:51][AsyncPlayerChatEvent]: said ur stuff
[10:03:42][AsyncPlayerChatEvent]: said break the dirt to get water down
[10:06:57][AsyncPlayerChatEvent]: said t
[10:08:03][AsyncPlayerChatEvent]: said type /pwarp abood
[10:08:19][AsyncPlayerChatEvent]: said no no
[10:08:28][AsyncPlayerChatEvent]: said ./pwarp abody
